gmake[4]: Entering directory '/micro_ros_ws/firmware/mcu_ws/build/rcutils'
/usr/bin/cmake -S/micro_ros_ws/firmware/mcu_ws/uros/rcutils -B/micro_ros_ws/firmware/mcu_ws/build/rcutils --check-build-system CMakeFiles/Makefile.cmake 0
Re-run cmake file: Makefile older than: /micro_ros_ws/firmware/freertos_apps/microros_esp32_extensions/esp32_toolchain.cmake
-- Found ament_cmake_python: 1.3.14 (/micro_ros_ws/firmware/dev_ws/install/ament_cmake_python/share/ament_cmake_python/cmake)
-- Found ament_cmake_ros: 0.10.0 (/micro_ros_ws/firmware/dev_ws/install/ament_cmake_ros/share/ament_cmake_ros/cmake)
-- Configuring done
-- Generating done
-- Build files have been written to: /micro_ros_ws/firmware/mcu_ws/build/rcutils
/usr/bin/cmake -E cmake_progress_start /micro_ros_ws/firmware/mcu_ws/build/rcutils/CMakeFiles /micro_ros_ws/firmware/mcu_ws/build/rcutils//CMakeFiles/progress.marks
/usr/bin/gmake  -f CMakeFiles/Makefile2 all
gmake[5]: Entering directory '/micro_ros_ws/firmware/mcu_ws/build/rcutils'
/usr/bin/gmake  -f CMakeFiles/ament_cmake_python_copy_rcutils.dir/build.make CMakeFiles/ament_cmake_python_copy_rcutils.dir/depend
/usr/bin/gmake  -f CMakeFiles/rcutils.dir/build.make CMakeFiles/rcutils.dir/depend
gmake[6]: Entering directory '/micro_ros_ws/firmware/mcu_ws/build/rcutils'
cd /micro_ros_ws/firmware/mcu_ws/build/rcutils && /usr/bin/cmake -E cmake_depends "Unix Makefiles" /micro_ros_ws/firmware/mcu_ws/uros/rcutils /micro_ros_ws/firmware/mcu_ws/uros/rcutils /micro_ros_ws/firmware/mcu_ws/build/rcutils /micro_ros_ws/firmware/mcu_ws/build/rcutils /micro_ros_ws/firmware/mcu_ws/build/rcutils/CMakeFiles/ament_cmake_python_copy_rcutils.dir/DependInfo.cmake --color=
gmake[6]: Entering directory '/micro_ros_ws/firmware/mcu_ws/build/rcutils'
cd /micro_ros_ws/firmware/mcu_ws/build/rcutils && /usr/bin/cmake -E cmake_depends "Unix Makefiles" /micro_ros_ws/firmware/mcu_ws/uros/rcutils /micro_ros_ws/firmware/mcu_ws/uros/rcutils /micro_ros_ws/firmware/mcu_ws/build/rcutils /micro_ros_ws/firmware/mcu_ws/build/rcutils /micro_ros_ws/firmware/mcu_ws/build/rcutils/CMakeFiles/rcutils.dir/DependInfo.cmake --color=
gmake[6]: Leaving directory '/micro_ros_ws/firmware/mcu_ws/build/rcutils'
/usr/bin/gmake  -f CMakeFiles/ament_cmake_python_copy_rcutils.dir/build.make CMakeFiles/ament_cmake_python_copy_rcutils.dir/build
Dependencies file "CMakeFiles/rcutils.dir/src/allocator.c.obj.d" is newer than depends file "/micro_ros_ws/firmware/mcu_ws/build/rcutils/CMakeFiles/rcutils.dir/compiler_depend.internal".
Dependencies file "CMakeFiles/rcutils.dir/src/array_list.c.obj.d" is newer than depends file "/micro_ros_ws/firmware/mcu_ws/build/rcutils/CMakeFiles/rcutils.dir/compiler_depend.internal".
Dependencies file "CMakeFiles/rcutils.dir/src/atomic_64bits.c.obj.d" is newer than depends file "/micro_ros_ws/firmware/mcu_ws/build/rcutils/CMakeFiles/rcutils.dir/compiler_depend.internal".
Dependencies file "CMakeFiles/rcutils.dir/src/char_array.c.obj.d" is newer than depends file "/micro_ros_ws/firmware/mcu_ws/build/rcutils/CMakeFiles/rcutils.dir/compiler_depend.internal".
Dependencies file "CMakeFiles/rcutils.dir/src/cmdline_parser.c.obj.d" is newer than depends file "/micro_ros_ws/firmware/mcu_ws/build/rcutils/CMakeFiles/rcutils.dir/compiler_depend.internal".
Dependencies file "CMakeFiles/rcutils.dir/src/env.c.obj.d" is newer than depends file "/micro_ros_ws/firmware/mcu_ws/build/rcutils/CMakeFiles/rcutils.dir/compiler_depend.internal".
Dependencies file "CMakeFiles/rcutils.dir/src/error_handling.c.obj.d" is newer than depends file "/micro_ros_ws/firmware/mcu_ws/build/rcutils/CMakeFiles/rcutils.dir/compiler_depend.internal".
Dependencies file "CMakeFiles/rcutils.dir/src/filesystem.c.obj.d" is newer than depends file "/micro_ros_ws/firmware/mcu_ws/build/rcutils/CMakeFiles/rcutils.dir/compiler_depend.internal".
gmake[6]: Entering directory '/micro_ros_ws/firmware/mcu_ws/build/rcutils'
/usr/bin/cmake -E copy_directory /micro_ros_ws/firmware/mcu_ws/uros/rcutils/rcutils /micro_ros_ws/firmware/mcu_ws/build/rcutils/ament_cmake_python/rcutils/rcutils
Dependencies file "CMakeFiles/rcutils.dir/src/find.c.obj.d" is newer than depends file "/micro_ros_ws/firmware/mcu_ws/build/rcutils/CMakeFiles/rcutils.dir/compiler_depend.internal".
Dependencies file "CMakeFiles/rcutils.dir/src/format_string.c.obj.d" is newer than depends file "/micro_ros_ws/firmware/mcu_ws/build/rcutils/CMakeFiles/rcutils.dir/compiler_depend.internal".
Dependencies file "CMakeFiles/rcutils.dir/src/hash_map.c.obj.d" is newer than depends file "/micro_ros_ws/firmware/mcu_ws/build/rcutils/CMakeFiles/rcutils.dir/compiler_depend.internal".
Dependencies file "CMakeFiles/rcutils.dir/src/logging.c.obj.d" is newer than depends file "/micro_ros_ws/firmware/mcu_ws/build/rcutils/CMakeFiles/rcutils.dir/compiler_depend.internal".
Dependencies file "CMakeFiles/rcutils.dir/src/process.c.obj.d" is newer than depends file "/micro_ros_ws/firmware/mcu_ws/build/rcutils/CMakeFiles/rcutils.dir/compiler_depend.internal".
Dependencies file "CMakeFiles/rcutils.dir/src/qsort.c.obj.d" is newer than depends file "/micro_ros_ws/firmware/mcu_ws/build/rcutils/CMakeFiles/rcutils.dir/compiler_depend.internal".
Dependencies file "CMakeFiles/rcutils.dir/src/repl_str.c.obj.d" is newer than depends file "/micro_ros_ws/firmware/mcu_ws/build/rcutils/CMakeFiles/rcutils.dir/compiler_depend.internal".
Dependencies file "CMakeFiles/rcutils.dir/src/shared_library.c.obj.d" is newer than depends file "/micro_ros_ws/firmware/mcu_ws/build/rcutils/CMakeFiles/rcutils.dir/compiler_depend.internal".
Dependencies file "CMakeFiles/rcutils.dir/src/snprintf.c.obj.d" is newer than depends file "/micro_ros_ws/firmware/mcu_ws/build/rcutils/CMakeFiles/rcutils.dir/compiler_depend.internal".
Dependencies file "CMakeFiles/rcutils.dir/src/split.c.obj.d" is newer than depends file "/micro_ros_ws/firmware/mcu_ws/build/rcutils/CMakeFiles/rcutils.dir/compiler_depend.internal".
Dependencies file "CMakeFiles/rcutils.dir/src/strcasecmp.c.obj.d" is newer than depends file "/micro_ros_ws/firmware/mcu_ws/build/rcutils/CMakeFiles/rcutils.dir/compiler_depend.internal".
Dependencies file "CMakeFiles/rcutils.dir/src/strdup.c.obj.d" is newer than depends file "/micro_ros_ws/firmware/mcu_ws/build/rcutils/CMakeFiles/rcutils.dir/compiler_depend.internal".
Dependencies file "CMakeFiles/rcutils.dir/src/strerror.c.obj.d" is newer than depends file "/micro_ros_ws/firmware/mcu_ws/build/rcutils/CMakeFiles/rcutils.dir/compiler_depend.internal".
Dependencies file "CMakeFiles/rcutils.dir/src/string_array.c.obj.d" is newer than depends file "/micro_ros_ws/firmware/mcu_ws/build/rcutils/CMakeFiles/rcutils.dir/compiler_depend.internal".
Dependencies file "CMakeFiles/rcutils.dir/src/string_map.c.obj.d" is newer than depends file "/micro_ros_ws/firmware/mcu_ws/build/rcutils/CMakeFiles/rcutils.dir/compiler_depend.internal".
Dependencies file "CMakeFiles/rcutils.dir/src/testing/fault_injection.c.obj.d" is newer than depends file "/micro_ros_ws/firmware/mcu_ws/build/rcutils/CMakeFiles/rcutils.dir/compiler_depend.internal".
Dependencies file "CMakeFiles/rcutils.dir/src/time.c.obj.d" is newer than depends file "/micro_ros_ws/firmware/mcu_ws/build/rcutils/CMakeFiles/rcutils.dir/compiler_depend.internal".
Dependencies file "CMakeFiles/rcutils.dir/src/time_unix.c.obj.d" is newer than depends file "/micro_ros_ws/firmware/mcu_ws/build/rcutils/CMakeFiles/rcutils.dir/compiler_depend.internal".
Dependencies file "CMakeFiles/rcutils.dir/src/uint8_array.c.obj.d" is newer than depends file "/micro_ros_ws/firmware/mcu_ws/build/rcutils/CMakeFiles/rcutils.dir/compiler_depend.internal".
[35m[1mConsolidate compiler generated dependencies of target rcutils[0m
gmake[6]: Leaving directory '/micro_ros_ws/firmware/mcu_ws/build/rcutils'
[  0%] Built target ament_cmake_python_copy_rcutils
/usr/bin/gmake  -f CMakeFiles/ament_cmake_python_build_rcutils_egg.dir/build.make CMakeFiles/ament_cmake_python_build_rcutils_egg.dir/depend
gmake[6]: Entering directory '/micro_ros_ws/firmware/mcu_ws/build/rcutils'
cd /micro_ros_ws/firmware/mcu_ws/build/rcutils && /usr/bin/cmake -E cmake_depends "Unix Makefiles" /micro_ros_ws/firmware/mcu_ws/uros/rcutils /micro_ros_ws/firmware/mcu_ws/uros/rcutils /micro_ros_ws/firmware/mcu_ws/build/rcutils /micro_ros_ws/firmware/mcu_ws/build/rcutils /micro_ros_ws/firmware/mcu_ws/build/rcutils/CMakeFiles/ament_cmake_python_build_rcutils_egg.dir/DependInfo.cmake --color=
gmake[6]: Leaving directory '/micro_ros_ws/firmware/mcu_ws/build/rcutils'
/usr/bin/gmake  -f CMakeFiles/ament_cmake_python_build_rcutils_egg.dir/build.make CMakeFiles/ament_cmake_python_build_rcutils_egg.dir/build
gmake[6]: Entering directory '/micro_ros_ws/firmware/mcu_ws/build/rcutils'
cd /micro_ros_ws/firmware/mcu_ws/build/rcutils/ament_cmake_python/rcutils && /micro_ros_ws/firmware/toolchain/espressif/python_env/idf4.1_py3.10_env/bin/python3 setup.py egg_info
gmake[6]: Leaving directory '/micro_ros_ws/firmware/mcu_ws/build/rcutils'
/usr/bin/gmake  -f CMakeFiles/rcutils.dir/build.make CMakeFiles/rcutils.dir/build
gmake[6]: Entering directory '/micro_ros_ws/firmware/mcu_ws/build/rcutils'
gmake[6]: Nothing to be done for 'CMakeFiles/rcutils.dir/build'.
gmake[6]: Leaving directory '/micro_ros_ws/firmware/mcu_ws/build/rcutils'
[100%] Built target rcutils
running egg_info
writing rcutils.egg-info/PKG-INFO
writing dependency_links to rcutils.egg-info/dependency_links.txt
writing top-level names to rcutils.egg-info/top_level.txt
reading manifest file 'rcutils.egg-info/SOURCES.txt'
writing manifest file 'rcutils.egg-info/SOURCES.txt'
gmake[6]: Leaving directory '/micro_ros_ws/firmware/mcu_ws/build/rcutils'
[100%] Built target ament_cmake_python_build_rcutils_egg
gmake[5]: Leaving directory '/micro_ros_ws/firmware/mcu_ws/build/rcutils'
/usr/bin/cmake -E cmake_progress_start /micro_ros_ws/firmware/mcu_ws/build/rcutils/CMakeFiles 0
gmake[4]: Leaving directory '/micro_ros_ws/firmware/mcu_ws/build/rcutils'
-- Install configuration: "Debug"
-- Up-to-date: /micro_ros_ws/firmware/mcu_ws/install/share/rcutils/environment/pythonpath.sh
-- Installing: /micro_ros_ws/firmware/mcu_ws/install/share/rcutils/environment/pythonpath.dsv
-- Up-to-date: /micro_ros_ws/firmware/mcu_ws/install/lib/python3.10/site-packages/rcutils-5.1.7-py3.10.egg-info
-- Installing: /micro_ros_ws/firmware/mcu_ws/install/lib/python3.10/site-packages/rcutils-5.1.7-py3.10.egg-info/dependency_links.txt
-- Installing: /micro_ros_ws/firmware/mcu_ws/install/lib/python3.10/site-packages/rcutils-5.1.7-py3.10.egg-info/PKG-INFO
-- Installing: /micro_ros_ws/firmware/mcu_ws/install/lib/python3.10/site-packages/rcutils-5.1.7-py3.10.egg-info/SOURCES.txt
-- Installing: /micro_ros_ws/firmware/mcu_ws/install/lib/python3.10/site-packages/rcutils-5.1.7-py3.10.egg-info/top_level.txt
-- Up-to-date: /micro_ros_ws/firmware/mcu_ws/install/lib/python3.10/site-packages/rcutils
-- Up-to-date: /micro_ros_ws/firmware/mcu_ws/install/lib/python3.10/site-packages/rcutils/logging.py
-- Up-to-date: /micro_ros_ws/firmware/mcu_ws/install/lib/python3.10/site-packages/rcutils/__init__.py
Listing '/micro_ros_ws/firmware/mcu_ws/install/lib/python3.10/site-packages/rcutils'...
-- Up-to-date: /micro_ros_ws/firmware/mcu_ws/install/lib/librcutils.a
-- Up-to-date: /micro_ros_ws/firmware/mcu_ws/install/share/ament_index/resource_index/package_run_dependencies/rcutils
-- Up-to-date: /micro_ros_ws/firmware/mcu_ws/install/share/ament_index/resource_index/parent_prefix_path/rcutils
-- Up-to-date: /micro_ros_ws/firmware/mcu_ws/install/share/rcutils/environment/ament_prefix_path.sh
-- Installing: /micro_ros_ws/firmware/mcu_ws/install/share/rcutils/environment/ament_prefix_path.dsv
-- Up-to-date: /micro_ros_ws/firmware/mcu_ws/install/share/rcutils/environment/path.sh
-- Installing: /micro_ros_ws/firmware/mcu_ws/install/share/rcutils/environment/path.dsv
-- Up-to-date: /micro_ros_ws/firmware/mcu_ws/install/share/rcutils/local_setup.bash
-- Up-to-date: /micro_ros_ws/firmware/mcu_ws/install/share/rcutils/local_setup.sh
-- Up-to-date: /micro_ros_ws/firmware/mcu_ws/install/share/rcutils/local_setup.zsh
-- Installing: /micro_ros_ws/firmware/mcu_ws/install/share/rcutils/local_setup.dsv
-- Installing: /micro_ros_ws/firmware/mcu_ws/install/share/rcutils/package.dsv
-- Up-to-date: /micro_ros_ws/firmware/mcu_ws/install/share/ament_index/resource_index/packages/rcutils
-- Up-to-date: /micro_ros_ws/firmware/mcu_ws/install/share/rcutils/cmake/rcutilsExport.cmake
-- Up-to-date: /micro_ros_ws/firmware/mcu_ws/install/share/rcutils/cmake/rcutilsExport-debug.cmake
-- Up-to-date: /micro_ros_ws/firmware/mcu_ws/install/share/rcutils/cmake/ament_cmake_export_link_flags-extras.cmake
-- Up-to-date: /micro_ros_ws/firmware/mcu_ws/install/share/rcutils/cmake/ament_cmake_export_include_directories-extras.cmake
-- Up-to-date: /micro_ros_ws/firmware/mcu_ws/install/share/rcutils/cmake/ament_cmake_export_targets-extras.cmake
-- Up-to-date: /micro_ros_ws/firmware/mcu_ws/install/share/rcutils/cmake/ament_cmake_export_dependencies-extras.cmake
-- Up-to-date: /micro_ros_ws/firmware/mcu_ws/install/share/rcutils/cmake/rcutilsConfig.cmake
-- Up-to-date: /micro_ros_ws/firmware/mcu_ws/install/share/rcutils/cmake/rcutilsConfig-version.cmake
-- Up-to-date: /micro_ros_ws/firmware/mcu_ws/install/share/rcutils/package.xml
-- Up-to-date: /micro_ros_ws/firmware/mcu_ws/install/include/rcutils
-- Up-to-date: /micro_ros_ws/firmware/mcu_ws/install/include/rcutils/rcutils
-- Up-to-date: /micro_ros_ws/firmware/mcu_ws/install/include/rcutils/rcutils/allocator.h
-- Up-to-date: /micro_ros_ws/firmware/mcu_ws/install/include/rcutils/rcutils/cmdline_parser.h
-- Up-to-date: /micro_ros_ws/firmware/mcu_ws/install/include/rcutils/rcutils/configuration_flags.h.in
-- Up-to-date: /micro_ros_ws/firmware/mcu_ws/install/include/rcutils/rcutils/env.h
-- Up-to-date: /micro_ros_ws/firmware/mcu_ws/install/include/rcutils/rcutils/error_handling.h
-- Up-to-date: /micro_ros_ws/firmware/mcu_ws/install/include/rcutils/rcutils/filesystem.h
-- Up-to-date: /micro_ros_ws/firmware/mcu_ws/install/include/rcutils/rcutils/find.h
-- Up-to-date: /micro_ros_ws/firmware/mcu_ws/install/include/rcutils/rcutils/format_string.h
-- Up-to-date: /micro_ros_ws/firmware/mcu_ws/install/include/rcutils/rcutils/get_env.h
-- Up-to-date: /micro_ros_ws/firmware/mcu_ws/install/include/rcutils/rcutils/isalnum_no_locale.h
-- Up-to-date: /micro_ros_ws/firmware/mcu_ws/install/include/rcutils/rcutils/logging.h
-- Up-to-date: /micro_ros_ws/firmware/mcu_ws/install/include/rcutils/rcutils/macros.h
-- Up-to-date: /micro_ros_ws/firmware/mcu_ws/install/include/rcutils/rcutils/process.h
-- Up-to-date: /micro_ros_ws/firmware/mcu_ws/install/include/rcutils/rcutils/qsort.h
-- Up-to-date: /micro_ros_ws/firmware/mcu_ws/install/include/rcutils/rcutils/repl_str.h
-- Up-to-date: /micro_ros_ws/firmware/mcu_ws/install/include/rcutils/rcutils/security_directory.h
-- Up-to-date: /micro_ros_ws/firmware/mcu_ws/install/include/rcutils/rcutils/shared_library.h
-- Up-to-date: /micro_ros_ws/firmware/mcu_ws/install/include/rcutils/rcutils/snprintf.h
-- Up-to-date: /micro_ros_ws/firmware/mcu_ws/install/include/rcutils/rcutils/split.h
-- Up-to-date: /micro_ros_ws/firmware/mcu_ws/install/include/rcutils/rcutils/stdatomic_helper
-- Up-to-date: /micro_ros_ws/firmware/mcu_ws/install/include/rcutils/rcutils/stdatomic_helper/gcc
-- Up-to-date: /micro_ros_ws/firmware/mcu_ws/install/include/rcutils/rcutils/stdatomic_helper/gcc/stdatomic.h
-- Up-to-date: /micro_ros_ws/firmware/mcu_ws/install/include/rcutils/rcutils/stdatomic_helper/win32
-- Up-to-date: /micro_ros_ws/firmware/mcu_ws/install/include/rcutils/rcutils/stdatomic_helper/win32/stdatomic.h
-- Up-to-date: /micro_ros_ws/firmware/mcu_ws/install/include/rcutils/rcutils/stdatomic_helper.h
-- Up-to-date: /micro_ros_ws/firmware/mcu_ws/install/include/rcutils/rcutils/strcasecmp.h
-- Up-to-date: /micro_ros_ws/firmware/mcu_ws/install/include/rcutils/rcutils/strdup.h
-- Up-to-date: /micro_ros_ws/firmware/mcu_ws/install/include/rcutils/rcutils/strerror.h
-- Up-to-date: /micro_ros_ws/firmware/mcu_ws/install/include/rcutils/rcutils/testing
-- Up-to-date: /micro_ros_ws/firmware/mcu_ws/install/include/rcutils/rcutils/testing/fault_injection.h
-- Up-to-date: /micro_ros_ws/firmware/mcu_ws/install/include/rcutils/rcutils/time.h
-- Up-to-date: /micro_ros_ws/firmware/mcu_ws/install/include/rcutils/rcutils/types
-- Up-to-date: /micro_ros_ws/firmware/mcu_ws/install/include/rcutils/rcutils/types/array_list.h
-- Up-to-date: /micro_ros_ws/firmware/mcu_ws/install/include/rcutils/rcutils/types/char_array.h
-- Up-to-date: /micro_ros_ws/firmware/mcu_ws/install/include/rcutils/rcutils/types/hash_map.h
-- Up-to-date: /micro_ros_ws/firmware/mcu_ws/install/include/rcutils/rcutils/types/rcutils_ret.h
-- Up-to-date: /micro_ros_ws/firmware/mcu_ws/install/include/rcutils/rcutils/types/string_array.h
-- Up-to-date: /micro_ros_ws/firmware/mcu_ws/install/include/rcutils/rcutils/types/string_map.h
-- Up-to-date: /micro_ros_ws/firmware/mcu_ws/install/include/rcutils/rcutils/types/uint8_array.h
-- Up-to-date: /micro_ros_ws/firmware/mcu_ws/install/include/rcutils/rcutils/types.h
-- Up-to-date: /micro_ros_ws/firmware/mcu_ws/install/include/rcutils/rcutils/visibility_control.h
-- Up-to-date: /micro_ros_ws/firmware/mcu_ws/install/include/rcutils/rcutils/visibility_control_macros.h
-- Up-to-date: /micro_ros_ws/firmware/mcu_ws/install/include/rcutils
-- Up-to-date: /micro_ros_ws/firmware/mcu_ws/install/include/rcutils/rcutils
-- Up-to-date: /micro_ros_ws/firmware/mcu_ws/install/include/rcutils/rcutils/configuration_flags.h
-- Up-to-date: /micro_ros_ws/firmware/mcu_ws/install/include/rcutils/rcutils/logging_macros.h
