[1.850s] Invoking command in '/micro_ros_ws/firmware/mcu_ws/build/rcutils': CMAKE_PREFIX_PATH=${CMAKE_PREFIX_PATH}:/micro_ros_ws/firmware/dev_ws/install/ament_uncrustify:/micro_ros_ws/firmware/dev_ws/install/domain_coordinator:/micro_ros_ws/firmware/dev_ws/install/ament_xmllint:/micro_ros_ws/firmware/dev_ws/install/ament_pyflakes:/micro_ros_ws/firmware/dev_ws/install/ament_pycodestyle:/micro_ros_ws/firmware/dev_ws/install/ament_pep257:/micro_ros_ws/firmware/dev_ws/install/ament_pclint:/micro_ros_ws/firmware/dev_ws/install/ament_package:/micro_ros_ws/firmware/dev_ws/install/ament_mypy:/micro_ros_ws/firmware/dev_ws/install/ament_lint_cmake:/micro_ros_ws/firmware/dev_ws/install/ament_flake8:/micro_ros_ws/firmware/dev_ws/install/ament_copyright:/micro_ros_ws/firmware/dev_ws/install/ament_lint:/micro_ros_ws/firmware/dev_ws/install/ament_index_python:/micro_ros_ws/firmware/dev_ws/install/ament_cpplint:/micro_ros_ws/firmware/dev_ws/install/ament_cppcheck:/micro_ros_ws/firmware/dev_ws/install/ament_clang_tidy:/micro_ros_ws/firmware/dev_ws/install/ament_clang_format /usr/bin/cmake --build /micro_ros_ws/firmware/mcu_ws/build/rcutils -- -j12 -l12
[9.748s] gmake[4]: Entering directory '/micro_ros_ws/firmware/mcu_ws/build/rcutils'
[9.754s] /usr/bin/cmake -S/micro_ros_ws/firmware/mcu_ws/uros/rcutils -B/micro_ros_ws/firmware/mcu_ws/build/rcutils --check-build-system CMakeFiles/Makefile.cmake 0
[9.755s] Re-run cmake file: Makefile older than: /micro_ros_ws/firmware/freertos_apps/microros_esp32_extensions/esp32_toolchain.cmake
[9.758s] -- Found ament_cmake_python: 1.3.14 (/micro_ros_ws/firmware/dev_ws/install/ament_cmake_python/share/ament_cmake_python/cmake)
[9.760s] -- Found ament_cmake_ros: 0.10.0 (/micro_ros_ws/firmware/dev_ws/install/ament_cmake_ros/share/ament_cmake_ros/cmake)
[9.762s] -- Configuring done
[9.762s] -- Generating done
[9.763s] -- Build files have been written to: /micro_ros_ws/firmware/mcu_ws/build/rcutils
[9.764s] /usr/bin/cmake -E cmake_progress_start /micro_ros_ws/firmware/mcu_ws/build/rcutils/CMakeFiles /micro_ros_ws/firmware/mcu_ws/build/rcutils//CMakeFiles/progress.marks
[9.765s] /usr/bin/gmake  -f CMakeFiles/Makefile2 all
[9.766s] gmake[5]: Entering directory '/micro_ros_ws/firmware/mcu_ws/build/rcutils'
[9.767s] /usr/bin/gmake  -f CMakeFiles/ament_cmake_python_copy_rcutils.dir/build.make CMakeFiles/ament_cmake_python_copy_rcutils.dir/depend
[9.768s] /usr/bin/gmake  -f CMakeFiles/rcutils.dir/build.make CMakeFiles/rcutils.dir/depend
[9.768s] gmake[6]: Entering directory '/micro_ros_ws/firmware/mcu_ws/build/rcutils'
[9.769s] cd /micro_ros_ws/firmware/mcu_ws/build/rcutils && /usr/bin/cmake -E cmake_depends "Unix Makefiles" /micro_ros_ws/firmware/mcu_ws/uros/rcutils /micro_ros_ws/firmware/mcu_ws/uros/rcutils /micro_ros_ws/firmware/mcu_ws/build/rcutils /micro_ros_ws/firmware/mcu_ws/build/rcutils /micro_ros_ws/firmware/mcu_ws/build/rcutils/CMakeFiles/ament_cmake_python_copy_rcutils.dir/DependInfo.cmake --color=
[9.770s] gmake[6]: Entering directory '/micro_ros_ws/firmware/mcu_ws/build/rcutils'
[9.771s] cd /micro_ros_ws/firmware/mcu_ws/build/rcutils && /usr/bin/cmake -E cmake_depends "Unix Makefiles" /micro_ros_ws/firmware/mcu_ws/uros/rcutils /micro_ros_ws/firmware/mcu_ws/uros/rcutils /micro_ros_ws/firmware/mcu_ws/build/rcutils /micro_ros_ws/firmware/mcu_ws/build/rcutils /micro_ros_ws/firmware/mcu_ws/build/rcutils/CMakeFiles/rcutils.dir/DependInfo.cmake --color=
[9.771s] gmake[6]: Leaving directory '/micro_ros_ws/firmware/mcu_ws/build/rcutils'
[9.772s] /usr/bin/gmake  -f CMakeFiles/ament_cmake_python_copy_rcutils.dir/build.make CMakeFiles/ament_cmake_python_copy_rcutils.dir/build
[9.773s] Dependencies file "CMakeFiles/rcutils.dir/src/allocator.c.obj.d" is newer than depends file "/micro_ros_ws/firmware/mcu_ws/build/rcutils/CMakeFiles/rcutils.dir/compiler_depend.internal".
[9.773s] Dependencies file "CMakeFiles/rcutils.dir/src/array_list.c.obj.d" is newer than depends file "/micro_ros_ws/firmware/mcu_ws/build/rcutils/CMakeFiles/rcutils.dir/compiler_depend.internal".
[9.774s] Dependencies file "CMakeFiles/rcutils.dir/src/atomic_64bits.c.obj.d" is newer than depends file "/micro_ros_ws/firmware/mcu_ws/build/rcutils/CMakeFiles/rcutils.dir/compiler_depend.internal".
[9.775s] Dependencies file "CMakeFiles/rcutils.dir/src/char_array.c.obj.d" is newer than depends file "/micro_ros_ws/firmware/mcu_ws/build/rcutils/CMakeFiles/rcutils.dir/compiler_depend.internal".
[9.775s] Dependencies file "CMakeFiles/rcutils.dir/src/cmdline_parser.c.obj.d" is newer than depends file "/micro_ros_ws/firmware/mcu_ws/build/rcutils/CMakeFiles/rcutils.dir/compiler_depend.internal".
[9.776s] Dependencies file "CMakeFiles/rcutils.dir/src/env.c.obj.d" is newer than depends file "/micro_ros_ws/firmware/mcu_ws/build/rcutils/CMakeFiles/rcutils.dir/compiler_depend.internal".
[9.777s] Dependencies file "CMakeFiles/rcutils.dir/src/error_handling.c.obj.d" is newer than depends file "/micro_ros_ws/firmware/mcu_ws/build/rcutils/CMakeFiles/rcutils.dir/compiler_depend.internal".
[9.777s] Dependencies file "CMakeFiles/rcutils.dir/src/filesystem.c.obj.d" is newer than depends file "/micro_ros_ws/firmware/mcu_ws/build/rcutils/CMakeFiles/rcutils.dir/compiler_depend.internal".
[9.778s] gmake[6]: Entering directory '/micro_ros_ws/firmware/mcu_ws/build/rcutils'
[9.779s] /usr/bin/cmake -E copy_directory /micro_ros_ws/firmware/mcu_ws/uros/rcutils/rcutils /micro_ros_ws/firmware/mcu_ws/build/rcutils/ament_cmake_python/rcutils/rcutils
[9.780s] Dependencies file "CMakeFiles/rcutils.dir/src/find.c.obj.d" is newer than depends file "/micro_ros_ws/firmware/mcu_ws/build/rcutils/CMakeFiles/rcutils.dir/compiler_depend.internal".
[9.780s] Dependencies file "CMakeFiles/rcutils.dir/src/format_string.c.obj.d" is newer than depends file "/micro_ros_ws/firmware/mcu_ws/build/rcutils/CMakeFiles/rcutils.dir/compiler_depend.internal".
[9.781s] Dependencies file "CMakeFiles/rcutils.dir/src/hash_map.c.obj.d" is newer than depends file "/micro_ros_ws/firmware/mcu_ws/build/rcutils/CMakeFiles/rcutils.dir/compiler_depend.internal".
[9.782s] Dependencies file "CMakeFiles/rcutils.dir/src/logging.c.obj.d" is newer than depends file "/micro_ros_ws/firmware/mcu_ws/build/rcutils/CMakeFiles/rcutils.dir/compiler_depend.internal".
[9.782s] Dependencies file "CMakeFiles/rcutils.dir/src/process.c.obj.d" is newer than depends file "/micro_ros_ws/firmware/mcu_ws/build/rcutils/CMakeFiles/rcutils.dir/compiler_depend.internal".
[9.783s] Dependencies file "CMakeFiles/rcutils.dir/src/qsort.c.obj.d" is newer than depends file "/micro_ros_ws/firmware/mcu_ws/build/rcutils/CMakeFiles/rcutils.dir/compiler_depend.internal".
[9.784s] Dependencies file "CMakeFiles/rcutils.dir/src/repl_str.c.obj.d" is newer than depends file "/micro_ros_ws/firmware/mcu_ws/build/rcutils/CMakeFiles/rcutils.dir/compiler_depend.internal".
[9.784s] Dependencies file "CMakeFiles/rcutils.dir/src/shared_library.c.obj.d" is newer than depends file "/micro_ros_ws/firmware/mcu_ws/build/rcutils/CMakeFiles/rcutils.dir/compiler_depend.internal".
[9.785s] Dependencies file "CMakeFiles/rcutils.dir/src/snprintf.c.obj.d" is newer than depends file "/micro_ros_ws/firmware/mcu_ws/build/rcutils/CMakeFiles/rcutils.dir/compiler_depend.internal".
[9.786s] Dependencies file "CMakeFiles/rcutils.dir/src/split.c.obj.d" is newer than depends file "/micro_ros_ws/firmware/mcu_ws/build/rcutils/CMakeFiles/rcutils.dir/compiler_depend.internal".
[9.787s] Dependencies file "CMakeFiles/rcutils.dir/src/strcasecmp.c.obj.d" is newer than depends file "/micro_ros_ws/firmware/mcu_ws/build/rcutils/CMakeFiles/rcutils.dir/compiler_depend.internal".
[9.787s] Dependencies file "CMakeFiles/rcutils.dir/src/strdup.c.obj.d" is newer than depends file "/micro_ros_ws/firmware/mcu_ws/build/rcutils/CMakeFiles/rcutils.dir/compiler_depend.internal".
[9.788s] Dependencies file "CMakeFiles/rcutils.dir/src/strerror.c.obj.d" is newer than depends file "/micro_ros_ws/firmware/mcu_ws/build/rcutils/CMakeFiles/rcutils.dir/compiler_depend.internal".
[9.789s] Dependencies file "CMakeFiles/rcutils.dir/src/string_array.c.obj.d" is newer than depends file "/micro_ros_ws/firmware/mcu_ws/build/rcutils/CMakeFiles/rcutils.dir/compiler_depend.internal".
[9.789s] Dependencies file "CMakeFiles/rcutils.dir/src/string_map.c.obj.d" is newer than depends file "/micro_ros_ws/firmware/mcu_ws/build/rcutils/CMakeFiles/rcutils.dir/compiler_depend.internal".
[9.790s] Dependencies file "CMakeFiles/rcutils.dir/src/testing/fault_injection.c.obj.d" is newer than depends file "/micro_ros_ws/firmware/mcu_ws/build/rcutils/CMakeFiles/rcutils.dir/compiler_depend.internal".
[9.791s] Dependencies file "CMakeFiles/rcutils.dir/src/time.c.obj.d" is newer than depends file "/micro_ros_ws/firmware/mcu_ws/build/rcutils/CMakeFiles/rcutils.dir/compiler_depend.internal".
[9.791s] Dependencies file "CMakeFiles/rcutils.dir/src/time_unix.c.obj.d" is newer than depends file "/micro_ros_ws/firmware/mcu_ws/build/rcutils/CMakeFiles/rcutils.dir/compiler_depend.internal".
[9.792s] Dependencies file "CMakeFiles/rcutils.dir/src/uint8_array.c.obj.d" is newer than depends file "/micro_ros_ws/firmware/mcu_ws/build/rcutils/CMakeFiles/rcutils.dir/compiler_depend.internal".
[9.793s] [35m[1mConsolidate compiler generated dependencies of target rcutils[0m
[9.793s] gmake[6]: Leaving directory '/micro_ros_ws/firmware/mcu_ws/build/rcutils'
[9.794s] [  0%] Built target ament_cmake_python_copy_rcutils
[9.795s] /usr/bin/gmake  -f CMakeFiles/ament_cmake_python_build_rcutils_egg.dir/build.make CMakeFiles/ament_cmake_python_build_rcutils_egg.dir/depend
[9.795s] gmake[6]: Entering directory '/micro_ros_ws/firmware/mcu_ws/build/rcutils'
[9.796s] cd /micro_ros_ws/firmware/mcu_ws/build/rcutils && /usr/bin/cmake -E cmake_depends "Unix Makefiles" /micro_ros_ws/firmware/mcu_ws/uros/rcutils /micro_ros_ws/firmware/mcu_ws/uros/rcutils /micro_ros_ws/firmware/mcu_ws/build/rcutils /micro_ros_ws/firmware/mcu_ws/build/rcutils /micro_ros_ws/firmware/mcu_ws/build/rcutils/CMakeFiles/ament_cmake_python_build_rcutils_egg.dir/DependInfo.cmake --color=
[9.797s] gmake[6]: Leaving directory '/micro_ros_ws/firmware/mcu_ws/build/rcutils'
[9.797s] /usr/bin/gmake  -f CMakeFiles/ament_cmake_python_build_rcutils_egg.dir/build.make CMakeFiles/ament_cmake_python_build_rcutils_egg.dir/build
[9.798s] gmake[6]: Entering directory '/micro_ros_ws/firmware/mcu_ws/build/rcutils'
[9.799s] cd /micro_ros_ws/firmware/mcu_ws/build/rcutils/ament_cmake_python/rcutils && /micro_ros_ws/firmware/toolchain/espressif/python_env/idf4.1_py3.10_env/bin/python3 setup.py egg_info
[9.800s] gmake[6]: Leaving directory '/micro_ros_ws/firmware/mcu_ws/build/rcutils'
[9.800s] /usr/bin/gmake  -f CMakeFiles/rcutils.dir/build.make CMakeFiles/rcutils.dir/build
[9.802s] gmake[6]: Entering directory '/micro_ros_ws/firmware/mcu_ws/build/rcutils'
[9.803s] gmake[6]: Nothing to be done for 'CMakeFiles/rcutils.dir/build'.
[9.804s] gmake[6]: Leaving directory '/micro_ros_ws/firmware/mcu_ws/build/rcutils'
[9.804s] [100%] Built target rcutils
[10.714s] running egg_info
[10.898s] writing rcutils.egg-info/PKG-INFO
[10.906s] writing dependency_links to rcutils.egg-info/dependency_links.txt
[10.908s] writing top-level names to rcutils.egg-info/top_level.txt
[11.407s] reading manifest file 'rcutils.egg-info/SOURCES.txt'
[11.416s] writing manifest file 'rcutils.egg-info/SOURCES.txt'
[11.439s] gmake[6]: Leaving directory '/micro_ros_ws/firmware/mcu_ws/build/rcutils'
[11.494s] [100%] Built target ament_cmake_python_build_rcutils_egg
[11.495s] gmake[5]: Leaving directory '/micro_ros_ws/firmware/mcu_ws/build/rcutils'
[11.496s] /usr/bin/cmake -E cmake_progress_start /micro_ros_ws/firmware/mcu_ws/build/rcutils/CMakeFiles 0
[11.575s] gmake[4]: Leaving directory '/micro_ros_ws/firmware/mcu_ws/build/rcutils'
[11.893s] Invoked command in '/micro_ros_ws/firmware/mcu_ws/build/rcutils' returned '0': CMAKE_PREFIX_PATH=${CMAKE_PREFIX_PATH}:/micro_ros_ws/firmware/dev_ws/install/ament_uncrustify:/micro_ros_ws/firmware/dev_ws/install/domain_coordinator:/micro_ros_ws/firmware/dev_ws/install/ament_xmllint:/micro_ros_ws/firmware/dev_ws/install/ament_pyflakes:/micro_ros_ws/firmware/dev_ws/install/ament_pycodestyle:/micro_ros_ws/firmware/dev_ws/install/ament_pep257:/micro_ros_ws/firmware/dev_ws/install/ament_pclint:/micro_ros_ws/firmware/dev_ws/install/ament_package:/micro_ros_ws/firmware/dev_ws/install/ament_mypy:/micro_ros_ws/firmware/dev_ws/install/ament_lint_cmake:/micro_ros_ws/firmware/dev_ws/install/ament_flake8:/micro_ros_ws/firmware/dev_ws/install/ament_copyright:/micro_ros_ws/firmware/dev_ws/install/ament_lint:/micro_ros_ws/firmware/dev_ws/install/ament_index_python:/micro_ros_ws/firmware/dev_ws/install/ament_cpplint:/micro_ros_ws/firmware/dev_ws/install/ament_cppcheck:/micro_ros_ws/firmware/dev_ws/install/ament_clang_tidy:/micro_ros_ws/firmware/dev_ws/install/ament_clang_format /usr/bin/cmake --build /micro_ros_ws/firmware/mcu_ws/build/rcutils -- -j12 -l12
[11.899s] Invoking command in '/micro_ros_ws/firmware/mcu_ws/build/rcutils': CMAKE_PREFIX_PATH=${CMAKE_PREFIX_PATH}:/micro_ros_ws/firmware/dev_ws/install/ament_uncrustify:/micro_ros_ws/firmware/dev_ws/install/domain_coordinator:/micro_ros_ws/firmware/dev_ws/install/ament_xmllint:/micro_ros_ws/firmware/dev_ws/install/ament_pyflakes:/micro_ros_ws/firmware/dev_ws/install/ament_pycodestyle:/micro_ros_ws/firmware/dev_ws/install/ament_pep257:/micro_ros_ws/firmware/dev_ws/install/ament_pclint:/micro_ros_ws/firmware/dev_ws/install/ament_package:/micro_ros_ws/firmware/dev_ws/install/ament_mypy:/micro_ros_ws/firmware/dev_ws/install/ament_lint_cmake:/micro_ros_ws/firmware/dev_ws/install/ament_flake8:/micro_ros_ws/firmware/dev_ws/install/ament_copyright:/micro_ros_ws/firmware/dev_ws/install/ament_lint:/micro_ros_ws/firmware/dev_ws/install/ament_index_python:/micro_ros_ws/firmware/dev_ws/install/ament_cpplint:/micro_ros_ws/firmware/dev_ws/install/ament_cppcheck:/micro_ros_ws/firmware/dev_ws/install/ament_clang_tidy:/micro_ros_ws/firmware/dev_ws/install/ament_clang_format /usr/bin/cmake --install /micro_ros_ws/firmware/mcu_ws/build/rcutils
[11.940s] -- Install configuration: "Debug"
[11.946s] -- Up-to-date: /micro_ros_ws/firmware/mcu_ws/install/share/rcutils/environment/pythonpath.sh
[11.953s] -- Installing: /micro_ros_ws/firmware/mcu_ws/install/share/rcutils/environment/pythonpath.dsv
[11.974s] -- Up-to-date: /micro_ros_ws/firmware/mcu_ws/install/lib/python3.10/site-packages/rcutils-5.1.7-py3.10.egg-info
[11.983s] -- Installing: /micro_ros_ws/firmware/mcu_ws/install/lib/python3.10/site-packages/rcutils-5.1.7-py3.10.egg-info/dependency_links.txt
[12.002s] -- Installing: /micro_ros_ws/firmware/mcu_ws/install/lib/python3.10/site-packages/rcutils-5.1.7-py3.10.egg-info/PKG-INFO
[12.023s] -- Installing: /micro_ros_ws/firmware/mcu_ws/install/lib/python3.10/site-packages/rcutils-5.1.7-py3.10.egg-info/SOURCES.txt
[12.042s] -- Installing: /micro_ros_ws/firmware/mcu_ws/install/lib/python3.10/site-packages/rcutils-5.1.7-py3.10.egg-info/top_level.txt
[12.069s] -- Up-to-date: /micro_ros_ws/firmware/mcu_ws/install/lib/python3.10/site-packages/rcutils
[12.077s] -- Up-to-date: /micro_ros_ws/firmware/mcu_ws/install/lib/python3.10/site-packages/rcutils/logging.py
[12.084s] -- Up-to-date: /micro_ros_ws/firmware/mcu_ws/install/lib/python3.10/site-packages/rcutils/__init__.py
[12.839s] Listing '/micro_ros_ws/firmware/mcu_ws/install/lib/python3.10/site-packages/rcutils'...
[12.845s] -- Up-to-date: /micro_ros_ws/firmware/mcu_ws/install/lib/librcutils.a
[12.851s] -- Up-to-date: /micro_ros_ws/firmware/mcu_ws/install/share/ament_index/resource_index/package_run_dependencies/rcutils
[12.856s] -- Up-to-date: /micro_ros_ws/firmware/mcu_ws/install/share/ament_index/resource_index/parent_prefix_path/rcutils
[12.863s] -- Up-to-date: /micro_ros_ws/firmware/mcu_ws/install/share/rcutils/environment/ament_prefix_path.sh
[12.874s] -- Installing: /micro_ros_ws/firmware/mcu_ws/install/share/rcutils/environment/ament_prefix_path.dsv
[12.889s] -- Up-to-date: /micro_ros_ws/firmware/mcu_ws/install/share/rcutils/environment/path.sh
[12.893s] -- Installing: /micro_ros_ws/firmware/mcu_ws/install/share/rcutils/environment/path.dsv
[12.904s] -- Up-to-date: /micro_ros_ws/firmware/mcu_ws/install/share/rcutils/local_setup.bash
[12.907s] -- Up-to-date: /micro_ros_ws/firmware/mcu_ws/install/share/rcutils/local_setup.sh
[12.910s] -- Up-to-date: /micro_ros_ws/firmware/mcu_ws/install/share/rcutils/local_setup.zsh
[12.913s] -- Installing: /micro_ros_ws/firmware/mcu_ws/install/share/rcutils/local_setup.dsv
[12.925s] -- Installing: /micro_ros_ws/firmware/mcu_ws/install/share/rcutils/package.dsv
[12.942s] -- Up-to-date: /micro_ros_ws/firmware/mcu_ws/install/share/ament_index/resource_index/packages/rcutils
[12.951s] -- Up-to-date: /micro_ros_ws/firmware/mcu_ws/install/share/rcutils/cmake/rcutilsExport.cmake
[12.957s] -- Up-to-date: /micro_ros_ws/firmware/mcu_ws/install/share/rcutils/cmake/rcutilsExport-debug.cmake
[12.963s] -- Up-to-date: /micro_ros_ws/firmware/mcu_ws/install/share/rcutils/cmake/ament_cmake_export_link_flags-extras.cmake
[12.970s] -- Up-to-date: /micro_ros_ws/firmware/mcu_ws/install/share/rcutils/cmake/ament_cmake_export_include_directories-extras.cmake
[12.975s] -- Up-to-date: /micro_ros_ws/firmware/mcu_ws/install/share/rcutils/cmake/ament_cmake_export_targets-extras.cmake
[12.978s] -- Up-to-date: /micro_ros_ws/firmware/mcu_ws/install/share/rcutils/cmake/ament_cmake_export_dependencies-extras.cmake
[12.982s] -- Up-to-date: /micro_ros_ws/firmware/mcu_ws/install/share/rcutils/cmake/rcutilsConfig.cmake
[12.985s] -- Up-to-date: /micro_ros_ws/firmware/mcu_ws/install/share/rcutils/cmake/rcutilsConfig-version.cmake
[12.987s] -- Up-to-date: /micro_ros_ws/firmware/mcu_ws/install/share/rcutils/package.xml
[12.988s] -- Up-to-date: /micro_ros_ws/firmware/mcu_ws/install/include/rcutils
[12.991s] -- Up-to-date: /micro_ros_ws/firmware/mcu_ws/install/include/rcutils/rcutils
[12.994s] -- Up-to-date: /micro_ros_ws/firmware/mcu_ws/install/include/rcutils/rcutils/allocator.h
[12.997s] -- Up-to-date: /micro_ros_ws/firmware/mcu_ws/install/include/rcutils/rcutils/cmdline_parser.h
[13.000s] -- Up-to-date: /micro_ros_ws/firmware/mcu_ws/install/include/rcutils/rcutils/configuration_flags.h.in
[13.003s] -- Up-to-date: /micro_ros_ws/firmware/mcu_ws/install/include/rcutils/rcutils/env.h
[13.006s] -- Up-to-date: /micro_ros_ws/firmware/mcu_ws/install/include/rcutils/rcutils/error_handling.h
[13.009s] -- Up-to-date: /micro_ros_ws/firmware/mcu_ws/install/include/rcutils/rcutils/filesystem.h
[13.012s] -- Up-to-date: /micro_ros_ws/firmware/mcu_ws/install/include/rcutils/rcutils/find.h
[13.015s] -- Up-to-date: /micro_ros_ws/firmware/mcu_ws/install/include/rcutils/rcutils/format_string.h
[13.018s] -- Up-to-date: /micro_ros_ws/firmware/mcu_ws/install/include/rcutils/rcutils/get_env.h
[13.021s] -- Up-to-date: /micro_ros_ws/firmware/mcu_ws/install/include/rcutils/rcutils/isalnum_no_locale.h
[13.024s] -- Up-to-date: /micro_ros_ws/firmware/mcu_ws/install/include/rcutils/rcutils/logging.h
[13.026s] -- Up-to-date: /micro_ros_ws/firmware/mcu_ws/install/include/rcutils/rcutils/macros.h
[13.030s] -- Up-to-date: /micro_ros_ws/firmware/mcu_ws/install/include/rcutils/rcutils/process.h
[13.032s] -- Up-to-date: /micro_ros_ws/firmware/mcu_ws/install/include/rcutils/rcutils/qsort.h
[13.035s] -- Up-to-date: /micro_ros_ws/firmware/mcu_ws/install/include/rcutils/rcutils/repl_str.h
[13.038s] -- Up-to-date: /micro_ros_ws/firmware/mcu_ws/install/include/rcutils/rcutils/security_directory.h
[13.041s] -- Up-to-date: /micro_ros_ws/firmware/mcu_ws/install/include/rcutils/rcutils/shared_library.h
[13.044s] -- Up-to-date: /micro_ros_ws/firmware/mcu_ws/install/include/rcutils/rcutils/snprintf.h
[13.046s] -- Up-to-date: /micro_ros_ws/firmware/mcu_ws/install/include/rcutils/rcutils/split.h
[13.048s] -- Up-to-date: /micro_ros_ws/firmware/mcu_ws/install/include/rcutils/rcutils/stdatomic_helper
[13.053s] -- Up-to-date: /micro_ros_ws/firmware/mcu_ws/install/include/rcutils/rcutils/stdatomic_helper/gcc
[13.064s] -- Up-to-date: /micro_ros_ws/firmware/mcu_ws/install/include/rcutils/rcutils/stdatomic_helper/gcc/stdatomic.h
[13.069s] -- Up-to-date: /micro_ros_ws/firmware/mcu_ws/install/include/rcutils/rcutils/stdatomic_helper/win32
[13.077s] -- Up-to-date: /micro_ros_ws/firmware/mcu_ws/install/include/rcutils/rcutils/stdatomic_helper/win32/stdatomic.h
[13.080s] -- Up-to-date: /micro_ros_ws/firmware/mcu_ws/install/include/rcutils/rcutils/stdatomic_helper.h
[13.083s] -- Up-to-date: /micro_ros_ws/firmware/mcu_ws/install/include/rcutils/rcutils/strcasecmp.h
[13.088s] -- Up-to-date: /micro_ros_ws/firmware/mcu_ws/install/include/rcutils/rcutils/strdup.h
[13.093s] -- Up-to-date: /micro_ros_ws/firmware/mcu_ws/install/include/rcutils/rcutils/strerror.h
[13.096s] -- Up-to-date: /micro_ros_ws/firmware/mcu_ws/install/include/rcutils/rcutils/testing
[13.100s] -- Up-to-date: /micro_ros_ws/firmware/mcu_ws/install/include/rcutils/rcutils/testing/fault_injection.h
[13.103s] -- Up-to-date: /micro_ros_ws/firmware/mcu_ws/install/include/rcutils/rcutils/time.h
[13.106s] -- Up-to-date: /micro_ros_ws/firmware/mcu_ws/install/include/rcutils/rcutils/types
[13.110s] -- Up-to-date: /micro_ros_ws/firmware/mcu_ws/install/include/rcutils/rcutils/types/array_list.h
[13.114s] -- Up-to-date: /micro_ros_ws/firmware/mcu_ws/install/include/rcutils/rcutils/types/char_array.h
[13.117s] -- Up-to-date: /micro_ros_ws/firmware/mcu_ws/install/include/rcutils/rcutils/types/hash_map.h
[13.120s] -- Up-to-date: /micro_ros_ws/firmware/mcu_ws/install/include/rcutils/rcutils/types/rcutils_ret.h
[13.124s] -- Up-to-date: /micro_ros_ws/firmware/mcu_ws/install/include/rcutils/rcutils/types/string_array.h
[13.127s] -- Up-to-date: /micro_ros_ws/firmware/mcu_ws/install/include/rcutils/rcutils/types/string_map.h
[13.131s] -- Up-to-date: /micro_ros_ws/firmware/mcu_ws/install/include/rcutils/rcutils/types/uint8_array.h
[13.133s] -- Up-to-date: /micro_ros_ws/firmware/mcu_ws/install/include/rcutils/rcutils/types.h
[13.136s] -- Up-to-date: /micro_ros_ws/firmware/mcu_ws/install/include/rcutils/rcutils/visibility_control.h
[13.139s] -- Up-to-date: /micro_ros_ws/firmware/mcu_ws/install/include/rcutils/rcutils/visibility_control_macros.h
[13.141s] -- Up-to-date: /micro_ros_ws/firmware/mcu_ws/install/include/rcutils
[13.144s] -- Up-to-date: /micro_ros_ws/firmware/mcu_ws/install/include/rcutils/rcutils
[13.150s] -- Up-to-date: /micro_ros_ws/firmware/mcu_ws/install/include/rcutils/rcutils/configuration_flags.h
[13.162s] -- Up-to-date: /micro_ros_ws/firmware/mcu_ws/install/include/rcutils/rcutils/logging_macros.h
[13.163s] Invoked command in '/micro_ros_ws/firmware/mcu_ws/build/rcutils' returned '0': CMAKE_PREFIX_PATH=${CMAKE_PREFIX_PATH}:/micro_ros_ws/firmware/dev_ws/install/ament_uncrustify:/micro_ros_ws/firmware/dev_ws/install/domain_coordinator:/micro_ros_ws/firmware/dev_ws/install/ament_xmllint:/micro_ros_ws/firmware/dev_ws/install/ament_pyflakes:/micro_ros_ws/firmware/dev_ws/install/ament_pycodestyle:/micro_ros_ws/firmware/dev_ws/install/ament_pep257:/micro_ros_ws/firmware/dev_ws/install/ament_pclint:/micro_ros_ws/firmware/dev_ws/install/ament_package:/micro_ros_ws/firmware/dev_ws/install/ament_mypy:/micro_ros_ws/firmware/dev_ws/install/ament_lint_cmake:/micro_ros_ws/firmware/dev_ws/install/ament_flake8:/micro_ros_ws/firmware/dev_ws/install/ament_copyright:/micro_ros_ws/firmware/dev_ws/install/ament_lint:/micro_ros_ws/firmware/dev_ws/install/ament_index_python:/micro_ros_ws/firmware/dev_ws/install/ament_cpplint:/micro_ros_ws/firmware/dev_ws/install/ament_cppcheck:/micro_ros_ws/firmware/dev_ws/install/ament_clang_tidy:/micro_ros_ws/firmware/dev_ws/install/ament_clang_format /usr/bin/cmake --install /micro_ros_ws/firmware/mcu_ws/build/rcutils
