[0.172s] Invoking command in '/micro_ros_ws/firmware/mcu_ws/build/rosidl_typesupport_introspection_c': AMENT_PREFIX_PATH=/micro_ros_ws/firmware/mcu_ws/install:${AMENT_PREFIX_PATH} CMAKE_PREFIX_PATH=/micro_ros_ws/firmware/mcu_ws/install:/micro_ros_ws/firmware/dev_ws/install/ament_lint_common:/micro_ros_ws/firmware/dev_ws/install/ament_cmake_uncrustify:/micro_ros_ws/firmware/dev_ws/install/uncrustify_vendor:/micro_ros_ws/firmware/dev_ws/install/ament_cmake_ros:/micro_ros_ws/firmware/dev_ws/install/ament_cmake_auto:/micro_ros_ws/firmware/dev_ws/install/ament_cmake_gmock:/micro_ros_ws/firmware/dev_ws/install/gmock_vendor:/micro_ros_ws/firmware/dev_ws/install/ament_cmake_gtest:/micro_ros_ws/firmware/dev_ws/install/gtest_vendor:/micro_ros_ws/firmware/dev_ws/install/ament_cmake_xmllint:/micro_ros_ws/firmware/dev_ws/install/ament_cmake_pyflakes:/micro_ros_ws/firmware/dev_ws/install/ament_cmake_pycodestyle:/micro_ros_ws/firmware/dev_ws/install/ament_cmake_pep257:/micro_ros_ws/firmware/dev_ws/install/ament_cmake_pclint:/micro_ros_ws/firmware/dev_ws/install/ament_lint_auto:/micro_ros_ws/firmware/dev_ws/install/ament_cmake:/micro_ros_ws/firmware/dev_ws/install/ament_cmake_version:/micro_ros_ws/firmware/dev_ws/install/ament_cmake_vendor_package:/micro_ros_ws/firmware/dev_ws/install/ament_cmake_pytest:/micro_ros_ws/firmware/dev_ws/install/ament_cmake_nose:/micro_ros_ws/firmware/dev_ws/install/ament_cmake_mypy:/micro_ros_ws/firmware/dev_ws/install/ament_cmake_lint_cmake:/micro_ros_ws/firmware/dev_ws/install/ament_cmake_google_benchmark:/micro_ros_ws/firmware/dev_ws/install/ament_cmake_flake8:/micro_ros_ws/firmware/dev_ws/install/ament_cmake_cpplint:/micro_ros_ws/firmware/dev_ws/install/ament_cmake_cppcheck:/micro_ros_ws/firmware/dev_ws/install/ament_cmake_copyright:/micro_ros_ws/firmware/dev_ws/install/ament_cmake_clang_tidy:/micro_ros_ws/firmware/dev_ws/install/ament_cmake_clang_format:/micro_ros_ws/firmware/dev_ws/install/ament_cmake_test:/micro_ros_ws/firmware/dev_ws/install/ament_cmake_target_dependencies:/micro_ros_ws/firmware/dev_ws/install/ament_cmake_python:/micro_ros_ws/firmware/dev_ws/install/ament_cmake_export_dependencies:/micro_ros_ws/firmware/dev_ws/install/ament_cmake_libraries:/micro_ros_ws/firmware/dev_ws/install/ament_cmake_include_directories:/micro_ros_ws/firmware/dev_ws/install/ament_cmake_gen_version_h:/micro_ros_ws/firmware/dev_ws/install/ament_cmake_export_targets:/micro_ros_ws/firmware/dev_ws/install/ament_cmake_export_link_flags:/micro_ros_ws/firmware/dev_ws/install/ament_cmake_export_interfaces:/micro_ros_ws/firmware/dev_ws/install/ament_cmake_export_libraries:/micro_ros_ws/firmware/dev_ws/install/ament_cmake_export_include_directories:/micro_ros_ws/firmware/dev_ws/install/ament_cmake_export_definitions:/micro_ros_ws/firmware/dev_ws/install/ament_cmake_core:/micro_ros_ws/firmware/dev_ws/install/ament_index_cpp:/micro_ros_ws/firmware/dev_ws/install/ament_uncrustify:/micro_ros_ws/firmware/dev_ws/install/domain_coordinator:/micro_ros_ws/firmware/dev_ws/install/ament_xmllint:/micro_ros_ws/firmware/dev_ws/install/ament_pyflakes:/micro_ros_ws/firmware/dev_ws/install/ament_pycodestyle:/micro_ros_ws/firmware/dev_ws/install/ament_pep257:/micro_ros_ws/firmware/dev_ws/install/ament_pclint:/micro_ros_ws/firmware/dev_ws/install/ament_package:/micro_ros_ws/firmware/dev_ws/install/ament_mypy:/micro_ros_ws/firmware/dev_ws/install/ament_lint_cmake:/micro_ros_ws/firmware/dev_ws/install/ament_flake8:/micro_ros_ws/firmware/dev_ws/install/ament_copyright:/micro_ros_ws/firmware/dev_ws/install/ament_lint:/micro_ros_ws/firmware/dev_ws/install/ament_index_python:/micro_ros_ws/firmware/dev_ws/install/ament_cpplint:/micro_ros_ws/firmware/dev_ws/install/ament_cppcheck:/micro_ros_ws/firmware/dev_ws/install/ament_clang_tidy:/micro_ros_ws/firmware/dev_ws/install/ament_clang_format LD_LIBRARY_PATH=/micro_ros_ws/firmware/mcu_ws/install/lib:${LD_LIBRARY_PATH} PATH=/micro_ros_ws/firmware/mcu_ws/install/bin:${PATH} PYTHONPATH=/micro_ros_ws/firmware/mcu_ws/install/lib/python3.10/site-packages:${PYTHONPATH} /usr/bin/cmake --build /micro_ros_ws/firmware/mcu_ws/build/rosidl_typesupport_introspection_c -- -j12 -l12
[0.201s] gmake[4]: Entering directory '/micro_ros_ws/firmware/mcu_ws/build/rosidl_typesupport_introspection_c'
[0.201s] /usr/bin/cmake -S/micro_ros_ws/firmware/mcu_ws/ros2/rosidl/rosidl_typesupport_introspection_c -B/micro_ros_ws/firmware/mcu_ws/build/rosidl_typesupport_introspection_c --check-build-system CMakeFiles/Makefile.cmake 0
[0.244s] Re-run cmake file: Makefile older than: /micro_ros_ws/firmware/freertos_apps/microros_esp32_extensions/esp32_toolchain.cmake
[0.251s] -- Found ament_cmake_python: 1.3.14 (/micro_ros_ws/firmware/dev_ws/install/ament_cmake_python/share/ament_cmake_python/cmake)
[0.255s] -- Found ament_cmake_ros: 0.10.0 (/micro_ros_ws/firmware/dev_ws/install/ament_cmake_ros/share/ament_cmake_ros/cmake)
[1.162s] -- Configuring done
[1.266s] -- Generating done
[1.287s] -- Build files have been written to: /micro_ros_ws/firmware/mcu_ws/build/rosidl_typesupport_introspection_c
[1.289s] /usr/bin/cmake -E cmake_progress_start /micro_ros_ws/firmware/mcu_ws/build/rosidl_typesupport_introspection_c/CMakeFiles /micro_ros_ws/firmware/mcu_ws/build/rosidl_typesupport_introspection_c//CMakeFiles/progress.marks
[1.304s] /usr/bin/gmake  -f CMakeFiles/Makefile2 all
[1.307s] gmake[5]: Entering directory '/micro_ros_ws/firmware/mcu_ws/build/rosidl_typesupport_introspection_c'
[1.309s] /usr/bin/gmake  -f CMakeFiles/ament_cmake_python_copy_rosidl_typesupport_introspection_c_setup.dir/build.make CMakeFiles/ament_cmake_python_copy_rosidl_typesupport_introspection_c_setup.dir/depend
[1.310s] /usr/bin/gmake  -f CMakeFiles/ament_cmake_python_copy_rosidl_typesupport_introspection_c.dir/build.make CMakeFiles/ament_cmake_python_copy_rosidl_typesupport_introspection_c.dir/depend
[1.310s] /usr/bin/gmake  -f CMakeFiles/rosidl_typesupport_introspection_c.dir/build.make CMakeFiles/rosidl_typesupport_introspection_c.dir/depend
[1.326s] gmake[6]: Entering directory '/micro_ros_ws/firmware/mcu_ws/build/rosidl_typesupport_introspection_c'
[1.327s] cd /micro_ros_ws/firmware/mcu_ws/build/rosidl_typesupport_introspection_c && /usr/bin/cmake -E cmake_depends "Unix Makefiles" /micro_ros_ws/firmware/mcu_ws/ros2/rosidl/rosidl_typesupport_introspection_c /micro_ros_ws/firmware/mcu_ws/ros2/rosidl/rosidl_typesupport_introspection_c /micro_ros_ws/firmware/mcu_ws/build/rosidl_typesupport_introspection_c /micro_ros_ws/firmware/mcu_ws/build/rosidl_typesupport_introspection_c /micro_ros_ws/firmware/mcu_ws/build/rosidl_typesupport_introspection_c/CMakeFiles/ament_cmake_python_copy_rosidl_typesupport_introspection_c.dir/DependInfo.cmake --color=
[1.327s] gmake[6]: Entering directory '/micro_ros_ws/firmware/mcu_ws/build/rosidl_typesupport_introspection_c'
[1.328s] cd /micro_ros_ws/firmware/mcu_ws/build/rosidl_typesupport_introspection_c && /usr/bin/cmake -E cmake_depends "Unix Makefiles" /micro_ros_ws/firmware/mcu_ws/ros2/rosidl/rosidl_typesupport_introspection_c /micro_ros_ws/firmware/mcu_ws/ros2/rosidl/rosidl_typesupport_introspection_c /micro_ros_ws/firmware/mcu_ws/build/rosidl_typesupport_introspection_c /micro_ros_ws/firmware/mcu_ws/build/rosidl_typesupport_introspection_c /micro_ros_ws/firmware/mcu_ws/build/rosidl_typesupport_introspection_c/CMakeFiles/ament_cmake_python_copy_rosidl_typesupport_introspection_c_setup.dir/DependInfo.cmake --color=
[1.329s] gmake[6]: Entering directory '/micro_ros_ws/firmware/mcu_ws/build/rosidl_typesupport_introspection_c'
[1.329s] cd /micro_ros_ws/firmware/mcu_ws/build/rosidl_typesupport_introspection_c && /usr/bin/cmake -E cmake_depends "Unix Makefiles" /micro_ros_ws/firmware/mcu_ws/ros2/rosidl/rosidl_typesupport_introspection_c /micro_ros_ws/firmware/mcu_ws/ros2/rosidl/rosidl_typesupport_introspection_c /micro_ros_ws/firmware/mcu_ws/build/rosidl_typesupport_introspection_c /micro_ros_ws/firmware/mcu_ws/build/rosidl_typesupport_introspection_c /micro_ros_ws/firmware/mcu_ws/build/rosidl_typesupport_introspection_c/CMakeFiles/rosidl_typesupport_introspection_c.dir/DependInfo.cmake --color=
[1.353s] Dependencies file "CMakeFiles/rosidl_typesupport_introspection_c.dir/src/identifier.c.obj.d" is newer than depends file "/micro_ros_ws/firmware/mcu_ws/build/rosidl_typesupport_introspection_c/CMakeFiles/rosidl_typesupport_introspection_c.dir/compiler_depend.internal".
[1.353s] [35m[1mConsolidate compiler generated dependencies of target rosidl_typesupport_introspection_c[0m
[1.355s] gmake[6]: Leaving directory '/micro_ros_ws/firmware/mcu_ws/build/rosidl_typesupport_introspection_c'
[1.355s] /usr/bin/gmake  -f CMakeFiles/ament_cmake_python_copy_rosidl_typesupport_introspection_c.dir/build.make CMakeFiles/ament_cmake_python_copy_rosidl_typesupport_introspection_c.dir/build
[1.356s] gmake[6]: Leaving directory '/micro_ros_ws/firmware/mcu_ws/build/rosidl_typesupport_introspection_c'
[1.356s] /usr/bin/gmake  -f CMakeFiles/ament_cmake_python_copy_rosidl_typesupport_introspection_c_setup.dir/build.make CMakeFiles/ament_cmake_python_copy_rosidl_typesupport_introspection_c_setup.dir/build
[1.356s] gmake[6]: Leaving directory '/micro_ros_ws/firmware/mcu_ws/build/rosidl_typesupport_introspection_c'
[1.357s] /usr/bin/gmake  -f CMakeFiles/rosidl_typesupport_introspection_c.dir/build.make CMakeFiles/rosidl_typesupport_introspection_c.dir/build
[1.361s] gmake[6]: Entering directory '/micro_ros_ws/firmware/mcu_ws/build/rosidl_typesupport_introspection_c'
[1.361s] /usr/bin/cmake -E copy /micro_ros_ws/firmware/mcu_ws/ros2/rosidl/rosidl_typesupport_introspection_c/setup.cfg /micro_ros_ws/firmware/mcu_ws/build/rosidl_typesupport_introspection_c/ament_cmake_python/rosidl_typesupport_introspection_c/setup.cfg
[1.361s] gmake[6]: Entering directory '/micro_ros_ws/firmware/mcu_ws/build/rosidl_typesupport_introspection_c'
[1.361s] /usr/bin/cmake -E copy_directory /micro_ros_ws/firmware/mcu_ws/ros2/rosidl/rosidl_typesupport_introspection_c/rosidl_typesupport_introspection_c /micro_ros_ws/firmware/mcu_ws/build/rosidl_typesupport_introspection_c/ament_cmake_python/rosidl_typesupport_introspection_c/rosidl_typesupport_introspection_c
[1.362s] gmake[6]: Entering directory '/micro_ros_ws/firmware/mcu_ws/build/rosidl_typesupport_introspection_c'
[1.362s] gmake[6]: Nothing to be done for 'CMakeFiles/rosidl_typesupport_introspection_c.dir/build'.
[1.363s] gmake[6]: Leaving directory '/micro_ros_ws/firmware/mcu_ws/build/rosidl_typesupport_introspection_c'
[1.381s] gmake[6]: Leaving directory '/micro_ros_ws/firmware/mcu_ws/build/rosidl_typesupport_introspection_c'
[1.381s] [100%] Built target rosidl_typesupport_introspection_c
[1.384s] gmake[6]: Leaving directory '/micro_ros_ws/firmware/mcu_ws/build/rosidl_typesupport_introspection_c'
[1.406s] [100%] Built target ament_cmake_python_copy_rosidl_typesupport_introspection_c_setup
[1.406s] [100%] Built target ament_cmake_python_copy_rosidl_typesupport_introspection_c
[1.407s] /usr/bin/gmake  -f CMakeFiles/ament_cmake_python_build_rosidl_typesupport_introspection_c_egg.dir/build.make CMakeFiles/ament_cmake_python_build_rosidl_typesupport_introspection_c_egg.dir/depend
[1.412s] gmake[6]: Entering directory '/micro_ros_ws/firmware/mcu_ws/build/rosidl_typesupport_introspection_c'
[1.413s] cd /micro_ros_ws/firmware/mcu_ws/build/rosidl_typesupport_introspection_c && /usr/bin/cmake -E cmake_depends "Unix Makefiles" /micro_ros_ws/firmware/mcu_ws/ros2/rosidl/rosidl_typesupport_introspection_c /micro_ros_ws/firmware/mcu_ws/ros2/rosidl/rosidl_typesupport_introspection_c /micro_ros_ws/firmware/mcu_ws/build/rosidl_typesupport_introspection_c /micro_ros_ws/firmware/mcu_ws/build/rosidl_typesupport_introspection_c /micro_ros_ws/firmware/mcu_ws/build/rosidl_typesupport_introspection_c/CMakeFiles/ament_cmake_python_build_rosidl_typesupport_introspection_c_egg.dir/DependInfo.cmake --color=
[1.443s] gmake[6]: Leaving directory '/micro_ros_ws/firmware/mcu_ws/build/rosidl_typesupport_introspection_c'
[1.443s] /usr/bin/gmake  -f CMakeFiles/ament_cmake_python_build_rosidl_typesupport_introspection_c_egg.dir/build.make CMakeFiles/ament_cmake_python_build_rosidl_typesupport_introspection_c_egg.dir/build
[1.447s] gmake[6]: Entering directory '/micro_ros_ws/firmware/mcu_ws/build/rosidl_typesupport_introspection_c'
[1.448s] cd /micro_ros_ws/firmware/mcu_ws/build/rosidl_typesupport_introspection_c/ament_cmake_python/rosidl_typesupport_introspection_c && /micro_ros_ws/firmware/toolchain/espressif/python_env/idf4.1_py3.10_env/bin/python3 setup.py egg_info
[1.971s] running egg_info
[1.987s] writing rosidl_typesupport_introspection_c.egg-info/PKG-INFO
[1.988s] writing dependency_links to rosidl_typesupport_introspection_c.egg-info/dependency_links.txt
[1.988s] writing entry points to rosidl_typesupport_introspection_c.egg-info/entry_points.txt
[1.988s] writing top-level names to rosidl_typesupport_introspection_c.egg-info/top_level.txt
[2.072s] reading manifest file 'rosidl_typesupport_introspection_c.egg-info/SOURCES.txt'
[2.074s] writing manifest file 'rosidl_typesupport_introspection_c.egg-info/SOURCES.txt'
[2.093s] gmake[6]: Leaving directory '/micro_ros_ws/firmware/mcu_ws/build/rosidl_typesupport_introspection_c'
[2.108s] [100%] Built target ament_cmake_python_build_rosidl_typesupport_introspection_c_egg
[2.109s] gmake[5]: Leaving directory '/micro_ros_ws/firmware/mcu_ws/build/rosidl_typesupport_introspection_c'
[2.109s] /usr/bin/cmake -E cmake_progress_start /micro_ros_ws/firmware/mcu_ws/build/rosidl_typesupport_introspection_c/CMakeFiles 0
[2.133s] gmake[4]: Leaving directory '/micro_ros_ws/firmware/mcu_ws/build/rosidl_typesupport_introspection_c'
[2.135s] Invoked command in '/micro_ros_ws/firmware/mcu_ws/build/rosidl_typesupport_introspection_c' returned '0': AMENT_PREFIX_PATH=/micro_ros_ws/firmware/mcu_ws/install:${AMENT_PREFIX_PATH} CMAKE_PREFIX_PATH=/micro_ros_ws/firmware/mcu_ws/install:/micro_ros_ws/firmware/dev_ws/install/ament_lint_common:/micro_ros_ws/firmware/dev_ws/install/ament_cmake_uncrustify:/micro_ros_ws/firmware/dev_ws/install/uncrustify_vendor:/micro_ros_ws/firmware/dev_ws/install/ament_cmake_ros:/micro_ros_ws/firmware/dev_ws/install/ament_cmake_auto:/micro_ros_ws/firmware/dev_ws/install/ament_cmake_gmock:/micro_ros_ws/firmware/dev_ws/install/gmock_vendor:/micro_ros_ws/firmware/dev_ws/install/ament_cmake_gtest:/micro_ros_ws/firmware/dev_ws/install/gtest_vendor:/micro_ros_ws/firmware/dev_ws/install/ament_cmake_xmllint:/micro_ros_ws/firmware/dev_ws/install/ament_cmake_pyflakes:/micro_ros_ws/firmware/dev_ws/install/ament_cmake_pycodestyle:/micro_ros_ws/firmware/dev_ws/install/ament_cmake_pep257:/micro_ros_ws/firmware/dev_ws/install/ament_cmake_pclint:/micro_ros_ws/firmware/dev_ws/install/ament_lint_auto:/micro_ros_ws/firmware/dev_ws/install/ament_cmake:/micro_ros_ws/firmware/dev_ws/install/ament_cmake_version:/micro_ros_ws/firmware/dev_ws/install/ament_cmake_vendor_package:/micro_ros_ws/firmware/dev_ws/install/ament_cmake_pytest:/micro_ros_ws/firmware/dev_ws/install/ament_cmake_nose:/micro_ros_ws/firmware/dev_ws/install/ament_cmake_mypy:/micro_ros_ws/firmware/dev_ws/install/ament_cmake_lint_cmake:/micro_ros_ws/firmware/dev_ws/install/ament_cmake_google_benchmark:/micro_ros_ws/firmware/dev_ws/install/ament_cmake_flake8:/micro_ros_ws/firmware/dev_ws/install/ament_cmake_cpplint:/micro_ros_ws/firmware/dev_ws/install/ament_cmake_cppcheck:/micro_ros_ws/firmware/dev_ws/install/ament_cmake_copyright:/micro_ros_ws/firmware/dev_ws/install/ament_cmake_clang_tidy:/micro_ros_ws/firmware/dev_ws/install/ament_cmake_clang_format:/micro_ros_ws/firmware/dev_ws/install/ament_cmake_test:/micro_ros_ws/firmware/dev_ws/install/ament_cmake_target_dependencies:/micro_ros_ws/firmware/dev_ws/install/ament_cmake_python:/micro_ros_ws/firmware/dev_ws/install/ament_cmake_export_dependencies:/micro_ros_ws/firmware/dev_ws/install/ament_cmake_libraries:/micro_ros_ws/firmware/dev_ws/install/ament_cmake_include_directories:/micro_ros_ws/firmware/dev_ws/install/ament_cmake_gen_version_h:/micro_ros_ws/firmware/dev_ws/install/ament_cmake_export_targets:/micro_ros_ws/firmware/dev_ws/install/ament_cmake_export_link_flags:/micro_ros_ws/firmware/dev_ws/install/ament_cmake_export_interfaces:/micro_ros_ws/firmware/dev_ws/install/ament_cmake_export_libraries:/micro_ros_ws/firmware/dev_ws/install/ament_cmake_export_include_directories:/micro_ros_ws/firmware/dev_ws/install/ament_cmake_export_definitions:/micro_ros_ws/firmware/dev_ws/install/ament_cmake_core:/micro_ros_ws/firmware/dev_ws/install/ament_index_cpp:/micro_ros_ws/firmware/dev_ws/install/ament_uncrustify:/micro_ros_ws/firmware/dev_ws/install/domain_coordinator:/micro_ros_ws/firmware/dev_ws/install/ament_xmllint:/micro_ros_ws/firmware/dev_ws/install/ament_pyflakes:/micro_ros_ws/firmware/dev_ws/install/ament_pycodestyle:/micro_ros_ws/firmware/dev_ws/install/ament_pep257:/micro_ros_ws/firmware/dev_ws/install/ament_pclint:/micro_ros_ws/firmware/dev_ws/install/ament_package:/micro_ros_ws/firmware/dev_ws/install/ament_mypy:/micro_ros_ws/firmware/dev_ws/install/ament_lint_cmake:/micro_ros_ws/firmware/dev_ws/install/ament_flake8:/micro_ros_ws/firmware/dev_ws/install/ament_copyright:/micro_ros_ws/firmware/dev_ws/install/ament_lint:/micro_ros_ws/firmware/dev_ws/install/ament_index_python:/micro_ros_ws/firmware/dev_ws/install/ament_cpplint:/micro_ros_ws/firmware/dev_ws/install/ament_cppcheck:/micro_ros_ws/firmware/dev_ws/install/ament_clang_tidy:/micro_ros_ws/firmware/dev_ws/install/ament_clang_format LD_LIBRARY_PATH=/micro_ros_ws/firmware/mcu_ws/install/lib:${LD_LIBRARY_PATH} PATH=/micro_ros_ws/firmware/mcu_ws/install/bin:${PATH} PYTHONPATH=/micro_ros_ws/firmware/mcu_ws/install/lib/python3.10/site-packages:${PYTHONPATH} /usr/bin/cmake --build /micro_ros_ws/firmware/mcu_ws/build/rosidl_typesupport_introspection_c -- -j12 -l12
[2.138s] Invoking command in '/micro_ros_ws/firmware/mcu_ws/build/rosidl_typesupport_introspection_c': AMENT_PREFIX_PATH=/micro_ros_ws/firmware/mcu_ws/install:${AMENT_PREFIX_PATH} CMAKE_PREFIX_PATH=/micro_ros_ws/firmware/mcu_ws/install:/micro_ros_ws/firmware/dev_ws/install/ament_lint_common:/micro_ros_ws/firmware/dev_ws/install/ament_cmake_uncrustify:/micro_ros_ws/firmware/dev_ws/install/uncrustify_vendor:/micro_ros_ws/firmware/dev_ws/install/ament_cmake_ros:/micro_ros_ws/firmware/dev_ws/install/ament_cmake_auto:/micro_ros_ws/firmware/dev_ws/install/ament_cmake_gmock:/micro_ros_ws/firmware/dev_ws/install/gmock_vendor:/micro_ros_ws/firmware/dev_ws/install/ament_cmake_gtest:/micro_ros_ws/firmware/dev_ws/install/gtest_vendor:/micro_ros_ws/firmware/dev_ws/install/ament_cmake_xmllint:/micro_ros_ws/firmware/dev_ws/install/ament_cmake_pyflakes:/micro_ros_ws/firmware/dev_ws/install/ament_cmake_pycodestyle:/micro_ros_ws/firmware/dev_ws/install/ament_cmake_pep257:/micro_ros_ws/firmware/dev_ws/install/ament_cmake_pclint:/micro_ros_ws/firmware/dev_ws/install/ament_lint_auto:/micro_ros_ws/firmware/dev_ws/install/ament_cmake:/micro_ros_ws/firmware/dev_ws/install/ament_cmake_version:/micro_ros_ws/firmware/dev_ws/install/ament_cmake_vendor_package:/micro_ros_ws/firmware/dev_ws/install/ament_cmake_pytest:/micro_ros_ws/firmware/dev_ws/install/ament_cmake_nose:/micro_ros_ws/firmware/dev_ws/install/ament_cmake_mypy:/micro_ros_ws/firmware/dev_ws/install/ament_cmake_lint_cmake:/micro_ros_ws/firmware/dev_ws/install/ament_cmake_google_benchmark:/micro_ros_ws/firmware/dev_ws/install/ament_cmake_flake8:/micro_ros_ws/firmware/dev_ws/install/ament_cmake_cpplint:/micro_ros_ws/firmware/dev_ws/install/ament_cmake_cppcheck:/micro_ros_ws/firmware/dev_ws/install/ament_cmake_copyright:/micro_ros_ws/firmware/dev_ws/install/ament_cmake_clang_tidy:/micro_ros_ws/firmware/dev_ws/install/ament_cmake_clang_format:/micro_ros_ws/firmware/dev_ws/install/ament_cmake_test:/micro_ros_ws/firmware/dev_ws/install/ament_cmake_target_dependencies:/micro_ros_ws/firmware/dev_ws/install/ament_cmake_python:/micro_ros_ws/firmware/dev_ws/install/ament_cmake_export_dependencies:/micro_ros_ws/firmware/dev_ws/install/ament_cmake_libraries:/micro_ros_ws/firmware/dev_ws/install/ament_cmake_include_directories:/micro_ros_ws/firmware/dev_ws/install/ament_cmake_gen_version_h:/micro_ros_ws/firmware/dev_ws/install/ament_cmake_export_targets:/micro_ros_ws/firmware/dev_ws/install/ament_cmake_export_link_flags:/micro_ros_ws/firmware/dev_ws/install/ament_cmake_export_interfaces:/micro_ros_ws/firmware/dev_ws/install/ament_cmake_export_libraries:/micro_ros_ws/firmware/dev_ws/install/ament_cmake_export_include_directories:/micro_ros_ws/firmware/dev_ws/install/ament_cmake_export_definitions:/micro_ros_ws/firmware/dev_ws/install/ament_cmake_core:/micro_ros_ws/firmware/dev_ws/install/ament_index_cpp:/micro_ros_ws/firmware/dev_ws/install/ament_uncrustify:/micro_ros_ws/firmware/dev_ws/install/domain_coordinator:/micro_ros_ws/firmware/dev_ws/install/ament_xmllint:/micro_ros_ws/firmware/dev_ws/install/ament_pyflakes:/micro_ros_ws/firmware/dev_ws/install/ament_pycodestyle:/micro_ros_ws/firmware/dev_ws/install/ament_pep257:/micro_ros_ws/firmware/dev_ws/install/ament_pclint:/micro_ros_ws/firmware/dev_ws/install/ament_package:/micro_ros_ws/firmware/dev_ws/install/ament_mypy:/micro_ros_ws/firmware/dev_ws/install/ament_lint_cmake:/micro_ros_ws/firmware/dev_ws/install/ament_flake8:/micro_ros_ws/firmware/dev_ws/install/ament_copyright:/micro_ros_ws/firmware/dev_ws/install/ament_lint:/micro_ros_ws/firmware/dev_ws/install/ament_index_python:/micro_ros_ws/firmware/dev_ws/install/ament_cpplint:/micro_ros_ws/firmware/dev_ws/install/ament_cppcheck:/micro_ros_ws/firmware/dev_ws/install/ament_clang_tidy:/micro_ros_ws/firmware/dev_ws/install/ament_clang_format LD_LIBRARY_PATH=/micro_ros_ws/firmware/mcu_ws/install/lib:${LD_LIBRARY_PATH} PATH=/micro_ros_ws/firmware/mcu_ws/install/bin:${PATH} PYTHONPATH=/micro_ros_ws/firmware/mcu_ws/install/lib/python3.10/site-packages:${PYTHONPATH} /usr/bin/cmake --install /micro_ros_ws/firmware/mcu_ws/build/rosidl_typesupport_introspection_c
[2.150s] -- Install configuration: "Debug"
[2.150s] -- Up-to-date: /micro_ros_ws/firmware/mcu_ws/install/share/rosidl_typesupport_introspection_c/environment/pythonpath.sh
[2.151s] -- Installing: /micro_ros_ws/firmware/mcu_ws/install/share/rosidl_typesupport_introspection_c/environment/pythonpath.dsv
[2.152s] -- Up-to-date: /micro_ros_ws/firmware/mcu_ws/install/lib/python3.10/site-packages/rosidl_typesupport_introspection_c-3.1.8-py3.10.egg-info
[2.153s] -- Installing: /micro_ros_ws/firmware/mcu_ws/install/lib/python3.10/site-packages/rosidl_typesupport_introspection_c-3.1.8-py3.10.egg-info/dependency_links.txt
[2.156s] -- Installing: /micro_ros_ws/firmware/mcu_ws/install/lib/python3.10/site-packages/rosidl_typesupport_introspection_c-3.1.8-py3.10.egg-info/entry_points.txt
[2.158s] -- Installing: /micro_ros_ws/firmware/mcu_ws/install/lib/python3.10/site-packages/rosidl_typesupport_introspection_c-3.1.8-py3.10.egg-info/PKG-INFO
[2.162s] -- Installing: /micro_ros_ws/firmware/mcu_ws/install/lib/python3.10/site-packages/rosidl_typesupport_introspection_c-3.1.8-py3.10.egg-info/SOURCES.txt
[2.165s] -- Installing: /micro_ros_ws/firmware/mcu_ws/install/lib/python3.10/site-packages/rosidl_typesupport_introspection_c-3.1.8-py3.10.egg-info/top_level.txt
[2.167s] -- Up-to-date: /micro_ros_ws/firmware/mcu_ws/install/lib/python3.10/site-packages/rosidl_typesupport_introspection_c
[2.168s] -- Up-to-date: /micro_ros_ws/firmware/mcu_ws/install/lib/python3.10/site-packages/rosidl_typesupport_introspection_c/cli.py
[2.169s] -- Up-to-date: /micro_ros_ws/firmware/mcu_ws/install/lib/python3.10/site-packages/rosidl_typesupport_introspection_c/__init__.py
[2.348s] Listing '/micro_ros_ws/firmware/mcu_ws/install/lib/python3.10/site-packages/rosidl_typesupport_introspection_c'...
[2.352s] -- Up-to-date: /micro_ros_ws/firmware/mcu_ws/install/share/rosidl_typesupport_introspection_c/environment/library_path.sh
[2.353s] -- Installing: /micro_ros_ws/firmware/mcu_ws/install/share/rosidl_typesupport_introspection_c/environment/library_path.dsv
[2.355s] -- Up-to-date: /micro_ros_ws/firmware/mcu_ws/install/share/ament_index/resource_index/rosidl_typesupport_c/rosidl_typesupport_introspection_c
[2.356s] -- Up-to-date: /micro_ros_ws/firmware/mcu_ws/install/share/ament_index/resource_index/rosidl_runtime_packages/rosidl_typesupport_introspection_c
[2.356s] -- Up-to-date: /micro_ros_ws/firmware/mcu_ws/install/share/ament_index/resource_index/package_run_dependencies/rosidl_typesupport_introspection_c
[2.357s] -- Up-to-date: /micro_ros_ws/firmware/mcu_ws/install/share/ament_index/resource_index/parent_prefix_path/rosidl_typesupport_introspection_c
[2.358s] -- Up-to-date: /micro_ros_ws/firmware/mcu_ws/install/share/rosidl_typesupport_introspection_c/environment/ament_prefix_path.sh
[2.358s] -- Installing: /micro_ros_ws/firmware/mcu_ws/install/share/rosidl_typesupport_introspection_c/environment/ament_prefix_path.dsv
[2.361s] -- Up-to-date: /micro_ros_ws/firmware/mcu_ws/install/share/rosidl_typesupport_introspection_c/environment/path.sh
[2.362s] -- Installing: /micro_ros_ws/firmware/mcu_ws/install/share/rosidl_typesupport_introspection_c/environment/path.dsv
[2.364s] -- Up-to-date: /micro_ros_ws/firmware/mcu_ws/install/share/rosidl_typesupport_introspection_c/local_setup.bash
[2.365s] -- Up-to-date: /micro_ros_ws/firmware/mcu_ws/install/share/rosidl_typesupport_introspection_c/local_setup.sh
[2.366s] -- Up-to-date: /micro_ros_ws/firmware/mcu_ws/install/share/rosidl_typesupport_introspection_c/local_setup.zsh
[2.367s] -- Installing: /micro_ros_ws/firmware/mcu_ws/install/share/rosidl_typesupport_introspection_c/local_setup.dsv
[2.369s] -- Installing: /micro_ros_ws/firmware/mcu_ws/install/share/rosidl_typesupport_introspection_c/package.dsv
[2.371s] -- Up-to-date: /micro_ros_ws/firmware/mcu_ws/install/share/ament_index/resource_index/packages/rosidl_typesupport_introspection_c
[2.373s] -- Up-to-date: /micro_ros_ws/firmware/mcu_ws/install/share/rosidl_typesupport_introspection_c/cmake/rosidl_typesupport_introspection_cExport.cmake
[2.374s] -- Up-to-date: /micro_ros_ws/firmware/mcu_ws/install/share/rosidl_typesupport_introspection_c/cmake/rosidl_typesupport_introspection_cExport-debug.cmake
[2.375s] -- Up-to-date: /micro_ros_ws/firmware/mcu_ws/install/share/rosidl_typesupport_introspection_c/cmake/rosidl_typesupport_introspection_c-extras.cmake
[2.375s] -- Up-to-date: /micro_ros_ws/firmware/mcu_ws/install/share/rosidl_typesupport_introspection_c/cmake/ament_cmake_export_dependencies-extras.cmake
[2.376s] -- Up-to-date: /micro_ros_ws/firmware/mcu_ws/install/share/rosidl_typesupport_introspection_c/cmake/ament_cmake_export_include_directories-extras.cmake
[2.377s] -- Up-to-date: /micro_ros_ws/firmware/mcu_ws/install/share/rosidl_typesupport_introspection_c/cmake/ament_cmake_export_libraries-extras.cmake
[2.378s] -- Up-to-date: /micro_ros_ws/firmware/mcu_ws/install/share/rosidl_typesupport_introspection_c/cmake/ament_cmake_export_targets-extras.cmake
[2.378s] -- Up-to-date: /micro_ros_ws/firmware/mcu_ws/install/share/rosidl_typesupport_introspection_c/cmake/rosidl_typesupport_introspection_cConfig.cmake
[2.379s] -- Up-to-date: /micro_ros_ws/firmware/mcu_ws/install/share/rosidl_typesupport_introspection_c/cmake/rosidl_typesupport_introspection_cConfig-version.cmake
[2.380s] -- Up-to-date: /micro_ros_ws/firmware/mcu_ws/install/share/rosidl_typesupport_introspection_c/package.xml
[2.381s] -- Up-to-date: /micro_ros_ws/firmware/mcu_ws/install/lib/rosidl_typesupport_introspection_c/rosidl_typesupport_introspection_c
[2.382s] -- Up-to-date: /micro_ros_ws/firmware/mcu_ws/install/share/rosidl_typesupport_introspection_c/cmake
[2.382s] -- Up-to-date: /micro_ros_ws/firmware/mcu_ws/install/share/rosidl_typesupport_introspection_c/cmake/rosidl_typesupport_introspection_c_generate_interfaces.cmake
[2.383s] -- Up-to-date: /micro_ros_ws/firmware/mcu_ws/install/share/rosidl_typesupport_introspection_c/resource
[2.384s] -- Up-to-date: /micro_ros_ws/firmware/mcu_ws/install/share/rosidl_typesupport_introspection_c/resource/idl__rosidl_typesupport_introspection_c.h.em
[2.384s] -- Up-to-date: /micro_ros_ws/firmware/mcu_ws/install/share/rosidl_typesupport_introspection_c/resource/idl__type_support.c.em
[2.385s] -- Up-to-date: /micro_ros_ws/firmware/mcu_ws/install/share/rosidl_typesupport_introspection_c/resource/msg__rosidl_typesupport_introspection_c.h.em
[2.386s] -- Up-to-date: /micro_ros_ws/firmware/mcu_ws/install/share/rosidl_typesupport_introspection_c/resource/msg__type_support.c.em
[2.387s] -- Up-to-date: /micro_ros_ws/firmware/mcu_ws/install/share/rosidl_typesupport_introspection_c/resource/rosidl_typesupport_introspection_c__visibility_control.h.in
[2.387s] -- Up-to-date: /micro_ros_ws/firmware/mcu_ws/install/share/rosidl_typesupport_introspection_c/resource/srv__rosidl_typesupport_introspection_c.h.em
[2.388s] -- Up-to-date: /micro_ros_ws/firmware/mcu_ws/install/share/rosidl_typesupport_introspection_c/resource/srv__type_support.c.em
[2.388s] -- Up-to-date: /micro_ros_ws/firmware/mcu_ws/install/include/rosidl_typesupport_introspection_c
[2.389s] -- Up-to-date: /micro_ros_ws/firmware/mcu_ws/install/include/rosidl_typesupport_introspection_c/rosidl_typesupport_introspection_c
[2.390s] -- Up-to-date: /micro_ros_ws/firmware/mcu_ws/install/include/rosidl_typesupport_introspection_c/rosidl_typesupport_introspection_c/field_types.h
[2.391s] -- Up-to-date: /micro_ros_ws/firmware/mcu_ws/install/include/rosidl_typesupport_introspection_c/rosidl_typesupport_introspection_c/identifier.h
[2.392s] -- Up-to-date: /micro_ros_ws/firmware/mcu_ws/install/include/rosidl_typesupport_introspection_c/rosidl_typesupport_introspection_c/message_introspection.h
[2.393s] -- Up-to-date: /micro_ros_ws/firmware/mcu_ws/install/include/rosidl_typesupport_introspection_c/rosidl_typesupport_introspection_c/service_introspection.h
[2.394s] -- Up-to-date: /micro_ros_ws/firmware/mcu_ws/install/include/rosidl_typesupport_introspection_c/rosidl_typesupport_introspection_c/visibility_control.h
[2.394s] -- Up-to-date: /micro_ros_ws/firmware/mcu_ws/install/lib/librosidl_typesupport_introspection_c.a
[2.443s] Invoked command in '/micro_ros_ws/firmware/mcu_ws/build/rosidl_typesupport_introspection_c' returned '0': AMENT_PREFIX_PATH=/micro_ros_ws/firmware/mcu_ws/install:${AMENT_PREFIX_PATH} CMAKE_PREFIX_PATH=/micro_ros_ws/firmware/mcu_ws/install:/micro_ros_ws/firmware/dev_ws/install/ament_lint_common:/micro_ros_ws/firmware/dev_ws/install/ament_cmake_uncrustify:/micro_ros_ws/firmware/dev_ws/install/uncrustify_vendor:/micro_ros_ws/firmware/dev_ws/install/ament_cmake_ros:/micro_ros_ws/firmware/dev_ws/install/ament_cmake_auto:/micro_ros_ws/firmware/dev_ws/install/ament_cmake_gmock:/micro_ros_ws/firmware/dev_ws/install/gmock_vendor:/micro_ros_ws/firmware/dev_ws/install/ament_cmake_gtest:/micro_ros_ws/firmware/dev_ws/install/gtest_vendor:/micro_ros_ws/firmware/dev_ws/install/ament_cmake_xmllint:/micro_ros_ws/firmware/dev_ws/install/ament_cmake_pyflakes:/micro_ros_ws/firmware/dev_ws/install/ament_cmake_pycodestyle:/micro_ros_ws/firmware/dev_ws/install/ament_cmake_pep257:/micro_ros_ws/firmware/dev_ws/install/ament_cmake_pclint:/micro_ros_ws/firmware/dev_ws/install/ament_lint_auto:/micro_ros_ws/firmware/dev_ws/install/ament_cmake:/micro_ros_ws/firmware/dev_ws/install/ament_cmake_version:/micro_ros_ws/firmware/dev_ws/install/ament_cmake_vendor_package:/micro_ros_ws/firmware/dev_ws/install/ament_cmake_pytest:/micro_ros_ws/firmware/dev_ws/install/ament_cmake_nose:/micro_ros_ws/firmware/dev_ws/install/ament_cmake_mypy:/micro_ros_ws/firmware/dev_ws/install/ament_cmake_lint_cmake:/micro_ros_ws/firmware/dev_ws/install/ament_cmake_google_benchmark:/micro_ros_ws/firmware/dev_ws/install/ament_cmake_flake8:/micro_ros_ws/firmware/dev_ws/install/ament_cmake_cpplint:/micro_ros_ws/firmware/dev_ws/install/ament_cmake_cppcheck:/micro_ros_ws/firmware/dev_ws/install/ament_cmake_copyright:/micro_ros_ws/firmware/dev_ws/install/ament_cmake_clang_tidy:/micro_ros_ws/firmware/dev_ws/install/ament_cmake_clang_format:/micro_ros_ws/firmware/dev_ws/install/ament_cmake_test:/micro_ros_ws/firmware/dev_ws/install/ament_cmake_target_dependencies:/micro_ros_ws/firmware/dev_ws/install/ament_cmake_python:/micro_ros_ws/firmware/dev_ws/install/ament_cmake_export_dependencies:/micro_ros_ws/firmware/dev_ws/install/ament_cmake_libraries:/micro_ros_ws/firmware/dev_ws/install/ament_cmake_include_directories:/micro_ros_ws/firmware/dev_ws/install/ament_cmake_gen_version_h:/micro_ros_ws/firmware/dev_ws/install/ament_cmake_export_targets:/micro_ros_ws/firmware/dev_ws/install/ament_cmake_export_link_flags:/micro_ros_ws/firmware/dev_ws/install/ament_cmake_export_interfaces:/micro_ros_ws/firmware/dev_ws/install/ament_cmake_export_libraries:/micro_ros_ws/firmware/dev_ws/install/ament_cmake_export_include_directories:/micro_ros_ws/firmware/dev_ws/install/ament_cmake_export_definitions:/micro_ros_ws/firmware/dev_ws/install/ament_cmake_core:/micro_ros_ws/firmware/dev_ws/install/ament_index_cpp:/micro_ros_ws/firmware/dev_ws/install/ament_uncrustify:/micro_ros_ws/firmware/dev_ws/install/domain_coordinator:/micro_ros_ws/firmware/dev_ws/install/ament_xmllint:/micro_ros_ws/firmware/dev_ws/install/ament_pyflakes:/micro_ros_ws/firmware/dev_ws/install/ament_pycodestyle:/micro_ros_ws/firmware/dev_ws/install/ament_pep257:/micro_ros_ws/firmware/dev_ws/install/ament_pclint:/micro_ros_ws/firmware/dev_ws/install/ament_package:/micro_ros_ws/firmware/dev_ws/install/ament_mypy:/micro_ros_ws/firmware/dev_ws/install/ament_lint_cmake:/micro_ros_ws/firmware/dev_ws/install/ament_flake8:/micro_ros_ws/firmware/dev_ws/install/ament_copyright:/micro_ros_ws/firmware/dev_ws/install/ament_lint:/micro_ros_ws/firmware/dev_ws/install/ament_index_python:/micro_ros_ws/firmware/dev_ws/install/ament_cpplint:/micro_ros_ws/firmware/dev_ws/install/ament_cppcheck:/micro_ros_ws/firmware/dev_ws/install/ament_clang_tidy:/micro_ros_ws/firmware/dev_ws/install/ament_clang_format LD_LIBRARY_PATH=/micro_ros_ws/firmware/mcu_ws/install/lib:${LD_LIBRARY_PATH} PATH=/micro_ros_ws/firmware/mcu_ws/install/bin:${PATH} PYTHONPATH=/micro_ros_ws/firmware/mcu_ws/install/lib/python3.10/site-packages:${PYTHONPATH} /usr/bin/cmake --install /micro_ros_ws/firmware/mcu_ws/build/rosidl_typesupport_introspection_c
