[1.256s] Invoking command in '/micro_ros_ws/wall_e_ws/src/localization': PYTHONPATH=/micro_ros_ws/wall_e_ws/build/localization/prefix_override:/usr/lib/python3/dist-packages/colcon_core/task/python/colcon_distutils_commands:/micro_ros_ws/wall_e_ws/install/localization/lib/python3.10/site-packages:${PYTHONPATH} /usr/bin/python3 -W ignore:setup.py install is deprecated -W ignore:easy_install command is deprecated setup.py egg_info --egg-base ../../build/localization build --build-base /micro_ros_ws/wall_e_ws/build/localization/build install --record /micro_ros_ws/wall_e_ws/build/localization/install.log --single-version-externally-managed install_data
[1.547s] running egg_info
[1.549s] writing ../../build/localization/localization.egg-info/PKG-INFO
[1.550s] writing dependency_links to ../../build/localization/localization.egg-info/dependency_links.txt
[1.551s] writing entry points to ../../build/localization/localization.egg-info/entry_points.txt
[1.552s] writing requirements to ../../build/localization/localization.egg-info/requires.txt
[1.552s] writing top-level names to ../../build/localization/localization.egg-info/top_level.txt
[1.558s] reading manifest file '../../build/localization/localization.egg-info/SOURCES.txt'
[1.561s] adding license file 'LICENSE'
[1.564s] writing manifest file '../../build/localization/localization.egg-info/SOURCES.txt'
[1.564s] running build
[1.564s] running build_py
[1.567s] running install
[1.567s] running install_lib
[1.573s] running install_data
[1.574s] running install_egg_info
[1.578s] removing '/micro_ros_ws/wall_e_ws/install/localization/lib/python3.10/site-packages/localization-0.0.0-py3.10.egg-info' (and everything under it)
[1.581s] Copying ../../build/localization/localization.egg-info to /micro_ros_ws/wall_e_ws/install/localization/lib/python3.10/site-packages/localization-0.0.0-py3.10.egg-info
[1.597s] running install_scripts
[1.631s] Installing inverse_kinematic_node script to /micro_ros_ws/wall_e_ws/install/localization/lib/localization
[1.632s] Installing odometry_node script to /micro_ros_ws/wall_e_ws/install/localization/lib/localization
[1.633s] writing list of installed files to '/micro_ros_ws/wall_e_ws/build/localization/install.log'
[1.666s] Invoked command in '/micro_ros_ws/wall_e_ws/src/localization' returned '0': PYTHONPATH=/micro_ros_ws/wall_e_ws/build/localization/prefix_override:/usr/lib/python3/dist-packages/colcon_core/task/python/colcon_distutils_commands:/micro_ros_ws/wall_e_ws/install/localization/lib/python3.10/site-packages:${PYTHONPATH} /usr/bin/python3 -W ignore:setup.py install is deprecated -W ignore:easy_install command is deprecated setup.py egg_info --egg-base ../../build/localization build --build-base /micro_ros_ws/wall_e_ws/build/localization/build install --record /micro_ros_ws/wall_e_ws/build/localization/install.log --single-version-externally-managed install_data
