[0.902s] Invoking command in '/micro_ros_ws/firmware/mcu_ws/build/action_msgs': AMENT_PREFIX_PATH=/micro_ros_ws/firmware/mcu_ws/install:${AMENT_PREFIX_PATH} CMAKE_PREFIX_PATH=/micro_ros_ws/firmware/mcu_ws/install:/micro_ros_ws/firmware/dev_ws/install/ament_lint_common:/micro_ros_ws/firmware/dev_ws/install/ament_cmake_uncrustify:/micro_ros_ws/firmware/dev_ws/install/uncrustify_vendor:/micro_ros_ws/firmware/dev_ws/install/ament_cmake_ros:/micro_ros_ws/firmware/dev_ws/install/ament_cmake_auto:/micro_ros_ws/firmware/dev_ws/install/ament_cmake_gmock:/micro_ros_ws/firmware/dev_ws/install/gmock_vendor:/micro_ros_ws/firmware/dev_ws/install/ament_cmake_gtest:/micro_ros_ws/firmware/dev_ws/install/gtest_vendor:/micro_ros_ws/firmware/dev_ws/install/ament_cmake_xmllint:/micro_ros_ws/firmware/dev_ws/install/ament_cmake_pyflakes:/micro_ros_ws/firmware/dev_ws/install/ament_cmake_pycodestyle:/micro_ros_ws/firmware/dev_ws/install/ament_cmake_pep257:/micro_ros_ws/firmware/dev_ws/install/ament_cmake_pclint:/micro_ros_ws/firmware/dev_ws/install/ament_lint_auto:/micro_ros_ws/firmware/dev_ws/install/ament_cmake:/micro_ros_ws/firmware/dev_ws/install/ament_cmake_version:/micro_ros_ws/firmware/dev_ws/install/ament_cmake_vendor_package:/micro_ros_ws/firmware/dev_ws/install/ament_cmake_pytest:/micro_ros_ws/firmware/dev_ws/install/ament_cmake_nose:/micro_ros_ws/firmware/dev_ws/install/ament_cmake_mypy:/micro_ros_ws/firmware/dev_ws/install/ament_cmake_lint_cmake:/micro_ros_ws/firmware/dev_ws/install/ament_cmake_google_benchmark:/micro_ros_ws/firmware/dev_ws/install/ament_cmake_flake8:/micro_ros_ws/firmware/dev_ws/install/ament_cmake_cpplint:/micro_ros_ws/firmware/dev_ws/install/ament_cmake_cppcheck:/micro_ros_ws/firmware/dev_ws/install/ament_cmake_copyright:/micro_ros_ws/firmware/dev_ws/install/ament_cmake_clang_tidy:/micro_ros_ws/firmware/dev_ws/install/ament_cmake_clang_format:/micro_ros_ws/firmware/dev_ws/install/ament_cmake_test:/micro_ros_ws/firmware/dev_ws/install/ament_cmake_target_dependencies:/micro_ros_ws/firmware/dev_ws/install/ament_cmake_python:/micro_ros_ws/firmware/dev_ws/install/ament_cmake_export_dependencies:/micro_ros_ws/firmware/dev_ws/install/ament_cmake_libraries:/micro_ros_ws/firmware/dev_ws/install/ament_cmake_include_directories:/micro_ros_ws/firmware/dev_ws/install/ament_cmake_gen_version_h:/micro_ros_ws/firmware/dev_ws/install/ament_cmake_export_targets:/micro_ros_ws/firmware/dev_ws/install/ament_cmake_export_link_flags:/micro_ros_ws/firmware/dev_ws/install/ament_cmake_export_interfaces:/micro_ros_ws/firmware/dev_ws/install/ament_cmake_export_libraries:/micro_ros_ws/firmware/dev_ws/install/ament_cmake_export_include_directories:/micro_ros_ws/firmware/dev_ws/install/ament_cmake_export_definitions:/micro_ros_ws/firmware/dev_ws/install/ament_cmake_core:/micro_ros_ws/firmware/dev_ws/install/ament_index_cpp:/micro_ros_ws/firmware/dev_ws/install/ament_uncrustify:/micro_ros_ws/firmware/dev_ws/install/domain_coordinator:/micro_ros_ws/firmware/dev_ws/install/ament_xmllint:/micro_ros_ws/firmware/dev_ws/install/ament_pyflakes:/micro_ros_ws/firmware/dev_ws/install/ament_pycodestyle:/micro_ros_ws/firmware/dev_ws/install/ament_pep257:/micro_ros_ws/firmware/dev_ws/install/ament_pclint:/micro_ros_ws/firmware/dev_ws/install/ament_package:/micro_ros_ws/firmware/dev_ws/install/ament_mypy:/micro_ros_ws/firmware/dev_ws/install/ament_lint_cmake:/micro_ros_ws/firmware/dev_ws/install/ament_flake8:/micro_ros_ws/firmware/dev_ws/install/ament_copyright:/micro_ros_ws/firmware/dev_ws/install/ament_lint:/micro_ros_ws/firmware/dev_ws/install/ament_index_python:/micro_ros_ws/firmware/dev_ws/install/ament_cpplint:/micro_ros_ws/firmware/dev_ws/install/ament_cppcheck:/micro_ros_ws/firmware/dev_ws/install/ament_clang_tidy:/micro_ros_ws/firmware/dev_ws/install/ament_clang_format LD_LIBRARY_PATH=/micro_ros_ws/firmware/mcu_ws/install/lib:${LD_LIBRARY_PATH} PATH=/micro_ros_ws/firmware/mcu_ws/install/bin:${PATH} PYTHONPATH=/micro_ros_ws/firmware/mcu_ws/install/lib/python3.10/site-packages:${PYTHONPATH} /usr/bin/cmake --build /micro_ros_ws/firmware/mcu_ws/build/action_msgs -- -j12 -l12
[0.956s] gmake[4]: Entering directory '/micro_ros_ws/firmware/mcu_ws/build/action_msgs'
[0.956s] /usr/bin/cmake -S/micro_ros_ws/firmware/mcu_ws/ros2/rcl_interfaces/action_msgs -B/micro_ros_ws/firmware/mcu_ws/build/action_msgs --check-build-system CMakeFiles/Makefile.cmake 0
[1.058s] Re-run cmake file: Makefile older than: /micro_ros_ws/firmware/freertos_apps/microros_esp32_extensions/esp32_toolchain.cmake
[1.084s] -- Found ament_cmake: 1.3.14 (/micro_ros_ws/firmware/dev_ws/install/ament_cmake/share/ament_cmake/cmake)
[2.047s] -- Found builtin_interfaces: 1.2.2 (/micro_ros_ws/firmware/mcu_ws/install/share/builtin_interfaces/cmake)
[2.182s] -- Using all available rosidl_typesupport_c: rosidl_typesupport_introspection_c;rosidl_typesupport_microxrcedds_c
[2.221s] -- Found rosidl_adapter: 3.1.8 (/micro_ros_ws/firmware/mcu_ws/install/share/rosidl_adapter/cmake)
[2.416s] -- Found rosidl_default_generators: 1.2.1 (/micro_ros_ws/firmware/mcu_ws/install/share/rosidl_default_generators/cmake)
[2.792s] -- Found unique_identifier_msgs: 2.2.1 (/micro_ros_ws/firmware/mcu_ws/install/share/unique_identifier_msgs/cmake)
[4.935s] -- Found ament_cmake_ros: 0.10.0 (/micro_ros_ws/firmware/dev_ws/install/ament_cmake_ros/share/ament_cmake_ros/cmake)
[5.863s] -- Using all available rosidl_typesupport_c: rosidl_typesupport_introspection_c;rosidl_typesupport_microxrcedds_c
[6.054s] -- Configuring done
[6.561s] -- Generating done
[6.643s] -- Build files have been written to: /micro_ros_ws/firmware/mcu_ws/build/action_msgs
[6.647s] /usr/bin/cmake -E cmake_progress_start /micro_ros_ws/firmware/mcu_ws/build/action_msgs/CMakeFiles /micro_ros_ws/firmware/mcu_ws/build/action_msgs//CMakeFiles/progress.marks
[6.686s] /usr/bin/gmake  -f CMakeFiles/Makefile2 all
[6.702s] gmake[5]: Entering directory '/micro_ros_ws/firmware/mcu_ws/build/action_msgs'
[6.702s] /usr/bin/gmake  -f CMakeFiles/action_msgs__rosidl_generator_c.dir/build.make CMakeFiles/action_msgs__rosidl_generator_c.dir/depend
[6.723s] gmake[6]: Entering directory '/micro_ros_ws/firmware/mcu_ws/build/action_msgs'
[6.723s] cd /micro_ros_ws/firmware/mcu_ws/build/action_msgs && /usr/bin/cmake -E cmake_depends "Unix Makefiles" /micro_ros_ws/firmware/mcu_ws/ros2/rcl_interfaces/action_msgs /micro_ros_ws/firmware/mcu_ws/ros2/rcl_interfaces/action_msgs /micro_ros_ws/firmware/mcu_ws/build/action_msgs /micro_ros_ws/firmware/mcu_ws/build/action_msgs /micro_ros_ws/firmware/mcu_ws/build/action_msgs/CMakeFiles/action_msgs__rosidl_generator_c.dir/DependInfo.cmake --color=
[6.777s] Dependencies file "CMakeFiles/action_msgs__rosidl_generator_c.dir/rosidl_generator_c/action_msgs/msg/detail/goal_info__functions.c.obj.d" is newer than depends file "/micro_ros_ws/firmware/mcu_ws/build/action_msgs/CMakeFiles/action_msgs__rosidl_generator_c.dir/compiler_depend.internal".
[6.778s] Dependencies file "CMakeFiles/action_msgs__rosidl_generator_c.dir/rosidl_generator_c/action_msgs/msg/detail/goal_status__functions.c.obj.d" is newer than depends file "/micro_ros_ws/firmware/mcu_ws/build/action_msgs/CMakeFiles/action_msgs__rosidl_generator_c.dir/compiler_depend.internal".
[6.780s] Dependencies file "CMakeFiles/action_msgs__rosidl_generator_c.dir/rosidl_generator_c/action_msgs/msg/detail/goal_status_array__functions.c.obj.d" is newer than depends file "/micro_ros_ws/firmware/mcu_ws/build/action_msgs/CMakeFiles/action_msgs__rosidl_generator_c.dir/compiler_depend.internal".
[6.782s] Dependencies file "CMakeFiles/action_msgs__rosidl_generator_c.dir/rosidl_generator_c/action_msgs/srv/detail/cancel_goal__functions.c.obj.d" is newer than depends file "/micro_ros_ws/firmware/mcu_ws/build/action_msgs/CMakeFiles/action_msgs__rosidl_generator_c.dir/compiler_depend.internal".
[6.783s] [35m[1mConsolidate compiler generated dependencies of target action_msgs__rosidl_generator_c[0m
[6.826s] gmake[6]: Leaving directory '/micro_ros_ws/firmware/mcu_ws/build/action_msgs'
[6.826s] /usr/bin/gmake  -f CMakeFiles/action_msgs__rosidl_generator_c.dir/build.make CMakeFiles/action_msgs__rosidl_generator_c.dir/build
[6.863s] gmake[6]: Entering directory '/micro_ros_ws/firmware/mcu_ws/build/action_msgs'
[6.864s] gmake[6]: Nothing to be done for 'CMakeFiles/action_msgs__rosidl_generator_c.dir/build'.
[6.864s] gmake[6]: Leaving directory '/micro_ros_ws/firmware/mcu_ws/build/action_msgs'
[6.925s] [ 25%] Built target action_msgs__rosidl_generator_c
[6.926s] /usr/bin/gmake  -f CMakeFiles/action_msgs__rosidl_typesupport_introspection_c.dir/build.make CMakeFiles/action_msgs__rosidl_typesupport_introspection_c.dir/depend
[6.927s] /usr/bin/gmake  -f CMakeFiles/action_msgs__rosidl_typesupport_microxrcedds_c.dir/build.make CMakeFiles/action_msgs__rosidl_typesupport_microxrcedds_c.dir/depend
[6.927s] /usr/bin/gmake  -f CMakeFiles/action_msgs__rosidl_typesupport_c.dir/build.make CMakeFiles/action_msgs__rosidl_typesupport_c.dir/depend
[6.949s] gmake[6]: Entering directory '/micro_ros_ws/firmware/mcu_ws/build/action_msgs'
[6.949s] cd /micro_ros_ws/firmware/mcu_ws/build/action_msgs && /usr/bin/cmake -E cmake_depends "Unix Makefiles" /micro_ros_ws/firmware/mcu_ws/ros2/rcl_interfaces/action_msgs /micro_ros_ws/firmware/mcu_ws/ros2/rcl_interfaces/action_msgs /micro_ros_ws/firmware/mcu_ws/build/action_msgs /micro_ros_ws/firmware/mcu_ws/build/action_msgs /micro_ros_ws/firmware/mcu_ws/build/action_msgs/CMakeFiles/action_msgs__rosidl_typesupport_c.dir/DependInfo.cmake --color=
[6.951s] gmake[6]: Entering directory '/micro_ros_ws/firmware/mcu_ws/build/action_msgs'
[6.952s] cd /micro_ros_ws/firmware/mcu_ws/build/action_msgs && /usr/bin/cmake -E cmake_depends "Unix Makefiles" /micro_ros_ws/firmware/mcu_ws/ros2/rcl_interfaces/action_msgs /micro_ros_ws/firmware/mcu_ws/ros2/rcl_interfaces/action_msgs /micro_ros_ws/firmware/mcu_ws/build/action_msgs /micro_ros_ws/firmware/mcu_ws/build/action_msgs /micro_ros_ws/firmware/mcu_ws/build/action_msgs/CMakeFiles/action_msgs__rosidl_typesupport_microxrcedds_c.dir/DependInfo.cmake --color=
[6.952s] gmake[6]: Entering directory '/micro_ros_ws/firmware/mcu_ws/build/action_msgs'
[6.953s] cd /micro_ros_ws/firmware/mcu_ws/build/action_msgs && /usr/bin/cmake -E cmake_depends "Unix Makefiles" /micro_ros_ws/firmware/mcu_ws/ros2/rcl_interfaces/action_msgs /micro_ros_ws/firmware/mcu_ws/ros2/rcl_interfaces/action_msgs /micro_ros_ws/firmware/mcu_ws/build/action_msgs /micro_ros_ws/firmware/mcu_ws/build/action_msgs /micro_ros_ws/firmware/mcu_ws/build/action_msgs/CMakeFiles/action_msgs__rosidl_typesupport_introspection_c.dir/DependInfo.cmake --color=
[7.012s] Dependencies file "CMakeFiles/action_msgs__rosidl_typesupport_c.dir/rosidl_typesupport_c/action_msgs/msg/goal_info__type_support.cpp.obj.d" is newer than depends file "/micro_ros_ws/firmware/mcu_ws/build/action_msgs/CMakeFiles/action_msgs__rosidl_typesupport_c.dir/compiler_depend.internal".
[7.014s] Dependencies file "CMakeFiles/action_msgs__rosidl_typesupport_c.dir/rosidl_typesupport_c/action_msgs/msg/goal_status__type_support.cpp.obj.d" is newer than depends file "/micro_ros_ws/firmware/mcu_ws/build/action_msgs/CMakeFiles/action_msgs__rosidl_typesupport_c.dir/compiler_depend.internal".
[7.015s] Dependencies file "CMakeFiles/action_msgs__rosidl_typesupport_c.dir/rosidl_typesupport_c/action_msgs/msg/goal_status_array__type_support.cpp.obj.d" is newer than depends file "/micro_ros_ws/firmware/mcu_ws/build/action_msgs/CMakeFiles/action_msgs__rosidl_typesupport_c.dir/compiler_depend.internal".
[7.019s] Dependencies file "CMakeFiles/action_msgs__rosidl_typesupport_c.dir/rosidl_typesupport_c/action_msgs/srv/cancel_goal__type_support.cpp.obj.d" is newer than depends file "/micro_ros_ws/firmware/mcu_ws/build/action_msgs/CMakeFiles/action_msgs__rosidl_typesupport_c.dir/compiler_depend.internal".
[7.020s] [35m[1mConsolidate compiler generated dependencies of target action_msgs__rosidl_typesupport_c[0m
[7.025s] Dependencies file "CMakeFiles/action_msgs__rosidl_typesupport_microxrcedds_c.dir/rosidl_typesupport_microxrcedds_c/action_msgs/msg/detail/microxrcedds/goal_info__type_support_c.c.obj.d" is newer than depends file "/micro_ros_ws/firmware/mcu_ws/build/action_msgs/CMakeFiles/action_msgs__rosidl_typesupport_microxrcedds_c.dir/compiler_depend.internal".
[7.027s] Dependencies file "CMakeFiles/action_msgs__rosidl_typesupport_microxrcedds_c.dir/rosidl_typesupport_microxrcedds_c/action_msgs/msg/detail/microxrcedds/goal_status__type_support_c.c.obj.d" is newer than depends file "/micro_ros_ws/firmware/mcu_ws/build/action_msgs/CMakeFiles/action_msgs__rosidl_typesupport_microxrcedds_c.dir/compiler_depend.internal".
[7.027s] Dependencies file "CMakeFiles/action_msgs__rosidl_typesupport_introspection_c.dir/rosidl_typesupport_introspection_c/action_msgs/msg/detail/goal_info__type_support.c.obj.d" is newer than depends file "/micro_ros_ws/firmware/mcu_ws/build/action_msgs/CMakeFiles/action_msgs__rosidl_typesupport_introspection_c.dir/compiler_depend.internal".
[7.029s] Dependencies file "CMakeFiles/action_msgs__rosidl_typesupport_microxrcedds_c.dir/rosidl_typesupport_microxrcedds_c/action_msgs/msg/detail/microxrcedds/goal_status_array__type_support_c.c.obj.d" is newer than depends file "/micro_ros_ws/firmware/mcu_ws/build/action_msgs/CMakeFiles/action_msgs__rosidl_typesupport_microxrcedds_c.dir/compiler_depend.internal".
[7.030s] Dependencies file "CMakeFiles/action_msgs__rosidl_typesupport_introspection_c.dir/rosidl_typesupport_introspection_c/action_msgs/msg/detail/goal_status__type_support.c.obj.d" is newer than depends file "/micro_ros_ws/firmware/mcu_ws/build/action_msgs/CMakeFiles/action_msgs__rosidl_typesupport_introspection_c.dir/compiler_depend.internal".
[7.033s] Dependencies file "CMakeFiles/action_msgs__rosidl_typesupport_microxrcedds_c.dir/rosidl_typesupport_microxrcedds_c/action_msgs/srv/detail/microxrcedds/cancel_goal__type_support_c.c.obj.d" is newer than depends file "/micro_ros_ws/firmware/mcu_ws/build/action_msgs/CMakeFiles/action_msgs__rosidl_typesupport_microxrcedds_c.dir/compiler_depend.internal".
[7.034s] Dependencies file "CMakeFiles/action_msgs__rosidl_typesupport_introspection_c.dir/rosidl_typesupport_introspection_c/action_msgs/msg/detail/goal_status_array__type_support.c.obj.d" is newer than depends file "/micro_ros_ws/firmware/mcu_ws/build/action_msgs/CMakeFiles/action_msgs__rosidl_typesupport_introspection_c.dir/compiler_depend.internal".
[7.039s] [35m[1mConsolidate compiler generated dependencies of target action_msgs__rosidl_typesupport_microxrcedds_c[0m
[7.042s] Dependencies file "CMakeFiles/action_msgs__rosidl_typesupport_introspection_c.dir/rosidl_typesupport_introspection_c/action_msgs/srv/detail/cancel_goal__type_support.c.obj.d" is newer than depends file "/micro_ros_ws/firmware/mcu_ws/build/action_msgs/CMakeFiles/action_msgs__rosidl_typesupport_introspection_c.dir/compiler_depend.internal".
[7.044s] [35m[1mConsolidate compiler generated dependencies of target action_msgs__rosidl_typesupport_introspection_c[0m
[7.057s] gmake[6]: Leaving directory '/micro_ros_ws/firmware/mcu_ws/build/action_msgs'
[7.057s] /usr/bin/gmake  -f CMakeFiles/action_msgs__rosidl_typesupport_c.dir/build.make CMakeFiles/action_msgs__rosidl_typesupport_c.dir/build
[7.087s] gmake[6]: Leaving directory '/micro_ros_ws/firmware/mcu_ws/build/action_msgs'
[7.087s] /usr/bin/gmake  -f CMakeFiles/action_msgs__rosidl_typesupport_introspection_c.dir/build.make CMakeFiles/action_msgs__rosidl_typesupport_introspection_c.dir/build
[7.094s] gmake[6]: Leaving directory '/micro_ros_ws/firmware/mcu_ws/build/action_msgs'
[7.095s] /usr/bin/gmake  -f CMakeFiles/action_msgs__rosidl_typesupport_microxrcedds_c.dir/build.make CMakeFiles/action_msgs__rosidl_typesupport_microxrcedds_c.dir/build
[7.101s] gmake[6]: Entering directory '/micro_ros_ws/firmware/mcu_ws/build/action_msgs'
[7.102s] gmake[6]: Nothing to be done for 'CMakeFiles/action_msgs__rosidl_typesupport_c.dir/build'.
[7.103s] gmake[6]: Leaving directory '/micro_ros_ws/firmware/mcu_ws/build/action_msgs'
[7.137s] gmake[6]: Entering directory '/micro_ros_ws/firmware/mcu_ws/build/action_msgs'
[7.138s] gmake[6]: Nothing to be done for 'CMakeFiles/action_msgs__rosidl_typesupport_introspection_c.dir/build'.
[7.138s] gmake[6]: Leaving directory '/micro_ros_ws/firmware/mcu_ws/build/action_msgs'
[7.148s] gmake[6]: Entering directory '/micro_ros_ws/firmware/mcu_ws/build/action_msgs'
[7.148s] gmake[6]: Nothing to be done for 'CMakeFiles/action_msgs__rosidl_typesupport_microxrcedds_c.dir/build'.
[7.149s] gmake[6]: Leaving directory '/micro_ros_ws/firmware/mcu_ws/build/action_msgs'
[7.152s] [ 50%] Built target action_msgs__rosidl_typesupport_c
[7.177s] [ 75%] Built target action_msgs__rosidl_typesupport_introspection_c
[7.191s] [100%] Built target action_msgs__rosidl_typesupport_microxrcedds_c
[7.192s] /usr/bin/gmake  -f CMakeFiles/action_msgs.dir/build.make CMakeFiles/action_msgs.dir/depend
[7.199s] gmake[6]: Entering directory '/micro_ros_ws/firmware/mcu_ws/build/action_msgs'
[7.199s] cd /micro_ros_ws/firmware/mcu_ws/build/action_msgs && /usr/bin/cmake -E cmake_depends "Unix Makefiles" /micro_ros_ws/firmware/mcu_ws/ros2/rcl_interfaces/action_msgs /micro_ros_ws/firmware/mcu_ws/ros2/rcl_interfaces/action_msgs /micro_ros_ws/firmware/mcu_ws/build/action_msgs /micro_ros_ws/firmware/mcu_ws/build/action_msgs /micro_ros_ws/firmware/mcu_ws/build/action_msgs/CMakeFiles/action_msgs.dir/DependInfo.cmake --color=
[7.225s] gmake[6]: Leaving directory '/micro_ros_ws/firmware/mcu_ws/build/action_msgs'
[7.225s] /usr/bin/gmake  -f CMakeFiles/action_msgs.dir/build.make CMakeFiles/action_msgs.dir/build
[7.233s] gmake[6]: Entering directory '/micro_ros_ws/firmware/mcu_ws/build/action_msgs'
[7.233s] gmake[6]: Nothing to be done for 'CMakeFiles/action_msgs.dir/build'.
[7.233s] gmake[6]: Leaving directory '/micro_ros_ws/firmware/mcu_ws/build/action_msgs'
[7.262s] [100%] Built target action_msgs
[7.263s] gmake[5]: Leaving directory '/micro_ros_ws/firmware/mcu_ws/build/action_msgs'
[7.263s] /usr/bin/cmake -E cmake_progress_start /micro_ros_ws/firmware/mcu_ws/build/action_msgs/CMakeFiles 0
[7.306s] gmake[4]: Leaving directory '/micro_ros_ws/firmware/mcu_ws/build/action_msgs'
[7.445s] Invoked command in '/micro_ros_ws/firmware/mcu_ws/build/action_msgs' returned '0': AMENT_PREFIX_PATH=/micro_ros_ws/firmware/mcu_ws/install:${AMENT_PREFIX_PATH} CMAKE_PREFIX_PATH=/micro_ros_ws/firmware/mcu_ws/install:/micro_ros_ws/firmware/dev_ws/install/ament_lint_common:/micro_ros_ws/firmware/dev_ws/install/ament_cmake_uncrustify:/micro_ros_ws/firmware/dev_ws/install/uncrustify_vendor:/micro_ros_ws/firmware/dev_ws/install/ament_cmake_ros:/micro_ros_ws/firmware/dev_ws/install/ament_cmake_auto:/micro_ros_ws/firmware/dev_ws/install/ament_cmake_gmock:/micro_ros_ws/firmware/dev_ws/install/gmock_vendor:/micro_ros_ws/firmware/dev_ws/install/ament_cmake_gtest:/micro_ros_ws/firmware/dev_ws/install/gtest_vendor:/micro_ros_ws/firmware/dev_ws/install/ament_cmake_xmllint:/micro_ros_ws/firmware/dev_ws/install/ament_cmake_pyflakes:/micro_ros_ws/firmware/dev_ws/install/ament_cmake_pycodestyle:/micro_ros_ws/firmware/dev_ws/install/ament_cmake_pep257:/micro_ros_ws/firmware/dev_ws/install/ament_cmake_pclint:/micro_ros_ws/firmware/dev_ws/install/ament_lint_auto:/micro_ros_ws/firmware/dev_ws/install/ament_cmake:/micro_ros_ws/firmware/dev_ws/install/ament_cmake_version:/micro_ros_ws/firmware/dev_ws/install/ament_cmake_vendor_package:/micro_ros_ws/firmware/dev_ws/install/ament_cmake_pytest:/micro_ros_ws/firmware/dev_ws/install/ament_cmake_nose:/micro_ros_ws/firmware/dev_ws/install/ament_cmake_mypy:/micro_ros_ws/firmware/dev_ws/install/ament_cmake_lint_cmake:/micro_ros_ws/firmware/dev_ws/install/ament_cmake_google_benchmark:/micro_ros_ws/firmware/dev_ws/install/ament_cmake_flake8:/micro_ros_ws/firmware/dev_ws/install/ament_cmake_cpplint:/micro_ros_ws/firmware/dev_ws/install/ament_cmake_cppcheck:/micro_ros_ws/firmware/dev_ws/install/ament_cmake_copyright:/micro_ros_ws/firmware/dev_ws/install/ament_cmake_clang_tidy:/micro_ros_ws/firmware/dev_ws/install/ament_cmake_clang_format:/micro_ros_ws/firmware/dev_ws/install/ament_cmake_test:/micro_ros_ws/firmware/dev_ws/install/ament_cmake_target_dependencies:/micro_ros_ws/firmware/dev_ws/install/ament_cmake_python:/micro_ros_ws/firmware/dev_ws/install/ament_cmake_export_dependencies:/micro_ros_ws/firmware/dev_ws/install/ament_cmake_libraries:/micro_ros_ws/firmware/dev_ws/install/ament_cmake_include_directories:/micro_ros_ws/firmware/dev_ws/install/ament_cmake_gen_version_h:/micro_ros_ws/firmware/dev_ws/install/ament_cmake_export_targets:/micro_ros_ws/firmware/dev_ws/install/ament_cmake_export_link_flags:/micro_ros_ws/firmware/dev_ws/install/ament_cmake_export_interfaces:/micro_ros_ws/firmware/dev_ws/install/ament_cmake_export_libraries:/micro_ros_ws/firmware/dev_ws/install/ament_cmake_export_include_directories:/micro_ros_ws/firmware/dev_ws/install/ament_cmake_export_definitions:/micro_ros_ws/firmware/dev_ws/install/ament_cmake_core:/micro_ros_ws/firmware/dev_ws/install/ament_index_cpp:/micro_ros_ws/firmware/dev_ws/install/ament_uncrustify:/micro_ros_ws/firmware/dev_ws/install/domain_coordinator:/micro_ros_ws/firmware/dev_ws/install/ament_xmllint:/micro_ros_ws/firmware/dev_ws/install/ament_pyflakes:/micro_ros_ws/firmware/dev_ws/install/ament_pycodestyle:/micro_ros_ws/firmware/dev_ws/install/ament_pep257:/micro_ros_ws/firmware/dev_ws/install/ament_pclint:/micro_ros_ws/firmware/dev_ws/install/ament_package:/micro_ros_ws/firmware/dev_ws/install/ament_mypy:/micro_ros_ws/firmware/dev_ws/install/ament_lint_cmake:/micro_ros_ws/firmware/dev_ws/install/ament_flake8:/micro_ros_ws/firmware/dev_ws/install/ament_copyright:/micro_ros_ws/firmware/dev_ws/install/ament_lint:/micro_ros_ws/firmware/dev_ws/install/ament_index_python:/micro_ros_ws/firmware/dev_ws/install/ament_cpplint:/micro_ros_ws/firmware/dev_ws/install/ament_cppcheck:/micro_ros_ws/firmware/dev_ws/install/ament_clang_tidy:/micro_ros_ws/firmware/dev_ws/install/ament_clang_format LD_LIBRARY_PATH=/micro_ros_ws/firmware/mcu_ws/install/lib:${LD_LIBRARY_PATH} PATH=/micro_ros_ws/firmware/mcu_ws/install/bin:${PATH} PYTHONPATH=/micro_ros_ws/firmware/mcu_ws/install/lib/python3.10/site-packages:${PYTHONPATH} /usr/bin/cmake --build /micro_ros_ws/firmware/mcu_ws/build/action_msgs -- -j12 -l12
[7.448s] Invoking command in '/micro_ros_ws/firmware/mcu_ws/build/action_msgs': AMENT_PREFIX_PATH=/micro_ros_ws/firmware/mcu_ws/install:${AMENT_PREFIX_PATH} CMAKE_PREFIX_PATH=/micro_ros_ws/firmware/mcu_ws/install:/micro_ros_ws/firmware/dev_ws/install/ament_lint_common:/micro_ros_ws/firmware/dev_ws/install/ament_cmake_uncrustify:/micro_ros_ws/firmware/dev_ws/install/uncrustify_vendor:/micro_ros_ws/firmware/dev_ws/install/ament_cmake_ros:/micro_ros_ws/firmware/dev_ws/install/ament_cmake_auto:/micro_ros_ws/firmware/dev_ws/install/ament_cmake_gmock:/micro_ros_ws/firmware/dev_ws/install/gmock_vendor:/micro_ros_ws/firmware/dev_ws/install/ament_cmake_gtest:/micro_ros_ws/firmware/dev_ws/install/gtest_vendor:/micro_ros_ws/firmware/dev_ws/install/ament_cmake_xmllint:/micro_ros_ws/firmware/dev_ws/install/ament_cmake_pyflakes:/micro_ros_ws/firmware/dev_ws/install/ament_cmake_pycodestyle:/micro_ros_ws/firmware/dev_ws/install/ament_cmake_pep257:/micro_ros_ws/firmware/dev_ws/install/ament_cmake_pclint:/micro_ros_ws/firmware/dev_ws/install/ament_lint_auto:/micro_ros_ws/firmware/dev_ws/install/ament_cmake:/micro_ros_ws/firmware/dev_ws/install/ament_cmake_version:/micro_ros_ws/firmware/dev_ws/install/ament_cmake_vendor_package:/micro_ros_ws/firmware/dev_ws/install/ament_cmake_pytest:/micro_ros_ws/firmware/dev_ws/install/ament_cmake_nose:/micro_ros_ws/firmware/dev_ws/install/ament_cmake_mypy:/micro_ros_ws/firmware/dev_ws/install/ament_cmake_lint_cmake:/micro_ros_ws/firmware/dev_ws/install/ament_cmake_google_benchmark:/micro_ros_ws/firmware/dev_ws/install/ament_cmake_flake8:/micro_ros_ws/firmware/dev_ws/install/ament_cmake_cpplint:/micro_ros_ws/firmware/dev_ws/install/ament_cmake_cppcheck:/micro_ros_ws/firmware/dev_ws/install/ament_cmake_copyright:/micro_ros_ws/firmware/dev_ws/install/ament_cmake_clang_tidy:/micro_ros_ws/firmware/dev_ws/install/ament_cmake_clang_format:/micro_ros_ws/firmware/dev_ws/install/ament_cmake_test:/micro_ros_ws/firmware/dev_ws/install/ament_cmake_target_dependencies:/micro_ros_ws/firmware/dev_ws/install/ament_cmake_python:/micro_ros_ws/firmware/dev_ws/install/ament_cmake_export_dependencies:/micro_ros_ws/firmware/dev_ws/install/ament_cmake_libraries:/micro_ros_ws/firmware/dev_ws/install/ament_cmake_include_directories:/micro_ros_ws/firmware/dev_ws/install/ament_cmake_gen_version_h:/micro_ros_ws/firmware/dev_ws/install/ament_cmake_export_targets:/micro_ros_ws/firmware/dev_ws/install/ament_cmake_export_link_flags:/micro_ros_ws/firmware/dev_ws/install/ament_cmake_export_interfaces:/micro_ros_ws/firmware/dev_ws/install/ament_cmake_export_libraries:/micro_ros_ws/firmware/dev_ws/install/ament_cmake_export_include_directories:/micro_ros_ws/firmware/dev_ws/install/ament_cmake_export_definitions:/micro_ros_ws/firmware/dev_ws/install/ament_cmake_core:/micro_ros_ws/firmware/dev_ws/install/ament_index_cpp:/micro_ros_ws/firmware/dev_ws/install/ament_uncrustify:/micro_ros_ws/firmware/dev_ws/install/domain_coordinator:/micro_ros_ws/firmware/dev_ws/install/ament_xmllint:/micro_ros_ws/firmware/dev_ws/install/ament_pyflakes:/micro_ros_ws/firmware/dev_ws/install/ament_pycodestyle:/micro_ros_ws/firmware/dev_ws/install/ament_pep257:/micro_ros_ws/firmware/dev_ws/install/ament_pclint:/micro_ros_ws/firmware/dev_ws/install/ament_package:/micro_ros_ws/firmware/dev_ws/install/ament_mypy:/micro_ros_ws/firmware/dev_ws/install/ament_lint_cmake:/micro_ros_ws/firmware/dev_ws/install/ament_flake8:/micro_ros_ws/firmware/dev_ws/install/ament_copyright:/micro_ros_ws/firmware/dev_ws/install/ament_lint:/micro_ros_ws/firmware/dev_ws/install/ament_index_python:/micro_ros_ws/firmware/dev_ws/install/ament_cpplint:/micro_ros_ws/firmware/dev_ws/install/ament_cppcheck:/micro_ros_ws/firmware/dev_ws/install/ament_clang_tidy:/micro_ros_ws/firmware/dev_ws/install/ament_clang_format LD_LIBRARY_PATH=/micro_ros_ws/firmware/mcu_ws/install/lib:${LD_LIBRARY_PATH} PATH=/micro_ros_ws/firmware/mcu_ws/install/bin:${PATH} PYTHONPATH=/micro_ros_ws/firmware/mcu_ws/install/lib/python3.10/site-packages:${PYTHONPATH} /usr/bin/cmake --install /micro_ros_ws/firmware/mcu_ws/build/action_msgs
[7.476s] -- Install configuration: "Debug"
[7.480s] -- Up-to-date: /micro_ros_ws/firmware/mcu_ws/install/share/ament_index/resource_index/rosidl_interfaces/action_msgs
[7.483s] -- Up-to-date: /micro_ros_ws/firmware/mcu_ws/install/include/action_msgs/action_msgs
[7.486s] -- Up-to-date: /micro_ros_ws/firmware/mcu_ws/install/include/action_msgs/action_msgs/msg
[7.490s] -- Up-to-date: /micro_ros_ws/firmware/mcu_ws/install/include/action_msgs/action_msgs/msg/detail
[7.495s] -- Up-to-date: /micro_ros_ws/firmware/mcu_ws/install/include/action_msgs/action_msgs/msg/detail/goal_info__functions.c
[7.499s] -- Up-to-date: /micro_ros_ws/firmware/mcu_ws/install/include/action_msgs/action_msgs/msg/detail/goal_info__functions.h
[7.502s] -- Up-to-date: /micro_ros_ws/firmware/mcu_ws/install/include/action_msgs/action_msgs/msg/detail/goal_info__struct.h
[7.505s] -- Up-to-date: /micro_ros_ws/firmware/mcu_ws/install/include/action_msgs/action_msgs/msg/detail/goal_info__type_support.h
[7.508s] -- Up-to-date: /micro_ros_ws/firmware/mcu_ws/install/include/action_msgs/action_msgs/msg/detail/goal_status_array__functions.c
[7.511s] -- Up-to-date: /micro_ros_ws/firmware/mcu_ws/install/include/action_msgs/action_msgs/msg/detail/goal_status_array__functions.h
[7.513s] -- Up-to-date: /micro_ros_ws/firmware/mcu_ws/install/include/action_msgs/action_msgs/msg/detail/goal_status_array__struct.h
[7.516s] -- Up-to-date: /micro_ros_ws/firmware/mcu_ws/install/include/action_msgs/action_msgs/msg/detail/goal_status_array__type_support.h
[7.518s] -- Up-to-date: /micro_ros_ws/firmware/mcu_ws/install/include/action_msgs/action_msgs/msg/detail/goal_status__functions.c
[7.521s] -- Up-to-date: /micro_ros_ws/firmware/mcu_ws/install/include/action_msgs/action_msgs/msg/detail/goal_status__functions.h
[7.523s] -- Up-to-date: /micro_ros_ws/firmware/mcu_ws/install/include/action_msgs/action_msgs/msg/detail/goal_status__struct.h
[7.526s] -- Up-to-date: /micro_ros_ws/firmware/mcu_ws/install/include/action_msgs/action_msgs/msg/detail/goal_status__type_support.h
[7.528s] -- Up-to-date: /micro_ros_ws/firmware/mcu_ws/install/include/action_msgs/action_msgs/msg/goal_info.h
[7.531s] -- Up-to-date: /micro_ros_ws/firmware/mcu_ws/install/include/action_msgs/action_msgs/msg/goal_status.h
[7.533s] -- Up-to-date: /micro_ros_ws/firmware/mcu_ws/install/include/action_msgs/action_msgs/msg/goal_status_array.h
[7.536s] -- Up-to-date: /micro_ros_ws/firmware/mcu_ws/install/include/action_msgs/action_msgs/msg/rosidl_generator_c__visibility_control.h
[7.537s] -- Up-to-date: /micro_ros_ws/firmware/mcu_ws/install/include/action_msgs/action_msgs/srv
[7.541s] -- Up-to-date: /micro_ros_ws/firmware/mcu_ws/install/include/action_msgs/action_msgs/srv/cancel_goal.h
[7.543s] -- Up-to-date: /micro_ros_ws/firmware/mcu_ws/install/include/action_msgs/action_msgs/srv/detail
[7.547s] -- Up-to-date: /micro_ros_ws/firmware/mcu_ws/install/include/action_msgs/action_msgs/srv/detail/cancel_goal__functions.c
[7.549s] -- Up-to-date: /micro_ros_ws/firmware/mcu_ws/install/include/action_msgs/action_msgs/srv/detail/cancel_goal__functions.h
[7.552s] -- Up-to-date: /micro_ros_ws/firmware/mcu_ws/install/include/action_msgs/action_msgs/srv/detail/cancel_goal__struct.h
[7.554s] -- Up-to-date: /micro_ros_ws/firmware/mcu_ws/install/include/action_msgs/action_msgs/srv/detail/cancel_goal__type_support.h
[7.557s] -- Up-to-date: /micro_ros_ws/firmware/mcu_ws/install/share/action_msgs/environment/library_path.sh
[7.559s] -- Installing: /micro_ros_ws/firmware/mcu_ws/install/share/action_msgs/environment/library_path.dsv
[7.565s] -- Up-to-date: /micro_ros_ws/firmware/mcu_ws/install/lib/libaction_msgs__rosidl_generator_c.a
[7.566s] -- Up-to-date: /micro_ros_ws/firmware/mcu_ws/install/include/action_msgs/action_msgs
[7.568s] -- Up-to-date: /micro_ros_ws/firmware/mcu_ws/install/include/action_msgs/action_msgs/msg
[7.570s] -- Up-to-date: /micro_ros_ws/firmware/mcu_ws/install/include/action_msgs/action_msgs/msg/detail
[7.573s] -- Up-to-date: /micro_ros_ws/firmware/mcu_ws/install/include/action_msgs/action_msgs/msg/detail/goal_info__rosidl_typesupport_introspection_c.h
[7.575s] -- Up-to-date: /micro_ros_ws/firmware/mcu_ws/install/include/action_msgs/action_msgs/msg/detail/goal_info__type_support.c
[7.578s] -- Up-to-date: /micro_ros_ws/firmware/mcu_ws/install/include/action_msgs/action_msgs/msg/detail/goal_status_array__rosidl_typesupport_introspection_c.h
[7.579s] -- Up-to-date: /micro_ros_ws/firmware/mcu_ws/install/include/action_msgs/action_msgs/msg/detail/goal_status_array__type_support.c
[7.582s] -- Up-to-date: /micro_ros_ws/firmware/mcu_ws/install/include/action_msgs/action_msgs/msg/detail/goal_status__rosidl_typesupport_introspection_c.h
[7.588s] -- Up-to-date: /micro_ros_ws/firmware/mcu_ws/install/include/action_msgs/action_msgs/msg/detail/goal_status__type_support.c
[7.591s] -- Up-to-date: /micro_ros_ws/firmware/mcu_ws/install/include/action_msgs/action_msgs/msg/rosidl_typesupport_introspection_c__visibility_control.h
[7.594s] -- Up-to-date: /micro_ros_ws/firmware/mcu_ws/install/include/action_msgs/action_msgs/srv
[7.597s] -- Up-to-date: /micro_ros_ws/firmware/mcu_ws/install/include/action_msgs/action_msgs/srv/detail
[7.602s] -- Up-to-date: /micro_ros_ws/firmware/mcu_ws/install/include/action_msgs/action_msgs/srv/detail/cancel_goal__rosidl_typesupport_introspection_c.h
[7.607s] -- Up-to-date: /micro_ros_ws/firmware/mcu_ws/install/include/action_msgs/action_msgs/srv/detail/cancel_goal__type_support.c
[7.609s] -- Up-to-date: /micro_ros_ws/firmware/mcu_ws/install/lib/libaction_msgs__rosidl_typesupport_introspection_c.a
[7.610s] -- Up-to-date: /micro_ros_ws/firmware/mcu_ws/install/include/action_msgs/action_msgs
[7.612s] -- Up-to-date: /micro_ros_ws/firmware/mcu_ws/install/include/action_msgs/action_msgs/msg
[7.615s] -- Up-to-date: /micro_ros_ws/firmware/mcu_ws/install/include/action_msgs/action_msgs/msg/detail
[7.618s] -- Up-to-date: /micro_ros_ws/firmware/mcu_ws/install/include/action_msgs/action_msgs/msg/detail/goal_info__rosidl_typesupport_microxrcedds_c.h
[7.620s] -- Up-to-date: /micro_ros_ws/firmware/mcu_ws/install/include/action_msgs/action_msgs/msg/detail/goal_status_array__rosidl_typesupport_microxrcedds_c.h
[7.622s] -- Up-to-date: /micro_ros_ws/firmware/mcu_ws/install/include/action_msgs/action_msgs/msg/detail/goal_status__rosidl_typesupport_microxrcedds_c.h
[7.624s] -- Up-to-date: /micro_ros_ws/firmware/mcu_ws/install/include/action_msgs/action_msgs/msg/detail/microxrcedds
[7.627s] -- Up-to-date: /micro_ros_ws/firmware/mcu_ws/install/include/action_msgs/action_msgs/msg/rosidl_typesupport_microxrcedds_c__visibility_control.h
[7.628s] -- Up-to-date: /micro_ros_ws/firmware/mcu_ws/install/include/action_msgs/action_msgs/srv
[7.631s] -- Up-to-date: /micro_ros_ws/firmware/mcu_ws/install/include/action_msgs/action_msgs/srv/detail
[7.634s] -- Up-to-date: /micro_ros_ws/firmware/mcu_ws/install/include/action_msgs/action_msgs/srv/detail/cancel_goal__rosidl_typesupport_microxrcedds_c.h
[7.636s] -- Up-to-date: /micro_ros_ws/firmware/mcu_ws/install/include/action_msgs/action_msgs/srv/detail/microxrcedds
[7.638s] -- Up-to-date: /micro_ros_ws/firmware/mcu_ws/install/lib/libaction_msgs__rosidl_typesupport_microxrcedds_c.a
[7.639s] -- Up-to-date: /micro_ros_ws/firmware/mcu_ws/install/lib/libaction_msgs__rosidl_typesupport_c.a
[7.641s] -- Up-to-date: /micro_ros_ws/firmware/mcu_ws/install/share/action_msgs/msg/GoalInfo.idl
[7.643s] -- Up-to-date: /micro_ros_ws/firmware/mcu_ws/install/share/action_msgs/msg/GoalStatus.idl
[7.644s] -- Up-to-date: /micro_ros_ws/firmware/mcu_ws/install/share/action_msgs/msg/GoalStatusArray.idl
[7.646s] -- Up-to-date: /micro_ros_ws/firmware/mcu_ws/install/share/action_msgs/srv/CancelGoal.idl
[7.647s] -- Up-to-date: /micro_ros_ws/firmware/mcu_ws/install/share/action_msgs/msg/GoalInfo.msg
[7.649s] -- Up-to-date: /micro_ros_ws/firmware/mcu_ws/install/share/action_msgs/msg/GoalStatus.msg
[7.651s] -- Up-to-date: /micro_ros_ws/firmware/mcu_ws/install/share/action_msgs/msg/GoalStatusArray.msg
[7.652s] -- Up-to-date: /micro_ros_ws/firmware/mcu_ws/install/share/action_msgs/srv/CancelGoal.srv
[7.654s] -- Up-to-date: /micro_ros_ws/firmware/mcu_ws/install/share/action_msgs/srv/CancelGoal_Request.msg
[7.656s] -- Up-to-date: /micro_ros_ws/firmware/mcu_ws/install/share/action_msgs/srv/CancelGoal_Response.msg
[7.658s] -- Up-to-date: /micro_ros_ws/firmware/mcu_ws/install/share/ament_index/resource_index/package_run_dependencies/action_msgs
[7.660s] -- Up-to-date: /micro_ros_ws/firmware/mcu_ws/install/share/ament_index/resource_index/parent_prefix_path/action_msgs
[7.663s] -- Up-to-date: /micro_ros_ws/firmware/mcu_ws/install/share/action_msgs/environment/ament_prefix_path.sh
[7.664s] -- Installing: /micro_ros_ws/firmware/mcu_ws/install/share/action_msgs/environment/ament_prefix_path.dsv
[7.670s] -- Up-to-date: /micro_ros_ws/firmware/mcu_ws/install/share/action_msgs/environment/path.sh
[7.671s] -- Installing: /micro_ros_ws/firmware/mcu_ws/install/share/action_msgs/environment/path.dsv
[7.676s] -- Up-to-date: /micro_ros_ws/firmware/mcu_ws/install/share/action_msgs/local_setup.bash
[7.677s] -- Up-to-date: /micro_ros_ws/firmware/mcu_ws/install/share/action_msgs/local_setup.sh
[7.678s] -- Up-to-date: /micro_ros_ws/firmware/mcu_ws/install/share/action_msgs/local_setup.zsh
[7.680s] -- Installing: /micro_ros_ws/firmware/mcu_ws/install/share/action_msgs/local_setup.dsv
[7.685s] -- Installing: /micro_ros_ws/firmware/mcu_ws/install/share/action_msgs/package.dsv
[7.692s] -- Up-to-date: /micro_ros_ws/firmware/mcu_ws/install/share/ament_index/resource_index/packages/action_msgs
[7.699s] -- Up-to-date: /micro_ros_ws/firmware/mcu_ws/install/share/action_msgs/cmake/export_action_msgs__rosidl_generator_cExport.cmake
[7.702s] -- Up-to-date: /micro_ros_ws/firmware/mcu_ws/install/share/action_msgs/cmake/export_action_msgs__rosidl_generator_cExport-debug.cmake
[7.705s] -- Up-to-date: /micro_ros_ws/firmware/mcu_ws/install/share/action_msgs/cmake/action_msgs__rosidl_typesupport_introspection_cExport.cmake
[7.707s] -- Up-to-date: /micro_ros_ws/firmware/mcu_ws/install/share/action_msgs/cmake/action_msgs__rosidl_typesupport_introspection_cExport-debug.cmake
[7.709s] -- Up-to-date: /micro_ros_ws/firmware/mcu_ws/install/share/action_msgs/cmake/action_msgs__rosidl_typesupport_cExport.cmake
[7.711s] -- Up-to-date: /micro_ros_ws/firmware/mcu_ws/install/share/action_msgs/cmake/action_msgs__rosidl_typesupport_cExport-debug.cmake
[7.711s] -- Up-to-date: /micro_ros_ws/firmware/mcu_ws/install/share/action_msgs/cmake/rosidl_cmake-extras.cmake
[7.713s] -- Up-to-date: /micro_ros_ws/firmware/mcu_ws/install/share/action_msgs/cmake/ament_cmake_export_dependencies-extras.cmake
[7.714s] -- Up-to-date: /micro_ros_ws/firmware/mcu_ws/install/share/action_msgs/cmake/ament_cmake_export_include_directories-extras.cmake
[7.715s] -- Up-to-date: /micro_ros_ws/firmware/mcu_ws/install/share/action_msgs/cmake/ament_cmake_export_libraries-extras.cmake
[7.716s] -- Up-to-date: /micro_ros_ws/firmware/mcu_ws/install/share/action_msgs/cmake/ament_cmake_export_targets-extras.cmake
[7.717s] -- Up-to-date: /micro_ros_ws/firmware/mcu_ws/install/share/action_msgs/cmake/rosidl_cmake_export_typesupport_targets-extras.cmake
[7.718s] -- Up-to-date: /micro_ros_ws/firmware/mcu_ws/install/share/action_msgs/cmake/rosidl_cmake_export_typesupport_libraries-extras.cmake
[7.720s] -- Up-to-date: /micro_ros_ws/firmware/mcu_ws/install/share/action_msgs/cmake/rosidl_cmake_aggregate_target-extras.cmake
[7.721s] -- Up-to-date: /micro_ros_ws/firmware/mcu_ws/install/share/action_msgs/cmake/action_msgsConfig.cmake
[7.722s] -- Up-to-date: /micro_ros_ws/firmware/mcu_ws/install/share/action_msgs/cmake/action_msgsConfig-version.cmake
[7.723s] -- Up-to-date: /micro_ros_ws/firmware/mcu_ws/install/share/action_msgs/package.xml
[7.726s] Invoked command in '/micro_ros_ws/firmware/mcu_ws/build/action_msgs' returned '0': AMENT_PREFIX_PATH=/micro_ros_ws/firmware/mcu_ws/install:${AMENT_PREFIX_PATH} CMAKE_PREFIX_PATH=/micro_ros_ws/firmware/mcu_ws/install:/micro_ros_ws/firmware/dev_ws/install/ament_lint_common:/micro_ros_ws/firmware/dev_ws/install/ament_cmake_uncrustify:/micro_ros_ws/firmware/dev_ws/install/uncrustify_vendor:/micro_ros_ws/firmware/dev_ws/install/ament_cmake_ros:/micro_ros_ws/firmware/dev_ws/install/ament_cmake_auto:/micro_ros_ws/firmware/dev_ws/install/ament_cmake_gmock:/micro_ros_ws/firmware/dev_ws/install/gmock_vendor:/micro_ros_ws/firmware/dev_ws/install/ament_cmake_gtest:/micro_ros_ws/firmware/dev_ws/install/gtest_vendor:/micro_ros_ws/firmware/dev_ws/install/ament_cmake_xmllint:/micro_ros_ws/firmware/dev_ws/install/ament_cmake_pyflakes:/micro_ros_ws/firmware/dev_ws/install/ament_cmake_pycodestyle:/micro_ros_ws/firmware/dev_ws/install/ament_cmake_pep257:/micro_ros_ws/firmware/dev_ws/install/ament_cmake_pclint:/micro_ros_ws/firmware/dev_ws/install/ament_lint_auto:/micro_ros_ws/firmware/dev_ws/install/ament_cmake:/micro_ros_ws/firmware/dev_ws/install/ament_cmake_version:/micro_ros_ws/firmware/dev_ws/install/ament_cmake_vendor_package:/micro_ros_ws/firmware/dev_ws/install/ament_cmake_pytest:/micro_ros_ws/firmware/dev_ws/install/ament_cmake_nose:/micro_ros_ws/firmware/dev_ws/install/ament_cmake_mypy:/micro_ros_ws/firmware/dev_ws/install/ament_cmake_lint_cmake:/micro_ros_ws/firmware/dev_ws/install/ament_cmake_google_benchmark:/micro_ros_ws/firmware/dev_ws/install/ament_cmake_flake8:/micro_ros_ws/firmware/dev_ws/install/ament_cmake_cpplint:/micro_ros_ws/firmware/dev_ws/install/ament_cmake_cppcheck:/micro_ros_ws/firmware/dev_ws/install/ament_cmake_copyright:/micro_ros_ws/firmware/dev_ws/install/ament_cmake_clang_tidy:/micro_ros_ws/firmware/dev_ws/install/ament_cmake_clang_format:/micro_ros_ws/firmware/dev_ws/install/ament_cmake_test:/micro_ros_ws/firmware/dev_ws/install/ament_cmake_target_dependencies:/micro_ros_ws/firmware/dev_ws/install/ament_cmake_python:/micro_ros_ws/firmware/dev_ws/install/ament_cmake_export_dependencies:/micro_ros_ws/firmware/dev_ws/install/ament_cmake_libraries:/micro_ros_ws/firmware/dev_ws/install/ament_cmake_include_directories:/micro_ros_ws/firmware/dev_ws/install/ament_cmake_gen_version_h:/micro_ros_ws/firmware/dev_ws/install/ament_cmake_export_targets:/micro_ros_ws/firmware/dev_ws/install/ament_cmake_export_link_flags:/micro_ros_ws/firmware/dev_ws/install/ament_cmake_export_interfaces:/micro_ros_ws/firmware/dev_ws/install/ament_cmake_export_libraries:/micro_ros_ws/firmware/dev_ws/install/ament_cmake_export_include_directories:/micro_ros_ws/firmware/dev_ws/install/ament_cmake_export_definitions:/micro_ros_ws/firmware/dev_ws/install/ament_cmake_core:/micro_ros_ws/firmware/dev_ws/install/ament_index_cpp:/micro_ros_ws/firmware/dev_ws/install/ament_uncrustify:/micro_ros_ws/firmware/dev_ws/install/domain_coordinator:/micro_ros_ws/firmware/dev_ws/install/ament_xmllint:/micro_ros_ws/firmware/dev_ws/install/ament_pyflakes:/micro_ros_ws/firmware/dev_ws/install/ament_pycodestyle:/micro_ros_ws/firmware/dev_ws/install/ament_pep257:/micro_ros_ws/firmware/dev_ws/install/ament_pclint:/micro_ros_ws/firmware/dev_ws/install/ament_package:/micro_ros_ws/firmware/dev_ws/install/ament_mypy:/micro_ros_ws/firmware/dev_ws/install/ament_lint_cmake:/micro_ros_ws/firmware/dev_ws/install/ament_flake8:/micro_ros_ws/firmware/dev_ws/install/ament_copyright:/micro_ros_ws/firmware/dev_ws/install/ament_lint:/micro_ros_ws/firmware/dev_ws/install/ament_index_python:/micro_ros_ws/firmware/dev_ws/install/ament_cpplint:/micro_ros_ws/firmware/dev_ws/install/ament_cppcheck:/micro_ros_ws/firmware/dev_ws/install/ament_clang_tidy:/micro_ros_ws/firmware/dev_ws/install/ament_clang_format LD_LIBRARY_PATH=/micro_ros_ws/firmware/mcu_ws/install/lib:${LD_LIBRARY_PATH} PATH=/micro_ros_ws/firmware/mcu_ws/install/bin:${PATH} PYTHONPATH=/micro_ros_ws/firmware/mcu_ws/install/lib/python3.10/site-packages:${PYTHONPATH} /usr/bin/cmake --install /micro_ros_ws/firmware/mcu_ws/build/action_msgs
