gmake[4]: Entering directory '/micro_ros_ws/firmware/mcu_ws/build/rcl_action'
/usr/bin/cmake -S/micro_ros_ws/firmware/mcu_ws/uros/rcl/rcl_action -B/micro_ros_ws/firmware/mcu_ws/build/rcl_action --check-build-system CMakeFiles/Makefile.cmake 0
/usr/bin/cmake -E cmake_progress_start /micro_ros_ws/firmware/mcu_ws/build/rcl_action/CMakeFiles /micro_ros_ws/firmware/mcu_ws/build/rcl_action//CMakeFiles/progress.marks
/usr/bin/gmake  -f CMakeFiles/Makefile2 all
gmake[5]: Entering directory '/micro_ros_ws/firmware/mcu_ws/build/rcl_action'
/usr/bin/gmake  -f CMakeFiles/ament_generate_version_header__rcl_action.dir/build.make CMakeFiles/ament_generate_version_header__rcl_action.dir/depend
gmake[6]: Entering directory '/micro_ros_ws/firmware/mcu_ws/build/rcl_action'
cd /micro_ros_ws/firmware/mcu_ws/build/rcl_action && /usr/bin/cmake -E cmake_depends "Unix Makefiles" /micro_ros_ws/firmware/mcu_ws/uros/rcl/rcl_action /micro_ros_ws/firmware/mcu_ws/uros/rcl/rcl_action /micro_ros_ws/firmware/mcu_ws/build/rcl_action /micro_ros_ws/firmware/mcu_ws/build/rcl_action /micro_ros_ws/firmware/mcu_ws/build/rcl_action/CMakeFiles/ament_generate_version_header__rcl_action.dir/DependInfo.cmake --color=
gmake[6]: Leaving directory '/micro_ros_ws/firmware/mcu_ws/build/rcl_action'
/usr/bin/gmake  -f CMakeFiles/ament_generate_version_header__rcl_action.dir/build.make CMakeFiles/ament_generate_version_header__rcl_action.dir/build
gmake[6]: Entering directory '/micro_ros_ws/firmware/mcu_ws/build/rcl_action'
gmake[6]: Nothing to be done for 'CMakeFiles/ament_generate_version_header__rcl_action.dir/build'.
gmake[6]: Leaving directory '/micro_ros_ws/firmware/mcu_ws/build/rcl_action'
[ 11%] Built target ament_generate_version_header__rcl_action
/usr/bin/gmake  -f CMakeFiles/rcl_action.dir/build.make CMakeFiles/rcl_action.dir/depend
gmake[6]: Entering directory '/micro_ros_ws/firmware/mcu_ws/build/rcl_action'
cd /micro_ros_ws/firmware/mcu_ws/build/rcl_action && /usr/bin/cmake -E cmake_depends "Unix Makefiles" /micro_ros_ws/firmware/mcu_ws/uros/rcl/rcl_action /micro_ros_ws/firmware/mcu_ws/uros/rcl/rcl_action /micro_ros_ws/firmware/mcu_ws/build/rcl_action /micro_ros_ws/firmware/mcu_ws/build/rcl_action /micro_ros_ws/firmware/mcu_ws/build/rcl_action/CMakeFiles/rcl_action.dir/DependInfo.cmake --color=
Dependencies file "CMakeFiles/rcl_action.dir/src/rcl_action/action_client.c.obj.d" is newer than depends file "/micro_ros_ws/firmware/mcu_ws/build/rcl_action/CMakeFiles/rcl_action.dir/compiler_depend.internal".
Dependencies file "CMakeFiles/rcl_action.dir/src/rcl_action/action_server.c.obj.d" is newer than depends file "/micro_ros_ws/firmware/mcu_ws/build/rcl_action/CMakeFiles/rcl_action.dir/compiler_depend.internal".
Dependencies file "CMakeFiles/rcl_action.dir/src/rcl_action/goal_handle.c.obj.d" is newer than depends file "/micro_ros_ws/firmware/mcu_ws/build/rcl_action/CMakeFiles/rcl_action.dir/compiler_depend.internal".
Dependencies file "CMakeFiles/rcl_action.dir/src/rcl_action/goal_state_machine.c.obj.d" is newer than depends file "/micro_ros_ws/firmware/mcu_ws/build/rcl_action/CMakeFiles/rcl_action.dir/compiler_depend.internal".
Dependencies file "CMakeFiles/rcl_action.dir/src/rcl_action/graph.c.obj.d" is newer than depends file "/micro_ros_ws/firmware/mcu_ws/build/rcl_action/CMakeFiles/rcl_action.dir/compiler_depend.internal".
Dependencies file "CMakeFiles/rcl_action.dir/src/rcl_action/names.c.obj.d" is newer than depends file "/micro_ros_ws/firmware/mcu_ws/build/rcl_action/CMakeFiles/rcl_action.dir/compiler_depend.internal".
Dependencies file "CMakeFiles/rcl_action.dir/src/rcl_action/types.c.obj.d" is newer than depends file "/micro_ros_ws/firmware/mcu_ws/build/rcl_action/CMakeFiles/rcl_action.dir/compiler_depend.internal".
[35m[1mConsolidate compiler generated dependencies of target rcl_action[0m
gmake[6]: Leaving directory '/micro_ros_ws/firmware/mcu_ws/build/rcl_action'
/usr/bin/gmake  -f CMakeFiles/rcl_action.dir/build.make CMakeFiles/rcl_action.dir/build
gmake[6]: Entering directory '/micro_ros_ws/firmware/mcu_ws/build/rcl_action'
gmake[6]: Nothing to be done for 'CMakeFiles/rcl_action.dir/build'.
gmake[6]: Leaving directory '/micro_ros_ws/firmware/mcu_ws/build/rcl_action'
[100%] Built target rcl_action
gmake[5]: Leaving directory '/micro_ros_ws/firmware/mcu_ws/build/rcl_action'
/usr/bin/cmake -E cmake_progress_start /micro_ros_ws/firmware/mcu_ws/build/rcl_action/CMakeFiles 0
gmake[4]: Leaving directory '/micro_ros_ws/firmware/mcu_ws/build/rcl_action'
-- Install configuration: "Debug"
-- Up-to-date: /micro_ros_ws/firmware/mcu_ws/install/include/rcl_action
-- Up-to-date: /micro_ros_ws/firmware/mcu_ws/install/include/rcl_action/rcl_action
-- Up-to-date: /micro_ros_ws/firmware/mcu_ws/install/include/rcl_action/rcl_action/action_client.h
-- Up-to-date: /micro_ros_ws/firmware/mcu_ws/install/include/rcl_action/rcl_action/action_server.h
-- Up-to-date: /micro_ros_ws/firmware/mcu_ws/install/include/rcl_action/rcl_action/default_qos.h
-- Up-to-date: /micro_ros_ws/firmware/mcu_ws/install/include/rcl_action/rcl_action/goal_handle.h
-- Up-to-date: /micro_ros_ws/firmware/mcu_ws/install/include/rcl_action/rcl_action/goal_state_machine.h
-- Up-to-date: /micro_ros_ws/firmware/mcu_ws/install/include/rcl_action/rcl_action/graph.h
-- Up-to-date: /micro_ros_ws/firmware/mcu_ws/install/include/rcl_action/rcl_action/names.h
-- Up-to-date: /micro_ros_ws/firmware/mcu_ws/install/include/rcl_action/rcl_action/rcl_action.h
-- Up-to-date: /micro_ros_ws/firmware/mcu_ws/install/include/rcl_action/rcl_action/types.h
-- Up-to-date: /micro_ros_ws/firmware/mcu_ws/install/include/rcl_action/rcl_action/visibility_control.h
-- Up-to-date: /micro_ros_ws/firmware/mcu_ws/install/include/rcl_action/rcl_action/wait.h
-- Up-to-date: /micro_ros_ws/firmware/mcu_ws/install/lib/librcl_action.a
-- Up-to-date: /micro_ros_ws/firmware/mcu_ws/install/share/rcl_action/environment/library_path.sh
-- Up-to-date: /micro_ros_ws/firmware/mcu_ws/install/share/rcl_action/environment/library_path.dsv
-- Up-to-date: /micro_ros_ws/firmware/mcu_ws/install/include/rcl_action/rcl_action/version.h
-- Up-to-date: /micro_ros_ws/firmware/mcu_ws/install/share/ament_index/resource_index/package_run_dependencies/rcl_action
-- Up-to-date: /micro_ros_ws/firmware/mcu_ws/install/share/ament_index/resource_index/parent_prefix_path/rcl_action
-- Up-to-date: /micro_ros_ws/firmware/mcu_ws/install/share/rcl_action/environment/ament_prefix_path.sh
-- Up-to-date: /micro_ros_ws/firmware/mcu_ws/install/share/rcl_action/environment/ament_prefix_path.dsv
-- Up-to-date: /micro_ros_ws/firmware/mcu_ws/install/share/rcl_action/environment/path.sh
-- Up-to-date: /micro_ros_ws/firmware/mcu_ws/install/share/rcl_action/environment/path.dsv
-- Up-to-date: /micro_ros_ws/firmware/mcu_ws/install/share/rcl_action/local_setup.bash
-- Up-to-date: /micro_ros_ws/firmware/mcu_ws/install/share/rcl_action/local_setup.sh
-- Up-to-date: /micro_ros_ws/firmware/mcu_ws/install/share/rcl_action/local_setup.zsh
-- Up-to-date: /micro_ros_ws/firmware/mcu_ws/install/share/rcl_action/local_setup.dsv
-- Installing: /micro_ros_ws/firmware/mcu_ws/install/share/rcl_action/package.dsv
-- Up-to-date: /micro_ros_ws/firmware/mcu_ws/install/share/ament_index/resource_index/packages/rcl_action
-- Up-to-date: /micro_ros_ws/firmware/mcu_ws/install/share/rcl_action/cmake/rcl_actionExport.cmake
-- Up-to-date: /micro_ros_ws/firmware/mcu_ws/install/share/rcl_action/cmake/rcl_actionExport-debug.cmake
-- Up-to-date: /micro_ros_ws/firmware/mcu_ws/install/share/rcl_action/cmake/ament_cmake_export_include_directories-extras.cmake
-- Up-to-date: /micro_ros_ws/firmware/mcu_ws/install/share/rcl_action/cmake/ament_cmake_export_libraries-extras.cmake
-- Up-to-date: /micro_ros_ws/firmware/mcu_ws/install/share/rcl_action/cmake/ament_cmake_export_targets-extras.cmake
-- Up-to-date: /micro_ros_ws/firmware/mcu_ws/install/share/rcl_action/cmake/ament_cmake_export_dependencies-extras.cmake
-- Up-to-date: /micro_ros_ws/firmware/mcu_ws/install/share/rcl_action/cmake/rcl_actionConfig.cmake
-- Up-to-date: /micro_ros_ws/firmware/mcu_ws/install/share/rcl_action/cmake/rcl_actionConfig-version.cmake
-- Up-to-date: /micro_ros_ws/firmware/mcu_ws/install/share/rcl_action/package.xml
