[0.993s] Invoking command in '/micro_ros_ws/wall_e_ws/src/localization': PYTHONPATH=/micro_ros_ws/wall_e_ws/build/localization/prefix_override:/usr/lib/python3/dist-packages/colcon_core/task/python/colcon_distutils_commands:/micro_ros_ws/wall_e_ws/install/localization/lib/python3.10/site-packages:${PYTHONPATH} /usr/bin/python3 -W ignore:setup.py install is deprecated -W ignore:easy_install command is deprecated setup.py egg_info --egg-base ../../build/localization build --build-base /micro_ros_ws/wall_e_ws/build/localization/build install --record /micro_ros_ws/wall_e_ws/build/localization/install.log --single-version-externally-managed install_data
[1.220s] running egg_info
[1.220s] writing ../../build/localization/localization.egg-info/PKG-INFO
[1.221s] writing dependency_links to ../../build/localization/localization.egg-info/dependency_links.txt
[1.221s] writing entry points to ../../build/localization/localization.egg-info/entry_points.txt
[1.222s] writing requirements to ../../build/localization/localization.egg-info/requires.txt
[1.223s] writing top-level names to ../../build/localization/localization.egg-info/top_level.txt
[1.227s] reading manifest file '../../build/localization/localization.egg-info/SOURCES.txt'
[1.230s] adding license file 'LICENSE'
[1.231s] writing manifest file '../../build/localization/localization.egg-info/SOURCES.txt'
[1.231s] running build
[1.232s] running build_py
[1.232s] copying localization/inverse_kinematic.py -> /micro_ros_ws/wall_e_ws/build/localization/build/lib/localization
[1.233s] copying localization/odometry.py -> /micro_ros_ws/wall_e_ws/build/localization/build/lib/localization
[1.235s] running install
[1.235s] running install_lib
[1.238s] copying /micro_ros_ws/wall_e_ws/build/localization/build/lib/localization/inverse_kinematic.py -> /micro_ros_ws/wall_e_ws/install/localization/lib/python3.10/site-packages/localization
[1.239s] copying /micro_ros_ws/wall_e_ws/build/localization/build/lib/localization/odometry.py -> /micro_ros_ws/wall_e_ws/install/localization/lib/python3.10/site-packages/localization
[1.241s] byte-compiling /micro_ros_ws/wall_e_ws/install/localization/lib/python3.10/site-packages/localization/inverse_kinematic.py to inverse_kinematic.cpython-310.pyc
[1.244s] byte-compiling /micro_ros_ws/wall_e_ws/install/localization/lib/python3.10/site-packages/localization/odometry.py to odometry.cpython-310.pyc
[1.248s] running install_data
[1.249s] running install_egg_info
[1.254s] removing '/micro_ros_ws/wall_e_ws/install/localization/lib/python3.10/site-packages/localization-0.0.0-py3.10.egg-info' (and everything under it)
[1.256s] Copying ../../build/localization/localization.egg-info to /micro_ros_ws/wall_e_ws/install/localization/lib/python3.10/site-packages/localization-0.0.0-py3.10.egg-info
[1.265s] running install_scripts
[1.291s] Installing inverse_kinematic_node script to /micro_ros_ws/wall_e_ws/install/localization/lib/localization
[1.292s] Installing odometry_node script to /micro_ros_ws/wall_e_ws/install/localization/lib/localization
[1.293s] writing list of installed files to '/micro_ros_ws/wall_e_ws/build/localization/install.log'
[1.319s] Invoked command in '/micro_ros_ws/wall_e_ws/src/localization' returned '0': PYTHONPATH=/micro_ros_ws/wall_e_ws/build/localization/prefix_override:/usr/lib/python3/dist-packages/colcon_core/task/python/colcon_distutils_commands:/micro_ros_ws/wall_e_ws/install/localization/lib/python3.10/site-packages:${PYTHONPATH} /usr/bin/python3 -W ignore:setup.py install is deprecated -W ignore:easy_install command is deprecated setup.py egg_info --egg-base ../../build/localization build --build-base /micro_ros_ws/wall_e_ws/build/localization/build install --record /micro_ros_ws/wall_e_ws/build/localization/install.log --single-version-externally-managed install_data
