[0.734s] Invoking command in '/micro_ros_ws/firmware/mcu_ws/build/rosgraph_msgs': AMENT_PREFIX_PATH=/micro_ros_ws/firmware/mcu_ws/install:${AMENT_PREFIX_PATH} CMAKE_PREFIX_PATH=/micro_ros_ws/firmware/mcu_ws/install:/micro_ros_ws/firmware/dev_ws/install/ament_lint_common:/micro_ros_ws/firmware/dev_ws/install/ament_cmake_uncrustify:/micro_ros_ws/firmware/dev_ws/install/uncrustify_vendor:/micro_ros_ws/firmware/dev_ws/install/ament_cmake_ros:/micro_ros_ws/firmware/dev_ws/install/ament_cmake_auto:/micro_ros_ws/firmware/dev_ws/install/ament_cmake_gmock:/micro_ros_ws/firmware/dev_ws/install/gmock_vendor:/micro_ros_ws/firmware/dev_ws/install/ament_cmake_gtest:/micro_ros_ws/firmware/dev_ws/install/gtest_vendor:/micro_ros_ws/firmware/dev_ws/install/ament_cmake_xmllint:/micro_ros_ws/firmware/dev_ws/install/ament_cmake_pyflakes:/micro_ros_ws/firmware/dev_ws/install/ament_cmake_pycodestyle:/micro_ros_ws/firmware/dev_ws/install/ament_cmake_pep257:/micro_ros_ws/firmware/dev_ws/install/ament_cmake_pclint:/micro_ros_ws/firmware/dev_ws/install/ament_lint_auto:/micro_ros_ws/firmware/dev_ws/install/ament_cmake:/micro_ros_ws/firmware/dev_ws/install/ament_cmake_version:/micro_ros_ws/firmware/dev_ws/install/ament_cmake_vendor_package:/micro_ros_ws/firmware/dev_ws/install/ament_cmake_pytest:/micro_ros_ws/firmware/dev_ws/install/ament_cmake_nose:/micro_ros_ws/firmware/dev_ws/install/ament_cmake_mypy:/micro_ros_ws/firmware/dev_ws/install/ament_cmake_lint_cmake:/micro_ros_ws/firmware/dev_ws/install/ament_cmake_google_benchmark:/micro_ros_ws/firmware/dev_ws/install/ament_cmake_flake8:/micro_ros_ws/firmware/dev_ws/install/ament_cmake_cpplint:/micro_ros_ws/firmware/dev_ws/install/ament_cmake_cppcheck:/micro_ros_ws/firmware/dev_ws/install/ament_cmake_copyright:/micro_ros_ws/firmware/dev_ws/install/ament_cmake_clang_tidy:/micro_ros_ws/firmware/dev_ws/install/ament_cmake_clang_format:/micro_ros_ws/firmware/dev_ws/install/ament_cmake_test:/micro_ros_ws/firmware/dev_ws/install/ament_cmake_target_dependencies:/micro_ros_ws/firmware/dev_ws/install/ament_cmake_python:/micro_ros_ws/firmware/dev_ws/install/ament_cmake_export_dependencies:/micro_ros_ws/firmware/dev_ws/install/ament_cmake_libraries:/micro_ros_ws/firmware/dev_ws/install/ament_cmake_include_directories:/micro_ros_ws/firmware/dev_ws/install/ament_cmake_gen_version_h:/micro_ros_ws/firmware/dev_ws/install/ament_cmake_export_targets:/micro_ros_ws/firmware/dev_ws/install/ament_cmake_export_link_flags:/micro_ros_ws/firmware/dev_ws/install/ament_cmake_export_interfaces:/micro_ros_ws/firmware/dev_ws/install/ament_cmake_export_libraries:/micro_ros_ws/firmware/dev_ws/install/ament_cmake_export_include_directories:/micro_ros_ws/firmware/dev_ws/install/ament_cmake_export_definitions:/micro_ros_ws/firmware/dev_ws/install/ament_cmake_core:/micro_ros_ws/firmware/dev_ws/install/ament_index_cpp:/micro_ros_ws/firmware/dev_ws/install/ament_uncrustify:/micro_ros_ws/firmware/dev_ws/install/domain_coordinator:/micro_ros_ws/firmware/dev_ws/install/ament_xmllint:/micro_ros_ws/firmware/dev_ws/install/ament_pyflakes:/micro_ros_ws/firmware/dev_ws/install/ament_pycodestyle:/micro_ros_ws/firmware/dev_ws/install/ament_pep257:/micro_ros_ws/firmware/dev_ws/install/ament_pclint:/micro_ros_ws/firmware/dev_ws/install/ament_package:/micro_ros_ws/firmware/dev_ws/install/ament_mypy:/micro_ros_ws/firmware/dev_ws/install/ament_lint_cmake:/micro_ros_ws/firmware/dev_ws/install/ament_flake8:/micro_ros_ws/firmware/dev_ws/install/ament_copyright:/micro_ros_ws/firmware/dev_ws/install/ament_lint:/micro_ros_ws/firmware/dev_ws/install/ament_index_python:/micro_ros_ws/firmware/dev_ws/install/ament_cpplint:/micro_ros_ws/firmware/dev_ws/install/ament_cppcheck:/micro_ros_ws/firmware/dev_ws/install/ament_clang_tidy:/micro_ros_ws/firmware/dev_ws/install/ament_clang_format LD_LIBRARY_PATH=/micro_ros_ws/firmware/mcu_ws/install/lib:${LD_LIBRARY_PATH} PATH=/micro_ros_ws/firmware/mcu_ws/install/bin:${PATH} PYTHONPATH=/micro_ros_ws/firmware/mcu_ws/install/lib/python3.10/site-packages:${PYTHONPATH} /usr/bin/cmake --build /micro_ros_ws/firmware/mcu_ws/build/rosgraph_msgs -- -j12 -l12
[0.823s] gmake[4]: Entering directory '/micro_ros_ws/firmware/mcu_ws/build/rosgraph_msgs'
[0.823s] /usr/bin/cmake -S/micro_ros_ws/firmware/mcu_ws/ros2/rcl_interfaces/rosgraph_msgs -B/micro_ros_ws/firmware/mcu_ws/build/rosgraph_msgs --check-build-system CMakeFiles/Makefile.cmake 0
[0.973s] Re-run cmake file: Makefile older than: /micro_ros_ws/firmware/freertos_apps/microros_esp32_extensions/esp32_toolchain.cmake
[0.995s] -- Found ament_cmake: 1.3.14 (/micro_ros_ws/firmware/dev_ws/install/ament_cmake/share/ament_cmake/cmake)
[2.047s] -- Found builtin_interfaces: 1.2.2 (/micro_ros_ws/firmware/mcu_ws/install/share/builtin_interfaces/cmake)
[2.170s] -- Using all available rosidl_typesupport_c: rosidl_typesupport_introspection_c;rosidl_typesupport_microxrcedds_c
[2.191s] -- Found rosidl_adapter: 3.1.8 (/micro_ros_ws/firmware/mcu_ws/install/share/rosidl_adapter/cmake)
[2.366s] -- Found rosidl_default_generators: 1.2.1 (/micro_ros_ws/firmware/mcu_ws/install/share/rosidl_default_generators/cmake)
[4.872s] -- Found ament_cmake_ros: 0.10.0 (/micro_ros_ws/firmware/dev_ws/install/ament_cmake_ros/share/ament_cmake_ros/cmake)
[5.730s] -- Using all available rosidl_typesupport_c: rosidl_typesupport_introspection_c;rosidl_typesupport_microxrcedds_c
[5.857s] -- Configuring done
[6.198s] -- Generating done
[6.253s] -- Build files have been written to: /micro_ros_ws/firmware/mcu_ws/build/rosgraph_msgs
[6.260s] /usr/bin/cmake -E cmake_progress_start /micro_ros_ws/firmware/mcu_ws/build/rosgraph_msgs/CMakeFiles /micro_ros_ws/firmware/mcu_ws/build/rosgraph_msgs//CMakeFiles/progress.marks
[6.296s] /usr/bin/gmake  -f CMakeFiles/Makefile2 all
[6.304s] gmake[5]: Entering directory '/micro_ros_ws/firmware/mcu_ws/build/rosgraph_msgs'
[6.305s] /usr/bin/gmake  -f CMakeFiles/rosgraph_msgs__rosidl_generator_c.dir/build.make CMakeFiles/rosgraph_msgs__rosidl_generator_c.dir/depend
[6.320s] gmake[6]: Entering directory '/micro_ros_ws/firmware/mcu_ws/build/rosgraph_msgs'
[6.321s] cd /micro_ros_ws/firmware/mcu_ws/build/rosgraph_msgs && /usr/bin/cmake -E cmake_depends "Unix Makefiles" /micro_ros_ws/firmware/mcu_ws/ros2/rcl_interfaces/rosgraph_msgs /micro_ros_ws/firmware/mcu_ws/ros2/rcl_interfaces/rosgraph_msgs /micro_ros_ws/firmware/mcu_ws/build/rosgraph_msgs /micro_ros_ws/firmware/mcu_ws/build/rosgraph_msgs /micro_ros_ws/firmware/mcu_ws/build/rosgraph_msgs/CMakeFiles/rosgraph_msgs__rosidl_generator_c.dir/DependInfo.cmake --color=
[6.365s] Dependencies file "CMakeFiles/rosgraph_msgs__rosidl_generator_c.dir/rosidl_generator_c/rosgraph_msgs/msg/detail/clock__functions.c.obj.d" is newer than depends file "/micro_ros_ws/firmware/mcu_ws/build/rosgraph_msgs/CMakeFiles/rosgraph_msgs__rosidl_generator_c.dir/compiler_depend.internal".
[6.366s] [35m[1mConsolidate compiler generated dependencies of target rosgraph_msgs__rosidl_generator_c[0m
[6.385s] gmake[6]: Leaving directory '/micro_ros_ws/firmware/mcu_ws/build/rosgraph_msgs'
[6.385s] /usr/bin/gmake  -f CMakeFiles/rosgraph_msgs__rosidl_generator_c.dir/build.make CMakeFiles/rosgraph_msgs__rosidl_generator_c.dir/build
[6.414s] gmake[6]: Entering directory '/micro_ros_ws/firmware/mcu_ws/build/rosgraph_msgs'
[6.414s] gmake[6]: Nothing to be done for 'CMakeFiles/rosgraph_msgs__rosidl_generator_c.dir/build'.
[6.415s] gmake[6]: Leaving directory '/micro_ros_ws/firmware/mcu_ws/build/rosgraph_msgs'
[6.456s] [ 25%] Built target rosgraph_msgs__rosidl_generator_c
[6.457s] /usr/bin/gmake  -f CMakeFiles/rosgraph_msgs__rosidl_typesupport_microxrcedds_c.dir/build.make CMakeFiles/rosgraph_msgs__rosidl_typesupport_microxrcedds_c.dir/depend
[6.459s] /usr/bin/gmake  -f CMakeFiles/rosgraph_msgs__rosidl_typesupport_introspection_c.dir/build.make CMakeFiles/rosgraph_msgs__rosidl_typesupport_introspection_c.dir/depend
[6.461s] /usr/bin/gmake  -f CMakeFiles/rosgraph_msgs__rosidl_typesupport_c.dir/build.make CMakeFiles/rosgraph_msgs__rosidl_typesupport_c.dir/depend
[6.483s] gmake[6]: Entering directory '/micro_ros_ws/firmware/mcu_ws/build/rosgraph_msgs'
[6.483s] cd /micro_ros_ws/firmware/mcu_ws/build/rosgraph_msgs && /usr/bin/cmake -E cmake_depends "Unix Makefiles" /micro_ros_ws/firmware/mcu_ws/ros2/rcl_interfaces/rosgraph_msgs /micro_ros_ws/firmware/mcu_ws/ros2/rcl_interfaces/rosgraph_msgs /micro_ros_ws/firmware/mcu_ws/build/rosgraph_msgs /micro_ros_ws/firmware/mcu_ws/build/rosgraph_msgs /micro_ros_ws/firmware/mcu_ws/build/rosgraph_msgs/CMakeFiles/rosgraph_msgs__rosidl_typesupport_microxrcedds_c.dir/DependInfo.cmake --color=
[6.484s] gmake[6]: Entering directory '/micro_ros_ws/firmware/mcu_ws/build/rosgraph_msgs'
[6.484s] cd /micro_ros_ws/firmware/mcu_ws/build/rosgraph_msgs && /usr/bin/cmake -E cmake_depends "Unix Makefiles" /micro_ros_ws/firmware/mcu_ws/ros2/rcl_interfaces/rosgraph_msgs /micro_ros_ws/firmware/mcu_ws/ros2/rcl_interfaces/rosgraph_msgs /micro_ros_ws/firmware/mcu_ws/build/rosgraph_msgs /micro_ros_ws/firmware/mcu_ws/build/rosgraph_msgs /micro_ros_ws/firmware/mcu_ws/build/rosgraph_msgs/CMakeFiles/rosgraph_msgs__rosidl_typesupport_c.dir/DependInfo.cmake --color=
[6.485s] gmake[6]: Entering directory '/micro_ros_ws/firmware/mcu_ws/build/rosgraph_msgs'
[6.486s] cd /micro_ros_ws/firmware/mcu_ws/build/rosgraph_msgs && /usr/bin/cmake -E cmake_depends "Unix Makefiles" /micro_ros_ws/firmware/mcu_ws/ros2/rcl_interfaces/rosgraph_msgs /micro_ros_ws/firmware/mcu_ws/ros2/rcl_interfaces/rosgraph_msgs /micro_ros_ws/firmware/mcu_ws/build/rosgraph_msgs /micro_ros_ws/firmware/mcu_ws/build/rosgraph_msgs /micro_ros_ws/firmware/mcu_ws/build/rosgraph_msgs/CMakeFiles/rosgraph_msgs__rosidl_typesupport_introspection_c.dir/DependInfo.cmake --color=
[6.522s] Dependencies file "CMakeFiles/rosgraph_msgs__rosidl_typesupport_c.dir/rosidl_typesupport_c/rosgraph_msgs/msg/clock__type_support.cpp.obj.d" is newer than depends file "/micro_ros_ws/firmware/mcu_ws/build/rosgraph_msgs/CMakeFiles/rosgraph_msgs__rosidl_typesupport_c.dir/compiler_depend.internal".
[6.523s] [35m[1mConsolidate compiler generated dependencies of target rosgraph_msgs__rosidl_typesupport_c[0m
[6.523s] Dependencies file "CMakeFiles/rosgraph_msgs__rosidl_typesupport_microxrcedds_c.dir/rosidl_typesupport_microxrcedds_c/rosgraph_msgs/msg/detail/microxrcedds/clock__type_support_c.c.obj.d" is newer than depends file "/micro_ros_ws/firmware/mcu_ws/build/rosgraph_msgs/CMakeFiles/rosgraph_msgs__rosidl_typesupport_microxrcedds_c.dir/compiler_depend.internal".
[6.524s] [35m[1mConsolidate compiler generated dependencies of target rosgraph_msgs__rosidl_typesupport_microxrcedds_c[0m
[6.525s] Dependencies file "CMakeFiles/rosgraph_msgs__rosidl_typesupport_introspection_c.dir/rosidl_typesupport_introspection_c/rosgraph_msgs/msg/detail/clock__type_support.c.obj.d" is newer than depends file "/micro_ros_ws/firmware/mcu_ws/build/rosgraph_msgs/CMakeFiles/rosgraph_msgs__rosidl_typesupport_introspection_c.dir/compiler_depend.internal".
[6.525s] [35m[1mConsolidate compiler generated dependencies of target rosgraph_msgs__rosidl_typesupport_introspection_c[0m
[6.537s] gmake[6]: Leaving directory '/micro_ros_ws/firmware/mcu_ws/build/rosgraph_msgs'
[6.538s] /usr/bin/gmake  -f CMakeFiles/rosgraph_msgs__rosidl_typesupport_c.dir/build.make CMakeFiles/rosgraph_msgs__rosidl_typesupport_c.dir/build
[6.544s] gmake[6]: Leaving directory '/micro_ros_ws/firmware/mcu_ws/build/rosgraph_msgs'
[6.545s] /usr/bin/gmake  -f CMakeFiles/rosgraph_msgs__rosidl_typesupport_introspection_c.dir/build.make CMakeFiles/rosgraph_msgs__rosidl_typesupport_introspection_c.dir/build
[6.549s] gmake[6]: Leaving directory '/micro_ros_ws/firmware/mcu_ws/build/rosgraph_msgs'
[6.550s] /usr/bin/gmake  -f CMakeFiles/rosgraph_msgs__rosidl_typesupport_microxrcedds_c.dir/build.make CMakeFiles/rosgraph_msgs__rosidl_typesupport_microxrcedds_c.dir/build
[6.567s] gmake[6]: Entering directory '/micro_ros_ws/firmware/mcu_ws/build/rosgraph_msgs'
[6.568s] gmake[6]: Nothing to be done for 'CMakeFiles/rosgraph_msgs__rosidl_typesupport_c.dir/build'.
[6.569s] gmake[6]: Leaving directory '/micro_ros_ws/firmware/mcu_ws/build/rosgraph_msgs'
[6.586s] gmake[6]: Entering directory '/micro_ros_ws/firmware/mcu_ws/build/rosgraph_msgs'
[6.586s] gmake[6]: Nothing to be done for 'CMakeFiles/rosgraph_msgs__rosidl_typesupport_introspection_c.dir/build'.
[6.587s] gmake[6]: Leaving directory '/micro_ros_ws/firmware/mcu_ws/build/rosgraph_msgs'
[6.596s] gmake[6]: Entering directory '/micro_ros_ws/firmware/mcu_ws/build/rosgraph_msgs'
[6.597s] gmake[6]: Nothing to be done for 'CMakeFiles/rosgraph_msgs__rosidl_typesupport_microxrcedds_c.dir/build'.
[6.598s] gmake[6]: Leaving directory '/micro_ros_ws/firmware/mcu_ws/build/rosgraph_msgs'
[6.625s] [ 50%] Built target rosgraph_msgs__rosidl_typesupport_c
[6.641s] [ 75%] Built target rosgraph_msgs__rosidl_typesupport_introspection_c
[6.660s] [100%] Built target rosgraph_msgs__rosidl_typesupport_microxrcedds_c
[6.663s] /usr/bin/gmake  -f CMakeFiles/rosgraph_msgs.dir/build.make CMakeFiles/rosgraph_msgs.dir/depend
[6.679s] gmake[6]: Entering directory '/micro_ros_ws/firmware/mcu_ws/build/rosgraph_msgs'
[6.680s] cd /micro_ros_ws/firmware/mcu_ws/build/rosgraph_msgs && /usr/bin/cmake -E cmake_depends "Unix Makefiles" /micro_ros_ws/firmware/mcu_ws/ros2/rcl_interfaces/rosgraph_msgs /micro_ros_ws/firmware/mcu_ws/ros2/rcl_interfaces/rosgraph_msgs /micro_ros_ws/firmware/mcu_ws/build/rosgraph_msgs /micro_ros_ws/firmware/mcu_ws/build/rosgraph_msgs /micro_ros_ws/firmware/mcu_ws/build/rosgraph_msgs/CMakeFiles/rosgraph_msgs.dir/DependInfo.cmake --color=
[6.766s] gmake[6]: Leaving directory '/micro_ros_ws/firmware/mcu_ws/build/rosgraph_msgs'
[6.767s] /usr/bin/gmake  -f CMakeFiles/rosgraph_msgs.dir/build.make CMakeFiles/rosgraph_msgs.dir/build
[6.786s] gmake[6]: Entering directory '/micro_ros_ws/firmware/mcu_ws/build/rosgraph_msgs'
[6.786s] gmake[6]: Nothing to be done for 'CMakeFiles/rosgraph_msgs.dir/build'.
[6.788s] gmake[6]: Leaving directory '/micro_ros_ws/firmware/mcu_ws/build/rosgraph_msgs'
[6.837s] [100%] Built target rosgraph_msgs
[6.838s] gmake[5]: Leaving directory '/micro_ros_ws/firmware/mcu_ws/build/rosgraph_msgs'
[6.838s] /usr/bin/cmake -E cmake_progress_start /micro_ros_ws/firmware/mcu_ws/build/rosgraph_msgs/CMakeFiles 0
[6.889s] gmake[4]: Leaving directory '/micro_ros_ws/firmware/mcu_ws/build/rosgraph_msgs'
[6.892s] Invoked command in '/micro_ros_ws/firmware/mcu_ws/build/rosgraph_msgs' returned '0': AMENT_PREFIX_PATH=/micro_ros_ws/firmware/mcu_ws/install:${AMENT_PREFIX_PATH} CMAKE_PREFIX_PATH=/micro_ros_ws/firmware/mcu_ws/install:/micro_ros_ws/firmware/dev_ws/install/ament_lint_common:/micro_ros_ws/firmware/dev_ws/install/ament_cmake_uncrustify:/micro_ros_ws/firmware/dev_ws/install/uncrustify_vendor:/micro_ros_ws/firmware/dev_ws/install/ament_cmake_ros:/micro_ros_ws/firmware/dev_ws/install/ament_cmake_auto:/micro_ros_ws/firmware/dev_ws/install/ament_cmake_gmock:/micro_ros_ws/firmware/dev_ws/install/gmock_vendor:/micro_ros_ws/firmware/dev_ws/install/ament_cmake_gtest:/micro_ros_ws/firmware/dev_ws/install/gtest_vendor:/micro_ros_ws/firmware/dev_ws/install/ament_cmake_xmllint:/micro_ros_ws/firmware/dev_ws/install/ament_cmake_pyflakes:/micro_ros_ws/firmware/dev_ws/install/ament_cmake_pycodestyle:/micro_ros_ws/firmware/dev_ws/install/ament_cmake_pep257:/micro_ros_ws/firmware/dev_ws/install/ament_cmake_pclint:/micro_ros_ws/firmware/dev_ws/install/ament_lint_auto:/micro_ros_ws/firmware/dev_ws/install/ament_cmake:/micro_ros_ws/firmware/dev_ws/install/ament_cmake_version:/micro_ros_ws/firmware/dev_ws/install/ament_cmake_vendor_package:/micro_ros_ws/firmware/dev_ws/install/ament_cmake_pytest:/micro_ros_ws/firmware/dev_ws/install/ament_cmake_nose:/micro_ros_ws/firmware/dev_ws/install/ament_cmake_mypy:/micro_ros_ws/firmware/dev_ws/install/ament_cmake_lint_cmake:/micro_ros_ws/firmware/dev_ws/install/ament_cmake_google_benchmark:/micro_ros_ws/firmware/dev_ws/install/ament_cmake_flake8:/micro_ros_ws/firmware/dev_ws/install/ament_cmake_cpplint:/micro_ros_ws/firmware/dev_ws/install/ament_cmake_cppcheck:/micro_ros_ws/firmware/dev_ws/install/ament_cmake_copyright:/micro_ros_ws/firmware/dev_ws/install/ament_cmake_clang_tidy:/micro_ros_ws/firmware/dev_ws/install/ament_cmake_clang_format:/micro_ros_ws/firmware/dev_ws/install/ament_cmake_test:/micro_ros_ws/firmware/dev_ws/install/ament_cmake_target_dependencies:/micro_ros_ws/firmware/dev_ws/install/ament_cmake_python:/micro_ros_ws/firmware/dev_ws/install/ament_cmake_export_dependencies:/micro_ros_ws/firmware/dev_ws/install/ament_cmake_libraries:/micro_ros_ws/firmware/dev_ws/install/ament_cmake_include_directories:/micro_ros_ws/firmware/dev_ws/install/ament_cmake_gen_version_h:/micro_ros_ws/firmware/dev_ws/install/ament_cmake_export_targets:/micro_ros_ws/firmware/dev_ws/install/ament_cmake_export_link_flags:/micro_ros_ws/firmware/dev_ws/install/ament_cmake_export_interfaces:/micro_ros_ws/firmware/dev_ws/install/ament_cmake_export_libraries:/micro_ros_ws/firmware/dev_ws/install/ament_cmake_export_include_directories:/micro_ros_ws/firmware/dev_ws/install/ament_cmake_export_definitions:/micro_ros_ws/firmware/dev_ws/install/ament_cmake_core:/micro_ros_ws/firmware/dev_ws/install/ament_index_cpp:/micro_ros_ws/firmware/dev_ws/install/ament_uncrustify:/micro_ros_ws/firmware/dev_ws/install/domain_coordinator:/micro_ros_ws/firmware/dev_ws/install/ament_xmllint:/micro_ros_ws/firmware/dev_ws/install/ament_pyflakes:/micro_ros_ws/firmware/dev_ws/install/ament_pycodestyle:/micro_ros_ws/firmware/dev_ws/install/ament_pep257:/micro_ros_ws/firmware/dev_ws/install/ament_pclint:/micro_ros_ws/firmware/dev_ws/install/ament_package:/micro_ros_ws/firmware/dev_ws/install/ament_mypy:/micro_ros_ws/firmware/dev_ws/install/ament_lint_cmake:/micro_ros_ws/firmware/dev_ws/install/ament_flake8:/micro_ros_ws/firmware/dev_ws/install/ament_copyright:/micro_ros_ws/firmware/dev_ws/install/ament_lint:/micro_ros_ws/firmware/dev_ws/install/ament_index_python:/micro_ros_ws/firmware/dev_ws/install/ament_cpplint:/micro_ros_ws/firmware/dev_ws/install/ament_cppcheck:/micro_ros_ws/firmware/dev_ws/install/ament_clang_tidy:/micro_ros_ws/firmware/dev_ws/install/ament_clang_format LD_LIBRARY_PATH=/micro_ros_ws/firmware/mcu_ws/install/lib:${LD_LIBRARY_PATH} PATH=/micro_ros_ws/firmware/mcu_ws/install/bin:${PATH} PYTHONPATH=/micro_ros_ws/firmware/mcu_ws/install/lib/python3.10/site-packages:${PYTHONPATH} /usr/bin/cmake --build /micro_ros_ws/firmware/mcu_ws/build/rosgraph_msgs -- -j12 -l12
[6.896s] Invoking command in '/micro_ros_ws/firmware/mcu_ws/build/rosgraph_msgs': AMENT_PREFIX_PATH=/micro_ros_ws/firmware/mcu_ws/install:${AMENT_PREFIX_PATH} CMAKE_PREFIX_PATH=/micro_ros_ws/firmware/mcu_ws/install:/micro_ros_ws/firmware/dev_ws/install/ament_lint_common:/micro_ros_ws/firmware/dev_ws/install/ament_cmake_uncrustify:/micro_ros_ws/firmware/dev_ws/install/uncrustify_vendor:/micro_ros_ws/firmware/dev_ws/install/ament_cmake_ros:/micro_ros_ws/firmware/dev_ws/install/ament_cmake_auto:/micro_ros_ws/firmware/dev_ws/install/ament_cmake_gmock:/micro_ros_ws/firmware/dev_ws/install/gmock_vendor:/micro_ros_ws/firmware/dev_ws/install/ament_cmake_gtest:/micro_ros_ws/firmware/dev_ws/install/gtest_vendor:/micro_ros_ws/firmware/dev_ws/install/ament_cmake_xmllint:/micro_ros_ws/firmware/dev_ws/install/ament_cmake_pyflakes:/micro_ros_ws/firmware/dev_ws/install/ament_cmake_pycodestyle:/micro_ros_ws/firmware/dev_ws/install/ament_cmake_pep257:/micro_ros_ws/firmware/dev_ws/install/ament_cmake_pclint:/micro_ros_ws/firmware/dev_ws/install/ament_lint_auto:/micro_ros_ws/firmware/dev_ws/install/ament_cmake:/micro_ros_ws/firmware/dev_ws/install/ament_cmake_version:/micro_ros_ws/firmware/dev_ws/install/ament_cmake_vendor_package:/micro_ros_ws/firmware/dev_ws/install/ament_cmake_pytest:/micro_ros_ws/firmware/dev_ws/install/ament_cmake_nose:/micro_ros_ws/firmware/dev_ws/install/ament_cmake_mypy:/micro_ros_ws/firmware/dev_ws/install/ament_cmake_lint_cmake:/micro_ros_ws/firmware/dev_ws/install/ament_cmake_google_benchmark:/micro_ros_ws/firmware/dev_ws/install/ament_cmake_flake8:/micro_ros_ws/firmware/dev_ws/install/ament_cmake_cpplint:/micro_ros_ws/firmware/dev_ws/install/ament_cmake_cppcheck:/micro_ros_ws/firmware/dev_ws/install/ament_cmake_copyright:/micro_ros_ws/firmware/dev_ws/install/ament_cmake_clang_tidy:/micro_ros_ws/firmware/dev_ws/install/ament_cmake_clang_format:/micro_ros_ws/firmware/dev_ws/install/ament_cmake_test:/micro_ros_ws/firmware/dev_ws/install/ament_cmake_target_dependencies:/micro_ros_ws/firmware/dev_ws/install/ament_cmake_python:/micro_ros_ws/firmware/dev_ws/install/ament_cmake_export_dependencies:/micro_ros_ws/firmware/dev_ws/install/ament_cmake_libraries:/micro_ros_ws/firmware/dev_ws/install/ament_cmake_include_directories:/micro_ros_ws/firmware/dev_ws/install/ament_cmake_gen_version_h:/micro_ros_ws/firmware/dev_ws/install/ament_cmake_export_targets:/micro_ros_ws/firmware/dev_ws/install/ament_cmake_export_link_flags:/micro_ros_ws/firmware/dev_ws/install/ament_cmake_export_interfaces:/micro_ros_ws/firmware/dev_ws/install/ament_cmake_export_libraries:/micro_ros_ws/firmware/dev_ws/install/ament_cmake_export_include_directories:/micro_ros_ws/firmware/dev_ws/install/ament_cmake_export_definitions:/micro_ros_ws/firmware/dev_ws/install/ament_cmake_core:/micro_ros_ws/firmware/dev_ws/install/ament_index_cpp:/micro_ros_ws/firmware/dev_ws/install/ament_uncrustify:/micro_ros_ws/firmware/dev_ws/install/domain_coordinator:/micro_ros_ws/firmware/dev_ws/install/ament_xmllint:/micro_ros_ws/firmware/dev_ws/install/ament_pyflakes:/micro_ros_ws/firmware/dev_ws/install/ament_pycodestyle:/micro_ros_ws/firmware/dev_ws/install/ament_pep257:/micro_ros_ws/firmware/dev_ws/install/ament_pclint:/micro_ros_ws/firmware/dev_ws/install/ament_package:/micro_ros_ws/firmware/dev_ws/install/ament_mypy:/micro_ros_ws/firmware/dev_ws/install/ament_lint_cmake:/micro_ros_ws/firmware/dev_ws/install/ament_flake8:/micro_ros_ws/firmware/dev_ws/install/ament_copyright:/micro_ros_ws/firmware/dev_ws/install/ament_lint:/micro_ros_ws/firmware/dev_ws/install/ament_index_python:/micro_ros_ws/firmware/dev_ws/install/ament_cpplint:/micro_ros_ws/firmware/dev_ws/install/ament_cppcheck:/micro_ros_ws/firmware/dev_ws/install/ament_clang_tidy:/micro_ros_ws/firmware/dev_ws/install/ament_clang_format LD_LIBRARY_PATH=/micro_ros_ws/firmware/mcu_ws/install/lib:${LD_LIBRARY_PATH} PATH=/micro_ros_ws/firmware/mcu_ws/install/bin:${PATH} PYTHONPATH=/micro_ros_ws/firmware/mcu_ws/install/lib/python3.10/site-packages:${PYTHONPATH} /usr/bin/cmake --install /micro_ros_ws/firmware/mcu_ws/build/rosgraph_msgs
[6.930s] -- Install configuration: "Debug"
[6.933s] -- Up-to-date: /micro_ros_ws/firmware/mcu_ws/install/share/ament_index/resource_index/rosidl_interfaces/rosgraph_msgs
[6.934s] -- Up-to-date: /micro_ros_ws/firmware/mcu_ws/install/include/rosgraph_msgs/rosgraph_msgs
[6.936s] -- Up-to-date: /micro_ros_ws/firmware/mcu_ws/install/include/rosgraph_msgs/rosgraph_msgs/msg
[6.939s] -- Up-to-date: /micro_ros_ws/firmware/mcu_ws/install/include/rosgraph_msgs/rosgraph_msgs/msg/clock.h
[6.941s] -- Up-to-date: /micro_ros_ws/firmware/mcu_ws/install/include/rosgraph_msgs/rosgraph_msgs/msg/detail
[6.944s] -- Up-to-date: /micro_ros_ws/firmware/mcu_ws/install/include/rosgraph_msgs/rosgraph_msgs/msg/detail/clock__functions.c
[6.947s] -- Up-to-date: /micro_ros_ws/firmware/mcu_ws/install/include/rosgraph_msgs/rosgraph_msgs/msg/detail/clock__functions.h
[6.949s] -- Up-to-date: /micro_ros_ws/firmware/mcu_ws/install/include/rosgraph_msgs/rosgraph_msgs/msg/detail/clock__struct.h
[6.953s] -- Up-to-date: /micro_ros_ws/firmware/mcu_ws/install/include/rosgraph_msgs/rosgraph_msgs/msg/detail/clock__type_support.h
[6.957s] -- Up-to-date: /micro_ros_ws/firmware/mcu_ws/install/include/rosgraph_msgs/rosgraph_msgs/msg/rosidl_generator_c__visibility_control.h
[6.965s] -- Up-to-date: /micro_ros_ws/firmware/mcu_ws/install/share/rosgraph_msgs/environment/library_path.sh
[6.968s] -- Installing: /micro_ros_ws/firmware/mcu_ws/install/share/rosgraph_msgs/environment/library_path.dsv
[6.983s] -- Up-to-date: /micro_ros_ws/firmware/mcu_ws/install/lib/librosgraph_msgs__rosidl_generator_c.a
[6.985s] -- Up-to-date: /micro_ros_ws/firmware/mcu_ws/install/include/rosgraph_msgs/rosgraph_msgs
[6.989s] -- Up-to-date: /micro_ros_ws/firmware/mcu_ws/install/include/rosgraph_msgs/rosgraph_msgs/msg
[6.993s] -- Up-to-date: /micro_ros_ws/firmware/mcu_ws/install/include/rosgraph_msgs/rosgraph_msgs/msg/detail
[6.997s] -- Up-to-date: /micro_ros_ws/firmware/mcu_ws/install/include/rosgraph_msgs/rosgraph_msgs/msg/detail/clock__rosidl_typesupport_introspection_c.h
[7.001s] -- Up-to-date: /micro_ros_ws/firmware/mcu_ws/install/include/rosgraph_msgs/rosgraph_msgs/msg/detail/clock__type_support.c
[7.003s] -- Up-to-date: /micro_ros_ws/firmware/mcu_ws/install/include/rosgraph_msgs/rosgraph_msgs/msg/rosidl_typesupport_introspection_c__visibility_control.h
[7.005s] -- Up-to-date: /micro_ros_ws/firmware/mcu_ws/install/lib/librosgraph_msgs__rosidl_typesupport_introspection_c.a
[7.007s] -- Up-to-date: /micro_ros_ws/firmware/mcu_ws/install/include/rosgraph_msgs/rosgraph_msgs
[7.009s] -- Up-to-date: /micro_ros_ws/firmware/mcu_ws/install/include/rosgraph_msgs/rosgraph_msgs/msg
[7.011s] -- Up-to-date: /micro_ros_ws/firmware/mcu_ws/install/include/rosgraph_msgs/rosgraph_msgs/msg/detail
[7.016s] -- Up-to-date: /micro_ros_ws/firmware/mcu_ws/install/include/rosgraph_msgs/rosgraph_msgs/msg/detail/clock__rosidl_typesupport_microxrcedds_c.h
[7.018s] -- Up-to-date: /micro_ros_ws/firmware/mcu_ws/install/include/rosgraph_msgs/rosgraph_msgs/msg/detail/microxrcedds
[7.021s] -- Up-to-date: /micro_ros_ws/firmware/mcu_ws/install/include/rosgraph_msgs/rosgraph_msgs/msg/rosidl_typesupport_microxrcedds_c__visibility_control.h
[7.023s] -- Up-to-date: /micro_ros_ws/firmware/mcu_ws/install/lib/librosgraph_msgs__rosidl_typesupport_microxrcedds_c.a
[7.025s] -- Up-to-date: /micro_ros_ws/firmware/mcu_ws/install/lib/librosgraph_msgs__rosidl_typesupport_c.a
[7.027s] -- Up-to-date: /micro_ros_ws/firmware/mcu_ws/install/share/rosgraph_msgs/msg/Clock.idl
[7.030s] -- Up-to-date: /micro_ros_ws/firmware/mcu_ws/install/share/rosgraph_msgs/msg/Clock.msg
[7.034s] -- Up-to-date: /micro_ros_ws/firmware/mcu_ws/install/share/ament_index/resource_index/package_run_dependencies/rosgraph_msgs
[7.038s] -- Up-to-date: /micro_ros_ws/firmware/mcu_ws/install/share/ament_index/resource_index/parent_prefix_path/rosgraph_msgs
[7.043s] -- Up-to-date: /micro_ros_ws/firmware/mcu_ws/install/share/rosgraph_msgs/environment/ament_prefix_path.sh
[7.045s] -- Installing: /micro_ros_ws/firmware/mcu_ws/install/share/rosgraph_msgs/environment/ament_prefix_path.dsv
[7.054s] -- Up-to-date: /micro_ros_ws/firmware/mcu_ws/install/share/rosgraph_msgs/environment/path.sh
[7.059s] -- Installing: /micro_ros_ws/firmware/mcu_ws/install/share/rosgraph_msgs/environment/path.dsv
[7.074s] -- Up-to-date: /micro_ros_ws/firmware/mcu_ws/install/share/rosgraph_msgs/local_setup.bash
[7.079s] -- Up-to-date: /micro_ros_ws/firmware/mcu_ws/install/share/rosgraph_msgs/local_setup.sh
[7.081s] -- Up-to-date: /micro_ros_ws/firmware/mcu_ws/install/share/rosgraph_msgs/local_setup.zsh
[7.084s] -- Installing: /micro_ros_ws/firmware/mcu_ws/install/share/rosgraph_msgs/local_setup.dsv
[7.091s] -- Installing: /micro_ros_ws/firmware/mcu_ws/install/share/rosgraph_msgs/package.dsv
[7.098s] -- Up-to-date: /micro_ros_ws/firmware/mcu_ws/install/share/ament_index/resource_index/packages/rosgraph_msgs
[7.103s] -- Up-to-date: /micro_ros_ws/firmware/mcu_ws/install/share/rosgraph_msgs/cmake/export_rosgraph_msgs__rosidl_generator_cExport.cmake
[7.106s] -- Up-to-date: /micro_ros_ws/firmware/mcu_ws/install/share/rosgraph_msgs/cmake/export_rosgraph_msgs__rosidl_generator_cExport-debug.cmake
[7.113s] -- Up-to-date: /micro_ros_ws/firmware/mcu_ws/install/share/rosgraph_msgs/cmake/rosgraph_msgs__rosidl_typesupport_introspection_cExport.cmake
[7.117s] -- Up-to-date: /micro_ros_ws/firmware/mcu_ws/install/share/rosgraph_msgs/cmake/rosgraph_msgs__rosidl_typesupport_introspection_cExport-debug.cmake
[7.123s] -- Up-to-date: /micro_ros_ws/firmware/mcu_ws/install/share/rosgraph_msgs/cmake/rosgraph_msgs__rosidl_typesupport_cExport.cmake
[7.128s] -- Up-to-date: /micro_ros_ws/firmware/mcu_ws/install/share/rosgraph_msgs/cmake/rosgraph_msgs__rosidl_typesupport_cExport-debug.cmake
[7.130s] -- Up-to-date: /micro_ros_ws/firmware/mcu_ws/install/share/rosgraph_msgs/cmake/rosidl_cmake-extras.cmake
[7.133s] -- Up-to-date: /micro_ros_ws/firmware/mcu_ws/install/share/rosgraph_msgs/cmake/ament_cmake_export_dependencies-extras.cmake
[7.136s] -- Up-to-date: /micro_ros_ws/firmware/mcu_ws/install/share/rosgraph_msgs/cmake/ament_cmake_export_include_directories-extras.cmake
[7.139s] -- Up-to-date: /micro_ros_ws/firmware/mcu_ws/install/share/rosgraph_msgs/cmake/ament_cmake_export_libraries-extras.cmake
[7.142s] -- Up-to-date: /micro_ros_ws/firmware/mcu_ws/install/share/rosgraph_msgs/cmake/ament_cmake_export_targets-extras.cmake
[7.145s] -- Up-to-date: /micro_ros_ws/firmware/mcu_ws/install/share/rosgraph_msgs/cmake/rosidl_cmake_export_typesupport_targets-extras.cmake
[7.150s] -- Up-to-date: /micro_ros_ws/firmware/mcu_ws/install/share/rosgraph_msgs/cmake/rosidl_cmake_export_typesupport_libraries-extras.cmake
[7.153s] -- Up-to-date: /micro_ros_ws/firmware/mcu_ws/install/share/rosgraph_msgs/cmake/rosidl_cmake_aggregate_target-extras.cmake
[7.156s] -- Up-to-date: /micro_ros_ws/firmware/mcu_ws/install/share/rosgraph_msgs/cmake/rosgraph_msgsConfig.cmake
[7.158s] -- Up-to-date: /micro_ros_ws/firmware/mcu_ws/install/share/rosgraph_msgs/cmake/rosgraph_msgsConfig-version.cmake
[7.162s] -- Up-to-date: /micro_ros_ws/firmware/mcu_ws/install/share/rosgraph_msgs/package.xml
[7.166s] Invoked command in '/micro_ros_ws/firmware/mcu_ws/build/rosgraph_msgs' returned '0': AMENT_PREFIX_PATH=/micro_ros_ws/firmware/mcu_ws/install:${AMENT_PREFIX_PATH} CMAKE_PREFIX_PATH=/micro_ros_ws/firmware/mcu_ws/install:/micro_ros_ws/firmware/dev_ws/install/ament_lint_common:/micro_ros_ws/firmware/dev_ws/install/ament_cmake_uncrustify:/micro_ros_ws/firmware/dev_ws/install/uncrustify_vendor:/micro_ros_ws/firmware/dev_ws/install/ament_cmake_ros:/micro_ros_ws/firmware/dev_ws/install/ament_cmake_auto:/micro_ros_ws/firmware/dev_ws/install/ament_cmake_gmock:/micro_ros_ws/firmware/dev_ws/install/gmock_vendor:/micro_ros_ws/firmware/dev_ws/install/ament_cmake_gtest:/micro_ros_ws/firmware/dev_ws/install/gtest_vendor:/micro_ros_ws/firmware/dev_ws/install/ament_cmake_xmllint:/micro_ros_ws/firmware/dev_ws/install/ament_cmake_pyflakes:/micro_ros_ws/firmware/dev_ws/install/ament_cmake_pycodestyle:/micro_ros_ws/firmware/dev_ws/install/ament_cmake_pep257:/micro_ros_ws/firmware/dev_ws/install/ament_cmake_pclint:/micro_ros_ws/firmware/dev_ws/install/ament_lint_auto:/micro_ros_ws/firmware/dev_ws/install/ament_cmake:/micro_ros_ws/firmware/dev_ws/install/ament_cmake_version:/micro_ros_ws/firmware/dev_ws/install/ament_cmake_vendor_package:/micro_ros_ws/firmware/dev_ws/install/ament_cmake_pytest:/micro_ros_ws/firmware/dev_ws/install/ament_cmake_nose:/micro_ros_ws/firmware/dev_ws/install/ament_cmake_mypy:/micro_ros_ws/firmware/dev_ws/install/ament_cmake_lint_cmake:/micro_ros_ws/firmware/dev_ws/install/ament_cmake_google_benchmark:/micro_ros_ws/firmware/dev_ws/install/ament_cmake_flake8:/micro_ros_ws/firmware/dev_ws/install/ament_cmake_cpplint:/micro_ros_ws/firmware/dev_ws/install/ament_cmake_cppcheck:/micro_ros_ws/firmware/dev_ws/install/ament_cmake_copyright:/micro_ros_ws/firmware/dev_ws/install/ament_cmake_clang_tidy:/micro_ros_ws/firmware/dev_ws/install/ament_cmake_clang_format:/micro_ros_ws/firmware/dev_ws/install/ament_cmake_test:/micro_ros_ws/firmware/dev_ws/install/ament_cmake_target_dependencies:/micro_ros_ws/firmware/dev_ws/install/ament_cmake_python:/micro_ros_ws/firmware/dev_ws/install/ament_cmake_export_dependencies:/micro_ros_ws/firmware/dev_ws/install/ament_cmake_libraries:/micro_ros_ws/firmware/dev_ws/install/ament_cmake_include_directories:/micro_ros_ws/firmware/dev_ws/install/ament_cmake_gen_version_h:/micro_ros_ws/firmware/dev_ws/install/ament_cmake_export_targets:/micro_ros_ws/firmware/dev_ws/install/ament_cmake_export_link_flags:/micro_ros_ws/firmware/dev_ws/install/ament_cmake_export_interfaces:/micro_ros_ws/firmware/dev_ws/install/ament_cmake_export_libraries:/micro_ros_ws/firmware/dev_ws/install/ament_cmake_export_include_directories:/micro_ros_ws/firmware/dev_ws/install/ament_cmake_export_definitions:/micro_ros_ws/firmware/dev_ws/install/ament_cmake_core:/micro_ros_ws/firmware/dev_ws/install/ament_index_cpp:/micro_ros_ws/firmware/dev_ws/install/ament_uncrustify:/micro_ros_ws/firmware/dev_ws/install/domain_coordinator:/micro_ros_ws/firmware/dev_ws/install/ament_xmllint:/micro_ros_ws/firmware/dev_ws/install/ament_pyflakes:/micro_ros_ws/firmware/dev_ws/install/ament_pycodestyle:/micro_ros_ws/firmware/dev_ws/install/ament_pep257:/micro_ros_ws/firmware/dev_ws/install/ament_pclint:/micro_ros_ws/firmware/dev_ws/install/ament_package:/micro_ros_ws/firmware/dev_ws/install/ament_mypy:/micro_ros_ws/firmware/dev_ws/install/ament_lint_cmake:/micro_ros_ws/firmware/dev_ws/install/ament_flake8:/micro_ros_ws/firmware/dev_ws/install/ament_copyright:/micro_ros_ws/firmware/dev_ws/install/ament_lint:/micro_ros_ws/firmware/dev_ws/install/ament_index_python:/micro_ros_ws/firmware/dev_ws/install/ament_cpplint:/micro_ros_ws/firmware/dev_ws/install/ament_cppcheck:/micro_ros_ws/firmware/dev_ws/install/ament_clang_tidy:/micro_ros_ws/firmware/dev_ws/install/ament_clang_format LD_LIBRARY_PATH=/micro_ros_ws/firmware/mcu_ws/install/lib:${LD_LIBRARY_PATH} PATH=/micro_ros_ws/firmware/mcu_ws/install/bin:${PATH} PYTHONPATH=/micro_ros_ws/firmware/mcu_ws/install/lib/python3.10/site-packages:${PYTHONPATH} /usr/bin/cmake --install /micro_ros_ws/firmware/mcu_ws/build/rosgraph_msgs
