[8.342s] Invoking command in '/micro_ros_ws/firmware/mcu_ws/ros2/rosidl/rosidl_cli': PYTHONPATH=/micro_ros_ws/firmware/mcu_ws/build/rosidl_cli/prefix_override:/micro_ros_ws/firmware/toolchain/espressif/python_env/idf4.1_py3.10_env/lib/python3.10/site-packages/colcon_core/task/python/colcon_distutils_commands:/micro_ros_ws/firmware/mcu_ws/install/lib/python3.10/site-packages:${PYTHONPATH} /micro_ros_ws/firmware/toolchain/espressif/python_env/idf4.1_py3.10_env/bin/python -W ignore:setup.py install is deprecated -W ignore:easy_install command is deprecated setup.py egg_info --egg-base ../../../build/rosidl_cli build --build-base /micro_ros_ws/firmware/mcu_ws/build/rosidl_cli/build install --record /micro_ros_ws/firmware/mcu_ws/build/rosidl_cli/install.log --single-version-externally-managed install_data
[9.877s] running egg_info
[9.957s] writing ../../../build/rosidl_cli/rosidl_cli.egg-info/PKG-INFO
[9.957s] writing dependency_links to ../../../build/rosidl_cli/rosidl_cli.egg-info/dependency_links.txt
[9.957s] writing entry points to ../../../build/rosidl_cli/rosidl_cli.egg-info/entry_points.txt
[9.958s] writing requirements to ../../../build/rosidl_cli/rosidl_cli.egg-info/requires.txt
[9.958s] writing top-level names to ../../../build/rosidl_cli/rosidl_cli.egg-info/top_level.txt
[10.040s] reading manifest file '../../../build/rosidl_cli/rosidl_cli.egg-info/SOURCES.txt'
[10.060s] writing manifest file '../../../build/rosidl_cli/rosidl_cli.egg-info/SOURCES.txt'
[10.060s] running build
[10.061s] running build_py
[10.062s] copying rosidl_cli/cli.py -> /micro_ros_ws/firmware/mcu_ws/build/rosidl_cli/build/lib/rosidl_cli
[10.070s] copying rosidl_cli/common.py -> /micro_ros_ws/firmware/mcu_ws/build/rosidl_cli/build/lib/rosidl_cli
[10.072s] copying rosidl_cli/entry_points.py -> /micro_ros_ws/firmware/mcu_ws/build/rosidl_cli/build/lib/rosidl_cli
[10.075s] copying rosidl_cli/extensions.py -> /micro_ros_ws/firmware/mcu_ws/build/rosidl_cli/build/lib/rosidl_cli
[10.078s] copying rosidl_cli/__init__.py -> /micro_ros_ws/firmware/mcu_ws/build/rosidl_cli/build/lib/rosidl_cli
[10.082s] copying rosidl_cli/command/helpers.py -> /micro_ros_ws/firmware/mcu_ws/build/rosidl_cli/build/lib/rosidl_cli/command
[10.085s] copying rosidl_cli/command/__init__.py -> /micro_ros_ws/firmware/mcu_ws/build/rosidl_cli/build/lib/rosidl_cli/command
[10.090s] copying rosidl_cli/command/generate/api.py -> /micro_ros_ws/firmware/mcu_ws/build/rosidl_cli/build/lib/rosidl_cli/command/generate
[10.094s] copying rosidl_cli/command/generate/extensions.py -> /micro_ros_ws/firmware/mcu_ws/build/rosidl_cli/build/lib/rosidl_cli/command/generate
[10.097s] copying rosidl_cli/command/generate/__init__.py -> /micro_ros_ws/firmware/mcu_ws/build/rosidl_cli/build/lib/rosidl_cli/command/generate
[10.101s] copying rosidl_cli/command/translate/api.py -> /micro_ros_ws/firmware/mcu_ws/build/rosidl_cli/build/lib/rosidl_cli/command/translate
[10.104s] copying rosidl_cli/command/translate/extensions.py -> /micro_ros_ws/firmware/mcu_ws/build/rosidl_cli/build/lib/rosidl_cli/command/translate
[10.107s] copying rosidl_cli/command/translate/__init__.py -> /micro_ros_ws/firmware/mcu_ws/build/rosidl_cli/build/lib/rosidl_cli/command/translate
[10.111s] running install
[10.115s] running install_lib
[10.200s] running install_data
[10.203s] copying resource/rosidl_cli -> /micro_ros_ws/firmware/mcu_ws/install/share/ament_index/resource_index/packages
[10.208s] copying package.xml -> /micro_ros_ws/firmware/mcu_ws/install/share/rosidl_cli
[10.212s] copying completion/rosidl-argcomplete.bash -> /micro_ros_ws/firmware/mcu_ws/install/share/rosidl_cli/environment
[10.216s] copying completion/rosidl-argcomplete.zsh -> /micro_ros_ws/firmware/mcu_ws/install/share/rosidl_cli/environment
[10.219s] running install_egg_info
[10.289s] removing '/micro_ros_ws/firmware/mcu_ws/install/lib/python3.10/site-packages/rosidl_cli-3.1.8-py3.10.egg-info' (and everything under it)
[10.293s] Copying ../../../build/rosidl_cli/rosidl_cli.egg-info to /micro_ros_ws/firmware/mcu_ws/install/lib/python3.10/site-packages/rosidl_cli-3.1.8-py3.10.egg-info
[10.312s] running install_scripts
[10.680s] Installing rosidl script to /micro_ros_ws/firmware/mcu_ws/install/bin
[10.682s] writing list of installed files to '/micro_ros_ws/firmware/mcu_ws/build/rosidl_cli/install.log'
[10.829s] Invoked command in '/micro_ros_ws/firmware/mcu_ws/ros2/rosidl/rosidl_cli' returned '0': PYTHONPATH=/micro_ros_ws/firmware/mcu_ws/build/rosidl_cli/prefix_override:/micro_ros_ws/firmware/toolchain/espressif/python_env/idf4.1_py3.10_env/lib/python3.10/site-packages/colcon_core/task/python/colcon_distutils_commands:/micro_ros_ws/firmware/mcu_ws/install/lib/python3.10/site-packages:${PYTHONPATH} /micro_ros_ws/firmware/toolchain/espressif/python_env/idf4.1_py3.10_env/bin/python -W ignore:setup.py install is deprecated -W ignore:easy_install command is deprecated setup.py egg_info --egg-base ../../../build/rosidl_cli build --build-base /micro_ros_ws/firmware/mcu_ws/build/rosidl_cli/build install --record /micro_ros_ws/firmware/mcu_ws/build/rosidl_cli/install.log --single-version-externally-managed install_data
