[1.874s] Invoking command in '/micro_ros_ws/wall_e_ws/src/localization': PYTHONPATH=/micro_ros_ws/wall_e_ws/build/localization/prefix_override:/usr/lib/python3/dist-packages/colcon_core/task/python/colcon_distutils_commands:/micro_ros_ws/wall_e_ws/install/localization/lib/python3.10/site-packages:${PYTHONPATH} /usr/bin/python3 -W ignore:setup.py install is deprecated -W ignore:easy_install command is deprecated setup.py egg_info --egg-base ../../build/localization build --build-base /micro_ros_ws/wall_e_ws/build/localization/build install --record /micro_ros_ws/wall_e_ws/build/localization/install.log --single-version-externally-managed install_data
[2.212s] running egg_info
[2.213s] writing ../../build/localization/localization.egg-info/PKG-INFO
[2.214s] writing dependency_links to ../../build/localization/localization.egg-info/dependency_links.txt
[2.215s] writing entry points to ../../build/localization/localization.egg-info/entry_points.txt
[2.216s] writing requirements to ../../build/localization/localization.egg-info/requires.txt
[2.217s] writing top-level names to ../../build/localization/localization.egg-info/top_level.txt
[2.223s] reading manifest file '../../build/localization/localization.egg-info/SOURCES.txt'
[2.227s] adding license file 'LICENSE'
[2.230s] writing manifest file '../../build/localization/localization.egg-info/SOURCES.txt'
[2.230s] running build
[2.230s] running build_py
[2.234s] running install
[2.235s] running install_lib
[2.242s] running install_data
[2.243s] running install_egg_info
[2.246s] removing '/micro_ros_ws/wall_e_ws/install/localization/lib/python3.10/site-packages/localization-0.0.0-py3.10.egg-info' (and everything under it)
[2.248s] Copying ../../build/localization/localization.egg-info to /micro_ros_ws/wall_e_ws/install/localization/lib/python3.10/site-packages/localization-0.0.0-py3.10.egg-info
[2.259s] running install_scripts
[2.297s] Installing inverse_kinematic_node script to /micro_ros_ws/wall_e_ws/install/localization/lib/localization
[2.297s] Installing odometry_node script to /micro_ros_ws/wall_e_ws/install/localization/lib/localization
[2.299s] writing list of installed files to '/micro_ros_ws/wall_e_ws/build/localization/install.log'
[2.334s] Invoked command in '/micro_ros_ws/wall_e_ws/src/localization' returned '0': PYTHONPATH=/micro_ros_ws/wall_e_ws/build/localization/prefix_override:/usr/lib/python3/dist-packages/colcon_core/task/python/colcon_distutils_commands:/micro_ros_ws/wall_e_ws/install/localization/lib/python3.10/site-packages:${PYTHONPATH} /usr/bin/python3 -W ignore:setup.py install is deprecated -W ignore:easy_install command is deprecated setup.py egg_info --egg-base ../../build/localization build --build-base /micro_ros_ws/wall_e_ws/build/localization/build install --record /micro_ros_ws/wall_e_ws/build/localization/install.log --single-version-externally-managed install_data
