gmake[4]: Entering directory '/micro_ros_ws/firmware/mcu_ws/build/rclc'
/usr/bin/cmake -S/micro_ros_ws/firmware/mcu_ws/uros/rclc/rclc -B/micro_ros_ws/firmware/mcu_ws/build/rclc --check-build-system CMakeFiles/Makefile.cmake 0
/usr/bin/cmake -E cmake_progress_start /micro_ros_ws/firmware/mcu_ws/build/rclc/CMakeFiles /micro_ros_ws/firmware/mcu_ws/build/rclc//CMakeFiles/progress.marks
/usr/bin/gmake  -f CMakeFiles/Makefile2 all
gmake[5]: Entering directory '/micro_ros_ws/firmware/mcu_ws/build/rclc'
/usr/bin/gmake  -f CMakeFiles/rclc.dir/build.make CMakeFiles/rclc.dir/depend
gmake[6]: Entering directory '/micro_ros_ws/firmware/mcu_ws/build/rclc'
cd /micro_ros_ws/firmware/mcu_ws/build/rclc && /usr/bin/cmake -E cmake_depends "Unix Makefiles" /micro_ros_ws/firmware/mcu_ws/uros/rclc/rclc /micro_ros_ws/firmware/mcu_ws/uros/rclc/rclc /micro_ros_ws/firmware/mcu_ws/build/rclc /micro_ros_ws/firmware/mcu_ws/build/rclc /micro_ros_ws/firmware/mcu_ws/build/rclc/CMakeFiles/rclc.dir/DependInfo.cmake --color=
Dependencies file "CMakeFiles/rclc.dir/src/rclc/action_client.c.obj.d" is newer than depends file "/micro_ros_ws/firmware/mcu_ws/build/rclc/CMakeFiles/rclc.dir/compiler_depend.internal".
Dependencies file "CMakeFiles/rclc.dir/src/rclc/action_goal_handle.c.obj.d" is newer than depends file "/micro_ros_ws/firmware/mcu_ws/build/rclc/CMakeFiles/rclc.dir/compiler_depend.internal".
Dependencies file "CMakeFiles/rclc.dir/src/rclc/action_server.c.obj.d" is newer than depends file "/micro_ros_ws/firmware/mcu_ws/build/rclc/CMakeFiles/rclc.dir/compiler_depend.internal".
Dependencies file "CMakeFiles/rclc.dir/src/rclc/client.c.obj.d" is newer than depends file "/micro_ros_ws/firmware/mcu_ws/build/rclc/CMakeFiles/rclc.dir/compiler_depend.internal".
Dependencies file "CMakeFiles/rclc.dir/src/rclc/executor.c.obj.d" is newer than depends file "/micro_ros_ws/firmware/mcu_ws/build/rclc/CMakeFiles/rclc.dir/compiler_depend.internal".
Dependencies file "CMakeFiles/rclc.dir/src/rclc/executor_handle.c.obj.d" is newer than depends file "/micro_ros_ws/firmware/mcu_ws/build/rclc/CMakeFiles/rclc.dir/compiler_depend.internal".
Dependencies file "CMakeFiles/rclc.dir/src/rclc/init.c.obj.d" is newer than depends file "/micro_ros_ws/firmware/mcu_ws/build/rclc/CMakeFiles/rclc.dir/compiler_depend.internal".
Dependencies file "CMakeFiles/rclc.dir/src/rclc/node.c.obj.d" is newer than depends file "/micro_ros_ws/firmware/mcu_ws/build/rclc/CMakeFiles/rclc.dir/compiler_depend.internal".
Dependencies file "CMakeFiles/rclc.dir/src/rclc/publisher.c.obj.d" is newer than depends file "/micro_ros_ws/firmware/mcu_ws/build/rclc/CMakeFiles/rclc.dir/compiler_depend.internal".
Dependencies file "CMakeFiles/rclc.dir/src/rclc/service.c.obj.d" is newer than depends file "/micro_ros_ws/firmware/mcu_ws/build/rclc/CMakeFiles/rclc.dir/compiler_depend.internal".
Dependencies file "CMakeFiles/rclc.dir/src/rclc/subscription.c.obj.d" is newer than depends file "/micro_ros_ws/firmware/mcu_ws/build/rclc/CMakeFiles/rclc.dir/compiler_depend.internal".
Dependencies file "CMakeFiles/rclc.dir/src/rclc/timer.c.obj.d" is newer than depends file "/micro_ros_ws/firmware/mcu_ws/build/rclc/CMakeFiles/rclc.dir/compiler_depend.internal".
[35m[1mConsolidate compiler generated dependencies of target rclc[0m
gmake[6]: Leaving directory '/micro_ros_ws/firmware/mcu_ws/build/rclc'
/usr/bin/gmake  -f CMakeFiles/rclc.dir/build.make CMakeFiles/rclc.dir/build
gmake[6]: Entering directory '/micro_ros_ws/firmware/mcu_ws/build/rclc'
gmake[6]: Nothing to be done for 'CMakeFiles/rclc.dir/build'.
gmake[6]: Leaving directory '/micro_ros_ws/firmware/mcu_ws/build/rclc'
[100%] Built target rclc
gmake[5]: Leaving directory '/micro_ros_ws/firmware/mcu_ws/build/rclc'
/usr/bin/cmake -E cmake_progress_start /micro_ros_ws/firmware/mcu_ws/build/rclc/CMakeFiles 0
gmake[4]: Leaving directory '/micro_ros_ws/firmware/mcu_ws/build/rclc'
-- Install configuration: "Debug"
-- Up-to-date: /micro_ros_ws/firmware/mcu_ws/install/lib/librclc.a
-- Up-to-date: /micro_ros_ws/firmware/mcu_ws/install/include
-- Up-to-date: /micro_ros_ws/firmware/mcu_ws/install/include/rclc
-- Up-to-date: /micro_ros_ws/firmware/mcu_ws/install/include/rclc/action_client.h
-- Up-to-date: /micro_ros_ws/firmware/mcu_ws/install/include/rclc/action_goal_handle.h
-- Up-to-date: /micro_ros_ws/firmware/mcu_ws/install/include/rclc/action_server.h
-- Up-to-date: /micro_ros_ws/firmware/mcu_ws/install/include/rclc/client.h
-- Up-to-date: /micro_ros_ws/firmware/mcu_ws/install/include/rclc/executor.h
-- Up-to-date: /micro_ros_ws/firmware/mcu_ws/install/include/rclc/executor_handle.h
-- Up-to-date: /micro_ros_ws/firmware/mcu_ws/install/include/rclc/init.h
-- Up-to-date: /micro_ros_ws/firmware/mcu_ws/install/include/rclc/node.h
-- Up-to-date: /micro_ros_ws/firmware/mcu_ws/install/include/rclc/publisher.h
-- Up-to-date: /micro_ros_ws/firmware/mcu_ws/install/include/rclc/rclc.h
-- Up-to-date: /micro_ros_ws/firmware/mcu_ws/install/include/rclc/service.h
-- Up-to-date: /micro_ros_ws/firmware/mcu_ws/install/include/rclc/sleep.h
-- Up-to-date: /micro_ros_ws/firmware/mcu_ws/install/include/rclc/subscription.h
-- Up-to-date: /micro_ros_ws/firmware/mcu_ws/install/include/rclc/timer.h
-- Up-to-date: /micro_ros_ws/firmware/mcu_ws/install/include/rclc/types.h
-- Up-to-date: /micro_ros_ws/firmware/mcu_ws/install/include/rclc/visibility_control.h
-- Up-to-date: /micro_ros_ws/firmware/mcu_ws/install/share/rclc/environment/library_path.sh
-- Up-to-date: /micro_ros_ws/firmware/mcu_ws/install/share/rclc/environment/library_path.dsv
-- Up-to-date: /micro_ros_ws/firmware/mcu_ws/install/share/ament_index/resource_index/package_run_dependencies/rclc
-- Up-to-date: /micro_ros_ws/firmware/mcu_ws/install/share/ament_index/resource_index/parent_prefix_path/rclc
-- Up-to-date: /micro_ros_ws/firmware/mcu_ws/install/share/rclc/environment/ament_prefix_path.sh
-- Up-to-date: /micro_ros_ws/firmware/mcu_ws/install/share/rclc/environment/ament_prefix_path.dsv
-- Up-to-date: /micro_ros_ws/firmware/mcu_ws/install/share/rclc/environment/path.sh
-- Up-to-date: /micro_ros_ws/firmware/mcu_ws/install/share/rclc/environment/path.dsv
-- Up-to-date: /micro_ros_ws/firmware/mcu_ws/install/share/rclc/local_setup.bash
-- Up-to-date: /micro_ros_ws/firmware/mcu_ws/install/share/rclc/local_setup.sh
-- Up-to-date: /micro_ros_ws/firmware/mcu_ws/install/share/rclc/local_setup.zsh
-- Up-to-date: /micro_ros_ws/firmware/mcu_ws/install/share/rclc/local_setup.dsv
-- Installing: /micro_ros_ws/firmware/mcu_ws/install/share/rclc/package.dsv
-- Up-to-date: /micro_ros_ws/firmware/mcu_ws/install/share/ament_index/resource_index/packages/rclc
-- Up-to-date: /micro_ros_ws/firmware/mcu_ws/install/share/rclc/cmake/rclcExport.cmake
-- Up-to-date: /micro_ros_ws/firmware/mcu_ws/install/share/rclc/cmake/rclcExport-debug.cmake
-- Up-to-date: /micro_ros_ws/firmware/mcu_ws/install/share/rclc/cmake/ament_cmake_export_include_directories-extras.cmake
-- Up-to-date: /micro_ros_ws/firmware/mcu_ws/install/share/rclc/cmake/ament_cmake_export_libraries-extras.cmake
-- Up-to-date: /micro_ros_ws/firmware/mcu_ws/install/share/rclc/cmake/ament_cmake_export_targets-extras.cmake
-- Up-to-date: /micro_ros_ws/firmware/mcu_ws/install/share/rclc/cmake/ament_cmake_export_dependencies-extras.cmake
-- Up-to-date: /micro_ros_ws/firmware/mcu_ws/install/share/rclc/cmake/rclcConfig.cmake
-- Up-to-date: /micro_ros_ws/firmware/mcu_ws/install/share/rclc/cmake/rclcConfig-version.cmake
-- Up-to-date: /micro_ros_ws/firmware/mcu_ws/install/share/rclc/package.xml
