[0.523s] Invoking command in '/micro_ros_ws/firmware/mcu_ws/build/micro_ros_msgs': AMENT_PREFIX_PATH=/micro_ros_ws/firmware/mcu_ws/install:${AMENT_PREFIX_PATH} CMAKE_PREFIX_PATH=/micro_ros_ws/firmware/mcu_ws/install:/micro_ros_ws/firmware/dev_ws/install/ament_lint_common:/micro_ros_ws/firmware/dev_ws/install/ament_cmake_uncrustify:/micro_ros_ws/firmware/dev_ws/install/uncrustify_vendor:/micro_ros_ws/firmware/dev_ws/install/ament_cmake_ros:/micro_ros_ws/firmware/dev_ws/install/ament_cmake_auto:/micro_ros_ws/firmware/dev_ws/install/ament_cmake_gmock:/micro_ros_ws/firmware/dev_ws/install/gmock_vendor:/micro_ros_ws/firmware/dev_ws/install/ament_cmake_gtest:/micro_ros_ws/firmware/dev_ws/install/gtest_vendor:/micro_ros_ws/firmware/dev_ws/install/ament_cmake_xmllint:/micro_ros_ws/firmware/dev_ws/install/ament_cmake_pyflakes:/micro_ros_ws/firmware/dev_ws/install/ament_cmake_pycodestyle:/micro_ros_ws/firmware/dev_ws/install/ament_cmake_pep257:/micro_ros_ws/firmware/dev_ws/install/ament_cmake_pclint:/micro_ros_ws/firmware/dev_ws/install/ament_lint_auto:/micro_ros_ws/firmware/dev_ws/install/ament_cmake:/micro_ros_ws/firmware/dev_ws/install/ament_cmake_version:/micro_ros_ws/firmware/dev_ws/install/ament_cmake_vendor_package:/micro_ros_ws/firmware/dev_ws/install/ament_cmake_pytest:/micro_ros_ws/firmware/dev_ws/install/ament_cmake_nose:/micro_ros_ws/firmware/dev_ws/install/ament_cmake_mypy:/micro_ros_ws/firmware/dev_ws/install/ament_cmake_lint_cmake:/micro_ros_ws/firmware/dev_ws/install/ament_cmake_google_benchmark:/micro_ros_ws/firmware/dev_ws/install/ament_cmake_flake8:/micro_ros_ws/firmware/dev_ws/install/ament_cmake_cpplint:/micro_ros_ws/firmware/dev_ws/install/ament_cmake_cppcheck:/micro_ros_ws/firmware/dev_ws/install/ament_cmake_copyright:/micro_ros_ws/firmware/dev_ws/install/ament_cmake_clang_tidy:/micro_ros_ws/firmware/dev_ws/install/ament_cmake_clang_format:/micro_ros_ws/firmware/dev_ws/install/ament_cmake_test:/micro_ros_ws/firmware/dev_ws/install/ament_cmake_target_dependencies:/micro_ros_ws/firmware/dev_ws/install/ament_cmake_python:/micro_ros_ws/firmware/dev_ws/install/ament_cmake_export_dependencies:/micro_ros_ws/firmware/dev_ws/install/ament_cmake_libraries:/micro_ros_ws/firmware/dev_ws/install/ament_cmake_include_directories:/micro_ros_ws/firmware/dev_ws/install/ament_cmake_gen_version_h:/micro_ros_ws/firmware/dev_ws/install/ament_cmake_export_targets:/micro_ros_ws/firmware/dev_ws/install/ament_cmake_export_link_flags:/micro_ros_ws/firmware/dev_ws/install/ament_cmake_export_interfaces:/micro_ros_ws/firmware/dev_ws/install/ament_cmake_export_libraries:/micro_ros_ws/firmware/dev_ws/install/ament_cmake_export_include_directories:/micro_ros_ws/firmware/dev_ws/install/ament_cmake_export_definitions:/micro_ros_ws/firmware/dev_ws/install/ament_cmake_core:/micro_ros_ws/firmware/dev_ws/install/ament_index_cpp:/micro_ros_ws/firmware/dev_ws/install/ament_uncrustify:/micro_ros_ws/firmware/dev_ws/install/domain_coordinator:/micro_ros_ws/firmware/dev_ws/install/ament_xmllint:/micro_ros_ws/firmware/dev_ws/install/ament_pyflakes:/micro_ros_ws/firmware/dev_ws/install/ament_pycodestyle:/micro_ros_ws/firmware/dev_ws/install/ament_pep257:/micro_ros_ws/firmware/dev_ws/install/ament_pclint:/micro_ros_ws/firmware/dev_ws/install/ament_package:/micro_ros_ws/firmware/dev_ws/install/ament_mypy:/micro_ros_ws/firmware/dev_ws/install/ament_lint_cmake:/micro_ros_ws/firmware/dev_ws/install/ament_flake8:/micro_ros_ws/firmware/dev_ws/install/ament_copyright:/micro_ros_ws/firmware/dev_ws/install/ament_lint:/micro_ros_ws/firmware/dev_ws/install/ament_index_python:/micro_ros_ws/firmware/dev_ws/install/ament_cpplint:/micro_ros_ws/firmware/dev_ws/install/ament_cppcheck:/micro_ros_ws/firmware/dev_ws/install/ament_clang_tidy:/micro_ros_ws/firmware/dev_ws/install/ament_clang_format LD_LIBRARY_PATH=/micro_ros_ws/firmware/mcu_ws/install/lib:${LD_LIBRARY_PATH} PATH=/micro_ros_ws/firmware/mcu_ws/install/bin:${PATH} PYTHONPATH=/micro_ros_ws/firmware/mcu_ws/install/lib/python3.10/site-packages:${PYTHONPATH} /usr/bin/cmake --build /micro_ros_ws/firmware/mcu_ws/build/micro_ros_msgs -- -j12 -l12
[0.589s] gmake[4]: Entering directory '/micro_ros_ws/firmware/mcu_ws/build/micro_ros_msgs'
[0.589s] /usr/bin/cmake -S/micro_ros_ws/firmware/mcu_ws/uros/micro_ros_msgs -B/micro_ros_ws/firmware/mcu_ws/build/micro_ros_msgs --check-build-system CMakeFiles/Makefile.cmake 0
[0.663s] Re-run cmake file: Makefile older than: /micro_ros_ws/firmware/freertos_apps/microros_esp32_extensions/esp32_toolchain.cmake
[0.677s] -- Found ament_cmake: 1.3.14 (/micro_ros_ws/firmware/dev_ws/install/ament_cmake/share/ament_cmake/cmake)
[1.426s] -- Found rosidl_default_generators: 1.2.1 (/micro_ros_ws/firmware/mcu_ws/install/share/rosidl_default_generators/cmake)
[1.493s] -- Using all available rosidl_typesupport_c: rosidl_typesupport_introspection_c;rosidl_typesupport_microxrcedds_c
[1.508s] -- Found rosidl_adapter: 3.1.8 (/micro_ros_ws/firmware/mcu_ws/install/share/rosidl_adapter/cmake)
[3.575s] -- Found ament_cmake_ros: 0.10.0 (/micro_ros_ws/firmware/dev_ws/install/ament_cmake_ros/share/ament_cmake_ros/cmake)
[4.368s] -- Using all available rosidl_typesupport_c: rosidl_typesupport_introspection_c;rosidl_typesupport_microxrcedds_c
[4.476s] -- Configuring done
[4.727s] -- Generating done
[4.779s] -- Build files have been written to: /micro_ros_ws/firmware/mcu_ws/build/micro_ros_msgs
[4.782s] /usr/bin/cmake -E cmake_progress_start /micro_ros_ws/firmware/mcu_ws/build/micro_ros_msgs/CMakeFiles /micro_ros_ws/firmware/mcu_ws/build/micro_ros_msgs//CMakeFiles/progress.marks
[4.804s] /usr/bin/gmake  -f CMakeFiles/Makefile2 all
[4.812s] gmake[5]: Entering directory '/micro_ros_ws/firmware/mcu_ws/build/micro_ros_msgs'
[4.812s] /usr/bin/gmake  -f CMakeFiles/micro_ros_msgs__rosidl_generator_c.dir/build.make CMakeFiles/micro_ros_msgs__rosidl_generator_c.dir/depend
[4.833s] gmake[6]: Entering directory '/micro_ros_ws/firmware/mcu_ws/build/micro_ros_msgs'
[4.833s] cd /micro_ros_ws/firmware/mcu_ws/build/micro_ros_msgs && /usr/bin/cmake -E cmake_depends "Unix Makefiles" /micro_ros_ws/firmware/mcu_ws/uros/micro_ros_msgs /micro_ros_ws/firmware/mcu_ws/uros/micro_ros_msgs /micro_ros_ws/firmware/mcu_ws/build/micro_ros_msgs /micro_ros_ws/firmware/mcu_ws/build/micro_ros_msgs /micro_ros_ws/firmware/mcu_ws/build/micro_ros_msgs/CMakeFiles/micro_ros_msgs__rosidl_generator_c.dir/DependInfo.cmake --color=
[4.890s] Dependencies file "CMakeFiles/micro_ros_msgs__rosidl_generator_c.dir/rosidl_generator_c/micro_ros_msgs/msg/detail/entity__functions.c.obj.d" is newer than depends file "/micro_ros_ws/firmware/mcu_ws/build/micro_ros_msgs/CMakeFiles/micro_ros_msgs__rosidl_generator_c.dir/compiler_depend.internal".
[4.891s] Dependencies file "CMakeFiles/micro_ros_msgs__rosidl_generator_c.dir/rosidl_generator_c/micro_ros_msgs/msg/detail/graph__functions.c.obj.d" is newer than depends file "/micro_ros_ws/firmware/mcu_ws/build/micro_ros_msgs/CMakeFiles/micro_ros_msgs__rosidl_generator_c.dir/compiler_depend.internal".
[4.892s] Dependencies file "CMakeFiles/micro_ros_msgs__rosidl_generator_c.dir/rosidl_generator_c/micro_ros_msgs/msg/detail/node__functions.c.obj.d" is newer than depends file "/micro_ros_ws/firmware/mcu_ws/build/micro_ros_msgs/CMakeFiles/micro_ros_msgs__rosidl_generator_c.dir/compiler_depend.internal".
[4.892s] [35m[1mConsolidate compiler generated dependencies of target micro_ros_msgs__rosidl_generator_c[0m
[4.911s] gmake[6]: Leaving directory '/micro_ros_ws/firmware/mcu_ws/build/micro_ros_msgs'
[4.911s] /usr/bin/gmake  -f CMakeFiles/micro_ros_msgs__rosidl_generator_c.dir/build.make CMakeFiles/micro_ros_msgs__rosidl_generator_c.dir/build
[4.936s] gmake[6]: Entering directory '/micro_ros_ws/firmware/mcu_ws/build/micro_ros_msgs'
[4.936s] gmake[6]: Nothing to be done for 'CMakeFiles/micro_ros_msgs__rosidl_generator_c.dir/build'.
[4.936s] gmake[6]: Leaving directory '/micro_ros_ws/firmware/mcu_ws/build/micro_ros_msgs'
[4.977s] [ 25%] Built target micro_ros_msgs__rosidl_generator_c
[4.977s] /usr/bin/gmake  -f CMakeFiles/micro_ros_msgs__rosidl_typesupport_introspection_c.dir/build.make CMakeFiles/micro_ros_msgs__rosidl_typesupport_introspection_c.dir/depend
[4.977s] /usr/bin/gmake  -f CMakeFiles/micro_ros_msgs__rosidl_typesupport_c.dir/build.make CMakeFiles/micro_ros_msgs__rosidl_typesupport_c.dir/depend
[4.978s] /usr/bin/gmake  -f CMakeFiles/micro_ros_msgs__rosidl_typesupport_microxrcedds_c.dir/build.make CMakeFiles/micro_ros_msgs__rosidl_typesupport_microxrcedds_c.dir/depend
[4.991s] gmake[6]: Entering directory '/micro_ros_ws/firmware/mcu_ws/build/micro_ros_msgs'
[4.991s] cd /micro_ros_ws/firmware/mcu_ws/build/micro_ros_msgs && /usr/bin/cmake -E cmake_depends "Unix Makefiles" /micro_ros_ws/firmware/mcu_ws/uros/micro_ros_msgs /micro_ros_ws/firmware/mcu_ws/uros/micro_ros_msgs /micro_ros_ws/firmware/mcu_ws/build/micro_ros_msgs /micro_ros_ws/firmware/mcu_ws/build/micro_ros_msgs /micro_ros_ws/firmware/mcu_ws/build/micro_ros_msgs/CMakeFiles/micro_ros_msgs__rosidl_typesupport_c.dir/DependInfo.cmake --color=
[4.992s] gmake[6]: Entering directory '/micro_ros_ws/firmware/mcu_ws/build/micro_ros_msgs'
[4.992s] cd /micro_ros_ws/firmware/mcu_ws/build/micro_ros_msgs && /usr/bin/cmake -E cmake_depends "Unix Makefiles" /micro_ros_ws/firmware/mcu_ws/uros/micro_ros_msgs /micro_ros_ws/firmware/mcu_ws/uros/micro_ros_msgs /micro_ros_ws/firmware/mcu_ws/build/micro_ros_msgs /micro_ros_ws/firmware/mcu_ws/build/micro_ros_msgs /micro_ros_ws/firmware/mcu_ws/build/micro_ros_msgs/CMakeFiles/micro_ros_msgs__rosidl_typesupport_introspection_c.dir/DependInfo.cmake --color=
[4.992s] gmake[6]: Entering directory '/micro_ros_ws/firmware/mcu_ws/build/micro_ros_msgs'
[4.993s] cd /micro_ros_ws/firmware/mcu_ws/build/micro_ros_msgs && /usr/bin/cmake -E cmake_depends "Unix Makefiles" /micro_ros_ws/firmware/mcu_ws/uros/micro_ros_msgs /micro_ros_ws/firmware/mcu_ws/uros/micro_ros_msgs /micro_ros_ws/firmware/mcu_ws/build/micro_ros_msgs /micro_ros_ws/firmware/mcu_ws/build/micro_ros_msgs /micro_ros_ws/firmware/mcu_ws/build/micro_ros_msgs/CMakeFiles/micro_ros_msgs__rosidl_typesupport_microxrcedds_c.dir/DependInfo.cmake --color=
[5.033s] Dependencies file "CMakeFiles/micro_ros_msgs__rosidl_typesupport_c.dir/rosidl_typesupport_c/micro_ros_msgs/msg/entity__type_support.cpp.obj.d" is newer than depends file "/micro_ros_ws/firmware/mcu_ws/build/micro_ros_msgs/CMakeFiles/micro_ros_msgs__rosidl_typesupport_c.dir/compiler_depend.internal".
[5.034s] Dependencies file "CMakeFiles/micro_ros_msgs__rosidl_typesupport_c.dir/rosidl_typesupport_c/micro_ros_msgs/msg/graph__type_support.cpp.obj.d" is newer than depends file "/micro_ros_ws/firmware/mcu_ws/build/micro_ros_msgs/CMakeFiles/micro_ros_msgs__rosidl_typesupport_c.dir/compiler_depend.internal".
[5.035s] Dependencies file "CMakeFiles/micro_ros_msgs__rosidl_typesupport_c.dir/rosidl_typesupport_c/micro_ros_msgs/msg/node__type_support.cpp.obj.d" is newer than depends file "/micro_ros_ws/firmware/mcu_ws/build/micro_ros_msgs/CMakeFiles/micro_ros_msgs__rosidl_typesupport_c.dir/compiler_depend.internal".
[5.036s] Dependencies file "CMakeFiles/micro_ros_msgs__rosidl_typesupport_introspection_c.dir/rosidl_typesupport_introspection_c/micro_ros_msgs/msg/detail/entity__type_support.c.obj.d" is newer than depends file "/micro_ros_ws/firmware/mcu_ws/build/micro_ros_msgs/CMakeFiles/micro_ros_msgs__rosidl_typesupport_introspection_c.dir/compiler_depend.internal".
[5.036s] [35m[1mConsolidate compiler generated dependencies of target micro_ros_msgs__rosidl_typesupport_c[0m
[5.037s] Dependencies file "CMakeFiles/micro_ros_msgs__rosidl_typesupport_introspection_c.dir/rosidl_typesupport_introspection_c/micro_ros_msgs/msg/detail/graph__type_support.c.obj.d" is newer than depends file "/micro_ros_ws/firmware/mcu_ws/build/micro_ros_msgs/CMakeFiles/micro_ros_msgs__rosidl_typesupport_introspection_c.dir/compiler_depend.internal".
[5.039s] Dependencies file "CMakeFiles/micro_ros_msgs__rosidl_typesupport_introspection_c.dir/rosidl_typesupport_introspection_c/micro_ros_msgs/msg/detail/node__type_support.c.obj.d" is newer than depends file "/micro_ros_ws/firmware/mcu_ws/build/micro_ros_msgs/CMakeFiles/micro_ros_msgs__rosidl_typesupport_introspection_c.dir/compiler_depend.internal".
[5.039s] [35m[1mConsolidate compiler generated dependencies of target micro_ros_msgs__rosidl_typesupport_introspection_c[0m
[5.040s] Dependencies file "CMakeFiles/micro_ros_msgs__rosidl_typesupport_microxrcedds_c.dir/rosidl_typesupport_microxrcedds_c/micro_ros_msgs/msg/detail/microxrcedds/entity__type_support_c.c.obj.d" is newer than depends file "/micro_ros_ws/firmware/mcu_ws/build/micro_ros_msgs/CMakeFiles/micro_ros_msgs__rosidl_typesupport_microxrcedds_c.dir/compiler_depend.internal".
[5.041s] Dependencies file "CMakeFiles/micro_ros_msgs__rosidl_typesupport_microxrcedds_c.dir/rosidl_typesupport_microxrcedds_c/micro_ros_msgs/msg/detail/microxrcedds/graph__type_support_c.c.obj.d" is newer than depends file "/micro_ros_ws/firmware/mcu_ws/build/micro_ros_msgs/CMakeFiles/micro_ros_msgs__rosidl_typesupport_microxrcedds_c.dir/compiler_depend.internal".
[5.044s] Dependencies file "CMakeFiles/micro_ros_msgs__rosidl_typesupport_microxrcedds_c.dir/rosidl_typesupport_microxrcedds_c/micro_ros_msgs/msg/detail/microxrcedds/node__type_support_c.c.obj.d" is newer than depends file "/micro_ros_ws/firmware/mcu_ws/build/micro_ros_msgs/CMakeFiles/micro_ros_msgs__rosidl_typesupport_microxrcedds_c.dir/compiler_depend.internal".
[5.046s] [35m[1mConsolidate compiler generated dependencies of target micro_ros_msgs__rosidl_typesupport_microxrcedds_c[0m
[5.067s] gmake[6]: Leaving directory '/micro_ros_ws/firmware/mcu_ws/build/micro_ros_msgs'
[5.067s] /usr/bin/gmake  -f CMakeFiles/micro_ros_msgs__rosidl_typesupport_c.dir/build.make CMakeFiles/micro_ros_msgs__rosidl_typesupport_c.dir/build
[5.078s] gmake[6]: Leaving directory '/micro_ros_ws/firmware/mcu_ws/build/micro_ros_msgs'
[5.078s] /usr/bin/gmake  -f CMakeFiles/micro_ros_msgs__rosidl_typesupport_introspection_c.dir/build.make CMakeFiles/micro_ros_msgs__rosidl_typesupport_introspection_c.dir/build
[5.092s] gmake[6]: Leaving directory '/micro_ros_ws/firmware/mcu_ws/build/micro_ros_msgs'
[5.093s] /usr/bin/gmake  -f CMakeFiles/micro_ros_msgs__rosidl_typesupport_microxrcedds_c.dir/build.make CMakeFiles/micro_ros_msgs__rosidl_typesupport_microxrcedds_c.dir/build
[5.099s] gmake[6]: Entering directory '/micro_ros_ws/firmware/mcu_ws/build/micro_ros_msgs'
[5.099s] gmake[6]: Nothing to be done for 'CMakeFiles/micro_ros_msgs__rosidl_typesupport_c.dir/build'.
[5.100s] gmake[6]: Leaving directory '/micro_ros_ws/firmware/mcu_ws/build/micro_ros_msgs'
[5.117s] gmake[6]: Entering directory '/micro_ros_ws/firmware/mcu_ws/build/micro_ros_msgs'
[5.118s] gmake[6]: Nothing to be done for 'CMakeFiles/micro_ros_msgs__rosidl_typesupport_introspection_c.dir/build'.
[5.118s] gmake[6]: Leaving directory '/micro_ros_ws/firmware/mcu_ws/build/micro_ros_msgs'
[5.136s] gmake[6]: Entering directory '/micro_ros_ws/firmware/mcu_ws/build/micro_ros_msgs'
[5.136s] gmake[6]: Nothing to be done for 'CMakeFiles/micro_ros_msgs__rosidl_typesupport_microxrcedds_c.dir/build'.
[5.137s] gmake[6]: Leaving directory '/micro_ros_ws/firmware/mcu_ws/build/micro_ros_msgs'
[5.152s] [ 50%] Built target micro_ros_msgs__rosidl_typesupport_c
[5.173s] [ 75%] Built target micro_ros_msgs__rosidl_typesupport_introspection_c
[5.186s] [100%] Built target micro_ros_msgs__rosidl_typesupport_microxrcedds_c
[5.187s] /usr/bin/gmake  -f CMakeFiles/micro_ros_msgs.dir/build.make CMakeFiles/micro_ros_msgs.dir/depend
[5.197s] gmake[6]: Entering directory '/micro_ros_ws/firmware/mcu_ws/build/micro_ros_msgs'
[5.198s] cd /micro_ros_ws/firmware/mcu_ws/build/micro_ros_msgs && /usr/bin/cmake -E cmake_depends "Unix Makefiles" /micro_ros_ws/firmware/mcu_ws/uros/micro_ros_msgs /micro_ros_ws/firmware/mcu_ws/uros/micro_ros_msgs /micro_ros_ws/firmware/mcu_ws/build/micro_ros_msgs /micro_ros_ws/firmware/mcu_ws/build/micro_ros_msgs /micro_ros_ws/firmware/mcu_ws/build/micro_ros_msgs/CMakeFiles/micro_ros_msgs.dir/DependInfo.cmake --color=
[5.233s] gmake[6]: Leaving directory '/micro_ros_ws/firmware/mcu_ws/build/micro_ros_msgs'
[5.233s] /usr/bin/gmake  -f CMakeFiles/micro_ros_msgs.dir/build.make CMakeFiles/micro_ros_msgs.dir/build
[5.242s] gmake[6]: Entering directory '/micro_ros_ws/firmware/mcu_ws/build/micro_ros_msgs'
[5.243s] gmake[6]: Nothing to be done for 'CMakeFiles/micro_ros_msgs.dir/build'.
[5.243s] gmake[6]: Leaving directory '/micro_ros_ws/firmware/mcu_ws/build/micro_ros_msgs'
[5.281s] [100%] Built target micro_ros_msgs
[5.282s] gmake[5]: Leaving directory '/micro_ros_ws/firmware/mcu_ws/build/micro_ros_msgs'
[5.282s] /usr/bin/cmake -E cmake_progress_start /micro_ros_ws/firmware/mcu_ws/build/micro_ros_msgs/CMakeFiles 0
[5.318s] gmake[4]: Leaving directory '/micro_ros_ws/firmware/mcu_ws/build/micro_ros_msgs'
[5.323s] Invoked command in '/micro_ros_ws/firmware/mcu_ws/build/micro_ros_msgs' returned '0': AMENT_PREFIX_PATH=/micro_ros_ws/firmware/mcu_ws/install:${AMENT_PREFIX_PATH} CMAKE_PREFIX_PATH=/micro_ros_ws/firmware/mcu_ws/install:/micro_ros_ws/firmware/dev_ws/install/ament_lint_common:/micro_ros_ws/firmware/dev_ws/install/ament_cmake_uncrustify:/micro_ros_ws/firmware/dev_ws/install/uncrustify_vendor:/micro_ros_ws/firmware/dev_ws/install/ament_cmake_ros:/micro_ros_ws/firmware/dev_ws/install/ament_cmake_auto:/micro_ros_ws/firmware/dev_ws/install/ament_cmake_gmock:/micro_ros_ws/firmware/dev_ws/install/gmock_vendor:/micro_ros_ws/firmware/dev_ws/install/ament_cmake_gtest:/micro_ros_ws/firmware/dev_ws/install/gtest_vendor:/micro_ros_ws/firmware/dev_ws/install/ament_cmake_xmllint:/micro_ros_ws/firmware/dev_ws/install/ament_cmake_pyflakes:/micro_ros_ws/firmware/dev_ws/install/ament_cmake_pycodestyle:/micro_ros_ws/firmware/dev_ws/install/ament_cmake_pep257:/micro_ros_ws/firmware/dev_ws/install/ament_cmake_pclint:/micro_ros_ws/firmware/dev_ws/install/ament_lint_auto:/micro_ros_ws/firmware/dev_ws/install/ament_cmake:/micro_ros_ws/firmware/dev_ws/install/ament_cmake_version:/micro_ros_ws/firmware/dev_ws/install/ament_cmake_vendor_package:/micro_ros_ws/firmware/dev_ws/install/ament_cmake_pytest:/micro_ros_ws/firmware/dev_ws/install/ament_cmake_nose:/micro_ros_ws/firmware/dev_ws/install/ament_cmake_mypy:/micro_ros_ws/firmware/dev_ws/install/ament_cmake_lint_cmake:/micro_ros_ws/firmware/dev_ws/install/ament_cmake_google_benchmark:/micro_ros_ws/firmware/dev_ws/install/ament_cmake_flake8:/micro_ros_ws/firmware/dev_ws/install/ament_cmake_cpplint:/micro_ros_ws/firmware/dev_ws/install/ament_cmake_cppcheck:/micro_ros_ws/firmware/dev_ws/install/ament_cmake_copyright:/micro_ros_ws/firmware/dev_ws/install/ament_cmake_clang_tidy:/micro_ros_ws/firmware/dev_ws/install/ament_cmake_clang_format:/micro_ros_ws/firmware/dev_ws/install/ament_cmake_test:/micro_ros_ws/firmware/dev_ws/install/ament_cmake_target_dependencies:/micro_ros_ws/firmware/dev_ws/install/ament_cmake_python:/micro_ros_ws/firmware/dev_ws/install/ament_cmake_export_dependencies:/micro_ros_ws/firmware/dev_ws/install/ament_cmake_libraries:/micro_ros_ws/firmware/dev_ws/install/ament_cmake_include_directories:/micro_ros_ws/firmware/dev_ws/install/ament_cmake_gen_version_h:/micro_ros_ws/firmware/dev_ws/install/ament_cmake_export_targets:/micro_ros_ws/firmware/dev_ws/install/ament_cmake_export_link_flags:/micro_ros_ws/firmware/dev_ws/install/ament_cmake_export_interfaces:/micro_ros_ws/firmware/dev_ws/install/ament_cmake_export_libraries:/micro_ros_ws/firmware/dev_ws/install/ament_cmake_export_include_directories:/micro_ros_ws/firmware/dev_ws/install/ament_cmake_export_definitions:/micro_ros_ws/firmware/dev_ws/install/ament_cmake_core:/micro_ros_ws/firmware/dev_ws/install/ament_index_cpp:/micro_ros_ws/firmware/dev_ws/install/ament_uncrustify:/micro_ros_ws/firmware/dev_ws/install/domain_coordinator:/micro_ros_ws/firmware/dev_ws/install/ament_xmllint:/micro_ros_ws/firmware/dev_ws/install/ament_pyflakes:/micro_ros_ws/firmware/dev_ws/install/ament_pycodestyle:/micro_ros_ws/firmware/dev_ws/install/ament_pep257:/micro_ros_ws/firmware/dev_ws/install/ament_pclint:/micro_ros_ws/firmware/dev_ws/install/ament_package:/micro_ros_ws/firmware/dev_ws/install/ament_mypy:/micro_ros_ws/firmware/dev_ws/install/ament_lint_cmake:/micro_ros_ws/firmware/dev_ws/install/ament_flake8:/micro_ros_ws/firmware/dev_ws/install/ament_copyright:/micro_ros_ws/firmware/dev_ws/install/ament_lint:/micro_ros_ws/firmware/dev_ws/install/ament_index_python:/micro_ros_ws/firmware/dev_ws/install/ament_cpplint:/micro_ros_ws/firmware/dev_ws/install/ament_cppcheck:/micro_ros_ws/firmware/dev_ws/install/ament_clang_tidy:/micro_ros_ws/firmware/dev_ws/install/ament_clang_format LD_LIBRARY_PATH=/micro_ros_ws/firmware/mcu_ws/install/lib:${LD_LIBRARY_PATH} PATH=/micro_ros_ws/firmware/mcu_ws/install/bin:${PATH} PYTHONPATH=/micro_ros_ws/firmware/mcu_ws/install/lib/python3.10/site-packages:${PYTHONPATH} /usr/bin/cmake --build /micro_ros_ws/firmware/mcu_ws/build/micro_ros_msgs -- -j12 -l12
[5.327s] Invoking command in '/micro_ros_ws/firmware/mcu_ws/build/micro_ros_msgs': AMENT_PREFIX_PATH=/micro_ros_ws/firmware/mcu_ws/install:${AMENT_PREFIX_PATH} CMAKE_PREFIX_PATH=/micro_ros_ws/firmware/mcu_ws/install:/micro_ros_ws/firmware/dev_ws/install/ament_lint_common:/micro_ros_ws/firmware/dev_ws/install/ament_cmake_uncrustify:/micro_ros_ws/firmware/dev_ws/install/uncrustify_vendor:/micro_ros_ws/firmware/dev_ws/install/ament_cmake_ros:/micro_ros_ws/firmware/dev_ws/install/ament_cmake_auto:/micro_ros_ws/firmware/dev_ws/install/ament_cmake_gmock:/micro_ros_ws/firmware/dev_ws/install/gmock_vendor:/micro_ros_ws/firmware/dev_ws/install/ament_cmake_gtest:/micro_ros_ws/firmware/dev_ws/install/gtest_vendor:/micro_ros_ws/firmware/dev_ws/install/ament_cmake_xmllint:/micro_ros_ws/firmware/dev_ws/install/ament_cmake_pyflakes:/micro_ros_ws/firmware/dev_ws/install/ament_cmake_pycodestyle:/micro_ros_ws/firmware/dev_ws/install/ament_cmake_pep257:/micro_ros_ws/firmware/dev_ws/install/ament_cmake_pclint:/micro_ros_ws/firmware/dev_ws/install/ament_lint_auto:/micro_ros_ws/firmware/dev_ws/install/ament_cmake:/micro_ros_ws/firmware/dev_ws/install/ament_cmake_version:/micro_ros_ws/firmware/dev_ws/install/ament_cmake_vendor_package:/micro_ros_ws/firmware/dev_ws/install/ament_cmake_pytest:/micro_ros_ws/firmware/dev_ws/install/ament_cmake_nose:/micro_ros_ws/firmware/dev_ws/install/ament_cmake_mypy:/micro_ros_ws/firmware/dev_ws/install/ament_cmake_lint_cmake:/micro_ros_ws/firmware/dev_ws/install/ament_cmake_google_benchmark:/micro_ros_ws/firmware/dev_ws/install/ament_cmake_flake8:/micro_ros_ws/firmware/dev_ws/install/ament_cmake_cpplint:/micro_ros_ws/firmware/dev_ws/install/ament_cmake_cppcheck:/micro_ros_ws/firmware/dev_ws/install/ament_cmake_copyright:/micro_ros_ws/firmware/dev_ws/install/ament_cmake_clang_tidy:/micro_ros_ws/firmware/dev_ws/install/ament_cmake_clang_format:/micro_ros_ws/firmware/dev_ws/install/ament_cmake_test:/micro_ros_ws/firmware/dev_ws/install/ament_cmake_target_dependencies:/micro_ros_ws/firmware/dev_ws/install/ament_cmake_python:/micro_ros_ws/firmware/dev_ws/install/ament_cmake_export_dependencies:/micro_ros_ws/firmware/dev_ws/install/ament_cmake_libraries:/micro_ros_ws/firmware/dev_ws/install/ament_cmake_include_directories:/micro_ros_ws/firmware/dev_ws/install/ament_cmake_gen_version_h:/micro_ros_ws/firmware/dev_ws/install/ament_cmake_export_targets:/micro_ros_ws/firmware/dev_ws/install/ament_cmake_export_link_flags:/micro_ros_ws/firmware/dev_ws/install/ament_cmake_export_interfaces:/micro_ros_ws/firmware/dev_ws/install/ament_cmake_export_libraries:/micro_ros_ws/firmware/dev_ws/install/ament_cmake_export_include_directories:/micro_ros_ws/firmware/dev_ws/install/ament_cmake_export_definitions:/micro_ros_ws/firmware/dev_ws/install/ament_cmake_core:/micro_ros_ws/firmware/dev_ws/install/ament_index_cpp:/micro_ros_ws/firmware/dev_ws/install/ament_uncrustify:/micro_ros_ws/firmware/dev_ws/install/domain_coordinator:/micro_ros_ws/firmware/dev_ws/install/ament_xmllint:/micro_ros_ws/firmware/dev_ws/install/ament_pyflakes:/micro_ros_ws/firmware/dev_ws/install/ament_pycodestyle:/micro_ros_ws/firmware/dev_ws/install/ament_pep257:/micro_ros_ws/firmware/dev_ws/install/ament_pclint:/micro_ros_ws/firmware/dev_ws/install/ament_package:/micro_ros_ws/firmware/dev_ws/install/ament_mypy:/micro_ros_ws/firmware/dev_ws/install/ament_lint_cmake:/micro_ros_ws/firmware/dev_ws/install/ament_flake8:/micro_ros_ws/firmware/dev_ws/install/ament_copyright:/micro_ros_ws/firmware/dev_ws/install/ament_lint:/micro_ros_ws/firmware/dev_ws/install/ament_index_python:/micro_ros_ws/firmware/dev_ws/install/ament_cpplint:/micro_ros_ws/firmware/dev_ws/install/ament_cppcheck:/micro_ros_ws/firmware/dev_ws/install/ament_clang_tidy:/micro_ros_ws/firmware/dev_ws/install/ament_clang_format LD_LIBRARY_PATH=/micro_ros_ws/firmware/mcu_ws/install/lib:${LD_LIBRARY_PATH} PATH=/micro_ros_ws/firmware/mcu_ws/install/bin:${PATH} PYTHONPATH=/micro_ros_ws/firmware/mcu_ws/install/lib/python3.10/site-packages:${PYTHONPATH} /usr/bin/cmake --install /micro_ros_ws/firmware/mcu_ws/build/micro_ros_msgs
[5.365s] -- Install configuration: "Debug"
[5.368s] -- Up-to-date: /micro_ros_ws/firmware/mcu_ws/install/share/ament_index/resource_index/rosidl_interfaces/micro_ros_msgs
[5.369s] -- Up-to-date: /micro_ros_ws/firmware/mcu_ws/install/include/micro_ros_msgs/micro_ros_msgs
[5.370s] -- Up-to-date: /micro_ros_ws/firmware/mcu_ws/install/include/micro_ros_msgs/micro_ros_msgs/msg
[5.372s] -- Up-to-date: /micro_ros_ws/firmware/mcu_ws/install/include/micro_ros_msgs/micro_ros_msgs/msg/detail
[5.375s] -- Up-to-date: /micro_ros_ws/firmware/mcu_ws/install/include/micro_ros_msgs/micro_ros_msgs/msg/detail/entity__functions.c
[5.378s] -- Up-to-date: /micro_ros_ws/firmware/mcu_ws/install/include/micro_ros_msgs/micro_ros_msgs/msg/detail/entity__functions.h
[5.380s] -- Up-to-date: /micro_ros_ws/firmware/mcu_ws/install/include/micro_ros_msgs/micro_ros_msgs/msg/detail/entity__struct.h
[5.382s] -- Up-to-date: /micro_ros_ws/firmware/mcu_ws/install/include/micro_ros_msgs/micro_ros_msgs/msg/detail/entity__type_support.h
[5.385s] -- Up-to-date: /micro_ros_ws/firmware/mcu_ws/install/include/micro_ros_msgs/micro_ros_msgs/msg/detail/graph__functions.c
[5.386s] -- Up-to-date: /micro_ros_ws/firmware/mcu_ws/install/include/micro_ros_msgs/micro_ros_msgs/msg/detail/graph__functions.h
[5.389s] -- Up-to-date: /micro_ros_ws/firmware/mcu_ws/install/include/micro_ros_msgs/micro_ros_msgs/msg/detail/graph__struct.h
[5.391s] -- Up-to-date: /micro_ros_ws/firmware/mcu_ws/install/include/micro_ros_msgs/micro_ros_msgs/msg/detail/graph__type_support.h
[5.393s] -- Up-to-date: /micro_ros_ws/firmware/mcu_ws/install/include/micro_ros_msgs/micro_ros_msgs/msg/detail/node__functions.c
[5.395s] -- Up-to-date: /micro_ros_ws/firmware/mcu_ws/install/include/micro_ros_msgs/micro_ros_msgs/msg/detail/node__functions.h
[5.397s] -- Up-to-date: /micro_ros_ws/firmware/mcu_ws/install/include/micro_ros_msgs/micro_ros_msgs/msg/detail/node__struct.h
[5.400s] -- Up-to-date: /micro_ros_ws/firmware/mcu_ws/install/include/micro_ros_msgs/micro_ros_msgs/msg/detail/node__type_support.h
[5.402s] -- Up-to-date: /micro_ros_ws/firmware/mcu_ws/install/include/micro_ros_msgs/micro_ros_msgs/msg/entity.h
[5.403s] -- Up-to-date: /micro_ros_ws/firmware/mcu_ws/install/include/micro_ros_msgs/micro_ros_msgs/msg/graph.h
[5.405s] -- Up-to-date: /micro_ros_ws/firmware/mcu_ws/install/include/micro_ros_msgs/micro_ros_msgs/msg/node.h
[5.406s] -- Up-to-date: /micro_ros_ws/firmware/mcu_ws/install/include/micro_ros_msgs/micro_ros_msgs/msg/rosidl_generator_c__visibility_control.h
[5.409s] -- Up-to-date: /micro_ros_ws/firmware/mcu_ws/install/share/micro_ros_msgs/environment/library_path.sh
[5.411s] -- Installing: /micro_ros_ws/firmware/mcu_ws/install/share/micro_ros_msgs/environment/library_path.dsv
[5.418s] -- Up-to-date: /micro_ros_ws/firmware/mcu_ws/install/lib/libmicro_ros_msgs__rosidl_generator_c.a
[5.419s] -- Up-to-date: /micro_ros_ws/firmware/mcu_ws/install/include/micro_ros_msgs/micro_ros_msgs
[5.421s] -- Up-to-date: /micro_ros_ws/firmware/mcu_ws/install/include/micro_ros_msgs/micro_ros_msgs/msg
[5.423s] -- Up-to-date: /micro_ros_ws/firmware/mcu_ws/install/include/micro_ros_msgs/micro_ros_msgs/msg/detail
[5.427s] -- Up-to-date: /micro_ros_ws/firmware/mcu_ws/install/include/micro_ros_msgs/micro_ros_msgs/msg/detail/entity__rosidl_typesupport_introspection_c.h
[5.429s] -- Up-to-date: /micro_ros_ws/firmware/mcu_ws/install/include/micro_ros_msgs/micro_ros_msgs/msg/detail/entity__type_support.c
[5.431s] -- Up-to-date: /micro_ros_ws/firmware/mcu_ws/install/include/micro_ros_msgs/micro_ros_msgs/msg/detail/graph__rosidl_typesupport_introspection_c.h
[5.434s] -- Up-to-date: /micro_ros_ws/firmware/mcu_ws/install/include/micro_ros_msgs/micro_ros_msgs/msg/detail/graph__type_support.c
[5.437s] -- Up-to-date: /micro_ros_ws/firmware/mcu_ws/install/include/micro_ros_msgs/micro_ros_msgs/msg/detail/node__rosidl_typesupport_introspection_c.h
[5.441s] -- Up-to-date: /micro_ros_ws/firmware/mcu_ws/install/include/micro_ros_msgs/micro_ros_msgs/msg/detail/node__type_support.c
[5.446s] -- Up-to-date: /micro_ros_ws/firmware/mcu_ws/install/include/micro_ros_msgs/micro_ros_msgs/msg/rosidl_typesupport_introspection_c__visibility_control.h
[5.448s] -- Up-to-date: /micro_ros_ws/firmware/mcu_ws/install/lib/libmicro_ros_msgs__rosidl_typesupport_introspection_c.a
[5.450s] -- Up-to-date: /micro_ros_ws/firmware/mcu_ws/install/include/micro_ros_msgs/micro_ros_msgs
[5.454s] -- Up-to-date: /micro_ros_ws/firmware/mcu_ws/install/include/micro_ros_msgs/micro_ros_msgs/msg
[5.460s] -- Up-to-date: /micro_ros_ws/firmware/mcu_ws/install/include/micro_ros_msgs/micro_ros_msgs/msg/detail
[5.464s] -- Up-to-date: /micro_ros_ws/firmware/mcu_ws/install/include/micro_ros_msgs/micro_ros_msgs/msg/detail/entity__rosidl_typesupport_microxrcedds_c.h
[5.467s] -- Up-to-date: /micro_ros_ws/firmware/mcu_ws/install/include/micro_ros_msgs/micro_ros_msgs/msg/detail/graph__rosidl_typesupport_microxrcedds_c.h
[5.470s] -- Up-to-date: /micro_ros_ws/firmware/mcu_ws/install/include/micro_ros_msgs/micro_ros_msgs/msg/detail/microxrcedds
[5.475s] -- Up-to-date: /micro_ros_ws/firmware/mcu_ws/install/include/micro_ros_msgs/micro_ros_msgs/msg/detail/node__rosidl_typesupport_microxrcedds_c.h
[5.478s] -- Up-to-date: /micro_ros_ws/firmware/mcu_ws/install/include/micro_ros_msgs/micro_ros_msgs/msg/rosidl_typesupport_microxrcedds_c__visibility_control.h
[5.480s] -- Up-to-date: /micro_ros_ws/firmware/mcu_ws/install/lib/libmicro_ros_msgs__rosidl_typesupport_microxrcedds_c.a
[5.483s] -- Up-to-date: /micro_ros_ws/firmware/mcu_ws/install/lib/libmicro_ros_msgs__rosidl_typesupport_c.a
[5.485s] -- Up-to-date: /micro_ros_ws/firmware/mcu_ws/install/share/micro_ros_msgs/msg/Graph.idl
[5.491s] -- Up-to-date: /micro_ros_ws/firmware/mcu_ws/install/share/micro_ros_msgs/msg/Node.idl
[5.493s] -- Up-to-date: /micro_ros_ws/firmware/mcu_ws/install/share/micro_ros_msgs/msg/Entity.idl
[5.497s] -- Up-to-date: /micro_ros_ws/firmware/mcu_ws/install/share/micro_ros_msgs/msg/Graph.msg
[5.505s] -- Up-to-date: /micro_ros_ws/firmware/mcu_ws/install/share/micro_ros_msgs/msg/Node.msg
[5.508s] -- Up-to-date: /micro_ros_ws/firmware/mcu_ws/install/share/micro_ros_msgs/msg/Entity.msg
[5.512s] -- Up-to-date: /micro_ros_ws/firmware/mcu_ws/install/share/ament_index/resource_index/package_run_dependencies/micro_ros_msgs
[5.516s] -- Up-to-date: /micro_ros_ws/firmware/mcu_ws/install/share/ament_index/resource_index/parent_prefix_path/micro_ros_msgs
[5.523s] -- Up-to-date: /micro_ros_ws/firmware/mcu_ws/install/share/micro_ros_msgs/environment/ament_prefix_path.sh
[5.525s] -- Installing: /micro_ros_ws/firmware/mcu_ws/install/share/micro_ros_msgs/environment/ament_prefix_path.dsv
[5.536s] -- Up-to-date: /micro_ros_ws/firmware/mcu_ws/install/share/micro_ros_msgs/environment/path.sh
[5.539s] -- Installing: /micro_ros_ws/firmware/mcu_ws/install/share/micro_ros_msgs/environment/path.dsv
[5.553s] -- Up-to-date: /micro_ros_ws/firmware/mcu_ws/install/share/micro_ros_msgs/local_setup.bash
[5.556s] -- Up-to-date: /micro_ros_ws/firmware/mcu_ws/install/share/micro_ros_msgs/local_setup.sh
[5.560s] -- Up-to-date: /micro_ros_ws/firmware/mcu_ws/install/share/micro_ros_msgs/local_setup.zsh
[5.563s] -- Installing: /micro_ros_ws/firmware/mcu_ws/install/share/micro_ros_msgs/local_setup.dsv
[5.573s] -- Installing: /micro_ros_ws/firmware/mcu_ws/install/share/micro_ros_msgs/package.dsv
[5.582s] -- Up-to-date: /micro_ros_ws/firmware/mcu_ws/install/share/ament_index/resource_index/packages/micro_ros_msgs
[5.586s] -- Up-to-date: /micro_ros_ws/firmware/mcu_ws/install/share/micro_ros_msgs/cmake/export_micro_ros_msgs__rosidl_generator_cExport.cmake
[5.591s] -- Up-to-date: /micro_ros_ws/firmware/mcu_ws/install/share/micro_ros_msgs/cmake/export_micro_ros_msgs__rosidl_generator_cExport-debug.cmake
[5.597s] -- Up-to-date: /micro_ros_ws/firmware/mcu_ws/install/share/micro_ros_msgs/cmake/micro_ros_msgs__rosidl_typesupport_introspection_cExport.cmake
[5.600s] -- Up-to-date: /micro_ros_ws/firmware/mcu_ws/install/share/micro_ros_msgs/cmake/micro_ros_msgs__rosidl_typesupport_introspection_cExport-debug.cmake
[5.606s] -- Up-to-date: /micro_ros_ws/firmware/mcu_ws/install/share/micro_ros_msgs/cmake/micro_ros_msgs__rosidl_typesupport_cExport.cmake
[5.609s] -- Up-to-date: /micro_ros_ws/firmware/mcu_ws/install/share/micro_ros_msgs/cmake/micro_ros_msgs__rosidl_typesupport_cExport-debug.cmake
[5.612s] -- Up-to-date: /micro_ros_ws/firmware/mcu_ws/install/share/micro_ros_msgs/cmake/rosidl_cmake-extras.cmake
[5.614s] -- Up-to-date: /micro_ros_ws/firmware/mcu_ws/install/share/micro_ros_msgs/cmake/ament_cmake_export_include_directories-extras.cmake
[5.616s] -- Up-to-date: /micro_ros_ws/firmware/mcu_ws/install/share/micro_ros_msgs/cmake/ament_cmake_export_libraries-extras.cmake
[5.619s] -- Up-to-date: /micro_ros_ws/firmware/mcu_ws/install/share/micro_ros_msgs/cmake/ament_cmake_export_targets-extras.cmake
[5.622s] -- Up-to-date: /micro_ros_ws/firmware/mcu_ws/install/share/micro_ros_msgs/cmake/rosidl_cmake_export_typesupport_targets-extras.cmake
[5.624s] -- Up-to-date: /micro_ros_ws/firmware/mcu_ws/install/share/micro_ros_msgs/cmake/ament_cmake_export_dependencies-extras.cmake
[5.626s] -- Up-to-date: /micro_ros_ws/firmware/mcu_ws/install/share/micro_ros_msgs/cmake/rosidl_cmake_export_typesupport_libraries-extras.cmake
[5.629s] -- Up-to-date: /micro_ros_ws/firmware/mcu_ws/install/share/micro_ros_msgs/cmake/rosidl_cmake_aggregate_target-extras.cmake
[5.631s] -- Up-to-date: /micro_ros_ws/firmware/mcu_ws/install/share/micro_ros_msgs/cmake/micro_ros_msgsConfig.cmake
[5.633s] -- Up-to-date: /micro_ros_ws/firmware/mcu_ws/install/share/micro_ros_msgs/cmake/micro_ros_msgsConfig-version.cmake
[5.635s] -- Up-to-date: /micro_ros_ws/firmware/mcu_ws/install/share/micro_ros_msgs/package.xml
[6.094s] Invoked command in '/micro_ros_ws/firmware/mcu_ws/build/micro_ros_msgs' returned '0': AMENT_PREFIX_PATH=/micro_ros_ws/firmware/mcu_ws/install:${AMENT_PREFIX_PATH} CMAKE_PREFIX_PATH=/micro_ros_ws/firmware/mcu_ws/install:/micro_ros_ws/firmware/dev_ws/install/ament_lint_common:/micro_ros_ws/firmware/dev_ws/install/ament_cmake_uncrustify:/micro_ros_ws/firmware/dev_ws/install/uncrustify_vendor:/micro_ros_ws/firmware/dev_ws/install/ament_cmake_ros:/micro_ros_ws/firmware/dev_ws/install/ament_cmake_auto:/micro_ros_ws/firmware/dev_ws/install/ament_cmake_gmock:/micro_ros_ws/firmware/dev_ws/install/gmock_vendor:/micro_ros_ws/firmware/dev_ws/install/ament_cmake_gtest:/micro_ros_ws/firmware/dev_ws/install/gtest_vendor:/micro_ros_ws/firmware/dev_ws/install/ament_cmake_xmllint:/micro_ros_ws/firmware/dev_ws/install/ament_cmake_pyflakes:/micro_ros_ws/firmware/dev_ws/install/ament_cmake_pycodestyle:/micro_ros_ws/firmware/dev_ws/install/ament_cmake_pep257:/micro_ros_ws/firmware/dev_ws/install/ament_cmake_pclint:/micro_ros_ws/firmware/dev_ws/install/ament_lint_auto:/micro_ros_ws/firmware/dev_ws/install/ament_cmake:/micro_ros_ws/firmware/dev_ws/install/ament_cmake_version:/micro_ros_ws/firmware/dev_ws/install/ament_cmake_vendor_package:/micro_ros_ws/firmware/dev_ws/install/ament_cmake_pytest:/micro_ros_ws/firmware/dev_ws/install/ament_cmake_nose:/micro_ros_ws/firmware/dev_ws/install/ament_cmake_mypy:/micro_ros_ws/firmware/dev_ws/install/ament_cmake_lint_cmake:/micro_ros_ws/firmware/dev_ws/install/ament_cmake_google_benchmark:/micro_ros_ws/firmware/dev_ws/install/ament_cmake_flake8:/micro_ros_ws/firmware/dev_ws/install/ament_cmake_cpplint:/micro_ros_ws/firmware/dev_ws/install/ament_cmake_cppcheck:/micro_ros_ws/firmware/dev_ws/install/ament_cmake_copyright:/micro_ros_ws/firmware/dev_ws/install/ament_cmake_clang_tidy:/micro_ros_ws/firmware/dev_ws/install/ament_cmake_clang_format:/micro_ros_ws/firmware/dev_ws/install/ament_cmake_test:/micro_ros_ws/firmware/dev_ws/install/ament_cmake_target_dependencies:/micro_ros_ws/firmware/dev_ws/install/ament_cmake_python:/micro_ros_ws/firmware/dev_ws/install/ament_cmake_export_dependencies:/micro_ros_ws/firmware/dev_ws/install/ament_cmake_libraries:/micro_ros_ws/firmware/dev_ws/install/ament_cmake_include_directories:/micro_ros_ws/firmware/dev_ws/install/ament_cmake_gen_version_h:/micro_ros_ws/firmware/dev_ws/install/ament_cmake_export_targets:/micro_ros_ws/firmware/dev_ws/install/ament_cmake_export_link_flags:/micro_ros_ws/firmware/dev_ws/install/ament_cmake_export_interfaces:/micro_ros_ws/firmware/dev_ws/install/ament_cmake_export_libraries:/micro_ros_ws/firmware/dev_ws/install/ament_cmake_export_include_directories:/micro_ros_ws/firmware/dev_ws/install/ament_cmake_export_definitions:/micro_ros_ws/firmware/dev_ws/install/ament_cmake_core:/micro_ros_ws/firmware/dev_ws/install/ament_index_cpp:/micro_ros_ws/firmware/dev_ws/install/ament_uncrustify:/micro_ros_ws/firmware/dev_ws/install/domain_coordinator:/micro_ros_ws/firmware/dev_ws/install/ament_xmllint:/micro_ros_ws/firmware/dev_ws/install/ament_pyflakes:/micro_ros_ws/firmware/dev_ws/install/ament_pycodestyle:/micro_ros_ws/firmware/dev_ws/install/ament_pep257:/micro_ros_ws/firmware/dev_ws/install/ament_pclint:/micro_ros_ws/firmware/dev_ws/install/ament_package:/micro_ros_ws/firmware/dev_ws/install/ament_mypy:/micro_ros_ws/firmware/dev_ws/install/ament_lint_cmake:/micro_ros_ws/firmware/dev_ws/install/ament_flake8:/micro_ros_ws/firmware/dev_ws/install/ament_copyright:/micro_ros_ws/firmware/dev_ws/install/ament_lint:/micro_ros_ws/firmware/dev_ws/install/ament_index_python:/micro_ros_ws/firmware/dev_ws/install/ament_cpplint:/micro_ros_ws/firmware/dev_ws/install/ament_cppcheck:/micro_ros_ws/firmware/dev_ws/install/ament_clang_tidy:/micro_ros_ws/firmware/dev_ws/install/ament_clang_format LD_LIBRARY_PATH=/micro_ros_ws/firmware/mcu_ws/install/lib:${LD_LIBRARY_PATH} PATH=/micro_ros_ws/firmware/mcu_ws/install/bin:${PATH} PYTHONPATH=/micro_ros_ws/firmware/mcu_ws/install/lib/python3.10/site-packages:${PYTHONPATH} /usr/bin/cmake --install /micro_ros_ws/firmware/mcu_ws/build/micro_ros_msgs
