[1.840s] Invoking command in '/micro_ros_ws/firmware/mcu_ws/build/rosidl_adapter': AMENT_PREFIX_PATH=/micro_ros_ws/firmware/mcu_ws/install:${AMENT_PREFIX_PATH} CMAKE_PREFIX_PATH=/micro_ros_ws/firmware/mcu_ws/install:/micro_ros_ws/firmware/dev_ws/install/ament_lint_common:/micro_ros_ws/firmware/dev_ws/install/ament_cmake_uncrustify:/micro_ros_ws/firmware/dev_ws/install/uncrustify_vendor:/micro_ros_ws/firmware/dev_ws/install/ament_cmake_ros:/micro_ros_ws/firmware/dev_ws/install/ament_cmake_auto:/micro_ros_ws/firmware/dev_ws/install/ament_cmake_gmock:/micro_ros_ws/firmware/dev_ws/install/gmock_vendor:/micro_ros_ws/firmware/dev_ws/install/ament_cmake_gtest:/micro_ros_ws/firmware/dev_ws/install/gtest_vendor:/micro_ros_ws/firmware/dev_ws/install/ament_cmake_xmllint:/micro_ros_ws/firmware/dev_ws/install/ament_cmake_pyflakes:/micro_ros_ws/firmware/dev_ws/install/ament_cmake_pycodestyle:/micro_ros_ws/firmware/dev_ws/install/ament_cmake_pep257:/micro_ros_ws/firmware/dev_ws/install/ament_cmake_pclint:/micro_ros_ws/firmware/dev_ws/install/ament_lint_auto:/micro_ros_ws/firmware/dev_ws/install/ament_cmake:/micro_ros_ws/firmware/dev_ws/install/ament_cmake_version:/micro_ros_ws/firmware/dev_ws/install/ament_cmake_vendor_package:/micro_ros_ws/firmware/dev_ws/install/ament_cmake_pytest:/micro_ros_ws/firmware/dev_ws/install/ament_cmake_nose:/micro_ros_ws/firmware/dev_ws/install/ament_cmake_mypy:/micro_ros_ws/firmware/dev_ws/install/ament_cmake_lint_cmake:/micro_ros_ws/firmware/dev_ws/install/ament_cmake_google_benchmark:/micro_ros_ws/firmware/dev_ws/install/ament_cmake_flake8:/micro_ros_ws/firmware/dev_ws/install/ament_cmake_cpplint:/micro_ros_ws/firmware/dev_ws/install/ament_cmake_cppcheck:/micro_ros_ws/firmware/dev_ws/install/ament_cmake_copyright:/micro_ros_ws/firmware/dev_ws/install/ament_cmake_clang_tidy:/micro_ros_ws/firmware/dev_ws/install/ament_cmake_clang_format:/micro_ros_ws/firmware/dev_ws/install/ament_cmake_test:/micro_ros_ws/firmware/dev_ws/install/ament_cmake_target_dependencies:/micro_ros_ws/firmware/dev_ws/install/ament_cmake_python:/micro_ros_ws/firmware/dev_ws/install/ament_cmake_export_dependencies:/micro_ros_ws/firmware/dev_ws/install/ament_cmake_libraries:/micro_ros_ws/firmware/dev_ws/install/ament_cmake_include_directories:/micro_ros_ws/firmware/dev_ws/install/ament_cmake_gen_version_h:/micro_ros_ws/firmware/dev_ws/install/ament_cmake_export_targets:/micro_ros_ws/firmware/dev_ws/install/ament_cmake_export_link_flags:/micro_ros_ws/firmware/dev_ws/install/ament_cmake_export_interfaces:/micro_ros_ws/firmware/dev_ws/install/ament_cmake_export_libraries:/micro_ros_ws/firmware/dev_ws/install/ament_cmake_export_include_directories:/micro_ros_ws/firmware/dev_ws/install/ament_cmake_export_definitions:/micro_ros_ws/firmware/dev_ws/install/ament_cmake_core:/micro_ros_ws/firmware/dev_ws/install/ament_index_cpp:/micro_ros_ws/firmware/dev_ws/install/ament_uncrustify:/micro_ros_ws/firmware/dev_ws/install/domain_coordinator:/micro_ros_ws/firmware/dev_ws/install/ament_xmllint:/micro_ros_ws/firmware/dev_ws/install/ament_pyflakes:/micro_ros_ws/firmware/dev_ws/install/ament_pycodestyle:/micro_ros_ws/firmware/dev_ws/install/ament_pep257:/micro_ros_ws/firmware/dev_ws/install/ament_pclint:/micro_ros_ws/firmware/dev_ws/install/ament_package:/micro_ros_ws/firmware/dev_ws/install/ament_mypy:/micro_ros_ws/firmware/dev_ws/install/ament_lint_cmake:/micro_ros_ws/firmware/dev_ws/install/ament_flake8:/micro_ros_ws/firmware/dev_ws/install/ament_copyright:/micro_ros_ws/firmware/dev_ws/install/ament_lint:/micro_ros_ws/firmware/dev_ws/install/ament_index_python:/micro_ros_ws/firmware/dev_ws/install/ament_cpplint:/micro_ros_ws/firmware/dev_ws/install/ament_cppcheck:/micro_ros_ws/firmware/dev_ws/install/ament_clang_tidy:/micro_ros_ws/firmware/dev_ws/install/ament_clang_format PATH=/micro_ros_ws/firmware/mcu_ws/install/bin:${PATH} PYTHONPATH=/micro_ros_ws/firmware/mcu_ws/install/lib/python3.10/site-packages:${PYTHONPATH} /usr/bin/cmake --build /micro_ros_ws/firmware/mcu_ws/build/rosidl_adapter -- -j12 -l12
[1.879s] gmake[4]: Entering directory '/micro_ros_ws/firmware/mcu_ws/build/rosidl_adapter'
[1.879s] /usr/bin/cmake -S/micro_ros_ws/firmware/mcu_ws/ros2/rosidl/rosidl_adapter -B/micro_ros_ws/firmware/mcu_ws/build/rosidl_adapter --check-build-system CMakeFiles/Makefile.cmake 0
[1.935s] Re-run cmake file: Makefile older than: /micro_ros_ws/firmware/freertos_apps/microros_esp32_extensions/esp32_toolchain.cmake
[1.943s] -- Found ament_cmake: 1.3.14 (/micro_ros_ws/firmware/dev_ws/install/ament_cmake/share/ament_cmake/cmake)
[3.395s] -- Configuring done
[3.445s] -- Generating done
[3.478s] -- Build files have been written to: /micro_ros_ws/firmware/mcu_ws/build/rosidl_adapter
[3.480s] /usr/bin/cmake -E cmake_progress_start /micro_ros_ws/firmware/mcu_ws/build/rosidl_adapter/CMakeFiles /micro_ros_ws/firmware/mcu_ws/build/rosidl_adapter//CMakeFiles/progress.marks
[3.494s] /usr/bin/gmake  -f CMakeFiles/Makefile2 all
[3.497s] gmake[5]: Entering directory '/micro_ros_ws/firmware/mcu_ws/build/rosidl_adapter'
[3.497s] /usr/bin/gmake  -f CMakeFiles/ament_cmake_python_copy_rosidl_adapter_setup.dir/build.make CMakeFiles/ament_cmake_python_copy_rosidl_adapter_setup.dir/depend
[3.498s] /usr/bin/gmake  -f CMakeFiles/ament_cmake_python_copy_rosidl_adapter.dir/build.make CMakeFiles/ament_cmake_python_copy_rosidl_adapter.dir/depend
[3.501s] gmake[6]: Entering directory '/micro_ros_ws/firmware/mcu_ws/build/rosidl_adapter'
[3.502s] cd /micro_ros_ws/firmware/mcu_ws/build/rosidl_adapter && /usr/bin/cmake -E cmake_depends "Unix Makefiles" /micro_ros_ws/firmware/mcu_ws/ros2/rosidl/rosidl_adapter /micro_ros_ws/firmware/mcu_ws/ros2/rosidl/rosidl_adapter /micro_ros_ws/firmware/mcu_ws/build/rosidl_adapter /micro_ros_ws/firmware/mcu_ws/build/rosidl_adapter /micro_ros_ws/firmware/mcu_ws/build/rosidl_adapter/CMakeFiles/ament_cmake_python_copy_rosidl_adapter_setup.dir/DependInfo.cmake --color=
[3.502s] gmake[6]: Entering directory '/micro_ros_ws/firmware/mcu_ws/build/rosidl_adapter'
[3.503s] cd /micro_ros_ws/firmware/mcu_ws/build/rosidl_adapter && /usr/bin/cmake -E cmake_depends "Unix Makefiles" /micro_ros_ws/firmware/mcu_ws/ros2/rosidl/rosidl_adapter /micro_ros_ws/firmware/mcu_ws/ros2/rosidl/rosidl_adapter /micro_ros_ws/firmware/mcu_ws/build/rosidl_adapter /micro_ros_ws/firmware/mcu_ws/build/rosidl_adapter /micro_ros_ws/firmware/mcu_ws/build/rosidl_adapter/CMakeFiles/ament_cmake_python_copy_rosidl_adapter.dir/DependInfo.cmake --color=
[3.521s] gmake[6]: Leaving directory '/micro_ros_ws/firmware/mcu_ws/build/rosidl_adapter'
[3.522s] /usr/bin/gmake  -f CMakeFiles/ament_cmake_python_copy_rosidl_adapter.dir/build.make CMakeFiles/ament_cmake_python_copy_rosidl_adapter.dir/build
[3.523s] gmake[6]: Leaving directory '/micro_ros_ws/firmware/mcu_ws/build/rosidl_adapter'
[3.523s] /usr/bin/gmake  -f CMakeFiles/ament_cmake_python_copy_rosidl_adapter_setup.dir/build.make CMakeFiles/ament_cmake_python_copy_rosidl_adapter_setup.dir/build
[3.526s] gmake[6]: Entering directory '/micro_ros_ws/firmware/mcu_ws/build/rosidl_adapter'
[3.526s] /usr/bin/cmake -E copy_directory /micro_ros_ws/firmware/mcu_ws/ros2/rosidl/rosidl_adapter/rosidl_adapter /micro_ros_ws/firmware/mcu_ws/build/rosidl_adapter/ament_cmake_python/rosidl_adapter/rosidl_adapter
[3.527s] gmake[6]: Entering directory '/micro_ros_ws/firmware/mcu_ws/build/rosidl_adapter'
[3.527s] /usr/bin/cmake -E copy /micro_ros_ws/firmware/mcu_ws/ros2/rosidl/rosidl_adapter/setup.cfg /micro_ros_ws/firmware/mcu_ws/build/rosidl_adapter/ament_cmake_python/rosidl_adapter/setup.cfg
[3.546s] gmake[6]: Leaving directory '/micro_ros_ws/firmware/mcu_ws/build/rosidl_adapter'
[3.567s] Built target ament_cmake_python_copy_rosidl_adapter_setup
[3.599s] gmake[6]: Leaving directory '/micro_ros_ws/firmware/mcu_ws/build/rosidl_adapter'
[3.617s] Built target ament_cmake_python_copy_rosidl_adapter
[3.618s] /usr/bin/gmake  -f CMakeFiles/ament_cmake_python_build_rosidl_adapter_egg.dir/build.make CMakeFiles/ament_cmake_python_build_rosidl_adapter_egg.dir/depend
[3.622s] gmake[6]: Entering directory '/micro_ros_ws/firmware/mcu_ws/build/rosidl_adapter'
[3.622s] cd /micro_ros_ws/firmware/mcu_ws/build/rosidl_adapter && /usr/bin/cmake -E cmake_depends "Unix Makefiles" /micro_ros_ws/firmware/mcu_ws/ros2/rosidl/rosidl_adapter /micro_ros_ws/firmware/mcu_ws/ros2/rosidl/rosidl_adapter /micro_ros_ws/firmware/mcu_ws/build/rosidl_adapter /micro_ros_ws/firmware/mcu_ws/build/rosidl_adapter /micro_ros_ws/firmware/mcu_ws/build/rosidl_adapter/CMakeFiles/ament_cmake_python_build_rosidl_adapter_egg.dir/DependInfo.cmake --color=
[3.638s] gmake[6]: Leaving directory '/micro_ros_ws/firmware/mcu_ws/build/rosidl_adapter'
[3.638s] /usr/bin/gmake  -f CMakeFiles/ament_cmake_python_build_rosidl_adapter_egg.dir/build.make CMakeFiles/ament_cmake_python_build_rosidl_adapter_egg.dir/build
[3.641s] gmake[6]: Entering directory '/micro_ros_ws/firmware/mcu_ws/build/rosidl_adapter'
[3.641s] cd /micro_ros_ws/firmware/mcu_ws/build/rosidl_adapter/ament_cmake_python/rosidl_adapter && /micro_ros_ws/firmware/toolchain/espressif/python_env/idf4.1_py3.10_env/bin/python3 setup.py egg_info
[5.254s] running egg_info
[5.352s] writing rosidl_adapter.egg-info/PKG-INFO
[5.361s] writing dependency_links to rosidl_adapter.egg-info/dependency_links.txt
[5.363s] writing entry points to rosidl_adapter.egg-info/entry_points.txt
[5.366s] writing top-level names to rosidl_adapter.egg-info/top_level.txt
[5.669s] reading manifest file 'rosidl_adapter.egg-info/SOURCES.txt'
[5.681s] writing manifest file 'rosidl_adapter.egg-info/SOURCES.txt'
[5.708s] gmake[6]: Leaving directory '/micro_ros_ws/firmware/mcu_ws/build/rosidl_adapter'
[5.740s] Built target ament_cmake_python_build_rosidl_adapter_egg
[5.742s] gmake[5]: Leaving directory '/micro_ros_ws/firmware/mcu_ws/build/rosidl_adapter'
[5.742s] /usr/bin/cmake -E cmake_progress_start /micro_ros_ws/firmware/mcu_ws/build/rosidl_adapter/CMakeFiles 0
[5.774s] gmake[4]: Leaving directory '/micro_ros_ws/firmware/mcu_ws/build/rosidl_adapter'
[5.777s] Invoked command in '/micro_ros_ws/firmware/mcu_ws/build/rosidl_adapter' returned '0': AMENT_PREFIX_PATH=/micro_ros_ws/firmware/mcu_ws/install:${AMENT_PREFIX_PATH} CMAKE_PREFIX_PATH=/micro_ros_ws/firmware/mcu_ws/install:/micro_ros_ws/firmware/dev_ws/install/ament_lint_common:/micro_ros_ws/firmware/dev_ws/install/ament_cmake_uncrustify:/micro_ros_ws/firmware/dev_ws/install/uncrustify_vendor:/micro_ros_ws/firmware/dev_ws/install/ament_cmake_ros:/micro_ros_ws/firmware/dev_ws/install/ament_cmake_auto:/micro_ros_ws/firmware/dev_ws/install/ament_cmake_gmock:/micro_ros_ws/firmware/dev_ws/install/gmock_vendor:/micro_ros_ws/firmware/dev_ws/install/ament_cmake_gtest:/micro_ros_ws/firmware/dev_ws/install/gtest_vendor:/micro_ros_ws/firmware/dev_ws/install/ament_cmake_xmllint:/micro_ros_ws/firmware/dev_ws/install/ament_cmake_pyflakes:/micro_ros_ws/firmware/dev_ws/install/ament_cmake_pycodestyle:/micro_ros_ws/firmware/dev_ws/install/ament_cmake_pep257:/micro_ros_ws/firmware/dev_ws/install/ament_cmake_pclint:/micro_ros_ws/firmware/dev_ws/install/ament_lint_auto:/micro_ros_ws/firmware/dev_ws/install/ament_cmake:/micro_ros_ws/firmware/dev_ws/install/ament_cmake_version:/micro_ros_ws/firmware/dev_ws/install/ament_cmake_vendor_package:/micro_ros_ws/firmware/dev_ws/install/ament_cmake_pytest:/micro_ros_ws/firmware/dev_ws/install/ament_cmake_nose:/micro_ros_ws/firmware/dev_ws/install/ament_cmake_mypy:/micro_ros_ws/firmware/dev_ws/install/ament_cmake_lint_cmake:/micro_ros_ws/firmware/dev_ws/install/ament_cmake_google_benchmark:/micro_ros_ws/firmware/dev_ws/install/ament_cmake_flake8:/micro_ros_ws/firmware/dev_ws/install/ament_cmake_cpplint:/micro_ros_ws/firmware/dev_ws/install/ament_cmake_cppcheck:/micro_ros_ws/firmware/dev_ws/install/ament_cmake_copyright:/micro_ros_ws/firmware/dev_ws/install/ament_cmake_clang_tidy:/micro_ros_ws/firmware/dev_ws/install/ament_cmake_clang_format:/micro_ros_ws/firmware/dev_ws/install/ament_cmake_test:/micro_ros_ws/firmware/dev_ws/install/ament_cmake_target_dependencies:/micro_ros_ws/firmware/dev_ws/install/ament_cmake_python:/micro_ros_ws/firmware/dev_ws/install/ament_cmake_export_dependencies:/micro_ros_ws/firmware/dev_ws/install/ament_cmake_libraries:/micro_ros_ws/firmware/dev_ws/install/ament_cmake_include_directories:/micro_ros_ws/firmware/dev_ws/install/ament_cmake_gen_version_h:/micro_ros_ws/firmware/dev_ws/install/ament_cmake_export_targets:/micro_ros_ws/firmware/dev_ws/install/ament_cmake_export_link_flags:/micro_ros_ws/firmware/dev_ws/install/ament_cmake_export_interfaces:/micro_ros_ws/firmware/dev_ws/install/ament_cmake_export_libraries:/micro_ros_ws/firmware/dev_ws/install/ament_cmake_export_include_directories:/micro_ros_ws/firmware/dev_ws/install/ament_cmake_export_definitions:/micro_ros_ws/firmware/dev_ws/install/ament_cmake_core:/micro_ros_ws/firmware/dev_ws/install/ament_index_cpp:/micro_ros_ws/firmware/dev_ws/install/ament_uncrustify:/micro_ros_ws/firmware/dev_ws/install/domain_coordinator:/micro_ros_ws/firmware/dev_ws/install/ament_xmllint:/micro_ros_ws/firmware/dev_ws/install/ament_pyflakes:/micro_ros_ws/firmware/dev_ws/install/ament_pycodestyle:/micro_ros_ws/firmware/dev_ws/install/ament_pep257:/micro_ros_ws/firmware/dev_ws/install/ament_pclint:/micro_ros_ws/firmware/dev_ws/install/ament_package:/micro_ros_ws/firmware/dev_ws/install/ament_mypy:/micro_ros_ws/firmware/dev_ws/install/ament_lint_cmake:/micro_ros_ws/firmware/dev_ws/install/ament_flake8:/micro_ros_ws/firmware/dev_ws/install/ament_copyright:/micro_ros_ws/firmware/dev_ws/install/ament_lint:/micro_ros_ws/firmware/dev_ws/install/ament_index_python:/micro_ros_ws/firmware/dev_ws/install/ament_cpplint:/micro_ros_ws/firmware/dev_ws/install/ament_cppcheck:/micro_ros_ws/firmware/dev_ws/install/ament_clang_tidy:/micro_ros_ws/firmware/dev_ws/install/ament_clang_format PATH=/micro_ros_ws/firmware/mcu_ws/install/bin:${PATH} PYTHONPATH=/micro_ros_ws/firmware/mcu_ws/install/lib/python3.10/site-packages:${PYTHONPATH} /usr/bin/cmake --build /micro_ros_ws/firmware/mcu_ws/build/rosidl_adapter -- -j12 -l12
[5.783s] Invoking command in '/micro_ros_ws/firmware/mcu_ws/build/rosidl_adapter': AMENT_PREFIX_PATH=/micro_ros_ws/firmware/mcu_ws/install:${AMENT_PREFIX_PATH} CMAKE_PREFIX_PATH=/micro_ros_ws/firmware/mcu_ws/install:/micro_ros_ws/firmware/dev_ws/install/ament_lint_common:/micro_ros_ws/firmware/dev_ws/install/ament_cmake_uncrustify:/micro_ros_ws/firmware/dev_ws/install/uncrustify_vendor:/micro_ros_ws/firmware/dev_ws/install/ament_cmake_ros:/micro_ros_ws/firmware/dev_ws/install/ament_cmake_auto:/micro_ros_ws/firmware/dev_ws/install/ament_cmake_gmock:/micro_ros_ws/firmware/dev_ws/install/gmock_vendor:/micro_ros_ws/firmware/dev_ws/install/ament_cmake_gtest:/micro_ros_ws/firmware/dev_ws/install/gtest_vendor:/micro_ros_ws/firmware/dev_ws/install/ament_cmake_xmllint:/micro_ros_ws/firmware/dev_ws/install/ament_cmake_pyflakes:/micro_ros_ws/firmware/dev_ws/install/ament_cmake_pycodestyle:/micro_ros_ws/firmware/dev_ws/install/ament_cmake_pep257:/micro_ros_ws/firmware/dev_ws/install/ament_cmake_pclint:/micro_ros_ws/firmware/dev_ws/install/ament_lint_auto:/micro_ros_ws/firmware/dev_ws/install/ament_cmake:/micro_ros_ws/firmware/dev_ws/install/ament_cmake_version:/micro_ros_ws/firmware/dev_ws/install/ament_cmake_vendor_package:/micro_ros_ws/firmware/dev_ws/install/ament_cmake_pytest:/micro_ros_ws/firmware/dev_ws/install/ament_cmake_nose:/micro_ros_ws/firmware/dev_ws/install/ament_cmake_mypy:/micro_ros_ws/firmware/dev_ws/install/ament_cmake_lint_cmake:/micro_ros_ws/firmware/dev_ws/install/ament_cmake_google_benchmark:/micro_ros_ws/firmware/dev_ws/install/ament_cmake_flake8:/micro_ros_ws/firmware/dev_ws/install/ament_cmake_cpplint:/micro_ros_ws/firmware/dev_ws/install/ament_cmake_cppcheck:/micro_ros_ws/firmware/dev_ws/install/ament_cmake_copyright:/micro_ros_ws/firmware/dev_ws/install/ament_cmake_clang_tidy:/micro_ros_ws/firmware/dev_ws/install/ament_cmake_clang_format:/micro_ros_ws/firmware/dev_ws/install/ament_cmake_test:/micro_ros_ws/firmware/dev_ws/install/ament_cmake_target_dependencies:/micro_ros_ws/firmware/dev_ws/install/ament_cmake_python:/micro_ros_ws/firmware/dev_ws/install/ament_cmake_export_dependencies:/micro_ros_ws/firmware/dev_ws/install/ament_cmake_libraries:/micro_ros_ws/firmware/dev_ws/install/ament_cmake_include_directories:/micro_ros_ws/firmware/dev_ws/install/ament_cmake_gen_version_h:/micro_ros_ws/firmware/dev_ws/install/ament_cmake_export_targets:/micro_ros_ws/firmware/dev_ws/install/ament_cmake_export_link_flags:/micro_ros_ws/firmware/dev_ws/install/ament_cmake_export_interfaces:/micro_ros_ws/firmware/dev_ws/install/ament_cmake_export_libraries:/micro_ros_ws/firmware/dev_ws/install/ament_cmake_export_include_directories:/micro_ros_ws/firmware/dev_ws/install/ament_cmake_export_definitions:/micro_ros_ws/firmware/dev_ws/install/ament_cmake_core:/micro_ros_ws/firmware/dev_ws/install/ament_index_cpp:/micro_ros_ws/firmware/dev_ws/install/ament_uncrustify:/micro_ros_ws/firmware/dev_ws/install/domain_coordinator:/micro_ros_ws/firmware/dev_ws/install/ament_xmllint:/micro_ros_ws/firmware/dev_ws/install/ament_pyflakes:/micro_ros_ws/firmware/dev_ws/install/ament_pycodestyle:/micro_ros_ws/firmware/dev_ws/install/ament_pep257:/micro_ros_ws/firmware/dev_ws/install/ament_pclint:/micro_ros_ws/firmware/dev_ws/install/ament_package:/micro_ros_ws/firmware/dev_ws/install/ament_mypy:/micro_ros_ws/firmware/dev_ws/install/ament_lint_cmake:/micro_ros_ws/firmware/dev_ws/install/ament_flake8:/micro_ros_ws/firmware/dev_ws/install/ament_copyright:/micro_ros_ws/firmware/dev_ws/install/ament_lint:/micro_ros_ws/firmware/dev_ws/install/ament_index_python:/micro_ros_ws/firmware/dev_ws/install/ament_cpplint:/micro_ros_ws/firmware/dev_ws/install/ament_cppcheck:/micro_ros_ws/firmware/dev_ws/install/ament_clang_tidy:/micro_ros_ws/firmware/dev_ws/install/ament_clang_format PATH=/micro_ros_ws/firmware/mcu_ws/install/bin:${PATH} PYTHONPATH=/micro_ros_ws/firmware/mcu_ws/install/lib/python3.10/site-packages:${PYTHONPATH} /usr/bin/cmake --install /micro_ros_ws/firmware/mcu_ws/build/rosidl_adapter
[5.807s] -- Install configuration: "Debug"
[5.811s] -- Up-to-date: /micro_ros_ws/firmware/mcu_ws/install/share/rosidl_adapter/environment/pythonpath.sh
[5.815s] -- Installing: /micro_ros_ws/firmware/mcu_ws/install/share/rosidl_adapter/environment/pythonpath.dsv
[5.827s] -- Up-to-date: /micro_ros_ws/firmware/mcu_ws/install/lib/python3.10/site-packages/rosidl_adapter-3.1.8-py3.10.egg-info
[5.833s] -- Installing: /micro_ros_ws/firmware/mcu_ws/install/lib/python3.10/site-packages/rosidl_adapter-3.1.8-py3.10.egg-info/dependency_links.txt
[5.846s] -- Installing: /micro_ros_ws/firmware/mcu_ws/install/lib/python3.10/site-packages/rosidl_adapter-3.1.8-py3.10.egg-info/entry_points.txt
[5.864s] -- Installing: /micro_ros_ws/firmware/mcu_ws/install/lib/python3.10/site-packages/rosidl_adapter-3.1.8-py3.10.egg-info/PKG-INFO
[5.881s] -- Installing: /micro_ros_ws/firmware/mcu_ws/install/lib/python3.10/site-packages/rosidl_adapter-3.1.8-py3.10.egg-info/SOURCES.txt
[5.892s] -- Installing: /micro_ros_ws/firmware/mcu_ws/install/lib/python3.10/site-packages/rosidl_adapter-3.1.8-py3.10.egg-info/top_level.txt
[5.902s] -- Up-to-date: /micro_ros_ws/firmware/mcu_ws/install/lib/python3.10/site-packages/rosidl_adapter
[5.905s] -- Up-to-date: /micro_ros_ws/firmware/mcu_ws/install/lib/python3.10/site-packages/rosidl_adapter/action
[5.910s] -- Up-to-date: /micro_ros_ws/firmware/mcu_ws/install/lib/python3.10/site-packages/rosidl_adapter/action/__init__.py
[5.914s] -- Up-to-date: /micro_ros_ws/firmware/mcu_ws/install/lib/python3.10/site-packages/rosidl_adapter/cli.py
[5.917s] -- Up-to-date: /micro_ros_ws/firmware/mcu_ws/install/lib/python3.10/site-packages/rosidl_adapter/main.py
[5.920s] -- Up-to-date: /micro_ros_ws/firmware/mcu_ws/install/lib/python3.10/site-packages/rosidl_adapter/msg
[5.925s] -- Up-to-date: /micro_ros_ws/firmware/mcu_ws/install/lib/python3.10/site-packages/rosidl_adapter/msg/__init__.py
[5.929s] -- Up-to-date: /micro_ros_ws/firmware/mcu_ws/install/lib/python3.10/site-packages/rosidl_adapter/parser.py
[5.931s] -- Up-to-date: /micro_ros_ws/firmware/mcu_ws/install/lib/python3.10/site-packages/rosidl_adapter/resource
[5.936s] -- Up-to-date: /micro_ros_ws/firmware/mcu_ws/install/lib/python3.10/site-packages/rosidl_adapter/resource/action.idl.em
[5.939s] -- Up-to-date: /micro_ros_ws/firmware/mcu_ws/install/lib/python3.10/site-packages/rosidl_adapter/resource/msg.idl.em
[5.943s] -- Up-to-date: /micro_ros_ws/firmware/mcu_ws/install/lib/python3.10/site-packages/rosidl_adapter/resource/srv.idl.em
[5.948s] -- Up-to-date: /micro_ros_ws/firmware/mcu_ws/install/lib/python3.10/site-packages/rosidl_adapter/resource/struct.idl.em
[5.954s] -- Up-to-date: /micro_ros_ws/firmware/mcu_ws/install/lib/python3.10/site-packages/rosidl_adapter/resource/__init__.py
[5.960s] -- Up-to-date: /micro_ros_ws/firmware/mcu_ws/install/lib/python3.10/site-packages/rosidl_adapter/srv
[5.971s] -- Up-to-date: /micro_ros_ws/firmware/mcu_ws/install/lib/python3.10/site-packages/rosidl_adapter/srv/__init__.py
[5.976s] -- Up-to-date: /micro_ros_ws/firmware/mcu_ws/install/lib/python3.10/site-packages/rosidl_adapter/__init__.py
[5.979s] -- Up-to-date: /micro_ros_ws/firmware/mcu_ws/install/lib/python3.10/site-packages/rosidl_adapter/__main__.py
[6.613s] Listing '/micro_ros_ws/firmware/mcu_ws/install/lib/python3.10/site-packages/rosidl_adapter'...
[6.614s] Listing '/micro_ros_ws/firmware/mcu_ws/install/lib/python3.10/site-packages/rosidl_adapter/action'...
[6.615s] Listing '/micro_ros_ws/firmware/mcu_ws/install/lib/python3.10/site-packages/rosidl_adapter/msg'...
[6.615s] Listing '/micro_ros_ws/firmware/mcu_ws/install/lib/python3.10/site-packages/rosidl_adapter/resource'...
[6.616s] Listing '/micro_ros_ws/firmware/mcu_ws/install/lib/python3.10/site-packages/rosidl_adapter/srv'...
[6.622s] -- Up-to-date: /micro_ros_ws/firmware/mcu_ws/install/share/ament_index/resource_index/package_run_dependencies/rosidl_adapter
[6.627s] -- Up-to-date: /micro_ros_ws/firmware/mcu_ws/install/share/ament_index/resource_index/parent_prefix_path/rosidl_adapter
[6.632s] -- Up-to-date: /micro_ros_ws/firmware/mcu_ws/install/share/rosidl_adapter/environment/ament_prefix_path.sh
[6.637s] -- Installing: /micro_ros_ws/firmware/mcu_ws/install/share/rosidl_adapter/environment/ament_prefix_path.dsv
[6.647s] -- Up-to-date: /micro_ros_ws/firmware/mcu_ws/install/share/rosidl_adapter/environment/path.sh
[6.651s] -- Installing: /micro_ros_ws/firmware/mcu_ws/install/share/rosidl_adapter/environment/path.dsv
[6.667s] -- Up-to-date: /micro_ros_ws/firmware/mcu_ws/install/share/rosidl_adapter/local_setup.bash
[6.673s] -- Up-to-date: /micro_ros_ws/firmware/mcu_ws/install/share/rosidl_adapter/local_setup.sh
[6.676s] -- Up-to-date: /micro_ros_ws/firmware/mcu_ws/install/share/rosidl_adapter/local_setup.zsh
[6.680s] -- Installing: /micro_ros_ws/firmware/mcu_ws/install/share/rosidl_adapter/local_setup.dsv
[6.690s] -- Installing: /micro_ros_ws/firmware/mcu_ws/install/share/rosidl_adapter/package.dsv
[6.702s] -- Up-to-date: /micro_ros_ws/firmware/mcu_ws/install/share/ament_index/resource_index/packages/rosidl_adapter
[6.705s] -- Up-to-date: /micro_ros_ws/firmware/mcu_ws/install/share/rosidl_adapter/cmake/rosidl_adapter-extras.cmake
[6.709s] -- Up-to-date: /micro_ros_ws/firmware/mcu_ws/install/share/rosidl_adapter/cmake/rosidl_adapterConfig.cmake
[6.712s] -- Up-to-date: /micro_ros_ws/firmware/mcu_ws/install/share/rosidl_adapter/cmake/rosidl_adapterConfig-version.cmake
[6.715s] -- Up-to-date: /micro_ros_ws/firmware/mcu_ws/install/share/rosidl_adapter/package.xml
[6.717s] -- Up-to-date: /micro_ros_ws/firmware/mcu_ws/install/share/rosidl_adapter/cmake
[6.721s] -- Up-to-date: /micro_ros_ws/firmware/mcu_ws/install/share/rosidl_adapter/cmake/rosidl_adapt_interfaces.cmake
[6.725s] -- Up-to-date: /micro_ros_ws/firmware/mcu_ws/install/lib/rosidl_adapter/msg2idl.py
[6.728s] -- Up-to-date: /micro_ros_ws/firmware/mcu_ws/install/lib/rosidl_adapter/srv2idl.py
[6.731s] Invoked command in '/micro_ros_ws/firmware/mcu_ws/build/rosidl_adapter' returned '0': AMENT_PREFIX_PATH=/micro_ros_ws/firmware/mcu_ws/install:${AMENT_PREFIX_PATH} CMAKE_PREFIX_PATH=/micro_ros_ws/firmware/mcu_ws/install:/micro_ros_ws/firmware/dev_ws/install/ament_lint_common:/micro_ros_ws/firmware/dev_ws/install/ament_cmake_uncrustify:/micro_ros_ws/firmware/dev_ws/install/uncrustify_vendor:/micro_ros_ws/firmware/dev_ws/install/ament_cmake_ros:/micro_ros_ws/firmware/dev_ws/install/ament_cmake_auto:/micro_ros_ws/firmware/dev_ws/install/ament_cmake_gmock:/micro_ros_ws/firmware/dev_ws/install/gmock_vendor:/micro_ros_ws/firmware/dev_ws/install/ament_cmake_gtest:/micro_ros_ws/firmware/dev_ws/install/gtest_vendor:/micro_ros_ws/firmware/dev_ws/install/ament_cmake_xmllint:/micro_ros_ws/firmware/dev_ws/install/ament_cmake_pyflakes:/micro_ros_ws/firmware/dev_ws/install/ament_cmake_pycodestyle:/micro_ros_ws/firmware/dev_ws/install/ament_cmake_pep257:/micro_ros_ws/firmware/dev_ws/install/ament_cmake_pclint:/micro_ros_ws/firmware/dev_ws/install/ament_lint_auto:/micro_ros_ws/firmware/dev_ws/install/ament_cmake:/micro_ros_ws/firmware/dev_ws/install/ament_cmake_version:/micro_ros_ws/firmware/dev_ws/install/ament_cmake_vendor_package:/micro_ros_ws/firmware/dev_ws/install/ament_cmake_pytest:/micro_ros_ws/firmware/dev_ws/install/ament_cmake_nose:/micro_ros_ws/firmware/dev_ws/install/ament_cmake_mypy:/micro_ros_ws/firmware/dev_ws/install/ament_cmake_lint_cmake:/micro_ros_ws/firmware/dev_ws/install/ament_cmake_google_benchmark:/micro_ros_ws/firmware/dev_ws/install/ament_cmake_flake8:/micro_ros_ws/firmware/dev_ws/install/ament_cmake_cpplint:/micro_ros_ws/firmware/dev_ws/install/ament_cmake_cppcheck:/micro_ros_ws/firmware/dev_ws/install/ament_cmake_copyright:/micro_ros_ws/firmware/dev_ws/install/ament_cmake_clang_tidy:/micro_ros_ws/firmware/dev_ws/install/ament_cmake_clang_format:/micro_ros_ws/firmware/dev_ws/install/ament_cmake_test:/micro_ros_ws/firmware/dev_ws/install/ament_cmake_target_dependencies:/micro_ros_ws/firmware/dev_ws/install/ament_cmake_python:/micro_ros_ws/firmware/dev_ws/install/ament_cmake_export_dependencies:/micro_ros_ws/firmware/dev_ws/install/ament_cmake_libraries:/micro_ros_ws/firmware/dev_ws/install/ament_cmake_include_directories:/micro_ros_ws/firmware/dev_ws/install/ament_cmake_gen_version_h:/micro_ros_ws/firmware/dev_ws/install/ament_cmake_export_targets:/micro_ros_ws/firmware/dev_ws/install/ament_cmake_export_link_flags:/micro_ros_ws/firmware/dev_ws/install/ament_cmake_export_interfaces:/micro_ros_ws/firmware/dev_ws/install/ament_cmake_export_libraries:/micro_ros_ws/firmware/dev_ws/install/ament_cmake_export_include_directories:/micro_ros_ws/firmware/dev_ws/install/ament_cmake_export_definitions:/micro_ros_ws/firmware/dev_ws/install/ament_cmake_core:/micro_ros_ws/firmware/dev_ws/install/ament_index_cpp:/micro_ros_ws/firmware/dev_ws/install/ament_uncrustify:/micro_ros_ws/firmware/dev_ws/install/domain_coordinator:/micro_ros_ws/firmware/dev_ws/install/ament_xmllint:/micro_ros_ws/firmware/dev_ws/install/ament_pyflakes:/micro_ros_ws/firmware/dev_ws/install/ament_pycodestyle:/micro_ros_ws/firmware/dev_ws/install/ament_pep257:/micro_ros_ws/firmware/dev_ws/install/ament_pclint:/micro_ros_ws/firmware/dev_ws/install/ament_package:/micro_ros_ws/firmware/dev_ws/install/ament_mypy:/micro_ros_ws/firmware/dev_ws/install/ament_lint_cmake:/micro_ros_ws/firmware/dev_ws/install/ament_flake8:/micro_ros_ws/firmware/dev_ws/install/ament_copyright:/micro_ros_ws/firmware/dev_ws/install/ament_lint:/micro_ros_ws/firmware/dev_ws/install/ament_index_python:/micro_ros_ws/firmware/dev_ws/install/ament_cpplint:/micro_ros_ws/firmware/dev_ws/install/ament_cppcheck:/micro_ros_ws/firmware/dev_ws/install/ament_clang_tidy:/micro_ros_ws/firmware/dev_ws/install/ament_clang_format PATH=/micro_ros_ws/firmware/mcu_ws/install/bin:${PATH} PYTHONPATH=/micro_ros_ws/firmware/mcu_ws/install/lib/python3.10/site-packages:${PYTHONPATH} /usr/bin/cmake --install /micro_ros_ws/firmware/mcu_ws/build/rosidl_adapter
