[1.921s] Invoking command in '/micro_ros_ws/firmware/mcu_ws/build/rosgraph_msgs': AMENT_PREFIX_PATH=/micro_ros_ws/firmware/mcu_ws/install:${AMENT_PREFIX_PATH} CMAKE_PREFIX_PATH=/micro_ros_ws/firmware/mcu_ws/install:/micro_ros_ws/firmware/dev_ws/install/ament_lint_common:/micro_ros_ws/firmware/dev_ws/install/ament_cmake_uncrustify:/micro_ros_ws/firmware/dev_ws/install/uncrustify_vendor:/micro_ros_ws/firmware/dev_ws/install/ament_cmake_ros:/micro_ros_ws/firmware/dev_ws/install/ament_cmake_auto:/micro_ros_ws/firmware/dev_ws/install/ament_cmake_gmock:/micro_ros_ws/firmware/dev_ws/install/gmock_vendor:/micro_ros_ws/firmware/dev_ws/install/ament_cmake_gtest:/micro_ros_ws/firmware/dev_ws/install/gtest_vendor:/micro_ros_ws/firmware/dev_ws/install/ament_cmake_xmllint:/micro_ros_ws/firmware/dev_ws/install/ament_cmake_pyflakes:/micro_ros_ws/firmware/dev_ws/install/ament_cmake_pycodestyle:/micro_ros_ws/firmware/dev_ws/install/ament_cmake_pep257:/micro_ros_ws/firmware/dev_ws/install/ament_cmake_pclint:/micro_ros_ws/firmware/dev_ws/install/ament_lint_auto:/micro_ros_ws/firmware/dev_ws/install/ament_cmake:/micro_ros_ws/firmware/dev_ws/install/ament_cmake_version:/micro_ros_ws/firmware/dev_ws/install/ament_cmake_vendor_package:/micro_ros_ws/firmware/dev_ws/install/ament_cmake_pytest:/micro_ros_ws/firmware/dev_ws/install/ament_cmake_nose:/micro_ros_ws/firmware/dev_ws/install/ament_cmake_mypy:/micro_ros_ws/firmware/dev_ws/install/ament_cmake_lint_cmake:/micro_ros_ws/firmware/dev_ws/install/ament_cmake_google_benchmark:/micro_ros_ws/firmware/dev_ws/install/ament_cmake_flake8:/micro_ros_ws/firmware/dev_ws/install/ament_cmake_cpplint:/micro_ros_ws/firmware/dev_ws/install/ament_cmake_cppcheck:/micro_ros_ws/firmware/dev_ws/install/ament_cmake_copyright:/micro_ros_ws/firmware/dev_ws/install/ament_cmake_clang_tidy:/micro_ros_ws/firmware/dev_ws/install/ament_cmake_clang_format:/micro_ros_ws/firmware/dev_ws/install/ament_cmake_test:/micro_ros_ws/firmware/dev_ws/install/ament_cmake_target_dependencies:/micro_ros_ws/firmware/dev_ws/install/ament_cmake_python:/micro_ros_ws/firmware/dev_ws/install/ament_cmake_export_dependencies:/micro_ros_ws/firmware/dev_ws/install/ament_cmake_libraries:/micro_ros_ws/firmware/dev_ws/install/ament_cmake_include_directories:/micro_ros_ws/firmware/dev_ws/install/ament_cmake_gen_version_h:/micro_ros_ws/firmware/dev_ws/install/ament_cmake_export_targets:/micro_ros_ws/firmware/dev_ws/install/ament_cmake_export_link_flags:/micro_ros_ws/firmware/dev_ws/install/ament_cmake_export_interfaces:/micro_ros_ws/firmware/dev_ws/install/ament_cmake_export_libraries:/micro_ros_ws/firmware/dev_ws/install/ament_cmake_export_include_directories:/micro_ros_ws/firmware/dev_ws/install/ament_cmake_export_definitions:/micro_ros_ws/firmware/dev_ws/install/ament_cmake_core:/micro_ros_ws/firmware/dev_ws/install/ament_index_cpp:/micro_ros_ws/firmware/dev_ws/install/ament_uncrustify:/micro_ros_ws/firmware/dev_ws/install/domain_coordinator:/micro_ros_ws/firmware/dev_ws/install/ament_xmllint:/micro_ros_ws/firmware/dev_ws/install/ament_pyflakes:/micro_ros_ws/firmware/dev_ws/install/ament_pycodestyle:/micro_ros_ws/firmware/dev_ws/install/ament_pep257:/micro_ros_ws/firmware/dev_ws/install/ament_pclint:/micro_ros_ws/firmware/dev_ws/install/ament_package:/micro_ros_ws/firmware/dev_ws/install/ament_mypy:/micro_ros_ws/firmware/dev_ws/install/ament_lint_cmake:/micro_ros_ws/firmware/dev_ws/install/ament_flake8:/micro_ros_ws/firmware/dev_ws/install/ament_copyright:/micro_ros_ws/firmware/dev_ws/install/ament_lint:/micro_ros_ws/firmware/dev_ws/install/ament_index_python:/micro_ros_ws/firmware/dev_ws/install/ament_cpplint:/micro_ros_ws/firmware/dev_ws/install/ament_cppcheck:/micro_ros_ws/firmware/dev_ws/install/ament_clang_tidy:/micro_ros_ws/firmware/dev_ws/install/ament_clang_format LD_LIBRARY_PATH=/micro_ros_ws/firmware/mcu_ws/install/lib:${LD_LIBRARY_PATH} PATH=/micro_ros_ws/firmware/mcu_ws/install/bin:${PATH} PYTHONPATH=/micro_ros_ws/firmware/mcu_ws/install/lib/python3.10/site-packages:${PYTHONPATH} /usr/bin/cmake --build /micro_ros_ws/firmware/mcu_ws/build/rosgraph_msgs -- -j12 -l12
[1.976s] gmake[4]: Entering directory '/micro_ros_ws/firmware/mcu_ws/build/rosgraph_msgs'
[1.977s] /usr/bin/cmake -S/micro_ros_ws/firmware/mcu_ws/ros2/rcl_interfaces/rosgraph_msgs -B/micro_ros_ws/firmware/mcu_ws/build/rosgraph_msgs --check-build-system CMakeFiles/Makefile.cmake 0
[2.095s] Re-run cmake file: Makefile older than: /micro_ros_ws/firmware/freertos_apps/microros_esp32_extensions/esp32_toolchain.cmake
[2.111s] -- Found ament_cmake: 1.3.14 (/micro_ros_ws/firmware/dev_ws/install/ament_cmake/share/ament_cmake/cmake)
[3.310s] -- Found builtin_interfaces: 1.2.2 (/micro_ros_ws/firmware/mcu_ws/install/share/builtin_interfaces/cmake)
[3.471s] -- Using all available rosidl_typesupport_c: rosidl_typesupport_introspection_c;rosidl_typesupport_microxrcedds_c
[3.499s] -- Found rosidl_adapter: 3.1.8 (/micro_ros_ws/firmware/mcu_ws/install/share/rosidl_adapter/cmake)
[3.625s] -- Found rosidl_default_generators: 1.2.1 (/micro_ros_ws/firmware/mcu_ws/install/share/rosidl_default_generators/cmake)
[6.728s] -- Found ament_cmake_ros: 0.10.0 (/micro_ros_ws/firmware/dev_ws/install/ament_cmake_ros/share/ament_cmake_ros/cmake)
[8.369s] -- Using all available rosidl_typesupport_c: rosidl_typesupport_introspection_c;rosidl_typesupport_microxrcedds_c
[8.636s] -- Configuring done
[9.313s] -- Generating done
[9.433s] -- Build files have been written to: /micro_ros_ws/firmware/mcu_ws/build/rosgraph_msgs
[9.437s] /usr/bin/cmake -E cmake_progress_start /micro_ros_ws/firmware/mcu_ws/build/rosgraph_msgs/CMakeFiles /micro_ros_ws/firmware/mcu_ws/build/rosgraph_msgs//CMakeFiles/progress.marks
[9.512s] /usr/bin/gmake  -f CMakeFiles/Makefile2 all
[9.528s] gmake[5]: Entering directory '/micro_ros_ws/firmware/mcu_ws/build/rosgraph_msgs'
[9.529s] /usr/bin/gmake  -f CMakeFiles/rosgraph_msgs__rosidl_generator_c.dir/build.make CMakeFiles/rosgraph_msgs__rosidl_generator_c.dir/depend
[9.561s] gmake[6]: Entering directory '/micro_ros_ws/firmware/mcu_ws/build/rosgraph_msgs'
[9.562s] cd /micro_ros_ws/firmware/mcu_ws/build/rosgraph_msgs && /usr/bin/cmake -E cmake_depends "Unix Makefiles" /micro_ros_ws/firmware/mcu_ws/ros2/rcl_interfaces/rosgraph_msgs /micro_ros_ws/firmware/mcu_ws/ros2/rcl_interfaces/rosgraph_msgs /micro_ros_ws/firmware/mcu_ws/build/rosgraph_msgs /micro_ros_ws/firmware/mcu_ws/build/rosgraph_msgs /micro_ros_ws/firmware/mcu_ws/build/rosgraph_msgs/CMakeFiles/rosgraph_msgs__rosidl_generator_c.dir/DependInfo.cmake --color=
[9.655s] Dependencies file "CMakeFiles/rosgraph_msgs__rosidl_generator_c.dir/rosidl_generator_c/rosgraph_msgs/msg/detail/clock__functions.c.obj.d" is newer than depends file "/micro_ros_ws/firmware/mcu_ws/build/rosgraph_msgs/CMakeFiles/rosgraph_msgs__rosidl_generator_c.dir/compiler_depend.internal".
[9.656s] [35m[1mConsolidate compiler generated dependencies of target rosgraph_msgs__rosidl_generator_c[0m
[9.686s] gmake[6]: Leaving directory '/micro_ros_ws/firmware/mcu_ws/build/rosgraph_msgs'
[9.686s] /usr/bin/gmake  -f CMakeFiles/rosgraph_msgs__rosidl_generator_c.dir/build.make CMakeFiles/rosgraph_msgs__rosidl_generator_c.dir/build
[9.765s] gmake[6]: Entering directory '/micro_ros_ws/firmware/mcu_ws/build/rosgraph_msgs'
[9.848s] [  8%] [32mBuilding C object CMakeFiles/rosgraph_msgs__rosidl_generator_c.dir/rosidl_generator_c/rosgraph_msgs/msg/detail/clock__functions.c.obj[0m
[9.850s] /micro_ros_ws/firmware/toolchain/espressif/tools/xtensa-esp32-elf/esp-2020r2-8.2.0/xtensa-esp32-elf/bin/xtensa-esp32-elf-gcc -DLWIP_IPV4 -DLWIP_IPV6 -DROS_PACKAGE_NAME=\"rosgraph_msgs\" -I/micro_ros_ws/firmware/freertos_apps/microros_esp32_extensions/build/config -I/micro_ros_ws/firmware/toolchain/esp-idf/components/newlib/platform_include -I/micro_ros_ws/firmware/toolchain/esp-idf/components/protocomm/include -I/micro_ros_ws/firmware/toolchain/esp-idf/components/esp_rom/include -I/micro_ros_ws/firmware/toolchain/esp-idf/components/driver/include -I/micro_ros_ws/firmware/toolchain/esp-idf/components/wear_levelling/include -I/micro_ros_ws/firmware/toolchain/esp-idf/components/vfs/include -I/micro_ros_ws/firmware/toolchain/esp-idf/components/log/include -I/micro_ros_ws/firmware/toolchain/esp-idf/components/freertos/include -I/micro_ros_ws/firmware/toolchain/esp-idf/components/wifi_provisioning/include -I/micro_ros_ws/firmware/toolchain/esp-idf/components/pthread/include -I/micro_ros_ws/firmware/toolchain/esp-idf/components/libsodium/libsodium/src/libsodium/include -I/micro_ros_ws/firmware/toolchain/esp-idf/components/coap/port/include -I/micro_ros_ws/firmware/toolchain/esp-idf/components/coap/libcoap/include -I/micro_ros_ws/firmware/toolchain/esp-idf/components/tcp_transport/include -I/micro_ros_ws/firmware/toolchain/esp-idf/components/unity/include -I/micro_ros_ws/firmware/toolchain/esp-idf/components/esp32/include -I/micro_ros_ws/firmware/toolchain/esp-idf/components/asio/port/include -I/micro_ros_ws/firmware/toolchain/esp-idf/components/asio/asio/asio/include -I/micro_ros_ws/firmware/toolchain/esp-idf/components/app_update/include -I/micro_ros_ws/firmware/toolchain/esp-idf/components/esp_ringbuf/include -I/micro_ros_ws/firmware/toolchain/esp-idf/components/soc/esp32/include -I/micro_ros_ws/firmware/toolchain/esp-idf/components/soc/include -I/micro_ros_ws/firmware/toolchain/esp-idf/components/efuse/test/include -I/micro_ros_ws/firmware/toolchain/esp-idf/components/efuse/esp32/include -I/micro_ros_ws/firmware/toolchain/esp-idf/components/efuse/include -I/micro_ros_ws/firmware/toolchain/esp-idf/components/mbedtls/port/include -I/micro_ros_ws/firmware/toolchain/esp-idf/components/mbedtls/mbedtls/include -I/micro_ros_ws/firmware/toolchain/esp-idf/components/xtensa/esp32/include -I/micro_ros_ws/firmware/toolchain/esp-idf/components/xtensa/include -I/micro_ros_ws/firmware/toolchain/esp-idf/components/app_trace/include -I/micro_ros_ws/firmware/toolchain/esp-idf/components/nvs_flash/include -I/micro_ros_ws/firmware/toolchain/esp-idf/components/jsmn/include -I/micro_ros_ws/firmware/toolchain/esp-idf/components/esp_eth/include -I/micro_ros_ws/firmware/toolchain/esp-idf/components/spiffs/include -I/micro_ros_ws/firmware/toolchain/esp-idf/components/ulp/include -I/micro_ros_ws/firmware/toolchain/esp-idf/components/mdns/include -I/micro_ros_ws/firmware/toolchain/esp-idf/components/freemodbus/modbus/include -I/micro_ros_ws/firmware/toolchain/esp-idf/components/freemodbus/common/include -I/micro_ros_ws/firmware/toolchain/esp-idf/components/esp_event/include -I/micro_ros_ws/firmware/toolchain/esp-idf/components/expat/port/include -I/micro_ros_ws/firmware/toolchain/esp-idf/components/bootloader_support/include -I/micro_ros_ws/firmware/toolchain/esp-idf/components/heap/include -I/micro_ros_ws/firmware/toolchain/esp-idf/components/wpa_supplicant/port/include -I/micro_ros_ws/firmware/toolchain/esp-idf/components/wpa_supplicant/include -I/micro_ros_ws/firmware/toolchain/esp-idf/components/tcpip_adapter/include -I/micro_ros_ws/firmware/toolchain/esp-idf/components/openssl/include -I/micro_ros_ws/firmware/toolchain/esp-idf/components/sdmmc/include -I/micro_ros_ws/firmware/toolchain/esp-idf/components/esp_local_ctrl/include -I/micro_ros_ws/firmware/toolchain/esp-idf/components/esp_common/include -I/micro_ros_ws/firmware/toolchain/esp-idf/components/lwip/lwip/src/include/lwip/apps -I/micro_ros_ws/firmware/toolchain/esp-idf/components/lwip/lwip/src/include/compat/posix -I/micro_ros_ws/firmware/toolchain/esp-idf/components/lwip/lwip/src/include -I/micro_ros_ws/firmware/toolchain/esp-idf/components/lwip/port/esp32/include -I/micro_ros_ws/firmware/mcu_ws/build/rosgraph_msgs/rosidl_generator_c -isystem /micro_ros_ws/firmware/mcu_ws/install/include/builtin_interfaces -isystem /micro_ros_ws/firmware/mcu_ws/install/include/rosidl_runtime_c -isystem /micro_ros_ws/firmware/mcu_ws/install/include/rcutils -isystem /micro_ros_ws/firmware/mcu_ws/install/include/rosidl_typesupport_interface -mlongcalls -Wno-frame-address -mlongcalls -Wno-frame-address -g -Wall -std=gnu11 -MD -MT CMakeFiles/rosgraph_msgs__rosidl_generator_c.dir/rosidl_generator_c/rosgraph_msgs/msg/detail/clock__functions.c.obj -MF CMakeFiles/rosgraph_msgs__rosidl_generator_c.dir/rosidl_generator_c/rosgraph_msgs/msg/detail/clock__functions.c.obj.d -o CMakeFiles/rosgraph_msgs__rosidl_generator_c.dir/rosidl_generator_c/rosgraph_msgs/msg/detail/clock__functions.c.obj -c /micro_ros_ws/firmware/mcu_ws/build/rosgraph_msgs/rosidl_generator_c/rosgraph_msgs/msg/detail/clock__functions.c
[13.343s] [ 16%] [32m[1mLinking C static library librosgraph_msgs__rosidl_generator_c.a[0m
[13.345s] /usr/bin/cmake -P CMakeFiles/rosgraph_msgs__rosidl_generator_c.dir/cmake_clean_target.cmake
[13.478s] /usr/bin/cmake -E cmake_link_script CMakeFiles/rosgraph_msgs__rosidl_generator_c.dir/link.txt --verbose=1
[13.595s] /micro_ros_ws/firmware/toolchain/espressif/tools/xtensa-esp32-elf/esp-2020r2-8.2.0/xtensa-esp32-elf/bin/xtensa-esp32-elf-ar qc librosgraph_msgs__rosidl_generator_c.a CMakeFiles/rosgraph_msgs__rosidl_generator_c.dir/rosidl_generator_c/rosgraph_msgs/msg/detail/clock__functions.c.obj
[13.659s] /micro_ros_ws/firmware/toolchain/espressif/tools/xtensa-esp32-elf/esp-2020r2-8.2.0/xtensa-esp32-elf/bin/xtensa-esp32-elf-ranlib librosgraph_msgs__rosidl_generator_c.a
[13.721s] gmake[6]: Leaving directory '/micro_ros_ws/firmware/mcu_ws/build/rosgraph_msgs'
[13.886s] [ 25%] Built target rosgraph_msgs__rosidl_generator_c
[13.887s] /usr/bin/gmake  -f CMakeFiles/rosgraph_msgs__rosidl_typesupport_microxrcedds_c.dir/build.make CMakeFiles/rosgraph_msgs__rosidl_typesupport_microxrcedds_c.dir/depend
[13.888s] /usr/bin/gmake  -f CMakeFiles/rosgraph_msgs__rosidl_typesupport_introspection_c.dir/build.make CMakeFiles/rosgraph_msgs__rosidl_typesupport_introspection_c.dir/depend
[13.890s] /usr/bin/gmake  -f CMakeFiles/rosgraph_msgs__rosidl_typesupport_c.dir/build.make CMakeFiles/rosgraph_msgs__rosidl_typesupport_c.dir/depend
[13.953s] gmake[6]: Entering directory '/micro_ros_ws/firmware/mcu_ws/build/rosgraph_msgs'
[13.955s] cd /micro_ros_ws/firmware/mcu_ws/build/rosgraph_msgs && /usr/bin/cmake -E cmake_depends "Unix Makefiles" /micro_ros_ws/firmware/mcu_ws/ros2/rcl_interfaces/rosgraph_msgs /micro_ros_ws/firmware/mcu_ws/ros2/rcl_interfaces/rosgraph_msgs /micro_ros_ws/firmware/mcu_ws/build/rosgraph_msgs /micro_ros_ws/firmware/mcu_ws/build/rosgraph_msgs /micro_ros_ws/firmware/mcu_ws/build/rosgraph_msgs/CMakeFiles/rosgraph_msgs__rosidl_typesupport_c.dir/DependInfo.cmake --color=
[13.956s] gmake[6]: Entering directory '/micro_ros_ws/firmware/mcu_ws/build/rosgraph_msgs'
[13.957s] cd /micro_ros_ws/firmware/mcu_ws/build/rosgraph_msgs && /usr/bin/cmake -E cmake_depends "Unix Makefiles" /micro_ros_ws/firmware/mcu_ws/ros2/rcl_interfaces/rosgraph_msgs /micro_ros_ws/firmware/mcu_ws/ros2/rcl_interfaces/rosgraph_msgs /micro_ros_ws/firmware/mcu_ws/build/rosgraph_msgs /micro_ros_ws/firmware/mcu_ws/build/rosgraph_msgs /micro_ros_ws/firmware/mcu_ws/build/rosgraph_msgs/CMakeFiles/rosgraph_msgs__rosidl_typesupport_microxrcedds_c.dir/DependInfo.cmake --color=
[13.959s] gmake[6]: Entering directory '/micro_ros_ws/firmware/mcu_ws/build/rosgraph_msgs'
[13.960s] cd /micro_ros_ws/firmware/mcu_ws/build/rosgraph_msgs && /usr/bin/cmake -E cmake_depends "Unix Makefiles" /micro_ros_ws/firmware/mcu_ws/ros2/rcl_interfaces/rosgraph_msgs /micro_ros_ws/firmware/mcu_ws/ros2/rcl_interfaces/rosgraph_msgs /micro_ros_ws/firmware/mcu_ws/build/rosgraph_msgs /micro_ros_ws/firmware/mcu_ws/build/rosgraph_msgs /micro_ros_ws/firmware/mcu_ws/build/rosgraph_msgs/CMakeFiles/rosgraph_msgs__rosidl_typesupport_introspection_c.dir/DependInfo.cmake --color=
[14.140s] Dependencies file "CMakeFiles/rosgraph_msgs__rosidl_typesupport_c.dir/rosidl_typesupport_c/rosgraph_msgs/msg/clock__type_support.cpp.obj.d" is newer than depends file "/micro_ros_ws/firmware/mcu_ws/build/rosgraph_msgs/CMakeFiles/rosgraph_msgs__rosidl_typesupport_c.dir/compiler_depend.internal".
[14.145s] [35m[1mConsolidate compiler generated dependencies of target rosgraph_msgs__rosidl_typesupport_c[0m
[14.150s] Dependencies file "CMakeFiles/rosgraph_msgs__rosidl_typesupport_microxrcedds_c.dir/rosidl_typesupport_microxrcedds_c/rosgraph_msgs/msg/detail/microxrcedds/clock__type_support_c.c.obj.d" is newer than depends file "/micro_ros_ws/firmware/mcu_ws/build/rosgraph_msgs/CMakeFiles/rosgraph_msgs__rosidl_typesupport_microxrcedds_c.dir/compiler_depend.internal".
[14.154s] [35m[1mConsolidate compiler generated dependencies of target rosgraph_msgs__rosidl_typesupport_microxrcedds_c[0m
[14.157s] Dependencies file "CMakeFiles/rosgraph_msgs__rosidl_typesupport_introspection_c.dir/rosidl_typesupport_introspection_c/rosgraph_msgs/msg/detail/clock__type_support.c.obj.d" is newer than depends file "/micro_ros_ws/firmware/mcu_ws/build/rosgraph_msgs/CMakeFiles/rosgraph_msgs__rosidl_typesupport_introspection_c.dir/compiler_depend.internal".
[14.159s] [35m[1mConsolidate compiler generated dependencies of target rosgraph_msgs__rosidl_typesupport_introspection_c[0m
[14.198s] gmake[6]: Leaving directory '/micro_ros_ws/firmware/mcu_ws/build/rosgraph_msgs'
[14.200s] /usr/bin/gmake  -f CMakeFiles/rosgraph_msgs__rosidl_typesupport_c.dir/build.make CMakeFiles/rosgraph_msgs__rosidl_typesupport_c.dir/build
[14.232s] gmake[6]: Leaving directory '/micro_ros_ws/firmware/mcu_ws/build/rosgraph_msgs'
[14.234s] /usr/bin/gmake  -f CMakeFiles/rosgraph_msgs__rosidl_typesupport_introspection_c.dir/build.make CMakeFiles/rosgraph_msgs__rosidl_typesupport_introspection_c.dir/build
[14.247s] gmake[6]: Leaving directory '/micro_ros_ws/firmware/mcu_ws/build/rosgraph_msgs'
[14.249s] /usr/bin/gmake  -f CMakeFiles/rosgraph_msgs__rosidl_typesupport_microxrcedds_c.dir/build.make CMakeFiles/rosgraph_msgs__rosidl_typesupport_microxrcedds_c.dir/build
[14.310s] gmake[6]: Entering directory '/micro_ros_ws/firmware/mcu_ws/build/rosgraph_msgs'
[14.312s] gmake[6]: Nothing to be done for 'CMakeFiles/rosgraph_msgs__rosidl_typesupport_c.dir/build'.
[14.314s] gmake[6]: Leaving directory '/micro_ros_ws/firmware/mcu_ws/build/rosgraph_msgs'
[14.377s] gmake[6]: Entering directory '/micro_ros_ws/firmware/mcu_ws/build/rosgraph_msgs'
[14.378s] gmake[6]: Nothing to be done for 'CMakeFiles/rosgraph_msgs__rosidl_typesupport_introspection_c.dir/build'.
[14.379s] gmake[6]: Leaving directory '/micro_ros_ws/firmware/mcu_ws/build/rosgraph_msgs'
[14.417s] gmake[6]: Entering directory '/micro_ros_ws/firmware/mcu_ws/build/rosgraph_msgs'
[14.421s] gmake[6]: Nothing to be done for 'CMakeFiles/rosgraph_msgs__rosidl_typesupport_microxrcedds_c.dir/build'.
[14.423s] gmake[6]: Leaving directory '/micro_ros_ws/firmware/mcu_ws/build/rosgraph_msgs'
[14.507s] [ 50%] Built target rosgraph_msgs__rosidl_typesupport_c
[14.568s] [ 75%] Built target rosgraph_msgs__rosidl_typesupport_introspection_c
[14.602s] [100%] Built target rosgraph_msgs__rosidl_typesupport_microxrcedds_c
[14.604s] /usr/bin/gmake  -f CMakeFiles/rosgraph_msgs.dir/build.make CMakeFiles/rosgraph_msgs.dir/depend
[14.652s] gmake[6]: Entering directory '/micro_ros_ws/firmware/mcu_ws/build/rosgraph_msgs'
[14.653s] cd /micro_ros_ws/firmware/mcu_ws/build/rosgraph_msgs && /usr/bin/cmake -E cmake_depends "Unix Makefiles" /micro_ros_ws/firmware/mcu_ws/ros2/rcl_interfaces/rosgraph_msgs /micro_ros_ws/firmware/mcu_ws/ros2/rcl_interfaces/rosgraph_msgs /micro_ros_ws/firmware/mcu_ws/build/rosgraph_msgs /micro_ros_ws/firmware/mcu_ws/build/rosgraph_msgs /micro_ros_ws/firmware/mcu_ws/build/rosgraph_msgs/CMakeFiles/rosgraph_msgs.dir/DependInfo.cmake --color=
[14.806s] gmake[6]: Leaving directory '/micro_ros_ws/firmware/mcu_ws/build/rosgraph_msgs'
[14.807s] /usr/bin/gmake  -f CMakeFiles/rosgraph_msgs.dir/build.make CMakeFiles/rosgraph_msgs.dir/build
[14.853s] gmake[6]: Entering directory '/micro_ros_ws/firmware/mcu_ws/build/rosgraph_msgs'
[14.854s] gmake[6]: Nothing to be done for 'CMakeFiles/rosgraph_msgs.dir/build'.
[14.855s] gmake[6]: Leaving directory '/micro_ros_ws/firmware/mcu_ws/build/rosgraph_msgs'
[15.005s] [100%] Built target rosgraph_msgs
[15.007s] gmake[5]: Leaving directory '/micro_ros_ws/firmware/mcu_ws/build/rosgraph_msgs'
[15.009s] /usr/bin/cmake -E cmake_progress_start /micro_ros_ws/firmware/mcu_ws/build/rosgraph_msgs/CMakeFiles 0
[15.173s] gmake[4]: Leaving directory '/micro_ros_ws/firmware/mcu_ws/build/rosgraph_msgs'
[15.177s] Invoked command in '/micro_ros_ws/firmware/mcu_ws/build/rosgraph_msgs' returned '0': AMENT_PREFIX_PATH=/micro_ros_ws/firmware/mcu_ws/install:${AMENT_PREFIX_PATH} CMAKE_PREFIX_PATH=/micro_ros_ws/firmware/mcu_ws/install:/micro_ros_ws/firmware/dev_ws/install/ament_lint_common:/micro_ros_ws/firmware/dev_ws/install/ament_cmake_uncrustify:/micro_ros_ws/firmware/dev_ws/install/uncrustify_vendor:/micro_ros_ws/firmware/dev_ws/install/ament_cmake_ros:/micro_ros_ws/firmware/dev_ws/install/ament_cmake_auto:/micro_ros_ws/firmware/dev_ws/install/ament_cmake_gmock:/micro_ros_ws/firmware/dev_ws/install/gmock_vendor:/micro_ros_ws/firmware/dev_ws/install/ament_cmake_gtest:/micro_ros_ws/firmware/dev_ws/install/gtest_vendor:/micro_ros_ws/firmware/dev_ws/install/ament_cmake_xmllint:/micro_ros_ws/firmware/dev_ws/install/ament_cmake_pyflakes:/micro_ros_ws/firmware/dev_ws/install/ament_cmake_pycodestyle:/micro_ros_ws/firmware/dev_ws/install/ament_cmake_pep257:/micro_ros_ws/firmware/dev_ws/install/ament_cmake_pclint:/micro_ros_ws/firmware/dev_ws/install/ament_lint_auto:/micro_ros_ws/firmware/dev_ws/install/ament_cmake:/micro_ros_ws/firmware/dev_ws/install/ament_cmake_version:/micro_ros_ws/firmware/dev_ws/install/ament_cmake_vendor_package:/micro_ros_ws/firmware/dev_ws/install/ament_cmake_pytest:/micro_ros_ws/firmware/dev_ws/install/ament_cmake_nose:/micro_ros_ws/firmware/dev_ws/install/ament_cmake_mypy:/micro_ros_ws/firmware/dev_ws/install/ament_cmake_lint_cmake:/micro_ros_ws/firmware/dev_ws/install/ament_cmake_google_benchmark:/micro_ros_ws/firmware/dev_ws/install/ament_cmake_flake8:/micro_ros_ws/firmware/dev_ws/install/ament_cmake_cpplint:/micro_ros_ws/firmware/dev_ws/install/ament_cmake_cppcheck:/micro_ros_ws/firmware/dev_ws/install/ament_cmake_copyright:/micro_ros_ws/firmware/dev_ws/install/ament_cmake_clang_tidy:/micro_ros_ws/firmware/dev_ws/install/ament_cmake_clang_format:/micro_ros_ws/firmware/dev_ws/install/ament_cmake_test:/micro_ros_ws/firmware/dev_ws/install/ament_cmake_target_dependencies:/micro_ros_ws/firmware/dev_ws/install/ament_cmake_python:/micro_ros_ws/firmware/dev_ws/install/ament_cmake_export_dependencies:/micro_ros_ws/firmware/dev_ws/install/ament_cmake_libraries:/micro_ros_ws/firmware/dev_ws/install/ament_cmake_include_directories:/micro_ros_ws/firmware/dev_ws/install/ament_cmake_gen_version_h:/micro_ros_ws/firmware/dev_ws/install/ament_cmake_export_targets:/micro_ros_ws/firmware/dev_ws/install/ament_cmake_export_link_flags:/micro_ros_ws/firmware/dev_ws/install/ament_cmake_export_interfaces:/micro_ros_ws/firmware/dev_ws/install/ament_cmake_export_libraries:/micro_ros_ws/firmware/dev_ws/install/ament_cmake_export_include_directories:/micro_ros_ws/firmware/dev_ws/install/ament_cmake_export_definitions:/micro_ros_ws/firmware/dev_ws/install/ament_cmake_core:/micro_ros_ws/firmware/dev_ws/install/ament_index_cpp:/micro_ros_ws/firmware/dev_ws/install/ament_uncrustify:/micro_ros_ws/firmware/dev_ws/install/domain_coordinator:/micro_ros_ws/firmware/dev_ws/install/ament_xmllint:/micro_ros_ws/firmware/dev_ws/install/ament_pyflakes:/micro_ros_ws/firmware/dev_ws/install/ament_pycodestyle:/micro_ros_ws/firmware/dev_ws/install/ament_pep257:/micro_ros_ws/firmware/dev_ws/install/ament_pclint:/micro_ros_ws/firmware/dev_ws/install/ament_package:/micro_ros_ws/firmware/dev_ws/install/ament_mypy:/micro_ros_ws/firmware/dev_ws/install/ament_lint_cmake:/micro_ros_ws/firmware/dev_ws/install/ament_flake8:/micro_ros_ws/firmware/dev_ws/install/ament_copyright:/micro_ros_ws/firmware/dev_ws/install/ament_lint:/micro_ros_ws/firmware/dev_ws/install/ament_index_python:/micro_ros_ws/firmware/dev_ws/install/ament_cpplint:/micro_ros_ws/firmware/dev_ws/install/ament_cppcheck:/micro_ros_ws/firmware/dev_ws/install/ament_clang_tidy:/micro_ros_ws/firmware/dev_ws/install/ament_clang_format LD_LIBRARY_PATH=/micro_ros_ws/firmware/mcu_ws/install/lib:${LD_LIBRARY_PATH} PATH=/micro_ros_ws/firmware/mcu_ws/install/bin:${PATH} PYTHONPATH=/micro_ros_ws/firmware/mcu_ws/install/lib/python3.10/site-packages:${PYTHONPATH} /usr/bin/cmake --build /micro_ros_ws/firmware/mcu_ws/build/rosgraph_msgs -- -j12 -l12
[15.189s] Invoking command in '/micro_ros_ws/firmware/mcu_ws/build/rosgraph_msgs': AMENT_PREFIX_PATH=/micro_ros_ws/firmware/mcu_ws/install:${AMENT_PREFIX_PATH} CMAKE_PREFIX_PATH=/micro_ros_ws/firmware/mcu_ws/install:/micro_ros_ws/firmware/dev_ws/install/ament_lint_common:/micro_ros_ws/firmware/dev_ws/install/ament_cmake_uncrustify:/micro_ros_ws/firmware/dev_ws/install/uncrustify_vendor:/micro_ros_ws/firmware/dev_ws/install/ament_cmake_ros:/micro_ros_ws/firmware/dev_ws/install/ament_cmake_auto:/micro_ros_ws/firmware/dev_ws/install/ament_cmake_gmock:/micro_ros_ws/firmware/dev_ws/install/gmock_vendor:/micro_ros_ws/firmware/dev_ws/install/ament_cmake_gtest:/micro_ros_ws/firmware/dev_ws/install/gtest_vendor:/micro_ros_ws/firmware/dev_ws/install/ament_cmake_xmllint:/micro_ros_ws/firmware/dev_ws/install/ament_cmake_pyflakes:/micro_ros_ws/firmware/dev_ws/install/ament_cmake_pycodestyle:/micro_ros_ws/firmware/dev_ws/install/ament_cmake_pep257:/micro_ros_ws/firmware/dev_ws/install/ament_cmake_pclint:/micro_ros_ws/firmware/dev_ws/install/ament_lint_auto:/micro_ros_ws/firmware/dev_ws/install/ament_cmake:/micro_ros_ws/firmware/dev_ws/install/ament_cmake_version:/micro_ros_ws/firmware/dev_ws/install/ament_cmake_vendor_package:/micro_ros_ws/firmware/dev_ws/install/ament_cmake_pytest:/micro_ros_ws/firmware/dev_ws/install/ament_cmake_nose:/micro_ros_ws/firmware/dev_ws/install/ament_cmake_mypy:/micro_ros_ws/firmware/dev_ws/install/ament_cmake_lint_cmake:/micro_ros_ws/firmware/dev_ws/install/ament_cmake_google_benchmark:/micro_ros_ws/firmware/dev_ws/install/ament_cmake_flake8:/micro_ros_ws/firmware/dev_ws/install/ament_cmake_cpplint:/micro_ros_ws/firmware/dev_ws/install/ament_cmake_cppcheck:/micro_ros_ws/firmware/dev_ws/install/ament_cmake_copyright:/micro_ros_ws/firmware/dev_ws/install/ament_cmake_clang_tidy:/micro_ros_ws/firmware/dev_ws/install/ament_cmake_clang_format:/micro_ros_ws/firmware/dev_ws/install/ament_cmake_test:/micro_ros_ws/firmware/dev_ws/install/ament_cmake_target_dependencies:/micro_ros_ws/firmware/dev_ws/install/ament_cmake_python:/micro_ros_ws/firmware/dev_ws/install/ament_cmake_export_dependencies:/micro_ros_ws/firmware/dev_ws/install/ament_cmake_libraries:/micro_ros_ws/firmware/dev_ws/install/ament_cmake_include_directories:/micro_ros_ws/firmware/dev_ws/install/ament_cmake_gen_version_h:/micro_ros_ws/firmware/dev_ws/install/ament_cmake_export_targets:/micro_ros_ws/firmware/dev_ws/install/ament_cmake_export_link_flags:/micro_ros_ws/firmware/dev_ws/install/ament_cmake_export_interfaces:/micro_ros_ws/firmware/dev_ws/install/ament_cmake_export_libraries:/micro_ros_ws/firmware/dev_ws/install/ament_cmake_export_include_directories:/micro_ros_ws/firmware/dev_ws/install/ament_cmake_export_definitions:/micro_ros_ws/firmware/dev_ws/install/ament_cmake_core:/micro_ros_ws/firmware/dev_ws/install/ament_index_cpp:/micro_ros_ws/firmware/dev_ws/install/ament_uncrustify:/micro_ros_ws/firmware/dev_ws/install/domain_coordinator:/micro_ros_ws/firmware/dev_ws/install/ament_xmllint:/micro_ros_ws/firmware/dev_ws/install/ament_pyflakes:/micro_ros_ws/firmware/dev_ws/install/ament_pycodestyle:/micro_ros_ws/firmware/dev_ws/install/ament_pep257:/micro_ros_ws/firmware/dev_ws/install/ament_pclint:/micro_ros_ws/firmware/dev_ws/install/ament_package:/micro_ros_ws/firmware/dev_ws/install/ament_mypy:/micro_ros_ws/firmware/dev_ws/install/ament_lint_cmake:/micro_ros_ws/firmware/dev_ws/install/ament_flake8:/micro_ros_ws/firmware/dev_ws/install/ament_copyright:/micro_ros_ws/firmware/dev_ws/install/ament_lint:/micro_ros_ws/firmware/dev_ws/install/ament_index_python:/micro_ros_ws/firmware/dev_ws/install/ament_cpplint:/micro_ros_ws/firmware/dev_ws/install/ament_cppcheck:/micro_ros_ws/firmware/dev_ws/install/ament_clang_tidy:/micro_ros_ws/firmware/dev_ws/install/ament_clang_format LD_LIBRARY_PATH=/micro_ros_ws/firmware/mcu_ws/install/lib:${LD_LIBRARY_PATH} PATH=/micro_ros_ws/firmware/mcu_ws/install/bin:${PATH} PYTHONPATH=/micro_ros_ws/firmware/mcu_ws/install/lib/python3.10/site-packages:${PYTHONPATH} /usr/bin/cmake --install /micro_ros_ws/firmware/mcu_ws/build/rosgraph_msgs
[15.308s] -- Install configuration: "Debug"
[15.329s] -- Up-to-date: /micro_ros_ws/firmware/mcu_ws/install/share/ament_index/resource_index/rosidl_interfaces/rosgraph_msgs
[15.338s] -- Up-to-date: /micro_ros_ws/firmware/mcu_ws/install/include/rosgraph_msgs/rosgraph_msgs
[15.349s] -- Up-to-date: /micro_ros_ws/firmware/mcu_ws/install/include/rosgraph_msgs/rosgraph_msgs/msg
[15.364s] -- Up-to-date: /micro_ros_ws/firmware/mcu_ws/install/include/rosgraph_msgs/rosgraph_msgs/msg/clock.h
[15.373s] -- Up-to-date: /micro_ros_ws/firmware/mcu_ws/install/include/rosgraph_msgs/rosgraph_msgs/msg/detail
[15.389s] -- Up-to-date: /micro_ros_ws/firmware/mcu_ws/install/include/rosgraph_msgs/rosgraph_msgs/msg/detail/clock__functions.c
[15.403s] -- Up-to-date: /micro_ros_ws/firmware/mcu_ws/install/include/rosgraph_msgs/rosgraph_msgs/msg/detail/clock__functions.h
[15.418s] -- Up-to-date: /micro_ros_ws/firmware/mcu_ws/install/include/rosgraph_msgs/rosgraph_msgs/msg/detail/clock__struct.h
[15.437s] -- Up-to-date: /micro_ros_ws/firmware/mcu_ws/install/include/rosgraph_msgs/rosgraph_msgs/msg/detail/clock__type_support.h
[15.448s] -- Up-to-date: /micro_ros_ws/firmware/mcu_ws/install/include/rosgraph_msgs/rosgraph_msgs/msg/rosidl_generator_c__visibility_control.h
[15.463s] -- Up-to-date: /micro_ros_ws/firmware/mcu_ws/install/share/rosgraph_msgs/environment/library_path.sh
[15.474s] -- Installing: /micro_ros_ws/firmware/mcu_ws/install/share/rosgraph_msgs/environment/library_path.dsv
[15.511s] -- Installing: /micro_ros_ws/firmware/mcu_ws/install/lib/librosgraph_msgs__rosidl_generator_c.a
[15.547s] -- Up-to-date: /micro_ros_ws/firmware/mcu_ws/install/include/rosgraph_msgs/rosgraph_msgs
[15.558s] -- Up-to-date: /micro_ros_ws/firmware/mcu_ws/install/include/rosgraph_msgs/rosgraph_msgs/msg
[15.571s] -- Up-to-date: /micro_ros_ws/firmware/mcu_ws/install/include/rosgraph_msgs/rosgraph_msgs/msg/detail
[15.591s] -- Up-to-date: /micro_ros_ws/firmware/mcu_ws/install/include/rosgraph_msgs/rosgraph_msgs/msg/detail/clock__rosidl_typesupport_introspection_c.h
[15.605s] -- Up-to-date: /micro_ros_ws/firmware/mcu_ws/install/include/rosgraph_msgs/rosgraph_msgs/msg/detail/clock__type_support.c
[15.620s] -- Up-to-date: /micro_ros_ws/firmware/mcu_ws/install/include/rosgraph_msgs/rosgraph_msgs/msg/rosidl_typesupport_introspection_c__visibility_control.h
[15.635s] -- Up-to-date: /micro_ros_ws/firmware/mcu_ws/install/lib/librosgraph_msgs__rosidl_typesupport_introspection_c.a
[15.642s] -- Up-to-date: /micro_ros_ws/firmware/mcu_ws/install/include/rosgraph_msgs/rosgraph_msgs
[15.655s] -- Up-to-date: /micro_ros_ws/firmware/mcu_ws/install/include/rosgraph_msgs/rosgraph_msgs/msg
[15.668s] -- Up-to-date: /micro_ros_ws/firmware/mcu_ws/install/include/rosgraph_msgs/rosgraph_msgs/msg/detail
[15.687s] -- Up-to-date: /micro_ros_ws/firmware/mcu_ws/install/include/rosgraph_msgs/rosgraph_msgs/msg/detail/clock__rosidl_typesupport_microxrcedds_c.h
[15.699s] -- Up-to-date: /micro_ros_ws/firmware/mcu_ws/install/include/rosgraph_msgs/rosgraph_msgs/msg/detail/microxrcedds
[15.716s] -- Up-to-date: /micro_ros_ws/firmware/mcu_ws/install/include/rosgraph_msgs/rosgraph_msgs/msg/rosidl_typesupport_microxrcedds_c__visibility_control.h
[15.735s] -- Up-to-date: /micro_ros_ws/firmware/mcu_ws/install/lib/librosgraph_msgs__rosidl_typesupport_microxrcedds_c.a
[15.744s] -- Up-to-date: /micro_ros_ws/firmware/mcu_ws/install/lib/librosgraph_msgs__rosidl_typesupport_c.a
[15.758s] -- Up-to-date: /micro_ros_ws/firmware/mcu_ws/install/share/rosgraph_msgs/msg/Clock.idl
[15.770s] -- Up-to-date: /micro_ros_ws/firmware/mcu_ws/install/share/rosgraph_msgs/msg/Clock.msg
[15.785s] -- Up-to-date: /micro_ros_ws/firmware/mcu_ws/install/share/ament_index/resource_index/package_run_dependencies/rosgraph_msgs
[15.801s] -- Up-to-date: /micro_ros_ws/firmware/mcu_ws/install/share/ament_index/resource_index/parent_prefix_path/rosgraph_msgs
[15.819s] -- Up-to-date: /micro_ros_ws/firmware/mcu_ws/install/share/rosgraph_msgs/environment/ament_prefix_path.sh
[15.838s] -- Installing: /micro_ros_ws/firmware/mcu_ws/install/share/rosgraph_msgs/environment/ament_prefix_path.dsv
[15.881s] -- Up-to-date: /micro_ros_ws/firmware/mcu_ws/install/share/rosgraph_msgs/environment/path.sh
[15.893s] -- Installing: /micro_ros_ws/firmware/mcu_ws/install/share/rosgraph_msgs/environment/path.dsv
[15.936s] -- Up-to-date: /micro_ros_ws/firmware/mcu_ws/install/share/rosgraph_msgs/local_setup.bash
[15.948s] -- Up-to-date: /micro_ros_ws/firmware/mcu_ws/install/share/rosgraph_msgs/local_setup.sh
[15.959s] -- Up-to-date: /micro_ros_ws/firmware/mcu_ws/install/share/rosgraph_msgs/local_setup.zsh
[15.973s] -- Installing: /micro_ros_ws/firmware/mcu_ws/install/share/rosgraph_msgs/local_setup.dsv
[16.004s] -- Installing: /micro_ros_ws/firmware/mcu_ws/install/share/rosgraph_msgs/package.dsv
[16.051s] -- Up-to-date: /micro_ros_ws/firmware/mcu_ws/install/share/ament_index/resource_index/packages/rosgraph_msgs
[16.077s] -- Up-to-date: /micro_ros_ws/firmware/mcu_ws/install/share/rosgraph_msgs/cmake/export_rosgraph_msgs__rosidl_generator_cExport.cmake
[16.095s] -- Up-to-date: /micro_ros_ws/firmware/mcu_ws/install/share/rosgraph_msgs/cmake/export_rosgraph_msgs__rosidl_generator_cExport-debug.cmake
[16.117s] -- Up-to-date: /micro_ros_ws/firmware/mcu_ws/install/share/rosgraph_msgs/cmake/rosgraph_msgs__rosidl_typesupport_introspection_cExport.cmake
[16.141s] -- Up-to-date: /micro_ros_ws/firmware/mcu_ws/install/share/rosgraph_msgs/cmake/rosgraph_msgs__rosidl_typesupport_introspection_cExport-debug.cmake
[16.164s] -- Up-to-date: /micro_ros_ws/firmware/mcu_ws/install/share/rosgraph_msgs/cmake/rosgraph_msgs__rosidl_typesupport_cExport.cmake
[16.180s] -- Up-to-date: /micro_ros_ws/firmware/mcu_ws/install/share/rosgraph_msgs/cmake/rosgraph_msgs__rosidl_typesupport_cExport-debug.cmake
[16.189s] -- Up-to-date: /micro_ros_ws/firmware/mcu_ws/install/share/rosgraph_msgs/cmake/rosidl_cmake-extras.cmake
[16.200s] -- Up-to-date: /micro_ros_ws/firmware/mcu_ws/install/share/rosgraph_msgs/cmake/ament_cmake_export_dependencies-extras.cmake
[16.211s] -- Up-to-date: /micro_ros_ws/firmware/mcu_ws/install/share/rosgraph_msgs/cmake/ament_cmake_export_include_directories-extras.cmake
[16.230s] -- Up-to-date: /micro_ros_ws/firmware/mcu_ws/install/share/rosgraph_msgs/cmake/ament_cmake_export_libraries-extras.cmake
[16.241s] -- Up-to-date: /micro_ros_ws/firmware/mcu_ws/install/share/rosgraph_msgs/cmake/ament_cmake_export_targets-extras.cmake
[16.252s] -- Up-to-date: /micro_ros_ws/firmware/mcu_ws/install/share/rosgraph_msgs/cmake/rosidl_cmake_export_typesupport_targets-extras.cmake
[16.262s] -- Up-to-date: /micro_ros_ws/firmware/mcu_ws/install/share/rosgraph_msgs/cmake/rosidl_cmake_export_typesupport_libraries-extras.cmake
[16.272s] -- Up-to-date: /micro_ros_ws/firmware/mcu_ws/install/share/rosgraph_msgs/cmake/rosidl_cmake_aggregate_target-extras.cmake
[16.284s] -- Up-to-date: /micro_ros_ws/firmware/mcu_ws/install/share/rosgraph_msgs/cmake/rosgraph_msgsConfig.cmake
[16.295s] -- Up-to-date: /micro_ros_ws/firmware/mcu_ws/install/share/rosgraph_msgs/cmake/rosgraph_msgsConfig-version.cmake
[16.304s] -- Up-to-date: /micro_ros_ws/firmware/mcu_ws/install/share/rosgraph_msgs/package.xml
[16.310s] Invoked command in '/micro_ros_ws/firmware/mcu_ws/build/rosgraph_msgs' returned '0': AMENT_PREFIX_PATH=/micro_ros_ws/firmware/mcu_ws/install:${AMENT_PREFIX_PATH} CMAKE_PREFIX_PATH=/micro_ros_ws/firmware/mcu_ws/install:/micro_ros_ws/firmware/dev_ws/install/ament_lint_common:/micro_ros_ws/firmware/dev_ws/install/ament_cmake_uncrustify:/micro_ros_ws/firmware/dev_ws/install/uncrustify_vendor:/micro_ros_ws/firmware/dev_ws/install/ament_cmake_ros:/micro_ros_ws/firmware/dev_ws/install/ament_cmake_auto:/micro_ros_ws/firmware/dev_ws/install/ament_cmake_gmock:/micro_ros_ws/firmware/dev_ws/install/gmock_vendor:/micro_ros_ws/firmware/dev_ws/install/ament_cmake_gtest:/micro_ros_ws/firmware/dev_ws/install/gtest_vendor:/micro_ros_ws/firmware/dev_ws/install/ament_cmake_xmllint:/micro_ros_ws/firmware/dev_ws/install/ament_cmake_pyflakes:/micro_ros_ws/firmware/dev_ws/install/ament_cmake_pycodestyle:/micro_ros_ws/firmware/dev_ws/install/ament_cmake_pep257:/micro_ros_ws/firmware/dev_ws/install/ament_cmake_pclint:/micro_ros_ws/firmware/dev_ws/install/ament_lint_auto:/micro_ros_ws/firmware/dev_ws/install/ament_cmake:/micro_ros_ws/firmware/dev_ws/install/ament_cmake_version:/micro_ros_ws/firmware/dev_ws/install/ament_cmake_vendor_package:/micro_ros_ws/firmware/dev_ws/install/ament_cmake_pytest:/micro_ros_ws/firmware/dev_ws/install/ament_cmake_nose:/micro_ros_ws/firmware/dev_ws/install/ament_cmake_mypy:/micro_ros_ws/firmware/dev_ws/install/ament_cmake_lint_cmake:/micro_ros_ws/firmware/dev_ws/install/ament_cmake_google_benchmark:/micro_ros_ws/firmware/dev_ws/install/ament_cmake_flake8:/micro_ros_ws/firmware/dev_ws/install/ament_cmake_cpplint:/micro_ros_ws/firmware/dev_ws/install/ament_cmake_cppcheck:/micro_ros_ws/firmware/dev_ws/install/ament_cmake_copyright:/micro_ros_ws/firmware/dev_ws/install/ament_cmake_clang_tidy:/micro_ros_ws/firmware/dev_ws/install/ament_cmake_clang_format:/micro_ros_ws/firmware/dev_ws/install/ament_cmake_test:/micro_ros_ws/firmware/dev_ws/install/ament_cmake_target_dependencies:/micro_ros_ws/firmware/dev_ws/install/ament_cmake_python:/micro_ros_ws/firmware/dev_ws/install/ament_cmake_export_dependencies:/micro_ros_ws/firmware/dev_ws/install/ament_cmake_libraries:/micro_ros_ws/firmware/dev_ws/install/ament_cmake_include_directories:/micro_ros_ws/firmware/dev_ws/install/ament_cmake_gen_version_h:/micro_ros_ws/firmware/dev_ws/install/ament_cmake_export_targets:/micro_ros_ws/firmware/dev_ws/install/ament_cmake_export_link_flags:/micro_ros_ws/firmware/dev_ws/install/ament_cmake_export_interfaces:/micro_ros_ws/firmware/dev_ws/install/ament_cmake_export_libraries:/micro_ros_ws/firmware/dev_ws/install/ament_cmake_export_include_directories:/micro_ros_ws/firmware/dev_ws/install/ament_cmake_export_definitions:/micro_ros_ws/firmware/dev_ws/install/ament_cmake_core:/micro_ros_ws/firmware/dev_ws/install/ament_index_cpp:/micro_ros_ws/firmware/dev_ws/install/ament_uncrustify:/micro_ros_ws/firmware/dev_ws/install/domain_coordinator:/micro_ros_ws/firmware/dev_ws/install/ament_xmllint:/micro_ros_ws/firmware/dev_ws/install/ament_pyflakes:/micro_ros_ws/firmware/dev_ws/install/ament_pycodestyle:/micro_ros_ws/firmware/dev_ws/install/ament_pep257:/micro_ros_ws/firmware/dev_ws/install/ament_pclint:/micro_ros_ws/firmware/dev_ws/install/ament_package:/micro_ros_ws/firmware/dev_ws/install/ament_mypy:/micro_ros_ws/firmware/dev_ws/install/ament_lint_cmake:/micro_ros_ws/firmware/dev_ws/install/ament_flake8:/micro_ros_ws/firmware/dev_ws/install/ament_copyright:/micro_ros_ws/firmware/dev_ws/install/ament_lint:/micro_ros_ws/firmware/dev_ws/install/ament_index_python:/micro_ros_ws/firmware/dev_ws/install/ament_cpplint:/micro_ros_ws/firmware/dev_ws/install/ament_cppcheck:/micro_ros_ws/firmware/dev_ws/install/ament_clang_tidy:/micro_ros_ws/firmware/dev_ws/install/ament_clang_format LD_LIBRARY_PATH=/micro_ros_ws/firmware/mcu_ws/install/lib:${LD_LIBRARY_PATH} PATH=/micro_ros_ws/firmware/mcu_ws/install/bin:${PATH} PYTHONPATH=/micro_ros_ws/firmware/mcu_ws/install/lib/python3.10/site-packages:${PYTHONPATH} /usr/bin/cmake --install /micro_ros_ws/firmware/mcu_ws/build/rosgraph_msgs
