[0.958s] Invoking command in '/micro_ros_ws/firmware/mcu_ws/build/microcdr': /usr/bin/cmake --build /micro_ros_ws/firmware/mcu_ws/build/microcdr -- -j12 -l12
[2.266s] gmake[4]: Entering directory '/micro_ros_ws/firmware/mcu_ws/build/microcdr'
[2.266s] /usr/bin/cmake -S/micro_ros_ws/firmware/mcu_ws/eProsima/Micro-CDR -B/micro_ros_ws/firmware/mcu_ws/build/microcdr --check-build-system CMakeFiles/Makefile.cmake 0
[2.266s] Re-run cmake file: Makefile older than: /micro_ros_ws/firmware/freertos_apps/microros_esp32_extensions/esp32_toolchain.cmake
[2.267s] -- Configuring done
[2.267s] -- Generating done
[2.267s] -- Build files have been written to: /micro_ros_ws/firmware/mcu_ws/build/microcdr
[2.268s] /usr/bin/cmake -E cmake_progress_start /micro_ros_ws/firmware/mcu_ws/build/microcdr/CMakeFiles /micro_ros_ws/firmware/mcu_ws/build/microcdr//CMakeFiles/progress.marks
[2.268s] /usr/bin/gmake  -f CMakeFiles/Makefile2 all
[2.268s] gmake[5]: Entering directory '/micro_ros_ws/firmware/mcu_ws/build/microcdr'
[2.269s] /usr/bin/gmake  -f CMakeFiles/microcdr.dir/build.make CMakeFiles/microcdr.dir/depend
[2.269s] gmake[6]: Entering directory '/micro_ros_ws/firmware/mcu_ws/build/microcdr'
[2.269s] cd /micro_ros_ws/firmware/mcu_ws/build/microcdr && /usr/bin/cmake -E cmake_depends "Unix Makefiles" /micro_ros_ws/firmware/mcu_ws/eProsima/Micro-CDR /micro_ros_ws/firmware/mcu_ws/eProsima/Micro-CDR /micro_ros_ws/firmware/mcu_ws/build/microcdr /micro_ros_ws/firmware/mcu_ws/build/microcdr /micro_ros_ws/firmware/mcu_ws/build/microcdr/CMakeFiles/microcdr.dir/DependInfo.cmake --color=
[2.269s] Dependencies file "CMakeFiles/microcdr.dir/src/c/common.c.obj.d" is newer than depends file "/micro_ros_ws/firmware/mcu_ws/build/microcdr/CMakeFiles/microcdr.dir/compiler_depend.internal".
[2.270s] Dependencies file "CMakeFiles/microcdr.dir/src/c/types/array.c.obj.d" is newer than depends file "/micro_ros_ws/firmware/mcu_ws/build/microcdr/CMakeFiles/microcdr.dir/compiler_depend.internal".
[2.270s] Dependencies file "CMakeFiles/microcdr.dir/src/c/types/basic.c.obj.d" is newer than depends file "/micro_ros_ws/firmware/mcu_ws/build/microcdr/CMakeFiles/microcdr.dir/compiler_depend.internal".
[2.270s] Dependencies file "CMakeFiles/microcdr.dir/src/c/types/sequence.c.obj.d" is newer than depends file "/micro_ros_ws/firmware/mcu_ws/build/microcdr/CMakeFiles/microcdr.dir/compiler_depend.internal".
[2.271s] Dependencies file "CMakeFiles/microcdr.dir/src/c/types/string.c.obj.d" is newer than depends file "/micro_ros_ws/firmware/mcu_ws/build/microcdr/CMakeFiles/microcdr.dir/compiler_depend.internal".
[2.271s] [35m[1mConsolidate compiler generated dependencies of target microcdr[0m
[2.271s] gmake[6]: Leaving directory '/micro_ros_ws/firmware/mcu_ws/build/microcdr'
[2.271s] /usr/bin/gmake  -f CMakeFiles/microcdr.dir/build.make CMakeFiles/microcdr.dir/build
[2.272s] gmake[6]: Entering directory '/micro_ros_ws/firmware/mcu_ws/build/microcdr'
[2.272s] gmake[6]: Nothing to be done for 'CMakeFiles/microcdr.dir/build'.
[2.272s] gmake[6]: Leaving directory '/micro_ros_ws/firmware/mcu_ws/build/microcdr'
[2.272s] [100%] Built target microcdr
[2.273s] gmake[5]: Leaving directory '/micro_ros_ws/firmware/mcu_ws/build/microcdr'
[2.273s] /usr/bin/cmake -E cmake_progress_start /micro_ros_ws/firmware/mcu_ws/build/microcdr/CMakeFiles 0
[2.273s] gmake[4]: Leaving directory '/micro_ros_ws/firmware/mcu_ws/build/microcdr'
[2.380s] Invoked command in '/micro_ros_ws/firmware/mcu_ws/build/microcdr' returned '0': /usr/bin/cmake --build /micro_ros_ws/firmware/mcu_ws/build/microcdr -- -j12 -l12
[2.382s] Invoking command in '/micro_ros_ws/firmware/mcu_ws/build/microcdr': /usr/bin/cmake --install /micro_ros_ws/firmware/mcu_ws/build/microcdr
[2.405s] -- Install configuration: "Debug"
[2.406s] -- Up-to-date: /micro_ros_ws/firmware/mcu_ws/install/lib/libmicrocdr.a
[2.407s] -- Up-to-date: /micro_ros_ws/firmware/mcu_ws/install/include/ucdr
[2.414s] -- Up-to-date: /micro_ros_ws/firmware/mcu_ws/install/include/ucdr/microcdr.h
[2.417s] -- Up-to-date: /micro_ros_ws/firmware/mcu_ws/install/include/ucdr/visibility.h
[2.423s] -- Up-to-date: /micro_ros_ws/firmware/mcu_ws/install/include/ucdr/config.h
[2.432s] -- Up-to-date: /micro_ros_ws/firmware/mcu_ws/install/share/microcdr/cmake/microcdrTargets.cmake
[2.437s] -- Up-to-date: /micro_ros_ws/firmware/mcu_ws/install/share/microcdr/cmake/microcdrTargets-debug.cmake
[2.440s] -- Up-to-date: /micro_ros_ws/firmware/mcu_ws/install/share/microcdr/cmake/microcdrConfig.cmake
[2.443s] -- Up-to-date: /micro_ros_ws/firmware/mcu_ws/install/share/microcdr/cmake/microcdrConfigVersion.cmake
[2.446s] Invoked command in '/micro_ros_ws/firmware/mcu_ws/build/microcdr' returned '0': /usr/bin/cmake --install /micro_ros_ws/firmware/mcu_ws/build/microcdr
