[0.984s] Invoking command in '/micro_ros_ws/wall_e_ws/src/control': CMAKE_PREFIX_PATH=/micro_ros_ws/wall_e_ws/install/custom_interfaces:/micro_ros_ws/wall_e_ws/install/wall_e_description PYTHONPATH=/micro_ros_ws/wall_e_ws/build/control/prefix_override:/usr/lib/python3/dist-packages/colcon_core/task/python/colcon_distutils_commands:/micro_ros_ws/wall_e_ws/install/control/lib/python3.10/site-packages:${PYTHONPATH} /usr/bin/python3 -W ignore:setup.py install is deprecated -W ignore:easy_install command is deprecated setup.py egg_info --egg-base ../../build/control build --build-base /micro_ros_ws/wall_e_ws/build/control/build install --record /micro_ros_ws/wall_e_ws/build/control/install.log --single-version-externally-managed install_data
[1.209s] running egg_info
[1.210s] writing ../../build/control/control.egg-info/PKG-INFO
[1.210s] writing dependency_links to ../../build/control/control.egg-info/dependency_links.txt
[1.211s] writing entry points to ../../build/control/control.egg-info/entry_points.txt
[1.211s] writing requirements to ../../build/control/control.egg-info/requires.txt
[1.211s] writing top-level names to ../../build/control/control.egg-info/top_level.txt
[1.216s] reading manifest file '../../build/control/control.egg-info/SOURCES.txt'
[1.218s] adding license file 'LICENSE'
[1.220s] writing manifest file '../../build/control/control.egg-info/SOURCES.txt'
[1.220s] running build
[1.220s] running build_py
[1.222s] running install
[1.222s] running install_lib
[1.228s] running install_data
[1.228s] running install_egg_info
[1.230s] removing '/micro_ros_ws/wall_e_ws/install/control/lib/python3.10/site-packages/control-0.0.0-py3.10.egg-info' (and everything under it)
[1.231s] Copying ../../build/control/control.egg-info to /micro_ros_ws/wall_e_ws/install/control/lib/python3.10/site-packages/control-0.0.0-py3.10.egg-info
[1.237s] running install_scripts
[1.259s] Installing gamepad_node script to /micro_ros_ws/wall_e_ws/install/control/lib/control
[1.259s] Installing robot_control_node script to /micro_ros_ws/wall_e_ws/install/control/lib/control
[1.260s] writing list of installed files to '/micro_ros_ws/wall_e_ws/build/control/install.log'
[1.285s] Invoked command in '/micro_ros_ws/wall_e_ws/src/control' returned '0': CMAKE_PREFIX_PATH=/micro_ros_ws/wall_e_ws/install/custom_interfaces:/micro_ros_ws/wall_e_ws/install/wall_e_description PYTHONPATH=/micro_ros_ws/wall_e_ws/build/control/prefix_override:/usr/lib/python3/dist-packages/colcon_core/task/python/colcon_distutils_commands:/micro_ros_ws/wall_e_ws/install/control/lib/python3.10/site-packages:${PYTHONPATH} /usr/bin/python3 -W ignore:setup.py install is deprecated -W ignore:easy_install command is deprecated setup.py egg_info --egg-base ../../build/control build --build-base /micro_ros_ws/wall_e_ws/build/control/build install --record /micro_ros_ws/wall_e_ws/build/control/install.log --single-version-externally-managed install_data
