[10.829s] Invoking command in '/micro_ros_ws/firmware/mcu_ws/uros/tracetools/tracetools_launch': AMENT_PREFIX_PATH=/micro_ros_ws/firmware/mcu_ws/install:${AMENT_PREFIX_PATH} CMAKE_PREFIX_PATH=/micro_ros_ws/firmware/mcu_ws/install:${CMAKE_PREFIX_PATH} PATH=/micro_ros_ws/firmware/mcu_ws/install/bin:${PATH} PYTHONPATH=/micro_ros_ws/firmware/mcu_ws/build/tracetools_launch/prefix_override:/micro_ros_ws/firmware/toolchain/espressif/python_env/idf4.1_py3.10_env/lib/python3.10/site-packages/colcon_core/task/python/colcon_distutils_commands:/micro_ros_ws/firmware/mcu_ws/install/lib/python3.10/site-packages:/micro_ros_ws/firmware/mcu_ws/install/lib/python3.10/site-packages:${PYTHONPATH} /micro_ros_ws/firmware/toolchain/espressif/python_env/idf4.1_py3.10_env/bin/python -W ignore:setup.py install is deprecated -W ignore:easy_install command is deprecated setup.py egg_info --egg-base ../../../build/tracetools_launch build --build-base /micro_ros_ws/firmware/mcu_ws/build/tracetools_launch/build install --record /micro_ros_ws/firmware/mcu_ws/build/tracetools_launch/install.log --single-version-externally-managed install_data
[12.372s] /micro_ros_ws/firmware/toolchain/espressif/python_env/idf4.1_py3.10_env/lib/python3.10/site-packages/setuptools/_distutils/dist.py:289: UserWarning: Unknown distribution option: 'tests_require'
[12.372s]   warnings.warn(msg)
[12.725s] running egg_info
[12.771s] writing ../../../build/tracetools_launch/tracetools_launch.egg-info/PKG-INFO
[12.778s] writing dependency_links to ../../../build/tracetools_launch/tracetools_launch.egg-info/dependency_links.txt
[12.778s] writing entry points to ../../../build/tracetools_launch/tracetools_launch.egg-info/entry_points.txt
[12.780s] writing requirements to ../../../build/tracetools_launch/tracetools_launch.egg-info/requires.txt
[12.782s] writing top-level names to ../../../build/tracetools_launch/tracetools_launch.egg-info/top_level.txt
[12.913s] reading manifest file '../../../build/tracetools_launch/tracetools_launch.egg-info/SOURCES.txt'
[12.923s] writing manifest file '../../../build/tracetools_launch/tracetools_launch.egg-info/SOURCES.txt'
[12.924s] running build
[12.924s] running build_py
[12.931s] copying tracetools_launch/action.py -> /micro_ros_ws/firmware/mcu_ws/build/tracetools_launch/build/lib/tracetools_launch
[12.941s] copying tracetools_launch/__init__.py -> /micro_ros_ws/firmware/mcu_ws/build/tracetools_launch/build/lib/tracetools_launch
[12.955s] copying tracetools_launch/actions/ld_preload.py -> /micro_ros_ws/firmware/mcu_ws/build/tracetools_launch/build/lib/tracetools_launch/actions
[12.965s] copying tracetools_launch/actions/__init__.py -> /micro_ros_ws/firmware/mcu_ws/build/tracetools_launch/build/lib/tracetools_launch/actions
[12.978s] running install
[12.981s] running install_lib
[13.306s] running install_data
[13.315s] copying package.xml -> /micro_ros_ws/firmware/mcu_ws/install/share/tracetools_launch
[13.334s] copying launch/example.launch.py -> /micro_ros_ws/firmware/mcu_ws/install/share/tracetools_launch/launch
[13.351s] copying launch/example.launch.xml -> /micro_ros_ws/firmware/mcu_ws/install/share/tracetools_launch/launch
[13.370s] copying launch/example.launch.yaml -> /micro_ros_ws/firmware/mcu_ws/install/share/tracetools_launch/launch
[13.390s] copying resource/tracetools_launch -> /micro_ros_ws/firmware/mcu_ws/install/share/ament_index/resource_index/packages
[13.398s] running install_egg_info
[13.637s] removing '/micro_ros_ws/firmware/mcu_ws/install/lib/python3.10/site-packages/tracetools_launch-4.1.1-py3.10.egg-info' (and everything under it)
[13.643s] Copying ../../../build/tracetools_launch/tracetools_launch.egg-info to /micro_ros_ws/firmware/mcu_ws/install/lib/python3.10/site-packages/tracetools_launch-4.1.1-py3.10.egg-info
[13.661s] running install_scripts
[14.244s] writing list of installed files to '/micro_ros_ws/firmware/mcu_ws/build/tracetools_launch/install.log'
[14.286s] Invoked command in '/micro_ros_ws/firmware/mcu_ws/uros/tracetools/tracetools_launch' returned '0': AMENT_PREFIX_PATH=/micro_ros_ws/firmware/mcu_ws/install:${AMENT_PREFIX_PATH} CMAKE_PREFIX_PATH=/micro_ros_ws/firmware/mcu_ws/install:${CMAKE_PREFIX_PATH} PATH=/micro_ros_ws/firmware/mcu_ws/install/bin:${PATH} PYTHONPATH=/micro_ros_ws/firmware/mcu_ws/build/tracetools_launch/prefix_override:/micro_ros_ws/firmware/toolchain/espressif/python_env/idf4.1_py3.10_env/lib/python3.10/site-packages/colcon_core/task/python/colcon_distutils_commands:/micro_ros_ws/firmware/mcu_ws/install/lib/python3.10/site-packages:/micro_ros_ws/firmware/mcu_ws/install/lib/python3.10/site-packages:${PYTHONPATH} /micro_ros_ws/firmware/toolchain/espressif/python_env/idf4.1_py3.10_env/bin/python -W ignore:setup.py install is deprecated -W ignore:easy_install command is deprecated setup.py egg_info --egg-base ../../../build/tracetools_launch build --build-base /micro_ros_ws/firmware/mcu_ws/build/tracetools_launch/build install --record /micro_ros_ws/firmware/mcu_ws/build/tracetools_launch/install.log --single-version-externally-managed install_data
