[0.064s] DEBUG:colcon:Command line arguments: ['/usr/bin/colcon', 'build']
[0.064s] DEBUG:colcon:Parsed command line arguments: Namespace(log_base=None, log_level=None, verb_name='build', build_base='build', install_base='install', merge_install=False, symlink_install=False, test_result_base=None, continue_on_error=False, executor='parallel', parallel_workers=12, event_handlers=None, ignore_user_meta=False, metas=['./colcon.meta'], base_paths=['.'], packages_ignore=None, packages_ignore_regex=None, paths=None, packages_up_to=None, packages_up_to_regex=None, packages_above=None, packages_above_and_dependencies=None, packages_above_depth=None, packages_select_by_dep=None, packages_skip_by_dep=None, packages_skip_up_to=None, packages_select_build_failed=False, packages_skip_build_finished=False, packages_select_test_failures=False, packages_skip_test_passed=False, packages_select=None, packages_skip=None, packages_select_regex=None, packages_skip_regex=None, packages_start=None, packages_end=None, cmake_args=None, cmake_target=None, cmake_target_skip_unavailable=False, cmake_clean_cache=False, cmake_clean_first=False, cmake_force_configure=False, ament_cmake_args=None, catkin_cmake_args=None, catkin_skip_building_tests=False, mixin_files=None, mixin=None, verb_parser=<colcon_mixin.mixin.mixin_argument.MixinArgumentDecorator object at 0x7411e39444c0>, verb_extension=<colcon_core.verb.build.BuildVerb object at 0x7411e3b27f10>, main=<bound method BuildVerb.main of <colcon_core.verb.build.BuildVerb object at 0x7411e3b27f10>>, mixin_verb=('build',))
[0.118s] Level 1:colcon.colcon_core.package_discovery:discover_packages(colcon_meta) check parameters
[0.118s] INFO:colcon.colcon_metadata.package_discovery.colcon_meta:Using configuration from '/root/.colcon/metadata/default/Gazebo.meta'
[0.119s] INFO:colcon.colcon_metadata.package_discovery.colcon_meta:Using configuration from '/root/.colcon/metadata/default/fastdds.meta'
[0.119s] INFO:colcon.colcon_metadata.package_discovery.colcon_meta:Using configuration from '/root/.colcon/metadata/default/fastrtps.meta'
[0.119s] Level 1:colcon.colcon_core.package_discovery:discover_packages(recursive) check parameters
[0.119s] Level 1:colcon.colcon_core.package_discovery:discover_packages(ignore) check parameters
[0.119s] Level 1:colcon.colcon_core.package_discovery:discover_packages(path) check parameters
[0.119s] Level 1:colcon.colcon_core.package_discovery:discover_packages(colcon_meta) discover
[0.119s] Level 1:colcon.colcon_core.package_discovery:discover_packages(recursive) discover
[0.119s] INFO:colcon.colcon_core.package_discovery:Crawling recursively for packages in '/micro_ros_ws/wall_e_ws'
[0.120s] Level 1:colcon.colcon_core.package_identification:_identify(.) by extensions ['ignore', 'ignore_ament_install']
[0.120s] Level 1:colcon.colcon_core.package_identification:_identify(.) by extension 'ignore'
[0.120s] Level 1:colcon.colcon_core.package_identification:_identify(.) by extension 'ignore_ament_install'
[0.120s] Level 1:colcon.colcon_core.package_identification:_identify(.) by extensions ['colcon_pkg']
[0.120s] Level 1:colcon.colcon_core.package_identification:_identify(.) by extension 'colcon_pkg'
[0.120s] Level 1:colcon.colcon_core.package_identification:_identify(.) by extensions ['colcon_meta']
[0.120s] Level 1:colcon.colcon_core.package_identification:_identify(.) by extension 'colcon_meta'
[0.120s] Level 1:colcon.colcon_core.package_identification:_identify(.) by extensions ['ros']
[0.120s] Level 1:colcon.colcon_core.package_identification:_identify(.) by extension 'ros'
[0.128s] Level 1:colcon.colcon_core.package_identification:_identify(.) by extensions ['cmake', 'python']
[0.128s] Level 1:colcon.colcon_core.package_identification:_identify(.) by extension 'cmake'
[0.128s] Level 1:colcon.colcon_core.package_identification:_identify(.) by extension 'python'
[0.128s] Level 1:colcon.colcon_core.package_identification:_identify(.) by extensions ['python_setup_py']
[0.128s] Level 1:colcon.colcon_core.package_identification:_identify(.) by extension 'python_setup_py'
[0.128s] Level 1:colcon.colcon_core.package_identification:_identify(build) by extensions ['ignore', 'ignore_ament_install']
[0.128s] Level 1:colcon.colcon_core.package_identification:_identify(build) by extension 'ignore'
[0.128s] Level 1:colcon.colcon_core.package_identification:_identify(build) ignored
[0.128s] Level 1:colcon.colcon_core.package_identification:_identify(install) by extensions ['ignore', 'ignore_ament_install']
[0.129s] Level 1:colcon.colcon_core.package_identification:_identify(install) by extension 'ignore'
[0.129s] Level 1:colcon.colcon_core.package_identification:_identify(install) ignored
[0.129s] Level 1:colcon.colcon_core.package_identification:_identify(log) by extensions ['ignore', 'ignore_ament_install']
[0.129s] Level 1:colcon.colcon_core.package_identification:_identify(log) by extension 'ignore'
[0.129s] Level 1:colcon.colcon_core.package_identification:_identify(log) ignored
[0.129s] Level 1:colcon.colcon_core.package_identification:_identify(src) by extensions ['ignore', 'ignore_ament_install']
[0.129s] Level 1:colcon.colcon_core.package_identification:_identify(src) by extension 'ignore'
[0.129s] Level 1:colcon.colcon_core.package_identification:_identify(src) by extension 'ignore_ament_install'
[0.129s] Level 1:colcon.colcon_core.package_identification:_identify(src) by extensions ['colcon_pkg']
[0.129s] Level 1:colcon.colcon_core.package_identification:_identify(src) by extension 'colcon_pkg'
[0.129s] Level 1:colcon.colcon_core.package_identification:_identify(src) by extensions ['colcon_meta']
[0.130s] Level 1:colcon.colcon_core.package_identification:_identify(src) by extension 'colcon_meta'
[0.130s] Level 1:colcon.colcon_core.package_identification:_identify(src) by extensions ['ros']
[0.130s] Level 1:colcon.colcon_core.package_identification:_identify(src) by extension 'ros'
[0.130s] Level 1:colcon.colcon_core.package_identification:_identify(src) by extensions ['cmake', 'python']
[0.130s] Level 1:colcon.colcon_core.package_identification:_identify(src) by extension 'cmake'
[0.130s] Level 1:colcon.colcon_core.package_identification:_identify(src) by extension 'python'
[0.130s] Level 1:colcon.colcon_core.package_identification:_identify(src) by extensions ['python_setup_py']
[0.130s] Level 1:colcon.colcon_core.package_identification:_identify(src) by extension 'python_setup_py'
[0.130s] Level 1:colcon.colcon_core.package_identification:_identify(src/control) by extensions ['ignore', 'ignore_ament_install']
[0.130s] Level 1:colcon.colcon_core.package_identification:_identify(src/control) by extension 'ignore'
[0.130s] Level 1:colcon.colcon_core.package_identification:_identify(src/control) by extension 'ignore_ament_install'
[0.130s] Level 1:colcon.colcon_core.package_identification:_identify(src/control) by extensions ['colcon_pkg']
[0.130s] Level 1:colcon.colcon_core.package_identification:_identify(src/control) by extension 'colcon_pkg'
[0.131s] Level 1:colcon.colcon_core.package_identification:_identify(src/control) by extensions ['colcon_meta']
[0.131s] Level 1:colcon.colcon_core.package_identification:_identify(src/control) by extension 'colcon_meta'
[0.131s] Level 1:colcon.colcon_core.package_identification:_identify(src/control) by extensions ['ros']
[0.131s] Level 1:colcon.colcon_core.package_identification:_identify(src/control) by extension 'ros'
[0.133s] DEBUG:colcon.colcon_core.package_identification:Package 'src/control' with type 'ros.ament_python' and name 'control'
[0.133s] Level 1:colcon.colcon_core.package_identification:_identify(src/custom_interfaces) by extensions ['ignore', 'ignore_ament_install']
[0.133s] Level 1:colcon.colcon_core.package_identification:_identify(src/custom_interfaces) by extension 'ignore'
[0.133s] Level 1:colcon.colcon_core.package_identification:_identify(src/custom_interfaces) by extension 'ignore_ament_install'
[0.133s] Level 1:colcon.colcon_core.package_identification:_identify(src/custom_interfaces) by extensions ['colcon_pkg']
[0.133s] Level 1:colcon.colcon_core.package_identification:_identify(src/custom_interfaces) by extension 'colcon_pkg'
[0.133s] Level 1:colcon.colcon_core.package_identification:_identify(src/custom_interfaces) by extensions ['colcon_meta']
[0.133s] Level 1:colcon.colcon_core.package_identification:_identify(src/custom_interfaces) by extension 'colcon_meta'
[0.133s] Level 1:colcon.colcon_core.package_identification:_identify(src/custom_interfaces) by extensions ['ros']
[0.133s] Level 1:colcon.colcon_core.package_identification:_identify(src/custom_interfaces) by extension 'ros'
[0.134s] DEBUG:colcon.colcon_core.package_identification:Package 'src/custom_interfaces' with type 'ros.ament_cmake' and name 'custom_interfaces'
[0.134s] Level 1:colcon.colcon_core.package_identification:_identify(src/feedback) by extensions ['ignore', 'ignore_ament_install']
[0.134s] Level 1:colcon.colcon_core.package_identification:_identify(src/feedback) by extension 'ignore'
[0.134s] Level 1:colcon.colcon_core.package_identification:_identify(src/feedback) by extension 'ignore_ament_install'
[0.135s] Level 1:colcon.colcon_core.package_identification:_identify(src/feedback) by extensions ['colcon_pkg']
[0.135s] Level 1:colcon.colcon_core.package_identification:_identify(src/feedback) by extension 'colcon_pkg'
[0.135s] Level 1:colcon.colcon_core.package_identification:_identify(src/feedback) by extensions ['colcon_meta']
[0.135s] Level 1:colcon.colcon_core.package_identification:_identify(src/feedback) by extension 'colcon_meta'
[0.135s] Level 1:colcon.colcon_core.package_identification:_identify(src/feedback) by extensions ['ros']
[0.135s] Level 1:colcon.colcon_core.package_identification:_identify(src/feedback) by extension 'ros'
[0.136s] DEBUG:colcon.colcon_core.package_identification:Package 'src/feedback' with type 'ros.ament_python' and name 'feedback'
[0.136s] Level 1:colcon.colcon_core.package_identification:_identify(src/localization) by extensions ['ignore', 'ignore_ament_install']
[0.136s] Level 1:colcon.colcon_core.package_identification:_identify(src/localization) by extension 'ignore'
[0.136s] Level 1:colcon.colcon_core.package_identification:_identify(src/localization) by extension 'ignore_ament_install'
[0.136s] Level 1:colcon.colcon_core.package_identification:_identify(src/localization) by extensions ['colcon_pkg']
[0.136s] Level 1:colcon.colcon_core.package_identification:_identify(src/localization) by extension 'colcon_pkg'
[0.136s] Level 1:colcon.colcon_core.package_identification:_identify(src/localization) by extensions ['colcon_meta']
[0.136s] Level 1:colcon.colcon_core.package_identification:_identify(src/localization) by extension 'colcon_meta'
[0.136s] Level 1:colcon.colcon_core.package_identification:_identify(src/localization) by extensions ['ros']
[0.136s] Level 1:colcon.colcon_core.package_identification:_identify(src/localization) by extension 'ros'
[0.137s] DEBUG:colcon.colcon_core.package_identification:Package 'src/localization' with type 'ros.ament_python' and name 'localization'
[0.137s] Level 1:colcon.colcon_core.package_identification:_identify(src/wall_e_description) by extensions ['ignore', 'ignore_ament_install']
[0.137s] Level 1:colcon.colcon_core.package_identification:_identify(src/wall_e_description) by extension 'ignore'
[0.137s] Level 1:colcon.colcon_core.package_identification:_identify(src/wall_e_description) by extension 'ignore_ament_install'
[0.138s] Level 1:colcon.colcon_core.package_identification:_identify(src/wall_e_description) by extensions ['colcon_pkg']
[0.138s] Level 1:colcon.colcon_core.package_identification:_identify(src/wall_e_description) by extension 'colcon_pkg'
[0.138s] Level 1:colcon.colcon_core.package_identification:_identify(src/wall_e_description) by extensions ['colcon_meta']
[0.138s] Level 1:colcon.colcon_core.package_identification:_identify(src/wall_e_description) by extension 'colcon_meta'
[0.138s] Level 1:colcon.colcon_core.package_identification:_identify(src/wall_e_description) by extensions ['ros']
[0.138s] Level 1:colcon.colcon_core.package_identification:_identify(src/wall_e_description) by extension 'ros'
[0.138s] DEBUG:colcon.colcon_core.package_identification:Package 'src/wall_e_description' with type 'ros.ament_cmake' and name 'wall_e_description'
[0.138s] Level 1:colcon.colcon_core.package_discovery:discover_packages(recursive) using defaults
[0.139s] Level 1:colcon.colcon_core.package_discovery:discover_packages(ignore) discover
[0.139s] Level 1:colcon.colcon_core.package_discovery:discover_packages(ignore) using defaults
[0.139s] Level 1:colcon.colcon_core.package_discovery:discover_packages(path) discover
[0.139s] Level 1:colcon.colcon_core.package_discovery:discover_packages(path) using defaults
[0.154s] Level 5:colcon.colcon_core.verb:set package 'custom_interfaces' build argument 'cmake_args' from command line to 'None'
[0.155s] Level 5:colcon.colcon_core.verb:set package 'custom_interfaces' build argument 'cmake_target' from command line to 'None'
[0.155s] Level 5:colcon.colcon_core.verb:set package 'custom_interfaces' build argument 'cmake_target_skip_unavailable' from command line to 'False'
[0.155s] Level 5:colcon.colcon_core.verb:set package 'custom_interfaces' build argument 'cmake_clean_cache' from command line to 'False'
[0.155s] Level 5:colcon.colcon_core.verb:set package 'custom_interfaces' build argument 'cmake_clean_first' from command line to 'False'
[0.155s] Level 5:colcon.colcon_core.verb:set package 'custom_interfaces' build argument 'cmake_force_configure' from command line to 'False'
[0.155s] Level 5:colcon.colcon_core.verb:set package 'custom_interfaces' build argument 'ament_cmake_args' from command line to 'None'
[0.155s] Level 5:colcon.colcon_core.verb:set package 'custom_interfaces' build argument 'catkin_cmake_args' from command line to 'None'
[0.155s] Level 5:colcon.colcon_core.verb:set package 'custom_interfaces' build argument 'catkin_skip_building_tests' from command line to 'False'
[0.155s] DEBUG:colcon.colcon_core.verb:Building package 'custom_interfaces' with the following arguments: {'ament_cmake_args': None, 'build_base': '/micro_ros_ws/wall_e_ws/build/custom_interfaces', 'catkin_cmake_args': None, 'catkin_skip_building_tests': False, 'cmake_args': None, 'cmake_clean_cache': False, 'cmake_clean_first': False, 'cmake_force_configure': False, 'cmake_target': None, 'cmake_target_skip_unavailable': False, 'install_base': '/micro_ros_ws/wall_e_ws/install/custom_interfaces', 'merge_install': False, 'path': '/micro_ros_ws/wall_e_ws/src/custom_interfaces', 'symlink_install': False, 'test_result_base': None}
[0.155s] Level 5:colcon.colcon_core.verb:set package 'feedback' build argument 'cmake_args' from command line to 'None'
[0.155s] Level 5:colcon.colcon_core.verb:set package 'feedback' build argument 'cmake_target' from command line to 'None'
[0.155s] Level 5:colcon.colcon_core.verb:set package 'feedback' build argument 'cmake_target_skip_unavailable' from command line to 'False'
[0.155s] Level 5:colcon.colcon_core.verb:set package 'feedback' build argument 'cmake_clean_cache' from command line to 'False'
[0.155s] Level 5:colcon.colcon_core.verb:set package 'feedback' build argument 'cmake_clean_first' from command line to 'False'
[0.155s] Level 5:colcon.colcon_core.verb:set package 'feedback' build argument 'cmake_force_configure' from command line to 'False'
[0.155s] Level 5:colcon.colcon_core.verb:set package 'feedback' build argument 'ament_cmake_args' from command line to 'None'
[0.155s] Level 5:colcon.colcon_core.verb:set package 'feedback' build argument 'catkin_cmake_args' from command line to 'None'
[0.155s] Level 5:colcon.colcon_core.verb:set package 'feedback' build argument 'catkin_skip_building_tests' from command line to 'False'
[0.155s] DEBUG:colcon.colcon_core.verb:Building package 'feedback' with the following arguments: {'ament_cmake_args': None, 'build_base': '/micro_ros_ws/wall_e_ws/build/feedback', 'catkin_cmake_args': None, 'catkin_skip_building_tests': False, 'cmake_args': None, 'cmake_clean_cache': False, 'cmake_clean_first': False, 'cmake_force_configure': False, 'cmake_target': None, 'cmake_target_skip_unavailable': False, 'install_base': '/micro_ros_ws/wall_e_ws/install/feedback', 'merge_install': False, 'path': '/micro_ros_ws/wall_e_ws/src/feedback', 'symlink_install': False, 'test_result_base': None}
[0.155s] Level 5:colcon.colcon_core.verb:set package 'localization' build argument 'cmake_args' from command line to 'None'
[0.155s] Level 5:colcon.colcon_core.verb:set package 'localization' build argument 'cmake_target' from command line to 'None'
[0.155s] Level 5:colcon.colcon_core.verb:set package 'localization' build argument 'cmake_target_skip_unavailable' from command line to 'False'
[0.156s] Level 5:colcon.colcon_core.verb:set package 'localization' build argument 'cmake_clean_cache' from command line to 'False'
[0.156s] Level 5:colcon.colcon_core.verb:set package 'localization' build argument 'cmake_clean_first' from command line to 'False'
[0.156s] Level 5:colcon.colcon_core.verb:set package 'localization' build argument 'cmake_force_configure' from command line to 'False'
[0.156s] Level 5:colcon.colcon_core.verb:set package 'localization' build argument 'ament_cmake_args' from command line to 'None'
[0.156s] Level 5:colcon.colcon_core.verb:set package 'localization' build argument 'catkin_cmake_args' from command line to 'None'
[0.156s] Level 5:colcon.colcon_core.verb:set package 'localization' build argument 'catkin_skip_building_tests' from command line to 'False'
[0.156s] DEBUG:colcon.colcon_core.verb:Building package 'localization' with the following arguments: {'ament_cmake_args': None, 'build_base': '/micro_ros_ws/wall_e_ws/build/localization', 'catkin_cmake_args': None, 'catkin_skip_building_tests': False, 'cmake_args': None, 'cmake_clean_cache': False, 'cmake_clean_first': False, 'cmake_force_configure': False, 'cmake_target': None, 'cmake_target_skip_unavailable': False, 'install_base': '/micro_ros_ws/wall_e_ws/install/localization', 'merge_install': False, 'path': '/micro_ros_ws/wall_e_ws/src/localization', 'symlink_install': False, 'test_result_base': None}
[0.156s] Level 5:colcon.colcon_core.verb:set package 'wall_e_description' build argument 'cmake_args' from command line to 'None'
[0.156s] Level 5:colcon.colcon_core.verb:set package 'wall_e_description' build argument 'cmake_target' from command line to 'None'
[0.156s] Level 5:colcon.colcon_core.verb:set package 'wall_e_description' build argument 'cmake_target_skip_unavailable' from command line to 'False'
[0.156s] Level 5:colcon.colcon_core.verb:set package 'wall_e_description' build argument 'cmake_clean_cache' from command line to 'False'
[0.156s] Level 5:colcon.colcon_core.verb:set package 'wall_e_description' build argument 'cmake_clean_first' from command line to 'False'
[0.156s] Level 5:colcon.colcon_core.verb:set package 'wall_e_description' build argument 'cmake_force_configure' from command line to 'False'
[0.156s] Level 5:colcon.colcon_core.verb:set package 'wall_e_description' build argument 'ament_cmake_args' from command line to 'None'
[0.156s] Level 5:colcon.colcon_core.verb:set package 'wall_e_description' build argument 'catkin_cmake_args' from command line to 'None'
[0.156s] Level 5:colcon.colcon_core.verb:set package 'wall_e_description' build argument 'catkin_skip_building_tests' from command line to 'False'
[0.156s] DEBUG:colcon.colcon_core.verb:Building package 'wall_e_description' with the following arguments: {'ament_cmake_args': None, 'build_base': '/micro_ros_ws/wall_e_ws/build/wall_e_description', 'catkin_cmake_args': None, 'catkin_skip_building_tests': False, 'cmake_args': None, 'cmake_clean_cache': False, 'cmake_clean_first': False, 'cmake_force_configure': False, 'cmake_target': None, 'cmake_target_skip_unavailable': False, 'install_base': '/micro_ros_ws/wall_e_ws/install/wall_e_description', 'merge_install': False, 'path': '/micro_ros_ws/wall_e_ws/src/wall_e_description', 'symlink_install': False, 'test_result_base': None}
[0.156s] Level 5:colcon.colcon_core.verb:set package 'control' build argument 'cmake_args' from command line to 'None'
[0.156s] Level 5:colcon.colcon_core.verb:set package 'control' build argument 'cmake_target' from command line to 'None'
[0.156s] Level 5:colcon.colcon_core.verb:set package 'control' build argument 'cmake_target_skip_unavailable' from command line to 'False'
[0.156s] Level 5:colcon.colcon_core.verb:set package 'control' build argument 'cmake_clean_cache' from command line to 'False'
[0.156s] Level 5:colcon.colcon_core.verb:set package 'control' build argument 'cmake_clean_first' from command line to 'False'
[0.156s] Level 5:colcon.colcon_core.verb:set package 'control' build argument 'cmake_force_configure' from command line to 'False'
[0.156s] Level 5:colcon.colcon_core.verb:set package 'control' build argument 'ament_cmake_args' from command line to 'None'
[0.156s] Level 5:colcon.colcon_core.verb:set package 'control' build argument 'catkin_cmake_args' from command line to 'None'
[0.156s] Level 5:colcon.colcon_core.verb:set package 'control' build argument 'catkin_skip_building_tests' from command line to 'False'
[0.157s] DEBUG:colcon.colcon_core.verb:Building package 'control' with the following arguments: {'ament_cmake_args': None, 'build_base': '/micro_ros_ws/wall_e_ws/build/control', 'catkin_cmake_args': None, 'catkin_skip_building_tests': False, 'cmake_args': None, 'cmake_clean_cache': False, 'cmake_clean_first': False, 'cmake_force_configure': False, 'cmake_target': None, 'cmake_target_skip_unavailable': False, 'install_base': '/micro_ros_ws/wall_e_ws/install/control', 'merge_install': False, 'path': '/micro_ros_ws/wall_e_ws/src/control', 'symlink_install': False, 'test_result_base': None}
[0.157s] INFO:colcon.colcon_core.executor:Executing jobs using 'parallel' executor
[0.157s] DEBUG:colcon.colcon_parallel_executor.executor.parallel:run_until_complete
[0.158s] INFO:colcon.colcon_ros.task.ament_cmake.build:Building ROS package in '/micro_ros_ws/wall_e_ws/src/custom_interfaces' with build type 'ament_cmake'
[0.158s] INFO:colcon.colcon_cmake.task.cmake.build:Building CMake package in '/micro_ros_ws/wall_e_ws/src/custom_interfaces'
[0.160s] INFO:colcon.colcon_core.plugin_system:Skipping extension 'colcon_core.shell.bat': Not used on non-Windows systems
[0.160s] INFO:colcon.colcon_core.shell:Skip shell extension 'powershell' for command environment: Not usable outside of PowerShell
[0.160s] DEBUG:colcon.colcon_core.shell:Skip shell extension 'dsv' for command environment
[0.162s] INFO:colcon.colcon_ros.task.ament_python.build:Building ROS package in '/micro_ros_ws/wall_e_ws/src/feedback' with build type 'ament_python'
[0.162s] Level 1:colcon.colcon_core.shell:create_environment_hook('feedback', 'ament_prefix_path')
[0.162s] INFO:colcon.colcon_core.shell:Creating environment hook '/micro_ros_ws/wall_e_ws/install/feedback/share/feedback/hook/ament_prefix_path.ps1'
[0.163s] INFO:colcon.colcon_core.shell:Creating environment descriptor '/micro_ros_ws/wall_e_ws/install/feedback/share/feedback/hook/ament_prefix_path.dsv'
[0.164s] INFO:colcon.colcon_core.shell:Creating environment hook '/micro_ros_ws/wall_e_ws/install/feedback/share/feedback/hook/ament_prefix_path.sh'
[0.164s] INFO:colcon.colcon_core.shell:Skip shell extension 'powershell' for command environment: Not usable outside of PowerShell
[0.164s] DEBUG:colcon.colcon_core.shell:Skip shell extension 'dsv' for command environment
[0.165s] INFO:colcon.colcon_ros.task.ament_python.build:Building ROS package in '/micro_ros_ws/wall_e_ws/src/localization' with build type 'ament_python'
[0.166s] Level 1:colcon.colcon_core.shell:create_environment_hook('localization', 'ament_prefix_path')
[0.166s] INFO:colcon.colcon_core.shell:Creating environment hook '/micro_ros_ws/wall_e_ws/install/localization/share/localization/hook/ament_prefix_path.ps1'
[0.167s] INFO:colcon.colcon_core.shell:Creating environment descriptor '/micro_ros_ws/wall_e_ws/install/localization/share/localization/hook/ament_prefix_path.dsv'
[0.167s] INFO:colcon.colcon_core.shell:Creating environment hook '/micro_ros_ws/wall_e_ws/install/localization/share/localization/hook/ament_prefix_path.sh'
[0.168s] INFO:colcon.colcon_core.shell:Skip shell extension 'powershell' for command environment: Not usable outside of PowerShell
[0.168s] DEBUG:colcon.colcon_core.shell:Skip shell extension 'dsv' for command environment
[0.169s] INFO:colcon.colcon_ros.task.ament_cmake.build:Building ROS package in '/micro_ros_ws/wall_e_ws/src/wall_e_description' with build type 'ament_cmake'
[0.169s] INFO:colcon.colcon_cmake.task.cmake.build:Building CMake package in '/micro_ros_ws/wall_e_ws/src/wall_e_description'
[0.169s] INFO:colcon.colcon_core.shell:Skip shell extension 'powershell' for command environment: Not usable outside of PowerShell
[0.169s] DEBUG:colcon.colcon_core.shell:Skip shell extension 'dsv' for command environment
[0.175s] DEBUG:colcon.colcon_core.event_handler.log_command:Invoking command in '/micro_ros_ws/wall_e_ws/build/custom_interfaces': /usr/bin/cmake --build /micro_ros_ws/wall_e_ws/build/custom_interfaces -- -j12 -l12
[0.316s] INFO:colcon.colcon_core.task.python.build:Building Python package in '/micro_ros_ws/wall_e_ws/src/feedback'
[0.316s] INFO:colcon.colcon_core.shell:Skip shell extension 'powershell' for command environment: Not usable outside of PowerShell
[0.316s] DEBUG:colcon.colcon_core.shell:Skip shell extension 'dsv' for command environment
[0.457s] INFO:colcon.colcon_core.task.python.build:Building Python package in '/micro_ros_ws/wall_e_ws/src/localization'
[0.458s] INFO:colcon.colcon_core.shell:Skip shell extension 'powershell' for command environment: Not usable outside of PowerShell
[0.458s] DEBUG:colcon.colcon_core.shell:Skip shell extension 'dsv' for command environment
[0.466s] DEBUG:colcon.colcon_core.event_handler.log_command:Invoking command in '/micro_ros_ws/wall_e_ws/build/wall_e_description': /usr/bin/cmake --build /micro_ros_ws/wall_e_ws/build/wall_e_description -- -j12 -l12
[0.466s] DEBUG:colcon.colcon_core.event_handler.log_command:Invoked command in '/micro_ros_ws/wall_e_ws/build/custom_interfaces' returned '0': /usr/bin/cmake --build /micro_ros_ws/wall_e_ws/build/custom_interfaces -- -j12 -l12
[0.473s] DEBUG:colcon.colcon_core.event_handler.log_command:Invoking command in '/micro_ros_ws/wall_e_ws/build/custom_interfaces': /usr/bin/cmake --install /micro_ros_ws/wall_e_ws/build/custom_interfaces
[0.505s] DEBUG:colcon.colcon_core.event_handler.log_command:Invoked command in '/micro_ros_ws/wall_e_ws/build/wall_e_description' returned '0': /usr/bin/cmake --build /micro_ros_ws/wall_e_ws/build/wall_e_description -- -j12 -l12
[0.507s] DEBUG:colcon.colcon_core.event_handler.log_command:Invoking command in '/micro_ros_ws/wall_e_ws/build/wall_e_description': /usr/bin/cmake --install /micro_ros_ws/wall_e_ws/build/wall_e_description
[0.533s] Level 1:colcon.colcon_core.environment:create_environment_scripts_only(wall_e_description)
[0.534s] DEBUG:colcon.colcon_core.event_handler.log_command:Invoked command in '/micro_ros_ws/wall_e_ws/build/wall_e_description' returned '0': /usr/bin/cmake --install /micro_ros_ws/wall_e_ws/build/wall_e_description
[0.535s] Level 1:colcon.colcon_core.environment:checking '/micro_ros_ws/wall_e_ws/install/wall_e_description' for CMake module files
[0.539s] Level 1:colcon.colcon_core.environment:checking '/micro_ros_ws/wall_e_ws/install/wall_e_description' for CMake config files
[0.542s] Level 1:colcon.colcon_core.shell:create_environment_hook('wall_e_description', 'cmake_prefix_path')
[0.542s] INFO:colcon.colcon_core.shell:Creating environment hook '/micro_ros_ws/wall_e_ws/install/wall_e_description/share/wall_e_description/hook/cmake_prefix_path.ps1'
[0.543s] INFO:colcon.colcon_core.shell:Creating environment descriptor '/micro_ros_ws/wall_e_ws/install/wall_e_description/share/wall_e_description/hook/cmake_prefix_path.dsv'
[0.544s] INFO:colcon.colcon_core.shell:Creating environment hook '/micro_ros_ws/wall_e_ws/install/wall_e_description/share/wall_e_description/hook/cmake_prefix_path.sh'
[0.545s] Level 1:colcon.colcon_core.environment:checking '/micro_ros_ws/wall_e_ws/install/wall_e_description/bin'
[0.545s] Level 1:colcon.colcon_core.environment:checking '/micro_ros_ws/wall_e_ws/install/wall_e_description/lib/pkgconfig/wall_e_description.pc'
[0.546s] Level 1:colcon.colcon_core.environment:checking '/micro_ros_ws/wall_e_ws/install/wall_e_description/lib/python3.10/site-packages'
[0.546s] Level 1:colcon.colcon_core.environment:checking '/micro_ros_ws/wall_e_ws/install/wall_e_description/bin'
[0.546s] INFO:colcon.colcon_core.shell:Creating package script '/micro_ros_ws/wall_e_ws/install/wall_e_description/share/wall_e_description/package.ps1'
[0.548s] INFO:colcon.colcon_core.shell:Creating package descriptor '/micro_ros_ws/wall_e_ws/install/wall_e_description/share/wall_e_description/package.dsv'
[0.548s] INFO:colcon.colcon_core.shell:Creating package script '/micro_ros_ws/wall_e_ws/install/wall_e_description/share/wall_e_description/package.sh'
[0.549s] INFO:colcon.colcon_core.shell:Creating package script '/micro_ros_ws/wall_e_ws/install/wall_e_description/share/wall_e_description/package.bash'
[0.550s] INFO:colcon.colcon_core.shell:Creating package script '/micro_ros_ws/wall_e_ws/install/wall_e_description/share/wall_e_description/package.zsh'
[0.551s] Level 1:colcon.colcon_core.environment:create_file_with_runtime_dependencies(/micro_ros_ws/wall_e_ws/install/wall_e_description/share/colcon-core/packages/wall_e_description)
[0.552s] Level 1:colcon.colcon_core.environment:create_environment_scripts_only(wall_e_description)
[0.552s] Level 1:colcon.colcon_core.environment:checking '/micro_ros_ws/wall_e_ws/install/wall_e_description' for CMake module files
[0.555s] Level 1:colcon.colcon_core.environment:checking '/micro_ros_ws/wall_e_ws/install/wall_e_description' for CMake config files
[0.557s] Level 1:colcon.colcon_core.shell:create_environment_hook('wall_e_description', 'cmake_prefix_path')
[0.557s] INFO:colcon.colcon_core.shell:Creating environment hook '/micro_ros_ws/wall_e_ws/install/wall_e_description/share/wall_e_description/hook/cmake_prefix_path.ps1'
[0.558s] INFO:colcon.colcon_core.shell:Creating environment descriptor '/micro_ros_ws/wall_e_ws/install/wall_e_description/share/wall_e_description/hook/cmake_prefix_path.dsv'
[0.559s] INFO:colcon.colcon_core.shell:Creating environment hook '/micro_ros_ws/wall_e_ws/install/wall_e_description/share/wall_e_description/hook/cmake_prefix_path.sh'
[0.560s] Level 1:colcon.colcon_core.environment:checking '/micro_ros_ws/wall_e_ws/install/wall_e_description/bin'
[0.560s] Level 1:colcon.colcon_core.environment:checking '/micro_ros_ws/wall_e_ws/install/wall_e_description/lib/pkgconfig/wall_e_description.pc'
[0.560s] Level 1:colcon.colcon_core.environment:checking '/micro_ros_ws/wall_e_ws/install/wall_e_description/lib/python3.10/site-packages'
[0.561s] Level 1:colcon.colcon_core.environment:checking '/micro_ros_ws/wall_e_ws/install/wall_e_description/bin'
[0.561s] INFO:colcon.colcon_core.shell:Creating package script '/micro_ros_ws/wall_e_ws/install/wall_e_description/share/wall_e_description/package.ps1'
[0.562s] INFO:colcon.colcon_core.shell:Creating package descriptor '/micro_ros_ws/wall_e_ws/install/wall_e_description/share/wall_e_description/package.dsv'
[0.562s] INFO:colcon.colcon_core.shell:Creating package script '/micro_ros_ws/wall_e_ws/install/wall_e_description/share/wall_e_description/package.sh'
[0.563s] INFO:colcon.colcon_core.shell:Creating package script '/micro_ros_ws/wall_e_ws/install/wall_e_description/share/wall_e_description/package.bash'
[0.563s] INFO:colcon.colcon_core.shell:Creating package script '/micro_ros_ws/wall_e_ws/install/wall_e_description/share/wall_e_description/package.zsh'
[0.564s] Level 1:colcon.colcon_core.environment:create_file_with_runtime_dependencies(/micro_ros_ws/wall_e_ws/install/wall_e_description/share/colcon-core/packages/wall_e_description)
[0.635s] Level 1:colcon.colcon_core.environment:create_environment_scripts_only(custom_interfaces)
[0.635s] Level 1:colcon.colcon_core.environment:checking '/micro_ros_ws/wall_e_ws/install/custom_interfaces' for CMake module files
[0.635s] DEBUG:colcon.colcon_core.event_handler.log_command:Invoked command in '/micro_ros_ws/wall_e_ws/build/custom_interfaces' returned '0': /usr/bin/cmake --install /micro_ros_ws/wall_e_ws/build/custom_interfaces
[0.638s] Level 1:colcon.colcon_core.environment:checking '/micro_ros_ws/wall_e_ws/install/custom_interfaces' for CMake config files
[0.641s] Level 1:colcon.colcon_core.shell:create_environment_hook('custom_interfaces', 'cmake_prefix_path')
[0.642s] INFO:colcon.colcon_core.shell:Creating environment hook '/micro_ros_ws/wall_e_ws/install/custom_interfaces/share/custom_interfaces/hook/cmake_prefix_path.ps1'
[0.642s] INFO:colcon.colcon_core.shell:Creating environment descriptor '/micro_ros_ws/wall_e_ws/install/custom_interfaces/share/custom_interfaces/hook/cmake_prefix_path.dsv'
[0.643s] INFO:colcon.colcon_core.shell:Creating environment hook '/micro_ros_ws/wall_e_ws/install/custom_interfaces/share/custom_interfaces/hook/cmake_prefix_path.sh'
[0.644s] Level 1:colcon.colcon_core.environment:checking '/micro_ros_ws/wall_e_ws/install/custom_interfaces/lib'
[0.644s] Level 1:colcon.colcon_core.shell:create_environment_hook('custom_interfaces', 'ld_library_path_lib')
[0.644s] INFO:colcon.colcon_core.shell:Creating environment hook '/micro_ros_ws/wall_e_ws/install/custom_interfaces/share/custom_interfaces/hook/ld_library_path_lib.ps1'
[0.645s] INFO:colcon.colcon_core.shell:Creating environment descriptor '/micro_ros_ws/wall_e_ws/install/custom_interfaces/share/custom_interfaces/hook/ld_library_path_lib.dsv'
[0.645s] INFO:colcon.colcon_core.shell:Creating environment hook '/micro_ros_ws/wall_e_ws/install/custom_interfaces/share/custom_interfaces/hook/ld_library_path_lib.sh'
[0.646s] Level 1:colcon.colcon_core.environment:checking '/micro_ros_ws/wall_e_ws/install/custom_interfaces/bin'
[0.646s] Level 1:colcon.colcon_core.environment:checking '/micro_ros_ws/wall_e_ws/install/custom_interfaces/lib/pkgconfig/custom_interfaces.pc'
[0.646s] Level 1:colcon.colcon_core.environment:checking '/micro_ros_ws/wall_e_ws/install/custom_interfaces/lib/python3.10/site-packages'
[0.646s] Level 1:colcon.colcon_core.environment:checking '/micro_ros_ws/wall_e_ws/install/custom_interfaces/bin'
[0.647s] INFO:colcon.colcon_core.shell:Creating package script '/micro_ros_ws/wall_e_ws/install/custom_interfaces/share/custom_interfaces/package.ps1'
[0.647s] INFO:colcon.colcon_core.shell:Creating package descriptor '/micro_ros_ws/wall_e_ws/install/custom_interfaces/share/custom_interfaces/package.dsv'
[0.648s] INFO:colcon.colcon_core.shell:Creating package script '/micro_ros_ws/wall_e_ws/install/custom_interfaces/share/custom_interfaces/package.sh'
[0.648s] INFO:colcon.colcon_core.shell:Creating package script '/micro_ros_ws/wall_e_ws/install/custom_interfaces/share/custom_interfaces/package.bash'
[0.649s] INFO:colcon.colcon_core.shell:Creating package script '/micro_ros_ws/wall_e_ws/install/custom_interfaces/share/custom_interfaces/package.zsh'
[0.649s] Level 1:colcon.colcon_core.environment:create_file_with_runtime_dependencies(/micro_ros_ws/wall_e_ws/install/custom_interfaces/share/colcon-core/packages/custom_interfaces)
[0.650s] Level 1:colcon.colcon_core.environment:create_environment_scripts_only(custom_interfaces)
[0.650s] Level 1:colcon.colcon_core.environment:checking '/micro_ros_ws/wall_e_ws/install/custom_interfaces' for CMake module files
[0.653s] Level 1:colcon.colcon_core.environment:checking '/micro_ros_ws/wall_e_ws/install/custom_interfaces' for CMake config files
[0.656s] Level 1:colcon.colcon_core.shell:create_environment_hook('custom_interfaces', 'cmake_prefix_path')
[0.656s] INFO:colcon.colcon_core.shell:Creating environment hook '/micro_ros_ws/wall_e_ws/install/custom_interfaces/share/custom_interfaces/hook/cmake_prefix_path.ps1'
[0.657s] INFO:colcon.colcon_core.shell:Creating environment descriptor '/micro_ros_ws/wall_e_ws/install/custom_interfaces/share/custom_interfaces/hook/cmake_prefix_path.dsv'
[0.657s] INFO:colcon.colcon_core.shell:Creating environment hook '/micro_ros_ws/wall_e_ws/install/custom_interfaces/share/custom_interfaces/hook/cmake_prefix_path.sh'
[0.658s] Level 1:colcon.colcon_core.environment:checking '/micro_ros_ws/wall_e_ws/install/custom_interfaces/lib'
[0.658s] Level 1:colcon.colcon_core.shell:create_environment_hook('custom_interfaces', 'ld_library_path_lib')
[0.659s] INFO:colcon.colcon_core.shell:Creating environment hook '/micro_ros_ws/wall_e_ws/install/custom_interfaces/share/custom_interfaces/hook/ld_library_path_lib.ps1'
[0.659s] INFO:colcon.colcon_core.shell:Creating environment descriptor '/micro_ros_ws/wall_e_ws/install/custom_interfaces/share/custom_interfaces/hook/ld_library_path_lib.dsv'
[0.660s] INFO:colcon.colcon_core.shell:Creating environment hook '/micro_ros_ws/wall_e_ws/install/custom_interfaces/share/custom_interfaces/hook/ld_library_path_lib.sh'
[0.660s] Level 1:colcon.colcon_core.environment:checking '/micro_ros_ws/wall_e_ws/install/custom_interfaces/bin'
[0.660s] Level 1:colcon.colcon_core.environment:checking '/micro_ros_ws/wall_e_ws/install/custom_interfaces/lib/pkgconfig/custom_interfaces.pc'
[0.661s] Level 1:colcon.colcon_core.environment:checking '/micro_ros_ws/wall_e_ws/install/custom_interfaces/lib/python3.10/site-packages'
[0.661s] Level 1:colcon.colcon_core.environment:checking '/micro_ros_ws/wall_e_ws/install/custom_interfaces/bin'
[0.661s] INFO:colcon.colcon_core.shell:Creating package script '/micro_ros_ws/wall_e_ws/install/custom_interfaces/share/custom_interfaces/package.ps1'
[0.662s] INFO:colcon.colcon_core.shell:Creating package descriptor '/micro_ros_ws/wall_e_ws/install/custom_interfaces/share/custom_interfaces/package.dsv'
[0.663s] INFO:colcon.colcon_core.shell:Creating package script '/micro_ros_ws/wall_e_ws/install/custom_interfaces/share/custom_interfaces/package.sh'
[0.664s] INFO:colcon.colcon_core.shell:Creating package script '/micro_ros_ws/wall_e_ws/install/custom_interfaces/share/custom_interfaces/package.bash'
[0.664s] INFO:colcon.colcon_core.shell:Creating package script '/micro_ros_ws/wall_e_ws/install/custom_interfaces/share/custom_interfaces/package.zsh'
[0.665s] Level 1:colcon.colcon_core.environment:create_file_with_runtime_dependencies(/micro_ros_ws/wall_e_ws/install/custom_interfaces/share/colcon-core/packages/custom_interfaces)
[0.665s] INFO:colcon.colcon_ros.task.ament_python.build:Building ROS package in '/micro_ros_ws/wall_e_ws/src/control' with build type 'ament_python'
[0.665s] Level 1:colcon.colcon_core.shell:create_environment_hook('control', 'ament_prefix_path')
[0.666s] INFO:colcon.colcon_core.shell:Creating environment hook '/micro_ros_ws/wall_e_ws/install/control/share/control/hook/ament_prefix_path.ps1'
[0.667s] INFO:colcon.colcon_core.shell:Creating environment descriptor '/micro_ros_ws/wall_e_ws/install/control/share/control/hook/ament_prefix_path.dsv'
[0.667s] INFO:colcon.colcon_core.shell:Creating environment hook '/micro_ros_ws/wall_e_ws/install/control/share/control/hook/ament_prefix_path.sh'
[0.668s] INFO:colcon.colcon_core.shell:Skip shell extension 'powershell' for command environment: Not usable outside of PowerShell
[0.668s] DEBUG:colcon.colcon_core.shell:Skip shell extension 'dsv' for command environment
[0.829s] INFO:colcon.colcon_core.task.python.build:Building Python package in '/micro_ros_ws/wall_e_ws/src/control'
[0.829s] INFO:colcon.colcon_core.shell:Skip shell extension 'powershell' for command environment: Not usable outside of PowerShell
[0.829s] DEBUG:colcon.colcon_core.shell:Skip shell extension 'dsv' for command environment
[0.833s] DEBUG:colcon.colcon_core.event_handler.log_command:Invoking command in '/micro_ros_ws/wall_e_ws/src/localization': PYTHONPATH=/micro_ros_ws/wall_e_ws/build/localization/prefix_override:/usr/lib/python3/dist-packages/colcon_core/task/python/colcon_distutils_commands:/micro_ros_ws/wall_e_ws/install/localization/lib/python3.10/site-packages: /usr/bin/python3 -W ignore:setup.py install is deprecated -W ignore:easy_install command is deprecated setup.py egg_info --egg-base ../../build/localization build --build-base /micro_ros_ws/wall_e_ws/build/localization/build install --record /micro_ros_ws/wall_e_ws/build/localization/install.log --single-version-externally-managed install_data
[0.835s] DEBUG:colcon.colcon_core.event_handler.log_command:Invoking command in '/micro_ros_ws/wall_e_ws/src/feedback': PYTHONPATH=/micro_ros_ws/wall_e_ws/build/feedback/prefix_override:/usr/lib/python3/dist-packages/colcon_core/task/python/colcon_distutils_commands:/micro_ros_ws/wall_e_ws/install/feedback/lib/python3.10/site-packages: /usr/bin/python3 -W ignore:setup.py install is deprecated -W ignore:easy_install command is deprecated setup.py egg_info --egg-base ../../build/feedback build --build-base /micro_ros_ws/wall_e_ws/build/feedback/build install --record /micro_ros_ws/wall_e_ws/build/feedback/install.log --single-version-externally-managed install_data
[1.048s] Level 1:colcon.colcon_core.environment:checking '/micro_ros_ws/wall_e_ws/install/feedback' for CMake module files
[1.049s] DEBUG:colcon.colcon_core.event_handler.log_command:Invoked command in '/micro_ros_ws/wall_e_ws/src/feedback' returned '0': PYTHONPATH=/micro_ros_ws/wall_e_ws/build/feedback/prefix_override:/usr/lib/python3/dist-packages/colcon_core/task/python/colcon_distutils_commands:/micro_ros_ws/wall_e_ws/install/feedback/lib/python3.10/site-packages: /usr/bin/python3 -W ignore:setup.py install is deprecated -W ignore:easy_install command is deprecated setup.py egg_info --egg-base ../../build/feedback build --build-base /micro_ros_ws/wall_e_ws/build/feedback/build install --record /micro_ros_ws/wall_e_ws/build/feedback/install.log --single-version-externally-managed install_data
[1.051s] Level 1:colcon.colcon_core.environment:checking '/micro_ros_ws/wall_e_ws/install/feedback' for CMake config files
[1.054s] Level 1:colcon.colcon_core.environment:checking '/micro_ros_ws/wall_e_ws/install/feedback/lib'
[1.055s] Level 1:colcon.colcon_core.environment:checking '/micro_ros_ws/wall_e_ws/install/feedback/bin'
[1.055s] Level 1:colcon.colcon_core.environment:checking '/micro_ros_ws/wall_e_ws/install/feedback/lib/pkgconfig/feedback.pc'
[1.055s] Level 1:colcon.colcon_core.environment:checking '/micro_ros_ws/wall_e_ws/install/feedback/lib/python3.10/site-packages'
[1.055s] Level 1:colcon.colcon_core.shell:create_environment_hook('feedback', 'pythonpath')
[1.056s] INFO:colcon.colcon_core.shell:Creating environment hook '/micro_ros_ws/wall_e_ws/install/feedback/share/feedback/hook/pythonpath.ps1'
[1.057s] INFO:colcon.colcon_core.shell:Creating environment descriptor '/micro_ros_ws/wall_e_ws/install/feedback/share/feedback/hook/pythonpath.dsv'
[1.057s] INFO:colcon.colcon_core.shell:Creating environment hook '/micro_ros_ws/wall_e_ws/install/feedback/share/feedback/hook/pythonpath.sh'
[1.059s] Level 1:colcon.colcon_core.environment:checking '/micro_ros_ws/wall_e_ws/install/feedback/bin'
[1.059s] Level 1:colcon.colcon_core.environment:create_environment_scripts_only(feedback)
[1.060s] INFO:colcon.colcon_core.shell:Creating package script '/micro_ros_ws/wall_e_ws/install/feedback/share/feedback/package.ps1'
[1.061s] INFO:colcon.colcon_core.shell:Creating package descriptor '/micro_ros_ws/wall_e_ws/install/feedback/share/feedback/package.dsv'
[1.062s] INFO:colcon.colcon_core.shell:Creating package script '/micro_ros_ws/wall_e_ws/install/feedback/share/feedback/package.sh'
[1.063s] INFO:colcon.colcon_core.shell:Creating package script '/micro_ros_ws/wall_e_ws/install/feedback/share/feedback/package.bash'
[1.063s] INFO:colcon.colcon_core.shell:Creating package script '/micro_ros_ws/wall_e_ws/install/feedback/share/feedback/package.zsh'
[1.063s] Level 1:colcon.colcon_core.environment:create_file_with_runtime_dependencies(/micro_ros_ws/wall_e_ws/install/feedback/share/colcon-core/packages/feedback)
[1.065s] Level 1:colcon.colcon_core.environment:checking '/micro_ros_ws/wall_e_ws/install/localization' for CMake module files
[1.066s] DEBUG:colcon.colcon_core.event_handler.log_command:Invoked command in '/micro_ros_ws/wall_e_ws/src/localization' returned '0': PYTHONPATH=/micro_ros_ws/wall_e_ws/build/localization/prefix_override:/usr/lib/python3/dist-packages/colcon_core/task/python/colcon_distutils_commands:/micro_ros_ws/wall_e_ws/install/localization/lib/python3.10/site-packages: /usr/bin/python3 -W ignore:setup.py install is deprecated -W ignore:easy_install command is deprecated setup.py egg_info --egg-base ../../build/localization build --build-base /micro_ros_ws/wall_e_ws/build/localization/build install --record /micro_ros_ws/wall_e_ws/build/localization/install.log --single-version-externally-managed install_data
[1.068s] Level 1:colcon.colcon_core.environment:checking '/micro_ros_ws/wall_e_ws/install/localization' for CMake config files
[1.070s] Level 1:colcon.colcon_core.environment:checking '/micro_ros_ws/wall_e_ws/install/localization/lib'
[1.070s] Level 1:colcon.colcon_core.environment:checking '/micro_ros_ws/wall_e_ws/install/localization/bin'
[1.071s] Level 1:colcon.colcon_core.environment:checking '/micro_ros_ws/wall_e_ws/install/localization/lib/pkgconfig/localization.pc'
[1.071s] Level 1:colcon.colcon_core.environment:checking '/micro_ros_ws/wall_e_ws/install/localization/lib/python3.10/site-packages'
[1.071s] Level 1:colcon.colcon_core.shell:create_environment_hook('localization', 'pythonpath')
[1.072s] INFO:colcon.colcon_core.shell:Creating environment hook '/micro_ros_ws/wall_e_ws/install/localization/share/localization/hook/pythonpath.ps1'
[1.073s] INFO:colcon.colcon_core.shell:Creating environment descriptor '/micro_ros_ws/wall_e_ws/install/localization/share/localization/hook/pythonpath.dsv'
[1.073s] INFO:colcon.colcon_core.shell:Creating environment hook '/micro_ros_ws/wall_e_ws/install/localization/share/localization/hook/pythonpath.sh'
[1.075s] Level 1:colcon.colcon_core.environment:checking '/micro_ros_ws/wall_e_ws/install/localization/bin'
[1.075s] Level 1:colcon.colcon_core.environment:create_environment_scripts_only(localization)
[1.075s] INFO:colcon.colcon_core.shell:Creating package script '/micro_ros_ws/wall_e_ws/install/localization/share/localization/package.ps1'
[1.077s] INFO:colcon.colcon_core.shell:Creating package descriptor '/micro_ros_ws/wall_e_ws/install/localization/share/localization/package.dsv'
[1.078s] INFO:colcon.colcon_core.shell:Creating package script '/micro_ros_ws/wall_e_ws/install/localization/share/localization/package.sh'
[1.079s] INFO:colcon.colcon_core.shell:Creating package script '/micro_ros_ws/wall_e_ws/install/localization/share/localization/package.bash'
[1.079s] INFO:colcon.colcon_core.shell:Creating package script '/micro_ros_ws/wall_e_ws/install/localization/share/localization/package.zsh'
[1.080s] Level 1:colcon.colcon_core.environment:create_file_with_runtime_dependencies(/micro_ros_ws/wall_e_ws/install/localization/share/colcon-core/packages/localization)
[1.093s] DEBUG:colcon.colcon_core.event_handler.log_command:Invoking command in '/micro_ros_ws/wall_e_ws/src/control': AMENT_PREFIX_PATH=/micro_ros_ws/wall_e_ws/install/custom_interfaces CMAKE_PREFIX_PATH=/micro_ros_ws/wall_e_ws/install/custom_interfaces LD_LIBRARY_PATH=/micro_ros_ws/wall_e_ws/install/custom_interfaces/lib PYTHONPATH=/micro_ros_ws/wall_e_ws/build/control/prefix_override:/usr/lib/python3/dist-packages/colcon_core/task/python/colcon_distutils_commands:/micro_ros_ws/wall_e_ws/install/control/lib/python3.10/site-packages:/micro_ros_ws/wall_e_ws/install/custom_interfaces/local/lib/python3.10/dist-packages /usr/bin/python3 -W ignore:setup.py install is deprecated -W ignore:easy_install command is deprecated setup.py egg_info --egg-base ../../build/control build --build-base /micro_ros_ws/wall_e_ws/build/control/build install --record /micro_ros_ws/wall_e_ws/build/control/install.log --single-version-externally-managed install_data
[1.262s] Level 1:colcon.colcon_core.environment:checking '/micro_ros_ws/wall_e_ws/install/control' for CMake module files
[1.262s] DEBUG:colcon.colcon_core.event_handler.log_command:Invoked command in '/micro_ros_ws/wall_e_ws/src/control' returned '0': AMENT_PREFIX_PATH=/micro_ros_ws/wall_e_ws/install/custom_interfaces CMAKE_PREFIX_PATH=/micro_ros_ws/wall_e_ws/install/custom_interfaces LD_LIBRARY_PATH=/micro_ros_ws/wall_e_ws/install/custom_interfaces/lib PYTHONPATH=/micro_ros_ws/wall_e_ws/build/control/prefix_override:/usr/lib/python3/dist-packages/colcon_core/task/python/colcon_distutils_commands:/micro_ros_ws/wall_e_ws/install/control/lib/python3.10/site-packages:/micro_ros_ws/wall_e_ws/install/custom_interfaces/local/lib/python3.10/dist-packages /usr/bin/python3 -W ignore:setup.py install is deprecated -W ignore:easy_install command is deprecated setup.py egg_info --egg-base ../../build/control build --build-base /micro_ros_ws/wall_e_ws/build/control/build install --record /micro_ros_ws/wall_e_ws/build/control/install.log --single-version-externally-managed install_data
[1.263s] Level 1:colcon.colcon_core.environment:checking '/micro_ros_ws/wall_e_ws/install/control' for CMake config files
[1.264s] Level 1:colcon.colcon_core.environment:checking '/micro_ros_ws/wall_e_ws/install/control/lib'
[1.264s] Level 1:colcon.colcon_core.environment:checking '/micro_ros_ws/wall_e_ws/install/control/bin'
[1.264s] Level 1:colcon.colcon_core.environment:checking '/micro_ros_ws/wall_e_ws/install/control/lib/pkgconfig/control.pc'
[1.265s] Level 1:colcon.colcon_core.environment:checking '/micro_ros_ws/wall_e_ws/install/control/lib/python3.10/site-packages'
[1.265s] Level 1:colcon.colcon_core.shell:create_environment_hook('control', 'pythonpath')
[1.265s] INFO:colcon.colcon_core.shell:Creating environment hook '/micro_ros_ws/wall_e_ws/install/control/share/control/hook/pythonpath.ps1'
[1.265s] INFO:colcon.colcon_core.shell:Creating environment descriptor '/micro_ros_ws/wall_e_ws/install/control/share/control/hook/pythonpath.dsv'
[1.266s] INFO:colcon.colcon_core.shell:Creating environment hook '/micro_ros_ws/wall_e_ws/install/control/share/control/hook/pythonpath.sh'
[1.266s] Level 1:colcon.colcon_core.environment:checking '/micro_ros_ws/wall_e_ws/install/control/bin'
[1.266s] Level 1:colcon.colcon_core.environment:create_environment_scripts_only(control)
[1.267s] INFO:colcon.colcon_core.shell:Creating package script '/micro_ros_ws/wall_e_ws/install/control/share/control/package.ps1'
[1.267s] INFO:colcon.colcon_core.shell:Creating package descriptor '/micro_ros_ws/wall_e_ws/install/control/share/control/package.dsv'
[1.268s] INFO:colcon.colcon_core.shell:Creating package script '/micro_ros_ws/wall_e_ws/install/control/share/control/package.sh'
[1.268s] INFO:colcon.colcon_core.shell:Creating package script '/micro_ros_ws/wall_e_ws/install/control/share/control/package.bash'
[1.268s] INFO:colcon.colcon_core.shell:Creating package script '/micro_ros_ws/wall_e_ws/install/control/share/control/package.zsh'
[1.269s] Level 1:colcon.colcon_core.environment:create_file_with_runtime_dependencies(/micro_ros_ws/wall_e_ws/install/control/share/colcon-core/packages/control)
[1.269s] DEBUG:colcon.colcon_parallel_executor.executor.parallel:closing loop
[1.269s] DEBUG:colcon.colcon_parallel_executor.executor.parallel:loop closed
[1.269s] DEBUG:colcon.colcon_parallel_executor.executor.parallel:run_until_complete finished with '0'
[1.269s] DEBUG:colcon.colcon_core.event_reactor:joining thread
[1.274s] INFO:colcon.colcon_core.plugin_system:Skipping extension 'colcon_notification.desktop_notification.notify_send': Could not find 'notify-send'
[1.274s] INFO:colcon.colcon_core.plugin_system:Skipping extension 'colcon_notification.desktop_notification.terminal_notifier': Not used on non-Darwin systems
[1.274s] INFO:colcon.colcon_core.plugin_system:Skipping extension 'colcon_notification.desktop_notification.win32': Not used on non-Windows systems
[1.274s] INFO:colcon.colcon_notification.desktop_notification:Sending desktop notification using 'notify2'
[1.274s] DEBUG:colcon.colcon_notification.desktop_notification.notify2:Failed to initialize notify2: org.freedesktop.DBus.Error.NotSupported: Unable to autolaunch a dbus-daemon without a $DISPLAY for X11
[1.274s] DEBUG:colcon.colcon_core.event_reactor:joined thread
[1.274s] INFO:colcon.colcon_core.shell:Creating prefix script '/micro_ros_ws/wall_e_ws/install/local_setup.ps1'
[1.276s] INFO:colcon.colcon_core.shell:Creating prefix util module '/micro_ros_ws/wall_e_ws/install/_local_setup_util_ps1.py'
[1.278s] INFO:colcon.colcon_core.shell:Creating prefix chain script '/micro_ros_ws/wall_e_ws/install/setup.ps1'
[1.279s] INFO:colcon.colcon_core.shell:Creating prefix script '/micro_ros_ws/wall_e_ws/install/local_setup.sh'
[1.279s] INFO:colcon.colcon_core.shell:Creating prefix util module '/micro_ros_ws/wall_e_ws/install/_local_setup_util_sh.py'
[1.280s] INFO:colcon.colcon_core.shell:Creating prefix chain script '/micro_ros_ws/wall_e_ws/install/setup.sh'
[1.282s] INFO:colcon.colcon_core.shell:Creating prefix script '/micro_ros_ws/wall_e_ws/install/local_setup.bash'
[1.282s] INFO:colcon.colcon_core.shell:Creating prefix chain script '/micro_ros_ws/wall_e_ws/install/setup.bash'
[1.283s] INFO:colcon.colcon_core.shell:Creating prefix script '/micro_ros_ws/wall_e_ws/install/local_setup.zsh'
[1.283s] INFO:colcon.colcon_core.shell:Creating prefix chain script '/micro_ros_ws/wall_e_ws/install/setup.zsh'
