[1.081s] Invoking command in '/micro_ros_ws/firmware/mcu_ws/build/rcl': AMENT_PREFIX_PATH=/micro_ros_ws/firmware/mcu_ws/install:${AMENT_PREFIX_PATH} CMAKE_PREFIX_PATH=/micro_ros_ws/firmware/mcu_ws/install:/micro_ros_ws/firmware/dev_ws/install/ament_lint_common:/micro_ros_ws/firmware/dev_ws/install/ament_cmake_uncrustify:/micro_ros_ws/firmware/dev_ws/install/uncrustify_vendor:/micro_ros_ws/firmware/dev_ws/install/ament_cmake_ros:/micro_ros_ws/firmware/dev_ws/install/ament_cmake_auto:/micro_ros_ws/firmware/dev_ws/install/ament_cmake_gmock:/micro_ros_ws/firmware/dev_ws/install/gmock_vendor:/micro_ros_ws/firmware/dev_ws/install/ament_cmake_gtest:/micro_ros_ws/firmware/dev_ws/install/gtest_vendor:/micro_ros_ws/firmware/dev_ws/install/ament_cmake_xmllint:/micro_ros_ws/firmware/dev_ws/install/ament_cmake_pyflakes:/micro_ros_ws/firmware/dev_ws/install/ament_cmake_pycodestyle:/micro_ros_ws/firmware/dev_ws/install/ament_cmake_pep257:/micro_ros_ws/firmware/dev_ws/install/ament_cmake_pclint:/micro_ros_ws/firmware/dev_ws/install/ament_lint_auto:/micro_ros_ws/firmware/dev_ws/install/ament_cmake:/micro_ros_ws/firmware/dev_ws/install/ament_cmake_version:/micro_ros_ws/firmware/dev_ws/install/ament_cmake_vendor_package:/micro_ros_ws/firmware/dev_ws/install/ament_cmake_pytest:/micro_ros_ws/firmware/dev_ws/install/ament_cmake_nose:/micro_ros_ws/firmware/dev_ws/install/ament_cmake_mypy:/micro_ros_ws/firmware/dev_ws/install/ament_cmake_lint_cmake:/micro_ros_ws/firmware/dev_ws/install/ament_cmake_google_benchmark:/micro_ros_ws/firmware/dev_ws/install/ament_cmake_flake8:/micro_ros_ws/firmware/dev_ws/install/ament_cmake_cpplint:/micro_ros_ws/firmware/dev_ws/install/ament_cmake_cppcheck:/micro_ros_ws/firmware/dev_ws/install/ament_cmake_copyright:/micro_ros_ws/firmware/dev_ws/install/ament_cmake_clang_tidy:/micro_ros_ws/firmware/dev_ws/install/ament_cmake_clang_format:/micro_ros_ws/firmware/dev_ws/install/ament_cmake_test:/micro_ros_ws/firmware/dev_ws/install/ament_cmake_target_dependencies:/micro_ros_ws/firmware/dev_ws/install/ament_cmake_python:/micro_ros_ws/firmware/dev_ws/install/ament_cmake_export_dependencies:/micro_ros_ws/firmware/dev_ws/install/ament_cmake_libraries:/micro_ros_ws/firmware/dev_ws/install/ament_cmake_include_directories:/micro_ros_ws/firmware/dev_ws/install/ament_cmake_gen_version_h:/micro_ros_ws/firmware/dev_ws/install/ament_cmake_export_targets:/micro_ros_ws/firmware/dev_ws/install/ament_cmake_export_link_flags:/micro_ros_ws/firmware/dev_ws/install/ament_cmake_export_interfaces:/micro_ros_ws/firmware/dev_ws/install/ament_cmake_export_libraries:/micro_ros_ws/firmware/dev_ws/install/ament_cmake_export_include_directories:/micro_ros_ws/firmware/dev_ws/install/ament_cmake_export_definitions:/micro_ros_ws/firmware/dev_ws/install/ament_cmake_core:/micro_ros_ws/firmware/dev_ws/install/ament_index_cpp:/micro_ros_ws/firmware/dev_ws/install/ament_uncrustify:/micro_ros_ws/firmware/dev_ws/install/domain_coordinator:/micro_ros_ws/firmware/dev_ws/install/ament_xmllint:/micro_ros_ws/firmware/dev_ws/install/ament_pyflakes:/micro_ros_ws/firmware/dev_ws/install/ament_pycodestyle:/micro_ros_ws/firmware/dev_ws/install/ament_pep257:/micro_ros_ws/firmware/dev_ws/install/ament_pclint:/micro_ros_ws/firmware/dev_ws/install/ament_package:/micro_ros_ws/firmware/dev_ws/install/ament_mypy:/micro_ros_ws/firmware/dev_ws/install/ament_lint_cmake:/micro_ros_ws/firmware/dev_ws/install/ament_flake8:/micro_ros_ws/firmware/dev_ws/install/ament_copyright:/micro_ros_ws/firmware/dev_ws/install/ament_lint:/micro_ros_ws/firmware/dev_ws/install/ament_index_python:/micro_ros_ws/firmware/dev_ws/install/ament_cpplint:/micro_ros_ws/firmware/dev_ws/install/ament_cppcheck:/micro_ros_ws/firmware/dev_ws/install/ament_clang_tidy:/micro_ros_ws/firmware/dev_ws/install/ament_clang_format LD_LIBRARY_PATH=/micro_ros_ws/firmware/mcu_ws/install/lib:${LD_LIBRARY_PATH} PATH=/micro_ros_ws/firmware/mcu_ws/install/bin:${PATH} PYTHONPATH=/micro_ros_ws/firmware/mcu_ws/install/lib/python3.10/site-packages:${PYTHONPATH} /usr/bin/cmake --build /micro_ros_ws/firmware/mcu_ws/build/rcl -- -j12 -l12
[1.126s] gmake[4]: Entering directory '/micro_ros_ws/firmware/mcu_ws/build/rcl'
[1.126s] /usr/bin/cmake -S/micro_ros_ws/firmware/mcu_ws/uros/rcl/rcl -B/micro_ros_ws/firmware/mcu_ws/build/rcl --check-build-system CMakeFiles/Makefile.cmake 0
[1.199s] Re-run cmake file: Makefile older than: /micro_ros_ws/firmware/freertos_apps/microros_esp32_extensions/esp32_toolchain.cmake
[1.215s] -- Found ament_cmake_ros: 0.10.0 (/micro_ros_ws/firmware/dev_ws/install/ament_cmake_ros/share/ament_cmake_ros/cmake)
[1.949s] -- Found rcl_interfaces: 1.2.2 (/micro_ros_ws/firmware/mcu_ws/install/share/rcl_interfaces/cmake)
[2.072s] -- Using all available rosidl_typesupport_c: rosidl_typesupport_introspection_c;rosidl_typesupport_microxrcedds_c
[2.104s] -- Found rosidl_adapter: 3.1.8 (/micro_ros_ws/firmware/mcu_ws/install/share/rosidl_adapter/cmake)
[2.320s] -- Found rcl_logging_interface: 2.3.2 (/micro_ros_ws/firmware/mcu_ws/install/share/rcl_logging_interface/cmake)
[2.357s] -- Found rmw_implementation: 2.8.5 (/micro_ros_ws/firmware/mcu_ws/install/share/rmw_implementation/cmake)
[2.361s] -- Found rmw_implementation_cmake: 6.1.2 (/micro_ros_ws/firmware/mcu_ws/install/share/rmw_implementation_cmake/cmake)
[2.396s] -- Found rmw_microxrcedds: 3.0.3 (/micro_ros_ws/firmware/mcu_ws/install/share/rmw_microxrcedds/cmake)
[2.433s] -- Using RMW implementation 'rmw_microxrcedds'
[2.439s] -- Found tracetools: 4.1.1 (/micro_ros_ws/firmware/mcu_ws/install/share/tracetools/cmake)
[3.421s] -- Configuring done
[3.676s] -- Generating done
[3.705s] -- Build files have been written to: /micro_ros_ws/firmware/mcu_ws/build/rcl
[3.707s] /usr/bin/cmake -E cmake_progress_start /micro_ros_ws/firmware/mcu_ws/build/rcl/CMakeFiles /micro_ros_ws/firmware/mcu_ws/build/rcl//CMakeFiles/progress.marks
[3.742s] /usr/bin/gmake  -f CMakeFiles/Makefile2 all
[3.748s] gmake[5]: Entering directory '/micro_ros_ws/firmware/mcu_ws/build/rcl'
[3.749s] /usr/bin/gmake  -f CMakeFiles/ament_generate_version_header__rcl.dir/build.make CMakeFiles/ament_generate_version_header__rcl.dir/depend
[3.756s] gmake[6]: Entering directory '/micro_ros_ws/firmware/mcu_ws/build/rcl'
[3.756s] cd /micro_ros_ws/firmware/mcu_ws/build/rcl && /usr/bin/cmake -E cmake_depends "Unix Makefiles" /micro_ros_ws/firmware/mcu_ws/uros/rcl/rcl /micro_ros_ws/firmware/mcu_ws/uros/rcl/rcl /micro_ros_ws/firmware/mcu_ws/build/rcl /micro_ros_ws/firmware/mcu_ws/build/rcl /micro_ros_ws/firmware/mcu_ws/build/rcl/CMakeFiles/ament_generate_version_header__rcl.dir/DependInfo.cmake --color=
[3.788s] gmake[6]: Leaving directory '/micro_ros_ws/firmware/mcu_ws/build/rcl'
[3.789s] /usr/bin/gmake  -f CMakeFiles/ament_generate_version_header__rcl.dir/build.make CMakeFiles/ament_generate_version_header__rcl.dir/build
[3.797s] gmake[6]: Entering directory '/micro_ros_ws/firmware/mcu_ws/build/rcl'
[3.797s] gmake[6]: Nothing to be done for 'CMakeFiles/ament_generate_version_header__rcl.dir/build'.
[3.797s] gmake[6]: Leaving directory '/micro_ros_ws/firmware/mcu_ws/build/rcl'
[3.838s] [  3%] Built target ament_generate_version_header__rcl
[3.839s] /usr/bin/gmake  -f CMakeFiles/rcl.dir/build.make CMakeFiles/rcl.dir/depend
[3.846s] gmake[6]: Entering directory '/micro_ros_ws/firmware/mcu_ws/build/rcl'
[3.847s] cd /micro_ros_ws/firmware/mcu_ws/build/rcl && /usr/bin/cmake -E cmake_depends "Unix Makefiles" /micro_ros_ws/firmware/mcu_ws/uros/rcl/rcl /micro_ros_ws/firmware/mcu_ws/uros/rcl/rcl /micro_ros_ws/firmware/mcu_ws/build/rcl /micro_ros_ws/firmware/mcu_ws/build/rcl /micro_ros_ws/firmware/mcu_ws/build/rcl/CMakeFiles/rcl.dir/DependInfo.cmake --color=
[3.873s] Dependencies file "CMakeFiles/rcl.dir/src/rcl/client.c.obj.d" is newer than depends file "/micro_ros_ws/firmware/mcu_ws/build/rcl/CMakeFiles/rcl.dir/compiler_depend.internal".
[3.874s] Dependencies file "CMakeFiles/rcl.dir/src/rcl/common.c.obj.d" is newer than depends file "/micro_ros_ws/firmware/mcu_ws/build/rcl/CMakeFiles/rcl.dir/compiler_depend.internal".
[3.874s] Dependencies file "CMakeFiles/rcl.dir/src/rcl/context.c.obj.d" is newer than depends file "/micro_ros_ws/firmware/mcu_ws/build/rcl/CMakeFiles/rcl.dir/compiler_depend.internal".
[3.875s] Dependencies file "CMakeFiles/rcl.dir/src/rcl/domain_id.c.obj.d" is newer than depends file "/micro_ros_ws/firmware/mcu_ws/build/rcl/CMakeFiles/rcl.dir/compiler_depend.internal".
[3.876s] Dependencies file "CMakeFiles/rcl.dir/src/rcl/event.c.obj.d" is newer than depends file "/micro_ros_ws/firmware/mcu_ws/build/rcl/CMakeFiles/rcl.dir/compiler_depend.internal".
[3.877s] Dependencies file "CMakeFiles/rcl.dir/src/rcl/expand_topic_name.c.obj.d" is newer than depends file "/micro_ros_ws/firmware/mcu_ws/build/rcl/CMakeFiles/rcl.dir/compiler_depend.internal".
[3.878s] Dependencies file "CMakeFiles/rcl.dir/src/rcl/graph.c.obj.d" is newer than depends file "/micro_ros_ws/firmware/mcu_ws/build/rcl/CMakeFiles/rcl.dir/compiler_depend.internal".
[3.878s] Dependencies file "CMakeFiles/rcl.dir/src/rcl/guard_condition.c.obj.d" is newer than depends file "/micro_ros_ws/firmware/mcu_ws/build/rcl/CMakeFiles/rcl.dir/compiler_depend.internal".
[3.879s] Dependencies file "CMakeFiles/rcl.dir/src/rcl/init.c.obj.d" is newer than depends file "/micro_ros_ws/firmware/mcu_ws/build/rcl/CMakeFiles/rcl.dir/compiler_depend.internal".
[3.880s] Dependencies file "CMakeFiles/rcl.dir/src/rcl/init_options.c.obj.d" is newer than depends file "/micro_ros_ws/firmware/mcu_ws/build/rcl/CMakeFiles/rcl.dir/compiler_depend.internal".
[3.881s] Dependencies file "CMakeFiles/rcl.dir/src/rcl/lexer.c.obj.d" is newer than depends file "/micro_ros_ws/firmware/mcu_ws/build/rcl/CMakeFiles/rcl.dir/compiler_depend.internal".
[3.881s] Dependencies file "CMakeFiles/rcl.dir/src/rcl/lexer_lookahead.c.obj.d" is newer than depends file "/micro_ros_ws/firmware/mcu_ws/build/rcl/CMakeFiles/rcl.dir/compiler_depend.internal".
[3.882s] Dependencies file "CMakeFiles/rcl.dir/src/rcl/localhost.c.obj.d" is newer than depends file "/micro_ros_ws/firmware/mcu_ws/build/rcl/CMakeFiles/rcl.dir/compiler_depend.internal".
[3.883s] Dependencies file "CMakeFiles/rcl.dir/src/rcl/network_flow_endpoints.c.obj.d" is newer than depends file "/micro_ros_ws/firmware/mcu_ws/build/rcl/CMakeFiles/rcl.dir/compiler_depend.internal".
[3.883s] Dependencies file "CMakeFiles/rcl.dir/src/rcl/node.c.obj.d" is newer than depends file "/micro_ros_ws/firmware/mcu_ws/build/rcl/CMakeFiles/rcl.dir/compiler_depend.internal".
[3.884s] Dependencies file "CMakeFiles/rcl.dir/src/rcl/node_options.c.obj.d" is newer than depends file "/micro_ros_ws/firmware/mcu_ws/build/rcl/CMakeFiles/rcl.dir/compiler_depend.internal".
[3.885s] Dependencies file "CMakeFiles/rcl.dir/src/rcl/node_resolve_name.c.obj.d" is newer than depends file "/micro_ros_ws/firmware/mcu_ws/build/rcl/CMakeFiles/rcl.dir/compiler_depend.internal".
[3.885s] Dependencies file "CMakeFiles/rcl.dir/src/rcl/publisher.c.obj.d" is newer than depends file "/micro_ros_ws/firmware/mcu_ws/build/rcl/CMakeFiles/rcl.dir/compiler_depend.internal".
[3.886s] Dependencies file "CMakeFiles/rcl.dir/src/rcl/remap.c.obj.d" is newer than depends file "/micro_ros_ws/firmware/mcu_ws/build/rcl/CMakeFiles/rcl.dir/compiler_depend.internal".
[3.887s] Dependencies file "CMakeFiles/rcl.dir/src/rcl/rmw_implementation_identifier_check.c.obj.d" is newer than depends file "/micro_ros_ws/firmware/mcu_ws/build/rcl/CMakeFiles/rcl.dir/compiler_depend.internal".
[3.888s] Dependencies file "CMakeFiles/rcl.dir/src/rcl/security.c.obj.d" is newer than depends file "/micro_ros_ws/firmware/mcu_ws/build/rcl/CMakeFiles/rcl.dir/compiler_depend.internal".
[3.888s] Dependencies file "CMakeFiles/rcl.dir/src/rcl/service.c.obj.d" is newer than depends file "/micro_ros_ws/firmware/mcu_ws/build/rcl/CMakeFiles/rcl.dir/compiler_depend.internal".
[3.889s] Dependencies file "CMakeFiles/rcl.dir/src/rcl/subscription.c.obj.d" is newer than depends file "/micro_ros_ws/firmware/mcu_ws/build/rcl/CMakeFiles/rcl.dir/compiler_depend.internal".
[3.890s] Dependencies file "CMakeFiles/rcl.dir/src/rcl/time.c.obj.d" is newer than depends file "/micro_ros_ws/firmware/mcu_ws/build/rcl/CMakeFiles/rcl.dir/compiler_depend.internal".
[3.891s] Dependencies file "CMakeFiles/rcl.dir/src/rcl/timer.c.obj.d" is newer than depends file "/micro_ros_ws/firmware/mcu_ws/build/rcl/CMakeFiles/rcl.dir/compiler_depend.internal".
[3.891s] Dependencies file "CMakeFiles/rcl.dir/src/rcl/validate_enclave_name.c.obj.d" is newer than depends file "/micro_ros_ws/firmware/mcu_ws/build/rcl/CMakeFiles/rcl.dir/compiler_depend.internal".
[3.892s] Dependencies file "CMakeFiles/rcl.dir/src/rcl/validate_topic_name.c.obj.d" is newer than depends file "/micro_ros_ws/firmware/mcu_ws/build/rcl/CMakeFiles/rcl.dir/compiler_depend.internal".
[3.893s] Dependencies file "CMakeFiles/rcl.dir/src/rcl/wait.c.obj.d" is newer than depends file "/micro_ros_ws/firmware/mcu_ws/build/rcl/CMakeFiles/rcl.dir/compiler_depend.internal".
[3.893s] [35m[1mConsolidate compiler generated dependencies of target rcl[0m
[4.063s] gmake[6]: Leaving directory '/micro_ros_ws/firmware/mcu_ws/build/rcl'
[4.064s] /usr/bin/gmake  -f CMakeFiles/rcl.dir/build.make CMakeFiles/rcl.dir/build
[4.123s] gmake[6]: Entering directory '/micro_ros_ws/firmware/mcu_ws/build/rcl'
[4.124s] gmake[6]: Nothing to be done for 'CMakeFiles/rcl.dir/build'.
[4.124s] gmake[6]: Leaving directory '/micro_ros_ws/firmware/mcu_ws/build/rcl'
[4.166s] [100%] Built target rcl
[4.167s] gmake[5]: Leaving directory '/micro_ros_ws/firmware/mcu_ws/build/rcl'
[4.167s] /usr/bin/cmake -E cmake_progress_start /micro_ros_ws/firmware/mcu_ws/build/rcl/CMakeFiles 0
[4.197s] gmake[4]: Leaving directory '/micro_ros_ws/firmware/mcu_ws/build/rcl'
[4.199s] Invoked command in '/micro_ros_ws/firmware/mcu_ws/build/rcl' returned '0': AMENT_PREFIX_PATH=/micro_ros_ws/firmware/mcu_ws/install:${AMENT_PREFIX_PATH} CMAKE_PREFIX_PATH=/micro_ros_ws/firmware/mcu_ws/install:/micro_ros_ws/firmware/dev_ws/install/ament_lint_common:/micro_ros_ws/firmware/dev_ws/install/ament_cmake_uncrustify:/micro_ros_ws/firmware/dev_ws/install/uncrustify_vendor:/micro_ros_ws/firmware/dev_ws/install/ament_cmake_ros:/micro_ros_ws/firmware/dev_ws/install/ament_cmake_auto:/micro_ros_ws/firmware/dev_ws/install/ament_cmake_gmock:/micro_ros_ws/firmware/dev_ws/install/gmock_vendor:/micro_ros_ws/firmware/dev_ws/install/ament_cmake_gtest:/micro_ros_ws/firmware/dev_ws/install/gtest_vendor:/micro_ros_ws/firmware/dev_ws/install/ament_cmake_xmllint:/micro_ros_ws/firmware/dev_ws/install/ament_cmake_pyflakes:/micro_ros_ws/firmware/dev_ws/install/ament_cmake_pycodestyle:/micro_ros_ws/firmware/dev_ws/install/ament_cmake_pep257:/micro_ros_ws/firmware/dev_ws/install/ament_cmake_pclint:/micro_ros_ws/firmware/dev_ws/install/ament_lint_auto:/micro_ros_ws/firmware/dev_ws/install/ament_cmake:/micro_ros_ws/firmware/dev_ws/install/ament_cmake_version:/micro_ros_ws/firmware/dev_ws/install/ament_cmake_vendor_package:/micro_ros_ws/firmware/dev_ws/install/ament_cmake_pytest:/micro_ros_ws/firmware/dev_ws/install/ament_cmake_nose:/micro_ros_ws/firmware/dev_ws/install/ament_cmake_mypy:/micro_ros_ws/firmware/dev_ws/install/ament_cmake_lint_cmake:/micro_ros_ws/firmware/dev_ws/install/ament_cmake_google_benchmark:/micro_ros_ws/firmware/dev_ws/install/ament_cmake_flake8:/micro_ros_ws/firmware/dev_ws/install/ament_cmake_cpplint:/micro_ros_ws/firmware/dev_ws/install/ament_cmake_cppcheck:/micro_ros_ws/firmware/dev_ws/install/ament_cmake_copyright:/micro_ros_ws/firmware/dev_ws/install/ament_cmake_clang_tidy:/micro_ros_ws/firmware/dev_ws/install/ament_cmake_clang_format:/micro_ros_ws/firmware/dev_ws/install/ament_cmake_test:/micro_ros_ws/firmware/dev_ws/install/ament_cmake_target_dependencies:/micro_ros_ws/firmware/dev_ws/install/ament_cmake_python:/micro_ros_ws/firmware/dev_ws/install/ament_cmake_export_dependencies:/micro_ros_ws/firmware/dev_ws/install/ament_cmake_libraries:/micro_ros_ws/firmware/dev_ws/install/ament_cmake_include_directories:/micro_ros_ws/firmware/dev_ws/install/ament_cmake_gen_version_h:/micro_ros_ws/firmware/dev_ws/install/ament_cmake_export_targets:/micro_ros_ws/firmware/dev_ws/install/ament_cmake_export_link_flags:/micro_ros_ws/firmware/dev_ws/install/ament_cmake_export_interfaces:/micro_ros_ws/firmware/dev_ws/install/ament_cmake_export_libraries:/micro_ros_ws/firmware/dev_ws/install/ament_cmake_export_include_directories:/micro_ros_ws/firmware/dev_ws/install/ament_cmake_export_definitions:/micro_ros_ws/firmware/dev_ws/install/ament_cmake_core:/micro_ros_ws/firmware/dev_ws/install/ament_index_cpp:/micro_ros_ws/firmware/dev_ws/install/ament_uncrustify:/micro_ros_ws/firmware/dev_ws/install/domain_coordinator:/micro_ros_ws/firmware/dev_ws/install/ament_xmllint:/micro_ros_ws/firmware/dev_ws/install/ament_pyflakes:/micro_ros_ws/firmware/dev_ws/install/ament_pycodestyle:/micro_ros_ws/firmware/dev_ws/install/ament_pep257:/micro_ros_ws/firmware/dev_ws/install/ament_pclint:/micro_ros_ws/firmware/dev_ws/install/ament_package:/micro_ros_ws/firmware/dev_ws/install/ament_mypy:/micro_ros_ws/firmware/dev_ws/install/ament_lint_cmake:/micro_ros_ws/firmware/dev_ws/install/ament_flake8:/micro_ros_ws/firmware/dev_ws/install/ament_copyright:/micro_ros_ws/firmware/dev_ws/install/ament_lint:/micro_ros_ws/firmware/dev_ws/install/ament_index_python:/micro_ros_ws/firmware/dev_ws/install/ament_cpplint:/micro_ros_ws/firmware/dev_ws/install/ament_cppcheck:/micro_ros_ws/firmware/dev_ws/install/ament_clang_tidy:/micro_ros_ws/firmware/dev_ws/install/ament_clang_format LD_LIBRARY_PATH=/micro_ros_ws/firmware/mcu_ws/install/lib:${LD_LIBRARY_PATH} PATH=/micro_ros_ws/firmware/mcu_ws/install/bin:${PATH} PYTHONPATH=/micro_ros_ws/firmware/mcu_ws/install/lib/python3.10/site-packages:${PYTHONPATH} /usr/bin/cmake --build /micro_ros_ws/firmware/mcu_ws/build/rcl -- -j12 -l12
[4.202s] Invoking command in '/micro_ros_ws/firmware/mcu_ws/build/rcl': AMENT_PREFIX_PATH=/micro_ros_ws/firmware/mcu_ws/install:${AMENT_PREFIX_PATH} CMAKE_PREFIX_PATH=/micro_ros_ws/firmware/mcu_ws/install:/micro_ros_ws/firmware/dev_ws/install/ament_lint_common:/micro_ros_ws/firmware/dev_ws/install/ament_cmake_uncrustify:/micro_ros_ws/firmware/dev_ws/install/uncrustify_vendor:/micro_ros_ws/firmware/dev_ws/install/ament_cmake_ros:/micro_ros_ws/firmware/dev_ws/install/ament_cmake_auto:/micro_ros_ws/firmware/dev_ws/install/ament_cmake_gmock:/micro_ros_ws/firmware/dev_ws/install/gmock_vendor:/micro_ros_ws/firmware/dev_ws/install/ament_cmake_gtest:/micro_ros_ws/firmware/dev_ws/install/gtest_vendor:/micro_ros_ws/firmware/dev_ws/install/ament_cmake_xmllint:/micro_ros_ws/firmware/dev_ws/install/ament_cmake_pyflakes:/micro_ros_ws/firmware/dev_ws/install/ament_cmake_pycodestyle:/micro_ros_ws/firmware/dev_ws/install/ament_cmake_pep257:/micro_ros_ws/firmware/dev_ws/install/ament_cmake_pclint:/micro_ros_ws/firmware/dev_ws/install/ament_lint_auto:/micro_ros_ws/firmware/dev_ws/install/ament_cmake:/micro_ros_ws/firmware/dev_ws/install/ament_cmake_version:/micro_ros_ws/firmware/dev_ws/install/ament_cmake_vendor_package:/micro_ros_ws/firmware/dev_ws/install/ament_cmake_pytest:/micro_ros_ws/firmware/dev_ws/install/ament_cmake_nose:/micro_ros_ws/firmware/dev_ws/install/ament_cmake_mypy:/micro_ros_ws/firmware/dev_ws/install/ament_cmake_lint_cmake:/micro_ros_ws/firmware/dev_ws/install/ament_cmake_google_benchmark:/micro_ros_ws/firmware/dev_ws/install/ament_cmake_flake8:/micro_ros_ws/firmware/dev_ws/install/ament_cmake_cpplint:/micro_ros_ws/firmware/dev_ws/install/ament_cmake_cppcheck:/micro_ros_ws/firmware/dev_ws/install/ament_cmake_copyright:/micro_ros_ws/firmware/dev_ws/install/ament_cmake_clang_tidy:/micro_ros_ws/firmware/dev_ws/install/ament_cmake_clang_format:/micro_ros_ws/firmware/dev_ws/install/ament_cmake_test:/micro_ros_ws/firmware/dev_ws/install/ament_cmake_target_dependencies:/micro_ros_ws/firmware/dev_ws/install/ament_cmake_python:/micro_ros_ws/firmware/dev_ws/install/ament_cmake_export_dependencies:/micro_ros_ws/firmware/dev_ws/install/ament_cmake_libraries:/micro_ros_ws/firmware/dev_ws/install/ament_cmake_include_directories:/micro_ros_ws/firmware/dev_ws/install/ament_cmake_gen_version_h:/micro_ros_ws/firmware/dev_ws/install/ament_cmake_export_targets:/micro_ros_ws/firmware/dev_ws/install/ament_cmake_export_link_flags:/micro_ros_ws/firmware/dev_ws/install/ament_cmake_export_interfaces:/micro_ros_ws/firmware/dev_ws/install/ament_cmake_export_libraries:/micro_ros_ws/firmware/dev_ws/install/ament_cmake_export_include_directories:/micro_ros_ws/firmware/dev_ws/install/ament_cmake_export_definitions:/micro_ros_ws/firmware/dev_ws/install/ament_cmake_core:/micro_ros_ws/firmware/dev_ws/install/ament_index_cpp:/micro_ros_ws/firmware/dev_ws/install/ament_uncrustify:/micro_ros_ws/firmware/dev_ws/install/domain_coordinator:/micro_ros_ws/firmware/dev_ws/install/ament_xmllint:/micro_ros_ws/firmware/dev_ws/install/ament_pyflakes:/micro_ros_ws/firmware/dev_ws/install/ament_pycodestyle:/micro_ros_ws/firmware/dev_ws/install/ament_pep257:/micro_ros_ws/firmware/dev_ws/install/ament_pclint:/micro_ros_ws/firmware/dev_ws/install/ament_package:/micro_ros_ws/firmware/dev_ws/install/ament_mypy:/micro_ros_ws/firmware/dev_ws/install/ament_lint_cmake:/micro_ros_ws/firmware/dev_ws/install/ament_flake8:/micro_ros_ws/firmware/dev_ws/install/ament_copyright:/micro_ros_ws/firmware/dev_ws/install/ament_lint:/micro_ros_ws/firmware/dev_ws/install/ament_index_python:/micro_ros_ws/firmware/dev_ws/install/ament_cpplint:/micro_ros_ws/firmware/dev_ws/install/ament_cppcheck:/micro_ros_ws/firmware/dev_ws/install/ament_clang_tidy:/micro_ros_ws/firmware/dev_ws/install/ament_clang_format LD_LIBRARY_PATH=/micro_ros_ws/firmware/mcu_ws/install/lib:${LD_LIBRARY_PATH} PATH=/micro_ros_ws/firmware/mcu_ws/install/bin:${PATH} PYTHONPATH=/micro_ros_ws/firmware/mcu_ws/install/lib/python3.10/site-packages:${PYTHONPATH} /usr/bin/cmake --install /micro_ros_ws/firmware/mcu_ws/build/rcl
[4.226s] -- Install configuration: "Debug"
[4.228s] -- Up-to-date: /micro_ros_ws/firmware/mcu_ws/install/lib/librcl.a
[4.232s] -- Up-to-date: /micro_ros_ws/firmware/mcu_ws/install/share/rcl/environment/library_path.sh
[4.236s] -- Installing: /micro_ros_ws/firmware/mcu_ws/install/share/rcl/environment/library_path.dsv
[4.244s] -- Up-to-date: /micro_ros_ws/firmware/mcu_ws/install/include/rcl/rcl/version.h
[4.246s] -- Up-to-date: /micro_ros_ws/firmware/mcu_ws/install/share/ament_index/resource_index/package_run_dependencies/rcl
[4.249s] -- Up-to-date: /micro_ros_ws/firmware/mcu_ws/install/share/ament_index/resource_index/parent_prefix_path/rcl
[4.251s] -- Up-to-date: /micro_ros_ws/firmware/mcu_ws/install/share/rcl/environment/ament_prefix_path.sh
[4.253s] -- Installing: /micro_ros_ws/firmware/mcu_ws/install/share/rcl/environment/ament_prefix_path.dsv
[4.258s] -- Up-to-date: /micro_ros_ws/firmware/mcu_ws/install/share/rcl/environment/path.sh
[4.260s] -- Installing: /micro_ros_ws/firmware/mcu_ws/install/share/rcl/environment/path.dsv
[4.265s] -- Up-to-date: /micro_ros_ws/firmware/mcu_ws/install/share/rcl/local_setup.bash
[4.266s] -- Up-to-date: /micro_ros_ws/firmware/mcu_ws/install/share/rcl/local_setup.sh
[4.267s] -- Up-to-date: /micro_ros_ws/firmware/mcu_ws/install/share/rcl/local_setup.zsh
[4.269s] -- Installing: /micro_ros_ws/firmware/mcu_ws/install/share/rcl/local_setup.dsv
[4.273s] -- Installing: /micro_ros_ws/firmware/mcu_ws/install/share/rcl/package.dsv
[4.281s] -- Up-to-date: /micro_ros_ws/firmware/mcu_ws/install/share/ament_index/resource_index/packages/rcl
[4.283s] -- Up-to-date: /micro_ros_ws/firmware/mcu_ws/install/share/rcl/cmake/rclExport.cmake
[4.285s] -- Up-to-date: /micro_ros_ws/firmware/mcu_ws/install/share/rcl/cmake/rclExport-debug.cmake
[4.287s] -- Up-to-date: /micro_ros_ws/firmware/mcu_ws/install/share/rcl/cmake/rcl-extras.cmake
[4.289s] -- Up-to-date: /micro_ros_ws/firmware/mcu_ws/install/share/rcl/cmake/ament_cmake_export_include_directories-extras.cmake
[4.291s] -- Up-to-date: /micro_ros_ws/firmware/mcu_ws/install/share/rcl/cmake/ament_cmake_export_libraries-extras.cmake
[4.292s] -- Up-to-date: /micro_ros_ws/firmware/mcu_ws/install/share/rcl/cmake/ament_cmake_export_targets-extras.cmake
[4.294s] -- Up-to-date: /micro_ros_ws/firmware/mcu_ws/install/share/rcl/cmake/ament_cmake_export_dependencies-extras.cmake
[4.296s] -- Up-to-date: /micro_ros_ws/firmware/mcu_ws/install/share/rcl/cmake/rclConfig.cmake
[4.297s] -- Up-to-date: /micro_ros_ws/firmware/mcu_ws/install/share/rcl/cmake/rclConfig-version.cmake
[4.299s] -- Up-to-date: /micro_ros_ws/firmware/mcu_ws/install/share/rcl/package.xml
[4.300s] -- Up-to-date: /micro_ros_ws/firmware/mcu_ws/install/share/rcl/cmake
[4.303s] -- Up-to-date: /micro_ros_ws/firmware/mcu_ws/install/share/rcl/cmake/get_default_rcl_logging_implementation.cmake
[4.305s] -- Up-to-date: /micro_ros_ws/firmware/mcu_ws/install/share/rcl/cmake/rcl_set_symbol_visibility_hidden.cmake
[4.306s] -- Up-to-date: /micro_ros_ws/firmware/mcu_ws/install/include/rcl
[4.308s] -- Up-to-date: /micro_ros_ws/firmware/mcu_ws/install/include/rcl/rcl
[4.310s] -- Up-to-date: /micro_ros_ws/firmware/mcu_ws/install/include/rcl/rcl/log_level.h
[4.312s] -- Up-to-date: /micro_ros_ws/firmware/mcu_ws/install/include/rcl/rcl/allocator.h
[4.314s] -- Up-to-date: /micro_ros_ws/firmware/mcu_ws/install/include/rcl/rcl/arguments.h
[4.317s] -- Up-to-date: /micro_ros_ws/firmware/mcu_ws/install/include/rcl/rcl/client.h
[4.318s] -- Up-to-date: /micro_ros_ws/firmware/mcu_ws/install/include/rcl/rcl/context.h
[4.320s] -- Up-to-date: /micro_ros_ws/firmware/mcu_ws/install/include/rcl/rcl/domain_id.h
[4.321s] -- Up-to-date: /micro_ros_ws/firmware/mcu_ws/install/include/rcl/rcl/error_handling.h
[4.323s] -- Up-to-date: /micro_ros_ws/firmware/mcu_ws/install/include/rcl/rcl/event.h
[4.326s] -- Up-to-date: /micro_ros_ws/firmware/mcu_ws/install/include/rcl/rcl/event_callback.h
[4.327s] -- Up-to-date: /micro_ros_ws/firmware/mcu_ws/install/include/rcl/rcl/expand_topic_name.h
[4.330s] -- Up-to-date: /micro_ros_ws/firmware/mcu_ws/install/include/rcl/rcl/graph.h
[4.335s] -- Up-to-date: /micro_ros_ws/firmware/mcu_ws/install/include/rcl/rcl/guard_condition.h
[4.338s] -- Up-to-date: /micro_ros_ws/firmware/mcu_ws/install/include/rcl/rcl/init.h
[4.341s] -- Up-to-date: /micro_ros_ws/firmware/mcu_ws/install/include/rcl/rcl/init_options.h
[4.342s] -- Up-to-date: /micro_ros_ws/firmware/mcu_ws/install/include/rcl/rcl/lexer.h
[4.344s] -- Up-to-date: /micro_ros_ws/firmware/mcu_ws/install/include/rcl/rcl/lexer_lookahead.h
[4.345s] -- Up-to-date: /micro_ros_ws/firmware/mcu_ws/install/include/rcl/rcl/localhost.h
[4.347s] -- Up-to-date: /micro_ros_ws/firmware/mcu_ws/install/include/rcl/rcl/logging.h
[4.348s] -- Up-to-date: /micro_ros_ws/firmware/mcu_ws/install/include/rcl/rcl/logging_rosout.h
[4.350s] -- Up-to-date: /micro_ros_ws/firmware/mcu_ws/install/include/rcl/rcl/macros.h
[4.351s] -- Up-to-date: /micro_ros_ws/firmware/mcu_ws/install/include/rcl/rcl/network_flow_endpoints.h
[4.353s] -- Up-to-date: /micro_ros_ws/firmware/mcu_ws/install/include/rcl/rcl/node.h
[4.354s] -- Up-to-date: /micro_ros_ws/firmware/mcu_ws/install/include/rcl/rcl/node_options.h
[4.356s] -- Up-to-date: /micro_ros_ws/firmware/mcu_ws/install/include/rcl/rcl/publisher.h
[4.358s] -- Up-to-date: /micro_ros_ws/firmware/mcu_ws/install/include/rcl/rcl/rcl.h
[4.359s] -- Up-to-date: /micro_ros_ws/firmware/mcu_ws/install/include/rcl/rcl/remap.h
[4.361s] -- Up-to-date: /micro_ros_ws/firmware/mcu_ws/install/include/rcl/rcl/rmw_implementation_identifier_check.h
[4.363s] -- Up-to-date: /micro_ros_ws/firmware/mcu_ws/install/include/rcl/rcl/security.h
[4.364s] -- Up-to-date: /micro_ros_ws/firmware/mcu_ws/install/include/rcl/rcl/service.h
[4.366s] -- Up-to-date: /micro_ros_ws/firmware/mcu_ws/install/include/rcl/rcl/subscription.h
[4.367s] -- Up-to-date: /micro_ros_ws/firmware/mcu_ws/install/include/rcl/rcl/time.h
[4.369s] -- Up-to-date: /micro_ros_ws/firmware/mcu_ws/install/include/rcl/rcl/timer.h
[4.371s] -- Up-to-date: /micro_ros_ws/firmware/mcu_ws/install/include/rcl/rcl/types.h
[4.372s] -- Up-to-date: /micro_ros_ws/firmware/mcu_ws/install/include/rcl/rcl/validate_enclave_name.h
[4.374s] -- Up-to-date: /micro_ros_ws/firmware/mcu_ws/install/include/rcl/rcl/validate_topic_name.h
[4.375s] -- Up-to-date: /micro_ros_ws/firmware/mcu_ws/install/include/rcl/rcl/visibility_control.h
[4.377s] -- Up-to-date: /micro_ros_ws/firmware/mcu_ws/install/include/rcl/rcl/wait.h
[4.380s] Invoked command in '/micro_ros_ws/firmware/mcu_ws/build/rcl' returned '0': AMENT_PREFIX_PATH=/micro_ros_ws/firmware/mcu_ws/install:${AMENT_PREFIX_PATH} CMAKE_PREFIX_PATH=/micro_ros_ws/firmware/mcu_ws/install:/micro_ros_ws/firmware/dev_ws/install/ament_lint_common:/micro_ros_ws/firmware/dev_ws/install/ament_cmake_uncrustify:/micro_ros_ws/firmware/dev_ws/install/uncrustify_vendor:/micro_ros_ws/firmware/dev_ws/install/ament_cmake_ros:/micro_ros_ws/firmware/dev_ws/install/ament_cmake_auto:/micro_ros_ws/firmware/dev_ws/install/ament_cmake_gmock:/micro_ros_ws/firmware/dev_ws/install/gmock_vendor:/micro_ros_ws/firmware/dev_ws/install/ament_cmake_gtest:/micro_ros_ws/firmware/dev_ws/install/gtest_vendor:/micro_ros_ws/firmware/dev_ws/install/ament_cmake_xmllint:/micro_ros_ws/firmware/dev_ws/install/ament_cmake_pyflakes:/micro_ros_ws/firmware/dev_ws/install/ament_cmake_pycodestyle:/micro_ros_ws/firmware/dev_ws/install/ament_cmake_pep257:/micro_ros_ws/firmware/dev_ws/install/ament_cmake_pclint:/micro_ros_ws/firmware/dev_ws/install/ament_lint_auto:/micro_ros_ws/firmware/dev_ws/install/ament_cmake:/micro_ros_ws/firmware/dev_ws/install/ament_cmake_version:/micro_ros_ws/firmware/dev_ws/install/ament_cmake_vendor_package:/micro_ros_ws/firmware/dev_ws/install/ament_cmake_pytest:/micro_ros_ws/firmware/dev_ws/install/ament_cmake_nose:/micro_ros_ws/firmware/dev_ws/install/ament_cmake_mypy:/micro_ros_ws/firmware/dev_ws/install/ament_cmake_lint_cmake:/micro_ros_ws/firmware/dev_ws/install/ament_cmake_google_benchmark:/micro_ros_ws/firmware/dev_ws/install/ament_cmake_flake8:/micro_ros_ws/firmware/dev_ws/install/ament_cmake_cpplint:/micro_ros_ws/firmware/dev_ws/install/ament_cmake_cppcheck:/micro_ros_ws/firmware/dev_ws/install/ament_cmake_copyright:/micro_ros_ws/firmware/dev_ws/install/ament_cmake_clang_tidy:/micro_ros_ws/firmware/dev_ws/install/ament_cmake_clang_format:/micro_ros_ws/firmware/dev_ws/install/ament_cmake_test:/micro_ros_ws/firmware/dev_ws/install/ament_cmake_target_dependencies:/micro_ros_ws/firmware/dev_ws/install/ament_cmake_python:/micro_ros_ws/firmware/dev_ws/install/ament_cmake_export_dependencies:/micro_ros_ws/firmware/dev_ws/install/ament_cmake_libraries:/micro_ros_ws/firmware/dev_ws/install/ament_cmake_include_directories:/micro_ros_ws/firmware/dev_ws/install/ament_cmake_gen_version_h:/micro_ros_ws/firmware/dev_ws/install/ament_cmake_export_targets:/micro_ros_ws/firmware/dev_ws/install/ament_cmake_export_link_flags:/micro_ros_ws/firmware/dev_ws/install/ament_cmake_export_interfaces:/micro_ros_ws/firmware/dev_ws/install/ament_cmake_export_libraries:/micro_ros_ws/firmware/dev_ws/install/ament_cmake_export_include_directories:/micro_ros_ws/firmware/dev_ws/install/ament_cmake_export_definitions:/micro_ros_ws/firmware/dev_ws/install/ament_cmake_core:/micro_ros_ws/firmware/dev_ws/install/ament_index_cpp:/micro_ros_ws/firmware/dev_ws/install/ament_uncrustify:/micro_ros_ws/firmware/dev_ws/install/domain_coordinator:/micro_ros_ws/firmware/dev_ws/install/ament_xmllint:/micro_ros_ws/firmware/dev_ws/install/ament_pyflakes:/micro_ros_ws/firmware/dev_ws/install/ament_pycodestyle:/micro_ros_ws/firmware/dev_ws/install/ament_pep257:/micro_ros_ws/firmware/dev_ws/install/ament_pclint:/micro_ros_ws/firmware/dev_ws/install/ament_package:/micro_ros_ws/firmware/dev_ws/install/ament_mypy:/micro_ros_ws/firmware/dev_ws/install/ament_lint_cmake:/micro_ros_ws/firmware/dev_ws/install/ament_flake8:/micro_ros_ws/firmware/dev_ws/install/ament_copyright:/micro_ros_ws/firmware/dev_ws/install/ament_lint:/micro_ros_ws/firmware/dev_ws/install/ament_index_python:/micro_ros_ws/firmware/dev_ws/install/ament_cpplint:/micro_ros_ws/firmware/dev_ws/install/ament_cppcheck:/micro_ros_ws/firmware/dev_ws/install/ament_clang_tidy:/micro_ros_ws/firmware/dev_ws/install/ament_clang_format LD_LIBRARY_PATH=/micro_ros_ws/firmware/mcu_ws/install/lib:${LD_LIBRARY_PATH} PATH=/micro_ros_ws/firmware/mcu_ws/install/bin:${PATH} PYTHONPATH=/micro_ros_ws/firmware/mcu_ws/install/lib/python3.10/site-packages:${PYTHONPATH} /usr/bin/cmake --install /micro_ros_ws/firmware/mcu_ws/build/rcl
