[9.542s] Invoking command in '/micro_ros_ws/firmware/mcu_ws/uros/tracetools/tracetools_read': PYTHONPATH=/micro_ros_ws/firmware/mcu_ws/build/tracetools_read/prefix_override:/micro_ros_ws/firmware/toolchain/espressif/python_env/idf4.1_py3.10_env/lib/python3.10/site-packages/colcon_core/task/python/colcon_distutils_commands:/micro_ros_ws/firmware/mcu_ws/install/lib/python3.10/site-packages:${PYTHONPATH} /micro_ros_ws/firmware/toolchain/espressif/python_env/idf4.1_py3.10_env/bin/python -W ignore:setup.py install is deprecated -W ignore:easy_install command is deprecated setup.py egg_info --egg-base ../../../build/tracetools_read build --build-base /micro_ros_ws/firmware/mcu_ws/build/tracetools_read/build install --record /micro_ros_ws/firmware/mcu_ws/build/tracetools_read/install.log --single-version-externally-managed install_data
[10.721s] /micro_ros_ws/firmware/toolchain/espressif/python_env/idf4.1_py3.10_env/lib/python3.10/site-packages/setuptools/_distutils/dist.py:289: UserWarning: Unknown distribution option: 'tests_require'
[10.722s]   warnings.warn(msg)
[11.132s] running egg_info
[11.311s] writing ../../../build/tracetools_read/tracetools_read.egg-info/PKG-INFO
[11.317s] writing dependency_links to ../../../build/tracetools_read/tracetools_read.egg-info/dependency_links.txt
[11.323s] writing requirements to ../../../build/tracetools_read/tracetools_read.egg-info/requires.txt
[11.325s] writing top-level names to ../../../build/tracetools_read/tracetools_read.egg-info/top_level.txt
[11.511s] reading manifest file '../../../build/tracetools_read/tracetools_read.egg-info/SOURCES.txt'
[11.521s] writing manifest file '../../../build/tracetools_read/tracetools_read.egg-info/SOURCES.txt'
[11.522s] running build
[11.523s] running build_py
[11.526s] copying tracetools_read/trace.py -> /micro_ros_ws/firmware/mcu_ws/build/tracetools_read/build/lib/tracetools_read
[11.529s] copying tracetools_read/__init__.py -> /micro_ros_ws/firmware/mcu_ws/build/tracetools_read/build/lib/tracetools_read
[11.532s] running install
[11.535s] running install_lib
[11.634s] running install_data
[11.636s] copying package.xml -> /micro_ros_ws/firmware/mcu_ws/install/share/tracetools_read
[11.640s] copying resource/tracetools_read -> /micro_ros_ws/firmware/mcu_ws/install/share/ament_index/resource_index/packages
[11.643s] running install_egg_info
[11.742s] removing '/micro_ros_ws/firmware/mcu_ws/install/lib/python3.10/site-packages/tracetools_read-4.1.1-py3.10.egg-info' (and everything under it)
[11.746s] Copying ../../../build/tracetools_read/tracetools_read.egg-info to /micro_ros_ws/firmware/mcu_ws/install/lib/python3.10/site-packages/tracetools_read-4.1.1-py3.10.egg-info
[11.765s] running install_scripts
[12.338s] writing list of installed files to '/micro_ros_ws/firmware/mcu_ws/build/tracetools_read/install.log'
[12.370s] Invoked command in '/micro_ros_ws/firmware/mcu_ws/uros/tracetools/tracetools_read' returned '0': PYTHONPATH=/micro_ros_ws/firmware/mcu_ws/build/tracetools_read/prefix_override:/micro_ros_ws/firmware/toolchain/espressif/python_env/idf4.1_py3.10_env/lib/python3.10/site-packages/colcon_core/task/python/colcon_distutils_commands:/micro_ros_ws/firmware/mcu_ws/install/lib/python3.10/site-packages:${PYTHONPATH} /micro_ros_ws/firmware/toolchain/espressif/python_env/idf4.1_py3.10_env/bin/python -W ignore:setup.py install is deprecated -W ignore:easy_install command is deprecated setup.py egg_info --egg-base ../../../build/tracetools_read build --build-base /micro_ros_ws/firmware/mcu_ws/build/tracetools_read/build install --record /micro_ros_ws/firmware/mcu_ws/build/tracetools_read/install.log --single-version-externally-managed install_data
