gmake[4]: Entering directory '/micro_ros_ws/firmware/mcu_ws/build/composition_interfaces'
/usr/bin/cmake -S/micro_ros_ws/firmware/mcu_ws/ros2/rcl_interfaces/composition_interfaces -B/micro_ros_ws/firmware/mcu_ws/build/composition_interfaces --check-build-system CMakeFiles/Makefile.cmake 0
Re-run cmake file: Makefile older than: /micro_ros_ws/firmware/freertos_apps/microros_esp32_extensions/esp32_toolchain.cmake
-- Found ament_cmake: 1.3.14 (/micro_ros_ws/firmware/dev_ws/install/ament_cmake/share/ament_cmake/cmake)
-- Found rosidl_default_generators: 1.2.1 (/micro_ros_ws/firmware/mcu_ws/install/share/rosidl_default_generators/cmake)
-- Using all available rosidl_typesupport_c: rosidl_typesupport_introspection_c;rosidl_typesupport_microxrcedds_c
-- Found rosidl_adapter: 3.1.8 (/micro_ros_ws/firmware/mcu_ws/install/share/rosidl_adapter/cmake)
-- Found rcl_interfaces: 1.2.2 (/micro_ros_ws/firmware/mcu_ws/install/share/rcl_interfaces/cmake)
-- Found ament_cmake_ros: 0.10.0 (/micro_ros_ws/firmware/dev_ws/install/ament_cmake_ros/share/ament_cmake_ros/cmake)
-- Using all available rosidl_typesupport_c: rosidl_typesupport_introspection_c;rosidl_typesupport_microxrcedds_c
-- Configuring done
-- Generating done
-- Build files have been written to: /micro_ros_ws/firmware/mcu_ws/build/composition_interfaces
/usr/bin/cmake -E cmake_progress_start /micro_ros_ws/firmware/mcu_ws/build/composition_interfaces/CMakeFiles /micro_ros_ws/firmware/mcu_ws/build/composition_interfaces//CMakeFiles/progress.marks
/usr/bin/gmake  -f CMakeFiles/Makefile2 all
gmake[5]: Entering directory '/micro_ros_ws/firmware/mcu_ws/build/composition_interfaces'
/usr/bin/gmake  -f CMakeFiles/composition_interfaces__rosidl_generator_c.dir/build.make CMakeFiles/composition_interfaces__rosidl_generator_c.dir/depend
gmake[6]: Entering directory '/micro_ros_ws/firmware/mcu_ws/build/composition_interfaces'
cd /micro_ros_ws/firmware/mcu_ws/build/composition_interfaces && /usr/bin/cmake -E cmake_depends "Unix Makefiles" /micro_ros_ws/firmware/mcu_ws/ros2/rcl_interfaces/composition_interfaces /micro_ros_ws/firmware/mcu_ws/ros2/rcl_interfaces/composition_interfaces /micro_ros_ws/firmware/mcu_ws/build/composition_interfaces /micro_ros_ws/firmware/mcu_ws/build/composition_interfaces /micro_ros_ws/firmware/mcu_ws/build/composition_interfaces/CMakeFiles/composition_interfaces__rosidl_generator_c.dir/DependInfo.cmake --color=
Dependencies file "CMakeFiles/composition_interfaces__rosidl_generator_c.dir/rosidl_generator_c/composition_interfaces/srv/detail/list_nodes__functions.c.obj.d" is newer than depends file "/micro_ros_ws/firmware/mcu_ws/build/composition_interfaces/CMakeFiles/composition_interfaces__rosidl_generator_c.dir/compiler_depend.internal".
Dependencies file "CMakeFiles/composition_interfaces__rosidl_generator_c.dir/rosidl_generator_c/composition_interfaces/srv/detail/load_node__functions.c.obj.d" is newer than depends file "/micro_ros_ws/firmware/mcu_ws/build/composition_interfaces/CMakeFiles/composition_interfaces__rosidl_generator_c.dir/compiler_depend.internal".
Dependencies file "CMakeFiles/composition_interfaces__rosidl_generator_c.dir/rosidl_generator_c/composition_interfaces/srv/detail/unload_node__functions.c.obj.d" is newer than depends file "/micro_ros_ws/firmware/mcu_ws/build/composition_interfaces/CMakeFiles/composition_interfaces__rosidl_generator_c.dir/compiler_depend.internal".
[35m[1mConsolidate compiler generated dependencies of target composition_interfaces__rosidl_generator_c[0m
gmake[6]: Leaving directory '/micro_ros_ws/firmware/mcu_ws/build/composition_interfaces'
/usr/bin/gmake  -f CMakeFiles/composition_interfaces__rosidl_generator_c.dir/build.make CMakeFiles/composition_interfaces__rosidl_generator_c.dir/build
gmake[6]: Entering directory '/micro_ros_ws/firmware/mcu_ws/build/composition_interfaces'
gmake[6]: Nothing to be done for 'CMakeFiles/composition_interfaces__rosidl_generator_c.dir/build'.
gmake[6]: Leaving directory '/micro_ros_ws/firmware/mcu_ws/build/composition_interfaces'
[ 25%] Built target composition_interfaces__rosidl_generator_c
/usr/bin/gmake  -f CMakeFiles/composition_interfaces__rosidl_typesupport_c.dir/build.make CMakeFiles/composition_interfaces__rosidl_typesupport_c.dir/depend
/usr/bin/gmake  -f CMakeFiles/composition_interfaces__rosidl_typesupport_introspection_c.dir/build.make CMakeFiles/composition_interfaces__rosidl_typesupport_introspection_c.dir/depend
/usr/bin/gmake  -f CMakeFiles/composition_interfaces__rosidl_typesupport_microxrcedds_c.dir/build.make CMakeFiles/composition_interfaces__rosidl_typesupport_microxrcedds_c.dir/depend
gmake[6]: Entering directory '/micro_ros_ws/firmware/mcu_ws/build/composition_interfaces'
cd /micro_ros_ws/firmware/mcu_ws/build/composition_interfaces && /usr/bin/cmake -E cmake_depends "Unix Makefiles" /micro_ros_ws/firmware/mcu_ws/ros2/rcl_interfaces/composition_interfaces /micro_ros_ws/firmware/mcu_ws/ros2/rcl_interfaces/composition_interfaces /micro_ros_ws/firmware/mcu_ws/build/composition_interfaces /micro_ros_ws/firmware/mcu_ws/build/composition_interfaces /micro_ros_ws/firmware/mcu_ws/build/composition_interfaces/CMakeFiles/composition_interfaces__rosidl_typesupport_microxrcedds_c.dir/DependInfo.cmake --color=
gmake[6]: Entering directory '/micro_ros_ws/firmware/mcu_ws/build/composition_interfaces'
cd /micro_ros_ws/firmware/mcu_ws/build/composition_interfaces && /usr/bin/cmake -E cmake_depends "Unix Makefiles" /micro_ros_ws/firmware/mcu_ws/ros2/rcl_interfaces/composition_interfaces /micro_ros_ws/firmware/mcu_ws/ros2/rcl_interfaces/composition_interfaces /micro_ros_ws/firmware/mcu_ws/build/composition_interfaces /micro_ros_ws/firmware/mcu_ws/build/composition_interfaces /micro_ros_ws/firmware/mcu_ws/build/composition_interfaces/CMakeFiles/composition_interfaces__rosidl_typesupport_c.dir/DependInfo.cmake --color=
gmake[6]: Entering directory '/micro_ros_ws/firmware/mcu_ws/build/composition_interfaces'
cd /micro_ros_ws/firmware/mcu_ws/build/composition_interfaces && /usr/bin/cmake -E cmake_depends "Unix Makefiles" /micro_ros_ws/firmware/mcu_ws/ros2/rcl_interfaces/composition_interfaces /micro_ros_ws/firmware/mcu_ws/ros2/rcl_interfaces/composition_interfaces /micro_ros_ws/firmware/mcu_ws/build/composition_interfaces /micro_ros_ws/firmware/mcu_ws/build/composition_interfaces /micro_ros_ws/firmware/mcu_ws/build/composition_interfaces/CMakeFiles/composition_interfaces__rosidl_typesupport_introspection_c.dir/DependInfo.cmake --color=
Dependencies file "CMakeFiles/composition_interfaces__rosidl_typesupport_microxrcedds_c.dir/rosidl_typesupport_microxrcedds_c/composition_interfaces/srv/detail/microxrcedds/list_nodes__type_support_c.c.obj.d" is newer than depends file "/micro_ros_ws/firmware/mcu_ws/build/composition_interfaces/CMakeFiles/composition_interfaces__rosidl_typesupport_microxrcedds_c.dir/compiler_depend.internal".
Dependencies file "CMakeFiles/composition_interfaces__rosidl_typesupport_microxrcedds_c.dir/rosidl_typesupport_microxrcedds_c/composition_interfaces/srv/detail/microxrcedds/load_node__type_support_c.c.obj.d" is newer than depends file "/micro_ros_ws/firmware/mcu_ws/build/composition_interfaces/CMakeFiles/composition_interfaces__rosidl_typesupport_microxrcedds_c.dir/compiler_depend.internal".
Dependencies file "CMakeFiles/composition_interfaces__rosidl_typesupport_c.dir/rosidl_typesupport_c/composition_interfaces/srv/list_nodes__type_support.cpp.obj.d" is newer than depends file "/micro_ros_ws/firmware/mcu_ws/build/composition_interfaces/CMakeFiles/composition_interfaces__rosidl_typesupport_c.dir/compiler_depend.internal".
Dependencies file "CMakeFiles/composition_interfaces__rosidl_typesupport_microxrcedds_c.dir/rosidl_typesupport_microxrcedds_c/composition_interfaces/srv/detail/microxrcedds/unload_node__type_support_c.c.obj.d" is newer than depends file "/micro_ros_ws/firmware/mcu_ws/build/composition_interfaces/CMakeFiles/composition_interfaces__rosidl_typesupport_microxrcedds_c.dir/compiler_depend.internal".
Dependencies file "CMakeFiles/composition_interfaces__rosidl_typesupport_c.dir/rosidl_typesupport_c/composition_interfaces/srv/load_node__type_support.cpp.obj.d" is newer than depends file "/micro_ros_ws/firmware/mcu_ws/build/composition_interfaces/CMakeFiles/composition_interfaces__rosidl_typesupport_c.dir/compiler_depend.internal".
[35m[1mConsolidate compiler generated dependencies of target composition_interfaces__rosidl_typesupport_microxrcedds_c[0m
Dependencies file "CMakeFiles/composition_interfaces__rosidl_typesupport_c.dir/rosidl_typesupport_c/composition_interfaces/srv/unload_node__type_support.cpp.obj.d" is newer than depends file "/micro_ros_ws/firmware/mcu_ws/build/composition_interfaces/CMakeFiles/composition_interfaces__rosidl_typesupport_c.dir/compiler_depend.internal".
Dependencies file "CMakeFiles/composition_interfaces__rosidl_typesupport_introspection_c.dir/rosidl_typesupport_introspection_c/composition_interfaces/srv/detail/list_nodes__type_support.c.obj.d" is newer than depends file "/micro_ros_ws/firmware/mcu_ws/build/composition_interfaces/CMakeFiles/composition_interfaces__rosidl_typesupport_introspection_c.dir/compiler_depend.internal".
[35m[1mConsolidate compiler generated dependencies of target composition_interfaces__rosidl_typesupport_c[0m
Dependencies file "CMakeFiles/composition_interfaces__rosidl_typesupport_introspection_c.dir/rosidl_typesupport_introspection_c/composition_interfaces/srv/detail/load_node__type_support.c.obj.d" is newer than depends file "/micro_ros_ws/firmware/mcu_ws/build/composition_interfaces/CMakeFiles/composition_interfaces__rosidl_typesupport_introspection_c.dir/compiler_depend.internal".
Dependencies file "CMakeFiles/composition_interfaces__rosidl_typesupport_introspection_c.dir/rosidl_typesupport_introspection_c/composition_interfaces/srv/detail/unload_node__type_support.c.obj.d" is newer than depends file "/micro_ros_ws/firmware/mcu_ws/build/composition_interfaces/CMakeFiles/composition_interfaces__rosidl_typesupport_introspection_c.dir/compiler_depend.internal".
[35m[1mConsolidate compiler generated dependencies of target composition_interfaces__rosidl_typesupport_introspection_c[0m
gmake[6]: Leaving directory '/micro_ros_ws/firmware/mcu_ws/build/composition_interfaces'
/usr/bin/gmake  -f CMakeFiles/composition_interfaces__rosidl_typesupport_c.dir/build.make CMakeFiles/composition_interfaces__rosidl_typesupport_c.dir/build
gmake[6]: Leaving directory '/micro_ros_ws/firmware/mcu_ws/build/composition_interfaces'
/usr/bin/gmake  -f CMakeFiles/composition_interfaces__rosidl_typesupport_introspection_c.dir/build.make CMakeFiles/composition_interfaces__rosidl_typesupport_introspection_c.dir/build
gmake[6]: Leaving directory '/micro_ros_ws/firmware/mcu_ws/build/composition_interfaces'
/usr/bin/gmake  -f CMakeFiles/composition_interfaces__rosidl_typesupport_microxrcedds_c.dir/build.make CMakeFiles/composition_interfaces__rosidl_typesupport_microxrcedds_c.dir/build
gmake[6]: Entering directory '/micro_ros_ws/firmware/mcu_ws/build/composition_interfaces'
gmake[6]: Nothing to be done for 'CMakeFiles/composition_interfaces__rosidl_typesupport_c.dir/build'.
gmake[6]: Leaving directory '/micro_ros_ws/firmware/mcu_ws/build/composition_interfaces'
gmake[6]: Entering directory '/micro_ros_ws/firmware/mcu_ws/build/composition_interfaces'
gmake[6]: Nothing to be done for 'CMakeFiles/composition_interfaces__rosidl_typesupport_introspection_c.dir/build'.
gmake[6]: Leaving directory '/micro_ros_ws/firmware/mcu_ws/build/composition_interfaces'
gmake[6]: Entering directory '/micro_ros_ws/firmware/mcu_ws/build/composition_interfaces'
gmake[6]: Nothing to be done for 'CMakeFiles/composition_interfaces__rosidl_typesupport_microxrcedds_c.dir/build'.
gmake[6]: Leaving directory '/micro_ros_ws/firmware/mcu_ws/build/composition_interfaces'
[ 50%] Built target composition_interfaces__rosidl_typesupport_c
[ 75%] Built target composition_interfaces__rosidl_typesupport_introspection_c
[100%] Built target composition_interfaces__rosidl_typesupport_microxrcedds_c
/usr/bin/gmake  -f CMakeFiles/composition_interfaces.dir/build.make CMakeFiles/composition_interfaces.dir/depend
gmake[6]: Entering directory '/micro_ros_ws/firmware/mcu_ws/build/composition_interfaces'
cd /micro_ros_ws/firmware/mcu_ws/build/composition_interfaces && /usr/bin/cmake -E cmake_depends "Unix Makefiles" /micro_ros_ws/firmware/mcu_ws/ros2/rcl_interfaces/composition_interfaces /micro_ros_ws/firmware/mcu_ws/ros2/rcl_interfaces/composition_interfaces /micro_ros_ws/firmware/mcu_ws/build/composition_interfaces /micro_ros_ws/firmware/mcu_ws/build/composition_interfaces /micro_ros_ws/firmware/mcu_ws/build/composition_interfaces/CMakeFiles/composition_interfaces.dir/DependInfo.cmake --color=
gmake[6]: Leaving directory '/micro_ros_ws/firmware/mcu_ws/build/composition_interfaces'
/usr/bin/gmake  -f CMakeFiles/composition_interfaces.dir/build.make CMakeFiles/composition_interfaces.dir/build
gmake[6]: Entering directory '/micro_ros_ws/firmware/mcu_ws/build/composition_interfaces'
gmake[6]: Nothing to be done for 'CMakeFiles/composition_interfaces.dir/build'.
gmake[6]: Leaving directory '/micro_ros_ws/firmware/mcu_ws/build/composition_interfaces'
[100%] Built target composition_interfaces
gmake[5]: Leaving directory '/micro_ros_ws/firmware/mcu_ws/build/composition_interfaces'
/usr/bin/cmake -E cmake_progress_start /micro_ros_ws/firmware/mcu_ws/build/composition_interfaces/CMakeFiles 0
gmake[4]: Leaving directory '/micro_ros_ws/firmware/mcu_ws/build/composition_interfaces'
-- Install configuration: "Debug"
-- Up-to-date: /micro_ros_ws/firmware/mcu_ws/install/share/ament_index/resource_index/rosidl_interfaces/composition_interfaces
-- Up-to-date: /micro_ros_ws/firmware/mcu_ws/install/include/composition_interfaces/composition_interfaces
-- Up-to-date: /micro_ros_ws/firmware/mcu_ws/install/include/composition_interfaces/composition_interfaces/msg
-- Up-to-date: /micro_ros_ws/firmware/mcu_ws/install/include/composition_interfaces/composition_interfaces/msg/rosidl_generator_c__visibility_control.h
-- Up-to-date: /micro_ros_ws/firmware/mcu_ws/install/include/composition_interfaces/composition_interfaces/srv
-- Up-to-date: /micro_ros_ws/firmware/mcu_ws/install/include/composition_interfaces/composition_interfaces/srv/detail
-- Up-to-date: /micro_ros_ws/firmware/mcu_ws/install/include/composition_interfaces/composition_interfaces/srv/detail/list_nodes__functions.c
-- Up-to-date: /micro_ros_ws/firmware/mcu_ws/install/include/composition_interfaces/composition_interfaces/srv/detail/list_nodes__functions.h
-- Up-to-date: /micro_ros_ws/firmware/mcu_ws/install/include/composition_interfaces/composition_interfaces/srv/detail/list_nodes__struct.h
-- Up-to-date: /micro_ros_ws/firmware/mcu_ws/install/include/composition_interfaces/composition_interfaces/srv/detail/list_nodes__type_support.h
-- Up-to-date: /micro_ros_ws/firmware/mcu_ws/install/include/composition_interfaces/composition_interfaces/srv/detail/load_node__functions.c
-- Up-to-date: /micro_ros_ws/firmware/mcu_ws/install/include/composition_interfaces/composition_interfaces/srv/detail/load_node__functions.h
-- Up-to-date: /micro_ros_ws/firmware/mcu_ws/install/include/composition_interfaces/composition_interfaces/srv/detail/load_node__struct.h
-- Up-to-date: /micro_ros_ws/firmware/mcu_ws/install/include/composition_interfaces/composition_interfaces/srv/detail/load_node__type_support.h
-- Up-to-date: /micro_ros_ws/firmware/mcu_ws/install/include/composition_interfaces/composition_interfaces/srv/detail/unload_node__functions.c
-- Up-to-date: /micro_ros_ws/firmware/mcu_ws/install/include/composition_interfaces/composition_interfaces/srv/detail/unload_node__functions.h
-- Up-to-date: /micro_ros_ws/firmware/mcu_ws/install/include/composition_interfaces/composition_interfaces/srv/detail/unload_node__struct.h
-- Up-to-date: /micro_ros_ws/firmware/mcu_ws/install/include/composition_interfaces/composition_interfaces/srv/detail/unload_node__type_support.h
-- Up-to-date: /micro_ros_ws/firmware/mcu_ws/install/include/composition_interfaces/composition_interfaces/srv/list_nodes.h
-- Up-to-date: /micro_ros_ws/firmware/mcu_ws/install/include/composition_interfaces/composition_interfaces/srv/load_node.h
-- Up-to-date: /micro_ros_ws/firmware/mcu_ws/install/include/composition_interfaces/composition_interfaces/srv/unload_node.h
-- Up-to-date: /micro_ros_ws/firmware/mcu_ws/install/share/composition_interfaces/environment/library_path.sh
-- Installing: /micro_ros_ws/firmware/mcu_ws/install/share/composition_interfaces/environment/library_path.dsv
-- Up-to-date: /micro_ros_ws/firmware/mcu_ws/install/lib/libcomposition_interfaces__rosidl_generator_c.a
-- Up-to-date: /micro_ros_ws/firmware/mcu_ws/install/include/composition_interfaces/composition_interfaces
-- Up-to-date: /micro_ros_ws/firmware/mcu_ws/install/include/composition_interfaces/composition_interfaces/msg
-- Up-to-date: /micro_ros_ws/firmware/mcu_ws/install/include/composition_interfaces/composition_interfaces/msg/rosidl_typesupport_introspection_c__visibility_control.h
-- Up-to-date: /micro_ros_ws/firmware/mcu_ws/install/include/composition_interfaces/composition_interfaces/srv
-- Up-to-date: /micro_ros_ws/firmware/mcu_ws/install/include/composition_interfaces/composition_interfaces/srv/detail
-- Up-to-date: /micro_ros_ws/firmware/mcu_ws/install/include/composition_interfaces/composition_interfaces/srv/detail/list_nodes__rosidl_typesupport_introspection_c.h
-- Up-to-date: /micro_ros_ws/firmware/mcu_ws/install/include/composition_interfaces/composition_interfaces/srv/detail/list_nodes__type_support.c
-- Up-to-date: /micro_ros_ws/firmware/mcu_ws/install/include/composition_interfaces/composition_interfaces/srv/detail/load_node__rosidl_typesupport_introspection_c.h
-- Up-to-date: /micro_ros_ws/firmware/mcu_ws/install/include/composition_interfaces/composition_interfaces/srv/detail/load_node__type_support.c
-- Up-to-date: /micro_ros_ws/firmware/mcu_ws/install/include/composition_interfaces/composition_interfaces/srv/detail/unload_node__rosidl_typesupport_introspection_c.h
-- Up-to-date: /micro_ros_ws/firmware/mcu_ws/install/include/composition_interfaces/composition_interfaces/srv/detail/unload_node__type_support.c
-- Up-to-date: /micro_ros_ws/firmware/mcu_ws/install/lib/libcomposition_interfaces__rosidl_typesupport_introspection_c.a
-- Up-to-date: /micro_ros_ws/firmware/mcu_ws/install/include/composition_interfaces/composition_interfaces
-- Up-to-date: /micro_ros_ws/firmware/mcu_ws/install/include/composition_interfaces/composition_interfaces/msg
-- Up-to-date: /micro_ros_ws/firmware/mcu_ws/install/include/composition_interfaces/composition_interfaces/msg/rosidl_typesupport_microxrcedds_c__visibility_control.h
-- Up-to-date: /micro_ros_ws/firmware/mcu_ws/install/include/composition_interfaces/composition_interfaces/srv
-- Up-to-date: /micro_ros_ws/firmware/mcu_ws/install/include/composition_interfaces/composition_interfaces/srv/detail
-- Up-to-date: /micro_ros_ws/firmware/mcu_ws/install/include/composition_interfaces/composition_interfaces/srv/detail/list_nodes__rosidl_typesupport_microxrcedds_c.h
-- Up-to-date: /micro_ros_ws/firmware/mcu_ws/install/include/composition_interfaces/composition_interfaces/srv/detail/load_node__rosidl_typesupport_microxrcedds_c.h
-- Up-to-date: /micro_ros_ws/firmware/mcu_ws/install/include/composition_interfaces/composition_interfaces/srv/detail/microxrcedds
-- Up-to-date: /micro_ros_ws/firmware/mcu_ws/install/include/composition_interfaces/composition_interfaces/srv/detail/unload_node__rosidl_typesupport_microxrcedds_c.h
-- Up-to-date: /micro_ros_ws/firmware/mcu_ws/install/lib/libcomposition_interfaces__rosidl_typesupport_microxrcedds_c.a
-- Up-to-date: /micro_ros_ws/firmware/mcu_ws/install/lib/libcomposition_interfaces__rosidl_typesupport_c.a
-- Up-to-date: /micro_ros_ws/firmware/mcu_ws/install/share/composition_interfaces/srv/LoadNode.idl
-- Up-to-date: /micro_ros_ws/firmware/mcu_ws/install/share/composition_interfaces/srv/ListNodes.idl
-- Up-to-date: /micro_ros_ws/firmware/mcu_ws/install/share/composition_interfaces/srv/UnloadNode.idl
-- Up-to-date: /micro_ros_ws/firmware/mcu_ws/install/share/composition_interfaces/srv/LoadNode.srv
-- Up-to-date: /micro_ros_ws/firmware/mcu_ws/install/share/composition_interfaces/srv/LoadNode_Request.msg
-- Up-to-date: /micro_ros_ws/firmware/mcu_ws/install/share/composition_interfaces/srv/LoadNode_Response.msg
-- Up-to-date: /micro_ros_ws/firmware/mcu_ws/install/share/composition_interfaces/srv/ListNodes.srv
-- Up-to-date: /micro_ros_ws/firmware/mcu_ws/install/share/composition_interfaces/srv/ListNodes_Request.msg
-- Up-to-date: /micro_ros_ws/firmware/mcu_ws/install/share/composition_interfaces/srv/ListNodes_Response.msg
-- Up-to-date: /micro_ros_ws/firmware/mcu_ws/install/share/composition_interfaces/srv/UnloadNode.srv
-- Up-to-date: /micro_ros_ws/firmware/mcu_ws/install/share/composition_interfaces/srv/UnloadNode_Request.msg
-- Up-to-date: /micro_ros_ws/firmware/mcu_ws/install/share/composition_interfaces/srv/UnloadNode_Response.msg
-- Up-to-date: /micro_ros_ws/firmware/mcu_ws/install/share/ament_index/resource_index/package_run_dependencies/composition_interfaces
-- Up-to-date: /micro_ros_ws/firmware/mcu_ws/install/share/ament_index/resource_index/parent_prefix_path/composition_interfaces
-- Up-to-date: /micro_ros_ws/firmware/mcu_ws/install/share/composition_interfaces/environment/ament_prefix_path.sh
-- Installing: /micro_ros_ws/firmware/mcu_ws/install/share/composition_interfaces/environment/ament_prefix_path.dsv
-- Up-to-date: /micro_ros_ws/firmware/mcu_ws/install/share/composition_interfaces/environment/path.sh
-- Installing: /micro_ros_ws/firmware/mcu_ws/install/share/composition_interfaces/environment/path.dsv
-- Up-to-date: /micro_ros_ws/firmware/mcu_ws/install/share/composition_interfaces/local_setup.bash
-- Up-to-date: /micro_ros_ws/firmware/mcu_ws/install/share/composition_interfaces/local_setup.sh
-- Up-to-date: /micro_ros_ws/firmware/mcu_ws/install/share/composition_interfaces/local_setup.zsh
-- Installing: /micro_ros_ws/firmware/mcu_ws/install/share/composition_interfaces/local_setup.dsv
-- Installing: /micro_ros_ws/firmware/mcu_ws/install/share/composition_interfaces/package.dsv
-- Up-to-date: /micro_ros_ws/firmware/mcu_ws/install/share/ament_index/resource_index/packages/composition_interfaces
-- Up-to-date: /micro_ros_ws/firmware/mcu_ws/install/share/composition_interfaces/cmake/export_composition_interfaces__rosidl_generator_cExport.cmake
-- Up-to-date: /micro_ros_ws/firmware/mcu_ws/install/share/composition_interfaces/cmake/export_composition_interfaces__rosidl_generator_cExport-debug.cmake
-- Up-to-date: /micro_ros_ws/firmware/mcu_ws/install/share/composition_interfaces/cmake/composition_interfaces__rosidl_typesupport_introspection_cExport.cmake
-- Up-to-date: /micro_ros_ws/firmware/mcu_ws/install/share/composition_interfaces/cmake/composition_interfaces__rosidl_typesupport_introspection_cExport-debug.cmake
-- Up-to-date: /micro_ros_ws/firmware/mcu_ws/install/share/composition_interfaces/cmake/composition_interfaces__rosidl_typesupport_cExport.cmake
-- Up-to-date: /micro_ros_ws/firmware/mcu_ws/install/share/composition_interfaces/cmake/composition_interfaces__rosidl_typesupport_cExport-debug.cmake
-- Up-to-date: /micro_ros_ws/firmware/mcu_ws/install/share/composition_interfaces/cmake/rosidl_cmake-extras.cmake
-- Up-to-date: /micro_ros_ws/firmware/mcu_ws/install/share/composition_interfaces/cmake/ament_cmake_export_dependencies-extras.cmake
-- Up-to-date: /micro_ros_ws/firmware/mcu_ws/install/share/composition_interfaces/cmake/ament_cmake_export_include_directories-extras.cmake
-- Up-to-date: /micro_ros_ws/firmware/mcu_ws/install/share/composition_interfaces/cmake/ament_cmake_export_libraries-extras.cmake
-- Up-to-date: /micro_ros_ws/firmware/mcu_ws/install/share/composition_interfaces/cmake/ament_cmake_export_targets-extras.cmake
-- Up-to-date: /micro_ros_ws/firmware/mcu_ws/install/share/composition_interfaces/cmake/rosidl_cmake_export_typesupport_targets-extras.cmake
-- Up-to-date: /micro_ros_ws/firmware/mcu_ws/install/share/composition_interfaces/cmake/rosidl_cmake_export_typesupport_libraries-extras.cmake
-- Up-to-date: /micro_ros_ws/firmware/mcu_ws/install/share/composition_interfaces/cmake/rosidl_cmake_aggregate_target-extras.cmake
-- Up-to-date: /micro_ros_ws/firmware/mcu_ws/install/share/composition_interfaces/cmake/composition_interfacesConfig.cmake
-- Up-to-date: /micro_ros_ws/firmware/mcu_ws/install/share/composition_interfaces/cmake/composition_interfacesConfig-version.cmake
-- Up-to-date: /micro_ros_ws/firmware/mcu_ws/install/share/composition_interfaces/package.xml
