[0.909s] Invoking command in '/micro_ros_ws/firmware/mcu_ws/build/rmw_implementation_cmake': CMAKE_PREFIX_PATH=${CMAKE_PREFIX_PATH}:/micro_ros_ws/firmware/dev_ws/install/ament_uncrustify:/micro_ros_ws/firmware/dev_ws/install/domain_coordinator:/micro_ros_ws/firmware/dev_ws/install/ament_xmllint:/micro_ros_ws/firmware/dev_ws/install/ament_pyflakes:/micro_ros_ws/firmware/dev_ws/install/ament_pycodestyle:/micro_ros_ws/firmware/dev_ws/install/ament_pep257:/micro_ros_ws/firmware/dev_ws/install/ament_pclint:/micro_ros_ws/firmware/dev_ws/install/ament_package:/micro_ros_ws/firmware/dev_ws/install/ament_mypy:/micro_ros_ws/firmware/dev_ws/install/ament_lint_cmake:/micro_ros_ws/firmware/dev_ws/install/ament_flake8:/micro_ros_ws/firmware/dev_ws/install/ament_copyright:/micro_ros_ws/firmware/dev_ws/install/ament_lint:/micro_ros_ws/firmware/dev_ws/install/ament_index_python:/micro_ros_ws/firmware/dev_ws/install/ament_cpplint:/micro_ros_ws/firmware/dev_ws/install/ament_cppcheck:/micro_ros_ws/firmware/dev_ws/install/ament_clang_tidy:/micro_ros_ws/firmware/dev_ws/install/ament_clang_format /usr/bin/cmake --build /micro_ros_ws/firmware/mcu_ws/build/rmw_implementation_cmake -- -j12 -l12
[2.282s] gmake[4]: Entering directory '/micro_ros_ws/firmware/mcu_ws/build/rmw_implementation_cmake'
[2.282s] /usr/bin/cmake -S/micro_ros_ws/firmware/mcu_ws/ros2/rmw/rmw_implementation_cmake -B/micro_ros_ws/firmware/mcu_ws/build/rmw_implementation_cmake --check-build-system CMakeFiles/Makefile.cmake 0
[2.284s] Re-run cmake file: Makefile older than: /micro_ros_ws/firmware/freertos_apps/microros_esp32_extensions/esp32_toolchain.cmake
[2.285s] -- Found ament_cmake: 1.3.14 (/micro_ros_ws/firmware/dev_ws/install/ament_cmake/share/ament_cmake/cmake)
[2.286s] -- Configuring done
[2.287s] -- Generating done
[2.287s] -- Build files have been written to: /micro_ros_ws/firmware/mcu_ws/build/rmw_implementation_cmake
[2.288s] /usr/bin/cmake -E cmake_progress_start /micro_ros_ws/firmware/mcu_ws/build/rmw_implementation_cmake/CMakeFiles /micro_ros_ws/firmware/mcu_ws/build/rmw_implementation_cmake//CMakeFiles/progress.marks
[2.289s] /usr/bin/gmake  -f CMakeFiles/Makefile2 all
[2.290s] gmake[5]: Entering directory '/micro_ros_ws/firmware/mcu_ws/build/rmw_implementation_cmake'
[2.291s] gmake[5]: Nothing to be done for 'all'.
[2.291s] gmake[5]: Leaving directory '/micro_ros_ws/firmware/mcu_ws/build/rmw_implementation_cmake'
[2.292s] /usr/bin/cmake -E cmake_progress_start /micro_ros_ws/firmware/mcu_ws/build/rmw_implementation_cmake/CMakeFiles 0
[2.293s] gmake[4]: Leaving directory '/micro_ros_ws/firmware/mcu_ws/build/rmw_implementation_cmake'
[2.329s] Invoked command in '/micro_ros_ws/firmware/mcu_ws/build/rmw_implementation_cmake' returned '0': CMAKE_PREFIX_PATH=${CMAKE_PREFIX_PATH}:/micro_ros_ws/firmware/dev_ws/install/ament_uncrustify:/micro_ros_ws/firmware/dev_ws/install/domain_coordinator:/micro_ros_ws/firmware/dev_ws/install/ament_xmllint:/micro_ros_ws/firmware/dev_ws/install/ament_pyflakes:/micro_ros_ws/firmware/dev_ws/install/ament_pycodestyle:/micro_ros_ws/firmware/dev_ws/install/ament_pep257:/micro_ros_ws/firmware/dev_ws/install/ament_pclint:/micro_ros_ws/firmware/dev_ws/install/ament_package:/micro_ros_ws/firmware/dev_ws/install/ament_mypy:/micro_ros_ws/firmware/dev_ws/install/ament_lint_cmake:/micro_ros_ws/firmware/dev_ws/install/ament_flake8:/micro_ros_ws/firmware/dev_ws/install/ament_copyright:/micro_ros_ws/firmware/dev_ws/install/ament_lint:/micro_ros_ws/firmware/dev_ws/install/ament_index_python:/micro_ros_ws/firmware/dev_ws/install/ament_cpplint:/micro_ros_ws/firmware/dev_ws/install/ament_cppcheck:/micro_ros_ws/firmware/dev_ws/install/ament_clang_tidy:/micro_ros_ws/firmware/dev_ws/install/ament_clang_format /usr/bin/cmake --build /micro_ros_ws/firmware/mcu_ws/build/rmw_implementation_cmake -- -j12 -l12
[2.331s] Invoking command in '/micro_ros_ws/firmware/mcu_ws/build/rmw_implementation_cmake': CMAKE_PREFIX_PATH=${CMAKE_PREFIX_PATH}:/micro_ros_ws/firmware/dev_ws/install/ament_uncrustify:/micro_ros_ws/firmware/dev_ws/install/domain_coordinator:/micro_ros_ws/firmware/dev_ws/install/ament_xmllint:/micro_ros_ws/firmware/dev_ws/install/ament_pyflakes:/micro_ros_ws/firmware/dev_ws/install/ament_pycodestyle:/micro_ros_ws/firmware/dev_ws/install/ament_pep257:/micro_ros_ws/firmware/dev_ws/install/ament_pclint:/micro_ros_ws/firmware/dev_ws/install/ament_package:/micro_ros_ws/firmware/dev_ws/install/ament_mypy:/micro_ros_ws/firmware/dev_ws/install/ament_lint_cmake:/micro_ros_ws/firmware/dev_ws/install/ament_flake8:/micro_ros_ws/firmware/dev_ws/install/ament_copyright:/micro_ros_ws/firmware/dev_ws/install/ament_lint:/micro_ros_ws/firmware/dev_ws/install/ament_index_python:/micro_ros_ws/firmware/dev_ws/install/ament_cpplint:/micro_ros_ws/firmware/dev_ws/install/ament_cppcheck:/micro_ros_ws/firmware/dev_ws/install/ament_clang_tidy:/micro_ros_ws/firmware/dev_ws/install/ament_clang_format /usr/bin/cmake --install /micro_ros_ws/firmware/mcu_ws/build/rmw_implementation_cmake
[2.357s] -- Install configuration: "Debug"
[2.361s] -- Up-to-date: /micro_ros_ws/firmware/mcu_ws/install/share/ament_index/resource_index/package_run_dependencies/rmw_implementation_cmake
[2.371s] -- Up-to-date: /micro_ros_ws/firmware/mcu_ws/install/share/ament_index/resource_index/parent_prefix_path/rmw_implementation_cmake
[2.375s] -- Up-to-date: /micro_ros_ws/firmware/mcu_ws/install/share/rmw_implementation_cmake/environment/ament_prefix_path.sh
[2.378s] -- Installing: /micro_ros_ws/firmware/mcu_ws/install/share/rmw_implementation_cmake/environment/ament_prefix_path.dsv
[2.390s] -- Up-to-date: /micro_ros_ws/firmware/mcu_ws/install/share/rmw_implementation_cmake/environment/path.sh
[2.392s] -- Installing: /micro_ros_ws/firmware/mcu_ws/install/share/rmw_implementation_cmake/environment/path.dsv
[2.397s] -- Up-to-date: /micro_ros_ws/firmware/mcu_ws/install/share/rmw_implementation_cmake/local_setup.bash
[2.398s] -- Up-to-date: /micro_ros_ws/firmware/mcu_ws/install/share/rmw_implementation_cmake/local_setup.sh
[2.401s] -- Up-to-date: /micro_ros_ws/firmware/mcu_ws/install/share/rmw_implementation_cmake/local_setup.zsh
[2.405s] -- Installing: /micro_ros_ws/firmware/mcu_ws/install/share/rmw_implementation_cmake/local_setup.dsv
[2.408s] -- Installing: /micro_ros_ws/firmware/mcu_ws/install/share/rmw_implementation_cmake/package.dsv
[2.417s] -- Up-to-date: /micro_ros_ws/firmware/mcu_ws/install/share/ament_index/resource_index/packages/rmw_implementation_cmake
[2.423s] -- Up-to-date: /micro_ros_ws/firmware/mcu_ws/install/share/rmw_implementation_cmake/cmake/rmw_implementation_cmake-extras.cmake
[2.429s] -- Up-to-date: /micro_ros_ws/firmware/mcu_ws/install/share/rmw_implementation_cmake/cmake/ament_cmake_export_dependencies-extras.cmake
[2.435s] -- Up-to-date: /micro_ros_ws/firmware/mcu_ws/install/share/rmw_implementation_cmake/cmake/rmw_implementation_cmakeConfig.cmake
[2.440s] -- Up-to-date: /micro_ros_ws/firmware/mcu_ws/install/share/rmw_implementation_cmake/cmake/rmw_implementation_cmakeConfig-version.cmake
[2.446s] -- Up-to-date: /micro_ros_ws/firmware/mcu_ws/install/share/rmw_implementation_cmake/package.xml
[2.449s] -- Up-to-date: /micro_ros_ws/firmware/mcu_ws/install/share/rmw_implementation_cmake/cmake
[2.456s] -- Up-to-date: /micro_ros_ws/firmware/mcu_ws/install/share/rmw_implementation_cmake/cmake/call_for_each_rmw_implementation.cmake
[2.465s] -- Up-to-date: /micro_ros_ws/firmware/mcu_ws/install/share/rmw_implementation_cmake/cmake/get_available_rmw_implementations.cmake
[2.473s] -- Up-to-date: /micro_ros_ws/firmware/mcu_ws/install/share/rmw_implementation_cmake/cmake/get_default_rmw_implementation.cmake
[2.976s] Invoked command in '/micro_ros_ws/firmware/mcu_ws/build/rmw_implementation_cmake' returned '0': CMAKE_PREFIX_PATH=${CMAKE_PREFIX_PATH}:/micro_ros_ws/firmware/dev_ws/install/ament_uncrustify:/micro_ros_ws/firmware/dev_ws/install/domain_coordinator:/micro_ros_ws/firmware/dev_ws/install/ament_xmllint:/micro_ros_ws/firmware/dev_ws/install/ament_pyflakes:/micro_ros_ws/firmware/dev_ws/install/ament_pycodestyle:/micro_ros_ws/firmware/dev_ws/install/ament_pep257:/micro_ros_ws/firmware/dev_ws/install/ament_pclint:/micro_ros_ws/firmware/dev_ws/install/ament_package:/micro_ros_ws/firmware/dev_ws/install/ament_mypy:/micro_ros_ws/firmware/dev_ws/install/ament_lint_cmake:/micro_ros_ws/firmware/dev_ws/install/ament_flake8:/micro_ros_ws/firmware/dev_ws/install/ament_copyright:/micro_ros_ws/firmware/dev_ws/install/ament_lint:/micro_ros_ws/firmware/dev_ws/install/ament_index_python:/micro_ros_ws/firmware/dev_ws/install/ament_cpplint:/micro_ros_ws/firmware/dev_ws/install/ament_cppcheck:/micro_ros_ws/firmware/dev_ws/install/ament_clang_tidy:/micro_ros_ws/firmware/dev_ws/install/ament_clang_format /usr/bin/cmake --install /micro_ros_ws/firmware/mcu_ws/build/rmw_implementation_cmake
