[0.043s] Invoking command in '/micro_ros_ws/wall_e_ws/build/wall_e_description': CMAKE_PREFIX_PATH=/opt/ros/humble /usr/bin/cmake --build /micro_ros_ws/wall_e_ws/build/wall_e_description -- -j12 -l12
[0.131s] Invoked command in '/micro_ros_ws/wall_e_ws/build/wall_e_description' returned '0': CMAKE_PREFIX_PATH=/opt/ros/humble /usr/bin/cmake --build /micro_ros_ws/wall_e_ws/build/wall_e_description -- -j12 -l12
[0.156s] Invoking command in '/micro_ros_ws/wall_e_ws/build/wall_e_description': CMAKE_PREFIX_PATH=/opt/ros/humble /usr/bin/cmake --install /micro_ros_ws/wall_e_ws/build/wall_e_description
[0.169s] -- Install configuration: ""
[0.174s] -- Up-to-date: /micro_ros_ws/wall_e_ws/install/wall_e_description/share/wall_e_description/launch
[0.189s] -- Up-to-date: /micro_ros_ws/wall_e_ws/install/wall_e_description/share/wall_e_description/launch/wall_e.launch.py
[0.197s] -- Up-to-date: /micro_ros_ws/wall_e_ws/install/wall_e_description/share/wall_e_description/rviz
[0.212s] -- Up-to-date: /micro_ros_ws/wall_e_ws/install/wall_e_description/share/wall_e_description/rviz/robot.rviz
[0.220s] -- Up-to-date: /micro_ros_ws/wall_e_ws/install/wall_e_description/share/wall_e_description/worlds
[0.235s] -- Up-to-date: /micro_ros_ws/wall_e_ws/install/wall_e_description/share/wall_e_description/worlds/indoor_room.world
[0.244s] -- Up-to-date: /micro_ros_ws/wall_e_ws/install/wall_e_description/share/wall_e_description/description
[0.262s] -- Up-to-date: /micro_ros_ws/wall_e_ws/install/wall_e_description/share/wall_e_description/description/robot.urdf.xacro
[0.282s] -- Up-to-date: /micro_ros_ws/wall_e_ws/install/wall_e_description/share/ament_index/resource_index/package_run_dependencies/wall_e_description
[0.303s] -- Up-to-date: /micro_ros_ws/wall_e_ws/install/wall_e_description/share/ament_index/resource_index/parent_prefix_path/wall_e_description
[0.313s] -- Up-to-date: /micro_ros_ws/wall_e_ws/install/wall_e_description/share/wall_e_description/environment/ament_prefix_path.sh
[0.329s] -- Up-to-date: /micro_ros_ws/wall_e_ws/install/wall_e_description/share/wall_e_description/environment/ament_prefix_path.dsv
[0.337s] -- Up-to-date: /micro_ros_ws/wall_e_ws/install/wall_e_description/share/wall_e_description/environment/path.sh
[0.351s] -- Up-to-date: /micro_ros_ws/wall_e_ws/install/wall_e_description/share/wall_e_description/environment/path.dsv
[0.364s] -- Up-to-date: /micro_ros_ws/wall_e_ws/install/wall_e_description/share/wall_e_description/local_setup.bash
[0.378s] -- Up-to-date: /micro_ros_ws/wall_e_ws/install/wall_e_description/share/wall_e_description/local_setup.sh
[0.390s] -- Up-to-date: /micro_ros_ws/wall_e_ws/install/wall_e_description/share/wall_e_description/local_setup.zsh
[0.403s] -- Up-to-date: /micro_ros_ws/wall_e_ws/install/wall_e_description/share/wall_e_description/local_setup.dsv
[0.414s] -- Installing: /micro_ros_ws/wall_e_ws/install/wall_e_description/share/wall_e_description/package.dsv
[0.456s] -- Up-to-date: /micro_ros_ws/wall_e_ws/install/wall_e_description/share/ament_index/resource_index/packages/wall_e_description
[0.472s] -- Up-to-date: /micro_ros_ws/wall_e_ws/install/wall_e_description/share/wall_e_description/cmake/wall_e_descriptionConfig.cmake
[0.484s] -- Up-to-date: /micro_ros_ws/wall_e_ws/install/wall_e_description/share/wall_e_description/cmake/wall_e_descriptionConfig-version.cmake
[0.496s] -- Up-to-date: /micro_ros_ws/wall_e_ws/install/wall_e_description/share/wall_e_description/package.xml
[0.504s] Invoked command in '/micro_ros_ws/wall_e_ws/build/wall_e_description' returned '0': CMAKE_PREFIX_PATH=/opt/ros/humble /usr/bin/cmake --install /micro_ros_ws/wall_e_ws/build/wall_e_description
