gmake[4]: Entering directory '/micro_ros_ws/firmware/mcu_ws/build/rosidl_typesupport_c'
/usr/bin/cmake -S/micro_ros_ws/firmware/mcu_ws/uros/rosidl_typesupport/rosidl_typesupport_c -B/micro_ros_ws/firmware/mcu_ws/build/rosidl_typesupport_c --check-build-system CMakeFiles/Makefile.cmake 0
Re-run cmake file: Makefile older than: /micro_ros_ws/firmware/freertos_apps/microros_esp32_extensions/esp32_toolchain.cmake
-- Found ament_cmake_ros: 0.10.0 (/micro_ros_ws/firmware/dev_ws/install/ament_cmake_ros/share/ament_cmake_ros/cmake)
-- Found rcutils: 5.1.7 (/micro_ros_ws/firmware/mcu_ws/install/share/rcutils/cmake)
-- Found rosidl_runtime_c: 3.1.8 (/micro_ros_ws/firmware/mcu_ws/install/share/rosidl_runtime_c/cmake)
-- Configuring done
-- Generating done
-- Build files have been written to: /micro_ros_ws/firmware/mcu_ws/build/rosidl_typesupport_c
/usr/bin/cmake -E cmake_progress_start /micro_ros_ws/firmware/mcu_ws/build/rosidl_typesupport_c/CMakeFiles /micro_ros_ws/firmware/mcu_ws/build/rosidl_typesupport_c//CMakeFiles/progress.marks
/usr/bin/gmake  -f CMakeFiles/Makefile2 all
gmake[5]: Entering directory '/micro_ros_ws/firmware/mcu_ws/build/rosidl_typesupport_c'
/usr/bin/gmake  -f CMakeFiles/ament_cmake_python_copy_rosidl_typesupport_c_setup.dir/build.make CMakeFiles/ament_cmake_python_copy_rosidl_typesupport_c_setup.dir/depend
/usr/bin/gmake  -f CMakeFiles/ament_cmake_python_copy_rosidl_typesupport_c.dir/build.make CMakeFiles/ament_cmake_python_copy_rosidl_typesupport_c.dir/depend
/usr/bin/gmake  -f CMakeFiles/rosidl_typesupport_c.dir/build.make CMakeFiles/rosidl_typesupport_c.dir/depend
gmake[6]: Entering directory '/micro_ros_ws/firmware/mcu_ws/build/rosidl_typesupport_c'
cd /micro_ros_ws/firmware/mcu_ws/build/rosidl_typesupport_c && /usr/bin/cmake -E cmake_depends "Unix Makefiles" /micro_ros_ws/firmware/mcu_ws/uros/rosidl_typesupport/rosidl_typesupport_c /micro_ros_ws/firmware/mcu_ws/uros/rosidl_typesupport/rosidl_typesupport_c /micro_ros_ws/firmware/mcu_ws/build/rosidl_typesupport_c /micro_ros_ws/firmware/mcu_ws/build/rosidl_typesupport_c /micro_ros_ws/firmware/mcu_ws/build/rosidl_typesupport_c/CMakeFiles/ament_cmake_python_copy_rosidl_typesupport_c.dir/DependInfo.cmake --color=
gmake[6]: Entering directory '/micro_ros_ws/firmware/mcu_ws/build/rosidl_typesupport_c'
cd /micro_ros_ws/firmware/mcu_ws/build/rosidl_typesupport_c && /usr/bin/cmake -E cmake_depends "Unix Makefiles" /micro_ros_ws/firmware/mcu_ws/uros/rosidl_typesupport/rosidl_typesupport_c /micro_ros_ws/firmware/mcu_ws/uros/rosidl_typesupport/rosidl_typesupport_c /micro_ros_ws/firmware/mcu_ws/build/rosidl_typesupport_c /micro_ros_ws/firmware/mcu_ws/build/rosidl_typesupport_c /micro_ros_ws/firmware/mcu_ws/build/rosidl_typesupport_c/CMakeFiles/ament_cmake_python_copy_rosidl_typesupport_c_setup.dir/DependInfo.cmake --color=
gmake[6]: Entering directory '/micro_ros_ws/firmware/mcu_ws/build/rosidl_typesupport_c'
cd /micro_ros_ws/firmware/mcu_ws/build/rosidl_typesupport_c && /usr/bin/cmake -E cmake_depends "Unix Makefiles" /micro_ros_ws/firmware/mcu_ws/uros/rosidl_typesupport/rosidl_typesupport_c /micro_ros_ws/firmware/mcu_ws/uros/rosidl_typesupport/rosidl_typesupport_c /micro_ros_ws/firmware/mcu_ws/build/rosidl_typesupport_c /micro_ros_ws/firmware/mcu_ws/build/rosidl_typesupport_c /micro_ros_ws/firmware/mcu_ws/build/rosidl_typesupport_c/CMakeFiles/rosidl_typesupport_c.dir/DependInfo.cmake --color=
gmake[6]: Leaving directory '/micro_ros_ws/firmware/mcu_ws/build/rosidl_typesupport_c'
gmake[6]: Leaving directory '/micro_ros_ws/firmware/mcu_ws/build/rosidl_typesupport_c'
/usr/bin/gmake  -f CMakeFiles/ament_cmake_python_copy_rosidl_typesupport_c_setup.dir/build.make CMakeFiles/ament_cmake_python_copy_rosidl_typesupport_c_setup.dir/build
/usr/bin/gmake  -f CMakeFiles/ament_cmake_python_copy_rosidl_typesupport_c.dir/build.make CMakeFiles/ament_cmake_python_copy_rosidl_typesupport_c.dir/build
Dependencies file "CMakeFiles/rosidl_typesupport_c.dir/src/identifier.c.obj.d" is newer than depends file "/micro_ros_ws/firmware/mcu_ws/build/rosidl_typesupport_c/CMakeFiles/rosidl_typesupport_c.dir/compiler_depend.internal".
Dependencies file "CMakeFiles/rosidl_typesupport_c.dir/src/message_type_support_dispatch.cpp.obj.d" is newer than depends file "/micro_ros_ws/firmware/mcu_ws/build/rosidl_typesupport_c/CMakeFiles/rosidl_typesupport_c.dir/compiler_depend.internal".
Dependencies file "CMakeFiles/rosidl_typesupport_c.dir/src/service_type_support_dispatch.cpp.obj.d" is newer than depends file "/micro_ros_ws/firmware/mcu_ws/build/rosidl_typesupport_c/CMakeFiles/rosidl_typesupport_c.dir/compiler_depend.internal".
[35m[1mConsolidate compiler generated dependencies of target rosidl_typesupport_c[0m
gmake[6]: Entering directory '/micro_ros_ws/firmware/mcu_ws/build/rosidl_typesupport_c'
/usr/bin/cmake -E copy_directory /micro_ros_ws/firmware/mcu_ws/uros/rosidl_typesupport/rosidl_typesupport_c/rosidl_typesupport_c /micro_ros_ws/firmware/mcu_ws/build/rosidl_typesupport_c/ament_cmake_python/rosidl_typesupport_c/rosidl_typesupport_c
gmake[6]: Entering directory '/micro_ros_ws/firmware/mcu_ws/build/rosidl_typesupport_c'
/usr/bin/cmake -E copy /micro_ros_ws/firmware/mcu_ws/uros/rosidl_typesupport/rosidl_typesupport_c/setup.cfg /micro_ros_ws/firmware/mcu_ws/build/rosidl_typesupport_c/ament_cmake_python/rosidl_typesupport_c/setup.cfg
gmake[6]: Leaving directory '/micro_ros_ws/firmware/mcu_ws/build/rosidl_typesupport_c'
/usr/bin/gmake  -f CMakeFiles/rosidl_typesupport_c.dir/build.make CMakeFiles/rosidl_typesupport_c.dir/build
gmake[6]: Leaving directory '/micro_ros_ws/firmware/mcu_ws/build/rosidl_typesupport_c'
gmake[6]: Leaving directory '/micro_ros_ws/firmware/mcu_ws/build/rosidl_typesupport_c'
gmake[6]: Entering directory '/micro_ros_ws/firmware/mcu_ws/build/rosidl_typesupport_c'
gmake[6]: Nothing to be done for 'CMakeFiles/rosidl_typesupport_c.dir/build'.
gmake[6]: Leaving directory '/micro_ros_ws/firmware/mcu_ws/build/rosidl_typesupport_c'
[  0%] Built target ament_cmake_python_copy_rosidl_typesupport_c_setup
[  0%] Built target ament_cmake_python_copy_rosidl_typesupport_c
/usr/bin/gmake  -f CMakeFiles/ament_cmake_python_build_rosidl_typesupport_c_egg.dir/build.make CMakeFiles/ament_cmake_python_build_rosidl_typesupport_c_egg.dir/depend
gmake[6]: Entering directory '/micro_ros_ws/firmware/mcu_ws/build/rosidl_typesupport_c'
cd /micro_ros_ws/firmware/mcu_ws/build/rosidl_typesupport_c && /usr/bin/cmake -E cmake_depends "Unix Makefiles" /micro_ros_ws/firmware/mcu_ws/uros/rosidl_typesupport/rosidl_typesupport_c /micro_ros_ws/firmware/mcu_ws/uros/rosidl_typesupport/rosidl_typesupport_c /micro_ros_ws/firmware/mcu_ws/build/rosidl_typesupport_c /micro_ros_ws/firmware/mcu_ws/build/rosidl_typesupport_c /micro_ros_ws/firmware/mcu_ws/build/rosidl_typesupport_c/CMakeFiles/ament_cmake_python_build_rosidl_typesupport_c_egg.dir/DependInfo.cmake --color=
[100%] Built target rosidl_typesupport_c
gmake[6]: Leaving directory '/micro_ros_ws/firmware/mcu_ws/build/rosidl_typesupport_c'
/usr/bin/gmake  -f CMakeFiles/ament_cmake_python_build_rosidl_typesupport_c_egg.dir/build.make CMakeFiles/ament_cmake_python_build_rosidl_typesupport_c_egg.dir/build
gmake[6]: Entering directory '/micro_ros_ws/firmware/mcu_ws/build/rosidl_typesupport_c'
cd /micro_ros_ws/firmware/mcu_ws/build/rosidl_typesupport_c/ament_cmake_python/rosidl_typesupport_c && /micro_ros_ws/firmware/toolchain/espressif/python_env/idf4.1_py3.10_env/bin/python3 setup.py egg_info
running egg_info
writing rosidl_typesupport_c.egg-info/PKG-INFO
writing dependency_links to rosidl_typesupport_c.egg-info/dependency_links.txt
writing entry points to rosidl_typesupport_c.egg-info/entry_points.txt
writing top-level names to rosidl_typesupport_c.egg-info/top_level.txt
reading manifest file 'rosidl_typesupport_c.egg-info/SOURCES.txt'
writing manifest file 'rosidl_typesupport_c.egg-info/SOURCES.txt'
gmake[6]: Leaving directory '/micro_ros_ws/firmware/mcu_ws/build/rosidl_typesupport_c'
[100%] Built target ament_cmake_python_build_rosidl_typesupport_c_egg
gmake[5]: Leaving directory '/micro_ros_ws/firmware/mcu_ws/build/rosidl_typesupport_c'
/usr/bin/cmake -E cmake_progress_start /micro_ros_ws/firmware/mcu_ws/build/rosidl_typesupport_c/CMakeFiles 0
gmake[4]: Leaving directory '/micro_ros_ws/firmware/mcu_ws/build/rosidl_typesupport_c'
-- Install configuration: "Debug"
-- Up-to-date: /micro_ros_ws/firmware/mcu_ws/install/share/rosidl_typesupport_c/environment/pythonpath.sh
-- Installing: /micro_ros_ws/firmware/mcu_ws/install/share/rosidl_typesupport_c/environment/pythonpath.dsv
-- Up-to-date: /micro_ros_ws/firmware/mcu_ws/install/lib/python3.10/site-packages/rosidl_typesupport_c-2.0.2-py3.10.egg-info
-- Installing: /micro_ros_ws/firmware/mcu_ws/install/lib/python3.10/site-packages/rosidl_typesupport_c-2.0.2-py3.10.egg-info/dependency_links.txt
-- Installing: /micro_ros_ws/firmware/mcu_ws/install/lib/python3.10/site-packages/rosidl_typesupport_c-2.0.2-py3.10.egg-info/entry_points.txt
-- Installing: /micro_ros_ws/firmware/mcu_ws/install/lib/python3.10/site-packages/rosidl_typesupport_c-2.0.2-py3.10.egg-info/PKG-INFO
-- Installing: /micro_ros_ws/firmware/mcu_ws/install/lib/python3.10/site-packages/rosidl_typesupport_c-2.0.2-py3.10.egg-info/SOURCES.txt
-- Installing: /micro_ros_ws/firmware/mcu_ws/install/lib/python3.10/site-packages/rosidl_typesupport_c-2.0.2-py3.10.egg-info/top_level.txt
-- Up-to-date: /micro_ros_ws/firmware/mcu_ws/install/lib/python3.10/site-packages/rosidl_typesupport_c
-- Up-to-date: /micro_ros_ws/firmware/mcu_ws/install/lib/python3.10/site-packages/rosidl_typesupport_c/cli.py
-- Up-to-date: /micro_ros_ws/firmware/mcu_ws/install/lib/python3.10/site-packages/rosidl_typesupport_c/__init__.py
Listing '/micro_ros_ws/firmware/mcu_ws/install/lib/python3.10/site-packages/rosidl_typesupport_c'...
-- Up-to-date: /micro_ros_ws/firmware/mcu_ws/install/share/rosidl_typesupport_c/environment/library_path.sh
-- Installing: /micro_ros_ws/firmware/mcu_ws/install/share/rosidl_typesupport_c/environment/library_path.dsv
-- Up-to-date: /micro_ros_ws/firmware/mcu_ws/install/share/ament_index/resource_index/rosidl_runtime_packages/rosidl_typesupport_c
-- Up-to-date: /micro_ros_ws/firmware/mcu_ws/install/share/ament_index/resource_index/package_run_dependencies/rosidl_typesupport_c
-- Up-to-date: /micro_ros_ws/firmware/mcu_ws/install/share/ament_index/resource_index/parent_prefix_path/rosidl_typesupport_c
-- Up-to-date: /micro_ros_ws/firmware/mcu_ws/install/share/rosidl_typesupport_c/environment/ament_prefix_path.sh
-- Installing: /micro_ros_ws/firmware/mcu_ws/install/share/rosidl_typesupport_c/environment/ament_prefix_path.dsv
-- Up-to-date: /micro_ros_ws/firmware/mcu_ws/install/share/rosidl_typesupport_c/environment/path.sh
-- Installing: /micro_ros_ws/firmware/mcu_ws/install/share/rosidl_typesupport_c/environment/path.dsv
-- Up-to-date: /micro_ros_ws/firmware/mcu_ws/install/share/rosidl_typesupport_c/local_setup.bash
-- Up-to-date: /micro_ros_ws/firmware/mcu_ws/install/share/rosidl_typesupport_c/local_setup.sh
-- Up-to-date: /micro_ros_ws/firmware/mcu_ws/install/share/rosidl_typesupport_c/local_setup.zsh
-- Installing: /micro_ros_ws/firmware/mcu_ws/install/share/rosidl_typesupport_c/local_setup.dsv
-- Installing: /micro_ros_ws/firmware/mcu_ws/install/share/rosidl_typesupport_c/package.dsv
-- Up-to-date: /micro_ros_ws/firmware/mcu_ws/install/share/ament_index/resource_index/packages/rosidl_typesupport_c
-- Up-to-date: /micro_ros_ws/firmware/mcu_ws/install/share/rosidl_typesupport_c/cmake/rosidl_typesupport_cExport.cmake
-- Up-to-date: /micro_ros_ws/firmware/mcu_ws/install/share/rosidl_typesupport_c/cmake/rosidl_typesupport_cExport-debug.cmake
-- Up-to-date: /micro_ros_ws/firmware/mcu_ws/install/share/rosidl_typesupport_c/cmake/rosidl_typesupport_c-extras.cmake
-- Up-to-date: /micro_ros_ws/firmware/mcu_ws/install/share/rosidl_typesupport_c/cmake/ament_cmake_export_dependencies-extras.cmake
-- Up-to-date: /micro_ros_ws/firmware/mcu_ws/install/share/rosidl_typesupport_c/cmake/ament_cmake_export_include_directories-extras.cmake
-- Up-to-date: /micro_ros_ws/firmware/mcu_ws/install/share/rosidl_typesupport_c/cmake/ament_cmake_export_libraries-extras.cmake
-- Up-to-date: /micro_ros_ws/firmware/mcu_ws/install/share/rosidl_typesupport_c/cmake/ament_cmake_export_targets-extras.cmake
-- Up-to-date: /micro_ros_ws/firmware/mcu_ws/install/share/rosidl_typesupport_c/cmake/rosidl_typesupport_cConfig.cmake
-- Up-to-date: /micro_ros_ws/firmware/mcu_ws/install/share/rosidl_typesupport_c/cmake/rosidl_typesupport_cConfig-version.cmake
-- Up-to-date: /micro_ros_ws/firmware/mcu_ws/install/share/rosidl_typesupport_c/package.xml
-- Up-to-date: /micro_ros_ws/firmware/mcu_ws/install/lib/rosidl_typesupport_c/rosidl_typesupport_c
-- Up-to-date: /micro_ros_ws/firmware/mcu_ws/install/share/rosidl_typesupport_c/cmake
-- Up-to-date: /micro_ros_ws/firmware/mcu_ws/install/share/rosidl_typesupport_c/cmake/get_used_typesupports.cmake
-- Up-to-date: /micro_ros_ws/firmware/mcu_ws/install/share/rosidl_typesupport_c/cmake/rosidl_typesupport_c_generate_interfaces.cmake
-- Up-to-date: /micro_ros_ws/firmware/mcu_ws/install/share/rosidl_typesupport_c/resource
-- Up-to-date: /micro_ros_ws/firmware/mcu_ws/install/share/rosidl_typesupport_c/resource/action__type_support.c.em
-- Up-to-date: /micro_ros_ws/firmware/mcu_ws/install/share/rosidl_typesupport_c/resource/idl__type_support.cpp.em
-- Up-to-date: /micro_ros_ws/firmware/mcu_ws/install/share/rosidl_typesupport_c/resource/msg__type_support.cpp.em
-- Up-to-date: /micro_ros_ws/firmware/mcu_ws/install/share/rosidl_typesupport_c/resource/srv__type_support.cpp.em
-- Up-to-date: /micro_ros_ws/firmware/mcu_ws/install/include/rosidl_typesupport_c
-- Up-to-date: /micro_ros_ws/firmware/mcu_ws/install/include/rosidl_typesupport_c/rosidl_typesupport_c
-- Up-to-date: /micro_ros_ws/firmware/mcu_ws/install/include/rosidl_typesupport_c/rosidl_typesupport_c/identifier.h
-- Up-to-date: /micro_ros_ws/firmware/mcu_ws/install/include/rosidl_typesupport_c/rosidl_typesupport_c/message_type_support_dispatch.h
-- Up-to-date: /micro_ros_ws/firmware/mcu_ws/install/include/rosidl_typesupport_c/rosidl_typesupport_c/service_type_support_dispatch.h
-- Up-to-date: /micro_ros_ws/firmware/mcu_ws/install/include/rosidl_typesupport_c/rosidl_typesupport_c/type_support_map.h
-- Up-to-date: /micro_ros_ws/firmware/mcu_ws/install/include/rosidl_typesupport_c/rosidl_typesupport_c/visibility_control.h
-- Up-to-date: /micro_ros_ws/firmware/mcu_ws/install/lib/librosidl_typesupport_c.a
