[0.297s] Invoking command in '/micro_ros_ws/wall_e_ws/build/wall_e_description': /usr/bin/cmake --build /micro_ros_ws/wall_e_ws/build/wall_e_description -- -j12 -l12
[0.336s] Invoked command in '/micro_ros_ws/wall_e_ws/build/wall_e_description' returned '0': /usr/bin/cmake --build /micro_ros_ws/wall_e_ws/build/wall_e_description -- -j12 -l12
[0.338s] Invoking command in '/micro_ros_ws/wall_e_ws/build/wall_e_description': /usr/bin/cmake --install /micro_ros_ws/wall_e_ws/build/wall_e_description
[0.346s] -- Install configuration: ""
[0.346s] -- Up-to-date: /micro_ros_ws/wall_e_ws/install/wall_e_description/share/wall_e_description/launch
[0.348s] -- Up-to-date: /micro_ros_ws/wall_e_ws/install/wall_e_description/share/wall_e_description/launch/wall_e.launch.py
[0.348s] -- Up-to-date: /micro_ros_ws/wall_e_ws/install/wall_e_description/share/wall_e_description/rviz
[0.349s] -- Installing: /micro_ros_ws/wall_e_ws/install/wall_e_description/share/wall_e_description/rviz/robot.rviz
[0.350s] -- Up-to-date: /micro_ros_ws/wall_e_ws/install/wall_e_description/share/wall_e_description/worlds
[0.351s] -- Up-to-date: /micro_ros_ws/wall_e_ws/install/wall_e_description/share/wall_e_description/worlds/indoor_room.world
[0.352s] -- Up-to-date: /micro_ros_ws/wall_e_ws/install/wall_e_description/share/wall_e_description/description
[0.352s] -- Up-to-date: /micro_ros_ws/wall_e_ws/install/wall_e_description/share/wall_e_description/description/robot.urdf.xacro
[0.354s] -- Up-to-date: /micro_ros_ws/wall_e_ws/install/wall_e_description/share/ament_index/resource_index/package_run_dependencies/wall_e_description
[0.354s] -- Up-to-date: /micro_ros_ws/wall_e_ws/install/wall_e_description/share/ament_index/resource_index/parent_prefix_path/wall_e_description
[0.354s] -- Up-to-date: /micro_ros_ws/wall_e_ws/install/wall_e_description/share/wall_e_description/environment/ament_prefix_path.sh
[0.355s] -- Up-to-date: /micro_ros_ws/wall_e_ws/install/wall_e_description/share/wall_e_description/environment/ament_prefix_path.dsv
[0.355s] -- Up-to-date: /micro_ros_ws/wall_e_ws/install/wall_e_description/share/wall_e_description/environment/path.sh
[0.356s] -- Up-to-date: /micro_ros_ws/wall_e_ws/install/wall_e_description/share/wall_e_description/environment/path.dsv
[0.357s] -- Up-to-date: /micro_ros_ws/wall_e_ws/install/wall_e_description/share/wall_e_description/local_setup.bash
[0.357s] -- Up-to-date: /micro_ros_ws/wall_e_ws/install/wall_e_description/share/wall_e_description/local_setup.sh
[0.358s] -- Up-to-date: /micro_ros_ws/wall_e_ws/install/wall_e_description/share/wall_e_description/local_setup.zsh
[0.358s] -- Up-to-date: /micro_ros_ws/wall_e_ws/install/wall_e_description/share/wall_e_description/local_setup.dsv
[0.359s] -- Installing: /micro_ros_ws/wall_e_ws/install/wall_e_description/share/wall_e_description/package.dsv
[0.361s] -- Up-to-date: /micro_ros_ws/wall_e_ws/install/wall_e_description/share/ament_index/resource_index/packages/wall_e_description
[0.361s] -- Up-to-date: /micro_ros_ws/wall_e_ws/install/wall_e_description/share/wall_e_description/cmake/wall_e_descriptionConfig.cmake
[0.362s] -- Up-to-date: /micro_ros_ws/wall_e_ws/install/wall_e_description/share/wall_e_description/cmake/wall_e_descriptionConfig-version.cmake
[0.362s] -- Up-to-date: /micro_ros_ws/wall_e_ws/install/wall_e_description/share/wall_e_description/package.xml
[0.365s] Invoked command in '/micro_ros_ws/wall_e_ws/build/wall_e_description' returned '0': /usr/bin/cmake --install /micro_ros_ws/wall_e_ws/build/wall_e_description
