gmake[4]: Entering directory '/micro_ros_ws/firmware/mcu_ws/build/rclc_lifecycle'
/usr/bin/cmake -S/micro_ros_ws/firmware/mcu_ws/uros/rclc/rclc_lifecycle -B/micro_ros_ws/firmware/mcu_ws/build/rclc_lifecycle --check-build-system CMakeFiles/Makefile.cmake 0
/usr/bin/cmake -E cmake_progress_start /micro_ros_ws/firmware/mcu_ws/build/rclc_lifecycle/CMakeFiles /micro_ros_ws/firmware/mcu_ws/build/rclc_lifecycle//CMakeFiles/progress.marks
/usr/bin/gmake  -f CMakeFiles/Makefile2 all
gmake[5]: Entering directory '/micro_ros_ws/firmware/mcu_ws/build/rclc_lifecycle'
/usr/bin/gmake  -f CMakeFiles/rclc_lifecycle.dir/build.make CMakeFiles/rclc_lifecycle.dir/depend
gmake[6]: Entering directory '/micro_ros_ws/firmware/mcu_ws/build/rclc_lifecycle'
cd /micro_ros_ws/firmware/mcu_ws/build/rclc_lifecycle && /usr/bin/cmake -E cmake_depends "Unix Makefiles" /micro_ros_ws/firmware/mcu_ws/uros/rclc/rclc_lifecycle /micro_ros_ws/firmware/mcu_ws/uros/rclc/rclc_lifecycle /micro_ros_ws/firmware/mcu_ws/build/rclc_lifecycle /micro_ros_ws/firmware/mcu_ws/build/rclc_lifecycle /micro_ros_ws/firmware/mcu_ws/build/rclc_lifecycle/CMakeFiles/rclc_lifecycle.dir/DependInfo.cmake --color=
Dependencies file "CMakeFiles/rclc_lifecycle.dir/src/rclc_lifecycle/rclc_lifecycle.c.obj.d" is newer than depends file "/micro_ros_ws/firmware/mcu_ws/build/rclc_lifecycle/CMakeFiles/rclc_lifecycle.dir/compiler_depend.internal".
[35m[1mConsolidate compiler generated dependencies of target rclc_lifecycle[0m
gmake[6]: Leaving directory '/micro_ros_ws/firmware/mcu_ws/build/rclc_lifecycle'
/usr/bin/gmake  -f CMakeFiles/rclc_lifecycle.dir/build.make CMakeFiles/rclc_lifecycle.dir/build
gmake[6]: Entering directory '/micro_ros_ws/firmware/mcu_ws/build/rclc_lifecycle'
gmake[6]: Nothing to be done for 'CMakeFiles/rclc_lifecycle.dir/build'.
gmake[6]: Leaving directory '/micro_ros_ws/firmware/mcu_ws/build/rclc_lifecycle'
[100%] Built target rclc_lifecycle
gmake[5]: Leaving directory '/micro_ros_ws/firmware/mcu_ws/build/rclc_lifecycle'
/usr/bin/cmake -E cmake_progress_start /micro_ros_ws/firmware/mcu_ws/build/rclc_lifecycle/CMakeFiles 0
gmake[4]: Leaving directory '/micro_ros_ws/firmware/mcu_ws/build/rclc_lifecycle'
-- Install configuration: "Debug"
-- Up-to-date: /micro_ros_ws/firmware/mcu_ws/install/lib/librclc_lifecycle.a
-- Up-to-date: /micro_ros_ws/firmware/mcu_ws/install/include
-- Up-to-date: /micro_ros_ws/firmware/mcu_ws/install/include/rclc_lifecycle
-- Up-to-date: /micro_ros_ws/firmware/mcu_ws/install/include/rclc_lifecycle/rclc_lifecycle.h
-- Up-to-date: /micro_ros_ws/firmware/mcu_ws/install/include/rclc_lifecycle/visibility_control.h
-- Up-to-date: /micro_ros_ws/firmware/mcu_ws/install/share/rclc_lifecycle/environment/library_path.sh
-- Up-to-date: /micro_ros_ws/firmware/mcu_ws/install/share/rclc_lifecycle/environment/library_path.dsv
-- Up-to-date: /micro_ros_ws/firmware/mcu_ws/install/share/ament_index/resource_index/package_run_dependencies/rclc_lifecycle
-- Up-to-date: /micro_ros_ws/firmware/mcu_ws/install/share/ament_index/resource_index/parent_prefix_path/rclc_lifecycle
-- Up-to-date: /micro_ros_ws/firmware/mcu_ws/install/share/rclc_lifecycle/environment/ament_prefix_path.sh
-- Up-to-date: /micro_ros_ws/firmware/mcu_ws/install/share/rclc_lifecycle/environment/ament_prefix_path.dsv
-- Up-to-date: /micro_ros_ws/firmware/mcu_ws/install/share/rclc_lifecycle/environment/path.sh
-- Up-to-date: /micro_ros_ws/firmware/mcu_ws/install/share/rclc_lifecycle/environment/path.dsv
-- Up-to-date: /micro_ros_ws/firmware/mcu_ws/install/share/rclc_lifecycle/local_setup.bash
-- Up-to-date: /micro_ros_ws/firmware/mcu_ws/install/share/rclc_lifecycle/local_setup.sh
-- Up-to-date: /micro_ros_ws/firmware/mcu_ws/install/share/rclc_lifecycle/local_setup.zsh
-- Up-to-date: /micro_ros_ws/firmware/mcu_ws/install/share/rclc_lifecycle/local_setup.dsv
-- Installing: /micro_ros_ws/firmware/mcu_ws/install/share/rclc_lifecycle/package.dsv
-- Up-to-date: /micro_ros_ws/firmware/mcu_ws/install/share/ament_index/resource_index/packages/rclc_lifecycle
-- Up-to-date: /micro_ros_ws/firmware/mcu_ws/install/share/rclc_lifecycle/cmake/rclc_lifecycleExport.cmake
-- Up-to-date: /micro_ros_ws/firmware/mcu_ws/install/share/rclc_lifecycle/cmake/rclc_lifecycleExport-debug.cmake
-- Up-to-date: /micro_ros_ws/firmware/mcu_ws/install/share/rclc_lifecycle/cmake/ament_cmake_export_include_directories-extras.cmake
-- Up-to-date: /micro_ros_ws/firmware/mcu_ws/install/share/rclc_lifecycle/cmake/ament_cmake_export_libraries-extras.cmake
-- Up-to-date: /micro_ros_ws/firmware/mcu_ws/install/share/rclc_lifecycle/cmake/ament_cmake_export_targets-extras.cmake
-- Up-to-date: /micro_ros_ws/firmware/mcu_ws/install/share/rclc_lifecycle/cmake/ament_cmake_export_dependencies-extras.cmake
-- Up-to-date: /micro_ros_ws/firmware/mcu_ws/install/share/rclc_lifecycle/cmake/rclc_lifecycleConfig.cmake
-- Up-to-date: /micro_ros_ws/firmware/mcu_ws/install/share/rclc_lifecycle/cmake/rclc_lifecycleConfig-version.cmake
-- Up-to-date: /micro_ros_ws/firmware/mcu_ws/install/share/rclc_lifecycle/package.xml
