[4.450s] Invoking command in '/micro_ros_ws/firmware/mcu_ws/uros/tracetools/tracetools_launch': AMENT_PREFIX_PATH=/micro_ros_ws/firmware/mcu_ws/install:${AMENT_PREFIX_PATH} CMAKE_PREFIX_PATH=/micro_ros_ws/firmware/mcu_ws/install:${CMAKE_PREFIX_PATH} PATH=/micro_ros_ws/firmware/mcu_ws/install/bin:${PATH} PYTHONPATH=/micro_ros_ws/firmware/mcu_ws/build/tracetools_launch/prefix_override:/micro_ros_ws/firmware/toolchain/espressif/python_env/idf4.1_py3.10_env/lib/python3.10/site-packages/colcon_core/task/python/colcon_distutils_commands:/micro_ros_ws/firmware/mcu_ws/install/lib/python3.10/site-packages:/micro_ros_ws/firmware/mcu_ws/install/lib/python3.10/site-packages:${PYTHONPATH} /micro_ros_ws/firmware/toolchain/espressif/python_env/idf4.1_py3.10_env/bin/python -W ignore:setup.py install is deprecated -W ignore:easy_install command is deprecated setup.py egg_info --egg-base ../../../build/tracetools_launch build --build-base /micro_ros_ws/firmware/mcu_ws/build/tracetools_launch/build install --record /micro_ros_ws/firmware/mcu_ws/build/tracetools_launch/install.log --single-version-externally-managed install_data
[5.662s] /micro_ros_ws/firmware/toolchain/espressif/python_env/idf4.1_py3.10_env/lib/python3.10/site-packages/setuptools/_distutils/dist.py:289: UserWarning: Unknown distribution option: 'tests_require'
[5.663s]   warnings.warn(msg)
[6.380s] running egg_info
[6.489s] writing ../../../build/tracetools_launch/tracetools_launch.egg-info/PKG-INFO
[6.498s] writing dependency_links to ../../../build/tracetools_launch/tracetools_launch.egg-info/dependency_links.txt
[6.504s] writing entry points to ../../../build/tracetools_launch/tracetools_launch.egg-info/entry_points.txt
[6.505s] writing requirements to ../../../build/tracetools_launch/tracetools_launch.egg-info/requires.txt
[6.505s] writing top-level names to ../../../build/tracetools_launch/tracetools_launch.egg-info/top_level.txt
[7.078s] reading manifest file '../../../build/tracetools_launch/tracetools_launch.egg-info/SOURCES.txt'
[7.157s] writing manifest file '../../../build/tracetools_launch/tracetools_launch.egg-info/SOURCES.txt'
[7.161s] running build
[7.163s] running build_py
[7.176s] copying tracetools_launch/action.py -> /micro_ros_ws/firmware/mcu_ws/build/tracetools_launch/build/lib/tracetools_launch
[7.196s] copying tracetools_launch/__init__.py -> /micro_ros_ws/firmware/mcu_ws/build/tracetools_launch/build/lib/tracetools_launch
[7.231s] copying tracetools_launch/actions/ld_preload.py -> /micro_ros_ws/firmware/mcu_ws/build/tracetools_launch/build/lib/tracetools_launch/actions
[7.264s] copying tracetools_launch/actions/__init__.py -> /micro_ros_ws/firmware/mcu_ws/build/tracetools_launch/build/lib/tracetools_launch/actions
[7.290s] running install
[7.293s] running install_lib
[7.869s] running install_data
[7.880s] copying package.xml -> /micro_ros_ws/firmware/mcu_ws/install/share/tracetools_launch
[7.904s] copying launch/example.launch.py -> /micro_ros_ws/firmware/mcu_ws/install/share/tracetools_launch/launch
[7.920s] copying launch/example.launch.xml -> /micro_ros_ws/firmware/mcu_ws/install/share/tracetools_launch/launch
[7.935s] copying launch/example.launch.yaml -> /micro_ros_ws/firmware/mcu_ws/install/share/tracetools_launch/launch
[7.957s] copying resource/tracetools_launch -> /micro_ros_ws/firmware/mcu_ws/install/share/ament_index/resource_index/packages
[7.968s] running install_egg_info
[8.427s] removing '/micro_ros_ws/firmware/mcu_ws/install/lib/python3.10/site-packages/tracetools_launch-4.1.1-py3.10.egg-info' (and everything under it)
[8.455s] Copying ../../../build/tracetools_launch/tracetools_launch.egg-info to /micro_ros_ws/firmware/mcu_ws/install/lib/python3.10/site-packages/tracetools_launch-4.1.1-py3.10.egg-info
[8.591s] running install_scripts
[10.120s] writing list of installed files to '/micro_ros_ws/firmware/mcu_ws/build/tracetools_launch/install.log'
[10.150s] Invoked command in '/micro_ros_ws/firmware/mcu_ws/uros/tracetools/tracetools_launch' returned '0': AMENT_PREFIX_PATH=/micro_ros_ws/firmware/mcu_ws/install:${AMENT_PREFIX_PATH} CMAKE_PREFIX_PATH=/micro_ros_ws/firmware/mcu_ws/install:${CMAKE_PREFIX_PATH} PATH=/micro_ros_ws/firmware/mcu_ws/install/bin:${PATH} PYTHONPATH=/micro_ros_ws/firmware/mcu_ws/build/tracetools_launch/prefix_override:/micro_ros_ws/firmware/toolchain/espressif/python_env/idf4.1_py3.10_env/lib/python3.10/site-packages/colcon_core/task/python/colcon_distutils_commands:/micro_ros_ws/firmware/mcu_ws/install/lib/python3.10/site-packages:/micro_ros_ws/firmware/mcu_ws/install/lib/python3.10/site-packages:${PYTHONPATH} /micro_ros_ws/firmware/toolchain/espressif/python_env/idf4.1_py3.10_env/bin/python -W ignore:setup.py install is deprecated -W ignore:easy_install command is deprecated setup.py egg_info --egg-base ../../../build/tracetools_launch build --build-base /micro_ros_ws/firmware/mcu_ws/build/tracetools_launch/build install --record /micro_ros_ws/firmware/mcu_ws/build/tracetools_launch/install.log --single-version-externally-managed install_data
