[0.584s] Invoking command in '/micro_ros_ws/firmware/mcu_ws/build/microcdr': /usr/bin/cmake --build /micro_ros_ws/firmware/mcu_ws/build/microcdr -- -j12 -l12
[2.438s] gmake[4]: Entering directory '/micro_ros_ws/firmware/mcu_ws/build/microcdr'
[2.438s] /usr/bin/cmake -S/micro_ros_ws/firmware/mcu_ws/eProsima/Micro-CDR -B/micro_ros_ws/firmware/mcu_ws/build/microcdr --check-build-system CMakeFiles/Makefile.cmake 0
[2.439s] Re-run cmake file: Makefile older than: /micro_ros_ws/firmware/freertos_apps/microros_esp32_extensions/esp32_toolchain.cmake
[2.439s] -- Configuring done
[2.440s] -- Generating done
[2.441s] -- Build files have been written to: /micro_ros_ws/firmware/mcu_ws/build/microcdr
[2.442s] /usr/bin/cmake -E cmake_progress_start /micro_ros_ws/firmware/mcu_ws/build/microcdr/CMakeFiles /micro_ros_ws/firmware/mcu_ws/build/microcdr//CMakeFiles/progress.marks
[2.443s] /usr/bin/gmake  -f CMakeFiles/Makefile2 all
[2.443s] gmake[5]: Entering directory '/micro_ros_ws/firmware/mcu_ws/build/microcdr'
[2.444s] /usr/bin/gmake  -f CMakeFiles/microcdr.dir/build.make CMakeFiles/microcdr.dir/depend
[2.445s] gmake[6]: Entering directory '/micro_ros_ws/firmware/mcu_ws/build/microcdr'
[2.445s] cd /micro_ros_ws/firmware/mcu_ws/build/microcdr && /usr/bin/cmake -E cmake_depends "Unix Makefiles" /micro_ros_ws/firmware/mcu_ws/eProsima/Micro-CDR /micro_ros_ws/firmware/mcu_ws/eProsima/Micro-CDR /micro_ros_ws/firmware/mcu_ws/build/microcdr /micro_ros_ws/firmware/mcu_ws/build/microcdr /micro_ros_ws/firmware/mcu_ws/build/microcdr/CMakeFiles/microcdr.dir/DependInfo.cmake --color=
[2.446s] Dependencies file "CMakeFiles/microcdr.dir/src/c/common.c.obj.d" is newer than depends file "/micro_ros_ws/firmware/mcu_ws/build/microcdr/CMakeFiles/microcdr.dir/compiler_depend.internal".
[2.447s] Dependencies file "CMakeFiles/microcdr.dir/src/c/types/array.c.obj.d" is newer than depends file "/micro_ros_ws/firmware/mcu_ws/build/microcdr/CMakeFiles/microcdr.dir/compiler_depend.internal".
[2.448s] Dependencies file "CMakeFiles/microcdr.dir/src/c/types/basic.c.obj.d" is newer than depends file "/micro_ros_ws/firmware/mcu_ws/build/microcdr/CMakeFiles/microcdr.dir/compiler_depend.internal".
[2.448s] Dependencies file "CMakeFiles/microcdr.dir/src/c/types/sequence.c.obj.d" is newer than depends file "/micro_ros_ws/firmware/mcu_ws/build/microcdr/CMakeFiles/microcdr.dir/compiler_depend.internal".
[2.449s] Dependencies file "CMakeFiles/microcdr.dir/src/c/types/string.c.obj.d" is newer than depends file "/micro_ros_ws/firmware/mcu_ws/build/microcdr/CMakeFiles/microcdr.dir/compiler_depend.internal".
[2.450s] Consolidate compiler generated dependencies of target microcdr
[2.451s] gmake[6]: Leaving directory '/micro_ros_ws/firmware/mcu_ws/build/microcdr'
[2.452s] /usr/bin/gmake  -f CMakeFiles/microcdr.dir/build.make CMakeFiles/microcdr.dir/build
[2.452s] gmake[6]: Entering directory '/micro_ros_ws/firmware/mcu_ws/build/microcdr'
[2.453s] gmake[6]: Nothing to be done for 'CMakeFiles/microcdr.dir/build'.
[2.454s] gmake[6]: Leaving directory '/micro_ros_ws/firmware/mcu_ws/build/microcdr'
[2.455s] [100%] Built target microcdr
[2.456s] gmake[5]: Leaving directory '/micro_ros_ws/firmware/mcu_ws/build/microcdr'
[2.457s] /usr/bin/cmake -E cmake_progress_start /micro_ros_ws/firmware/mcu_ws/build/microcdr/CMakeFiles 0
[2.458s] gmake[4]: Leaving directory '/micro_ros_ws/firmware/mcu_ws/build/microcdr'
[2.507s] Invoked command in '/micro_ros_ws/firmware/mcu_ws/build/microcdr' returned '0': /usr/bin/cmake --build /micro_ros_ws/firmware/mcu_ws/build/microcdr -- -j12 -l12
[2.508s] Invoking command in '/micro_ros_ws/firmware/mcu_ws/build/microcdr': /usr/bin/cmake --install /micro_ros_ws/firmware/mcu_ws/build/microcdr
[2.535s] -- Install configuration: "Debug"
[2.536s] -- Up-to-date: /micro_ros_ws/firmware/mcu_ws/install/lib/libmicrocdr.a
[2.537s] -- Up-to-date: /micro_ros_ws/firmware/mcu_ws/install/include/ucdr
[2.538s] -- Up-to-date: /micro_ros_ws/firmware/mcu_ws/install/include/ucdr/microcdr.h
[2.538s] -- Up-to-date: /micro_ros_ws/firmware/mcu_ws/install/include/ucdr/visibility.h
[2.546s] -- Up-to-date: /micro_ros_ws/firmware/mcu_ws/install/include/ucdr/config.h
[2.556s] -- Up-to-date: /micro_ros_ws/firmware/mcu_ws/install/share/microcdr/cmake/microcdrTargets.cmake
[2.559s] -- Up-to-date: /micro_ros_ws/firmware/mcu_ws/install/share/microcdr/cmake/microcdrTargets-debug.cmake
[2.563s] -- Up-to-date: /micro_ros_ws/firmware/mcu_ws/install/share/microcdr/cmake/microcdrConfig.cmake
[2.567s] -- Up-to-date: /micro_ros_ws/firmware/mcu_ws/install/share/microcdr/cmake/microcdrConfigVersion.cmake
[2.569s] Invoked command in '/micro_ros_ws/firmware/mcu_ws/build/microcdr' returned '0': /usr/bin/cmake --install /micro_ros_ws/firmware/mcu_ws/build/microcdr
