[0.011s] Invoking command in '/micro_ros_ws/wall_e_ws/build/wall_e_description': CMAKE_PREFIX_PATH=/opt/ros/humble /usr/bin/cmake --build /micro_ros_ws/wall_e_ws/build/wall_e_description -- -j12 -l12
[0.045s] Invoked command in '/micro_ros_ws/wall_e_ws/build/wall_e_description' returned '0': CMAKE_PREFIX_PATH=/opt/ros/humble /usr/bin/cmake --build /micro_ros_ws/wall_e_ws/build/wall_e_description -- -j12 -l12
[0.052s] Invoking command in '/micro_ros_ws/wall_e_ws/build/wall_e_description': CMAKE_PREFIX_PATH=/opt/ros/humble /usr/bin/cmake --install /micro_ros_ws/wall_e_ws/build/wall_e_description
[0.059s] -- Install configuration: ""
[0.059s] -- Up-to-date: /micro_ros_ws/wall_e_ws/install/wall_e_description/share/wall_e_description/launch
[0.059s] -- Up-to-date: /micro_ros_ws/wall_e_ws/install/wall_e_description/share/wall_e_description/launch/wall_e.launch.py
[0.060s] -- Up-to-date: /micro_ros_ws/wall_e_ws/install/wall_e_description/share/wall_e_description/rviz
[0.060s] -- Up-to-date: /micro_ros_ws/wall_e_ws/install/wall_e_description/share/wall_e_description/rviz/robot.rviz
[0.060s] -- Up-to-date: /micro_ros_ws/wall_e_ws/install/wall_e_description/share/wall_e_description/worlds
[0.061s] -- Up-to-date: /micro_ros_ws/wall_e_ws/install/wall_e_description/share/wall_e_description/worlds/indoor_room.world
[0.061s] -- Up-to-date: /micro_ros_ws/wall_e_ws/install/wall_e_description/share/wall_e_description/description
[0.062s] -- Installing: /micro_ros_ws/wall_e_ws/install/wall_e_description/share/wall_e_description/description/robot.urdf.xacro
[0.064s] -- Up-to-date: /micro_ros_ws/wall_e_ws/install/wall_e_description/share/ament_index/resource_index/package_run_dependencies/wall_e_description
[0.064s] -- Up-to-date: /micro_ros_ws/wall_e_ws/install/wall_e_description/share/ament_index/resource_index/parent_prefix_path/wall_e_description
[0.064s] -- Up-to-date: /micro_ros_ws/wall_e_ws/install/wall_e_description/share/wall_e_description/environment/ament_prefix_path.sh
[0.065s] -- Up-to-date: /micro_ros_ws/wall_e_ws/install/wall_e_description/share/wall_e_description/environment/ament_prefix_path.dsv
[0.065s] -- Up-to-date: /micro_ros_ws/wall_e_ws/install/wall_e_description/share/wall_e_description/environment/path.sh
[0.065s] -- Up-to-date: /micro_ros_ws/wall_e_ws/install/wall_e_description/share/wall_e_description/environment/path.dsv
[0.066s] -- Up-to-date: /micro_ros_ws/wall_e_ws/install/wall_e_description/share/wall_e_description/local_setup.bash
[0.066s] -- Up-to-date: /micro_ros_ws/wall_e_ws/install/wall_e_description/share/wall_e_description/local_setup.sh
[0.067s] -- Up-to-date: /micro_ros_ws/wall_e_ws/install/wall_e_description/share/wall_e_description/local_setup.zsh
[0.067s] -- Up-to-date: /micro_ros_ws/wall_e_ws/install/wall_e_description/share/wall_e_description/local_setup.dsv
[0.067s] -- Installing: /micro_ros_ws/wall_e_ws/install/wall_e_description/share/wall_e_description/package.dsv
[0.069s] -- Up-to-date: /micro_ros_ws/wall_e_ws/install/wall_e_description/share/ament_index/resource_index/packages/wall_e_description
[0.069s] -- Up-to-date: /micro_ros_ws/wall_e_ws/install/wall_e_description/share/wall_e_description/cmake/wall_e_descriptionConfig.cmake
[0.070s] -- Up-to-date: /micro_ros_ws/wall_e_ws/install/wall_e_description/share/wall_e_description/cmake/wall_e_descriptionConfig-version.cmake
[0.070s] -- Up-to-date: /micro_ros_ws/wall_e_ws/install/wall_e_description/share/wall_e_description/package.xml
[0.072s] Invoked command in '/micro_ros_ws/wall_e_ws/build/wall_e_description' returned '0': CMAKE_PREFIX_PATH=/opt/ros/humble /usr/bin/cmake --install /micro_ros_ws/wall_e_ws/build/wall_e_description
