[8.199s] Invoking command in '/micro_ros_ws/firmware/mcu_ws/uros/tracetools/tracetools_trace': PYTHONPATH=/micro_ros_ws/firmware/mcu_ws/build/tracetools_trace/prefix_override:/micro_ros_ws/firmware/toolchain/espressif/python_env/idf4.1_py3.10_env/lib/python3.10/site-packages/colcon_core/task/python/colcon_distutils_commands:/micro_ros_ws/firmware/mcu_ws/install/lib/python3.10/site-packages:${PYTHONPATH} /micro_ros_ws/firmware/toolchain/espressif/python_env/idf4.1_py3.10_env/bin/python -W ignore:setup.py install is deprecated -W ignore:easy_install command is deprecated setup.py egg_info --egg-base ../../../build/tracetools_trace build --build-base /micro_ros_ws/firmware/mcu_ws/build/tracetools_trace/build install --record /micro_ros_ws/firmware/mcu_ws/build/tracetools_trace/install.log --single-version-externally-managed install_data
[9.186s] /micro_ros_ws/firmware/toolchain/espressif/python_env/idf4.1_py3.10_env/lib/python3.10/site-packages/setuptools/_distutils/dist.py:289: UserWarning: Unknown distribution option: 'tests_require'
[9.187s]   warnings.warn(msg)
[9.730s] running egg_info
[9.811s] writing ../../../build/tracetools_trace/tracetools_trace.egg-info/PKG-INFO
[9.811s] writing dependency_links to ../../../build/tracetools_trace/tracetools_trace.egg-info/dependency_links.txt
[9.812s] writing entry points to ../../../build/tracetools_trace/tracetools_trace.egg-info/entry_points.txt
[9.812s] writing requirements to ../../../build/tracetools_trace/tracetools_trace.egg-info/requires.txt
[9.812s] writing top-level names to ../../../build/tracetools_trace/tracetools_trace.egg-info/top_level.txt
[9.901s] reading manifest file '../../../build/tracetools_trace/tracetools_trace.egg-info/SOURCES.txt'
[9.921s] writing manifest file '../../../build/tracetools_trace/tracetools_trace.egg-info/SOURCES.txt'
[9.921s] running build
[9.922s] running build_py
[9.924s] copying tracetools_trace/trace.py -> /micro_ros_ws/firmware/mcu_ws/build/tracetools_trace/build/lib/tracetools_trace
[9.928s] copying tracetools_trace/__init__.py -> /micro_ros_ws/firmware/mcu_ws/build/tracetools_trace/build/lib/tracetools_trace
[9.931s] copying tracetools_trace/tools/args.py -> /micro_ros_ws/firmware/mcu_ws/build/tracetools_trace/build/lib/tracetools_trace/tools
[9.934s] copying tracetools_trace/tools/lttng.py -> /micro_ros_ws/firmware/mcu_ws/build/tracetools_trace/build/lib/tracetools_trace/tools
[9.937s] copying tracetools_trace/tools/lttng_impl.py -> /micro_ros_ws/firmware/mcu_ws/build/tracetools_trace/build/lib/tracetools_trace/tools
[9.941s] copying tracetools_trace/tools/lttng_stub.py -> /micro_ros_ws/firmware/mcu_ws/build/tracetools_trace/build/lib/tracetools_trace/tools
[9.943s] copying tracetools_trace/tools/names.py -> /micro_ros_ws/firmware/mcu_ws/build/tracetools_trace/build/lib/tracetools_trace/tools
[9.947s] copying tracetools_trace/tools/path.py -> /micro_ros_ws/firmware/mcu_ws/build/tracetools_trace/build/lib/tracetools_trace/tools
[9.950s] copying tracetools_trace/tools/signals.py -> /micro_ros_ws/firmware/mcu_ws/build/tracetools_trace/build/lib/tracetools_trace/tools
[9.953s] copying tracetools_trace/tools/tracepoints.py -> /micro_ros_ws/firmware/mcu_ws/build/tracetools_trace/build/lib/tracetools_trace/tools
[9.956s] copying tracetools_trace/tools/__init__.py -> /micro_ros_ws/firmware/mcu_ws/build/tracetools_trace/build/lib/tracetools_trace/tools
[9.959s] running install
[9.962s] running install_lib
[10.032s] running install_data
[10.033s] copying package.xml -> /micro_ros_ws/firmware/mcu_ws/install/share/tracetools_trace
[10.037s] copying resource/tracetools_trace -> /micro_ros_ws/firmware/mcu_ws/install/share/ament_index/resource_index/packages
[10.038s] running install_egg_info
[10.121s] removing '/micro_ros_ws/firmware/mcu_ws/install/lib/python3.10/site-packages/tracetools_trace-4.1.1-py3.10.egg-info' (and everything under it)
[10.125s] Copying ../../../build/tracetools_trace/tracetools_trace.egg-info to /micro_ros_ws/firmware/mcu_ws/install/lib/python3.10/site-packages/tracetools_trace-4.1.1-py3.10.egg-info
[10.145s] running install_scripts
[10.524s] Installing trace script to /micro_ros_ws/firmware/mcu_ws/install/bin
[10.524s] writing list of installed files to '/micro_ros_ws/firmware/mcu_ws/build/tracetools_trace/install.log'
[10.553s] Invoked command in '/micro_ros_ws/firmware/mcu_ws/uros/tracetools/tracetools_trace' returned '0': PYTHONPATH=/micro_ros_ws/firmware/mcu_ws/build/tracetools_trace/prefix_override:/micro_ros_ws/firmware/toolchain/espressif/python_env/idf4.1_py3.10_env/lib/python3.10/site-packages/colcon_core/task/python/colcon_distutils_commands:/micro_ros_ws/firmware/mcu_ws/install/lib/python3.10/site-packages:${PYTHONPATH} /micro_ros_ws/firmware/toolchain/espressif/python_env/idf4.1_py3.10_env/bin/python -W ignore:setup.py install is deprecated -W ignore:easy_install command is deprecated setup.py egg_info --egg-base ../../../build/tracetools_trace build --build-base /micro_ros_ws/firmware/mcu_ws/build/tracetools_trace/build install --record /micro_ros_ws/firmware/mcu_ws/build/tracetools_trace/install.log --single-version-externally-managed install_data
