[0.032s] Invoking command in '/micro_ros_ws/wall_e_ws/build/custom_interfaces': CMAKE_PREFIX_PATH=${CMAKE_PREFIX_PATH}:/micro_ros_ws/wall_e_ws/install/localization:/micro_ros_ws/wall_e_ws/install/feedback:/micro_ros_ws/wall_e_ws/install/control:/opt/ros/humble /usr/bin/cmake --build /micro_ros_ws/wall_e_ws/build/custom_interfaces -- -j12 -l12
[0.588s] [  3%] Built target custom_interfaces__rs
[0.589s] [  6%] Built target custom_interfaces__cpp
[0.589s] [ 15%] Built target custom_interfaces__rosidl_generator_c
[0.590s] [ 15%] Built target ament_cmake_python_copy_custom_interfaces
[0.590s] [ 25%] Built target custom_interfaces__rosidl_typesupport_fastrtps_cpp
[0.590s] [ 43%] Built target custom_interfaces__rosidl_typesupport_introspection_cpp
[0.591s] [ 46%] Built target custom_interfaces__rosidl_typesupport_cpp
[0.591s] [ 68%] Built target custom_interfaces__rosidl_typesupport_fastrtps_c
[0.591s] [ 68%] Built target custom_interfaces__rosidl_typesupport_c
[0.592s] [ 71%] Built target custom_interfaces__rosidl_typesupport_introspection_c
[0.592s] [ 71%] Built target custom_interfaces
[0.592s] [ 75%] Built target custom_interfaces__py
[0.592s] [ 81%] Built target custom_interfaces__rosidl_generator_py
[0.593s] [100%] Built target custom_interfaces__rosidl_typesupport_c__pyext
[0.593s] [100%] Built target custom_interfaces__rosidl_typesupport_fastrtps_c__pyext
[0.593s] [100%] Built target custom_interfaces__rosidl_typesupport_introspection_c__pyext
[0.593s] running egg_info
[0.594s] writing custom_interfaces.egg-info/PKG-INFO
[0.594s] writing dependency_links to custom_interfaces.egg-info/dependency_links.txt
[0.594s] writing top-level names to custom_interfaces.egg-info/top_level.txt
[0.595s] reading manifest file 'custom_interfaces.egg-info/SOURCES.txt'
[0.595s] writing manifest file 'custom_interfaces.egg-info/SOURCES.txt'
[0.596s] [100%] Built target ament_cmake_python_build_custom_interfaces_egg
[0.596s] Invoked command in '/micro_ros_ws/wall_e_ws/build/custom_interfaces' returned '0': CMAKE_PREFIX_PATH=${CMAKE_PREFIX_PATH}:/micro_ros_ws/wall_e_ws/install/localization:/micro_ros_ws/wall_e_ws/install/feedback:/micro_ros_ws/wall_e_ws/install/control:/opt/ros/humble /usr/bin/cmake --build /micro_ros_ws/wall_e_ws/build/custom_interfaces -- -j12 -l12
[0.606s] Invoking command in '/micro_ros_ws/wall_e_ws/build/custom_interfaces': CMAKE_PREFIX_PATH=${CMAKE_PREFIX_PATH}:/micro_ros_ws/wall_e_ws/install/localization:/micro_ros_ws/wall_e_ws/install/feedback:/micro_ros_ws/wall_e_ws/install/control:/opt/ros/humble /usr/bin/cmake --install /micro_ros_ws/wall_e_ws/build/custom_interfaces
[0.619s] -- Install configuration: ""
[0.620s] -- Up-to-date: /micro_ros_ws/wall_e_ws/install/custom_interfaces/share/ament_index/resource_index/rosidl_interfaces/custom_interfaces
[0.621s] -- Up-to-date: /micro_ros_ws/wall_e_ws/install/custom_interfaces/include/custom_interfaces/custom_interfaces
[0.623s] -- Up-to-date: /micro_ros_ws/wall_e_ws/install/custom_interfaces/include/custom_interfaces/custom_interfaces/msg
[0.623s] -- Up-to-date: /micro_ros_ws/wall_e_ws/install/custom_interfaces/include/custom_interfaces/custom_interfaces/msg/detail
[0.624s] -- Up-to-date: /micro_ros_ws/wall_e_ws/install/custom_interfaces/include/custom_interfaces/custom_interfaces/msg/detail/gamepad__functions.c
[0.624s] -- Up-to-date: /micro_ros_ws/wall_e_ws/install/custom_interfaces/include/custom_interfaces/custom_interfaces/msg/detail/gamepad__functions.h
[0.625s] -- Up-to-date: /micro_ros_ws/wall_e_ws/install/custom_interfaces/include/custom_interfaces/custom_interfaces/msg/detail/gamepad__struct.h
[0.626s] -- Up-to-date: /micro_ros_ws/wall_e_ws/install/custom_interfaces/include/custom_interfaces/custom_interfaces/msg/detail/gamepad__type_support.h
[0.626s] -- Up-to-date: /micro_ros_ws/wall_e_ws/install/custom_interfaces/include/custom_interfaces/custom_interfaces/msg/gamepad.h
[0.629s] -- Up-to-date: /micro_ros_ws/wall_e_ws/install/custom_interfaces/include/custom_interfaces/custom_interfaces/msg/rosidl_generator_c__visibility_control.h
[0.629s] -- Up-to-date: /micro_ros_ws/wall_e_ws/install/custom_interfaces/share/custom_interfaces/environment/library_path.sh
[0.630s] -- Up-to-date: /micro_ros_ws/wall_e_ws/install/custom_interfaces/share/custom_interfaces/environment/library_path.dsv
[0.632s] -- Up-to-date: /micro_ros_ws/wall_e_ws/install/custom_interfaces/lib/libcustom_interfaces__rosidl_generator_c.so
[0.635s] -- Up-to-date: /micro_ros_ws/wall_e_ws/install/custom_interfaces/include/custom_interfaces/custom_interfaces
[0.636s] -- Up-to-date: /micro_ros_ws/wall_e_ws/install/custom_interfaces/include/custom_interfaces/custom_interfaces/msg
[0.637s] -- Up-to-date: /micro_ros_ws/wall_e_ws/install/custom_interfaces/include/custom_interfaces/custom_interfaces/msg/detail
[0.638s] -- Up-to-date: /micro_ros_ws/wall_e_ws/install/custom_interfaces/include/custom_interfaces/custom_interfaces/msg/detail/gamepad__rosidl_typesupport_fastrtps_c.h
[0.639s] -- Up-to-date: /micro_ros_ws/wall_e_ws/install/custom_interfaces/include/custom_interfaces/custom_interfaces/msg/rosidl_typesupport_fastrtps_c__visibility_control.h
[0.641s] -- Up-to-date: /micro_ros_ws/wall_e_ws/install/custom_interfaces/lib/libcustom_interfaces__rosidl_typesupport_fastrtps_c.so
[0.643s] -- Up-to-date: /micro_ros_ws/wall_e_ws/install/custom_interfaces/include/custom_interfaces/custom_interfaces
[0.644s] -- Up-to-date: /micro_ros_ws/wall_e_ws/install/custom_interfaces/include/custom_interfaces/custom_interfaces/msg
[0.645s] -- Up-to-date: /micro_ros_ws/wall_e_ws/install/custom_interfaces/include/custom_interfaces/custom_interfaces/msg/detail
[0.647s] -- Up-to-date: /micro_ros_ws/wall_e_ws/install/custom_interfaces/include/custom_interfaces/custom_interfaces/msg/detail/gamepad__rosidl_typesupport_introspection_c.h
[0.648s] -- Up-to-date: /micro_ros_ws/wall_e_ws/install/custom_interfaces/include/custom_interfaces/custom_interfaces/msg/detail/gamepad__type_support.c
[0.649s] -- Up-to-date: /micro_ros_ws/wall_e_ws/install/custom_interfaces/include/custom_interfaces/custom_interfaces/msg/rosidl_typesupport_introspection_c__visibility_control.h
[0.651s] -- Up-to-date: /micro_ros_ws/wall_e_ws/install/custom_interfaces/lib/libcustom_interfaces__rosidl_typesupport_introspection_c.so
[0.653s] -- Up-to-date: /micro_ros_ws/wall_e_ws/install/custom_interfaces/lib/libcustom_interfaces__rosidl_typesupport_c.so
[0.655s] -- Up-to-date: /micro_ros_ws/wall_e_ws/install/custom_interfaces/include/custom_interfaces/custom_interfaces
[0.656s] -- Up-to-date: /micro_ros_ws/wall_e_ws/install/custom_interfaces/include/custom_interfaces/custom_interfaces/msg
[0.657s] -- Up-to-date: /micro_ros_ws/wall_e_ws/install/custom_interfaces/include/custom_interfaces/custom_interfaces/msg/detail
[0.659s] -- Up-to-date: /micro_ros_ws/wall_e_ws/install/custom_interfaces/include/custom_interfaces/custom_interfaces/msg/detail/gamepad__builder.hpp
[0.660s] -- Up-to-date: /micro_ros_ws/wall_e_ws/install/custom_interfaces/include/custom_interfaces/custom_interfaces/msg/detail/gamepad__struct.hpp
[0.662s] -- Up-to-date: /micro_ros_ws/wall_e_ws/install/custom_interfaces/include/custom_interfaces/custom_interfaces/msg/detail/gamepad__traits.hpp
[0.663s] -- Up-to-date: /micro_ros_ws/wall_e_ws/install/custom_interfaces/include/custom_interfaces/custom_interfaces/msg/detail/gamepad__type_support.hpp
[0.664s] -- Up-to-date: /micro_ros_ws/wall_e_ws/install/custom_interfaces/include/custom_interfaces/custom_interfaces/msg/gamepad.hpp
[0.665s] -- Up-to-date: /micro_ros_ws/wall_e_ws/install/custom_interfaces/include/custom_interfaces/custom_interfaces/msg/rosidl_generator_cpp__visibility_control.hpp
[0.666s] -- Up-to-date: /micro_ros_ws/wall_e_ws/install/custom_interfaces/include/custom_interfaces/custom_interfaces
[0.667s] -- Up-to-date: /micro_ros_ws/wall_e_ws/install/custom_interfaces/include/custom_interfaces/custom_interfaces/msg
[0.668s] -- Up-to-date: /micro_ros_ws/wall_e_ws/install/custom_interfaces/include/custom_interfaces/custom_interfaces/msg/detail
[0.670s] -- Up-to-date: /micro_ros_ws/wall_e_ws/install/custom_interfaces/include/custom_interfaces/custom_interfaces/msg/detail/dds_fastrtps
[0.672s] -- Up-to-date: /micro_ros_ws/wall_e_ws/install/custom_interfaces/include/custom_interfaces/custom_interfaces/msg/detail/gamepad__rosidl_typesupport_fastrtps_cpp.hpp
[0.673s] -- Up-to-date: /micro_ros_ws/wall_e_ws/install/custom_interfaces/include/custom_interfaces/custom_interfaces/msg/rosidl_typesupport_fastrtps_cpp__visibility_control.h
[0.675s] -- Up-to-date: /micro_ros_ws/wall_e_ws/install/custom_interfaces/lib/libcustom_interfaces__rosidl_typesupport_fastrtps_cpp.so
[0.677s] -- Up-to-date: /micro_ros_ws/wall_e_ws/install/custom_interfaces/include/custom_interfaces/custom_interfaces
[0.677s] -- Up-to-date: /micro_ros_ws/wall_e_ws/install/custom_interfaces/include/custom_interfaces/custom_interfaces/msg
[0.678s] -- Up-to-date: /micro_ros_ws/wall_e_ws/install/custom_interfaces/include/custom_interfaces/custom_interfaces/msg/detail
[0.679s] -- Up-to-date: /micro_ros_ws/wall_e_ws/install/custom_interfaces/include/custom_interfaces/custom_interfaces/msg/detail/gamepad__rosidl_typesupport_introspection_cpp.hpp
[0.680s] -- Up-to-date: /micro_ros_ws/wall_e_ws/install/custom_interfaces/include/custom_interfaces/custom_interfaces/msg/detail/gamepad__type_support.cpp
[0.681s] -- Up-to-date: /micro_ros_ws/wall_e_ws/install/custom_interfaces/lib/libcustom_interfaces__rosidl_typesupport_introspection_cpp.so
[0.684s] -- Up-to-date: /micro_ros_ws/wall_e_ws/install/custom_interfaces/lib/libcustom_interfaces__rosidl_typesupport_cpp.so
[0.685s] -- Up-to-date: /micro_ros_ws/wall_e_ws/install/custom_interfaces/share/custom_interfaces/environment/pythonpath.sh
[0.685s] -- Up-to-date: /micro_ros_ws/wall_e_ws/install/custom_interfaces/share/custom_interfaces/environment/pythonpath.dsv
[0.686s] -- Up-to-date: /micro_ros_ws/wall_e_ws/install/custom_interfaces/local/lib/python3.10/dist-packages/custom_interfaces-0.0.0-py3.10.egg-info
[0.687s] -- Installing: /micro_ros_ws/wall_e_ws/install/custom_interfaces/local/lib/python3.10/dist-packages/custom_interfaces-0.0.0-py3.10.egg-info/dependency_links.txt
[0.690s] -- Installing: /micro_ros_ws/wall_e_ws/install/custom_interfaces/local/lib/python3.10/dist-packages/custom_interfaces-0.0.0-py3.10.egg-info/PKG-INFO
[0.693s] -- Installing: /micro_ros_ws/wall_e_ws/install/custom_interfaces/local/lib/python3.10/dist-packages/custom_interfaces-0.0.0-py3.10.egg-info/SOURCES.txt
[0.696s] -- Installing: /micro_ros_ws/wall_e_ws/install/custom_interfaces/local/lib/python3.10/dist-packages/custom_interfaces-0.0.0-py3.10.egg-info/top_level.txt
[0.699s] -- Up-to-date: /micro_ros_ws/wall_e_ws/install/custom_interfaces/local/lib/python3.10/dist-packages/custom_interfaces
[0.700s] -- Up-to-date: /micro_ros_ws/wall_e_ws/install/custom_interfaces/local/lib/python3.10/dist-packages/custom_interfaces/custom_interfaces_s__rosidl_typesupport_c.cpython-310-x86_64-linux-gnu.so
[0.700s] -- Up-to-date: /micro_ros_ws/wall_e_ws/install/custom_interfaces/local/lib/python3.10/dist-packages/custom_interfaces/custom_interfaces_s__rosidl_typesupport_fastrtps_c.cpython-310-x86_64-linux-gnu.so
[0.702s] -- Up-to-date: /micro_ros_ws/wall_e_ws/install/custom_interfaces/local/lib/python3.10/dist-packages/custom_interfaces/custom_interfaces_s__rosidl_typesupport_introspection_c.cpython-310-x86_64-linux-gnu.so
[0.703s] -- Up-to-date: /micro_ros_ws/wall_e_ws/install/custom_interfaces/local/lib/python3.10/dist-packages/custom_interfaces/libcustom_interfaces__rosidl_generator_py.so
[0.704s] -- Up-to-date: /micro_ros_ws/wall_e_ws/install/custom_interfaces/local/lib/python3.10/dist-packages/custom_interfaces/msg
[0.706s] -- Up-to-date: /micro_ros_ws/wall_e_ws/install/custom_interfaces/local/lib/python3.10/dist-packages/custom_interfaces/msg/_gamepad.py
[0.707s] -- Up-to-date: /micro_ros_ws/wall_e_ws/install/custom_interfaces/local/lib/python3.10/dist-packages/custom_interfaces/msg/_gamepad_s.c
[0.708s] -- Up-to-date: /micro_ros_ws/wall_e_ws/install/custom_interfaces/local/lib/python3.10/dist-packages/custom_interfaces/msg/__init__.py
[0.709s] -- Up-to-date: /micro_ros_ws/wall_e_ws/install/custom_interfaces/local/lib/python3.10/dist-packages/custom_interfaces/_custom_interfaces_s.ep.rosidl_typesupport_c.c
[0.710s] -- Up-to-date: /micro_ros_ws/wall_e_ws/install/custom_interfaces/local/lib/python3.10/dist-packages/custom_interfaces/_custom_interfaces_s.ep.rosidl_typesupport_fastrtps_c.c
[0.711s] -- Up-to-date: /micro_ros_ws/wall_e_ws/install/custom_interfaces/local/lib/python3.10/dist-packages/custom_interfaces/_custom_interfaces_s.ep.rosidl_typesupport_introspection_c.c
[0.714s] -- Up-to-date: /micro_ros_ws/wall_e_ws/install/custom_interfaces/local/lib/python3.10/dist-packages/custom_interfaces/__init__.py
[0.783s] Listing '/micro_ros_ws/wall_e_ws/install/custom_interfaces/local/lib/python3.10/dist-packages/custom_interfaces'...
[0.783s] Listing '/micro_ros_ws/wall_e_ws/install/custom_interfaces/local/lib/python3.10/dist-packages/custom_interfaces/msg'...
[0.790s] -- Up-to-date: /micro_ros_ws/wall_e_ws/install/custom_interfaces/local/lib/python3.10/dist-packages/custom_interfaces/custom_interfaces_s__rosidl_typesupport_fastrtps_c.cpython-310-x86_64-linux-gnu.so
[0.793s] -- Up-to-date: /micro_ros_ws/wall_e_ws/install/custom_interfaces/local/lib/python3.10/dist-packages/custom_interfaces/custom_interfaces_s__rosidl_typesupport_introspection_c.cpython-310-x86_64-linux-gnu.so
[0.796s] -- Up-to-date: /micro_ros_ws/wall_e_ws/install/custom_interfaces/local/lib/python3.10/dist-packages/custom_interfaces/custom_interfaces_s__rosidl_typesupport_c.cpython-310-x86_64-linux-gnu.so
[0.799s] -- Up-to-date: /micro_ros_ws/wall_e_ws/install/custom_interfaces/lib/libcustom_interfaces__rosidl_generator_py.so
[0.801s] -- Up-to-date: /micro_ros_ws/wall_e_ws/install/custom_interfaces/share/ament_index/resource_index/rust_packages/custom_interfaces
[0.802s] -- Up-to-date: /micro_ros_ws/wall_e_ws/install/custom_interfaces/share/custom_interfaces/rust
[0.803s] -- Up-to-date: /micro_ros_ws/wall_e_ws/install/custom_interfaces/share/custom_interfaces/rust/build.rs
[0.804s] -- Up-to-date: /micro_ros_ws/wall_e_ws/install/custom_interfaces/share/custom_interfaces/rust/Cargo.toml
[0.804s] -- Up-to-date: /micro_ros_ws/wall_e_ws/install/custom_interfaces/share/custom_interfaces/rust/src
[0.805s] -- Up-to-date: /micro_ros_ws/wall_e_ws/install/custom_interfaces/share/custom_interfaces/rust/src/lib.rs
[0.805s] -- Up-to-date: /micro_ros_ws/wall_e_ws/install/custom_interfaces/share/custom_interfaces/rust/src/msg
[0.806s] -- Up-to-date: /micro_ros_ws/wall_e_ws/install/custom_interfaces/share/custom_interfaces/rust/src/msg/rmw.rs
[0.806s] -- Up-to-date: /micro_ros_ws/wall_e_ws/install/custom_interfaces/share/custom_interfaces/rust/src/msg.rs
[0.808s] -- Up-to-date: /micro_ros_ws/wall_e_ws/install/custom_interfaces/share/custom_interfaces/msg/Gamepad.idl
[0.808s] -- Up-to-date: /micro_ros_ws/wall_e_ws/install/custom_interfaces/share/custom_interfaces/msg/Gamepad.msg
[0.810s] -- Up-to-date: /micro_ros_ws/wall_e_ws/install/custom_interfaces/share/ament_index/resource_index/package_run_dependencies/custom_interfaces
[0.811s] -- Up-to-date: /micro_ros_ws/wall_e_ws/install/custom_interfaces/share/ament_index/resource_index/parent_prefix_path/custom_interfaces
[0.811s] -- Up-to-date: /micro_ros_ws/wall_e_ws/install/custom_interfaces/share/custom_interfaces/environment/ament_prefix_path.sh
[0.812s] -- Up-to-date: /micro_ros_ws/wall_e_ws/install/custom_interfaces/share/custom_interfaces/environment/ament_prefix_path.dsv
[0.813s] -- Up-to-date: /micro_ros_ws/wall_e_ws/install/custom_interfaces/share/custom_interfaces/environment/path.sh
[0.814s] -- Up-to-date: /micro_ros_ws/wall_e_ws/install/custom_interfaces/share/custom_interfaces/environment/path.dsv
[0.815s] -- Up-to-date: /micro_ros_ws/wall_e_ws/install/custom_interfaces/share/custom_interfaces/local_setup.bash
[0.815s] -- Up-to-date: /micro_ros_ws/wall_e_ws/install/custom_interfaces/share/custom_interfaces/local_setup.sh
[0.816s] -- Up-to-date: /micro_ros_ws/wall_e_ws/install/custom_interfaces/share/custom_interfaces/local_setup.zsh
[0.816s] -- Up-to-date: /micro_ros_ws/wall_e_ws/install/custom_interfaces/share/custom_interfaces/local_setup.dsv
[0.817s] -- Installing: /micro_ros_ws/wall_e_ws/install/custom_interfaces/share/custom_interfaces/package.dsv
[0.819s] -- Up-to-date: /micro_ros_ws/wall_e_ws/install/custom_interfaces/share/ament_index/resource_index/packages/custom_interfaces
[0.820s] -- Up-to-date: /micro_ros_ws/wall_e_ws/install/custom_interfaces/share/custom_interfaces/cmake/export_custom_interfaces__rosidl_generator_cExport.cmake
[0.821s] -- Up-to-date: /micro_ros_ws/wall_e_ws/install/custom_interfaces/share/custom_interfaces/cmake/export_custom_interfaces__rosidl_generator_cExport-noconfig.cmake
[0.823s] -- Up-to-date: /micro_ros_ws/wall_e_ws/install/custom_interfaces/share/custom_interfaces/cmake/export_custom_interfaces__rosidl_typesupport_fastrtps_cExport.cmake
[0.824s] -- Up-to-date: /micro_ros_ws/wall_e_ws/install/custom_interfaces/share/custom_interfaces/cmake/export_custom_interfaces__rosidl_typesupport_fastrtps_cExport-noconfig.cmake
[0.825s] -- Up-to-date: /micro_ros_ws/wall_e_ws/install/custom_interfaces/share/custom_interfaces/cmake/custom_interfaces__rosidl_typesupport_introspection_cExport.cmake
[0.826s] -- Up-to-date: /micro_ros_ws/wall_e_ws/install/custom_interfaces/share/custom_interfaces/cmake/custom_interfaces__rosidl_typesupport_introspection_cExport-noconfig.cmake
[0.827s] -- Up-to-date: /micro_ros_ws/wall_e_ws/install/custom_interfaces/share/custom_interfaces/cmake/custom_interfaces__rosidl_typesupport_cExport.cmake
[0.828s] -- Up-to-date: /micro_ros_ws/wall_e_ws/install/custom_interfaces/share/custom_interfaces/cmake/custom_interfaces__rosidl_typesupport_cExport-noconfig.cmake
[0.830s] -- Up-to-date: /micro_ros_ws/wall_e_ws/install/custom_interfaces/share/custom_interfaces/cmake/export_custom_interfaces__rosidl_generator_cppExport.cmake
[0.831s] -- Up-to-date: /micro_ros_ws/wall_e_ws/install/custom_interfaces/share/custom_interfaces/cmake/export_custom_interfaces__rosidl_typesupport_fastrtps_cppExport.cmake
[0.832s] -- Up-to-date: /micro_ros_ws/wall_e_ws/install/custom_interfaces/share/custom_interfaces/cmake/export_custom_interfaces__rosidl_typesupport_fastrtps_cppExport-noconfig.cmake
[0.833s] -- Up-to-date: /micro_ros_ws/wall_e_ws/install/custom_interfaces/share/custom_interfaces/cmake/custom_interfaces__rosidl_typesupport_introspection_cppExport.cmake
[0.834s] -- Up-to-date: /micro_ros_ws/wall_e_ws/install/custom_interfaces/share/custom_interfaces/cmake/custom_interfaces__rosidl_typesupport_introspection_cppExport-noconfig.cmake
[0.835s] -- Up-to-date: /micro_ros_ws/wall_e_ws/install/custom_interfaces/share/custom_interfaces/cmake/custom_interfaces__rosidl_typesupport_cppExport.cmake
[0.836s] -- Up-to-date: /micro_ros_ws/wall_e_ws/install/custom_interfaces/share/custom_interfaces/cmake/custom_interfaces__rosidl_typesupport_cppExport-noconfig.cmake
[0.838s] -- Up-to-date: /micro_ros_ws/wall_e_ws/install/custom_interfaces/share/custom_interfaces/cmake/export_custom_interfaces__rosidl_generator_pyExport.cmake
[0.838s] -- Up-to-date: /micro_ros_ws/wall_e_ws/install/custom_interfaces/share/custom_interfaces/cmake/export_custom_interfaces__rosidl_generator_pyExport-noconfig.cmake
[0.839s] -- Up-to-date: /micro_ros_ws/wall_e_ws/install/custom_interfaces/share/custom_interfaces/cmake/rosidl_cmake-extras.cmake
[0.840s] -- Up-to-date: /micro_ros_ws/wall_e_ws/install/custom_interfaces/share/custom_interfaces/cmake/ament_cmake_export_dependencies-extras.cmake
[0.840s] -- Up-to-date: /micro_ros_ws/wall_e_ws/install/custom_interfaces/share/custom_interfaces/cmake/ament_cmake_export_include_directories-extras.cmake
[0.841s] -- Up-to-date: /micro_ros_ws/wall_e_ws/install/custom_interfaces/share/custom_interfaces/cmake/ament_cmake_export_libraries-extras.cmake
[0.842s] -- Up-to-date: /micro_ros_ws/wall_e_ws/install/custom_interfaces/share/custom_interfaces/cmake/ament_cmake_export_targets-extras.cmake
[0.843s] -- Up-to-date: /micro_ros_ws/wall_e_ws/install/custom_interfaces/share/custom_interfaces/cmake/rosidl_cmake_export_typesupport_targets-extras.cmake
[0.843s] -- Up-to-date: /micro_ros_ws/wall_e_ws/install/custom_interfaces/share/custom_interfaces/cmake/rosidl_cmake_export_typesupport_libraries-extras.cmake
[0.844s] -- Up-to-date: /micro_ros_ws/wall_e_ws/install/custom_interfaces/share/custom_interfaces/cmake/custom_interfacesConfig.cmake
[0.844s] -- Up-to-date: /micro_ros_ws/wall_e_ws/install/custom_interfaces/share/custom_interfaces/cmake/custom_interfacesConfig-version.cmake
[0.845s] -- Up-to-date: /micro_ros_ws/wall_e_ws/install/custom_interfaces/share/custom_interfaces/package.xml
[0.850s] Invoked command in '/micro_ros_ws/wall_e_ws/build/custom_interfaces' returned '0': CMAKE_PREFIX_PATH=${CMAKE_PREFIX_PATH}:/micro_ros_ws/wall_e_ws/install/localization:/micro_ros_ws/wall_e_ws/install/feedback:/micro_ros_ws/wall_e_ws/install/control:/opt/ros/humble /usr/bin/cmake --install /micro_ros_ws/wall_e_ws/build/custom_interfaces
