[0.574s] Invoking command in '/micro_ros_ws/firmware/mcu_ws/build/visualization_msgs': AMENT_PREFIX_PATH=/micro_ros_ws/firmware/mcu_ws/install:${AMENT_PREFIX_PATH} CMAKE_PREFIX_PATH=/micro_ros_ws/firmware/mcu_ws/install:/micro_ros_ws/firmware/dev_ws/install/ament_lint_common:/micro_ros_ws/firmware/dev_ws/install/ament_cmake_uncrustify:/micro_ros_ws/firmware/dev_ws/install/uncrustify_vendor:/micro_ros_ws/firmware/dev_ws/install/ament_cmake_ros:/micro_ros_ws/firmware/dev_ws/install/ament_cmake_auto:/micro_ros_ws/firmware/dev_ws/install/ament_cmake_gmock:/micro_ros_ws/firmware/dev_ws/install/gmock_vendor:/micro_ros_ws/firmware/dev_ws/install/ament_cmake_gtest:/micro_ros_ws/firmware/dev_ws/install/gtest_vendor:/micro_ros_ws/firmware/dev_ws/install/ament_cmake_xmllint:/micro_ros_ws/firmware/dev_ws/install/ament_cmake_pyflakes:/micro_ros_ws/firmware/dev_ws/install/ament_cmake_pycodestyle:/micro_ros_ws/firmware/dev_ws/install/ament_cmake_pep257:/micro_ros_ws/firmware/dev_ws/install/ament_cmake_pclint:/micro_ros_ws/firmware/dev_ws/install/ament_lint_auto:/micro_ros_ws/firmware/dev_ws/install/ament_cmake:/micro_ros_ws/firmware/dev_ws/install/ament_cmake_version:/micro_ros_ws/firmware/dev_ws/install/ament_cmake_vendor_package:/micro_ros_ws/firmware/dev_ws/install/ament_cmake_pytest:/micro_ros_ws/firmware/dev_ws/install/ament_cmake_nose:/micro_ros_ws/firmware/dev_ws/install/ament_cmake_mypy:/micro_ros_ws/firmware/dev_ws/install/ament_cmake_lint_cmake:/micro_ros_ws/firmware/dev_ws/install/ament_cmake_google_benchmark:/micro_ros_ws/firmware/dev_ws/install/ament_cmake_flake8:/micro_ros_ws/firmware/dev_ws/install/ament_cmake_cpplint:/micro_ros_ws/firmware/dev_ws/install/ament_cmake_cppcheck:/micro_ros_ws/firmware/dev_ws/install/ament_cmake_copyright:/micro_ros_ws/firmware/dev_ws/install/ament_cmake_clang_tidy:/micro_ros_ws/firmware/dev_ws/install/ament_cmake_clang_format:/micro_ros_ws/firmware/dev_ws/install/ament_cmake_test:/micro_ros_ws/firmware/dev_ws/install/ament_cmake_target_dependencies:/micro_ros_ws/firmware/dev_ws/install/ament_cmake_python:/micro_ros_ws/firmware/dev_ws/install/ament_cmake_export_dependencies:/micro_ros_ws/firmware/dev_ws/install/ament_cmake_libraries:/micro_ros_ws/firmware/dev_ws/install/ament_cmake_include_directories:/micro_ros_ws/firmware/dev_ws/install/ament_cmake_gen_version_h:/micro_ros_ws/firmware/dev_ws/install/ament_cmake_export_targets:/micro_ros_ws/firmware/dev_ws/install/ament_cmake_export_link_flags:/micro_ros_ws/firmware/dev_ws/install/ament_cmake_export_interfaces:/micro_ros_ws/firmware/dev_ws/install/ament_cmake_export_libraries:/micro_ros_ws/firmware/dev_ws/install/ament_cmake_export_include_directories:/micro_ros_ws/firmware/dev_ws/install/ament_cmake_export_definitions:/micro_ros_ws/firmware/dev_ws/install/ament_cmake_core:/micro_ros_ws/firmware/dev_ws/install/ament_index_cpp:/micro_ros_ws/firmware/dev_ws/install/ament_uncrustify:/micro_ros_ws/firmware/dev_ws/install/domain_coordinator:/micro_ros_ws/firmware/dev_ws/install/ament_xmllint:/micro_ros_ws/firmware/dev_ws/install/ament_pyflakes:/micro_ros_ws/firmware/dev_ws/install/ament_pycodestyle:/micro_ros_ws/firmware/dev_ws/install/ament_pep257:/micro_ros_ws/firmware/dev_ws/install/ament_pclint:/micro_ros_ws/firmware/dev_ws/install/ament_package:/micro_ros_ws/firmware/dev_ws/install/ament_mypy:/micro_ros_ws/firmware/dev_ws/install/ament_lint_cmake:/micro_ros_ws/firmware/dev_ws/install/ament_flake8:/micro_ros_ws/firmware/dev_ws/install/ament_copyright:/micro_ros_ws/firmware/dev_ws/install/ament_lint:/micro_ros_ws/firmware/dev_ws/install/ament_index_python:/micro_ros_ws/firmware/dev_ws/install/ament_cpplint:/micro_ros_ws/firmware/dev_ws/install/ament_cppcheck:/micro_ros_ws/firmware/dev_ws/install/ament_clang_tidy:/micro_ros_ws/firmware/dev_ws/install/ament_clang_format LD_LIBRARY_PATH=/micro_ros_ws/firmware/mcu_ws/install/lib:${LD_LIBRARY_PATH} PATH=/micro_ros_ws/firmware/mcu_ws/install/bin:${PATH} PYTHONPATH=/micro_ros_ws/firmware/mcu_ws/install/lib/python3.10/site-packages:${PYTHONPATH} /usr/bin/cmake --build /micro_ros_ws/firmware/mcu_ws/build/visualization_msgs -- -j12 -l12
[0.614s] gmake[4]: Entering directory '/micro_ros_ws/firmware/mcu_ws/build/visualization_msgs'
[0.614s] /usr/bin/cmake -S/micro_ros_ws/firmware/mcu_ws/ros2/common_interfaces/visualization_msgs -B/micro_ros_ws/firmware/mcu_ws/build/visualization_msgs --check-build-system CMakeFiles/Makefile.cmake 0
[0.687s] /usr/bin/cmake -E cmake_progress_start /micro_ros_ws/firmware/mcu_ws/build/visualization_msgs/CMakeFiles /micro_ros_ws/firmware/mcu_ws/build/visualization_msgs//CMakeFiles/progress.marks
[0.707s] /usr/bin/gmake  -f CMakeFiles/Makefile2 all
[0.713s] gmake[5]: Entering directory '/micro_ros_ws/firmware/mcu_ws/build/visualization_msgs'
[0.713s] /usr/bin/gmake  -f CMakeFiles/visualization_msgs__rosidl_generator_c.dir/build.make CMakeFiles/visualization_msgs__rosidl_generator_c.dir/depend
[0.745s] gmake[6]: Entering directory '/micro_ros_ws/firmware/mcu_ws/build/visualization_msgs'
[0.745s] cd /micro_ros_ws/firmware/mcu_ws/build/visualization_msgs && /usr/bin/cmake -E cmake_depends "Unix Makefiles" /micro_ros_ws/firmware/mcu_ws/ros2/common_interfaces/visualization_msgs /micro_ros_ws/firmware/mcu_ws/ros2/common_interfaces/visualization_msgs /micro_ros_ws/firmware/mcu_ws/build/visualization_msgs /micro_ros_ws/firmware/mcu_ws/build/visualization_msgs /micro_ros_ws/firmware/mcu_ws/build/visualization_msgs/CMakeFiles/visualization_msgs__rosidl_generator_c.dir/DependInfo.cmake --color=
[0.802s] Dependencies file "CMakeFiles/visualization_msgs__rosidl_generator_c.dir/rosidl_generator_c/visualization_msgs/msg/detail/image_marker__functions.c.obj.d" is newer than depends file "/micro_ros_ws/firmware/mcu_ws/build/visualization_msgs/CMakeFiles/visualization_msgs__rosidl_generator_c.dir/compiler_depend.internal".
[0.803s] Dependencies file "CMakeFiles/visualization_msgs__rosidl_generator_c.dir/rosidl_generator_c/visualization_msgs/msg/detail/interactive_marker__functions.c.obj.d" is newer than depends file "/micro_ros_ws/firmware/mcu_ws/build/visualization_msgs/CMakeFiles/visualization_msgs__rosidl_generator_c.dir/compiler_depend.internal".
[0.804s] Dependencies file "CMakeFiles/visualization_msgs__rosidl_generator_c.dir/rosidl_generator_c/visualization_msgs/msg/detail/interactive_marker_control__functions.c.obj.d" is newer than depends file "/micro_ros_ws/firmware/mcu_ws/build/visualization_msgs/CMakeFiles/visualization_msgs__rosidl_generator_c.dir/compiler_depend.internal".
[0.805s] Dependencies file "CMakeFiles/visualization_msgs__rosidl_generator_c.dir/rosidl_generator_c/visualization_msgs/msg/detail/interactive_marker_feedback__functions.c.obj.d" is newer than depends file "/micro_ros_ws/firmware/mcu_ws/build/visualization_msgs/CMakeFiles/visualization_msgs__rosidl_generator_c.dir/compiler_depend.internal".
[0.806s] Dependencies file "CMakeFiles/visualization_msgs__rosidl_generator_c.dir/rosidl_generator_c/visualization_msgs/msg/detail/interactive_marker_init__functions.c.obj.d" is newer than depends file "/micro_ros_ws/firmware/mcu_ws/build/visualization_msgs/CMakeFiles/visualization_msgs__rosidl_generator_c.dir/compiler_depend.internal".
[0.807s] Dependencies file "CMakeFiles/visualization_msgs__rosidl_generator_c.dir/rosidl_generator_c/visualization_msgs/msg/detail/interactive_marker_pose__functions.c.obj.d" is newer than depends file "/micro_ros_ws/firmware/mcu_ws/build/visualization_msgs/CMakeFiles/visualization_msgs__rosidl_generator_c.dir/compiler_depend.internal".
[0.807s] Dependencies file "CMakeFiles/visualization_msgs__rosidl_generator_c.dir/rosidl_generator_c/visualization_msgs/msg/detail/interactive_marker_update__functions.c.obj.d" is newer than depends file "/micro_ros_ws/firmware/mcu_ws/build/visualization_msgs/CMakeFiles/visualization_msgs__rosidl_generator_c.dir/compiler_depend.internal".
[0.808s] Dependencies file "CMakeFiles/visualization_msgs__rosidl_generator_c.dir/rosidl_generator_c/visualization_msgs/msg/detail/marker__functions.c.obj.d" is newer than depends file "/micro_ros_ws/firmware/mcu_ws/build/visualization_msgs/CMakeFiles/visualization_msgs__rosidl_generator_c.dir/compiler_depend.internal".
[0.809s] Dependencies file "CMakeFiles/visualization_msgs__rosidl_generator_c.dir/rosidl_generator_c/visualization_msgs/msg/detail/marker_array__functions.c.obj.d" is newer than depends file "/micro_ros_ws/firmware/mcu_ws/build/visualization_msgs/CMakeFiles/visualization_msgs__rosidl_generator_c.dir/compiler_depend.internal".
[0.810s] Dependencies file "CMakeFiles/visualization_msgs__rosidl_generator_c.dir/rosidl_generator_c/visualization_msgs/msg/detail/menu_entry__functions.c.obj.d" is newer than depends file "/micro_ros_ws/firmware/mcu_ws/build/visualization_msgs/CMakeFiles/visualization_msgs__rosidl_generator_c.dir/compiler_depend.internal".
[0.811s] Dependencies file "CMakeFiles/visualization_msgs__rosidl_generator_c.dir/rosidl_generator_c/visualization_msgs/msg/detail/mesh_file__functions.c.obj.d" is newer than depends file "/micro_ros_ws/firmware/mcu_ws/build/visualization_msgs/CMakeFiles/visualization_msgs__rosidl_generator_c.dir/compiler_depend.internal".
[0.812s] Dependencies file "CMakeFiles/visualization_msgs__rosidl_generator_c.dir/rosidl_generator_c/visualization_msgs/msg/detail/uv_coordinate__functions.c.obj.d" is newer than depends file "/micro_ros_ws/firmware/mcu_ws/build/visualization_msgs/CMakeFiles/visualization_msgs__rosidl_generator_c.dir/compiler_depend.internal".
[0.813s] Dependencies file "CMakeFiles/visualization_msgs__rosidl_generator_c.dir/rosidl_generator_c/visualization_msgs/srv/detail/get_interactive_markers__functions.c.obj.d" is newer than depends file "/micro_ros_ws/firmware/mcu_ws/build/visualization_msgs/CMakeFiles/visualization_msgs__rosidl_generator_c.dir/compiler_depend.internal".
[0.813s] [35m[1mConsolidate compiler generated dependencies of target visualization_msgs__rosidl_generator_c[0m
[0.882s] gmake[6]: Leaving directory '/micro_ros_ws/firmware/mcu_ws/build/visualization_msgs'
[0.882s] /usr/bin/gmake  -f CMakeFiles/visualization_msgs__rosidl_generator_c.dir/build.make CMakeFiles/visualization_msgs__rosidl_generator_c.dir/build
[0.927s] gmake[6]: Entering directory '/micro_ros_ws/firmware/mcu_ws/build/visualization_msgs'
[0.927s] gmake[6]: Nothing to be done for 'CMakeFiles/visualization_msgs__rosidl_generator_c.dir/build'.
[0.927s] gmake[6]: Leaving directory '/micro_ros_ws/firmware/mcu_ws/build/visualization_msgs'
[0.953s] [ 25%] Built target visualization_msgs__rosidl_generator_c
[0.953s] /usr/bin/gmake  -f CMakeFiles/visualization_msgs__rosidl_typesupport_c.dir/build.make CMakeFiles/visualization_msgs__rosidl_typesupport_c.dir/depend
[0.953s] /usr/bin/gmake  -f CMakeFiles/visualization_msgs__rosidl_typesupport_introspection_c.dir/build.make CMakeFiles/visualization_msgs__rosidl_typesupport_introspection_c.dir/depend
[0.954s] /usr/bin/gmake  -f CMakeFiles/visualization_msgs__rosidl_typesupport_microxrcedds_c.dir/build.make CMakeFiles/visualization_msgs__rosidl_typesupport_microxrcedds_c.dir/depend
[0.986s] gmake[6]: Entering directory '/micro_ros_ws/firmware/mcu_ws/build/visualization_msgs'
[0.986s] cd /micro_ros_ws/firmware/mcu_ws/build/visualization_msgs && /usr/bin/cmake -E cmake_depends "Unix Makefiles" /micro_ros_ws/firmware/mcu_ws/ros2/common_interfaces/visualization_msgs /micro_ros_ws/firmware/mcu_ws/ros2/common_interfaces/visualization_msgs /micro_ros_ws/firmware/mcu_ws/build/visualization_msgs /micro_ros_ws/firmware/mcu_ws/build/visualization_msgs /micro_ros_ws/firmware/mcu_ws/build/visualization_msgs/CMakeFiles/visualization_msgs__rosidl_typesupport_microxrcedds_c.dir/DependInfo.cmake --color=
[0.999s] gmake[6]: Entering directory '/micro_ros_ws/firmware/mcu_ws/build/visualization_msgs'
[0.999s] cd /micro_ros_ws/firmware/mcu_ws/build/visualization_msgs && /usr/bin/cmake -E cmake_depends "Unix Makefiles" /micro_ros_ws/firmware/mcu_ws/ros2/common_interfaces/visualization_msgs /micro_ros_ws/firmware/mcu_ws/ros2/common_interfaces/visualization_msgs /micro_ros_ws/firmware/mcu_ws/build/visualization_msgs /micro_ros_ws/firmware/mcu_ws/build/visualization_msgs /micro_ros_ws/firmware/mcu_ws/build/visualization_msgs/CMakeFiles/visualization_msgs__rosidl_typesupport_c.dir/DependInfo.cmake --color=
[0.999s] gmake[6]: Entering directory '/micro_ros_ws/firmware/mcu_ws/build/visualization_msgs'
[0.999s] cd /micro_ros_ws/firmware/mcu_ws/build/visualization_msgs && /usr/bin/cmake -E cmake_depends "Unix Makefiles" /micro_ros_ws/firmware/mcu_ws/ros2/common_interfaces/visualization_msgs /micro_ros_ws/firmware/mcu_ws/ros2/common_interfaces/visualization_msgs /micro_ros_ws/firmware/mcu_ws/build/visualization_msgs /micro_ros_ws/firmware/mcu_ws/build/visualization_msgs /micro_ros_ws/firmware/mcu_ws/build/visualization_msgs/CMakeFiles/visualization_msgs__rosidl_typesupport_introspection_c.dir/DependInfo.cmake --color=
[1.033s] gmake[6]: Leaving directory '/micro_ros_ws/firmware/mcu_ws/build/visualization_msgs'
[1.033s] /usr/bin/gmake  -f CMakeFiles/visualization_msgs__rosidl_typesupport_microxrcedds_c.dir/build.make CMakeFiles/visualization_msgs__rosidl_typesupport_microxrcedds_c.dir/build
[1.034s] gmake[6]: Leaving directory '/micro_ros_ws/firmware/mcu_ws/build/visualization_msgs'
[1.034s] /usr/bin/gmake  -f CMakeFiles/visualization_msgs__rosidl_typesupport_c.dir/build.make CMakeFiles/visualization_msgs__rosidl_typesupport_c.dir/build
[1.041s] gmake[6]: Leaving directory '/micro_ros_ws/firmware/mcu_ws/build/visualization_msgs'
[1.041s] /usr/bin/gmake  -f CMakeFiles/visualization_msgs__rosidl_typesupport_introspection_c.dir/build.make CMakeFiles/visualization_msgs__rosidl_typesupport_introspection_c.dir/build
[1.085s] gmake[6]: Entering directory '/micro_ros_ws/firmware/mcu_ws/build/visualization_msgs'
[1.086s] gmake[6]: Nothing to be done for 'CMakeFiles/visualization_msgs__rosidl_typesupport_microxrcedds_c.dir/build'.
[1.086s] gmake[6]: Leaving directory '/micro_ros_ws/firmware/mcu_ws/build/visualization_msgs'
[1.087s] gmake[6]: Entering directory '/micro_ros_ws/firmware/mcu_ws/build/visualization_msgs'
[1.088s] gmake[6]: Nothing to be done for 'CMakeFiles/visualization_msgs__rosidl_typesupport_c.dir/build'.
[1.088s] gmake[6]: Leaving directory '/micro_ros_ws/firmware/mcu_ws/build/visualization_msgs'
[1.103s] gmake[6]: Entering directory '/micro_ros_ws/firmware/mcu_ws/build/visualization_msgs'
[1.103s] gmake[6]: Nothing to be done for 'CMakeFiles/visualization_msgs__rosidl_typesupport_introspection_c.dir/build'.
[1.103s] gmake[6]: Leaving directory '/micro_ros_ws/firmware/mcu_ws/build/visualization_msgs'
[1.111s] [ 60%] Built target visualization_msgs__rosidl_typesupport_microxrcedds_c
[1.113s] [ 75%] Built target visualization_msgs__rosidl_typesupport_c
[1.123s] [100%] Built target visualization_msgs__rosidl_typesupport_introspection_c
[1.124s] /usr/bin/gmake  -f CMakeFiles/visualization_msgs.dir/build.make CMakeFiles/visualization_msgs.dir/depend
[1.128s] gmake[6]: Entering directory '/micro_ros_ws/firmware/mcu_ws/build/visualization_msgs'
[1.128s] cd /micro_ros_ws/firmware/mcu_ws/build/visualization_msgs && /usr/bin/cmake -E cmake_depends "Unix Makefiles" /micro_ros_ws/firmware/mcu_ws/ros2/common_interfaces/visualization_msgs /micro_ros_ws/firmware/mcu_ws/ros2/common_interfaces/visualization_msgs /micro_ros_ws/firmware/mcu_ws/build/visualization_msgs /micro_ros_ws/firmware/mcu_ws/build/visualization_msgs /micro_ros_ws/firmware/mcu_ws/build/visualization_msgs/CMakeFiles/visualization_msgs.dir/DependInfo.cmake --color=
[1.147s] gmake[6]: Leaving directory '/micro_ros_ws/firmware/mcu_ws/build/visualization_msgs'
[1.147s] /usr/bin/gmake  -f CMakeFiles/visualization_msgs.dir/build.make CMakeFiles/visualization_msgs.dir/build
[1.175s] gmake[6]: Entering directory '/micro_ros_ws/firmware/mcu_ws/build/visualization_msgs'
[1.176s] gmake[6]: Nothing to be done for 'CMakeFiles/visualization_msgs.dir/build'.
[1.176s] gmake[6]: Leaving directory '/micro_ros_ws/firmware/mcu_ws/build/visualization_msgs'
[1.196s] [100%] Built target visualization_msgs
[1.197s] gmake[5]: Leaving directory '/micro_ros_ws/firmware/mcu_ws/build/visualization_msgs'
[1.198s] /usr/bin/cmake -E cmake_progress_start /micro_ros_ws/firmware/mcu_ws/build/visualization_msgs/CMakeFiles 0
[1.224s] gmake[4]: Leaving directory '/micro_ros_ws/firmware/mcu_ws/build/visualization_msgs'
[1.496s] Invoked command in '/micro_ros_ws/firmware/mcu_ws/build/visualization_msgs' returned '0': AMENT_PREFIX_PATH=/micro_ros_ws/firmware/mcu_ws/install:${AMENT_PREFIX_PATH} CMAKE_PREFIX_PATH=/micro_ros_ws/firmware/mcu_ws/install:/micro_ros_ws/firmware/dev_ws/install/ament_lint_common:/micro_ros_ws/firmware/dev_ws/install/ament_cmake_uncrustify:/micro_ros_ws/firmware/dev_ws/install/uncrustify_vendor:/micro_ros_ws/firmware/dev_ws/install/ament_cmake_ros:/micro_ros_ws/firmware/dev_ws/install/ament_cmake_auto:/micro_ros_ws/firmware/dev_ws/install/ament_cmake_gmock:/micro_ros_ws/firmware/dev_ws/install/gmock_vendor:/micro_ros_ws/firmware/dev_ws/install/ament_cmake_gtest:/micro_ros_ws/firmware/dev_ws/install/gtest_vendor:/micro_ros_ws/firmware/dev_ws/install/ament_cmake_xmllint:/micro_ros_ws/firmware/dev_ws/install/ament_cmake_pyflakes:/micro_ros_ws/firmware/dev_ws/install/ament_cmake_pycodestyle:/micro_ros_ws/firmware/dev_ws/install/ament_cmake_pep257:/micro_ros_ws/firmware/dev_ws/install/ament_cmake_pclint:/micro_ros_ws/firmware/dev_ws/install/ament_lint_auto:/micro_ros_ws/firmware/dev_ws/install/ament_cmake:/micro_ros_ws/firmware/dev_ws/install/ament_cmake_version:/micro_ros_ws/firmware/dev_ws/install/ament_cmake_vendor_package:/micro_ros_ws/firmware/dev_ws/install/ament_cmake_pytest:/micro_ros_ws/firmware/dev_ws/install/ament_cmake_nose:/micro_ros_ws/firmware/dev_ws/install/ament_cmake_mypy:/micro_ros_ws/firmware/dev_ws/install/ament_cmake_lint_cmake:/micro_ros_ws/firmware/dev_ws/install/ament_cmake_google_benchmark:/micro_ros_ws/firmware/dev_ws/install/ament_cmake_flake8:/micro_ros_ws/firmware/dev_ws/install/ament_cmake_cpplint:/micro_ros_ws/firmware/dev_ws/install/ament_cmake_cppcheck:/micro_ros_ws/firmware/dev_ws/install/ament_cmake_copyright:/micro_ros_ws/firmware/dev_ws/install/ament_cmake_clang_tidy:/micro_ros_ws/firmware/dev_ws/install/ament_cmake_clang_format:/micro_ros_ws/firmware/dev_ws/install/ament_cmake_test:/micro_ros_ws/firmware/dev_ws/install/ament_cmake_target_dependencies:/micro_ros_ws/firmware/dev_ws/install/ament_cmake_python:/micro_ros_ws/firmware/dev_ws/install/ament_cmake_export_dependencies:/micro_ros_ws/firmware/dev_ws/install/ament_cmake_libraries:/micro_ros_ws/firmware/dev_ws/install/ament_cmake_include_directories:/micro_ros_ws/firmware/dev_ws/install/ament_cmake_gen_version_h:/micro_ros_ws/firmware/dev_ws/install/ament_cmake_export_targets:/micro_ros_ws/firmware/dev_ws/install/ament_cmake_export_link_flags:/micro_ros_ws/firmware/dev_ws/install/ament_cmake_export_interfaces:/micro_ros_ws/firmware/dev_ws/install/ament_cmake_export_libraries:/micro_ros_ws/firmware/dev_ws/install/ament_cmake_export_include_directories:/micro_ros_ws/firmware/dev_ws/install/ament_cmake_export_definitions:/micro_ros_ws/firmware/dev_ws/install/ament_cmake_core:/micro_ros_ws/firmware/dev_ws/install/ament_index_cpp:/micro_ros_ws/firmware/dev_ws/install/ament_uncrustify:/micro_ros_ws/firmware/dev_ws/install/domain_coordinator:/micro_ros_ws/firmware/dev_ws/install/ament_xmllint:/micro_ros_ws/firmware/dev_ws/install/ament_pyflakes:/micro_ros_ws/firmware/dev_ws/install/ament_pycodestyle:/micro_ros_ws/firmware/dev_ws/install/ament_pep257:/micro_ros_ws/firmware/dev_ws/install/ament_pclint:/micro_ros_ws/firmware/dev_ws/install/ament_package:/micro_ros_ws/firmware/dev_ws/install/ament_mypy:/micro_ros_ws/firmware/dev_ws/install/ament_lint_cmake:/micro_ros_ws/firmware/dev_ws/install/ament_flake8:/micro_ros_ws/firmware/dev_ws/install/ament_copyright:/micro_ros_ws/firmware/dev_ws/install/ament_lint:/micro_ros_ws/firmware/dev_ws/install/ament_index_python:/micro_ros_ws/firmware/dev_ws/install/ament_cpplint:/micro_ros_ws/firmware/dev_ws/install/ament_cppcheck:/micro_ros_ws/firmware/dev_ws/install/ament_clang_tidy:/micro_ros_ws/firmware/dev_ws/install/ament_clang_format LD_LIBRARY_PATH=/micro_ros_ws/firmware/mcu_ws/install/lib:${LD_LIBRARY_PATH} PATH=/micro_ros_ws/firmware/mcu_ws/install/bin:${PATH} PYTHONPATH=/micro_ros_ws/firmware/mcu_ws/install/lib/python3.10/site-packages:${PYTHONPATH} /usr/bin/cmake --build /micro_ros_ws/firmware/mcu_ws/build/visualization_msgs -- -j12 -l12
[1.498s] Invoking command in '/micro_ros_ws/firmware/mcu_ws/build/visualization_msgs': AMENT_PREFIX_PATH=/micro_ros_ws/firmware/mcu_ws/install:${AMENT_PREFIX_PATH} CMAKE_PREFIX_PATH=/micro_ros_ws/firmware/mcu_ws/install:/micro_ros_ws/firmware/dev_ws/install/ament_lint_common:/micro_ros_ws/firmware/dev_ws/install/ament_cmake_uncrustify:/micro_ros_ws/firmware/dev_ws/install/uncrustify_vendor:/micro_ros_ws/firmware/dev_ws/install/ament_cmake_ros:/micro_ros_ws/firmware/dev_ws/install/ament_cmake_auto:/micro_ros_ws/firmware/dev_ws/install/ament_cmake_gmock:/micro_ros_ws/firmware/dev_ws/install/gmock_vendor:/micro_ros_ws/firmware/dev_ws/install/ament_cmake_gtest:/micro_ros_ws/firmware/dev_ws/install/gtest_vendor:/micro_ros_ws/firmware/dev_ws/install/ament_cmake_xmllint:/micro_ros_ws/firmware/dev_ws/install/ament_cmake_pyflakes:/micro_ros_ws/firmware/dev_ws/install/ament_cmake_pycodestyle:/micro_ros_ws/firmware/dev_ws/install/ament_cmake_pep257:/micro_ros_ws/firmware/dev_ws/install/ament_cmake_pclint:/micro_ros_ws/firmware/dev_ws/install/ament_lint_auto:/micro_ros_ws/firmware/dev_ws/install/ament_cmake:/micro_ros_ws/firmware/dev_ws/install/ament_cmake_version:/micro_ros_ws/firmware/dev_ws/install/ament_cmake_vendor_package:/micro_ros_ws/firmware/dev_ws/install/ament_cmake_pytest:/micro_ros_ws/firmware/dev_ws/install/ament_cmake_nose:/micro_ros_ws/firmware/dev_ws/install/ament_cmake_mypy:/micro_ros_ws/firmware/dev_ws/install/ament_cmake_lint_cmake:/micro_ros_ws/firmware/dev_ws/install/ament_cmake_google_benchmark:/micro_ros_ws/firmware/dev_ws/install/ament_cmake_flake8:/micro_ros_ws/firmware/dev_ws/install/ament_cmake_cpplint:/micro_ros_ws/firmware/dev_ws/install/ament_cmake_cppcheck:/micro_ros_ws/firmware/dev_ws/install/ament_cmake_copyright:/micro_ros_ws/firmware/dev_ws/install/ament_cmake_clang_tidy:/micro_ros_ws/firmware/dev_ws/install/ament_cmake_clang_format:/micro_ros_ws/firmware/dev_ws/install/ament_cmake_test:/micro_ros_ws/firmware/dev_ws/install/ament_cmake_target_dependencies:/micro_ros_ws/firmware/dev_ws/install/ament_cmake_python:/micro_ros_ws/firmware/dev_ws/install/ament_cmake_export_dependencies:/micro_ros_ws/firmware/dev_ws/install/ament_cmake_libraries:/micro_ros_ws/firmware/dev_ws/install/ament_cmake_include_directories:/micro_ros_ws/firmware/dev_ws/install/ament_cmake_gen_version_h:/micro_ros_ws/firmware/dev_ws/install/ament_cmake_export_targets:/micro_ros_ws/firmware/dev_ws/install/ament_cmake_export_link_flags:/micro_ros_ws/firmware/dev_ws/install/ament_cmake_export_interfaces:/micro_ros_ws/firmware/dev_ws/install/ament_cmake_export_libraries:/micro_ros_ws/firmware/dev_ws/install/ament_cmake_export_include_directories:/micro_ros_ws/firmware/dev_ws/install/ament_cmake_export_definitions:/micro_ros_ws/firmware/dev_ws/install/ament_cmake_core:/micro_ros_ws/firmware/dev_ws/install/ament_index_cpp:/micro_ros_ws/firmware/dev_ws/install/ament_uncrustify:/micro_ros_ws/firmware/dev_ws/install/domain_coordinator:/micro_ros_ws/firmware/dev_ws/install/ament_xmllint:/micro_ros_ws/firmware/dev_ws/install/ament_pyflakes:/micro_ros_ws/firmware/dev_ws/install/ament_pycodestyle:/micro_ros_ws/firmware/dev_ws/install/ament_pep257:/micro_ros_ws/firmware/dev_ws/install/ament_pclint:/micro_ros_ws/firmware/dev_ws/install/ament_package:/micro_ros_ws/firmware/dev_ws/install/ament_mypy:/micro_ros_ws/firmware/dev_ws/install/ament_lint_cmake:/micro_ros_ws/firmware/dev_ws/install/ament_flake8:/micro_ros_ws/firmware/dev_ws/install/ament_copyright:/micro_ros_ws/firmware/dev_ws/install/ament_lint:/micro_ros_ws/firmware/dev_ws/install/ament_index_python:/micro_ros_ws/firmware/dev_ws/install/ament_cpplint:/micro_ros_ws/firmware/dev_ws/install/ament_cppcheck:/micro_ros_ws/firmware/dev_ws/install/ament_clang_tidy:/micro_ros_ws/firmware/dev_ws/install/ament_clang_format LD_LIBRARY_PATH=/micro_ros_ws/firmware/mcu_ws/install/lib:${LD_LIBRARY_PATH} PATH=/micro_ros_ws/firmware/mcu_ws/install/bin:${PATH} PYTHONPATH=/micro_ros_ws/firmware/mcu_ws/install/lib/python3.10/site-packages:${PYTHONPATH} /usr/bin/cmake --install /micro_ros_ws/firmware/mcu_ws/build/visualization_msgs
[1.514s] -- Install configuration: "Debug"
[1.515s] -- Up-to-date: /micro_ros_ws/firmware/mcu_ws/install/share/ament_index/resource_index/rosidl_interfaces/visualization_msgs
[1.516s] -- Up-to-date: /micro_ros_ws/firmware/mcu_ws/install/include/visualization_msgs/visualization_msgs
[1.518s] -- Up-to-date: /micro_ros_ws/firmware/mcu_ws/install/include/visualization_msgs/visualization_msgs/msg
[1.519s] -- Up-to-date: /micro_ros_ws/firmware/mcu_ws/install/include/visualization_msgs/visualization_msgs/msg/detail
[1.521s] -- Up-to-date: /micro_ros_ws/firmware/mcu_ws/install/include/visualization_msgs/visualization_msgs/msg/detail/interactive_marker_init__functions.c
[1.523s] -- Up-to-date: /micro_ros_ws/firmware/mcu_ws/install/include/visualization_msgs/visualization_msgs/msg/detail/interactive_marker__type_support.h
[1.525s] -- Up-to-date: /micro_ros_ws/firmware/mcu_ws/install/include/visualization_msgs/visualization_msgs/msg/detail/image_marker__functions.c
[1.526s] -- Up-to-date: /micro_ros_ws/firmware/mcu_ws/install/include/visualization_msgs/visualization_msgs/msg/detail/image_marker__functions.h
[1.527s] -- Up-to-date: /micro_ros_ws/firmware/mcu_ws/install/include/visualization_msgs/visualization_msgs/msg/detail/image_marker__struct.h
[1.529s] -- Up-to-date: /micro_ros_ws/firmware/mcu_ws/install/include/visualization_msgs/visualization_msgs/msg/detail/image_marker__type_support.h
[1.530s] -- Up-to-date: /micro_ros_ws/firmware/mcu_ws/install/include/visualization_msgs/visualization_msgs/msg/detail/interactive_marker_control__functions.c
[1.531s] -- Up-to-date: /micro_ros_ws/firmware/mcu_ws/install/include/visualization_msgs/visualization_msgs/msg/detail/interactive_marker_control__functions.h
[1.532s] -- Up-to-date: /micro_ros_ws/firmware/mcu_ws/install/include/visualization_msgs/visualization_msgs/msg/detail/interactive_marker_control__struct.h
[1.534s] -- Up-to-date: /micro_ros_ws/firmware/mcu_ws/install/include/visualization_msgs/visualization_msgs/msg/detail/interactive_marker_control__type_support.h
[1.536s] -- Up-to-date: /micro_ros_ws/firmware/mcu_ws/install/include/visualization_msgs/visualization_msgs/msg/detail/interactive_marker_feedback__functions.c
[1.539s] -- Up-to-date: /micro_ros_ws/firmware/mcu_ws/install/include/visualization_msgs/visualization_msgs/msg/detail/interactive_marker_feedback__functions.h
[1.541s] -- Up-to-date: /micro_ros_ws/firmware/mcu_ws/install/include/visualization_msgs/visualization_msgs/msg/detail/interactive_marker_feedback__struct.h
[1.542s] -- Up-to-date: /micro_ros_ws/firmware/mcu_ws/install/include/visualization_msgs/visualization_msgs/msg/detail/interactive_marker_feedback__type_support.h
[1.544s] -- Up-to-date: /micro_ros_ws/firmware/mcu_ws/install/include/visualization_msgs/visualization_msgs/msg/detail/interactive_marker_init__functions.h
[1.546s] -- Up-to-date: /micro_ros_ws/firmware/mcu_ws/install/include/visualization_msgs/visualization_msgs/msg/detail/interactive_marker_init__struct.h
[1.547s] -- Up-to-date: /micro_ros_ws/firmware/mcu_ws/install/include/visualization_msgs/visualization_msgs/msg/detail/interactive_marker_init__type_support.h
[1.549s] -- Up-to-date: /micro_ros_ws/firmware/mcu_ws/install/include/visualization_msgs/visualization_msgs/msg/detail/interactive_marker_pose__functions.c
[1.550s] -- Up-to-date: /micro_ros_ws/firmware/mcu_ws/install/include/visualization_msgs/visualization_msgs/msg/detail/interactive_marker_pose__functions.h
[1.552s] -- Up-to-date: /micro_ros_ws/firmware/mcu_ws/install/include/visualization_msgs/visualization_msgs/msg/detail/interactive_marker_pose__struct.h
[1.553s] -- Up-to-date: /micro_ros_ws/firmware/mcu_ws/install/include/visualization_msgs/visualization_msgs/msg/detail/interactive_marker_pose__type_support.h
[1.556s] -- Up-to-date: /micro_ros_ws/firmware/mcu_ws/install/include/visualization_msgs/visualization_msgs/msg/detail/interactive_marker_update__functions.c
[1.559s] -- Up-to-date: /micro_ros_ws/firmware/mcu_ws/install/include/visualization_msgs/visualization_msgs/msg/detail/interactive_marker_update__functions.h
[1.562s] -- Up-to-date: /micro_ros_ws/firmware/mcu_ws/install/include/visualization_msgs/visualization_msgs/msg/detail/interactive_marker_update__struct.h
[1.565s] -- Up-to-date: /micro_ros_ws/firmware/mcu_ws/install/include/visualization_msgs/visualization_msgs/msg/detail/interactive_marker_update__type_support.h
[1.568s] -- Up-to-date: /micro_ros_ws/firmware/mcu_ws/install/include/visualization_msgs/visualization_msgs/msg/detail/interactive_marker__functions.c
[1.570s] -- Up-to-date: /micro_ros_ws/firmware/mcu_ws/install/include/visualization_msgs/visualization_msgs/msg/detail/interactive_marker__functions.h
[1.573s] -- Up-to-date: /micro_ros_ws/firmware/mcu_ws/install/include/visualization_msgs/visualization_msgs/msg/detail/interactive_marker__struct.h
[1.575s] -- Up-to-date: /micro_ros_ws/firmware/mcu_ws/install/include/visualization_msgs/visualization_msgs/msg/detail/marker_array__functions.c
[1.577s] -- Up-to-date: /micro_ros_ws/firmware/mcu_ws/install/include/visualization_msgs/visualization_msgs/msg/detail/marker_array__functions.h
[1.578s] -- Up-to-date: /micro_ros_ws/firmware/mcu_ws/install/include/visualization_msgs/visualization_msgs/msg/detail/marker_array__struct.h
[1.580s] -- Up-to-date: /micro_ros_ws/firmware/mcu_ws/install/include/visualization_msgs/visualization_msgs/msg/detail/marker_array__type_support.h
[1.581s] -- Up-to-date: /micro_ros_ws/firmware/mcu_ws/install/include/visualization_msgs/visualization_msgs/msg/detail/marker__functions.c
[1.583s] -- Up-to-date: /micro_ros_ws/firmware/mcu_ws/install/include/visualization_msgs/visualization_msgs/msg/detail/marker__functions.h
[1.584s] -- Up-to-date: /micro_ros_ws/firmware/mcu_ws/install/include/visualization_msgs/visualization_msgs/msg/detail/marker__struct.h
[1.586s] -- Up-to-date: /micro_ros_ws/firmware/mcu_ws/install/include/visualization_msgs/visualization_msgs/msg/detail/marker__type_support.h
[1.588s] -- Up-to-date: /micro_ros_ws/firmware/mcu_ws/install/include/visualization_msgs/visualization_msgs/msg/detail/menu_entry__functions.c
[1.590s] -- Up-to-date: /micro_ros_ws/firmware/mcu_ws/install/include/visualization_msgs/visualization_msgs/msg/detail/menu_entry__functions.h
[1.591s] -- Up-to-date: /micro_ros_ws/firmware/mcu_ws/install/include/visualization_msgs/visualization_msgs/msg/detail/menu_entry__struct.h
[1.593s] -- Up-to-date: /micro_ros_ws/firmware/mcu_ws/install/include/visualization_msgs/visualization_msgs/msg/detail/menu_entry__type_support.h
[1.594s] -- Up-to-date: /micro_ros_ws/firmware/mcu_ws/install/include/visualization_msgs/visualization_msgs/msg/detail/mesh_file__functions.c
[1.596s] -- Up-to-date: /micro_ros_ws/firmware/mcu_ws/install/include/visualization_msgs/visualization_msgs/msg/detail/mesh_file__functions.h
[1.597s] -- Up-to-date: /micro_ros_ws/firmware/mcu_ws/install/include/visualization_msgs/visualization_msgs/msg/detail/mesh_file__struct.h
[1.599s] -- Up-to-date: /micro_ros_ws/firmware/mcu_ws/install/include/visualization_msgs/visualization_msgs/msg/detail/mesh_file__type_support.h
[1.600s] -- Up-to-date: /micro_ros_ws/firmware/mcu_ws/install/include/visualization_msgs/visualization_msgs/msg/detail/uv_coordinate__functions.c
[1.602s] -- Up-to-date: /micro_ros_ws/firmware/mcu_ws/install/include/visualization_msgs/visualization_msgs/msg/detail/uv_coordinate__functions.h
[1.603s] -- Up-to-date: /micro_ros_ws/firmware/mcu_ws/install/include/visualization_msgs/visualization_msgs/msg/detail/uv_coordinate__struct.h
[1.604s] -- Up-to-date: /micro_ros_ws/firmware/mcu_ws/install/include/visualization_msgs/visualization_msgs/msg/detail/uv_coordinate__type_support.h
[1.606s] -- Up-to-date: /micro_ros_ws/firmware/mcu_ws/install/include/visualization_msgs/visualization_msgs/msg/image_marker.h
[1.607s] -- Up-to-date: /micro_ros_ws/firmware/mcu_ws/install/include/visualization_msgs/visualization_msgs/msg/interactive_marker.h
[1.610s] -- Up-to-date: /micro_ros_ws/firmware/mcu_ws/install/include/visualization_msgs/visualization_msgs/msg/interactive_marker_control.h
[1.611s] -- Up-to-date: /micro_ros_ws/firmware/mcu_ws/install/include/visualization_msgs/visualization_msgs/msg/interactive_marker_feedback.h
[1.612s] -- Up-to-date: /micro_ros_ws/firmware/mcu_ws/install/include/visualization_msgs/visualization_msgs/msg/interactive_marker_init.h
[1.613s] -- Up-to-date: /micro_ros_ws/firmware/mcu_ws/install/include/visualization_msgs/visualization_msgs/msg/interactive_marker_pose.h
[1.614s] -- Up-to-date: /micro_ros_ws/firmware/mcu_ws/install/include/visualization_msgs/visualization_msgs/msg/interactive_marker_update.h
[1.615s] -- Up-to-date: /micro_ros_ws/firmware/mcu_ws/install/include/visualization_msgs/visualization_msgs/msg/marker.h
[1.616s] -- Up-to-date: /micro_ros_ws/firmware/mcu_ws/install/include/visualization_msgs/visualization_msgs/msg/marker_array.h
[1.618s] -- Up-to-date: /micro_ros_ws/firmware/mcu_ws/install/include/visualization_msgs/visualization_msgs/msg/menu_entry.h
[1.620s] -- Up-to-date: /micro_ros_ws/firmware/mcu_ws/install/include/visualization_msgs/visualization_msgs/msg/mesh_file.h
[1.620s] -- Up-to-date: /micro_ros_ws/firmware/mcu_ws/install/include/visualization_msgs/visualization_msgs/msg/rosidl_generator_c__visibility_control.h
[1.622s] -- Up-to-date: /micro_ros_ws/firmware/mcu_ws/install/include/visualization_msgs/visualization_msgs/msg/uv_coordinate.h
[1.623s] -- Up-to-date: /micro_ros_ws/firmware/mcu_ws/install/include/visualization_msgs/visualization_msgs/srv
[1.624s] -- Up-to-date: /micro_ros_ws/firmware/mcu_ws/install/include/visualization_msgs/visualization_msgs/srv/detail
[1.625s] -- Up-to-date: /micro_ros_ws/firmware/mcu_ws/install/include/visualization_msgs/visualization_msgs/srv/detail/get_interactive_markers__functions.c
[1.626s] -- Up-to-date: /micro_ros_ws/firmware/mcu_ws/install/include/visualization_msgs/visualization_msgs/srv/detail/get_interactive_markers__functions.h
[1.627s] -- Up-to-date: /micro_ros_ws/firmware/mcu_ws/install/include/visualization_msgs/visualization_msgs/srv/detail/get_interactive_markers__struct.h
[1.628s] -- Up-to-date: /micro_ros_ws/firmware/mcu_ws/install/include/visualization_msgs/visualization_msgs/srv/detail/get_interactive_markers__type_support.h
[1.629s] -- Up-to-date: /micro_ros_ws/firmware/mcu_ws/install/include/visualization_msgs/visualization_msgs/srv/get_interactive_markers.h
[1.630s] -- Up-to-date: /micro_ros_ws/firmware/mcu_ws/install/share/visualization_msgs/environment/library_path.sh
[1.631s] -- Up-to-date: /micro_ros_ws/firmware/mcu_ws/install/share/visualization_msgs/environment/library_path.dsv
[1.632s] -- Up-to-date: /micro_ros_ws/firmware/mcu_ws/install/lib/libvisualization_msgs__rosidl_generator_c.a
[1.633s] -- Up-to-date: /micro_ros_ws/firmware/mcu_ws/install/include/visualization_msgs/visualization_msgs
[1.633s] -- Up-to-date: /micro_ros_ws/firmware/mcu_ws/install/include/visualization_msgs/visualization_msgs/msg
[1.634s] -- Up-to-date: /micro_ros_ws/firmware/mcu_ws/install/include/visualization_msgs/visualization_msgs/msg/detail
[1.636s] -- Up-to-date: /micro_ros_ws/firmware/mcu_ws/install/include/visualization_msgs/visualization_msgs/msg/detail/interactive_marker_update__type_support.c
[1.637s] -- Up-to-date: /micro_ros_ws/firmware/mcu_ws/install/include/visualization_msgs/visualization_msgs/msg/detail/image_marker__rosidl_typesupport_introspection_c.h
[1.638s] -- Up-to-date: /micro_ros_ws/firmware/mcu_ws/install/include/visualization_msgs/visualization_msgs/msg/detail/image_marker__type_support.c
[1.639s] -- Up-to-date: /micro_ros_ws/firmware/mcu_ws/install/include/visualization_msgs/visualization_msgs/msg/detail/interactive_marker_control__rosidl_typesupport_introspection_c.h
[1.640s] -- Up-to-date: /micro_ros_ws/firmware/mcu_ws/install/include/visualization_msgs/visualization_msgs/msg/detail/interactive_marker_control__type_support.c
[1.641s] -- Up-to-date: /micro_ros_ws/firmware/mcu_ws/install/include/visualization_msgs/visualization_msgs/msg/detail/interactive_marker_feedback__rosidl_typesupport_introspection_c.h
[1.642s] -- Up-to-date: /micro_ros_ws/firmware/mcu_ws/install/include/visualization_msgs/visualization_msgs/msg/detail/interactive_marker_feedback__type_support.c
[1.643s] -- Up-to-date: /micro_ros_ws/firmware/mcu_ws/install/include/visualization_msgs/visualization_msgs/msg/detail/interactive_marker_init__rosidl_typesupport_introspection_c.h
[1.644s] -- Up-to-date: /micro_ros_ws/firmware/mcu_ws/install/include/visualization_msgs/visualization_msgs/msg/detail/interactive_marker_init__type_support.c
[1.646s] -- Up-to-date: /micro_ros_ws/firmware/mcu_ws/install/include/visualization_msgs/visualization_msgs/msg/detail/interactive_marker_pose__rosidl_typesupport_introspection_c.h
[1.647s] -- Up-to-date: /micro_ros_ws/firmware/mcu_ws/install/include/visualization_msgs/visualization_msgs/msg/detail/interactive_marker_pose__type_support.c
[1.648s] -- Up-to-date: /micro_ros_ws/firmware/mcu_ws/install/include/visualization_msgs/visualization_msgs/msg/detail/interactive_marker_update__rosidl_typesupport_introspection_c.h
[1.649s] -- Up-to-date: /micro_ros_ws/firmware/mcu_ws/install/include/visualization_msgs/visualization_msgs/msg/detail/interactive_marker__rosidl_typesupport_introspection_c.h
[1.650s] -- Up-to-date: /micro_ros_ws/firmware/mcu_ws/install/include/visualization_msgs/visualization_msgs/msg/detail/interactive_marker__type_support.c
[1.651s] -- Up-to-date: /micro_ros_ws/firmware/mcu_ws/install/include/visualization_msgs/visualization_msgs/msg/detail/marker_array__rosidl_typesupport_introspection_c.h
[1.652s] -- Up-to-date: /micro_ros_ws/firmware/mcu_ws/install/include/visualization_msgs/visualization_msgs/msg/detail/marker_array__type_support.c
[1.655s] -- Up-to-date: /micro_ros_ws/firmware/mcu_ws/install/include/visualization_msgs/visualization_msgs/msg/detail/marker__rosidl_typesupport_introspection_c.h
[1.657s] -- Up-to-date: /micro_ros_ws/firmware/mcu_ws/install/include/visualization_msgs/visualization_msgs/msg/detail/marker__type_support.c
[1.660s] -- Up-to-date: /micro_ros_ws/firmware/mcu_ws/install/include/visualization_msgs/visualization_msgs/msg/detail/menu_entry__rosidl_typesupport_introspection_c.h
[1.662s] -- Up-to-date: /micro_ros_ws/firmware/mcu_ws/install/include/visualization_msgs/visualization_msgs/msg/detail/menu_entry__type_support.c
[1.665s] -- Up-to-date: /micro_ros_ws/firmware/mcu_ws/install/include/visualization_msgs/visualization_msgs/msg/detail/mesh_file__rosidl_typesupport_introspection_c.h
[1.669s] -- Up-to-date: /micro_ros_ws/firmware/mcu_ws/install/include/visualization_msgs/visualization_msgs/msg/detail/mesh_file__type_support.c
[1.672s] -- Up-to-date: /micro_ros_ws/firmware/mcu_ws/install/include/visualization_msgs/visualization_msgs/msg/detail/uv_coordinate__rosidl_typesupport_introspection_c.h
[1.672s] -- Up-to-date: /micro_ros_ws/firmware/mcu_ws/install/include/visualization_msgs/visualization_msgs/msg/detail/uv_coordinate__type_support.c
[1.673s] -- Up-to-date: /micro_ros_ws/firmware/mcu_ws/install/include/visualization_msgs/visualization_msgs/msg/rosidl_typesupport_introspection_c__visibility_control.h
[1.674s] -- Up-to-date: /micro_ros_ws/firmware/mcu_ws/install/include/visualization_msgs/visualization_msgs/srv
[1.675s] -- Up-to-date: /micro_ros_ws/firmware/mcu_ws/install/include/visualization_msgs/visualization_msgs/srv/detail
[1.677s] -- Up-to-date: /micro_ros_ws/firmware/mcu_ws/install/include/visualization_msgs/visualization_msgs/srv/detail/get_interactive_markers__rosidl_typesupport_introspection_c.h
[1.679s] -- Up-to-date: /micro_ros_ws/firmware/mcu_ws/install/include/visualization_msgs/visualization_msgs/srv/detail/get_interactive_markers__type_support.c
[1.680s] -- Up-to-date: /micro_ros_ws/firmware/mcu_ws/install/lib/libvisualization_msgs__rosidl_typesupport_introspection_c.a
[1.680s] -- Up-to-date: /micro_ros_ws/firmware/mcu_ws/install/include/visualization_msgs/visualization_msgs
[1.682s] -- Up-to-date: /micro_ros_ws/firmware/mcu_ws/install/include/visualization_msgs/visualization_msgs/msg
[1.683s] -- Up-to-date: /micro_ros_ws/firmware/mcu_ws/install/include/visualization_msgs/visualization_msgs/msg/detail
[1.684s] -- Up-to-date: /micro_ros_ws/firmware/mcu_ws/install/include/visualization_msgs/visualization_msgs/msg/detail/image_marker__rosidl_typesupport_microxrcedds_c.h
[1.686s] -- Up-to-date: /micro_ros_ws/firmware/mcu_ws/install/include/visualization_msgs/visualization_msgs/msg/detail/interactive_marker_control__rosidl_typesupport_microxrcedds_c.h
[1.687s] -- Up-to-date: /micro_ros_ws/firmware/mcu_ws/install/include/visualization_msgs/visualization_msgs/msg/detail/interactive_marker_feedback__rosidl_typesupport_microxrcedds_c.h
[1.688s] -- Up-to-date: /micro_ros_ws/firmware/mcu_ws/install/include/visualization_msgs/visualization_msgs/msg/detail/interactive_marker_init__rosidl_typesupport_microxrcedds_c.h
[1.690s] -- Up-to-date: /micro_ros_ws/firmware/mcu_ws/install/include/visualization_msgs/visualization_msgs/msg/detail/interactive_marker_pose__rosidl_typesupport_microxrcedds_c.h
[1.691s] -- Up-to-date: /micro_ros_ws/firmware/mcu_ws/install/include/visualization_msgs/visualization_msgs/msg/detail/interactive_marker_update__rosidl_typesupport_microxrcedds_c.h
[1.693s] -- Up-to-date: /micro_ros_ws/firmware/mcu_ws/install/include/visualization_msgs/visualization_msgs/msg/detail/interactive_marker__rosidl_typesupport_microxrcedds_c.h
[1.694s] -- Up-to-date: /micro_ros_ws/firmware/mcu_ws/install/include/visualization_msgs/visualization_msgs/msg/detail/marker_array__rosidl_typesupport_microxrcedds_c.h
[1.696s] -- Up-to-date: /micro_ros_ws/firmware/mcu_ws/install/include/visualization_msgs/visualization_msgs/msg/detail/marker__rosidl_typesupport_microxrcedds_c.h
[1.697s] -- Up-to-date: /micro_ros_ws/firmware/mcu_ws/install/include/visualization_msgs/visualization_msgs/msg/detail/menu_entry__rosidl_typesupport_microxrcedds_c.h
[1.698s] -- Up-to-date: /micro_ros_ws/firmware/mcu_ws/install/include/visualization_msgs/visualization_msgs/msg/detail/mesh_file__rosidl_typesupport_microxrcedds_c.h
[1.699s] -- Up-to-date: /micro_ros_ws/firmware/mcu_ws/install/include/visualization_msgs/visualization_msgs/msg/detail/microxrcedds
[1.700s] -- Up-to-date: /micro_ros_ws/firmware/mcu_ws/install/include/visualization_msgs/visualization_msgs/msg/detail/uv_coordinate__rosidl_typesupport_microxrcedds_c.h
[1.701s] -- Up-to-date: /micro_ros_ws/firmware/mcu_ws/install/include/visualization_msgs/visualization_msgs/msg/rosidl_typesupport_microxrcedds_c__visibility_control.h
[1.702s] -- Up-to-date: /micro_ros_ws/firmware/mcu_ws/install/include/visualization_msgs/visualization_msgs/srv
[1.703s] -- Up-to-date: /micro_ros_ws/firmware/mcu_ws/install/include/visualization_msgs/visualization_msgs/srv/detail
[1.705s] -- Up-to-date: /micro_ros_ws/firmware/mcu_ws/install/include/visualization_msgs/visualization_msgs/srv/detail/get_interactive_markers__rosidl_typesupport_microxrcedds_c.h
[1.707s] -- Up-to-date: /micro_ros_ws/firmware/mcu_ws/install/include/visualization_msgs/visualization_msgs/srv/detail/microxrcedds
[1.708s] -- Up-to-date: /micro_ros_ws/firmware/mcu_ws/install/lib/libvisualization_msgs__rosidl_typesupport_microxrcedds_c.a
[1.709s] -- Up-to-date: /micro_ros_ws/firmware/mcu_ws/install/lib/libvisualization_msgs__rosidl_typesupport_c.a
[1.711s] -- Up-to-date: /micro_ros_ws/firmware/mcu_ws/install/share/visualization_msgs/msg/ImageMarker.idl
[1.713s] -- Up-to-date: /micro_ros_ws/firmware/mcu_ws/install/share/visualization_msgs/msg/InteractiveMarker.idl
[1.716s] -- Up-to-date: /micro_ros_ws/firmware/mcu_ws/install/share/visualization_msgs/msg/InteractiveMarkerControl.idl
[1.720s] -- Up-to-date: /micro_ros_ws/firmware/mcu_ws/install/share/visualization_msgs/msg/InteractiveMarkerFeedback.idl
[1.722s] -- Up-to-date: /micro_ros_ws/firmware/mcu_ws/install/share/visualization_msgs/msg/InteractiveMarkerInit.idl
[1.723s] -- Up-to-date: /micro_ros_ws/firmware/mcu_ws/install/share/visualization_msgs/msg/InteractiveMarkerPose.idl
[1.724s] -- Up-to-date: /micro_ros_ws/firmware/mcu_ws/install/share/visualization_msgs/msg/InteractiveMarkerUpdate.idl
[1.726s] -- Up-to-date: /micro_ros_ws/firmware/mcu_ws/install/share/visualization_msgs/msg/Marker.idl
[1.727s] -- Up-to-date: /micro_ros_ws/firmware/mcu_ws/install/share/visualization_msgs/msg/MarkerArray.idl
[1.728s] -- Up-to-date: /micro_ros_ws/firmware/mcu_ws/install/share/visualization_msgs/msg/MenuEntry.idl
[1.729s] -- Up-to-date: /micro_ros_ws/firmware/mcu_ws/install/share/visualization_msgs/msg/MeshFile.idl
[1.730s] -- Up-to-date: /micro_ros_ws/firmware/mcu_ws/install/share/visualization_msgs/msg/UVCoordinate.idl
[1.731s] -- Up-to-date: /micro_ros_ws/firmware/mcu_ws/install/share/visualization_msgs/srv/GetInteractiveMarkers.idl
[1.732s] -- Up-to-date: /micro_ros_ws/firmware/mcu_ws/install/share/visualization_msgs/msg/ImageMarker.msg
[1.733s] -- Up-to-date: /micro_ros_ws/firmware/mcu_ws/install/share/visualization_msgs/msg/InteractiveMarker.msg
[1.734s] -- Up-to-date: /micro_ros_ws/firmware/mcu_ws/install/share/visualization_msgs/msg/InteractiveMarkerControl.msg
[1.735s] -- Up-to-date: /micro_ros_ws/firmware/mcu_ws/install/share/visualization_msgs/msg/InteractiveMarkerFeedback.msg
[1.736s] -- Up-to-date: /micro_ros_ws/firmware/mcu_ws/install/share/visualization_msgs/msg/InteractiveMarkerInit.msg
[1.738s] -- Up-to-date: /micro_ros_ws/firmware/mcu_ws/install/share/visualization_msgs/msg/InteractiveMarkerPose.msg
[1.739s] -- Up-to-date: /micro_ros_ws/firmware/mcu_ws/install/share/visualization_msgs/msg/InteractiveMarkerUpdate.msg
[1.739s] -- Up-to-date: /micro_ros_ws/firmware/mcu_ws/install/share/visualization_msgs/msg/Marker.msg
[1.740s] -- Up-to-date: /micro_ros_ws/firmware/mcu_ws/install/share/visualization_msgs/msg/MarkerArray.msg
[1.741s] -- Up-to-date: /micro_ros_ws/firmware/mcu_ws/install/share/visualization_msgs/msg/MenuEntry.msg
[1.742s] -- Up-to-date: /micro_ros_ws/firmware/mcu_ws/install/share/visualization_msgs/msg/MeshFile.msg
[1.743s] -- Up-to-date: /micro_ros_ws/firmware/mcu_ws/install/share/visualization_msgs/msg/UVCoordinate.msg
[1.744s] -- Up-to-date: /micro_ros_ws/firmware/mcu_ws/install/share/visualization_msgs/srv/GetInteractiveMarkers.srv
[1.745s] -- Up-to-date: /micro_ros_ws/firmware/mcu_ws/install/share/visualization_msgs/srv/GetInteractiveMarkers_Request.msg
[1.746s] -- Up-to-date: /micro_ros_ws/firmware/mcu_ws/install/share/visualization_msgs/srv/GetInteractiveMarkers_Response.msg
[1.748s] -- Up-to-date: /micro_ros_ws/firmware/mcu_ws/install/share/ament_index/resource_index/package_run_dependencies/visualization_msgs
[1.749s] -- Up-to-date: /micro_ros_ws/firmware/mcu_ws/install/share/ament_index/resource_index/parent_prefix_path/visualization_msgs
[1.750s] -- Up-to-date: /micro_ros_ws/firmware/mcu_ws/install/share/visualization_msgs/environment/ament_prefix_path.sh
[1.751s] -- Up-to-date: /micro_ros_ws/firmware/mcu_ws/install/share/visualization_msgs/environment/ament_prefix_path.dsv
[1.753s] -- Up-to-date: /micro_ros_ws/firmware/mcu_ws/install/share/visualization_msgs/environment/path.sh
[1.755s] -- Up-to-date: /micro_ros_ws/firmware/mcu_ws/install/share/visualization_msgs/environment/path.dsv
[1.756s] -- Up-to-date: /micro_ros_ws/firmware/mcu_ws/install/share/visualization_msgs/local_setup.bash
[1.757s] -- Up-to-date: /micro_ros_ws/firmware/mcu_ws/install/share/visualization_msgs/local_setup.sh
[1.761s] -- Up-to-date: /micro_ros_ws/firmware/mcu_ws/install/share/visualization_msgs/local_setup.zsh
[1.763s] -- Up-to-date: /micro_ros_ws/firmware/mcu_ws/install/share/visualization_msgs/local_setup.dsv
[1.766s] -- Installing: /micro_ros_ws/firmware/mcu_ws/install/share/visualization_msgs/package.dsv
[1.773s] -- Up-to-date: /micro_ros_ws/firmware/mcu_ws/install/share/ament_index/resource_index/packages/visualization_msgs
[1.776s] -- Up-to-date: /micro_ros_ws/firmware/mcu_ws/install/share/visualization_msgs/cmake/export_visualization_msgs__rosidl_generator_cExport.cmake
[1.778s] -- Up-to-date: /micro_ros_ws/firmware/mcu_ws/install/share/visualization_msgs/cmake/export_visualization_msgs__rosidl_generator_cExport-debug.cmake
[1.782s] -- Up-to-date: /micro_ros_ws/firmware/mcu_ws/install/share/visualization_msgs/cmake/visualization_msgs__rosidl_typesupport_introspection_cExport.cmake
[1.785s] -- Up-to-date: /micro_ros_ws/firmware/mcu_ws/install/share/visualization_msgs/cmake/visualization_msgs__rosidl_typesupport_introspection_cExport-debug.cmake
[1.789s] -- Up-to-date: /micro_ros_ws/firmware/mcu_ws/install/share/visualization_msgs/cmake/visualization_msgs__rosidl_typesupport_cExport.cmake
[1.792s] -- Up-to-date: /micro_ros_ws/firmware/mcu_ws/install/share/visualization_msgs/cmake/visualization_msgs__rosidl_typesupport_cExport-debug.cmake
[1.794s] -- Up-to-date: /micro_ros_ws/firmware/mcu_ws/install/share/visualization_msgs/cmake/rosidl_cmake-extras.cmake
[1.796s] -- Up-to-date: /micro_ros_ws/firmware/mcu_ws/install/share/visualization_msgs/cmake/ament_cmake_export_dependencies-extras.cmake
[1.797s] -- Up-to-date: /micro_ros_ws/firmware/mcu_ws/install/share/visualization_msgs/cmake/ament_cmake_export_include_directories-extras.cmake
[1.798s] -- Up-to-date: /micro_ros_ws/firmware/mcu_ws/install/share/visualization_msgs/cmake/ament_cmake_export_libraries-extras.cmake
[1.799s] -- Up-to-date: /micro_ros_ws/firmware/mcu_ws/install/share/visualization_msgs/cmake/ament_cmake_export_targets-extras.cmake
[1.800s] -- Up-to-date: /micro_ros_ws/firmware/mcu_ws/install/share/visualization_msgs/cmake/rosidl_cmake_export_typesupport_targets-extras.cmake
[1.801s] -- Up-to-date: /micro_ros_ws/firmware/mcu_ws/install/share/visualization_msgs/cmake/rosidl_cmake_export_typesupport_libraries-extras.cmake
[1.802s] -- Up-to-date: /micro_ros_ws/firmware/mcu_ws/install/share/visualization_msgs/cmake/rosidl_cmake_aggregate_target-extras.cmake
[1.803s] -- Up-to-date: /micro_ros_ws/firmware/mcu_ws/install/share/visualization_msgs/cmake/visualization_msgsConfig.cmake
[1.804s] -- Up-to-date: /micro_ros_ws/firmware/mcu_ws/install/share/visualization_msgs/cmake/visualization_msgsConfig-version.cmake
[1.805s] -- Up-to-date: /micro_ros_ws/firmware/mcu_ws/install/share/visualization_msgs/package.xml
[1.807s] Invoked command in '/micro_ros_ws/firmware/mcu_ws/build/visualization_msgs' returned '0': AMENT_PREFIX_PATH=/micro_ros_ws/firmware/mcu_ws/install:${AMENT_PREFIX_PATH} CMAKE_PREFIX_PATH=/micro_ros_ws/firmware/mcu_ws/install:/micro_ros_ws/firmware/dev_ws/install/ament_lint_common:/micro_ros_ws/firmware/dev_ws/install/ament_cmake_uncrustify:/micro_ros_ws/firmware/dev_ws/install/uncrustify_vendor:/micro_ros_ws/firmware/dev_ws/install/ament_cmake_ros:/micro_ros_ws/firmware/dev_ws/install/ament_cmake_auto:/micro_ros_ws/firmware/dev_ws/install/ament_cmake_gmock:/micro_ros_ws/firmware/dev_ws/install/gmock_vendor:/micro_ros_ws/firmware/dev_ws/install/ament_cmake_gtest:/micro_ros_ws/firmware/dev_ws/install/gtest_vendor:/micro_ros_ws/firmware/dev_ws/install/ament_cmake_xmllint:/micro_ros_ws/firmware/dev_ws/install/ament_cmake_pyflakes:/micro_ros_ws/firmware/dev_ws/install/ament_cmake_pycodestyle:/micro_ros_ws/firmware/dev_ws/install/ament_cmake_pep257:/micro_ros_ws/firmware/dev_ws/install/ament_cmake_pclint:/micro_ros_ws/firmware/dev_ws/install/ament_lint_auto:/micro_ros_ws/firmware/dev_ws/install/ament_cmake:/micro_ros_ws/firmware/dev_ws/install/ament_cmake_version:/micro_ros_ws/firmware/dev_ws/install/ament_cmake_vendor_package:/micro_ros_ws/firmware/dev_ws/install/ament_cmake_pytest:/micro_ros_ws/firmware/dev_ws/install/ament_cmake_nose:/micro_ros_ws/firmware/dev_ws/install/ament_cmake_mypy:/micro_ros_ws/firmware/dev_ws/install/ament_cmake_lint_cmake:/micro_ros_ws/firmware/dev_ws/install/ament_cmake_google_benchmark:/micro_ros_ws/firmware/dev_ws/install/ament_cmake_flake8:/micro_ros_ws/firmware/dev_ws/install/ament_cmake_cpplint:/micro_ros_ws/firmware/dev_ws/install/ament_cmake_cppcheck:/micro_ros_ws/firmware/dev_ws/install/ament_cmake_copyright:/micro_ros_ws/firmware/dev_ws/install/ament_cmake_clang_tidy:/micro_ros_ws/firmware/dev_ws/install/ament_cmake_clang_format:/micro_ros_ws/firmware/dev_ws/install/ament_cmake_test:/micro_ros_ws/firmware/dev_ws/install/ament_cmake_target_dependencies:/micro_ros_ws/firmware/dev_ws/install/ament_cmake_python:/micro_ros_ws/firmware/dev_ws/install/ament_cmake_export_dependencies:/micro_ros_ws/firmware/dev_ws/install/ament_cmake_libraries:/micro_ros_ws/firmware/dev_ws/install/ament_cmake_include_directories:/micro_ros_ws/firmware/dev_ws/install/ament_cmake_gen_version_h:/micro_ros_ws/firmware/dev_ws/install/ament_cmake_export_targets:/micro_ros_ws/firmware/dev_ws/install/ament_cmake_export_link_flags:/micro_ros_ws/firmware/dev_ws/install/ament_cmake_export_interfaces:/micro_ros_ws/firmware/dev_ws/install/ament_cmake_export_libraries:/micro_ros_ws/firmware/dev_ws/install/ament_cmake_export_include_directories:/micro_ros_ws/firmware/dev_ws/install/ament_cmake_export_definitions:/micro_ros_ws/firmware/dev_ws/install/ament_cmake_core:/micro_ros_ws/firmware/dev_ws/install/ament_index_cpp:/micro_ros_ws/firmware/dev_ws/install/ament_uncrustify:/micro_ros_ws/firmware/dev_ws/install/domain_coordinator:/micro_ros_ws/firmware/dev_ws/install/ament_xmllint:/micro_ros_ws/firmware/dev_ws/install/ament_pyflakes:/micro_ros_ws/firmware/dev_ws/install/ament_pycodestyle:/micro_ros_ws/firmware/dev_ws/install/ament_pep257:/micro_ros_ws/firmware/dev_ws/install/ament_pclint:/micro_ros_ws/firmware/dev_ws/install/ament_package:/micro_ros_ws/firmware/dev_ws/install/ament_mypy:/micro_ros_ws/firmware/dev_ws/install/ament_lint_cmake:/micro_ros_ws/firmware/dev_ws/install/ament_flake8:/micro_ros_ws/firmware/dev_ws/install/ament_copyright:/micro_ros_ws/firmware/dev_ws/install/ament_lint:/micro_ros_ws/firmware/dev_ws/install/ament_index_python:/micro_ros_ws/firmware/dev_ws/install/ament_cpplint:/micro_ros_ws/firmware/dev_ws/install/ament_cppcheck:/micro_ros_ws/firmware/dev_ws/install/ament_clang_tidy:/micro_ros_ws/firmware/dev_ws/install/ament_clang_format LD_LIBRARY_PATH=/micro_ros_ws/firmware/mcu_ws/install/lib:${LD_LIBRARY_PATH} PATH=/micro_ros_ws/firmware/mcu_ws/install/bin:${PATH} PYTHONPATH=/micro_ros_ws/firmware/mcu_ws/install/lib/python3.10/site-packages:${PYTHONPATH} /usr/bin/cmake --install /micro_ros_ws/firmware/mcu_ws/build/visualization_msgs
