[0.152s] Invoking command in '/micro_ros_ws/firmware/mcu_ws/build/rosidl_typesupport_microxrcedds_c': AMENT_PREFIX_PATH=/micro_ros_ws/firmware/mcu_ws/install:${AMENT_PREFIX_PATH} CMAKE_PREFIX_PATH=/micro_ros_ws/firmware/mcu_ws/install:/micro_ros_ws/firmware/dev_ws/install/ament_lint_common:/micro_ros_ws/firmware/dev_ws/install/ament_cmake_uncrustify:/micro_ros_ws/firmware/dev_ws/install/uncrustify_vendor:/micro_ros_ws/firmware/dev_ws/install/ament_cmake_ros:/micro_ros_ws/firmware/dev_ws/install/ament_cmake_auto:/micro_ros_ws/firmware/dev_ws/install/ament_cmake_gmock:/micro_ros_ws/firmware/dev_ws/install/gmock_vendor:/micro_ros_ws/firmware/dev_ws/install/ament_cmake_gtest:/micro_ros_ws/firmware/dev_ws/install/gtest_vendor:/micro_ros_ws/firmware/dev_ws/install/ament_cmake_xmllint:/micro_ros_ws/firmware/dev_ws/install/ament_cmake_pyflakes:/micro_ros_ws/firmware/dev_ws/install/ament_cmake_pycodestyle:/micro_ros_ws/firmware/dev_ws/install/ament_cmake_pep257:/micro_ros_ws/firmware/dev_ws/install/ament_cmake_pclint:/micro_ros_ws/firmware/dev_ws/install/ament_lint_auto:/micro_ros_ws/firmware/dev_ws/install/ament_cmake:/micro_ros_ws/firmware/dev_ws/install/ament_cmake_version:/micro_ros_ws/firmware/dev_ws/install/ament_cmake_vendor_package:/micro_ros_ws/firmware/dev_ws/install/ament_cmake_pytest:/micro_ros_ws/firmware/dev_ws/install/ament_cmake_nose:/micro_ros_ws/firmware/dev_ws/install/ament_cmake_mypy:/micro_ros_ws/firmware/dev_ws/install/ament_cmake_lint_cmake:/micro_ros_ws/firmware/dev_ws/install/ament_cmake_google_benchmark:/micro_ros_ws/firmware/dev_ws/install/ament_cmake_flake8:/micro_ros_ws/firmware/dev_ws/install/ament_cmake_cpplint:/micro_ros_ws/firmware/dev_ws/install/ament_cmake_cppcheck:/micro_ros_ws/firmware/dev_ws/install/ament_cmake_copyright:/micro_ros_ws/firmware/dev_ws/install/ament_cmake_clang_tidy:/micro_ros_ws/firmware/dev_ws/install/ament_cmake_clang_format:/micro_ros_ws/firmware/dev_ws/install/ament_cmake_test:/micro_ros_ws/firmware/dev_ws/install/ament_cmake_target_dependencies:/micro_ros_ws/firmware/dev_ws/install/ament_cmake_python:/micro_ros_ws/firmware/dev_ws/install/ament_cmake_export_dependencies:/micro_ros_ws/firmware/dev_ws/install/ament_cmake_libraries:/micro_ros_ws/firmware/dev_ws/install/ament_cmake_include_directories:/micro_ros_ws/firmware/dev_ws/install/ament_cmake_gen_version_h:/micro_ros_ws/firmware/dev_ws/install/ament_cmake_export_targets:/micro_ros_ws/firmware/dev_ws/install/ament_cmake_export_link_flags:/micro_ros_ws/firmware/dev_ws/install/ament_cmake_export_interfaces:/micro_ros_ws/firmware/dev_ws/install/ament_cmake_export_libraries:/micro_ros_ws/firmware/dev_ws/install/ament_cmake_export_include_directories:/micro_ros_ws/firmware/dev_ws/install/ament_cmake_export_definitions:/micro_ros_ws/firmware/dev_ws/install/ament_cmake_core:/micro_ros_ws/firmware/dev_ws/install/ament_index_cpp:/micro_ros_ws/firmware/dev_ws/install/ament_uncrustify:/micro_ros_ws/firmware/dev_ws/install/domain_coordinator:/micro_ros_ws/firmware/dev_ws/install/ament_xmllint:/micro_ros_ws/firmware/dev_ws/install/ament_pyflakes:/micro_ros_ws/firmware/dev_ws/install/ament_pycodestyle:/micro_ros_ws/firmware/dev_ws/install/ament_pep257:/micro_ros_ws/firmware/dev_ws/install/ament_pclint:/micro_ros_ws/firmware/dev_ws/install/ament_package:/micro_ros_ws/firmware/dev_ws/install/ament_mypy:/micro_ros_ws/firmware/dev_ws/install/ament_lint_cmake:/micro_ros_ws/firmware/dev_ws/install/ament_flake8:/micro_ros_ws/firmware/dev_ws/install/ament_copyright:/micro_ros_ws/firmware/dev_ws/install/ament_lint:/micro_ros_ws/firmware/dev_ws/install/ament_index_python:/micro_ros_ws/firmware/dev_ws/install/ament_cpplint:/micro_ros_ws/firmware/dev_ws/install/ament_cppcheck:/micro_ros_ws/firmware/dev_ws/install/ament_clang_tidy:/micro_ros_ws/firmware/dev_ws/install/ament_clang_format LD_LIBRARY_PATH=/micro_ros_ws/firmware/mcu_ws/install/lib:${LD_LIBRARY_PATH} PATH=/micro_ros_ws/firmware/mcu_ws/install/bin:${PATH} PYTHONPATH=/micro_ros_ws/firmware/mcu_ws/install/lib/python3.10/site-packages:${PYTHONPATH} /usr/bin/cmake --build /micro_ros_ws/firmware/mcu_ws/build/rosidl_typesupport_microxrcedds_c -- -j12 -l12
[0.192s] gmake[4]: Entering directory '/micro_ros_ws/firmware/mcu_ws/build/rosidl_typesupport_microxrcedds_c'
[0.192s] /usr/bin/cmake -S/micro_ros_ws/firmware/mcu_ws/uros/rosidl_typesupport_microxrcedds/rosidl_typesupport_microxrcedds_c -B/micro_ros_ws/firmware/mcu_ws/build/rosidl_typesupport_microxrcedds_c --check-build-system CMakeFiles/Makefile.cmake 0
[0.224s] Re-run cmake file: Makefile older than: /micro_ros_ws/firmware/freertos_apps/microros_esp32_extensions/esp32_toolchain.cmake
[0.233s] -- Found ament_cmake: 1.3.14 (/micro_ros_ws/firmware/dev_ws/install/ament_cmake/share/ament_cmake/cmake)
[0.765s] -- Found rosidl_runtime_c: 3.1.8 (/micro_ros_ws/firmware/mcu_ws/install/share/rosidl_runtime_c/cmake)
[1.297s] -- Configuring done
[1.400s] -- Generating done
[1.437s] -- Build files have been written to: /micro_ros_ws/firmware/mcu_ws/build/rosidl_typesupport_microxrcedds_c
[1.440s] /usr/bin/cmake -E cmake_progress_start /micro_ros_ws/firmware/mcu_ws/build/rosidl_typesupport_microxrcedds_c/CMakeFiles /micro_ros_ws/firmware/mcu_ws/build/rosidl_typesupport_microxrcedds_c//CMakeFiles/progress.marks
[1.463s] /usr/bin/gmake  -f CMakeFiles/Makefile2 all
[1.468s] gmake[5]: Entering directory '/micro_ros_ws/firmware/mcu_ws/build/rosidl_typesupport_microxrcedds_c'
[1.468s] /usr/bin/gmake  -f CMakeFiles/ament_cmake_python_copy_rosidl_typesupport_microxrcedds_c.dir/build.make CMakeFiles/ament_cmake_python_copy_rosidl_typesupport_microxrcedds_c.dir/depend
[1.468s] /usr/bin/gmake  -f CMakeFiles/rosidl_typesupport_microxrcedds_c.dir/build.make CMakeFiles/rosidl_typesupport_microxrcedds_c.dir/depend
[1.473s] gmake[6]: Entering directory '/micro_ros_ws/firmware/mcu_ws/build/rosidl_typesupport_microxrcedds_c'
[1.474s] cd /micro_ros_ws/firmware/mcu_ws/build/rosidl_typesupport_microxrcedds_c && /usr/bin/cmake -E cmake_depends "Unix Makefiles" /micro_ros_ws/firmware/mcu_ws/uros/rosidl_typesupport_microxrcedds/rosidl_typesupport_microxrcedds_c /micro_ros_ws/firmware/mcu_ws/uros/rosidl_typesupport_microxrcedds/rosidl_typesupport_microxrcedds_c /micro_ros_ws/firmware/mcu_ws/build/rosidl_typesupport_microxrcedds_c /micro_ros_ws/firmware/mcu_ws/build/rosidl_typesupport_microxrcedds_c /micro_ros_ws/firmware/mcu_ws/build/rosidl_typesupport_microxrcedds_c/CMakeFiles/ament_cmake_python_copy_rosidl_typesupport_microxrcedds_c.dir/DependInfo.cmake --color=
[1.478s] gmake[6]: Entering directory '/micro_ros_ws/firmware/mcu_ws/build/rosidl_typesupport_microxrcedds_c'
[1.479s] cd /micro_ros_ws/firmware/mcu_ws/build/rosidl_typesupport_microxrcedds_c && /usr/bin/cmake -E cmake_depends "Unix Makefiles" /micro_ros_ws/firmware/mcu_ws/uros/rosidl_typesupport_microxrcedds/rosidl_typesupport_microxrcedds_c /micro_ros_ws/firmware/mcu_ws/uros/rosidl_typesupport_microxrcedds/rosidl_typesupport_microxrcedds_c /micro_ros_ws/firmware/mcu_ws/build/rosidl_typesupport_microxrcedds_c /micro_ros_ws/firmware/mcu_ws/build/rosidl_typesupport_microxrcedds_c /micro_ros_ws/firmware/mcu_ws/build/rosidl_typesupport_microxrcedds_c/CMakeFiles/rosidl_typesupport_microxrcedds_c.dir/DependInfo.cmake --color=
[1.500s] Dependencies file "CMakeFiles/rosidl_typesupport_microxrcedds_c.dir/src/identifier.c.obj.d" is newer than depends file "/micro_ros_ws/firmware/mcu_ws/build/rosidl_typesupport_microxrcedds_c/CMakeFiles/rosidl_typesupport_microxrcedds_c.dir/compiler_depend.internal".
[1.501s] gmake[6]: Leaving directory '/micro_ros_ws/firmware/mcu_ws/build/rosidl_typesupport_microxrcedds_c'
[1.501s] /usr/bin/gmake  -f CMakeFiles/ament_cmake_python_copy_rosidl_typesupport_microxrcedds_c.dir/build.make CMakeFiles/ament_cmake_python_copy_rosidl_typesupport_microxrcedds_c.dir/build
[1.502s] Consolidate compiler generated dependencies of target rosidl_typesupport_microxrcedds_c
[1.503s] gmake[6]: Leaving directory '/micro_ros_ws/firmware/mcu_ws/build/rosidl_typesupport_microxrcedds_c'
[1.503s] /usr/bin/gmake  -f CMakeFiles/rosidl_typesupport_microxrcedds_c.dir/build.make CMakeFiles/rosidl_typesupport_microxrcedds_c.dir/build
[1.506s] gmake[6]: Entering directory '/micro_ros_ws/firmware/mcu_ws/build/rosidl_typesupport_microxrcedds_c'
[1.506s] /usr/bin/cmake -E copy_directory /micro_ros_ws/firmware/mcu_ws/uros/rosidl_typesupport_microxrcedds/rosidl_typesupport_microxrcedds_c/rosidl_typesupport_microxrcedds_c /micro_ros_ws/firmware/mcu_ws/build/rosidl_typesupport_microxrcedds_c/ament_cmake_python/rosidl_typesupport_microxrcedds_c/rosidl_typesupport_microxrcedds_c
[1.509s] gmake[6]: Entering directory '/micro_ros_ws/firmware/mcu_ws/build/rosidl_typesupport_microxrcedds_c'
[1.509s] gmake[6]: Nothing to be done for 'CMakeFiles/rosidl_typesupport_microxrcedds_c.dir/build'.
[1.509s] gmake[6]: Leaving directory '/micro_ros_ws/firmware/mcu_ws/build/rosidl_typesupport_microxrcedds_c'
[1.524s] gmake[6]: Leaving directory '/micro_ros_ws/firmware/mcu_ws/build/rosidl_typesupport_microxrcedds_c'
[1.528s] [100%] Built target rosidl_typesupport_microxrcedds_c
[1.540s] [100%] Built target ament_cmake_python_copy_rosidl_typesupport_microxrcedds_c
[1.541s] /usr/bin/gmake  -f CMakeFiles/ament_cmake_python_build_rosidl_typesupport_microxrcedds_c_egg.dir/build.make CMakeFiles/ament_cmake_python_build_rosidl_typesupport_microxrcedds_c_egg.dir/depend
[1.545s] gmake[6]: Entering directory '/micro_ros_ws/firmware/mcu_ws/build/rosidl_typesupport_microxrcedds_c'
[1.545s] cd /micro_ros_ws/firmware/mcu_ws/build/rosidl_typesupport_microxrcedds_c && /usr/bin/cmake -E cmake_depends "Unix Makefiles" /micro_ros_ws/firmware/mcu_ws/uros/rosidl_typesupport_microxrcedds/rosidl_typesupport_microxrcedds_c /micro_ros_ws/firmware/mcu_ws/uros/rosidl_typesupport_microxrcedds/rosidl_typesupport_microxrcedds_c /micro_ros_ws/firmware/mcu_ws/build/rosidl_typesupport_microxrcedds_c /micro_ros_ws/firmware/mcu_ws/build/rosidl_typesupport_microxrcedds_c /micro_ros_ws/firmware/mcu_ws/build/rosidl_typesupport_microxrcedds_c/CMakeFiles/ament_cmake_python_build_rosidl_typesupport_microxrcedds_c_egg.dir/DependInfo.cmake --color=
[1.566s] gmake[6]: Leaving directory '/micro_ros_ws/firmware/mcu_ws/build/rosidl_typesupport_microxrcedds_c'
[1.566s] /usr/bin/gmake  -f CMakeFiles/ament_cmake_python_build_rosidl_typesupport_microxrcedds_c_egg.dir/build.make CMakeFiles/ament_cmake_python_build_rosidl_typesupport_microxrcedds_c_egg.dir/build
[1.570s] gmake[6]: Entering directory '/micro_ros_ws/firmware/mcu_ws/build/rosidl_typesupport_microxrcedds_c'
[1.570s] cd /micro_ros_ws/firmware/mcu_ws/build/rosidl_typesupport_microxrcedds_c/ament_cmake_python/rosidl_typesupport_microxrcedds_c && /micro_ros_ws/firmware/toolchain/espressif/python_env/idf4.1_py3.10_env/bin/python3 setup.py egg_info
[2.136s] running egg_info
[2.158s] writing rosidl_typesupport_microxrcedds_c.egg-info/PKG-INFO
[2.159s] writing dependency_links to rosidl_typesupport_microxrcedds_c.egg-info/dependency_links.txt
[2.159s] writing top-level names to rosidl_typesupport_microxrcedds_c.egg-info/top_level.txt
[2.241s] reading manifest file 'rosidl_typesupport_microxrcedds_c.egg-info/SOURCES.txt'
[2.243s] writing manifest file 'rosidl_typesupport_microxrcedds_c.egg-info/SOURCES.txt'
[2.261s] gmake[6]: Leaving directory '/micro_ros_ws/firmware/mcu_ws/build/rosidl_typesupport_microxrcedds_c'
[2.277s] [100%] Built target ament_cmake_python_build_rosidl_typesupport_microxrcedds_c_egg
[2.278s] gmake[5]: Leaving directory '/micro_ros_ws/firmware/mcu_ws/build/rosidl_typesupport_microxrcedds_c'
[2.278s] /usr/bin/cmake -E cmake_progress_start /micro_ros_ws/firmware/mcu_ws/build/rosidl_typesupport_microxrcedds_c/CMakeFiles 0
[2.293s] gmake[4]: Leaving directory '/micro_ros_ws/firmware/mcu_ws/build/rosidl_typesupport_microxrcedds_c'
[2.296s] Invoked command in '/micro_ros_ws/firmware/mcu_ws/build/rosidl_typesupport_microxrcedds_c' returned '0': AMENT_PREFIX_PATH=/micro_ros_ws/firmware/mcu_ws/install:${AMENT_PREFIX_PATH} CMAKE_PREFIX_PATH=/micro_ros_ws/firmware/mcu_ws/install:/micro_ros_ws/firmware/dev_ws/install/ament_lint_common:/micro_ros_ws/firmware/dev_ws/install/ament_cmake_uncrustify:/micro_ros_ws/firmware/dev_ws/install/uncrustify_vendor:/micro_ros_ws/firmware/dev_ws/install/ament_cmake_ros:/micro_ros_ws/firmware/dev_ws/install/ament_cmake_auto:/micro_ros_ws/firmware/dev_ws/install/ament_cmake_gmock:/micro_ros_ws/firmware/dev_ws/install/gmock_vendor:/micro_ros_ws/firmware/dev_ws/install/ament_cmake_gtest:/micro_ros_ws/firmware/dev_ws/install/gtest_vendor:/micro_ros_ws/firmware/dev_ws/install/ament_cmake_xmllint:/micro_ros_ws/firmware/dev_ws/install/ament_cmake_pyflakes:/micro_ros_ws/firmware/dev_ws/install/ament_cmake_pycodestyle:/micro_ros_ws/firmware/dev_ws/install/ament_cmake_pep257:/micro_ros_ws/firmware/dev_ws/install/ament_cmake_pclint:/micro_ros_ws/firmware/dev_ws/install/ament_lint_auto:/micro_ros_ws/firmware/dev_ws/install/ament_cmake:/micro_ros_ws/firmware/dev_ws/install/ament_cmake_version:/micro_ros_ws/firmware/dev_ws/install/ament_cmake_vendor_package:/micro_ros_ws/firmware/dev_ws/install/ament_cmake_pytest:/micro_ros_ws/firmware/dev_ws/install/ament_cmake_nose:/micro_ros_ws/firmware/dev_ws/install/ament_cmake_mypy:/micro_ros_ws/firmware/dev_ws/install/ament_cmake_lint_cmake:/micro_ros_ws/firmware/dev_ws/install/ament_cmake_google_benchmark:/micro_ros_ws/firmware/dev_ws/install/ament_cmake_flake8:/micro_ros_ws/firmware/dev_ws/install/ament_cmake_cpplint:/micro_ros_ws/firmware/dev_ws/install/ament_cmake_cppcheck:/micro_ros_ws/firmware/dev_ws/install/ament_cmake_copyright:/micro_ros_ws/firmware/dev_ws/install/ament_cmake_clang_tidy:/micro_ros_ws/firmware/dev_ws/install/ament_cmake_clang_format:/micro_ros_ws/firmware/dev_ws/install/ament_cmake_test:/micro_ros_ws/firmware/dev_ws/install/ament_cmake_target_dependencies:/micro_ros_ws/firmware/dev_ws/install/ament_cmake_python:/micro_ros_ws/firmware/dev_ws/install/ament_cmake_export_dependencies:/micro_ros_ws/firmware/dev_ws/install/ament_cmake_libraries:/micro_ros_ws/firmware/dev_ws/install/ament_cmake_include_directories:/micro_ros_ws/firmware/dev_ws/install/ament_cmake_gen_version_h:/micro_ros_ws/firmware/dev_ws/install/ament_cmake_export_targets:/micro_ros_ws/firmware/dev_ws/install/ament_cmake_export_link_flags:/micro_ros_ws/firmware/dev_ws/install/ament_cmake_export_interfaces:/micro_ros_ws/firmware/dev_ws/install/ament_cmake_export_libraries:/micro_ros_ws/firmware/dev_ws/install/ament_cmake_export_include_directories:/micro_ros_ws/firmware/dev_ws/install/ament_cmake_export_definitions:/micro_ros_ws/firmware/dev_ws/install/ament_cmake_core:/micro_ros_ws/firmware/dev_ws/install/ament_index_cpp:/micro_ros_ws/firmware/dev_ws/install/ament_uncrustify:/micro_ros_ws/firmware/dev_ws/install/domain_coordinator:/micro_ros_ws/firmware/dev_ws/install/ament_xmllint:/micro_ros_ws/firmware/dev_ws/install/ament_pyflakes:/micro_ros_ws/firmware/dev_ws/install/ament_pycodestyle:/micro_ros_ws/firmware/dev_ws/install/ament_pep257:/micro_ros_ws/firmware/dev_ws/install/ament_pclint:/micro_ros_ws/firmware/dev_ws/install/ament_package:/micro_ros_ws/firmware/dev_ws/install/ament_mypy:/micro_ros_ws/firmware/dev_ws/install/ament_lint_cmake:/micro_ros_ws/firmware/dev_ws/install/ament_flake8:/micro_ros_ws/firmware/dev_ws/install/ament_copyright:/micro_ros_ws/firmware/dev_ws/install/ament_lint:/micro_ros_ws/firmware/dev_ws/install/ament_index_python:/micro_ros_ws/firmware/dev_ws/install/ament_cpplint:/micro_ros_ws/firmware/dev_ws/install/ament_cppcheck:/micro_ros_ws/firmware/dev_ws/install/ament_clang_tidy:/micro_ros_ws/firmware/dev_ws/install/ament_clang_format LD_LIBRARY_PATH=/micro_ros_ws/firmware/mcu_ws/install/lib:${LD_LIBRARY_PATH} PATH=/micro_ros_ws/firmware/mcu_ws/install/bin:${PATH} PYTHONPATH=/micro_ros_ws/firmware/mcu_ws/install/lib/python3.10/site-packages:${PYTHONPATH} /usr/bin/cmake --build /micro_ros_ws/firmware/mcu_ws/build/rosidl_typesupport_microxrcedds_c -- -j12 -l12
[2.298s] Invoking command in '/micro_ros_ws/firmware/mcu_ws/build/rosidl_typesupport_microxrcedds_c': AMENT_PREFIX_PATH=/micro_ros_ws/firmware/mcu_ws/install:${AMENT_PREFIX_PATH} CMAKE_PREFIX_PATH=/micro_ros_ws/firmware/mcu_ws/install:/micro_ros_ws/firmware/dev_ws/install/ament_lint_common:/micro_ros_ws/firmware/dev_ws/install/ament_cmake_uncrustify:/micro_ros_ws/firmware/dev_ws/install/uncrustify_vendor:/micro_ros_ws/firmware/dev_ws/install/ament_cmake_ros:/micro_ros_ws/firmware/dev_ws/install/ament_cmake_auto:/micro_ros_ws/firmware/dev_ws/install/ament_cmake_gmock:/micro_ros_ws/firmware/dev_ws/install/gmock_vendor:/micro_ros_ws/firmware/dev_ws/install/ament_cmake_gtest:/micro_ros_ws/firmware/dev_ws/install/gtest_vendor:/micro_ros_ws/firmware/dev_ws/install/ament_cmake_xmllint:/micro_ros_ws/firmware/dev_ws/install/ament_cmake_pyflakes:/micro_ros_ws/firmware/dev_ws/install/ament_cmake_pycodestyle:/micro_ros_ws/firmware/dev_ws/install/ament_cmake_pep257:/micro_ros_ws/firmware/dev_ws/install/ament_cmake_pclint:/micro_ros_ws/firmware/dev_ws/install/ament_lint_auto:/micro_ros_ws/firmware/dev_ws/install/ament_cmake:/micro_ros_ws/firmware/dev_ws/install/ament_cmake_version:/micro_ros_ws/firmware/dev_ws/install/ament_cmake_vendor_package:/micro_ros_ws/firmware/dev_ws/install/ament_cmake_pytest:/micro_ros_ws/firmware/dev_ws/install/ament_cmake_nose:/micro_ros_ws/firmware/dev_ws/install/ament_cmake_mypy:/micro_ros_ws/firmware/dev_ws/install/ament_cmake_lint_cmake:/micro_ros_ws/firmware/dev_ws/install/ament_cmake_google_benchmark:/micro_ros_ws/firmware/dev_ws/install/ament_cmake_flake8:/micro_ros_ws/firmware/dev_ws/install/ament_cmake_cpplint:/micro_ros_ws/firmware/dev_ws/install/ament_cmake_cppcheck:/micro_ros_ws/firmware/dev_ws/install/ament_cmake_copyright:/micro_ros_ws/firmware/dev_ws/install/ament_cmake_clang_tidy:/micro_ros_ws/firmware/dev_ws/install/ament_cmake_clang_format:/micro_ros_ws/firmware/dev_ws/install/ament_cmake_test:/micro_ros_ws/firmware/dev_ws/install/ament_cmake_target_dependencies:/micro_ros_ws/firmware/dev_ws/install/ament_cmake_python:/micro_ros_ws/firmware/dev_ws/install/ament_cmake_export_dependencies:/micro_ros_ws/firmware/dev_ws/install/ament_cmake_libraries:/micro_ros_ws/firmware/dev_ws/install/ament_cmake_include_directories:/micro_ros_ws/firmware/dev_ws/install/ament_cmake_gen_version_h:/micro_ros_ws/firmware/dev_ws/install/ament_cmake_export_targets:/micro_ros_ws/firmware/dev_ws/install/ament_cmake_export_link_flags:/micro_ros_ws/firmware/dev_ws/install/ament_cmake_export_interfaces:/micro_ros_ws/firmware/dev_ws/install/ament_cmake_export_libraries:/micro_ros_ws/firmware/dev_ws/install/ament_cmake_export_include_directories:/micro_ros_ws/firmware/dev_ws/install/ament_cmake_export_definitions:/micro_ros_ws/firmware/dev_ws/install/ament_cmake_core:/micro_ros_ws/firmware/dev_ws/install/ament_index_cpp:/micro_ros_ws/firmware/dev_ws/install/ament_uncrustify:/micro_ros_ws/firmware/dev_ws/install/domain_coordinator:/micro_ros_ws/firmware/dev_ws/install/ament_xmllint:/micro_ros_ws/firmware/dev_ws/install/ament_pyflakes:/micro_ros_ws/firmware/dev_ws/install/ament_pycodestyle:/micro_ros_ws/firmware/dev_ws/install/ament_pep257:/micro_ros_ws/firmware/dev_ws/install/ament_pclint:/micro_ros_ws/firmware/dev_ws/install/ament_package:/micro_ros_ws/firmware/dev_ws/install/ament_mypy:/micro_ros_ws/firmware/dev_ws/install/ament_lint_cmake:/micro_ros_ws/firmware/dev_ws/install/ament_flake8:/micro_ros_ws/firmware/dev_ws/install/ament_copyright:/micro_ros_ws/firmware/dev_ws/install/ament_lint:/micro_ros_ws/firmware/dev_ws/install/ament_index_python:/micro_ros_ws/firmware/dev_ws/install/ament_cpplint:/micro_ros_ws/firmware/dev_ws/install/ament_cppcheck:/micro_ros_ws/firmware/dev_ws/install/ament_clang_tidy:/micro_ros_ws/firmware/dev_ws/install/ament_clang_format LD_LIBRARY_PATH=/micro_ros_ws/firmware/mcu_ws/install/lib:${LD_LIBRARY_PATH} PATH=/micro_ros_ws/firmware/mcu_ws/install/bin:${PATH} PYTHONPATH=/micro_ros_ws/firmware/mcu_ws/install/lib/python3.10/site-packages:${PYTHONPATH} /usr/bin/cmake --install /micro_ros_ws/firmware/mcu_ws/build/rosidl_typesupport_microxrcedds_c
[2.315s] -- Install configuration: "Debug"
[2.316s] -- Up-to-date: /micro_ros_ws/firmware/mcu_ws/install/share/rosidl_typesupport_microxrcedds_c/environment/pythonpath.sh
[2.317s] -- Installing: /micro_ros_ws/firmware/mcu_ws/install/share/rosidl_typesupport_microxrcedds_c/environment/pythonpath.dsv
[2.319s] -- Up-to-date: /micro_ros_ws/firmware/mcu_ws/install/lib/python3.10/site-packages/rosidl_typesupport_microxrcedds_c-3.0.1-py3.10.egg-info
[2.319s] -- Installing: /micro_ros_ws/firmware/mcu_ws/install/lib/python3.10/site-packages/rosidl_typesupport_microxrcedds_c-3.0.1-py3.10.egg-info/dependency_links.txt
[2.322s] -- Installing: /micro_ros_ws/firmware/mcu_ws/install/lib/python3.10/site-packages/rosidl_typesupport_microxrcedds_c-3.0.1-py3.10.egg-info/PKG-INFO
[2.325s] -- Installing: /micro_ros_ws/firmware/mcu_ws/install/lib/python3.10/site-packages/rosidl_typesupport_microxrcedds_c-3.0.1-py3.10.egg-info/SOURCES.txt
[2.328s] -- Installing: /micro_ros_ws/firmware/mcu_ws/install/lib/python3.10/site-packages/rosidl_typesupport_microxrcedds_c-3.0.1-py3.10.egg-info/top_level.txt
[2.331s] -- Up-to-date: /micro_ros_ws/firmware/mcu_ws/install/lib/python3.10/site-packages/rosidl_typesupport_microxrcedds_c
[2.332s] -- Up-to-date: /micro_ros_ws/firmware/mcu_ws/install/lib/python3.10/site-packages/rosidl_typesupport_microxrcedds_c/__init__.py
[2.512s] Listing '/micro_ros_ws/firmware/mcu_ws/install/lib/python3.10/site-packages/rosidl_typesupport_microxrcedds_c'...
[2.519s] -- Up-to-date: /micro_ros_ws/firmware/mcu_ws/install/share/rosidl_typesupport_microxrcedds_c/environment/library_path.sh
[2.520s] -- Installing: /micro_ros_ws/firmware/mcu_ws/install/share/rosidl_typesupport_microxrcedds_c/environment/library_path.dsv
[2.523s] -- Up-to-date: /micro_ros_ws/firmware/mcu_ws/install/share/ament_index/resource_index/rosidl_typesupport_c/rosidl_typesupport_microxrcedds_c
[2.524s] -- Up-to-date: /micro_ros_ws/firmware/mcu_ws/install/share/ament_index/resource_index/package_run_dependencies/rosidl_typesupport_microxrcedds_c
[2.525s] -- Up-to-date: /micro_ros_ws/firmware/mcu_ws/install/share/ament_index/resource_index/parent_prefix_path/rosidl_typesupport_microxrcedds_c
[2.526s] -- Up-to-date: /micro_ros_ws/firmware/mcu_ws/install/share/rosidl_typesupport_microxrcedds_c/environment/ament_prefix_path.sh
[2.527s] -- Installing: /micro_ros_ws/firmware/mcu_ws/install/share/rosidl_typesupport_microxrcedds_c/environment/ament_prefix_path.dsv
[2.530s] -- Up-to-date: /micro_ros_ws/firmware/mcu_ws/install/share/rosidl_typesupport_microxrcedds_c/environment/path.sh
[2.531s] -- Installing: /micro_ros_ws/firmware/mcu_ws/install/share/rosidl_typesupport_microxrcedds_c/environment/path.dsv
[2.533s] -- Up-to-date: /micro_ros_ws/firmware/mcu_ws/install/share/rosidl_typesupport_microxrcedds_c/local_setup.bash
[2.534s] -- Up-to-date: /micro_ros_ws/firmware/mcu_ws/install/share/rosidl_typesupport_microxrcedds_c/local_setup.sh
[2.534s] -- Up-to-date: /micro_ros_ws/firmware/mcu_ws/install/share/rosidl_typesupport_microxrcedds_c/local_setup.zsh
[2.535s] -- Installing: /micro_ros_ws/firmware/mcu_ws/install/share/rosidl_typesupport_microxrcedds_c/local_setup.dsv
[2.580s] -- Installing: /micro_ros_ws/firmware/mcu_ws/install/share/rosidl_typesupport_microxrcedds_c/package.dsv
[2.580s] -- Up-to-date: /micro_ros_ws/firmware/mcu_ws/install/share/ament_index/resource_index/packages/rosidl_typesupport_microxrcedds_c
[2.580s] -- Up-to-date: /micro_ros_ws/firmware/mcu_ws/install/share/rosidl_typesupport_microxrcedds_c/cmake/rosidl_typesupport_microxrcedds_cExport.cmake
[2.580s] -- Up-to-date: /micro_ros_ws/firmware/mcu_ws/install/share/rosidl_typesupport_microxrcedds_c/cmake/rosidl_typesupport_microxrcedds_cExport-debug.cmake
[2.580s] -- Up-to-date: /micro_ros_ws/firmware/mcu_ws/install/share/rosidl_typesupport_microxrcedds_c/cmake/rosidl_typesupport_microxrcedds_c-extras.cmake
[2.581s] -- Up-to-date: /micro_ros_ws/firmware/mcu_ws/install/share/rosidl_typesupport_microxrcedds_c/cmake/ament_cmake_export_dependencies-extras.cmake
[2.581s] -- Up-to-date: /micro_ros_ws/firmware/mcu_ws/install/share/rosidl_typesupport_microxrcedds_c/cmake/ament_cmake_export_include_directories-extras.cmake
[2.581s] -- Up-to-date: /micro_ros_ws/firmware/mcu_ws/install/share/rosidl_typesupport_microxrcedds_c/cmake/ament_cmake_export_libraries-extras.cmake
[2.581s] -- Up-to-date: /micro_ros_ws/firmware/mcu_ws/install/share/rosidl_typesupport_microxrcedds_c/cmake/ament_cmake_export_targets-extras.cmake
[2.581s] -- Up-to-date: /micro_ros_ws/firmware/mcu_ws/install/share/rosidl_typesupport_microxrcedds_c/cmake/rosidl_typesupport_microxrcedds_cConfig.cmake
[2.582s] -- Up-to-date: /micro_ros_ws/firmware/mcu_ws/install/share/rosidl_typesupport_microxrcedds_c/cmake/rosidl_typesupport_microxrcedds_cConfig-version.cmake
[2.582s] -- Up-to-date: /micro_ros_ws/firmware/mcu_ws/install/share/rosidl_typesupport_microxrcedds_c/package.xml
[2.582s] -- Up-to-date: /micro_ros_ws/firmware/mcu_ws/install/lib/rosidl_typesupport_microxrcedds_c/rosidl_typesupport_microxrcedds_c
[2.583s] -- Up-to-date: /micro_ros_ws/firmware/mcu_ws/install/share/rosidl_typesupport_microxrcedds_c/cmake
[2.583s] -- Up-to-date: /micro_ros_ws/firmware/mcu_ws/install/share/rosidl_typesupport_microxrcedds_c/cmake/rosidl_typesupport_microxrcedds_c_generate_interfaces.cmake
[2.583s] -- Up-to-date: /micro_ros_ws/firmware/mcu_ws/install/share/rosidl_typesupport_microxrcedds_c/resource
[2.584s] -- Up-to-date: /micro_ros_ws/firmware/mcu_ws/install/share/rosidl_typesupport_microxrcedds_c/resource/idl__rosidl_typesupport_microxrcedds_c.h.em
[2.584s] -- Up-to-date: /micro_ros_ws/firmware/mcu_ws/install/share/rosidl_typesupport_microxrcedds_c/resource/idl__type_support_c.c.em
[2.584s] -- Up-to-date: /micro_ros_ws/firmware/mcu_ws/install/share/rosidl_typesupport_microxrcedds_c/resource/msg__rosidl_typesupport_microxrcedds_c.h.em
[2.584s] -- Up-to-date: /micro_ros_ws/firmware/mcu_ws/install/share/rosidl_typesupport_microxrcedds_c/resource/msg__type_support_c.c.em
[2.584s] -- Up-to-date: /micro_ros_ws/firmware/mcu_ws/install/share/rosidl_typesupport_microxrcedds_c/resource/rosidl_typesupport_microxrcedds_c__visibility_control.h.in
[2.585s] -- Up-to-date: /micro_ros_ws/firmware/mcu_ws/install/share/rosidl_typesupport_microxrcedds_c/resource/srv__rosidl_typesupport_microxrcedds_c.h.em
[2.585s] -- Up-to-date: /micro_ros_ws/firmware/mcu_ws/install/share/rosidl_typesupport_microxrcedds_c/resource/srv__type_support_c.c.em
[2.585s] -- Up-to-date: /micro_ros_ws/firmware/mcu_ws/install/include
[2.585s] -- Up-to-date: /micro_ros_ws/firmware/mcu_ws/install/include/rosidl_typesupport_microxrcedds_c
[2.585s] -- Up-to-date: /micro_ros_ws/firmware/mcu_ws/install/include/rosidl_typesupport_microxrcedds_c/identifier.h
[2.585s] -- Up-to-date: /micro_ros_ws/firmware/mcu_ws/install/include/rosidl_typesupport_microxrcedds_c/message_type_support.h
[2.586s] -- Up-to-date: /micro_ros_ws/firmware/mcu_ws/install/include/rosidl_typesupport_microxrcedds_c/service_type_support.h
[2.586s] -- Up-to-date: /micro_ros_ws/firmware/mcu_ws/install/include/rosidl_typesupport_microxrcedds_c/visibility_control.h
[2.586s] -- Up-to-date: /micro_ros_ws/firmware/mcu_ws/install/lib/librosidl_typesupport_microxrcedds_c.a
[2.619s] Invoked command in '/micro_ros_ws/firmware/mcu_ws/build/rosidl_typesupport_microxrcedds_c' returned '0': AMENT_PREFIX_PATH=/micro_ros_ws/firmware/mcu_ws/install:${AMENT_PREFIX_PATH} CMAKE_PREFIX_PATH=/micro_ros_ws/firmware/mcu_ws/install:/micro_ros_ws/firmware/dev_ws/install/ament_lint_common:/micro_ros_ws/firmware/dev_ws/install/ament_cmake_uncrustify:/micro_ros_ws/firmware/dev_ws/install/uncrustify_vendor:/micro_ros_ws/firmware/dev_ws/install/ament_cmake_ros:/micro_ros_ws/firmware/dev_ws/install/ament_cmake_auto:/micro_ros_ws/firmware/dev_ws/install/ament_cmake_gmock:/micro_ros_ws/firmware/dev_ws/install/gmock_vendor:/micro_ros_ws/firmware/dev_ws/install/ament_cmake_gtest:/micro_ros_ws/firmware/dev_ws/install/gtest_vendor:/micro_ros_ws/firmware/dev_ws/install/ament_cmake_xmllint:/micro_ros_ws/firmware/dev_ws/install/ament_cmake_pyflakes:/micro_ros_ws/firmware/dev_ws/install/ament_cmake_pycodestyle:/micro_ros_ws/firmware/dev_ws/install/ament_cmake_pep257:/micro_ros_ws/firmware/dev_ws/install/ament_cmake_pclint:/micro_ros_ws/firmware/dev_ws/install/ament_lint_auto:/micro_ros_ws/firmware/dev_ws/install/ament_cmake:/micro_ros_ws/firmware/dev_ws/install/ament_cmake_version:/micro_ros_ws/firmware/dev_ws/install/ament_cmake_vendor_package:/micro_ros_ws/firmware/dev_ws/install/ament_cmake_pytest:/micro_ros_ws/firmware/dev_ws/install/ament_cmake_nose:/micro_ros_ws/firmware/dev_ws/install/ament_cmake_mypy:/micro_ros_ws/firmware/dev_ws/install/ament_cmake_lint_cmake:/micro_ros_ws/firmware/dev_ws/install/ament_cmake_google_benchmark:/micro_ros_ws/firmware/dev_ws/install/ament_cmake_flake8:/micro_ros_ws/firmware/dev_ws/install/ament_cmake_cpplint:/micro_ros_ws/firmware/dev_ws/install/ament_cmake_cppcheck:/micro_ros_ws/firmware/dev_ws/install/ament_cmake_copyright:/micro_ros_ws/firmware/dev_ws/install/ament_cmake_clang_tidy:/micro_ros_ws/firmware/dev_ws/install/ament_cmake_clang_format:/micro_ros_ws/firmware/dev_ws/install/ament_cmake_test:/micro_ros_ws/firmware/dev_ws/install/ament_cmake_target_dependencies:/micro_ros_ws/firmware/dev_ws/install/ament_cmake_python:/micro_ros_ws/firmware/dev_ws/install/ament_cmake_export_dependencies:/micro_ros_ws/firmware/dev_ws/install/ament_cmake_libraries:/micro_ros_ws/firmware/dev_ws/install/ament_cmake_include_directories:/micro_ros_ws/firmware/dev_ws/install/ament_cmake_gen_version_h:/micro_ros_ws/firmware/dev_ws/install/ament_cmake_export_targets:/micro_ros_ws/firmware/dev_ws/install/ament_cmake_export_link_flags:/micro_ros_ws/firmware/dev_ws/install/ament_cmake_export_interfaces:/micro_ros_ws/firmware/dev_ws/install/ament_cmake_export_libraries:/micro_ros_ws/firmware/dev_ws/install/ament_cmake_export_include_directories:/micro_ros_ws/firmware/dev_ws/install/ament_cmake_export_definitions:/micro_ros_ws/firmware/dev_ws/install/ament_cmake_core:/micro_ros_ws/firmware/dev_ws/install/ament_index_cpp:/micro_ros_ws/firmware/dev_ws/install/ament_uncrustify:/micro_ros_ws/firmware/dev_ws/install/domain_coordinator:/micro_ros_ws/firmware/dev_ws/install/ament_xmllint:/micro_ros_ws/firmware/dev_ws/install/ament_pyflakes:/micro_ros_ws/firmware/dev_ws/install/ament_pycodestyle:/micro_ros_ws/firmware/dev_ws/install/ament_pep257:/micro_ros_ws/firmware/dev_ws/install/ament_pclint:/micro_ros_ws/firmware/dev_ws/install/ament_package:/micro_ros_ws/firmware/dev_ws/install/ament_mypy:/micro_ros_ws/firmware/dev_ws/install/ament_lint_cmake:/micro_ros_ws/firmware/dev_ws/install/ament_flake8:/micro_ros_ws/firmware/dev_ws/install/ament_copyright:/micro_ros_ws/firmware/dev_ws/install/ament_lint:/micro_ros_ws/firmware/dev_ws/install/ament_index_python:/micro_ros_ws/firmware/dev_ws/install/ament_cpplint:/micro_ros_ws/firmware/dev_ws/install/ament_cppcheck:/micro_ros_ws/firmware/dev_ws/install/ament_clang_tidy:/micro_ros_ws/firmware/dev_ws/install/ament_clang_format LD_LIBRARY_PATH=/micro_ros_ws/firmware/mcu_ws/install/lib:${LD_LIBRARY_PATH} PATH=/micro_ros_ws/firmware/mcu_ws/install/bin:${PATH} PYTHONPATH=/micro_ros_ws/firmware/mcu_ws/install/lib/python3.10/site-packages:${PYTHONPATH} /usr/bin/cmake --install /micro_ros_ws/firmware/mcu_ws/build/rosidl_typesupport_microxrcedds_c
