[0.256s] Invoking command in '/micro_ros_ws/firmware/mcu_ws/build/unique_identifier_msgs': AMENT_PREFIX_PATH=/micro_ros_ws/firmware/mcu_ws/install:${AMENT_PREFIX_PATH} CMAKE_PREFIX_PATH=/micro_ros_ws/firmware/mcu_ws/install:/micro_ros_ws/firmware/dev_ws/install/ament_lint_common:/micro_ros_ws/firmware/dev_ws/install/ament_cmake_uncrustify:/micro_ros_ws/firmware/dev_ws/install/uncrustify_vendor:/micro_ros_ws/firmware/dev_ws/install/ament_cmake_ros:/micro_ros_ws/firmware/dev_ws/install/ament_cmake_auto:/micro_ros_ws/firmware/dev_ws/install/ament_cmake_gmock:/micro_ros_ws/firmware/dev_ws/install/gmock_vendor:/micro_ros_ws/firmware/dev_ws/install/ament_cmake_gtest:/micro_ros_ws/firmware/dev_ws/install/gtest_vendor:/micro_ros_ws/firmware/dev_ws/install/ament_cmake_xmllint:/micro_ros_ws/firmware/dev_ws/install/ament_cmake_pyflakes:/micro_ros_ws/firmware/dev_ws/install/ament_cmake_pycodestyle:/micro_ros_ws/firmware/dev_ws/install/ament_cmake_pep257:/micro_ros_ws/firmware/dev_ws/install/ament_cmake_pclint:/micro_ros_ws/firmware/dev_ws/install/ament_lint_auto:/micro_ros_ws/firmware/dev_ws/install/ament_cmake:/micro_ros_ws/firmware/dev_ws/install/ament_cmake_version:/micro_ros_ws/firmware/dev_ws/install/ament_cmake_vendor_package:/micro_ros_ws/firmware/dev_ws/install/ament_cmake_pytest:/micro_ros_ws/firmware/dev_ws/install/ament_cmake_nose:/micro_ros_ws/firmware/dev_ws/install/ament_cmake_mypy:/micro_ros_ws/firmware/dev_ws/install/ament_cmake_lint_cmake:/micro_ros_ws/firmware/dev_ws/install/ament_cmake_google_benchmark:/micro_ros_ws/firmware/dev_ws/install/ament_cmake_flake8:/micro_ros_ws/firmware/dev_ws/install/ament_cmake_cpplint:/micro_ros_ws/firmware/dev_ws/install/ament_cmake_cppcheck:/micro_ros_ws/firmware/dev_ws/install/ament_cmake_copyright:/micro_ros_ws/firmware/dev_ws/install/ament_cmake_clang_tidy:/micro_ros_ws/firmware/dev_ws/install/ament_cmake_clang_format:/micro_ros_ws/firmware/dev_ws/install/ament_cmake_test:/micro_ros_ws/firmware/dev_ws/install/ament_cmake_target_dependencies:/micro_ros_ws/firmware/dev_ws/install/ament_cmake_python:/micro_ros_ws/firmware/dev_ws/install/ament_cmake_export_dependencies:/micro_ros_ws/firmware/dev_ws/install/ament_cmake_libraries:/micro_ros_ws/firmware/dev_ws/install/ament_cmake_include_directories:/micro_ros_ws/firmware/dev_ws/install/ament_cmake_gen_version_h:/micro_ros_ws/firmware/dev_ws/install/ament_cmake_export_targets:/micro_ros_ws/firmware/dev_ws/install/ament_cmake_export_link_flags:/micro_ros_ws/firmware/dev_ws/install/ament_cmake_export_interfaces:/micro_ros_ws/firmware/dev_ws/install/ament_cmake_export_libraries:/micro_ros_ws/firmware/dev_ws/install/ament_cmake_export_include_directories:/micro_ros_ws/firmware/dev_ws/install/ament_cmake_export_definitions:/micro_ros_ws/firmware/dev_ws/install/ament_cmake_core:/micro_ros_ws/firmware/dev_ws/install/ament_index_cpp:/micro_ros_ws/firmware/dev_ws/install/ament_uncrustify:/micro_ros_ws/firmware/dev_ws/install/domain_coordinator:/micro_ros_ws/firmware/dev_ws/install/ament_xmllint:/micro_ros_ws/firmware/dev_ws/install/ament_pyflakes:/micro_ros_ws/firmware/dev_ws/install/ament_pycodestyle:/micro_ros_ws/firmware/dev_ws/install/ament_pep257:/micro_ros_ws/firmware/dev_ws/install/ament_pclint:/micro_ros_ws/firmware/dev_ws/install/ament_package:/micro_ros_ws/firmware/dev_ws/install/ament_mypy:/micro_ros_ws/firmware/dev_ws/install/ament_lint_cmake:/micro_ros_ws/firmware/dev_ws/install/ament_flake8:/micro_ros_ws/firmware/dev_ws/install/ament_copyright:/micro_ros_ws/firmware/dev_ws/install/ament_lint:/micro_ros_ws/firmware/dev_ws/install/ament_index_python:/micro_ros_ws/firmware/dev_ws/install/ament_cpplint:/micro_ros_ws/firmware/dev_ws/install/ament_cppcheck:/micro_ros_ws/firmware/dev_ws/install/ament_clang_tidy:/micro_ros_ws/firmware/dev_ws/install/ament_clang_format LD_LIBRARY_PATH=/micro_ros_ws/firmware/mcu_ws/install/lib:${LD_LIBRARY_PATH} PATH=/micro_ros_ws/firmware/mcu_ws/install/bin:${PATH} PYTHONPATH=/micro_ros_ws/firmware/mcu_ws/install/lib/python3.10/site-packages:${PYTHONPATH} /usr/bin/cmake --build /micro_ros_ws/firmware/mcu_ws/build/unique_identifier_msgs -- -j12 -l12
[0.288s] gmake[4]: Entering directory '/micro_ros_ws/firmware/mcu_ws/build/unique_identifier_msgs'
[0.289s] /usr/bin/cmake -S/micro_ros_ws/firmware/mcu_ws/ros2/unique_identifier_msgs -B/micro_ros_ws/firmware/mcu_ws/build/unique_identifier_msgs --check-build-system CMakeFiles/Makefile.cmake 0
[0.347s] Re-run cmake file: Makefile older than: /micro_ros_ws/firmware/freertos_apps/microros_esp32_extensions/esp32_toolchain.cmake
[0.359s] -- Found ament_cmake: 1.3.14 (/micro_ros_ws/firmware/dev_ws/install/ament_cmake/share/ament_cmake/cmake)
[0.916s] -- Found rosidl_default_generators: 1.2.1 (/micro_ros_ws/firmware/mcu_ws/install/share/rosidl_default_generators/cmake)
[0.954s] -- Using all available rosidl_typesupport_c: rosidl_typesupport_introspection_c;rosidl_typesupport_microxrcedds_c
[0.965s] -- Found rosidl_adapter: 3.1.8 (/micro_ros_ws/firmware/mcu_ws/install/share/rosidl_adapter/cmake)
[2.224s] -- Found ament_cmake_ros: 0.10.0 (/micro_ros_ws/firmware/dev_ws/install/ament_cmake_ros/share/ament_cmake_ros/cmake)
[2.692s] -- Using all available rosidl_typesupport_c: rosidl_typesupport_introspection_c;rosidl_typesupport_microxrcedds_c
[2.760s] -- Configuring done
[2.951s] -- Generating done
[2.991s] -- Build files have been written to: /micro_ros_ws/firmware/mcu_ws/build/unique_identifier_msgs
[2.995s] /usr/bin/cmake -E cmake_progress_start /micro_ros_ws/firmware/mcu_ws/build/unique_identifier_msgs/CMakeFiles /micro_ros_ws/firmware/mcu_ws/build/unique_identifier_msgs//CMakeFiles/progress.marks
[3.015s] /usr/bin/gmake  -f CMakeFiles/Makefile2 all
[3.020s] gmake[5]: Entering directory '/micro_ros_ws/firmware/mcu_ws/build/unique_identifier_msgs'
[3.020s] /usr/bin/gmake  -f CMakeFiles/unique_identifier_msgs__rosidl_generator_c.dir/build.make CMakeFiles/unique_identifier_msgs__rosidl_generator_c.dir/depend
[3.028s] gmake[6]: Entering directory '/micro_ros_ws/firmware/mcu_ws/build/unique_identifier_msgs'
[3.029s] cd /micro_ros_ws/firmware/mcu_ws/build/unique_identifier_msgs && /usr/bin/cmake -E cmake_depends "Unix Makefiles" /micro_ros_ws/firmware/mcu_ws/ros2/unique_identifier_msgs /micro_ros_ws/firmware/mcu_ws/ros2/unique_identifier_msgs /micro_ros_ws/firmware/mcu_ws/build/unique_identifier_msgs /micro_ros_ws/firmware/mcu_ws/build/unique_identifier_msgs /micro_ros_ws/firmware/mcu_ws/build/unique_identifier_msgs/CMakeFiles/unique_identifier_msgs__rosidl_generator_c.dir/DependInfo.cmake --color=
[3.058s] Dependencies file "CMakeFiles/unique_identifier_msgs__rosidl_generator_c.dir/rosidl_generator_c/unique_identifier_msgs/msg/detail/uuid__functions.c.obj.d" is newer than depends file "/micro_ros_ws/firmware/mcu_ws/build/unique_identifier_msgs/CMakeFiles/unique_identifier_msgs__rosidl_generator_c.dir/compiler_depend.internal".
[3.058s] [35m[1mConsolidate compiler generated dependencies of target unique_identifier_msgs__rosidl_generator_c[0m
[3.069s] gmake[6]: Leaving directory '/micro_ros_ws/firmware/mcu_ws/build/unique_identifier_msgs'
[3.070s] /usr/bin/gmake  -f CMakeFiles/unique_identifier_msgs__rosidl_generator_c.dir/build.make CMakeFiles/unique_identifier_msgs__rosidl_generator_c.dir/build
[3.104s] gmake[6]: Entering directory '/micro_ros_ws/firmware/mcu_ws/build/unique_identifier_msgs'
[3.139s] [  8%] [32mBuilding C object CMakeFiles/unique_identifier_msgs__rosidl_generator_c.dir/rosidl_generator_c/unique_identifier_msgs/msg/detail/uuid__functions.c.obj[0m
[3.140s] /micro_ros_ws/firmware/toolchain/espressif/tools/xtensa-esp32-elf/esp-2020r2-8.2.0/xtensa-esp32-elf/bin/xtensa-esp32-elf-gcc -DLWIP_IPV4 -DLWIP_IPV6 -DROS_PACKAGE_NAME=\"unique_identifier_msgs\" -I/micro_ros_ws/firmware/freertos_apps/microros_esp32_extensions/build/config -I/micro_ros_ws/firmware/toolchain/esp-idf/components/newlib/platform_include -I/micro_ros_ws/firmware/toolchain/esp-idf/components/protocomm/include -I/micro_ros_ws/firmware/toolchain/esp-idf/components/esp_rom/include -I/micro_ros_ws/firmware/toolchain/esp-idf/components/driver/include -I/micro_ros_ws/firmware/toolchain/esp-idf/components/wear_levelling/include -I/micro_ros_ws/firmware/toolchain/esp-idf/components/vfs/include -I/micro_ros_ws/firmware/toolchain/esp-idf/components/log/include -I/micro_ros_ws/firmware/toolchain/esp-idf/components/freertos/include -I/micro_ros_ws/firmware/toolchain/esp-idf/components/wifi_provisioning/include -I/micro_ros_ws/firmware/toolchain/esp-idf/components/pthread/include -I/micro_ros_ws/firmware/toolchain/esp-idf/components/libsodium/libsodium/src/libsodium/include -I/micro_ros_ws/firmware/toolchain/esp-idf/components/coap/port/include -I/micro_ros_ws/firmware/toolchain/esp-idf/components/coap/libcoap/include -I/micro_ros_ws/firmware/toolchain/esp-idf/components/tcp_transport/include -I/micro_ros_ws/firmware/toolchain/esp-idf/components/unity/include -I/micro_ros_ws/firmware/toolchain/esp-idf/components/esp32/include -I/micro_ros_ws/firmware/toolchain/esp-idf/components/asio/port/include -I/micro_ros_ws/firmware/toolchain/esp-idf/components/asio/asio/asio/include -I/micro_ros_ws/firmware/toolchain/esp-idf/components/app_update/include -I/micro_ros_ws/firmware/toolchain/esp-idf/components/esp_ringbuf/include -I/micro_ros_ws/firmware/toolchain/esp-idf/components/soc/esp32/include -I/micro_ros_ws/firmware/toolchain/esp-idf/components/soc/include -I/micro_ros_ws/firmware/toolchain/esp-idf/components/efuse/test/include -I/micro_ros_ws/firmware/toolchain/esp-idf/components/efuse/esp32/include -I/micro_ros_ws/firmware/toolchain/esp-idf/components/efuse/include -I/micro_ros_ws/firmware/toolchain/esp-idf/components/mbedtls/port/include -I/micro_ros_ws/firmware/toolchain/esp-idf/components/mbedtls/mbedtls/include -I/micro_ros_ws/firmware/toolchain/esp-idf/components/xtensa/esp32/include -I/micro_ros_ws/firmware/toolchain/esp-idf/components/xtensa/include -I/micro_ros_ws/firmware/toolchain/esp-idf/components/app_trace/include -I/micro_ros_ws/firmware/toolchain/esp-idf/components/nvs_flash/include -I/micro_ros_ws/firmware/toolchain/esp-idf/components/jsmn/include -I/micro_ros_ws/firmware/toolchain/esp-idf/components/esp_eth/include -I/micro_ros_ws/firmware/toolchain/esp-idf/components/spiffs/include -I/micro_ros_ws/firmware/toolchain/esp-idf/components/ulp/include -I/micro_ros_ws/firmware/toolchain/esp-idf/components/mdns/include -I/micro_ros_ws/firmware/toolchain/esp-idf/components/freemodbus/modbus/include -I/micro_ros_ws/firmware/toolchain/esp-idf/components/freemodbus/common/include -I/micro_ros_ws/firmware/toolchain/esp-idf/components/esp_event/include -I/micro_ros_ws/firmware/toolchain/esp-idf/components/expat/port/include -I/micro_ros_ws/firmware/toolchain/esp-idf/components/bootloader_support/include -I/micro_ros_ws/firmware/toolchain/esp-idf/components/heap/include -I/micro_ros_ws/firmware/toolchain/esp-idf/components/wpa_supplicant/port/include -I/micro_ros_ws/firmware/toolchain/esp-idf/components/wpa_supplicant/include -I/micro_ros_ws/firmware/toolchain/esp-idf/components/tcpip_adapter/include -I/micro_ros_ws/firmware/toolchain/esp-idf/components/openssl/include -I/micro_ros_ws/firmware/toolchain/esp-idf/components/sdmmc/include -I/micro_ros_ws/firmware/toolchain/esp-idf/components/esp_local_ctrl/include -I/micro_ros_ws/firmware/toolchain/esp-idf/components/esp_common/include -I/micro_ros_ws/firmware/toolchain/esp-idf/components/lwip/lwip/src/include/lwip/apps -I/micro_ros_ws/firmware/toolchain/esp-idf/components/lwip/lwip/src/include/compat/posix -I/micro_ros_ws/firmware/toolchain/esp-idf/components/lwip/lwip/src/include -I/micro_ros_ws/firmware/toolchain/esp-idf/components/lwip/port/esp32/include -I/micro_ros_ws/firmware/mcu_ws/build/unique_identifier_msgs/rosidl_generator_c -isystem /micro_ros_ws/firmware/mcu_ws/install/include/rosidl_runtime_c -isystem /micro_ros_ws/firmware/mcu_ws/install/include/rcutils -isystem /micro_ros_ws/firmware/mcu_ws/install/include/rosidl_typesupport_interface -mlongcalls -Wno-frame-address -mlongcalls -Wno-frame-address -g -Wall -std=gnu11 -MD -MT CMakeFiles/unique_identifier_msgs__rosidl_generator_c.dir/rosidl_generator_c/unique_identifier_msgs/msg/detail/uuid__functions.c.obj -MF CMakeFiles/unique_identifier_msgs__rosidl_generator_c.dir/rosidl_generator_c/unique_identifier_msgs/msg/detail/uuid__functions.c.obj.d -o CMakeFiles/unique_identifier_msgs__rosidl_generator_c.dir/rosidl_generator_c/unique_identifier_msgs/msg/detail/uuid__functions.c.obj -c /micro_ros_ws/firmware/mcu_ws/build/unique_identifier_msgs/rosidl_generator_c/unique_identifier_msgs/msg/detail/uuid__functions.c
[4.611s] [ 16%] [32m[1mLinking C static library libunique_identifier_msgs__rosidl_generator_c.a[0m
[4.612s] /usr/bin/cmake -P CMakeFiles/unique_identifier_msgs__rosidl_generator_c.dir/cmake_clean_target.cmake
[4.663s] /usr/bin/cmake -E cmake_link_script CMakeFiles/unique_identifier_msgs__rosidl_generator_c.dir/link.txt --verbose=1
[4.713s] /micro_ros_ws/firmware/toolchain/espressif/tools/xtensa-esp32-elf/esp-2020r2-8.2.0/xtensa-esp32-elf/bin/xtensa-esp32-elf-ar qc libunique_identifier_msgs__rosidl_generator_c.a CMakeFiles/unique_identifier_msgs__rosidl_generator_c.dir/rosidl_generator_c/unique_identifier_msgs/msg/detail/uuid__functions.c.obj
[4.741s] /micro_ros_ws/firmware/toolchain/espressif/tools/xtensa-esp32-elf/esp-2020r2-8.2.0/xtensa-esp32-elf/bin/xtensa-esp32-elf-ranlib libunique_identifier_msgs__rosidl_generator_c.a
[4.766s] gmake[6]: Leaving directory '/micro_ros_ws/firmware/mcu_ws/build/unique_identifier_msgs'
[4.840s] [ 25%] Built target unique_identifier_msgs__rosidl_generator_c
[4.842s] /usr/bin/gmake  -f CMakeFiles/unique_identifier_msgs__rosidl_typesupport_c.dir/build.make CMakeFiles/unique_identifier_msgs__rosidl_typesupport_c.dir/depend
[4.843s] /usr/bin/gmake  -f CMakeFiles/unique_identifier_msgs__rosidl_typesupport_introspection_c.dir/build.make CMakeFiles/unique_identifier_msgs__rosidl_typesupport_introspection_c.dir/depend
[4.844s] /usr/bin/gmake  -f CMakeFiles/unique_identifier_msgs__rosidl_typesupport_microxrcedds_c.dir/build.make CMakeFiles/unique_identifier_msgs__rosidl_typesupport_microxrcedds_c.dir/depend
[4.865s] gmake[6]: Entering directory '/micro_ros_ws/firmware/mcu_ws/build/unique_identifier_msgs'
[4.866s] cd /micro_ros_ws/firmware/mcu_ws/build/unique_identifier_msgs && /usr/bin/cmake -E cmake_depends "Unix Makefiles" /micro_ros_ws/firmware/mcu_ws/ros2/unique_identifier_msgs /micro_ros_ws/firmware/mcu_ws/ros2/unique_identifier_msgs /micro_ros_ws/firmware/mcu_ws/build/unique_identifier_msgs /micro_ros_ws/firmware/mcu_ws/build/unique_identifier_msgs /micro_ros_ws/firmware/mcu_ws/build/unique_identifier_msgs/CMakeFiles/unique_identifier_msgs__rosidl_typesupport_c.dir/DependInfo.cmake --color=
[4.866s] gmake[6]: Entering directory '/micro_ros_ws/firmware/mcu_ws/build/unique_identifier_msgs'
[4.867s] cd /micro_ros_ws/firmware/mcu_ws/build/unique_identifier_msgs && /usr/bin/cmake -E cmake_depends "Unix Makefiles" /micro_ros_ws/firmware/mcu_ws/ros2/unique_identifier_msgs /micro_ros_ws/firmware/mcu_ws/ros2/unique_identifier_msgs /micro_ros_ws/firmware/mcu_ws/build/unique_identifier_msgs /micro_ros_ws/firmware/mcu_ws/build/unique_identifier_msgs /micro_ros_ws/firmware/mcu_ws/build/unique_identifier_msgs/CMakeFiles/unique_identifier_msgs__rosidl_typesupport_introspection_c.dir/DependInfo.cmake --color=
[4.868s] gmake[6]: Entering directory '/micro_ros_ws/firmware/mcu_ws/build/unique_identifier_msgs'
[4.868s] cd /micro_ros_ws/firmware/mcu_ws/build/unique_identifier_msgs && /usr/bin/cmake -E cmake_depends "Unix Makefiles" /micro_ros_ws/firmware/mcu_ws/ros2/unique_identifier_msgs /micro_ros_ws/firmware/mcu_ws/ros2/unique_identifier_msgs /micro_ros_ws/firmware/mcu_ws/build/unique_identifier_msgs /micro_ros_ws/firmware/mcu_ws/build/unique_identifier_msgs /micro_ros_ws/firmware/mcu_ws/build/unique_identifier_msgs/CMakeFiles/unique_identifier_msgs__rosidl_typesupport_microxrcedds_c.dir/DependInfo.cmake --color=
[4.935s] Dependencies file "CMakeFiles/unique_identifier_msgs__rosidl_typesupport_c.dir/rosidl_typesupport_c/unique_identifier_msgs/msg/uuid__type_support.cpp.obj.d" is newer than depends file "/micro_ros_ws/firmware/mcu_ws/build/unique_identifier_msgs/CMakeFiles/unique_identifier_msgs__rosidl_typesupport_c.dir/compiler_depend.internal".
[4.937s] [35m[1mConsolidate compiler generated dependencies of target unique_identifier_msgs__rosidl_typesupport_c[0m
[4.939s] Dependencies file "CMakeFiles/unique_identifier_msgs__rosidl_typesupport_microxrcedds_c.dir/rosidl_typesupport_microxrcedds_c/unique_identifier_msgs/msg/detail/microxrcedds/uuid__type_support_c.c.obj.d" is newer than depends file "/micro_ros_ws/firmware/mcu_ws/build/unique_identifier_msgs/CMakeFiles/unique_identifier_msgs__rosidl_typesupport_microxrcedds_c.dir/compiler_depend.internal".
[4.940s] Dependencies file "CMakeFiles/unique_identifier_msgs__rosidl_typesupport_introspection_c.dir/rosidl_typesupport_introspection_c/unique_identifier_msgs/msg/detail/uuid__type_support.c.obj.d" is newer than depends file "/micro_ros_ws/firmware/mcu_ws/build/unique_identifier_msgs/CMakeFiles/unique_identifier_msgs__rosidl_typesupport_introspection_c.dir/compiler_depend.internal".
[4.941s] [35m[1mConsolidate compiler generated dependencies of target unique_identifier_msgs__rosidl_typesupport_microxrcedds_c[0m
[4.941s] [35m[1mConsolidate compiler generated dependencies of target unique_identifier_msgs__rosidl_typesupport_introspection_c[0m
[4.961s] gmake[6]: Leaving directory '/micro_ros_ws/firmware/mcu_ws/build/unique_identifier_msgs'
[4.962s] /usr/bin/gmake  -f CMakeFiles/unique_identifier_msgs__rosidl_typesupport_c.dir/build.make CMakeFiles/unique_identifier_msgs__rosidl_typesupport_c.dir/build
[4.971s] gmake[6]: Leaving directory '/micro_ros_ws/firmware/mcu_ws/build/unique_identifier_msgs'
[4.972s] /usr/bin/gmake  -f CMakeFiles/unique_identifier_msgs__rosidl_typesupport_introspection_c.dir/build.make CMakeFiles/unique_identifier_msgs__rosidl_typesupport_introspection_c.dir/build
[4.980s] gmake[6]: Leaving directory '/micro_ros_ws/firmware/mcu_ws/build/unique_identifier_msgs'
[4.981s] /usr/bin/gmake  -f CMakeFiles/unique_identifier_msgs__rosidl_typesupport_microxrcedds_c.dir/build.make CMakeFiles/unique_identifier_msgs__rosidl_typesupport_microxrcedds_c.dir/build
[5.014s] gmake[6]: Entering directory '/micro_ros_ws/firmware/mcu_ws/build/unique_identifier_msgs'
[5.015s] gmake[6]: Nothing to be done for 'CMakeFiles/unique_identifier_msgs__rosidl_typesupport_c.dir/build'.
[5.015s] gmake[6]: Leaving directory '/micro_ros_ws/firmware/mcu_ws/build/unique_identifier_msgs'
[5.034s] gmake[6]: Entering directory '/micro_ros_ws/firmware/mcu_ws/build/unique_identifier_msgs'
[5.035s] gmake[6]: Nothing to be done for 'CMakeFiles/unique_identifier_msgs__rosidl_typesupport_introspection_c.dir/build'.
[5.036s] gmake[6]: Leaving directory '/micro_ros_ws/firmware/mcu_ws/build/unique_identifier_msgs'
[5.060s] gmake[6]: Entering directory '/micro_ros_ws/firmware/mcu_ws/build/unique_identifier_msgs'
[5.061s] gmake[6]: Nothing to be done for 'CMakeFiles/unique_identifier_msgs__rosidl_typesupport_microxrcedds_c.dir/build'.
[5.062s] gmake[6]: Leaving directory '/micro_ros_ws/firmware/mcu_ws/build/unique_identifier_msgs'
[5.106s] [ 50%] Built target unique_identifier_msgs__rosidl_typesupport_c
[5.121s] [ 75%] Built target unique_identifier_msgs__rosidl_typesupport_introspection_c
[5.144s] [100%] Built target unique_identifier_msgs__rosidl_typesupport_microxrcedds_c
[5.145s] /usr/bin/gmake  -f CMakeFiles/unique_identifier_msgs.dir/build.make CMakeFiles/unique_identifier_msgs.dir/depend
[5.163s] gmake[6]: Entering directory '/micro_ros_ws/firmware/mcu_ws/build/unique_identifier_msgs'
[5.164s] cd /micro_ros_ws/firmware/mcu_ws/build/unique_identifier_msgs && /usr/bin/cmake -E cmake_depends "Unix Makefiles" /micro_ros_ws/firmware/mcu_ws/ros2/unique_identifier_msgs /micro_ros_ws/firmware/mcu_ws/ros2/unique_identifier_msgs /micro_ros_ws/firmware/mcu_ws/build/unique_identifier_msgs /micro_ros_ws/firmware/mcu_ws/build/unique_identifier_msgs /micro_ros_ws/firmware/mcu_ws/build/unique_identifier_msgs/CMakeFiles/unique_identifier_msgs.dir/DependInfo.cmake --color=
[5.217s] gmake[6]: Leaving directory '/micro_ros_ws/firmware/mcu_ws/build/unique_identifier_msgs'
[5.218s] /usr/bin/gmake  -f CMakeFiles/unique_identifier_msgs.dir/build.make CMakeFiles/unique_identifier_msgs.dir/build
[5.237s] gmake[6]: Entering directory '/micro_ros_ws/firmware/mcu_ws/build/unique_identifier_msgs'
[5.237s] gmake[6]: Nothing to be done for 'CMakeFiles/unique_identifier_msgs.dir/build'.
[5.238s] gmake[6]: Leaving directory '/micro_ros_ws/firmware/mcu_ws/build/unique_identifier_msgs'
[5.276s] [100%] Built target unique_identifier_msgs
[5.278s] gmake[5]: Leaving directory '/micro_ros_ws/firmware/mcu_ws/build/unique_identifier_msgs'
[5.278s] /usr/bin/cmake -E cmake_progress_start /micro_ros_ws/firmware/mcu_ws/build/unique_identifier_msgs/CMakeFiles 0
[5.305s] gmake[4]: Leaving directory '/micro_ros_ws/firmware/mcu_ws/build/unique_identifier_msgs'
[5.308s] Invoked command in '/micro_ros_ws/firmware/mcu_ws/build/unique_identifier_msgs' returned '0': AMENT_PREFIX_PATH=/micro_ros_ws/firmware/mcu_ws/install:${AMENT_PREFIX_PATH} CMAKE_PREFIX_PATH=/micro_ros_ws/firmware/mcu_ws/install:/micro_ros_ws/firmware/dev_ws/install/ament_lint_common:/micro_ros_ws/firmware/dev_ws/install/ament_cmake_uncrustify:/micro_ros_ws/firmware/dev_ws/install/uncrustify_vendor:/micro_ros_ws/firmware/dev_ws/install/ament_cmake_ros:/micro_ros_ws/firmware/dev_ws/install/ament_cmake_auto:/micro_ros_ws/firmware/dev_ws/install/ament_cmake_gmock:/micro_ros_ws/firmware/dev_ws/install/gmock_vendor:/micro_ros_ws/firmware/dev_ws/install/ament_cmake_gtest:/micro_ros_ws/firmware/dev_ws/install/gtest_vendor:/micro_ros_ws/firmware/dev_ws/install/ament_cmake_xmllint:/micro_ros_ws/firmware/dev_ws/install/ament_cmake_pyflakes:/micro_ros_ws/firmware/dev_ws/install/ament_cmake_pycodestyle:/micro_ros_ws/firmware/dev_ws/install/ament_cmake_pep257:/micro_ros_ws/firmware/dev_ws/install/ament_cmake_pclint:/micro_ros_ws/firmware/dev_ws/install/ament_lint_auto:/micro_ros_ws/firmware/dev_ws/install/ament_cmake:/micro_ros_ws/firmware/dev_ws/install/ament_cmake_version:/micro_ros_ws/firmware/dev_ws/install/ament_cmake_vendor_package:/micro_ros_ws/firmware/dev_ws/install/ament_cmake_pytest:/micro_ros_ws/firmware/dev_ws/install/ament_cmake_nose:/micro_ros_ws/firmware/dev_ws/install/ament_cmake_mypy:/micro_ros_ws/firmware/dev_ws/install/ament_cmake_lint_cmake:/micro_ros_ws/firmware/dev_ws/install/ament_cmake_google_benchmark:/micro_ros_ws/firmware/dev_ws/install/ament_cmake_flake8:/micro_ros_ws/firmware/dev_ws/install/ament_cmake_cpplint:/micro_ros_ws/firmware/dev_ws/install/ament_cmake_cppcheck:/micro_ros_ws/firmware/dev_ws/install/ament_cmake_copyright:/micro_ros_ws/firmware/dev_ws/install/ament_cmake_clang_tidy:/micro_ros_ws/firmware/dev_ws/install/ament_cmake_clang_format:/micro_ros_ws/firmware/dev_ws/install/ament_cmake_test:/micro_ros_ws/firmware/dev_ws/install/ament_cmake_target_dependencies:/micro_ros_ws/firmware/dev_ws/install/ament_cmake_python:/micro_ros_ws/firmware/dev_ws/install/ament_cmake_export_dependencies:/micro_ros_ws/firmware/dev_ws/install/ament_cmake_libraries:/micro_ros_ws/firmware/dev_ws/install/ament_cmake_include_directories:/micro_ros_ws/firmware/dev_ws/install/ament_cmake_gen_version_h:/micro_ros_ws/firmware/dev_ws/install/ament_cmake_export_targets:/micro_ros_ws/firmware/dev_ws/install/ament_cmake_export_link_flags:/micro_ros_ws/firmware/dev_ws/install/ament_cmake_export_interfaces:/micro_ros_ws/firmware/dev_ws/install/ament_cmake_export_libraries:/micro_ros_ws/firmware/dev_ws/install/ament_cmake_export_include_directories:/micro_ros_ws/firmware/dev_ws/install/ament_cmake_export_definitions:/micro_ros_ws/firmware/dev_ws/install/ament_cmake_core:/micro_ros_ws/firmware/dev_ws/install/ament_index_cpp:/micro_ros_ws/firmware/dev_ws/install/ament_uncrustify:/micro_ros_ws/firmware/dev_ws/install/domain_coordinator:/micro_ros_ws/firmware/dev_ws/install/ament_xmllint:/micro_ros_ws/firmware/dev_ws/install/ament_pyflakes:/micro_ros_ws/firmware/dev_ws/install/ament_pycodestyle:/micro_ros_ws/firmware/dev_ws/install/ament_pep257:/micro_ros_ws/firmware/dev_ws/install/ament_pclint:/micro_ros_ws/firmware/dev_ws/install/ament_package:/micro_ros_ws/firmware/dev_ws/install/ament_mypy:/micro_ros_ws/firmware/dev_ws/install/ament_lint_cmake:/micro_ros_ws/firmware/dev_ws/install/ament_flake8:/micro_ros_ws/firmware/dev_ws/install/ament_copyright:/micro_ros_ws/firmware/dev_ws/install/ament_lint:/micro_ros_ws/firmware/dev_ws/install/ament_index_python:/micro_ros_ws/firmware/dev_ws/install/ament_cpplint:/micro_ros_ws/firmware/dev_ws/install/ament_cppcheck:/micro_ros_ws/firmware/dev_ws/install/ament_clang_tidy:/micro_ros_ws/firmware/dev_ws/install/ament_clang_format LD_LIBRARY_PATH=/micro_ros_ws/firmware/mcu_ws/install/lib:${LD_LIBRARY_PATH} PATH=/micro_ros_ws/firmware/mcu_ws/install/bin:${PATH} PYTHONPATH=/micro_ros_ws/firmware/mcu_ws/install/lib/python3.10/site-packages:${PYTHONPATH} /usr/bin/cmake --build /micro_ros_ws/firmware/mcu_ws/build/unique_identifier_msgs -- -j12 -l12
[5.310s] Invoking command in '/micro_ros_ws/firmware/mcu_ws/build/unique_identifier_msgs': AMENT_PREFIX_PATH=/micro_ros_ws/firmware/mcu_ws/install:${AMENT_PREFIX_PATH} CMAKE_PREFIX_PATH=/micro_ros_ws/firmware/mcu_ws/install:/micro_ros_ws/firmware/dev_ws/install/ament_lint_common:/micro_ros_ws/firmware/dev_ws/install/ament_cmake_uncrustify:/micro_ros_ws/firmware/dev_ws/install/uncrustify_vendor:/micro_ros_ws/firmware/dev_ws/install/ament_cmake_ros:/micro_ros_ws/firmware/dev_ws/install/ament_cmake_auto:/micro_ros_ws/firmware/dev_ws/install/ament_cmake_gmock:/micro_ros_ws/firmware/dev_ws/install/gmock_vendor:/micro_ros_ws/firmware/dev_ws/install/ament_cmake_gtest:/micro_ros_ws/firmware/dev_ws/install/gtest_vendor:/micro_ros_ws/firmware/dev_ws/install/ament_cmake_xmllint:/micro_ros_ws/firmware/dev_ws/install/ament_cmake_pyflakes:/micro_ros_ws/firmware/dev_ws/install/ament_cmake_pycodestyle:/micro_ros_ws/firmware/dev_ws/install/ament_cmake_pep257:/micro_ros_ws/firmware/dev_ws/install/ament_cmake_pclint:/micro_ros_ws/firmware/dev_ws/install/ament_lint_auto:/micro_ros_ws/firmware/dev_ws/install/ament_cmake:/micro_ros_ws/firmware/dev_ws/install/ament_cmake_version:/micro_ros_ws/firmware/dev_ws/install/ament_cmake_vendor_package:/micro_ros_ws/firmware/dev_ws/install/ament_cmake_pytest:/micro_ros_ws/firmware/dev_ws/install/ament_cmake_nose:/micro_ros_ws/firmware/dev_ws/install/ament_cmake_mypy:/micro_ros_ws/firmware/dev_ws/install/ament_cmake_lint_cmake:/micro_ros_ws/firmware/dev_ws/install/ament_cmake_google_benchmark:/micro_ros_ws/firmware/dev_ws/install/ament_cmake_flake8:/micro_ros_ws/firmware/dev_ws/install/ament_cmake_cpplint:/micro_ros_ws/firmware/dev_ws/install/ament_cmake_cppcheck:/micro_ros_ws/firmware/dev_ws/install/ament_cmake_copyright:/micro_ros_ws/firmware/dev_ws/install/ament_cmake_clang_tidy:/micro_ros_ws/firmware/dev_ws/install/ament_cmake_clang_format:/micro_ros_ws/firmware/dev_ws/install/ament_cmake_test:/micro_ros_ws/firmware/dev_ws/install/ament_cmake_target_dependencies:/micro_ros_ws/firmware/dev_ws/install/ament_cmake_python:/micro_ros_ws/firmware/dev_ws/install/ament_cmake_export_dependencies:/micro_ros_ws/firmware/dev_ws/install/ament_cmake_libraries:/micro_ros_ws/firmware/dev_ws/install/ament_cmake_include_directories:/micro_ros_ws/firmware/dev_ws/install/ament_cmake_gen_version_h:/micro_ros_ws/firmware/dev_ws/install/ament_cmake_export_targets:/micro_ros_ws/firmware/dev_ws/install/ament_cmake_export_link_flags:/micro_ros_ws/firmware/dev_ws/install/ament_cmake_export_interfaces:/micro_ros_ws/firmware/dev_ws/install/ament_cmake_export_libraries:/micro_ros_ws/firmware/dev_ws/install/ament_cmake_export_include_directories:/micro_ros_ws/firmware/dev_ws/install/ament_cmake_export_definitions:/micro_ros_ws/firmware/dev_ws/install/ament_cmake_core:/micro_ros_ws/firmware/dev_ws/install/ament_index_cpp:/micro_ros_ws/firmware/dev_ws/install/ament_uncrustify:/micro_ros_ws/firmware/dev_ws/install/domain_coordinator:/micro_ros_ws/firmware/dev_ws/install/ament_xmllint:/micro_ros_ws/firmware/dev_ws/install/ament_pyflakes:/micro_ros_ws/firmware/dev_ws/install/ament_pycodestyle:/micro_ros_ws/firmware/dev_ws/install/ament_pep257:/micro_ros_ws/firmware/dev_ws/install/ament_pclint:/micro_ros_ws/firmware/dev_ws/install/ament_package:/micro_ros_ws/firmware/dev_ws/install/ament_mypy:/micro_ros_ws/firmware/dev_ws/install/ament_lint_cmake:/micro_ros_ws/firmware/dev_ws/install/ament_flake8:/micro_ros_ws/firmware/dev_ws/install/ament_copyright:/micro_ros_ws/firmware/dev_ws/install/ament_lint:/micro_ros_ws/firmware/dev_ws/install/ament_index_python:/micro_ros_ws/firmware/dev_ws/install/ament_cpplint:/micro_ros_ws/firmware/dev_ws/install/ament_cppcheck:/micro_ros_ws/firmware/dev_ws/install/ament_clang_tidy:/micro_ros_ws/firmware/dev_ws/install/ament_clang_format LD_LIBRARY_PATH=/micro_ros_ws/firmware/mcu_ws/install/lib:${LD_LIBRARY_PATH} PATH=/micro_ros_ws/firmware/mcu_ws/install/bin:${PATH} PYTHONPATH=/micro_ros_ws/firmware/mcu_ws/install/lib/python3.10/site-packages:${PYTHONPATH} /usr/bin/cmake --install /micro_ros_ws/firmware/mcu_ws/build/unique_identifier_msgs
[5.329s] -- Install configuration: "Debug"
[5.331s] -- Up-to-date: /micro_ros_ws/firmware/mcu_ws/install/share/ament_index/resource_index/rosidl_interfaces/unique_identifier_msgs
[5.332s] -- Up-to-date: /micro_ros_ws/firmware/mcu_ws/install/include/unique_identifier_msgs/unique_identifier_msgs
[5.334s] -- Up-to-date: /micro_ros_ws/firmware/mcu_ws/install/include/unique_identifier_msgs/unique_identifier_msgs/msg
[5.336s] -- Up-to-date: /micro_ros_ws/firmware/mcu_ws/install/include/unique_identifier_msgs/unique_identifier_msgs/msg/detail
[5.338s] -- Up-to-date: /micro_ros_ws/firmware/mcu_ws/install/include/unique_identifier_msgs/unique_identifier_msgs/msg/detail/uuid__functions.c
[5.341s] -- Up-to-date: /micro_ros_ws/firmware/mcu_ws/install/include/unique_identifier_msgs/unique_identifier_msgs/msg/detail/uuid__functions.h
[5.346s] -- Up-to-date: /micro_ros_ws/firmware/mcu_ws/install/include/unique_identifier_msgs/unique_identifier_msgs/msg/detail/uuid__struct.h
[5.347s] -- Up-to-date: /micro_ros_ws/firmware/mcu_ws/install/include/unique_identifier_msgs/unique_identifier_msgs/msg/detail/uuid__type_support.h
[5.349s] -- Up-to-date: /micro_ros_ws/firmware/mcu_ws/install/include/unique_identifier_msgs/unique_identifier_msgs/msg/rosidl_generator_c__visibility_control.h
[5.350s] -- Up-to-date: /micro_ros_ws/firmware/mcu_ws/install/include/unique_identifier_msgs/unique_identifier_msgs/msg/uuid.h
[5.353s] -- Up-to-date: /micro_ros_ws/firmware/mcu_ws/install/share/unique_identifier_msgs/environment/library_path.sh
[5.354s] -- Installing: /micro_ros_ws/firmware/mcu_ws/install/share/unique_identifier_msgs/environment/library_path.dsv
[5.357s] -- Installing: /micro_ros_ws/firmware/mcu_ws/install/lib/libunique_identifier_msgs__rosidl_generator_c.a
[5.360s] -- Up-to-date: /micro_ros_ws/firmware/mcu_ws/install/include/unique_identifier_msgs/unique_identifier_msgs
[5.362s] -- Up-to-date: /micro_ros_ws/firmware/mcu_ws/install/include/unique_identifier_msgs/unique_identifier_msgs/msg
[5.363s] -- Up-to-date: /micro_ros_ws/firmware/mcu_ws/install/include/unique_identifier_msgs/unique_identifier_msgs/msg/detail
[5.365s] -- Up-to-date: /micro_ros_ws/firmware/mcu_ws/install/include/unique_identifier_msgs/unique_identifier_msgs/msg/detail/uuid__rosidl_typesupport_introspection_c.h
[5.367s] -- Up-to-date: /micro_ros_ws/firmware/mcu_ws/install/include/unique_identifier_msgs/unique_identifier_msgs/msg/detail/uuid__type_support.c
[5.369s] -- Up-to-date: /micro_ros_ws/firmware/mcu_ws/install/include/unique_identifier_msgs/unique_identifier_msgs/msg/rosidl_typesupport_introspection_c__visibility_control.h
[5.371s] -- Up-to-date: /micro_ros_ws/firmware/mcu_ws/install/lib/libunique_identifier_msgs__rosidl_typesupport_introspection_c.a
[5.371s] -- Up-to-date: /micro_ros_ws/firmware/mcu_ws/install/include/unique_identifier_msgs/unique_identifier_msgs
[5.373s] -- Up-to-date: /micro_ros_ws/firmware/mcu_ws/install/include/unique_identifier_msgs/unique_identifier_msgs/msg
[5.374s] -- Up-to-date: /micro_ros_ws/firmware/mcu_ws/install/include/unique_identifier_msgs/unique_identifier_msgs/msg/detail
[5.377s] -- Up-to-date: /micro_ros_ws/firmware/mcu_ws/install/include/unique_identifier_msgs/unique_identifier_msgs/msg/detail/microxrcedds
[5.380s] -- Up-to-date: /micro_ros_ws/firmware/mcu_ws/install/include/unique_identifier_msgs/unique_identifier_msgs/msg/detail/uuid__rosidl_typesupport_microxrcedds_c.h
[5.382s] -- Up-to-date: /micro_ros_ws/firmware/mcu_ws/install/include/unique_identifier_msgs/unique_identifier_msgs/msg/rosidl_typesupport_microxrcedds_c__visibility_control.h
[5.383s] -- Up-to-date: /micro_ros_ws/firmware/mcu_ws/install/lib/libunique_identifier_msgs__rosidl_typesupport_microxrcedds_c.a
[5.385s] -- Up-to-date: /micro_ros_ws/firmware/mcu_ws/install/lib/libunique_identifier_msgs__rosidl_typesupport_c.a
[5.386s] -- Up-to-date: /micro_ros_ws/firmware/mcu_ws/install/share/unique_identifier_msgs/msg/UUID.idl
[5.388s] -- Up-to-date: /micro_ros_ws/firmware/mcu_ws/install/share/unique_identifier_msgs/msg/UUID.msg
[5.391s] -- Up-to-date: /micro_ros_ws/firmware/mcu_ws/install/share/ament_index/resource_index/package_run_dependencies/unique_identifier_msgs
[5.396s] -- Up-to-date: /micro_ros_ws/firmware/mcu_ws/install/share/ament_index/resource_index/parent_prefix_path/unique_identifier_msgs
[5.397s] -- Up-to-date: /micro_ros_ws/firmware/mcu_ws/install/share/unique_identifier_msgs/environment/ament_prefix_path.sh
[5.399s] -- Installing: /micro_ros_ws/firmware/mcu_ws/install/share/unique_identifier_msgs/environment/ament_prefix_path.dsv
[5.405s] -- Up-to-date: /micro_ros_ws/firmware/mcu_ws/install/share/unique_identifier_msgs/environment/path.sh
[5.406s] -- Installing: /micro_ros_ws/firmware/mcu_ws/install/share/unique_identifier_msgs/environment/path.dsv
[5.411s] -- Up-to-date: /micro_ros_ws/firmware/mcu_ws/install/share/unique_identifier_msgs/local_setup.bash
[5.413s] -- Up-to-date: /micro_ros_ws/firmware/mcu_ws/install/share/unique_identifier_msgs/local_setup.sh
[5.415s] -- Up-to-date: /micro_ros_ws/firmware/mcu_ws/install/share/unique_identifier_msgs/local_setup.zsh
[5.416s] -- Installing: /micro_ros_ws/firmware/mcu_ws/install/share/unique_identifier_msgs/local_setup.dsv
[5.420s] -- Installing: /micro_ros_ws/firmware/mcu_ws/install/share/unique_identifier_msgs/package.dsv
[5.424s] -- Up-to-date: /micro_ros_ws/firmware/mcu_ws/install/share/ament_index/resource_index/packages/unique_identifier_msgs
[5.429s] -- Up-to-date: /micro_ros_ws/firmware/mcu_ws/install/share/unique_identifier_msgs/cmake/export_unique_identifier_msgs__rosidl_generator_cExport.cmake
[5.433s] -- Up-to-date: /micro_ros_ws/firmware/mcu_ws/install/share/unique_identifier_msgs/cmake/export_unique_identifier_msgs__rosidl_generator_cExport-debug.cmake
[5.438s] -- Up-to-date: /micro_ros_ws/firmware/mcu_ws/install/share/unique_identifier_msgs/cmake/unique_identifier_msgs__rosidl_typesupport_introspection_cExport.cmake
[5.441s] -- Up-to-date: /micro_ros_ws/firmware/mcu_ws/install/share/unique_identifier_msgs/cmake/unique_identifier_msgs__rosidl_typesupport_introspection_cExport-debug.cmake
[5.446s] -- Up-to-date: /micro_ros_ws/firmware/mcu_ws/install/share/unique_identifier_msgs/cmake/unique_identifier_msgs__rosidl_typesupport_cExport.cmake
[5.449s] -- Up-to-date: /micro_ros_ws/firmware/mcu_ws/install/share/unique_identifier_msgs/cmake/unique_identifier_msgs__rosidl_typesupport_cExport-debug.cmake
[5.452s] -- Up-to-date: /micro_ros_ws/firmware/mcu_ws/install/share/unique_identifier_msgs/cmake/rosidl_cmake-extras.cmake
[5.455s] -- Up-to-date: /micro_ros_ws/firmware/mcu_ws/install/share/unique_identifier_msgs/cmake/ament_cmake_export_include_directories-extras.cmake
[5.459s] -- Up-to-date: /micro_ros_ws/firmware/mcu_ws/install/share/unique_identifier_msgs/cmake/ament_cmake_export_libraries-extras.cmake
[5.464s] -- Up-to-date: /micro_ros_ws/firmware/mcu_ws/install/share/unique_identifier_msgs/cmake/ament_cmake_export_targets-extras.cmake
[5.465s] -- Up-to-date: /micro_ros_ws/firmware/mcu_ws/install/share/unique_identifier_msgs/cmake/rosidl_cmake_export_typesupport_targets-extras.cmake
[5.468s] -- Up-to-date: /micro_ros_ws/firmware/mcu_ws/install/share/unique_identifier_msgs/cmake/ament_cmake_export_dependencies-extras.cmake
[5.470s] -- Up-to-date: /micro_ros_ws/firmware/mcu_ws/install/share/unique_identifier_msgs/cmake/rosidl_cmake_export_typesupport_libraries-extras.cmake
[5.473s] -- Up-to-date: /micro_ros_ws/firmware/mcu_ws/install/share/unique_identifier_msgs/cmake/rosidl_cmake_aggregate_target-extras.cmake
[5.475s] -- Up-to-date: /micro_ros_ws/firmware/mcu_ws/install/share/unique_identifier_msgs/cmake/unique_identifier_msgsConfig.cmake
[5.477s] -- Up-to-date: /micro_ros_ws/firmware/mcu_ws/install/share/unique_identifier_msgs/cmake/unique_identifier_msgsConfig-version.cmake
[5.479s] -- Up-to-date: /micro_ros_ws/firmware/mcu_ws/install/share/unique_identifier_msgs/package.xml
[5.481s] -- Up-to-date: /micro_ros_ws/firmware/mcu_ws/install/share/unique_identifier_msgs/mapping_rules.yaml
[5.783s] Invoked command in '/micro_ros_ws/firmware/mcu_ws/build/unique_identifier_msgs' returned '0': AMENT_PREFIX_PATH=/micro_ros_ws/firmware/mcu_ws/install:${AMENT_PREFIX_PATH} CMAKE_PREFIX_PATH=/micro_ros_ws/firmware/mcu_ws/install:/micro_ros_ws/firmware/dev_ws/install/ament_lint_common:/micro_ros_ws/firmware/dev_ws/install/ament_cmake_uncrustify:/micro_ros_ws/firmware/dev_ws/install/uncrustify_vendor:/micro_ros_ws/firmware/dev_ws/install/ament_cmake_ros:/micro_ros_ws/firmware/dev_ws/install/ament_cmake_auto:/micro_ros_ws/firmware/dev_ws/install/ament_cmake_gmock:/micro_ros_ws/firmware/dev_ws/install/gmock_vendor:/micro_ros_ws/firmware/dev_ws/install/ament_cmake_gtest:/micro_ros_ws/firmware/dev_ws/install/gtest_vendor:/micro_ros_ws/firmware/dev_ws/install/ament_cmake_xmllint:/micro_ros_ws/firmware/dev_ws/install/ament_cmake_pyflakes:/micro_ros_ws/firmware/dev_ws/install/ament_cmake_pycodestyle:/micro_ros_ws/firmware/dev_ws/install/ament_cmake_pep257:/micro_ros_ws/firmware/dev_ws/install/ament_cmake_pclint:/micro_ros_ws/firmware/dev_ws/install/ament_lint_auto:/micro_ros_ws/firmware/dev_ws/install/ament_cmake:/micro_ros_ws/firmware/dev_ws/install/ament_cmake_version:/micro_ros_ws/firmware/dev_ws/install/ament_cmake_vendor_package:/micro_ros_ws/firmware/dev_ws/install/ament_cmake_pytest:/micro_ros_ws/firmware/dev_ws/install/ament_cmake_nose:/micro_ros_ws/firmware/dev_ws/install/ament_cmake_mypy:/micro_ros_ws/firmware/dev_ws/install/ament_cmake_lint_cmake:/micro_ros_ws/firmware/dev_ws/install/ament_cmake_google_benchmark:/micro_ros_ws/firmware/dev_ws/install/ament_cmake_flake8:/micro_ros_ws/firmware/dev_ws/install/ament_cmake_cpplint:/micro_ros_ws/firmware/dev_ws/install/ament_cmake_cppcheck:/micro_ros_ws/firmware/dev_ws/install/ament_cmake_copyright:/micro_ros_ws/firmware/dev_ws/install/ament_cmake_clang_tidy:/micro_ros_ws/firmware/dev_ws/install/ament_cmake_clang_format:/micro_ros_ws/firmware/dev_ws/install/ament_cmake_test:/micro_ros_ws/firmware/dev_ws/install/ament_cmake_target_dependencies:/micro_ros_ws/firmware/dev_ws/install/ament_cmake_python:/micro_ros_ws/firmware/dev_ws/install/ament_cmake_export_dependencies:/micro_ros_ws/firmware/dev_ws/install/ament_cmake_libraries:/micro_ros_ws/firmware/dev_ws/install/ament_cmake_include_directories:/micro_ros_ws/firmware/dev_ws/install/ament_cmake_gen_version_h:/micro_ros_ws/firmware/dev_ws/install/ament_cmake_export_targets:/micro_ros_ws/firmware/dev_ws/install/ament_cmake_export_link_flags:/micro_ros_ws/firmware/dev_ws/install/ament_cmake_export_interfaces:/micro_ros_ws/firmware/dev_ws/install/ament_cmake_export_libraries:/micro_ros_ws/firmware/dev_ws/install/ament_cmake_export_include_directories:/micro_ros_ws/firmware/dev_ws/install/ament_cmake_export_definitions:/micro_ros_ws/firmware/dev_ws/install/ament_cmake_core:/micro_ros_ws/firmware/dev_ws/install/ament_index_cpp:/micro_ros_ws/firmware/dev_ws/install/ament_uncrustify:/micro_ros_ws/firmware/dev_ws/install/domain_coordinator:/micro_ros_ws/firmware/dev_ws/install/ament_xmllint:/micro_ros_ws/firmware/dev_ws/install/ament_pyflakes:/micro_ros_ws/firmware/dev_ws/install/ament_pycodestyle:/micro_ros_ws/firmware/dev_ws/install/ament_pep257:/micro_ros_ws/firmware/dev_ws/install/ament_pclint:/micro_ros_ws/firmware/dev_ws/install/ament_package:/micro_ros_ws/firmware/dev_ws/install/ament_mypy:/micro_ros_ws/firmware/dev_ws/install/ament_lint_cmake:/micro_ros_ws/firmware/dev_ws/install/ament_flake8:/micro_ros_ws/firmware/dev_ws/install/ament_copyright:/micro_ros_ws/firmware/dev_ws/install/ament_lint:/micro_ros_ws/firmware/dev_ws/install/ament_index_python:/micro_ros_ws/firmware/dev_ws/install/ament_cpplint:/micro_ros_ws/firmware/dev_ws/install/ament_cppcheck:/micro_ros_ws/firmware/dev_ws/install/ament_clang_tidy:/micro_ros_ws/firmware/dev_ws/install/ament_clang_format LD_LIBRARY_PATH=/micro_ros_ws/firmware/mcu_ws/install/lib:${LD_LIBRARY_PATH} PATH=/micro_ros_ws/firmware/mcu_ws/install/bin:${PATH} PYTHONPATH=/micro_ros_ws/firmware/mcu_ws/install/lib/python3.10/site-packages:${PYTHONPATH} /usr/bin/cmake --install /micro_ros_ws/firmware/mcu_ws/build/unique_identifier_msgs
