[0.527s] Invoking command in '/micro_ros_ws/firmware/mcu_ws/build/std_srvs': AMENT_PREFIX_PATH=/micro_ros_ws/firmware/mcu_ws/install:${AMENT_PREFIX_PATH} CMAKE_PREFIX_PATH=/micro_ros_ws/firmware/mcu_ws/install:/micro_ros_ws/firmware/dev_ws/install/ament_lint_common:/micro_ros_ws/firmware/dev_ws/install/ament_cmake_uncrustify:/micro_ros_ws/firmware/dev_ws/install/uncrustify_vendor:/micro_ros_ws/firmware/dev_ws/install/ament_cmake_ros:/micro_ros_ws/firmware/dev_ws/install/ament_cmake_auto:/micro_ros_ws/firmware/dev_ws/install/ament_cmake_gmock:/micro_ros_ws/firmware/dev_ws/install/gmock_vendor:/micro_ros_ws/firmware/dev_ws/install/ament_cmake_gtest:/micro_ros_ws/firmware/dev_ws/install/gtest_vendor:/micro_ros_ws/firmware/dev_ws/install/ament_cmake_xmllint:/micro_ros_ws/firmware/dev_ws/install/ament_cmake_pyflakes:/micro_ros_ws/firmware/dev_ws/install/ament_cmake_pycodestyle:/micro_ros_ws/firmware/dev_ws/install/ament_cmake_pep257:/micro_ros_ws/firmware/dev_ws/install/ament_cmake_pclint:/micro_ros_ws/firmware/dev_ws/install/ament_lint_auto:/micro_ros_ws/firmware/dev_ws/install/ament_cmake:/micro_ros_ws/firmware/dev_ws/install/ament_cmake_version:/micro_ros_ws/firmware/dev_ws/install/ament_cmake_vendor_package:/micro_ros_ws/firmware/dev_ws/install/ament_cmake_pytest:/micro_ros_ws/firmware/dev_ws/install/ament_cmake_nose:/micro_ros_ws/firmware/dev_ws/install/ament_cmake_mypy:/micro_ros_ws/firmware/dev_ws/install/ament_cmake_lint_cmake:/micro_ros_ws/firmware/dev_ws/install/ament_cmake_google_benchmark:/micro_ros_ws/firmware/dev_ws/install/ament_cmake_flake8:/micro_ros_ws/firmware/dev_ws/install/ament_cmake_cpplint:/micro_ros_ws/firmware/dev_ws/install/ament_cmake_cppcheck:/micro_ros_ws/firmware/dev_ws/install/ament_cmake_copyright:/micro_ros_ws/firmware/dev_ws/install/ament_cmake_clang_tidy:/micro_ros_ws/firmware/dev_ws/install/ament_cmake_clang_format:/micro_ros_ws/firmware/dev_ws/install/ament_cmake_test:/micro_ros_ws/firmware/dev_ws/install/ament_cmake_target_dependencies:/micro_ros_ws/firmware/dev_ws/install/ament_cmake_python:/micro_ros_ws/firmware/dev_ws/install/ament_cmake_export_dependencies:/micro_ros_ws/firmware/dev_ws/install/ament_cmake_libraries:/micro_ros_ws/firmware/dev_ws/install/ament_cmake_include_directories:/micro_ros_ws/firmware/dev_ws/install/ament_cmake_gen_version_h:/micro_ros_ws/firmware/dev_ws/install/ament_cmake_export_targets:/micro_ros_ws/firmware/dev_ws/install/ament_cmake_export_link_flags:/micro_ros_ws/firmware/dev_ws/install/ament_cmake_export_interfaces:/micro_ros_ws/firmware/dev_ws/install/ament_cmake_export_libraries:/micro_ros_ws/firmware/dev_ws/install/ament_cmake_export_include_directories:/micro_ros_ws/firmware/dev_ws/install/ament_cmake_export_definitions:/micro_ros_ws/firmware/dev_ws/install/ament_cmake_core:/micro_ros_ws/firmware/dev_ws/install/ament_index_cpp:/micro_ros_ws/firmware/dev_ws/install/ament_uncrustify:/micro_ros_ws/firmware/dev_ws/install/domain_coordinator:/micro_ros_ws/firmware/dev_ws/install/ament_xmllint:/micro_ros_ws/firmware/dev_ws/install/ament_pyflakes:/micro_ros_ws/firmware/dev_ws/install/ament_pycodestyle:/micro_ros_ws/firmware/dev_ws/install/ament_pep257:/micro_ros_ws/firmware/dev_ws/install/ament_pclint:/micro_ros_ws/firmware/dev_ws/install/ament_package:/micro_ros_ws/firmware/dev_ws/install/ament_mypy:/micro_ros_ws/firmware/dev_ws/install/ament_lint_cmake:/micro_ros_ws/firmware/dev_ws/install/ament_flake8:/micro_ros_ws/firmware/dev_ws/install/ament_copyright:/micro_ros_ws/firmware/dev_ws/install/ament_lint:/micro_ros_ws/firmware/dev_ws/install/ament_index_python:/micro_ros_ws/firmware/dev_ws/install/ament_cpplint:/micro_ros_ws/firmware/dev_ws/install/ament_cppcheck:/micro_ros_ws/firmware/dev_ws/install/ament_clang_tidy:/micro_ros_ws/firmware/dev_ws/install/ament_clang_format LD_LIBRARY_PATH=/micro_ros_ws/firmware/mcu_ws/install/lib:${LD_LIBRARY_PATH} PATH=/micro_ros_ws/firmware/mcu_ws/install/bin:${PATH} PYTHONPATH=/micro_ros_ws/firmware/mcu_ws/install/lib/python3.10/site-packages:${PYTHONPATH} /usr/bin/cmake --build /micro_ros_ws/firmware/mcu_ws/build/std_srvs -- -j12 -l12
[0.583s] gmake[4]: Entering directory '/micro_ros_ws/firmware/mcu_ws/build/std_srvs'
[0.583s] /usr/bin/cmake -S/micro_ros_ws/firmware/mcu_ws/ros2/common_interfaces/std_srvs -B/micro_ros_ws/firmware/mcu_ws/build/std_srvs --check-build-system CMakeFiles/Makefile.cmake 0
[0.639s] Re-run cmake file: Makefile older than: /micro_ros_ws/firmware/freertos_apps/microros_esp32_extensions/esp32_toolchain.cmake
[0.651s] -- Found ament_cmake: 1.3.14 (/micro_ros_ws/firmware/dev_ws/install/ament_cmake/share/ament_cmake/cmake)
[1.420s] -- Found rosidl_default_generators: 1.2.1 (/micro_ros_ws/firmware/mcu_ws/install/share/rosidl_default_generators/cmake)
[1.476s] -- Using all available rosidl_typesupport_c: rosidl_typesupport_introspection_c;rosidl_typesupport_microxrcedds_c
[1.496s] -- Found rosidl_adapter: 3.1.8 (/micro_ros_ws/firmware/mcu_ws/install/share/rosidl_adapter/cmake)
[3.673s] -- Found ament_cmake_ros: 0.10.0 (/micro_ros_ws/firmware/dev_ws/install/ament_cmake_ros/share/ament_cmake_ros/cmake)
[4.427s] -- Using all available rosidl_typesupport_c: rosidl_typesupport_introspection_c;rosidl_typesupport_microxrcedds_c
[4.539s] -- Configuring done
[4.933s] -- Generating done
[4.982s] -- Build files have been written to: /micro_ros_ws/firmware/mcu_ws/build/std_srvs
[4.985s] /usr/bin/cmake -E cmake_progress_start /micro_ros_ws/firmware/mcu_ws/build/std_srvs/CMakeFiles /micro_ros_ws/firmware/mcu_ws/build/std_srvs//CMakeFiles/progress.marks
[5.016s] /usr/bin/gmake  -f CMakeFiles/Makefile2 all
[5.022s] gmake[5]: Entering directory '/micro_ros_ws/firmware/mcu_ws/build/std_srvs'
[5.022s] /usr/bin/gmake  -f CMakeFiles/std_srvs__rosidl_generator_c.dir/build.make CMakeFiles/std_srvs__rosidl_generator_c.dir/depend
[5.035s] gmake[6]: Entering directory '/micro_ros_ws/firmware/mcu_ws/build/std_srvs'
[5.036s] cd /micro_ros_ws/firmware/mcu_ws/build/std_srvs && /usr/bin/cmake -E cmake_depends "Unix Makefiles" /micro_ros_ws/firmware/mcu_ws/ros2/common_interfaces/std_srvs /micro_ros_ws/firmware/mcu_ws/ros2/common_interfaces/std_srvs /micro_ros_ws/firmware/mcu_ws/build/std_srvs /micro_ros_ws/firmware/mcu_ws/build/std_srvs /micro_ros_ws/firmware/mcu_ws/build/std_srvs/CMakeFiles/std_srvs__rosidl_generator_c.dir/DependInfo.cmake --color=
[5.085s] Dependencies file "CMakeFiles/std_srvs__rosidl_generator_c.dir/rosidl_generator_c/std_srvs/srv/detail/empty__functions.c.obj.d" is newer than depends file "/micro_ros_ws/firmware/mcu_ws/build/std_srvs/CMakeFiles/std_srvs__rosidl_generator_c.dir/compiler_depend.internal".
[5.089s] Dependencies file "CMakeFiles/std_srvs__rosidl_generator_c.dir/rosidl_generator_c/std_srvs/srv/detail/set_bool__functions.c.obj.d" is newer than depends file "/micro_ros_ws/firmware/mcu_ws/build/std_srvs/CMakeFiles/std_srvs__rosidl_generator_c.dir/compiler_depend.internal".
[5.090s] Dependencies file "CMakeFiles/std_srvs__rosidl_generator_c.dir/rosidl_generator_c/std_srvs/srv/detail/trigger__functions.c.obj.d" is newer than depends file "/micro_ros_ws/firmware/mcu_ws/build/std_srvs/CMakeFiles/std_srvs__rosidl_generator_c.dir/compiler_depend.internal".
[5.091s] [35m[1mConsolidate compiler generated dependencies of target std_srvs__rosidl_generator_c[0m
[5.109s] gmake[6]: Leaving directory '/micro_ros_ws/firmware/mcu_ws/build/std_srvs'
[5.110s] /usr/bin/gmake  -f CMakeFiles/std_srvs__rosidl_generator_c.dir/build.make CMakeFiles/std_srvs__rosidl_generator_c.dir/build
[5.134s] gmake[6]: Entering directory '/micro_ros_ws/firmware/mcu_ws/build/std_srvs'
[5.135s] gmake[6]: Nothing to be done for 'CMakeFiles/std_srvs__rosidl_generator_c.dir/build'.
[5.135s] gmake[6]: Leaving directory '/micro_ros_ws/firmware/mcu_ws/build/std_srvs'
[5.169s] [ 25%] Built target std_srvs__rosidl_generator_c
[5.170s] /usr/bin/gmake  -f CMakeFiles/std_srvs__rosidl_typesupport_c.dir/build.make CMakeFiles/std_srvs__rosidl_typesupport_c.dir/depend
[5.170s] /usr/bin/gmake  -f CMakeFiles/std_srvs__rosidl_typesupport_microxrcedds_c.dir/build.make CMakeFiles/std_srvs__rosidl_typesupport_microxrcedds_c.dir/depend
[5.171s] /usr/bin/gmake  -f CMakeFiles/std_srvs__rosidl_typesupport_introspection_c.dir/build.make CMakeFiles/std_srvs__rosidl_typesupport_introspection_c.dir/depend
[5.191s] gmake[6]: Entering directory '/micro_ros_ws/firmware/mcu_ws/build/std_srvs'
[5.192s] cd /micro_ros_ws/firmware/mcu_ws/build/std_srvs && /usr/bin/cmake -E cmake_depends "Unix Makefiles" /micro_ros_ws/firmware/mcu_ws/ros2/common_interfaces/std_srvs /micro_ros_ws/firmware/mcu_ws/ros2/common_interfaces/std_srvs /micro_ros_ws/firmware/mcu_ws/build/std_srvs /micro_ros_ws/firmware/mcu_ws/build/std_srvs /micro_ros_ws/firmware/mcu_ws/build/std_srvs/CMakeFiles/std_srvs__rosidl_typesupport_c.dir/DependInfo.cmake --color=
[5.194s] gmake[6]: Entering directory '/micro_ros_ws/firmware/mcu_ws/build/std_srvs'
[5.194s] cd /micro_ros_ws/firmware/mcu_ws/build/std_srvs && /usr/bin/cmake -E cmake_depends "Unix Makefiles" /micro_ros_ws/firmware/mcu_ws/ros2/common_interfaces/std_srvs /micro_ros_ws/firmware/mcu_ws/ros2/common_interfaces/std_srvs /micro_ros_ws/firmware/mcu_ws/build/std_srvs /micro_ros_ws/firmware/mcu_ws/build/std_srvs /micro_ros_ws/firmware/mcu_ws/build/std_srvs/CMakeFiles/std_srvs__rosidl_typesupport_microxrcedds_c.dir/DependInfo.cmake --color=
[5.195s] gmake[6]: Entering directory '/micro_ros_ws/firmware/mcu_ws/build/std_srvs'
[5.196s] cd /micro_ros_ws/firmware/mcu_ws/build/std_srvs && /usr/bin/cmake -E cmake_depends "Unix Makefiles" /micro_ros_ws/firmware/mcu_ws/ros2/common_interfaces/std_srvs /micro_ros_ws/firmware/mcu_ws/ros2/common_interfaces/std_srvs /micro_ros_ws/firmware/mcu_ws/build/std_srvs /micro_ros_ws/firmware/mcu_ws/build/std_srvs /micro_ros_ws/firmware/mcu_ws/build/std_srvs/CMakeFiles/std_srvs__rosidl_typesupport_introspection_c.dir/DependInfo.cmake --color=
[5.246s] Dependencies file "CMakeFiles/std_srvs__rosidl_typesupport_c.dir/rosidl_typesupport_c/std_srvs/srv/empty__type_support.cpp.obj.d" is newer than depends file "/micro_ros_ws/firmware/mcu_ws/build/std_srvs/CMakeFiles/std_srvs__rosidl_typesupport_c.dir/compiler_depend.internal".
[5.247s] Dependencies file "CMakeFiles/std_srvs__rosidl_typesupport_c.dir/rosidl_typesupport_c/std_srvs/srv/set_bool__type_support.cpp.obj.d" is newer than depends file "/micro_ros_ws/firmware/mcu_ws/build/std_srvs/CMakeFiles/std_srvs__rosidl_typesupport_c.dir/compiler_depend.internal".
[5.248s] Dependencies file "CMakeFiles/std_srvs__rosidl_typesupport_c.dir/rosidl_typesupport_c/std_srvs/srv/trigger__type_support.cpp.obj.d" is newer than depends file "/micro_ros_ws/firmware/mcu_ws/build/std_srvs/CMakeFiles/std_srvs__rosidl_typesupport_c.dir/compiler_depend.internal".
[5.249s] [35m[1mConsolidate compiler generated dependencies of target std_srvs__rosidl_typesupport_c[0m
[5.250s] Dependencies file "CMakeFiles/std_srvs__rosidl_typesupport_microxrcedds_c.dir/rosidl_typesupport_microxrcedds_c/std_srvs/srv/detail/microxrcedds/empty__type_support_c.c.obj.d" is newer than depends file "/micro_ros_ws/firmware/mcu_ws/build/std_srvs/CMakeFiles/std_srvs__rosidl_typesupport_microxrcedds_c.dir/compiler_depend.internal".
[5.250s] Dependencies file "CMakeFiles/std_srvs__rosidl_typesupport_microxrcedds_c.dir/rosidl_typesupport_microxrcedds_c/std_srvs/srv/detail/microxrcedds/set_bool__type_support_c.c.obj.d" is newer than depends file "/micro_ros_ws/firmware/mcu_ws/build/std_srvs/CMakeFiles/std_srvs__rosidl_typesupport_microxrcedds_c.dir/compiler_depend.internal".
[5.252s] Dependencies file "CMakeFiles/std_srvs__rosidl_typesupport_microxrcedds_c.dir/rosidl_typesupport_microxrcedds_c/std_srvs/srv/detail/microxrcedds/trigger__type_support_c.c.obj.d" is newer than depends file "/micro_ros_ws/firmware/mcu_ws/build/std_srvs/CMakeFiles/std_srvs__rosidl_typesupport_microxrcedds_c.dir/compiler_depend.internal".
[5.253s] [35m[1mConsolidate compiler generated dependencies of target std_srvs__rosidl_typesupport_microxrcedds_c[0m
[5.253s] Dependencies file "CMakeFiles/std_srvs__rosidl_typesupport_introspection_c.dir/rosidl_typesupport_introspection_c/std_srvs/srv/detail/empty__type_support.c.obj.d" is newer than depends file "/micro_ros_ws/firmware/mcu_ws/build/std_srvs/CMakeFiles/std_srvs__rosidl_typesupport_introspection_c.dir/compiler_depend.internal".
[5.255s] Dependencies file "CMakeFiles/std_srvs__rosidl_typesupport_introspection_c.dir/rosidl_typesupport_introspection_c/std_srvs/srv/detail/set_bool__type_support.c.obj.d" is newer than depends file "/micro_ros_ws/firmware/mcu_ws/build/std_srvs/CMakeFiles/std_srvs__rosidl_typesupport_introspection_c.dir/compiler_depend.internal".
[5.256s] Dependencies file "CMakeFiles/std_srvs__rosidl_typesupport_introspection_c.dir/rosidl_typesupport_introspection_c/std_srvs/srv/detail/trigger__type_support.c.obj.d" is newer than depends file "/micro_ros_ws/firmware/mcu_ws/build/std_srvs/CMakeFiles/std_srvs__rosidl_typesupport_introspection_c.dir/compiler_depend.internal".
[5.258s] [35m[1mConsolidate compiler generated dependencies of target std_srvs__rosidl_typesupport_introspection_c[0m
[5.272s] gmake[6]: Leaving directory '/micro_ros_ws/firmware/mcu_ws/build/std_srvs'
[5.273s] /usr/bin/gmake  -f CMakeFiles/std_srvs__rosidl_typesupport_c.dir/build.make CMakeFiles/std_srvs__rosidl_typesupport_c.dir/build
[5.289s] gmake[6]: Leaving directory '/micro_ros_ws/firmware/mcu_ws/build/std_srvs'
[5.290s] /usr/bin/gmake  -f CMakeFiles/std_srvs__rosidl_typesupport_introspection_c.dir/build.make CMakeFiles/std_srvs__rosidl_typesupport_introspection_c.dir/build
[5.299s] gmake[6]: Leaving directory '/micro_ros_ws/firmware/mcu_ws/build/std_srvs'
[5.299s] /usr/bin/gmake  -f CMakeFiles/std_srvs__rosidl_typesupport_microxrcedds_c.dir/build.make CMakeFiles/std_srvs__rosidl_typesupport_microxrcedds_c.dir/build
[5.310s] gmake[6]: Entering directory '/micro_ros_ws/firmware/mcu_ws/build/std_srvs'
[5.310s] gmake[6]: Nothing to be done for 'CMakeFiles/std_srvs__rosidl_typesupport_c.dir/build'.
[5.310s] gmake[6]: Leaving directory '/micro_ros_ws/firmware/mcu_ws/build/std_srvs'
[5.327s] gmake[6]: Entering directory '/micro_ros_ws/firmware/mcu_ws/build/std_srvs'
[5.327s] gmake[6]: Nothing to be done for 'CMakeFiles/std_srvs__rosidl_typesupport_introspection_c.dir/build'.
[5.328s] gmake[6]: Leaving directory '/micro_ros_ws/firmware/mcu_ws/build/std_srvs'
[5.343s] gmake[6]: Entering directory '/micro_ros_ws/firmware/mcu_ws/build/std_srvs'
[5.344s] gmake[6]: Nothing to be done for 'CMakeFiles/std_srvs__rosidl_typesupport_microxrcedds_c.dir/build'.
[5.344s] gmake[6]: Leaving directory '/micro_ros_ws/firmware/mcu_ws/build/std_srvs'
[5.356s] [ 50%] Built target std_srvs__rosidl_typesupport_c
[5.369s] [ 75%] Built target std_srvs__rosidl_typesupport_introspection_c
[5.381s] [100%] Built target std_srvs__rosidl_typesupport_microxrcedds_c
[5.383s] /usr/bin/gmake  -f CMakeFiles/std_srvs.dir/build.make CMakeFiles/std_srvs.dir/depend
[5.395s] gmake[6]: Entering directory '/micro_ros_ws/firmware/mcu_ws/build/std_srvs'
[5.395s] cd /micro_ros_ws/firmware/mcu_ws/build/std_srvs && /usr/bin/cmake -E cmake_depends "Unix Makefiles" /micro_ros_ws/firmware/mcu_ws/ros2/common_interfaces/std_srvs /micro_ros_ws/firmware/mcu_ws/ros2/common_interfaces/std_srvs /micro_ros_ws/firmware/mcu_ws/build/std_srvs /micro_ros_ws/firmware/mcu_ws/build/std_srvs /micro_ros_ws/firmware/mcu_ws/build/std_srvs/CMakeFiles/std_srvs.dir/DependInfo.cmake --color=
[5.419s] gmake[6]: Leaving directory '/micro_ros_ws/firmware/mcu_ws/build/std_srvs'
[5.420s] /usr/bin/gmake  -f CMakeFiles/std_srvs.dir/build.make CMakeFiles/std_srvs.dir/build
[5.428s] gmake[6]: Entering directory '/micro_ros_ws/firmware/mcu_ws/build/std_srvs'
[5.428s] gmake[6]: Nothing to be done for 'CMakeFiles/std_srvs.dir/build'.
[5.428s] gmake[6]: Leaving directory '/micro_ros_ws/firmware/mcu_ws/build/std_srvs'
[5.465s] [100%] Built target std_srvs
[5.466s] gmake[5]: Leaving directory '/micro_ros_ws/firmware/mcu_ws/build/std_srvs'
[5.467s] /usr/bin/cmake -E cmake_progress_start /micro_ros_ws/firmware/mcu_ws/build/std_srvs/CMakeFiles 0
[5.514s] gmake[4]: Leaving directory '/micro_ros_ws/firmware/mcu_ws/build/std_srvs'
[6.325s] Invoked command in '/micro_ros_ws/firmware/mcu_ws/build/std_srvs' returned '0': AMENT_PREFIX_PATH=/micro_ros_ws/firmware/mcu_ws/install:${AMENT_PREFIX_PATH} CMAKE_PREFIX_PATH=/micro_ros_ws/firmware/mcu_ws/install:/micro_ros_ws/firmware/dev_ws/install/ament_lint_common:/micro_ros_ws/firmware/dev_ws/install/ament_cmake_uncrustify:/micro_ros_ws/firmware/dev_ws/install/uncrustify_vendor:/micro_ros_ws/firmware/dev_ws/install/ament_cmake_ros:/micro_ros_ws/firmware/dev_ws/install/ament_cmake_auto:/micro_ros_ws/firmware/dev_ws/install/ament_cmake_gmock:/micro_ros_ws/firmware/dev_ws/install/gmock_vendor:/micro_ros_ws/firmware/dev_ws/install/ament_cmake_gtest:/micro_ros_ws/firmware/dev_ws/install/gtest_vendor:/micro_ros_ws/firmware/dev_ws/install/ament_cmake_xmllint:/micro_ros_ws/firmware/dev_ws/install/ament_cmake_pyflakes:/micro_ros_ws/firmware/dev_ws/install/ament_cmake_pycodestyle:/micro_ros_ws/firmware/dev_ws/install/ament_cmake_pep257:/micro_ros_ws/firmware/dev_ws/install/ament_cmake_pclint:/micro_ros_ws/firmware/dev_ws/install/ament_lint_auto:/micro_ros_ws/firmware/dev_ws/install/ament_cmake:/micro_ros_ws/firmware/dev_ws/install/ament_cmake_version:/micro_ros_ws/firmware/dev_ws/install/ament_cmake_vendor_package:/micro_ros_ws/firmware/dev_ws/install/ament_cmake_pytest:/micro_ros_ws/firmware/dev_ws/install/ament_cmake_nose:/micro_ros_ws/firmware/dev_ws/install/ament_cmake_mypy:/micro_ros_ws/firmware/dev_ws/install/ament_cmake_lint_cmake:/micro_ros_ws/firmware/dev_ws/install/ament_cmake_google_benchmark:/micro_ros_ws/firmware/dev_ws/install/ament_cmake_flake8:/micro_ros_ws/firmware/dev_ws/install/ament_cmake_cpplint:/micro_ros_ws/firmware/dev_ws/install/ament_cmake_cppcheck:/micro_ros_ws/firmware/dev_ws/install/ament_cmake_copyright:/micro_ros_ws/firmware/dev_ws/install/ament_cmake_clang_tidy:/micro_ros_ws/firmware/dev_ws/install/ament_cmake_clang_format:/micro_ros_ws/firmware/dev_ws/install/ament_cmake_test:/micro_ros_ws/firmware/dev_ws/install/ament_cmake_target_dependencies:/micro_ros_ws/firmware/dev_ws/install/ament_cmake_python:/micro_ros_ws/firmware/dev_ws/install/ament_cmake_export_dependencies:/micro_ros_ws/firmware/dev_ws/install/ament_cmake_libraries:/micro_ros_ws/firmware/dev_ws/install/ament_cmake_include_directories:/micro_ros_ws/firmware/dev_ws/install/ament_cmake_gen_version_h:/micro_ros_ws/firmware/dev_ws/install/ament_cmake_export_targets:/micro_ros_ws/firmware/dev_ws/install/ament_cmake_export_link_flags:/micro_ros_ws/firmware/dev_ws/install/ament_cmake_export_interfaces:/micro_ros_ws/firmware/dev_ws/install/ament_cmake_export_libraries:/micro_ros_ws/firmware/dev_ws/install/ament_cmake_export_include_directories:/micro_ros_ws/firmware/dev_ws/install/ament_cmake_export_definitions:/micro_ros_ws/firmware/dev_ws/install/ament_cmake_core:/micro_ros_ws/firmware/dev_ws/install/ament_index_cpp:/micro_ros_ws/firmware/dev_ws/install/ament_uncrustify:/micro_ros_ws/firmware/dev_ws/install/domain_coordinator:/micro_ros_ws/firmware/dev_ws/install/ament_xmllint:/micro_ros_ws/firmware/dev_ws/install/ament_pyflakes:/micro_ros_ws/firmware/dev_ws/install/ament_pycodestyle:/micro_ros_ws/firmware/dev_ws/install/ament_pep257:/micro_ros_ws/firmware/dev_ws/install/ament_pclint:/micro_ros_ws/firmware/dev_ws/install/ament_package:/micro_ros_ws/firmware/dev_ws/install/ament_mypy:/micro_ros_ws/firmware/dev_ws/install/ament_lint_cmake:/micro_ros_ws/firmware/dev_ws/install/ament_flake8:/micro_ros_ws/firmware/dev_ws/install/ament_copyright:/micro_ros_ws/firmware/dev_ws/install/ament_lint:/micro_ros_ws/firmware/dev_ws/install/ament_index_python:/micro_ros_ws/firmware/dev_ws/install/ament_cpplint:/micro_ros_ws/firmware/dev_ws/install/ament_cppcheck:/micro_ros_ws/firmware/dev_ws/install/ament_clang_tidy:/micro_ros_ws/firmware/dev_ws/install/ament_clang_format LD_LIBRARY_PATH=/micro_ros_ws/firmware/mcu_ws/install/lib:${LD_LIBRARY_PATH} PATH=/micro_ros_ws/firmware/mcu_ws/install/bin:${PATH} PYTHONPATH=/micro_ros_ws/firmware/mcu_ws/install/lib/python3.10/site-packages:${PYTHONPATH} /usr/bin/cmake --build /micro_ros_ws/firmware/mcu_ws/build/std_srvs -- -j12 -l12
[6.328s] Invoking command in '/micro_ros_ws/firmware/mcu_ws/build/std_srvs': AMENT_PREFIX_PATH=/micro_ros_ws/firmware/mcu_ws/install:${AMENT_PREFIX_PATH} CMAKE_PREFIX_PATH=/micro_ros_ws/firmware/mcu_ws/install:/micro_ros_ws/firmware/dev_ws/install/ament_lint_common:/micro_ros_ws/firmware/dev_ws/install/ament_cmake_uncrustify:/micro_ros_ws/firmware/dev_ws/install/uncrustify_vendor:/micro_ros_ws/firmware/dev_ws/install/ament_cmake_ros:/micro_ros_ws/firmware/dev_ws/install/ament_cmake_auto:/micro_ros_ws/firmware/dev_ws/install/ament_cmake_gmock:/micro_ros_ws/firmware/dev_ws/install/gmock_vendor:/micro_ros_ws/firmware/dev_ws/install/ament_cmake_gtest:/micro_ros_ws/firmware/dev_ws/install/gtest_vendor:/micro_ros_ws/firmware/dev_ws/install/ament_cmake_xmllint:/micro_ros_ws/firmware/dev_ws/install/ament_cmake_pyflakes:/micro_ros_ws/firmware/dev_ws/install/ament_cmake_pycodestyle:/micro_ros_ws/firmware/dev_ws/install/ament_cmake_pep257:/micro_ros_ws/firmware/dev_ws/install/ament_cmake_pclint:/micro_ros_ws/firmware/dev_ws/install/ament_lint_auto:/micro_ros_ws/firmware/dev_ws/install/ament_cmake:/micro_ros_ws/firmware/dev_ws/install/ament_cmake_version:/micro_ros_ws/firmware/dev_ws/install/ament_cmake_vendor_package:/micro_ros_ws/firmware/dev_ws/install/ament_cmake_pytest:/micro_ros_ws/firmware/dev_ws/install/ament_cmake_nose:/micro_ros_ws/firmware/dev_ws/install/ament_cmake_mypy:/micro_ros_ws/firmware/dev_ws/install/ament_cmake_lint_cmake:/micro_ros_ws/firmware/dev_ws/install/ament_cmake_google_benchmark:/micro_ros_ws/firmware/dev_ws/install/ament_cmake_flake8:/micro_ros_ws/firmware/dev_ws/install/ament_cmake_cpplint:/micro_ros_ws/firmware/dev_ws/install/ament_cmake_cppcheck:/micro_ros_ws/firmware/dev_ws/install/ament_cmake_copyright:/micro_ros_ws/firmware/dev_ws/install/ament_cmake_clang_tidy:/micro_ros_ws/firmware/dev_ws/install/ament_cmake_clang_format:/micro_ros_ws/firmware/dev_ws/install/ament_cmake_test:/micro_ros_ws/firmware/dev_ws/install/ament_cmake_target_dependencies:/micro_ros_ws/firmware/dev_ws/install/ament_cmake_python:/micro_ros_ws/firmware/dev_ws/install/ament_cmake_export_dependencies:/micro_ros_ws/firmware/dev_ws/install/ament_cmake_libraries:/micro_ros_ws/firmware/dev_ws/install/ament_cmake_include_directories:/micro_ros_ws/firmware/dev_ws/install/ament_cmake_gen_version_h:/micro_ros_ws/firmware/dev_ws/install/ament_cmake_export_targets:/micro_ros_ws/firmware/dev_ws/install/ament_cmake_export_link_flags:/micro_ros_ws/firmware/dev_ws/install/ament_cmake_export_interfaces:/micro_ros_ws/firmware/dev_ws/install/ament_cmake_export_libraries:/micro_ros_ws/firmware/dev_ws/install/ament_cmake_export_include_directories:/micro_ros_ws/firmware/dev_ws/install/ament_cmake_export_definitions:/micro_ros_ws/firmware/dev_ws/install/ament_cmake_core:/micro_ros_ws/firmware/dev_ws/install/ament_index_cpp:/micro_ros_ws/firmware/dev_ws/install/ament_uncrustify:/micro_ros_ws/firmware/dev_ws/install/domain_coordinator:/micro_ros_ws/firmware/dev_ws/install/ament_xmllint:/micro_ros_ws/firmware/dev_ws/install/ament_pyflakes:/micro_ros_ws/firmware/dev_ws/install/ament_pycodestyle:/micro_ros_ws/firmware/dev_ws/install/ament_pep257:/micro_ros_ws/firmware/dev_ws/install/ament_pclint:/micro_ros_ws/firmware/dev_ws/install/ament_package:/micro_ros_ws/firmware/dev_ws/install/ament_mypy:/micro_ros_ws/firmware/dev_ws/install/ament_lint_cmake:/micro_ros_ws/firmware/dev_ws/install/ament_flake8:/micro_ros_ws/firmware/dev_ws/install/ament_copyright:/micro_ros_ws/firmware/dev_ws/install/ament_lint:/micro_ros_ws/firmware/dev_ws/install/ament_index_python:/micro_ros_ws/firmware/dev_ws/install/ament_cpplint:/micro_ros_ws/firmware/dev_ws/install/ament_cppcheck:/micro_ros_ws/firmware/dev_ws/install/ament_clang_tidy:/micro_ros_ws/firmware/dev_ws/install/ament_clang_format LD_LIBRARY_PATH=/micro_ros_ws/firmware/mcu_ws/install/lib:${LD_LIBRARY_PATH} PATH=/micro_ros_ws/firmware/mcu_ws/install/bin:${PATH} PYTHONPATH=/micro_ros_ws/firmware/mcu_ws/install/lib/python3.10/site-packages:${PYTHONPATH} /usr/bin/cmake --install /micro_ros_ws/firmware/mcu_ws/build/std_srvs
[6.357s] -- Install configuration: "Debug"
[6.359s] -- Up-to-date: /micro_ros_ws/firmware/mcu_ws/install/share/ament_index/resource_index/rosidl_interfaces/std_srvs
[6.361s] -- Up-to-date: /micro_ros_ws/firmware/mcu_ws/install/include/std_srvs/std_srvs
[6.363s] -- Up-to-date: /micro_ros_ws/firmware/mcu_ws/install/include/std_srvs/std_srvs/msg
[6.368s] -- Up-to-date: /micro_ros_ws/firmware/mcu_ws/install/include/std_srvs/std_srvs/msg/rosidl_generator_c__visibility_control.h
[6.373s] -- Up-to-date: /micro_ros_ws/firmware/mcu_ws/install/include/std_srvs/std_srvs/srv
[6.374s] -- Up-to-date: /micro_ros_ws/firmware/mcu_ws/install/include/std_srvs/std_srvs/srv/detail
[6.377s] -- Up-to-date: /micro_ros_ws/firmware/mcu_ws/install/include/std_srvs/std_srvs/srv/detail/empty__functions.c
[6.380s] -- Up-to-date: /micro_ros_ws/firmware/mcu_ws/install/include/std_srvs/std_srvs/srv/detail/empty__functions.h
[6.384s] -- Up-to-date: /micro_ros_ws/firmware/mcu_ws/install/include/std_srvs/std_srvs/srv/detail/empty__struct.h
[6.393s] -- Up-to-date: /micro_ros_ws/firmware/mcu_ws/install/include/std_srvs/std_srvs/srv/detail/empty__type_support.h
[6.397s] -- Up-to-date: /micro_ros_ws/firmware/mcu_ws/install/include/std_srvs/std_srvs/srv/detail/set_bool__functions.c
[6.407s] -- Up-to-date: /micro_ros_ws/firmware/mcu_ws/install/include/std_srvs/std_srvs/srv/detail/set_bool__functions.h
[6.409s] -- Up-to-date: /micro_ros_ws/firmware/mcu_ws/install/include/std_srvs/std_srvs/srv/detail/set_bool__struct.h
[6.414s] -- Up-to-date: /micro_ros_ws/firmware/mcu_ws/install/include/std_srvs/std_srvs/srv/detail/set_bool__type_support.h
[6.418s] -- Up-to-date: /micro_ros_ws/firmware/mcu_ws/install/include/std_srvs/std_srvs/srv/detail/trigger__functions.c
[6.422s] -- Up-to-date: /micro_ros_ws/firmware/mcu_ws/install/include/std_srvs/std_srvs/srv/detail/trigger__functions.h
[6.425s] -- Up-to-date: /micro_ros_ws/firmware/mcu_ws/install/include/std_srvs/std_srvs/srv/detail/trigger__struct.h
[6.427s] -- Up-to-date: /micro_ros_ws/firmware/mcu_ws/install/include/std_srvs/std_srvs/srv/detail/trigger__type_support.h
[6.430s] -- Up-to-date: /micro_ros_ws/firmware/mcu_ws/install/include/std_srvs/std_srvs/srv/empty.h
[6.432s] -- Up-to-date: /micro_ros_ws/firmware/mcu_ws/install/include/std_srvs/std_srvs/srv/set_bool.h
[6.434s] -- Up-to-date: /micro_ros_ws/firmware/mcu_ws/install/include/std_srvs/std_srvs/srv/trigger.h
[6.438s] -- Up-to-date: /micro_ros_ws/firmware/mcu_ws/install/share/std_srvs/environment/library_path.sh
[6.440s] -- Installing: /micro_ros_ws/firmware/mcu_ws/install/share/std_srvs/environment/library_path.dsv
[6.451s] -- Up-to-date: /micro_ros_ws/firmware/mcu_ws/install/lib/libstd_srvs__rosidl_generator_c.a
[6.452s] -- Up-to-date: /micro_ros_ws/firmware/mcu_ws/install/include/std_srvs/std_srvs
[6.453s] -- Up-to-date: /micro_ros_ws/firmware/mcu_ws/install/include/std_srvs/std_srvs/msg
[6.454s] -- Up-to-date: /micro_ros_ws/firmware/mcu_ws/install/include/std_srvs/std_srvs/msg/rosidl_typesupport_introspection_c__visibility_control.h
[6.455s] -- Up-to-date: /micro_ros_ws/firmware/mcu_ws/install/include/std_srvs/std_srvs/srv
[6.458s] -- Up-to-date: /micro_ros_ws/firmware/mcu_ws/install/include/std_srvs/std_srvs/srv/detail
[6.462s] -- Up-to-date: /micro_ros_ws/firmware/mcu_ws/install/include/std_srvs/std_srvs/srv/detail/empty__rosidl_typesupport_introspection_c.h
[6.464s] -- Up-to-date: /micro_ros_ws/firmware/mcu_ws/install/include/std_srvs/std_srvs/srv/detail/empty__type_support.c
[6.467s] -- Up-to-date: /micro_ros_ws/firmware/mcu_ws/install/include/std_srvs/std_srvs/srv/detail/set_bool__rosidl_typesupport_introspection_c.h
[6.470s] -- Up-to-date: /micro_ros_ws/firmware/mcu_ws/install/include/std_srvs/std_srvs/srv/detail/set_bool__type_support.c
[6.473s] -- Up-to-date: /micro_ros_ws/firmware/mcu_ws/install/include/std_srvs/std_srvs/srv/detail/trigger__rosidl_typesupport_introspection_c.h
[6.477s] -- Up-to-date: /micro_ros_ws/firmware/mcu_ws/install/include/std_srvs/std_srvs/srv/detail/trigger__type_support.c
[6.480s] -- Up-to-date: /micro_ros_ws/firmware/mcu_ws/install/lib/libstd_srvs__rosidl_typesupport_introspection_c.a
[6.482s] -- Up-to-date: /micro_ros_ws/firmware/mcu_ws/install/include/std_srvs/std_srvs
[6.489s] -- Up-to-date: /micro_ros_ws/firmware/mcu_ws/install/include/std_srvs/std_srvs/msg
[6.498s] -- Up-to-date: /micro_ros_ws/firmware/mcu_ws/install/include/std_srvs/std_srvs/msg/rosidl_typesupport_microxrcedds_c__visibility_control.h
[6.502s] -- Up-to-date: /micro_ros_ws/firmware/mcu_ws/install/include/std_srvs/std_srvs/srv
[6.504s] -- Up-to-date: /micro_ros_ws/firmware/mcu_ws/install/include/std_srvs/std_srvs/srv/detail
[6.509s] -- Up-to-date: /micro_ros_ws/firmware/mcu_ws/install/include/std_srvs/std_srvs/srv/detail/empty__rosidl_typesupport_microxrcedds_c.h
[6.511s] -- Up-to-date: /micro_ros_ws/firmware/mcu_ws/install/include/std_srvs/std_srvs/srv/detail/microxrcedds
[6.517s] -- Up-to-date: /micro_ros_ws/firmware/mcu_ws/install/include/std_srvs/std_srvs/srv/detail/set_bool__rosidl_typesupport_microxrcedds_c.h
[6.520s] -- Up-to-date: /micro_ros_ws/firmware/mcu_ws/install/include/std_srvs/std_srvs/srv/detail/trigger__rosidl_typesupport_microxrcedds_c.h
[6.523s] -- Up-to-date: /micro_ros_ws/firmware/mcu_ws/install/lib/libstd_srvs__rosidl_typesupport_microxrcedds_c.a
[6.526s] -- Up-to-date: /micro_ros_ws/firmware/mcu_ws/install/lib/libstd_srvs__rosidl_typesupport_c.a
[6.530s] -- Up-to-date: /micro_ros_ws/firmware/mcu_ws/install/share/std_srvs/srv/Empty.idl
[6.533s] -- Up-to-date: /micro_ros_ws/firmware/mcu_ws/install/share/std_srvs/srv/SetBool.idl
[6.536s] -- Up-to-date: /micro_ros_ws/firmware/mcu_ws/install/share/std_srvs/srv/Trigger.idl
[6.539s] -- Up-to-date: /micro_ros_ws/firmware/mcu_ws/install/share/std_srvs/srv/Empty.srv
[6.542s] -- Up-to-date: /micro_ros_ws/firmware/mcu_ws/install/share/std_srvs/srv/Empty_Request.msg
[6.545s] -- Up-to-date: /micro_ros_ws/firmware/mcu_ws/install/share/std_srvs/srv/Empty_Response.msg
[6.548s] -- Up-to-date: /micro_ros_ws/firmware/mcu_ws/install/share/std_srvs/srv/SetBool.srv
[6.551s] -- Up-to-date: /micro_ros_ws/firmware/mcu_ws/install/share/std_srvs/srv/SetBool_Request.msg
[6.555s] -- Up-to-date: /micro_ros_ws/firmware/mcu_ws/install/share/std_srvs/srv/SetBool_Response.msg
[6.560s] -- Up-to-date: /micro_ros_ws/firmware/mcu_ws/install/share/std_srvs/srv/Trigger.srv
[6.563s] -- Up-to-date: /micro_ros_ws/firmware/mcu_ws/install/share/std_srvs/srv/Trigger_Request.msg
[6.566s] -- Up-to-date: /micro_ros_ws/firmware/mcu_ws/install/share/std_srvs/srv/Trigger_Response.msg
[6.570s] -- Up-to-date: /micro_ros_ws/firmware/mcu_ws/install/share/ament_index/resource_index/package_run_dependencies/std_srvs
[6.573s] -- Up-to-date: /micro_ros_ws/firmware/mcu_ws/install/share/ament_index/resource_index/parent_prefix_path/std_srvs
[6.577s] -- Up-to-date: /micro_ros_ws/firmware/mcu_ws/install/share/std_srvs/environment/ament_prefix_path.sh
[6.579s] -- Installing: /micro_ros_ws/firmware/mcu_ws/install/share/std_srvs/environment/ament_prefix_path.dsv
[6.592s] -- Up-to-date: /micro_ros_ws/firmware/mcu_ws/install/share/std_srvs/environment/path.sh
[6.595s] -- Installing: /micro_ros_ws/firmware/mcu_ws/install/share/std_srvs/environment/path.dsv
[6.605s] -- Up-to-date: /micro_ros_ws/firmware/mcu_ws/install/share/std_srvs/local_setup.bash
[6.608s] -- Up-to-date: /micro_ros_ws/firmware/mcu_ws/install/share/std_srvs/local_setup.sh
[6.612s] -- Up-to-date: /micro_ros_ws/firmware/mcu_ws/install/share/std_srvs/local_setup.zsh
[6.613s] -- Installing: /micro_ros_ws/firmware/mcu_ws/install/share/std_srvs/local_setup.dsv
[6.621s] -- Installing: /micro_ros_ws/firmware/mcu_ws/install/share/std_srvs/package.dsv
[6.630s] -- Up-to-date: /micro_ros_ws/firmware/mcu_ws/install/share/ament_index/resource_index/packages/std_srvs
[6.636s] -- Up-to-date: /micro_ros_ws/firmware/mcu_ws/install/share/std_srvs/cmake/export_std_srvs__rosidl_generator_cExport.cmake
[6.639s] -- Up-to-date: /micro_ros_ws/firmware/mcu_ws/install/share/std_srvs/cmake/export_std_srvs__rosidl_generator_cExport-debug.cmake
[6.645s] -- Up-to-date: /micro_ros_ws/firmware/mcu_ws/install/share/std_srvs/cmake/std_srvs__rosidl_typesupport_introspection_cExport.cmake
[6.648s] -- Up-to-date: /micro_ros_ws/firmware/mcu_ws/install/share/std_srvs/cmake/std_srvs__rosidl_typesupport_introspection_cExport-debug.cmake
[6.652s] -- Up-to-date: /micro_ros_ws/firmware/mcu_ws/install/share/std_srvs/cmake/std_srvs__rosidl_typesupport_cExport.cmake
[6.655s] -- Up-to-date: /micro_ros_ws/firmware/mcu_ws/install/share/std_srvs/cmake/std_srvs__rosidl_typesupport_cExport-debug.cmake
[6.657s] -- Up-to-date: /micro_ros_ws/firmware/mcu_ws/install/share/std_srvs/cmake/rosidl_cmake-extras.cmake
[6.660s] -- Up-to-date: /micro_ros_ws/firmware/mcu_ws/install/share/std_srvs/cmake/ament_cmake_export_include_directories-extras.cmake
[6.663s] -- Up-to-date: /micro_ros_ws/firmware/mcu_ws/install/share/std_srvs/cmake/ament_cmake_export_libraries-extras.cmake
[6.665s] -- Up-to-date: /micro_ros_ws/firmware/mcu_ws/install/share/std_srvs/cmake/ament_cmake_export_targets-extras.cmake
[6.667s] -- Up-to-date: /micro_ros_ws/firmware/mcu_ws/install/share/std_srvs/cmake/rosidl_cmake_export_typesupport_targets-extras.cmake
[6.670s] -- Up-to-date: /micro_ros_ws/firmware/mcu_ws/install/share/std_srvs/cmake/ament_cmake_export_dependencies-extras.cmake
[6.672s] -- Up-to-date: /micro_ros_ws/firmware/mcu_ws/install/share/std_srvs/cmake/rosidl_cmake_export_typesupport_libraries-extras.cmake
[6.674s] -- Up-to-date: /micro_ros_ws/firmware/mcu_ws/install/share/std_srvs/cmake/rosidl_cmake_aggregate_target-extras.cmake
[6.677s] -- Up-to-date: /micro_ros_ws/firmware/mcu_ws/install/share/std_srvs/cmake/std_srvsConfig.cmake
[6.679s] -- Up-to-date: /micro_ros_ws/firmware/mcu_ws/install/share/std_srvs/cmake/std_srvsConfig-version.cmake
[6.682s] -- Up-to-date: /micro_ros_ws/firmware/mcu_ws/install/share/std_srvs/package.xml
[6.691s] Invoked command in '/micro_ros_ws/firmware/mcu_ws/build/std_srvs' returned '0': AMENT_PREFIX_PATH=/micro_ros_ws/firmware/mcu_ws/install:${AMENT_PREFIX_PATH} CMAKE_PREFIX_PATH=/micro_ros_ws/firmware/mcu_ws/install:/micro_ros_ws/firmware/dev_ws/install/ament_lint_common:/micro_ros_ws/firmware/dev_ws/install/ament_cmake_uncrustify:/micro_ros_ws/firmware/dev_ws/install/uncrustify_vendor:/micro_ros_ws/firmware/dev_ws/install/ament_cmake_ros:/micro_ros_ws/firmware/dev_ws/install/ament_cmake_auto:/micro_ros_ws/firmware/dev_ws/install/ament_cmake_gmock:/micro_ros_ws/firmware/dev_ws/install/gmock_vendor:/micro_ros_ws/firmware/dev_ws/install/ament_cmake_gtest:/micro_ros_ws/firmware/dev_ws/install/gtest_vendor:/micro_ros_ws/firmware/dev_ws/install/ament_cmake_xmllint:/micro_ros_ws/firmware/dev_ws/install/ament_cmake_pyflakes:/micro_ros_ws/firmware/dev_ws/install/ament_cmake_pycodestyle:/micro_ros_ws/firmware/dev_ws/install/ament_cmake_pep257:/micro_ros_ws/firmware/dev_ws/install/ament_cmake_pclint:/micro_ros_ws/firmware/dev_ws/install/ament_lint_auto:/micro_ros_ws/firmware/dev_ws/install/ament_cmake:/micro_ros_ws/firmware/dev_ws/install/ament_cmake_version:/micro_ros_ws/firmware/dev_ws/install/ament_cmake_vendor_package:/micro_ros_ws/firmware/dev_ws/install/ament_cmake_pytest:/micro_ros_ws/firmware/dev_ws/install/ament_cmake_nose:/micro_ros_ws/firmware/dev_ws/install/ament_cmake_mypy:/micro_ros_ws/firmware/dev_ws/install/ament_cmake_lint_cmake:/micro_ros_ws/firmware/dev_ws/install/ament_cmake_google_benchmark:/micro_ros_ws/firmware/dev_ws/install/ament_cmake_flake8:/micro_ros_ws/firmware/dev_ws/install/ament_cmake_cpplint:/micro_ros_ws/firmware/dev_ws/install/ament_cmake_cppcheck:/micro_ros_ws/firmware/dev_ws/install/ament_cmake_copyright:/micro_ros_ws/firmware/dev_ws/install/ament_cmake_clang_tidy:/micro_ros_ws/firmware/dev_ws/install/ament_cmake_clang_format:/micro_ros_ws/firmware/dev_ws/install/ament_cmake_test:/micro_ros_ws/firmware/dev_ws/install/ament_cmake_target_dependencies:/micro_ros_ws/firmware/dev_ws/install/ament_cmake_python:/micro_ros_ws/firmware/dev_ws/install/ament_cmake_export_dependencies:/micro_ros_ws/firmware/dev_ws/install/ament_cmake_libraries:/micro_ros_ws/firmware/dev_ws/install/ament_cmake_include_directories:/micro_ros_ws/firmware/dev_ws/install/ament_cmake_gen_version_h:/micro_ros_ws/firmware/dev_ws/install/ament_cmake_export_targets:/micro_ros_ws/firmware/dev_ws/install/ament_cmake_export_link_flags:/micro_ros_ws/firmware/dev_ws/install/ament_cmake_export_interfaces:/micro_ros_ws/firmware/dev_ws/install/ament_cmake_export_libraries:/micro_ros_ws/firmware/dev_ws/install/ament_cmake_export_include_directories:/micro_ros_ws/firmware/dev_ws/install/ament_cmake_export_definitions:/micro_ros_ws/firmware/dev_ws/install/ament_cmake_core:/micro_ros_ws/firmware/dev_ws/install/ament_index_cpp:/micro_ros_ws/firmware/dev_ws/install/ament_uncrustify:/micro_ros_ws/firmware/dev_ws/install/domain_coordinator:/micro_ros_ws/firmware/dev_ws/install/ament_xmllint:/micro_ros_ws/firmware/dev_ws/install/ament_pyflakes:/micro_ros_ws/firmware/dev_ws/install/ament_pycodestyle:/micro_ros_ws/firmware/dev_ws/install/ament_pep257:/micro_ros_ws/firmware/dev_ws/install/ament_pclint:/micro_ros_ws/firmware/dev_ws/install/ament_package:/micro_ros_ws/firmware/dev_ws/install/ament_mypy:/micro_ros_ws/firmware/dev_ws/install/ament_lint_cmake:/micro_ros_ws/firmware/dev_ws/install/ament_flake8:/micro_ros_ws/firmware/dev_ws/install/ament_copyright:/micro_ros_ws/firmware/dev_ws/install/ament_lint:/micro_ros_ws/firmware/dev_ws/install/ament_index_python:/micro_ros_ws/firmware/dev_ws/install/ament_cpplint:/micro_ros_ws/firmware/dev_ws/install/ament_cppcheck:/micro_ros_ws/firmware/dev_ws/install/ament_clang_tidy:/micro_ros_ws/firmware/dev_ws/install/ament_clang_format LD_LIBRARY_PATH=/micro_ros_ws/firmware/mcu_ws/install/lib:${LD_LIBRARY_PATH} PATH=/micro_ros_ws/firmware/mcu_ws/install/bin:${PATH} PYTHONPATH=/micro_ros_ws/firmware/mcu_ws/install/lib/python3.10/site-packages:${PYTHONPATH} /usr/bin/cmake --install /micro_ros_ws/firmware/mcu_ws/build/std_srvs
