[0.960s] Invoking command in '/micro_ros_ws/firmware/mcu_ws/build/tracetools': CMAKE_PREFIX_PATH=${CMAKE_PREFIX_PATH}:/micro_ros_ws/firmware/dev_ws/install/ament_uncrustify:/micro_ros_ws/firmware/dev_ws/install/domain_coordinator:/micro_ros_ws/firmware/dev_ws/install/ament_xmllint:/micro_ros_ws/firmware/dev_ws/install/ament_pyflakes:/micro_ros_ws/firmware/dev_ws/install/ament_pycodestyle:/micro_ros_ws/firmware/dev_ws/install/ament_pep257:/micro_ros_ws/firmware/dev_ws/install/ament_pclint:/micro_ros_ws/firmware/dev_ws/install/ament_package:/micro_ros_ws/firmware/dev_ws/install/ament_mypy:/micro_ros_ws/firmware/dev_ws/install/ament_lint_cmake:/micro_ros_ws/firmware/dev_ws/install/ament_flake8:/micro_ros_ws/firmware/dev_ws/install/ament_copyright:/micro_ros_ws/firmware/dev_ws/install/ament_lint:/micro_ros_ws/firmware/dev_ws/install/ament_index_python:/micro_ros_ws/firmware/dev_ws/install/ament_cpplint:/micro_ros_ws/firmware/dev_ws/install/ament_cppcheck:/micro_ros_ws/firmware/dev_ws/install/ament_clang_tidy:/micro_ros_ws/firmware/dev_ws/install/ament_clang_format /usr/bin/cmake --build /micro_ros_ws/firmware/mcu_ws/build/tracetools -- -j12 -l12
[2.569s] gmake[4]: Entering directory '/micro_ros_ws/firmware/mcu_ws/build/tracetools'
[2.570s] /usr/bin/cmake -S/micro_ros_ws/firmware/mcu_ws/uros/tracetools/tracetools -B/micro_ros_ws/firmware/mcu_ws/build/tracetools --check-build-system CMakeFiles/Makefile.cmake 0
[2.571s] Re-run cmake file: Makefile older than: /micro_ros_ws/firmware/freertos_apps/microros_esp32_extensions/esp32_toolchain.cmake
[2.572s] -- Found ament_cmake_ros: 0.10.0 (/micro_ros_ws/firmware/dev_ws/install/ament_cmake_ros/share/ament_cmake_ros/cmake)
[2.573s] -- Configuring done
[2.573s] -- Generating done
[2.574s] -- Build files have been written to: /micro_ros_ws/firmware/mcu_ws/build/tracetools
[2.575s] /usr/bin/cmake -E cmake_progress_start /micro_ros_ws/firmware/mcu_ws/build/tracetools/CMakeFiles /micro_ros_ws/firmware/mcu_ws/build/tracetools//CMakeFiles/progress.marks
[2.576s] /usr/bin/gmake  -f CMakeFiles/Makefile2 all
[2.576s] gmake[5]: Entering directory '/micro_ros_ws/firmware/mcu_ws/build/tracetools'
[2.577s] gmake[5]: Nothing to be done for 'all'.
[2.579s] gmake[5]: Leaving directory '/micro_ros_ws/firmware/mcu_ws/build/tracetools'
[2.580s] /usr/bin/cmake -E cmake_progress_start /micro_ros_ws/firmware/mcu_ws/build/tracetools/CMakeFiles 0
[2.580s] gmake[4]: Leaving directory '/micro_ros_ws/firmware/mcu_ws/build/tracetools'
[2.648s] Invoked command in '/micro_ros_ws/firmware/mcu_ws/build/tracetools' returned '0': CMAKE_PREFIX_PATH=${CMAKE_PREFIX_PATH}:/micro_ros_ws/firmware/dev_ws/install/ament_uncrustify:/micro_ros_ws/firmware/dev_ws/install/domain_coordinator:/micro_ros_ws/firmware/dev_ws/install/ament_xmllint:/micro_ros_ws/firmware/dev_ws/install/ament_pyflakes:/micro_ros_ws/firmware/dev_ws/install/ament_pycodestyle:/micro_ros_ws/firmware/dev_ws/install/ament_pep257:/micro_ros_ws/firmware/dev_ws/install/ament_pclint:/micro_ros_ws/firmware/dev_ws/install/ament_package:/micro_ros_ws/firmware/dev_ws/install/ament_mypy:/micro_ros_ws/firmware/dev_ws/install/ament_lint_cmake:/micro_ros_ws/firmware/dev_ws/install/ament_flake8:/micro_ros_ws/firmware/dev_ws/install/ament_copyright:/micro_ros_ws/firmware/dev_ws/install/ament_lint:/micro_ros_ws/firmware/dev_ws/install/ament_index_python:/micro_ros_ws/firmware/dev_ws/install/ament_cpplint:/micro_ros_ws/firmware/dev_ws/install/ament_cppcheck:/micro_ros_ws/firmware/dev_ws/install/ament_clang_tidy:/micro_ros_ws/firmware/dev_ws/install/ament_clang_format /usr/bin/cmake --build /micro_ros_ws/firmware/mcu_ws/build/tracetools -- -j12 -l12
[2.650s] Invoking command in '/micro_ros_ws/firmware/mcu_ws/build/tracetools': CMAKE_PREFIX_PATH=${CMAKE_PREFIX_PATH}:/micro_ros_ws/firmware/dev_ws/install/ament_uncrustify:/micro_ros_ws/firmware/dev_ws/install/domain_coordinator:/micro_ros_ws/firmware/dev_ws/install/ament_xmllint:/micro_ros_ws/firmware/dev_ws/install/ament_pyflakes:/micro_ros_ws/firmware/dev_ws/install/ament_pycodestyle:/micro_ros_ws/firmware/dev_ws/install/ament_pep257:/micro_ros_ws/firmware/dev_ws/install/ament_pclint:/micro_ros_ws/firmware/dev_ws/install/ament_package:/micro_ros_ws/firmware/dev_ws/install/ament_mypy:/micro_ros_ws/firmware/dev_ws/install/ament_lint_cmake:/micro_ros_ws/firmware/dev_ws/install/ament_flake8:/micro_ros_ws/firmware/dev_ws/install/ament_copyright:/micro_ros_ws/firmware/dev_ws/install/ament_lint:/micro_ros_ws/firmware/dev_ws/install/ament_index_python:/micro_ros_ws/firmware/dev_ws/install/ament_cpplint:/micro_ros_ws/firmware/dev_ws/install/ament_cppcheck:/micro_ros_ws/firmware/dev_ws/install/ament_clang_tidy:/micro_ros_ws/firmware/dev_ws/install/ament_clang_format /usr/bin/cmake --install /micro_ros_ws/firmware/mcu_ws/build/tracetools
[2.682s] -- Install configuration: "Debug"
[2.684s] -- Up-to-date: /micro_ros_ws/firmware/mcu_ws/install/include/tracetools
[2.686s] -- Up-to-date: /micro_ros_ws/firmware/mcu_ws/install/include/tracetools/tracetools
[2.690s] -- Up-to-date: /micro_ros_ws/firmware/mcu_ws/install/include/tracetools/tracetools/config.h
[2.696s] -- Up-to-date: /micro_ros_ws/firmware/mcu_ws/install/include/tracetools/tracetools/tracetools.h
[2.698s] -- Up-to-date: /micro_ros_ws/firmware/mcu_ws/install/include/tracetools/tracetools/utils.hpp
[2.700s] -- Up-to-date: /micro_ros_ws/firmware/mcu_ws/install/include/tracetools/tracetools/visibility_control.hpp
[2.706s] -- Up-to-date: /micro_ros_ws/firmware/mcu_ws/install/share/ament_index/resource_index/package_run_dependencies/tracetools
[2.712s] -- Up-to-date: /micro_ros_ws/firmware/mcu_ws/install/share/ament_index/resource_index/parent_prefix_path/tracetools
[2.720s] -- Up-to-date: /micro_ros_ws/firmware/mcu_ws/install/share/tracetools/environment/ament_prefix_path.sh
[2.721s] -- Installing: /micro_ros_ws/firmware/mcu_ws/install/share/tracetools/environment/ament_prefix_path.dsv
[2.727s] -- Up-to-date: /micro_ros_ws/firmware/mcu_ws/install/share/tracetools/environment/path.sh
[2.730s] -- Installing: /micro_ros_ws/firmware/mcu_ws/install/share/tracetools/environment/path.dsv
[2.745s] -- Up-to-date: /micro_ros_ws/firmware/mcu_ws/install/share/tracetools/local_setup.bash
[2.752s] -- Up-to-date: /micro_ros_ws/firmware/mcu_ws/install/share/tracetools/local_setup.sh
[2.757s] -- Up-to-date: /micro_ros_ws/firmware/mcu_ws/install/share/tracetools/local_setup.zsh
[2.762s] -- Installing: /micro_ros_ws/firmware/mcu_ws/install/share/tracetools/local_setup.dsv
[2.780s] -- Installing: /micro_ros_ws/firmware/mcu_ws/install/share/tracetools/package.dsv
[2.797s] -- Up-to-date: /micro_ros_ws/firmware/mcu_ws/install/share/ament_index/resource_index/packages/tracetools
[2.814s] -- Up-to-date: /micro_ros_ws/firmware/mcu_ws/install/share/tracetools/cmake/tracetools_exportExport.cmake
[2.822s] -- Up-to-date: /micro_ros_ws/firmware/mcu_ws/install/share/tracetools/cmake/ament_cmake_export_targets-extras.cmake
[2.827s] -- Up-to-date: /micro_ros_ws/firmware/mcu_ws/install/share/tracetools/cmake/ament_cmake_export_include_directories-extras.cmake
[2.832s] -- Up-to-date: /micro_ros_ws/firmware/mcu_ws/install/share/tracetools/cmake/tracetoolsConfig.cmake
[2.837s] -- Up-to-date: /micro_ros_ws/firmware/mcu_ws/install/share/tracetools/cmake/tracetoolsConfig-version.cmake
[2.842s] -- Up-to-date: /micro_ros_ws/firmware/mcu_ws/install/share/tracetools/package.xml
[4.056s] Invoked command in '/micro_ros_ws/firmware/mcu_ws/build/tracetools' returned '0': CMAKE_PREFIX_PATH=${CMAKE_PREFIX_PATH}:/micro_ros_ws/firmware/dev_ws/install/ament_uncrustify:/micro_ros_ws/firmware/dev_ws/install/domain_coordinator:/micro_ros_ws/firmware/dev_ws/install/ament_xmllint:/micro_ros_ws/firmware/dev_ws/install/ament_pyflakes:/micro_ros_ws/firmware/dev_ws/install/ament_pycodestyle:/micro_ros_ws/firmware/dev_ws/install/ament_pep257:/micro_ros_ws/firmware/dev_ws/install/ament_pclint:/micro_ros_ws/firmware/dev_ws/install/ament_package:/micro_ros_ws/firmware/dev_ws/install/ament_mypy:/micro_ros_ws/firmware/dev_ws/install/ament_lint_cmake:/micro_ros_ws/firmware/dev_ws/install/ament_flake8:/micro_ros_ws/firmware/dev_ws/install/ament_copyright:/micro_ros_ws/firmware/dev_ws/install/ament_lint:/micro_ros_ws/firmware/dev_ws/install/ament_index_python:/micro_ros_ws/firmware/dev_ws/install/ament_cpplint:/micro_ros_ws/firmware/dev_ws/install/ament_cppcheck:/micro_ros_ws/firmware/dev_ws/install/ament_clang_tidy:/micro_ros_ws/firmware/dev_ws/install/ament_clang_format /usr/bin/cmake --install /micro_ros_ws/firmware/mcu_ws/build/tracetools
