[0.824s] Invoking command in '/micro_ros_ws/wall_e_ws/src/localization': PYTHONPATH=/micro_ros_ws/wall_e_ws/build/localization/prefix_override:/usr/lib/python3/dist-packages/colcon_core/task/python/colcon_distutils_commands:/micro_ros_ws/wall_e_ws/install/localization/lib/python3.10/site-packages:${PYTHONPATH} /usr/bin/python3 -W ignore:setup.py install is deprecated -W ignore:easy_install command is deprecated setup.py egg_info --egg-base ../../build/localization build --build-base /micro_ros_ws/wall_e_ws/build/localization/build install --record /micro_ros_ws/wall_e_ws/build/localization/install.log --single-version-externally-managed install_data
[1.102s] running egg_info
[1.103s] creating ../../build/localization/localization.egg-info
[1.104s] writing ../../build/localization/localization.egg-info/PKG-INFO
[1.105s] writing dependency_links to ../../build/localization/localization.egg-info/dependency_links.txt
[1.106s] writing entry points to ../../build/localization/localization.egg-info/entry_points.txt
[1.106s] writing requirements to ../../build/localization/localization.egg-info/requires.txt
[1.107s] writing top-level names to ../../build/localization/localization.egg-info/top_level.txt
[1.107s] writing manifest file '../../build/localization/localization.egg-info/SOURCES.txt'
[1.112s] reading manifest file '../../build/localization/localization.egg-info/SOURCES.txt'
[1.115s] adding license file 'LICENSE'
[1.117s] writing manifest file '../../build/localization/localization.egg-info/SOURCES.txt'
[1.117s] running build
[1.118s] running build_py
[1.118s] creating /micro_ros_ws/wall_e_ws/build/localization/build
[1.118s] creating /micro_ros_ws/wall_e_ws/build/localization/build/lib
[1.119s] creating /micro_ros_ws/wall_e_ws/build/localization/build/lib/localization
[1.120s] copying localization/inverse_kinematic.py -> /micro_ros_ws/wall_e_ws/build/localization/build/lib/localization
[1.121s] copying localization/odometry.py -> /micro_ros_ws/wall_e_ws/build/localization/build/lib/localization
[1.123s] copying localization/__init__.py -> /micro_ros_ws/wall_e_ws/build/localization/build/lib/localization
[1.124s] running install
[1.124s] running install_lib
[1.126s] creating /micro_ros_ws/wall_e_ws/install/localization/lib/python3.10/site-packages/localization
[1.127s] copying /micro_ros_ws/wall_e_ws/build/localization/build/lib/localization/inverse_kinematic.py -> /micro_ros_ws/wall_e_ws/install/localization/lib/python3.10/site-packages/localization
[1.129s] copying /micro_ros_ws/wall_e_ws/build/localization/build/lib/localization/odometry.py -> /micro_ros_ws/wall_e_ws/install/localization/lib/python3.10/site-packages/localization
[1.132s] copying /micro_ros_ws/wall_e_ws/build/localization/build/lib/localization/__init__.py -> /micro_ros_ws/wall_e_ws/install/localization/lib/python3.10/site-packages/localization
[1.135s] byte-compiling /micro_ros_ws/wall_e_ws/install/localization/lib/python3.10/site-packages/localization/inverse_kinematic.py to inverse_kinematic.cpython-310.pyc
[1.138s] byte-compiling /micro_ros_ws/wall_e_ws/install/localization/lib/python3.10/site-packages/localization/odometry.py to odometry.cpython-310.pyc
[1.143s] byte-compiling /micro_ros_ws/wall_e_ws/install/localization/lib/python3.10/site-packages/localization/__init__.py to __init__.cpython-310.pyc
[1.145s] running install_data
[1.146s] creating /micro_ros_ws/wall_e_ws/install/localization/share/ament_index
[1.146s] creating /micro_ros_ws/wall_e_ws/install/localization/share/ament_index/resource_index
[1.147s] creating /micro_ros_ws/wall_e_ws/install/localization/share/ament_index/resource_index/packages
[1.147s] copying resource/localization -> /micro_ros_ws/wall_e_ws/install/localization/share/ament_index/resource_index/packages
[1.149s] copying package.xml -> /micro_ros_ws/wall_e_ws/install/localization/share/localization
[1.152s] running install_egg_info
[1.156s] Copying ../../build/localization/localization.egg-info to /micro_ros_ws/wall_e_ws/install/localization/lib/python3.10/site-packages/localization-0.0.0-py3.10.egg-info
[1.172s] running install_scripts
[1.208s] Installing inverse_kinematic_node script to /micro_ros_ws/wall_e_ws/install/localization/lib/localization
[1.209s] Installing odometry_node script to /micro_ros_ws/wall_e_ws/install/localization/lib/localization
[1.211s] writing list of installed files to '/micro_ros_ws/wall_e_ws/build/localization/install.log'
[1.246s] Invoked command in '/micro_ros_ws/wall_e_ws/src/localization' returned '0': PYTHONPATH=/micro_ros_ws/wall_e_ws/build/localization/prefix_override:/usr/lib/python3/dist-packages/colcon_core/task/python/colcon_distutils_commands:/micro_ros_ws/wall_e_ws/install/localization/lib/python3.10/site-packages:${PYTHONPATH} /usr/bin/python3 -W ignore:setup.py install is deprecated -W ignore:easy_install command is deprecated setup.py egg_info --egg-base ../../build/localization build --build-base /micro_ros_ws/wall_e_ws/build/localization/build install --record /micro_ros_ws/wall_e_ws/build/localization/install.log --single-version-externally-managed install_data
