[2.474s] Invoking command in '/micro_ros_ws/firmware/mcu_ws/build/rmw_implementation_cmake': CMAKE_PREFIX_PATH=${CMAKE_PREFIX_PATH}:/micro_ros_ws/firmware/dev_ws/install/ament_uncrustify:/micro_ros_ws/firmware/dev_ws/install/domain_coordinator:/micro_ros_ws/firmware/dev_ws/install/ament_xmllint:/micro_ros_ws/firmware/dev_ws/install/ament_pyflakes:/micro_ros_ws/firmware/dev_ws/install/ament_pycodestyle:/micro_ros_ws/firmware/dev_ws/install/ament_pep257:/micro_ros_ws/firmware/dev_ws/install/ament_pclint:/micro_ros_ws/firmware/dev_ws/install/ament_package:/micro_ros_ws/firmware/dev_ws/install/ament_mypy:/micro_ros_ws/firmware/dev_ws/install/ament_lint_cmake:/micro_ros_ws/firmware/dev_ws/install/ament_flake8:/micro_ros_ws/firmware/dev_ws/install/ament_copyright:/micro_ros_ws/firmware/dev_ws/install/ament_lint:/micro_ros_ws/firmware/dev_ws/install/ament_index_python:/micro_ros_ws/firmware/dev_ws/install/ament_cpplint:/micro_ros_ws/firmware/dev_ws/install/ament_cppcheck:/micro_ros_ws/firmware/dev_ws/install/ament_clang_tidy:/micro_ros_ws/firmware/dev_ws/install/ament_clang_format /usr/bin/cmake --build /micro_ros_ws/firmware/mcu_ws/build/rmw_implementation_cmake -- -j12 -l12
[8.671s] gmake[4]: Entering directory '/micro_ros_ws/firmware/mcu_ws/build/rmw_implementation_cmake'
[8.672s] /usr/bin/cmake -S/micro_ros_ws/firmware/mcu_ws/ros2/rmw/rmw_implementation_cmake -B/micro_ros_ws/firmware/mcu_ws/build/rmw_implementation_cmake --check-build-system CMakeFiles/Makefile.cmake 0
[8.673s] Re-run cmake file: Makefile older than: /micro_ros_ws/firmware/freertos_apps/microros_esp32_extensions/esp32_toolchain.cmake
[8.673s] -- Found ament_cmake: 1.3.14 (/micro_ros_ws/firmware/dev_ws/install/ament_cmake/share/ament_cmake/cmake)
[8.674s] -- Configuring done
[8.675s] -- Generating done
[8.676s] -- Build files have been written to: /micro_ros_ws/firmware/mcu_ws/build/rmw_implementation_cmake
[8.677s] /usr/bin/cmake -E cmake_progress_start /micro_ros_ws/firmware/mcu_ws/build/rmw_implementation_cmake/CMakeFiles /micro_ros_ws/firmware/mcu_ws/build/rmw_implementation_cmake//CMakeFiles/progress.marks
[8.678s] /usr/bin/gmake  -f CMakeFiles/Makefile2 all
[8.679s] gmake[5]: Entering directory '/micro_ros_ws/firmware/mcu_ws/build/rmw_implementation_cmake'
[8.680s] gmake[5]: Nothing to be done for 'all'.
[8.681s] gmake[5]: Leaving directory '/micro_ros_ws/firmware/mcu_ws/build/rmw_implementation_cmake'
[8.682s] /usr/bin/cmake -E cmake_progress_start /micro_ros_ws/firmware/mcu_ws/build/rmw_implementation_cmake/CMakeFiles 0
[8.682s] gmake[4]: Leaving directory '/micro_ros_ws/firmware/mcu_ws/build/rmw_implementation_cmake'
[8.710s] Invoked command in '/micro_ros_ws/firmware/mcu_ws/build/rmw_implementation_cmake' returned '0': CMAKE_PREFIX_PATH=${CMAKE_PREFIX_PATH}:/micro_ros_ws/firmware/dev_ws/install/ament_uncrustify:/micro_ros_ws/firmware/dev_ws/install/domain_coordinator:/micro_ros_ws/firmware/dev_ws/install/ament_xmllint:/micro_ros_ws/firmware/dev_ws/install/ament_pyflakes:/micro_ros_ws/firmware/dev_ws/install/ament_pycodestyle:/micro_ros_ws/firmware/dev_ws/install/ament_pep257:/micro_ros_ws/firmware/dev_ws/install/ament_pclint:/micro_ros_ws/firmware/dev_ws/install/ament_package:/micro_ros_ws/firmware/dev_ws/install/ament_mypy:/micro_ros_ws/firmware/dev_ws/install/ament_lint_cmake:/micro_ros_ws/firmware/dev_ws/install/ament_flake8:/micro_ros_ws/firmware/dev_ws/install/ament_copyright:/micro_ros_ws/firmware/dev_ws/install/ament_lint:/micro_ros_ws/firmware/dev_ws/install/ament_index_python:/micro_ros_ws/firmware/dev_ws/install/ament_cpplint:/micro_ros_ws/firmware/dev_ws/install/ament_cppcheck:/micro_ros_ws/firmware/dev_ws/install/ament_clang_tidy:/micro_ros_ws/firmware/dev_ws/install/ament_clang_format /usr/bin/cmake --build /micro_ros_ws/firmware/mcu_ws/build/rmw_implementation_cmake -- -j12 -l12
[8.712s] Invoking command in '/micro_ros_ws/firmware/mcu_ws/build/rmw_implementation_cmake': CMAKE_PREFIX_PATH=${CMAKE_PREFIX_PATH}:/micro_ros_ws/firmware/dev_ws/install/ament_uncrustify:/micro_ros_ws/firmware/dev_ws/install/domain_coordinator:/micro_ros_ws/firmware/dev_ws/install/ament_xmllint:/micro_ros_ws/firmware/dev_ws/install/ament_pyflakes:/micro_ros_ws/firmware/dev_ws/install/ament_pycodestyle:/micro_ros_ws/firmware/dev_ws/install/ament_pep257:/micro_ros_ws/firmware/dev_ws/install/ament_pclint:/micro_ros_ws/firmware/dev_ws/install/ament_package:/micro_ros_ws/firmware/dev_ws/install/ament_mypy:/micro_ros_ws/firmware/dev_ws/install/ament_lint_cmake:/micro_ros_ws/firmware/dev_ws/install/ament_flake8:/micro_ros_ws/firmware/dev_ws/install/ament_copyright:/micro_ros_ws/firmware/dev_ws/install/ament_lint:/micro_ros_ws/firmware/dev_ws/install/ament_index_python:/micro_ros_ws/firmware/dev_ws/install/ament_cpplint:/micro_ros_ws/firmware/dev_ws/install/ament_cppcheck:/micro_ros_ws/firmware/dev_ws/install/ament_clang_tidy:/micro_ros_ws/firmware/dev_ws/install/ament_clang_format /usr/bin/cmake --install /micro_ros_ws/firmware/mcu_ws/build/rmw_implementation_cmake
[8.757s] -- Install configuration: "Debug"
[8.770s] -- Up-to-date: /micro_ros_ws/firmware/mcu_ws/install/share/ament_index/resource_index/package_run_dependencies/rmw_implementation_cmake
[8.778s] -- Up-to-date: /micro_ros_ws/firmware/mcu_ws/install/share/ament_index/resource_index/parent_prefix_path/rmw_implementation_cmake
[8.784s] -- Up-to-date: /micro_ros_ws/firmware/mcu_ws/install/share/rmw_implementation_cmake/environment/ament_prefix_path.sh
[8.786s] -- Installing: /micro_ros_ws/firmware/mcu_ws/install/share/rmw_implementation_cmake/environment/ament_prefix_path.dsv
[8.796s] -- Up-to-date: /micro_ros_ws/firmware/mcu_ws/install/share/rmw_implementation_cmake/environment/path.sh
[8.800s] -- Installing: /micro_ros_ws/firmware/mcu_ws/install/share/rmw_implementation_cmake/environment/path.dsv
[8.806s] -- Up-to-date: /micro_ros_ws/firmware/mcu_ws/install/share/rmw_implementation_cmake/local_setup.bash
[8.811s] -- Up-to-date: /micro_ros_ws/firmware/mcu_ws/install/share/rmw_implementation_cmake/local_setup.sh
[8.819s] -- Up-to-date: /micro_ros_ws/firmware/mcu_ws/install/share/rmw_implementation_cmake/local_setup.zsh
[8.827s] -- Installing: /micro_ros_ws/firmware/mcu_ws/install/share/rmw_implementation_cmake/local_setup.dsv
[8.853s] -- Installing: /micro_ros_ws/firmware/mcu_ws/install/share/rmw_implementation_cmake/package.dsv
[8.892s] -- Up-to-date: /micro_ros_ws/firmware/mcu_ws/install/share/ament_index/resource_index/packages/rmw_implementation_cmake
[8.906s] -- Up-to-date: /micro_ros_ws/firmware/mcu_ws/install/share/rmw_implementation_cmake/cmake/rmw_implementation_cmake-extras.cmake
[8.919s] -- Up-to-date: /micro_ros_ws/firmware/mcu_ws/install/share/rmw_implementation_cmake/cmake/ament_cmake_export_dependencies-extras.cmake
[8.934s] -- Up-to-date: /micro_ros_ws/firmware/mcu_ws/install/share/rmw_implementation_cmake/cmake/rmw_implementation_cmakeConfig.cmake
[8.941s] -- Up-to-date: /micro_ros_ws/firmware/mcu_ws/install/share/rmw_implementation_cmake/cmake/rmw_implementation_cmakeConfig-version.cmake
[8.952s] -- Up-to-date: /micro_ros_ws/firmware/mcu_ws/install/share/rmw_implementation_cmake/package.xml
[8.956s] -- Up-to-date: /micro_ros_ws/firmware/mcu_ws/install/share/rmw_implementation_cmake/cmake
[8.967s] -- Up-to-date: /micro_ros_ws/firmware/mcu_ws/install/share/rmw_implementation_cmake/cmake/call_for_each_rmw_implementation.cmake
[8.974s] -- Up-to-date: /micro_ros_ws/firmware/mcu_ws/install/share/rmw_implementation_cmake/cmake/get_available_rmw_implementations.cmake
[8.983s] -- Up-to-date: /micro_ros_ws/firmware/mcu_ws/install/share/rmw_implementation_cmake/cmake/get_default_rmw_implementation.cmake
[9.437s] Invoked command in '/micro_ros_ws/firmware/mcu_ws/build/rmw_implementation_cmake' returned '0': CMAKE_PREFIX_PATH=${CMAKE_PREFIX_PATH}:/micro_ros_ws/firmware/dev_ws/install/ament_uncrustify:/micro_ros_ws/firmware/dev_ws/install/domain_coordinator:/micro_ros_ws/firmware/dev_ws/install/ament_xmllint:/micro_ros_ws/firmware/dev_ws/install/ament_pyflakes:/micro_ros_ws/firmware/dev_ws/install/ament_pycodestyle:/micro_ros_ws/firmware/dev_ws/install/ament_pep257:/micro_ros_ws/firmware/dev_ws/install/ament_pclint:/micro_ros_ws/firmware/dev_ws/install/ament_package:/micro_ros_ws/firmware/dev_ws/install/ament_mypy:/micro_ros_ws/firmware/dev_ws/install/ament_lint_cmake:/micro_ros_ws/firmware/dev_ws/install/ament_flake8:/micro_ros_ws/firmware/dev_ws/install/ament_copyright:/micro_ros_ws/firmware/dev_ws/install/ament_lint:/micro_ros_ws/firmware/dev_ws/install/ament_index_python:/micro_ros_ws/firmware/dev_ws/install/ament_cpplint:/micro_ros_ws/firmware/dev_ws/install/ament_cppcheck:/micro_ros_ws/firmware/dev_ws/install/ament_clang_tidy:/micro_ros_ws/firmware/dev_ws/install/ament_clang_format /usr/bin/cmake --install /micro_ros_ws/firmware/mcu_ws/build/rmw_implementation_cmake
