[0.840s] Invoking command in '/micro_ros_ws/wall_e_ws/src/feedback': PYTHONPATH=/micro_ros_ws/wall_e_ws/build/feedback/prefix_override:/usr/lib/python3/dist-packages/colcon_core/task/python/colcon_distutils_commands:/micro_ros_ws/wall_e_ws/install/feedback/lib/python3.10/site-packages: /usr/bin/python3 -W ignore:setup.py install is deprecated -W ignore:easy_install command is deprecated setup.py egg_info --egg-base ../../build/feedback build --build-base /micro_ros_ws/wall_e_ws/build/feedback/build install --record /micro_ros_ws/wall_e_ws/build/feedback/install.log --single-version-externally-managed install_data
[0.983s] running egg_info
[0.984s] writing ../../build/feedback/feedback.egg-info/PKG-INFO
[0.984s] writing dependency_links to ../../build/feedback/feedback.egg-info/dependency_links.txt
[0.984s] writing entry points to ../../build/feedback/feedback.egg-info/entry_points.txt
[0.985s] writing requirements to ../../build/feedback/feedback.egg-info/requires.txt
[0.985s] writing top-level names to ../../build/feedback/feedback.egg-info/top_level.txt
[0.987s] reading manifest file '../../build/feedback/feedback.egg-info/SOURCES.txt'
[0.989s] adding license file 'LICENSE'
[0.990s] writing manifest file '../../build/feedback/feedback.egg-info/SOURCES.txt'
[0.990s] running build
[0.991s] running build_py
[0.992s] running install
[0.992s] running install_lib
[0.997s] running install_data
[0.998s] running install_egg_info
[1.000s] removing '/micro_ros_ws/wall_e_ws/install/feedback/lib/python3.10/site-packages/feedback-0.0.0-py3.10.egg-info' (and everything under it)
[1.003s] Copying ../../build/feedback/feedback.egg-info to /micro_ros_ws/wall_e_ws/install/feedback/lib/python3.10/site-packages/feedback-0.0.0-py3.10.egg-info
[1.010s] running install_scripts
[1.037s] Installing imu_filter_node script to /micro_ros_ws/wall_e_ws/install/feedback/lib/feedback
[1.038s] Installing range_filter_node script to /micro_ros_ws/wall_e_ws/install/feedback/lib/feedback
[1.039s] Installing sensor_fusion_node script to /micro_ros_ws/wall_e_ws/install/feedback/lib/feedback
[1.041s] writing list of installed files to '/micro_ros_ws/wall_e_ws/build/feedback/install.log'
[1.081s] Invoked command in '/micro_ros_ws/wall_e_ws/src/feedback' returned '0': PYTHONPATH=/micro_ros_ws/wall_e_ws/build/feedback/prefix_override:/usr/lib/python3/dist-packages/colcon_core/task/python/colcon_distutils_commands:/micro_ros_ws/wall_e_ws/install/feedback/lib/python3.10/site-packages: /usr/bin/python3 -W ignore:setup.py install is deprecated -W ignore:easy_install command is deprecated setup.py egg_info --egg-base ../../build/feedback build --build-base /micro_ros_ws/wall_e_ws/build/feedback/build install --record /micro_ros_ws/wall_e_ws/build/feedback/install.log --single-version-externally-managed install_data
