[1.488s] Invoking command in '/micro_ros_ws/firmware/mcu_ws/build/stereo_msgs': AMENT_PREFIX_PATH=/micro_ros_ws/firmware/mcu_ws/install:${AMENT_PREFIX_PATH} CMAKE_PREFIX_PATH=/micro_ros_ws/firmware/mcu_ws/install:/micro_ros_ws/firmware/dev_ws/install/ament_lint_common:/micro_ros_ws/firmware/dev_ws/install/ament_cmake_uncrustify:/micro_ros_ws/firmware/dev_ws/install/uncrustify_vendor:/micro_ros_ws/firmware/dev_ws/install/ament_cmake_ros:/micro_ros_ws/firmware/dev_ws/install/ament_cmake_auto:/micro_ros_ws/firmware/dev_ws/install/ament_cmake_gmock:/micro_ros_ws/firmware/dev_ws/install/gmock_vendor:/micro_ros_ws/firmware/dev_ws/install/ament_cmake_gtest:/micro_ros_ws/firmware/dev_ws/install/gtest_vendor:/micro_ros_ws/firmware/dev_ws/install/ament_cmake_xmllint:/micro_ros_ws/firmware/dev_ws/install/ament_cmake_pyflakes:/micro_ros_ws/firmware/dev_ws/install/ament_cmake_pycodestyle:/micro_ros_ws/firmware/dev_ws/install/ament_cmake_pep257:/micro_ros_ws/firmware/dev_ws/install/ament_cmake_pclint:/micro_ros_ws/firmware/dev_ws/install/ament_lint_auto:/micro_ros_ws/firmware/dev_ws/install/ament_cmake:/micro_ros_ws/firmware/dev_ws/install/ament_cmake_version:/micro_ros_ws/firmware/dev_ws/install/ament_cmake_vendor_package:/micro_ros_ws/firmware/dev_ws/install/ament_cmake_pytest:/micro_ros_ws/firmware/dev_ws/install/ament_cmake_nose:/micro_ros_ws/firmware/dev_ws/install/ament_cmake_mypy:/micro_ros_ws/firmware/dev_ws/install/ament_cmake_lint_cmake:/micro_ros_ws/firmware/dev_ws/install/ament_cmake_google_benchmark:/micro_ros_ws/firmware/dev_ws/install/ament_cmake_flake8:/micro_ros_ws/firmware/dev_ws/install/ament_cmake_cpplint:/micro_ros_ws/firmware/dev_ws/install/ament_cmake_cppcheck:/micro_ros_ws/firmware/dev_ws/install/ament_cmake_copyright:/micro_ros_ws/firmware/dev_ws/install/ament_cmake_clang_tidy:/micro_ros_ws/firmware/dev_ws/install/ament_cmake_clang_format:/micro_ros_ws/firmware/dev_ws/install/ament_cmake_test:/micro_ros_ws/firmware/dev_ws/install/ament_cmake_target_dependencies:/micro_ros_ws/firmware/dev_ws/install/ament_cmake_python:/micro_ros_ws/firmware/dev_ws/install/ament_cmake_export_dependencies:/micro_ros_ws/firmware/dev_ws/install/ament_cmake_libraries:/micro_ros_ws/firmware/dev_ws/install/ament_cmake_include_directories:/micro_ros_ws/firmware/dev_ws/install/ament_cmake_gen_version_h:/micro_ros_ws/firmware/dev_ws/install/ament_cmake_export_targets:/micro_ros_ws/firmware/dev_ws/install/ament_cmake_export_link_flags:/micro_ros_ws/firmware/dev_ws/install/ament_cmake_export_interfaces:/micro_ros_ws/firmware/dev_ws/install/ament_cmake_export_libraries:/micro_ros_ws/firmware/dev_ws/install/ament_cmake_export_include_directories:/micro_ros_ws/firmware/dev_ws/install/ament_cmake_export_definitions:/micro_ros_ws/firmware/dev_ws/install/ament_cmake_core:/micro_ros_ws/firmware/dev_ws/install/ament_index_cpp:/micro_ros_ws/firmware/dev_ws/install/ament_uncrustify:/micro_ros_ws/firmware/dev_ws/install/domain_coordinator:/micro_ros_ws/firmware/dev_ws/install/ament_xmllint:/micro_ros_ws/firmware/dev_ws/install/ament_pyflakes:/micro_ros_ws/firmware/dev_ws/install/ament_pycodestyle:/micro_ros_ws/firmware/dev_ws/install/ament_pep257:/micro_ros_ws/firmware/dev_ws/install/ament_pclint:/micro_ros_ws/firmware/dev_ws/install/ament_package:/micro_ros_ws/firmware/dev_ws/install/ament_mypy:/micro_ros_ws/firmware/dev_ws/install/ament_lint_cmake:/micro_ros_ws/firmware/dev_ws/install/ament_flake8:/micro_ros_ws/firmware/dev_ws/install/ament_copyright:/micro_ros_ws/firmware/dev_ws/install/ament_lint:/micro_ros_ws/firmware/dev_ws/install/ament_index_python:/micro_ros_ws/firmware/dev_ws/install/ament_cpplint:/micro_ros_ws/firmware/dev_ws/install/ament_cppcheck:/micro_ros_ws/firmware/dev_ws/install/ament_clang_tidy:/micro_ros_ws/firmware/dev_ws/install/ament_clang_format LD_LIBRARY_PATH=/micro_ros_ws/firmware/mcu_ws/install/lib:${LD_LIBRARY_PATH} PATH=/micro_ros_ws/firmware/mcu_ws/install/bin:${PATH} PYTHONPATH=/micro_ros_ws/firmware/mcu_ws/install/lib/python3.10/site-packages:${PYTHONPATH} /usr/bin/cmake --build /micro_ros_ws/firmware/mcu_ws/build/stereo_msgs -- -j12 -l12
[1.596s] gmake[4]: Entering directory '/micro_ros_ws/firmware/mcu_ws/build/stereo_msgs'
[1.597s] /usr/bin/cmake -S/micro_ros_ws/firmware/mcu_ws/ros2/common_interfaces/stereo_msgs -B/micro_ros_ws/firmware/mcu_ws/build/stereo_msgs --check-build-system CMakeFiles/Makefile.cmake 0
[1.859s] Re-run cmake file: Makefile older than: /micro_ros_ws/firmware/freertos_apps/microros_esp32_extensions/esp32_toolchain.cmake
[1.890s] -- Found ament_cmake: 1.3.14 (/micro_ros_ws/firmware/dev_ws/install/ament_cmake/share/ament_cmake/cmake)
[3.852s] -- Found rosidl_default_generators: 1.2.1 (/micro_ros_ws/firmware/mcu_ws/install/share/rosidl_default_generators/cmake)
[3.971s] -- Using all available rosidl_typesupport_c: rosidl_typesupport_introspection_c;rosidl_typesupport_microxrcedds_c
[4.001s] -- Found rosidl_adapter: 3.1.8 (/micro_ros_ws/firmware/mcu_ws/install/share/rosidl_adapter/cmake)
[4.601s] -- Found sensor_msgs: 4.9.1 (/micro_ros_ws/firmware/mcu_ws/install/share/sensor_msgs/cmake)
[6.379s] -- Found ament_cmake_ros: 0.10.0 (/micro_ros_ws/firmware/dev_ws/install/ament_cmake_ros/share/ament_cmake_ros/cmake)
[6.991s] -- Using all available rosidl_typesupport_c: rosidl_typesupport_introspection_c;rosidl_typesupport_microxrcedds_c
[7.068s] -- Configuring done
[7.258s] -- Generating done
[7.290s] -- Build files have been written to: /micro_ros_ws/firmware/mcu_ws/build/stereo_msgs
[7.293s] /usr/bin/cmake -E cmake_progress_start /micro_ros_ws/firmware/mcu_ws/build/stereo_msgs/CMakeFiles /micro_ros_ws/firmware/mcu_ws/build/stereo_msgs//CMakeFiles/progress.marks
[7.313s] /usr/bin/gmake  -f CMakeFiles/Makefile2 all
[7.319s] gmake[5]: Entering directory '/micro_ros_ws/firmware/mcu_ws/build/stereo_msgs'
[7.319s] /usr/bin/gmake  -f CMakeFiles/stereo_msgs__rosidl_generator_c.dir/build.make CMakeFiles/stereo_msgs__rosidl_generator_c.dir/depend
[7.340s] gmake[6]: Entering directory '/micro_ros_ws/firmware/mcu_ws/build/stereo_msgs'
[7.340s] cd /micro_ros_ws/firmware/mcu_ws/build/stereo_msgs && /usr/bin/cmake -E cmake_depends "Unix Makefiles" /micro_ros_ws/firmware/mcu_ws/ros2/common_interfaces/stereo_msgs /micro_ros_ws/firmware/mcu_ws/ros2/common_interfaces/stereo_msgs /micro_ros_ws/firmware/mcu_ws/build/stereo_msgs /micro_ros_ws/firmware/mcu_ws/build/stereo_msgs /micro_ros_ws/firmware/mcu_ws/build/stereo_msgs/CMakeFiles/stereo_msgs__rosidl_generator_c.dir/DependInfo.cmake --color=
[7.370s] Dependencies file "CMakeFiles/stereo_msgs__rosidl_generator_c.dir/rosidl_generator_c/stereo_msgs/msg/detail/disparity_image__functions.c.obj.d" is newer than depends file "/micro_ros_ws/firmware/mcu_ws/build/stereo_msgs/CMakeFiles/stereo_msgs__rosidl_generator_c.dir/compiler_depend.internal".
[7.371s] [35m[1mConsolidate compiler generated dependencies of target stereo_msgs__rosidl_generator_c[0m
[7.382s] gmake[6]: Leaving directory '/micro_ros_ws/firmware/mcu_ws/build/stereo_msgs'
[7.382s] /usr/bin/gmake  -f CMakeFiles/stereo_msgs__rosidl_generator_c.dir/build.make CMakeFiles/stereo_msgs__rosidl_generator_c.dir/build
[7.416s] gmake[6]: Entering directory '/micro_ros_ws/firmware/mcu_ws/build/stereo_msgs'
[7.439s] [  8%] [32mBuilding C object CMakeFiles/stereo_msgs__rosidl_generator_c.dir/rosidl_generator_c/stereo_msgs/msg/detail/disparity_image__functions.c.obj[0m
[7.440s] /micro_ros_ws/firmware/toolchain/espressif/tools/xtensa-esp32-elf/esp-2020r2-8.2.0/xtensa-esp32-elf/bin/xtensa-esp32-elf-gcc -DLWIP_IPV4 -DLWIP_IPV6 -DROS_PACKAGE_NAME=\"stereo_msgs\" -I/micro_ros_ws/firmware/freertos_apps/microros_esp32_extensions/build/config -I/micro_ros_ws/firmware/toolchain/esp-idf/components/newlib/platform_include -I/micro_ros_ws/firmware/toolchain/esp-idf/components/protocomm/include -I/micro_ros_ws/firmware/toolchain/esp-idf/components/esp_rom/include -I/micro_ros_ws/firmware/toolchain/esp-idf/components/driver/include -I/micro_ros_ws/firmware/toolchain/esp-idf/components/wear_levelling/include -I/micro_ros_ws/firmware/toolchain/esp-idf/components/vfs/include -I/micro_ros_ws/firmware/toolchain/esp-idf/components/log/include -I/micro_ros_ws/firmware/toolchain/esp-idf/components/freertos/include -I/micro_ros_ws/firmware/toolchain/esp-idf/components/wifi_provisioning/include -I/micro_ros_ws/firmware/toolchain/esp-idf/components/pthread/include -I/micro_ros_ws/firmware/toolchain/esp-idf/components/libsodium/libsodium/src/libsodium/include -I/micro_ros_ws/firmware/toolchain/esp-idf/components/coap/port/include -I/micro_ros_ws/firmware/toolchain/esp-idf/components/coap/libcoap/include -I/micro_ros_ws/firmware/toolchain/esp-idf/components/tcp_transport/include -I/micro_ros_ws/firmware/toolchain/esp-idf/components/unity/include -I/micro_ros_ws/firmware/toolchain/esp-idf/components/esp32/include -I/micro_ros_ws/firmware/toolchain/esp-idf/components/asio/port/include -I/micro_ros_ws/firmware/toolchain/esp-idf/components/asio/asio/asio/include -I/micro_ros_ws/firmware/toolchain/esp-idf/components/app_update/include -I/micro_ros_ws/firmware/toolchain/esp-idf/components/esp_ringbuf/include -I/micro_ros_ws/firmware/toolchain/esp-idf/components/soc/esp32/include -I/micro_ros_ws/firmware/toolchain/esp-idf/components/soc/include -I/micro_ros_ws/firmware/toolchain/esp-idf/components/efuse/test/include -I/micro_ros_ws/firmware/toolchain/esp-idf/components/efuse/esp32/include -I/micro_ros_ws/firmware/toolchain/esp-idf/components/efuse/include -I/micro_ros_ws/firmware/toolchain/esp-idf/components/mbedtls/port/include -I/micro_ros_ws/firmware/toolchain/esp-idf/components/mbedtls/mbedtls/include -I/micro_ros_ws/firmware/toolchain/esp-idf/components/xtensa/esp32/include -I/micro_ros_ws/firmware/toolchain/esp-idf/components/xtensa/include -I/micro_ros_ws/firmware/toolchain/esp-idf/components/app_trace/include -I/micro_ros_ws/firmware/toolchain/esp-idf/components/nvs_flash/include -I/micro_ros_ws/firmware/toolchain/esp-idf/components/jsmn/include -I/micro_ros_ws/firmware/toolchain/esp-idf/components/esp_eth/include -I/micro_ros_ws/firmware/toolchain/esp-idf/components/spiffs/include -I/micro_ros_ws/firmware/toolchain/esp-idf/components/ulp/include -I/micro_ros_ws/firmware/toolchain/esp-idf/components/mdns/include -I/micro_ros_ws/firmware/toolchain/esp-idf/components/freemodbus/modbus/include -I/micro_ros_ws/firmware/toolchain/esp-idf/components/freemodbus/common/include -I/micro_ros_ws/firmware/toolchain/esp-idf/components/esp_event/include -I/micro_ros_ws/firmware/toolchain/esp-idf/components/expat/port/include -I/micro_ros_ws/firmware/toolchain/esp-idf/components/bootloader_support/include -I/micro_ros_ws/firmware/toolchain/esp-idf/components/heap/include -I/micro_ros_ws/firmware/toolchain/esp-idf/components/wpa_supplicant/port/include -I/micro_ros_ws/firmware/toolchain/esp-idf/components/wpa_supplicant/include -I/micro_ros_ws/firmware/toolchain/esp-idf/components/tcpip_adapter/include -I/micro_ros_ws/firmware/toolchain/esp-idf/components/openssl/include -I/micro_ros_ws/firmware/toolchain/esp-idf/components/sdmmc/include -I/micro_ros_ws/firmware/toolchain/esp-idf/components/esp_local_ctrl/include -I/micro_ros_ws/firmware/toolchain/esp-idf/components/esp_common/include -I/micro_ros_ws/firmware/toolchain/esp-idf/components/lwip/lwip/src/include/lwip/apps -I/micro_ros_ws/firmware/toolchain/esp-idf/components/lwip/lwip/src/include/compat/posix -I/micro_ros_ws/firmware/toolchain/esp-idf/components/lwip/lwip/src/include -I/micro_ros_ws/firmware/toolchain/esp-idf/components/lwip/port/esp32/include -I/micro_ros_ws/firmware/mcu_ws/build/stereo_msgs/rosidl_generator_c -isystem /micro_ros_ws/firmware/mcu_ws/install/include/sensor_msgs -isystem /micro_ros_ws/firmware/mcu_ws/install/include/builtin_interfaces -isystem /micro_ros_ws/firmware/mcu_ws/install/include/rosidl_runtime_c -isystem /micro_ros_ws/firmware/mcu_ws/install/include/rcutils -isystem /micro_ros_ws/firmware/mcu_ws/install/include/rosidl_typesupport_interface -isystem /micro_ros_ws/firmware/mcu_ws/install/include/geometry_msgs -isystem /micro_ros_ws/firmware/mcu_ws/install/include/std_msgs -mlongcalls -Wno-frame-address -mlongcalls -Wno-frame-address -g -Wall -std=gnu11 -MD -MT CMakeFiles/stereo_msgs__rosidl_generator_c.dir/rosidl_generator_c/stereo_msgs/msg/detail/disparity_image__functions.c.obj -MF CMakeFiles/stereo_msgs__rosidl_generator_c.dir/rosidl_generator_c/stereo_msgs/msg/detail/disparity_image__functions.c.obj.d -o CMakeFiles/stereo_msgs__rosidl_generator_c.dir/rosidl_generator_c/stereo_msgs/msg/detail/disparity_image__functions.c.obj -c /micro_ros_ws/firmware/mcu_ws/build/stereo_msgs/rosidl_generator_c/stereo_msgs/msg/detail/disparity_image__functions.c
[9.892s] [ 16%] [32m[1mLinking C static library libstereo_msgs__rosidl_generator_c.a[0m
[9.893s] /usr/bin/cmake -P CMakeFiles/stereo_msgs__rosidl_generator_c.dir/cmake_clean_target.cmake
[9.954s] /usr/bin/cmake -E cmake_link_script CMakeFiles/stereo_msgs__rosidl_generator_c.dir/link.txt --verbose=1
[10.022s] /micro_ros_ws/firmware/toolchain/espressif/tools/xtensa-esp32-elf/esp-2020r2-8.2.0/xtensa-esp32-elf/bin/xtensa-esp32-elf-ar qc libstereo_msgs__rosidl_generator_c.a CMakeFiles/stereo_msgs__rosidl_generator_c.dir/rosidl_generator_c/stereo_msgs/msg/detail/disparity_image__functions.c.obj
[10.058s] /micro_ros_ws/firmware/toolchain/espressif/tools/xtensa-esp32-elf/esp-2020r2-8.2.0/xtensa-esp32-elf/bin/xtensa-esp32-elf-ranlib libstereo_msgs__rosidl_generator_c.a
[10.095s] gmake[6]: Leaving directory '/micro_ros_ws/firmware/mcu_ws/build/stereo_msgs'
[10.184s] [ 25%] Built target stereo_msgs__rosidl_generator_c
[10.185s] /usr/bin/gmake  -f CMakeFiles/stereo_msgs__rosidl_typesupport_introspection_c.dir/build.make CMakeFiles/stereo_msgs__rosidl_typesupport_introspection_c.dir/depend
[10.186s] /usr/bin/gmake  -f CMakeFiles/stereo_msgs__rosidl_typesupport_microxrcedds_c.dir/build.make CMakeFiles/stereo_msgs__rosidl_typesupport_microxrcedds_c.dir/depend
[10.187s] /usr/bin/gmake  -f CMakeFiles/stereo_msgs__rosidl_typesupport_c.dir/build.make CMakeFiles/stereo_msgs__rosidl_typesupport_c.dir/depend
[10.219s] gmake[6]: Entering directory '/micro_ros_ws/firmware/mcu_ws/build/stereo_msgs'
[10.220s] cd /micro_ros_ws/firmware/mcu_ws/build/stereo_msgs && /usr/bin/cmake -E cmake_depends "Unix Makefiles" /micro_ros_ws/firmware/mcu_ws/ros2/common_interfaces/stereo_msgs /micro_ros_ws/firmware/mcu_ws/ros2/common_interfaces/stereo_msgs /micro_ros_ws/firmware/mcu_ws/build/stereo_msgs /micro_ros_ws/firmware/mcu_ws/build/stereo_msgs /micro_ros_ws/firmware/mcu_ws/build/stereo_msgs/CMakeFiles/stereo_msgs__rosidl_typesupport_microxrcedds_c.dir/DependInfo.cmake --color=
[10.290s] gmake[6]: Entering directory '/micro_ros_ws/firmware/mcu_ws/build/stereo_msgs'
[10.291s] cd /micro_ros_ws/firmware/mcu_ws/build/stereo_msgs && /usr/bin/cmake -E cmake_depends "Unix Makefiles" /micro_ros_ws/firmware/mcu_ws/ros2/common_interfaces/stereo_msgs /micro_ros_ws/firmware/mcu_ws/ros2/common_interfaces/stereo_msgs /micro_ros_ws/firmware/mcu_ws/build/stereo_msgs /micro_ros_ws/firmware/mcu_ws/build/stereo_msgs /micro_ros_ws/firmware/mcu_ws/build/stereo_msgs/CMakeFiles/stereo_msgs__rosidl_typesupport_c.dir/DependInfo.cmake --color=
[10.292s] gmake[6]: Entering directory '/micro_ros_ws/firmware/mcu_ws/build/stereo_msgs'
[10.293s] cd /micro_ros_ws/firmware/mcu_ws/build/stereo_msgs && /usr/bin/cmake -E cmake_depends "Unix Makefiles" /micro_ros_ws/firmware/mcu_ws/ros2/common_interfaces/stereo_msgs /micro_ros_ws/firmware/mcu_ws/ros2/common_interfaces/stereo_msgs /micro_ros_ws/firmware/mcu_ws/build/stereo_msgs /micro_ros_ws/firmware/mcu_ws/build/stereo_msgs /micro_ros_ws/firmware/mcu_ws/build/stereo_msgs/CMakeFiles/stereo_msgs__rosidl_typesupport_introspection_c.dir/DependInfo.cmake --color=
[10.327s] Dependencies file "CMakeFiles/stereo_msgs__rosidl_typesupport_microxrcedds_c.dir/rosidl_typesupport_microxrcedds_c/stereo_msgs/msg/detail/microxrcedds/disparity_image__type_support_c.c.obj.d" is newer than depends file "/micro_ros_ws/firmware/mcu_ws/build/stereo_msgs/CMakeFiles/stereo_msgs__rosidl_typesupport_microxrcedds_c.dir/compiler_depend.internal".
[10.329s] [35m[1mConsolidate compiler generated dependencies of target stereo_msgs__rosidl_typesupport_microxrcedds_c[0m
[10.390s] gmake[6]: Leaving directory '/micro_ros_ws/firmware/mcu_ws/build/stereo_msgs'
[10.391s] /usr/bin/gmake  -f CMakeFiles/stereo_msgs__rosidl_typesupport_microxrcedds_c.dir/build.make CMakeFiles/stereo_msgs__rosidl_typesupport_microxrcedds_c.dir/build
[10.398s] Dependencies file "CMakeFiles/stereo_msgs__rosidl_typesupport_c.dir/rosidl_typesupport_c/stereo_msgs/msg/disparity_image__type_support.cpp.obj.d" is newer than depends file "/micro_ros_ws/firmware/mcu_ws/build/stereo_msgs/CMakeFiles/stereo_msgs__rosidl_typesupport_c.dir/compiler_depend.internal".
[10.400s] [35m[1mConsolidate compiler generated dependencies of target stereo_msgs__rosidl_typesupport_c[0m
[10.401s] Dependencies file "CMakeFiles/stereo_msgs__rosidl_typesupport_introspection_c.dir/rosidl_typesupport_introspection_c/stereo_msgs/msg/detail/disparity_image__type_support.c.obj.d" is newer than depends file "/micro_ros_ws/firmware/mcu_ws/build/stereo_msgs/CMakeFiles/stereo_msgs__rosidl_typesupport_introspection_c.dir/compiler_depend.internal".
[10.402s] [35m[1mConsolidate compiler generated dependencies of target stereo_msgs__rosidl_typesupport_introspection_c[0m
[10.430s] gmake[6]: Leaving directory '/micro_ros_ws/firmware/mcu_ws/build/stereo_msgs'
[10.431s] /usr/bin/gmake  -f CMakeFiles/stereo_msgs__rosidl_typesupport_c.dir/build.make CMakeFiles/stereo_msgs__rosidl_typesupport_c.dir/build
[10.447s] gmake[6]: Leaving directory '/micro_ros_ws/firmware/mcu_ws/build/stereo_msgs'
[10.448s] /usr/bin/gmake  -f CMakeFiles/stereo_msgs__rosidl_typesupport_introspection_c.dir/build.make CMakeFiles/stereo_msgs__rosidl_typesupport_introspection_c.dir/build
[10.496s] gmake[6]: Entering directory '/micro_ros_ws/firmware/mcu_ws/build/stereo_msgs'
[10.497s] gmake[6]: Nothing to be done for 'CMakeFiles/stereo_msgs__rosidl_typesupport_microxrcedds_c.dir/build'.
[10.498s] gmake[6]: Leaving directory '/micro_ros_ws/firmware/mcu_ws/build/stereo_msgs'
[10.556s] gmake[6]: Entering directory '/micro_ros_ws/firmware/mcu_ws/build/stereo_msgs'
[10.557s] gmake[6]: Nothing to be done for 'CMakeFiles/stereo_msgs__rosidl_typesupport_c.dir/build'.
[10.559s] gmake[6]: Leaving directory '/micro_ros_ws/firmware/mcu_ws/build/stereo_msgs'
[10.598s] [ 50%] Built target stereo_msgs__rosidl_typesupport_microxrcedds_c
[10.599s] gmake[6]: Entering directory '/micro_ros_ws/firmware/mcu_ws/build/stereo_msgs'
[10.600s] gmake[6]: Nothing to be done for 'CMakeFiles/stereo_msgs__rosidl_typesupport_introspection_c.dir/build'.
[10.601s] gmake[6]: Leaving directory '/micro_ros_ws/firmware/mcu_ws/build/stereo_msgs'
[10.655s] [ 75%] Built target stereo_msgs__rosidl_typesupport_c
[10.690s] [100%] Built target stereo_msgs__rosidl_typesupport_introspection_c
[10.691s] /usr/bin/gmake  -f CMakeFiles/stereo_msgs.dir/build.make CMakeFiles/stereo_msgs.dir/depend
[10.713s] gmake[6]: Entering directory '/micro_ros_ws/firmware/mcu_ws/build/stereo_msgs'
[10.714s] cd /micro_ros_ws/firmware/mcu_ws/build/stereo_msgs && /usr/bin/cmake -E cmake_depends "Unix Makefiles" /micro_ros_ws/firmware/mcu_ws/ros2/common_interfaces/stereo_msgs /micro_ros_ws/firmware/mcu_ws/ros2/common_interfaces/stereo_msgs /micro_ros_ws/firmware/mcu_ws/build/stereo_msgs /micro_ros_ws/firmware/mcu_ws/build/stereo_msgs /micro_ros_ws/firmware/mcu_ws/build/stereo_msgs/CMakeFiles/stereo_msgs.dir/DependInfo.cmake --color=
[10.800s] gmake[6]: Leaving directory '/micro_ros_ws/firmware/mcu_ws/build/stereo_msgs'
[10.801s] /usr/bin/gmake  -f CMakeFiles/stereo_msgs.dir/build.make CMakeFiles/stereo_msgs.dir/build
[10.855s] gmake[6]: Entering directory '/micro_ros_ws/firmware/mcu_ws/build/stereo_msgs'
[10.856s] gmake[6]: Nothing to be done for 'CMakeFiles/stereo_msgs.dir/build'.
[10.857s] gmake[6]: Leaving directory '/micro_ros_ws/firmware/mcu_ws/build/stereo_msgs'
[10.937s] [100%] Built target stereo_msgs
[10.938s] gmake[5]: Leaving directory '/micro_ros_ws/firmware/mcu_ws/build/stereo_msgs'
[10.939s] /usr/bin/cmake -E cmake_progress_start /micro_ros_ws/firmware/mcu_ws/build/stereo_msgs/CMakeFiles 0
[11.017s] gmake[4]: Leaving directory '/micro_ros_ws/firmware/mcu_ws/build/stereo_msgs'
[11.020s] Invoked command in '/micro_ros_ws/firmware/mcu_ws/build/stereo_msgs' returned '0': AMENT_PREFIX_PATH=/micro_ros_ws/firmware/mcu_ws/install:${AMENT_PREFIX_PATH} CMAKE_PREFIX_PATH=/micro_ros_ws/firmware/mcu_ws/install:/micro_ros_ws/firmware/dev_ws/install/ament_lint_common:/micro_ros_ws/firmware/dev_ws/install/ament_cmake_uncrustify:/micro_ros_ws/firmware/dev_ws/install/uncrustify_vendor:/micro_ros_ws/firmware/dev_ws/install/ament_cmake_ros:/micro_ros_ws/firmware/dev_ws/install/ament_cmake_auto:/micro_ros_ws/firmware/dev_ws/install/ament_cmake_gmock:/micro_ros_ws/firmware/dev_ws/install/gmock_vendor:/micro_ros_ws/firmware/dev_ws/install/ament_cmake_gtest:/micro_ros_ws/firmware/dev_ws/install/gtest_vendor:/micro_ros_ws/firmware/dev_ws/install/ament_cmake_xmllint:/micro_ros_ws/firmware/dev_ws/install/ament_cmake_pyflakes:/micro_ros_ws/firmware/dev_ws/install/ament_cmake_pycodestyle:/micro_ros_ws/firmware/dev_ws/install/ament_cmake_pep257:/micro_ros_ws/firmware/dev_ws/install/ament_cmake_pclint:/micro_ros_ws/firmware/dev_ws/install/ament_lint_auto:/micro_ros_ws/firmware/dev_ws/install/ament_cmake:/micro_ros_ws/firmware/dev_ws/install/ament_cmake_version:/micro_ros_ws/firmware/dev_ws/install/ament_cmake_vendor_package:/micro_ros_ws/firmware/dev_ws/install/ament_cmake_pytest:/micro_ros_ws/firmware/dev_ws/install/ament_cmake_nose:/micro_ros_ws/firmware/dev_ws/install/ament_cmake_mypy:/micro_ros_ws/firmware/dev_ws/install/ament_cmake_lint_cmake:/micro_ros_ws/firmware/dev_ws/install/ament_cmake_google_benchmark:/micro_ros_ws/firmware/dev_ws/install/ament_cmake_flake8:/micro_ros_ws/firmware/dev_ws/install/ament_cmake_cpplint:/micro_ros_ws/firmware/dev_ws/install/ament_cmake_cppcheck:/micro_ros_ws/firmware/dev_ws/install/ament_cmake_copyright:/micro_ros_ws/firmware/dev_ws/install/ament_cmake_clang_tidy:/micro_ros_ws/firmware/dev_ws/install/ament_cmake_clang_format:/micro_ros_ws/firmware/dev_ws/install/ament_cmake_test:/micro_ros_ws/firmware/dev_ws/install/ament_cmake_target_dependencies:/micro_ros_ws/firmware/dev_ws/install/ament_cmake_python:/micro_ros_ws/firmware/dev_ws/install/ament_cmake_export_dependencies:/micro_ros_ws/firmware/dev_ws/install/ament_cmake_libraries:/micro_ros_ws/firmware/dev_ws/install/ament_cmake_include_directories:/micro_ros_ws/firmware/dev_ws/install/ament_cmake_gen_version_h:/micro_ros_ws/firmware/dev_ws/install/ament_cmake_export_targets:/micro_ros_ws/firmware/dev_ws/install/ament_cmake_export_link_flags:/micro_ros_ws/firmware/dev_ws/install/ament_cmake_export_interfaces:/micro_ros_ws/firmware/dev_ws/install/ament_cmake_export_libraries:/micro_ros_ws/firmware/dev_ws/install/ament_cmake_export_include_directories:/micro_ros_ws/firmware/dev_ws/install/ament_cmake_export_definitions:/micro_ros_ws/firmware/dev_ws/install/ament_cmake_core:/micro_ros_ws/firmware/dev_ws/install/ament_index_cpp:/micro_ros_ws/firmware/dev_ws/install/ament_uncrustify:/micro_ros_ws/firmware/dev_ws/install/domain_coordinator:/micro_ros_ws/firmware/dev_ws/install/ament_xmllint:/micro_ros_ws/firmware/dev_ws/install/ament_pyflakes:/micro_ros_ws/firmware/dev_ws/install/ament_pycodestyle:/micro_ros_ws/firmware/dev_ws/install/ament_pep257:/micro_ros_ws/firmware/dev_ws/install/ament_pclint:/micro_ros_ws/firmware/dev_ws/install/ament_package:/micro_ros_ws/firmware/dev_ws/install/ament_mypy:/micro_ros_ws/firmware/dev_ws/install/ament_lint_cmake:/micro_ros_ws/firmware/dev_ws/install/ament_flake8:/micro_ros_ws/firmware/dev_ws/install/ament_copyright:/micro_ros_ws/firmware/dev_ws/install/ament_lint:/micro_ros_ws/firmware/dev_ws/install/ament_index_python:/micro_ros_ws/firmware/dev_ws/install/ament_cpplint:/micro_ros_ws/firmware/dev_ws/install/ament_cppcheck:/micro_ros_ws/firmware/dev_ws/install/ament_clang_tidy:/micro_ros_ws/firmware/dev_ws/install/ament_clang_format LD_LIBRARY_PATH=/micro_ros_ws/firmware/mcu_ws/install/lib:${LD_LIBRARY_PATH} PATH=/micro_ros_ws/firmware/mcu_ws/install/bin:${PATH} PYTHONPATH=/micro_ros_ws/firmware/mcu_ws/install/lib/python3.10/site-packages:${PYTHONPATH} /usr/bin/cmake --build /micro_ros_ws/firmware/mcu_ws/build/stereo_msgs -- -j12 -l12
[11.028s] Invoking command in '/micro_ros_ws/firmware/mcu_ws/build/stereo_msgs': AMENT_PREFIX_PATH=/micro_ros_ws/firmware/mcu_ws/install:${AMENT_PREFIX_PATH} CMAKE_PREFIX_PATH=/micro_ros_ws/firmware/mcu_ws/install:/micro_ros_ws/firmware/dev_ws/install/ament_lint_common:/micro_ros_ws/firmware/dev_ws/install/ament_cmake_uncrustify:/micro_ros_ws/firmware/dev_ws/install/uncrustify_vendor:/micro_ros_ws/firmware/dev_ws/install/ament_cmake_ros:/micro_ros_ws/firmware/dev_ws/install/ament_cmake_auto:/micro_ros_ws/firmware/dev_ws/install/ament_cmake_gmock:/micro_ros_ws/firmware/dev_ws/install/gmock_vendor:/micro_ros_ws/firmware/dev_ws/install/ament_cmake_gtest:/micro_ros_ws/firmware/dev_ws/install/gtest_vendor:/micro_ros_ws/firmware/dev_ws/install/ament_cmake_xmllint:/micro_ros_ws/firmware/dev_ws/install/ament_cmake_pyflakes:/micro_ros_ws/firmware/dev_ws/install/ament_cmake_pycodestyle:/micro_ros_ws/firmware/dev_ws/install/ament_cmake_pep257:/micro_ros_ws/firmware/dev_ws/install/ament_cmake_pclint:/micro_ros_ws/firmware/dev_ws/install/ament_lint_auto:/micro_ros_ws/firmware/dev_ws/install/ament_cmake:/micro_ros_ws/firmware/dev_ws/install/ament_cmake_version:/micro_ros_ws/firmware/dev_ws/install/ament_cmake_vendor_package:/micro_ros_ws/firmware/dev_ws/install/ament_cmake_pytest:/micro_ros_ws/firmware/dev_ws/install/ament_cmake_nose:/micro_ros_ws/firmware/dev_ws/install/ament_cmake_mypy:/micro_ros_ws/firmware/dev_ws/install/ament_cmake_lint_cmake:/micro_ros_ws/firmware/dev_ws/install/ament_cmake_google_benchmark:/micro_ros_ws/firmware/dev_ws/install/ament_cmake_flake8:/micro_ros_ws/firmware/dev_ws/install/ament_cmake_cpplint:/micro_ros_ws/firmware/dev_ws/install/ament_cmake_cppcheck:/micro_ros_ws/firmware/dev_ws/install/ament_cmake_copyright:/micro_ros_ws/firmware/dev_ws/install/ament_cmake_clang_tidy:/micro_ros_ws/firmware/dev_ws/install/ament_cmake_clang_format:/micro_ros_ws/firmware/dev_ws/install/ament_cmake_test:/micro_ros_ws/firmware/dev_ws/install/ament_cmake_target_dependencies:/micro_ros_ws/firmware/dev_ws/install/ament_cmake_python:/micro_ros_ws/firmware/dev_ws/install/ament_cmake_export_dependencies:/micro_ros_ws/firmware/dev_ws/install/ament_cmake_libraries:/micro_ros_ws/firmware/dev_ws/install/ament_cmake_include_directories:/micro_ros_ws/firmware/dev_ws/install/ament_cmake_gen_version_h:/micro_ros_ws/firmware/dev_ws/install/ament_cmake_export_targets:/micro_ros_ws/firmware/dev_ws/install/ament_cmake_export_link_flags:/micro_ros_ws/firmware/dev_ws/install/ament_cmake_export_interfaces:/micro_ros_ws/firmware/dev_ws/install/ament_cmake_export_libraries:/micro_ros_ws/firmware/dev_ws/install/ament_cmake_export_include_directories:/micro_ros_ws/firmware/dev_ws/install/ament_cmake_export_definitions:/micro_ros_ws/firmware/dev_ws/install/ament_cmake_core:/micro_ros_ws/firmware/dev_ws/install/ament_index_cpp:/micro_ros_ws/firmware/dev_ws/install/ament_uncrustify:/micro_ros_ws/firmware/dev_ws/install/domain_coordinator:/micro_ros_ws/firmware/dev_ws/install/ament_xmllint:/micro_ros_ws/firmware/dev_ws/install/ament_pyflakes:/micro_ros_ws/firmware/dev_ws/install/ament_pycodestyle:/micro_ros_ws/firmware/dev_ws/install/ament_pep257:/micro_ros_ws/firmware/dev_ws/install/ament_pclint:/micro_ros_ws/firmware/dev_ws/install/ament_package:/micro_ros_ws/firmware/dev_ws/install/ament_mypy:/micro_ros_ws/firmware/dev_ws/install/ament_lint_cmake:/micro_ros_ws/firmware/dev_ws/install/ament_flake8:/micro_ros_ws/firmware/dev_ws/install/ament_copyright:/micro_ros_ws/firmware/dev_ws/install/ament_lint:/micro_ros_ws/firmware/dev_ws/install/ament_index_python:/micro_ros_ws/firmware/dev_ws/install/ament_cpplint:/micro_ros_ws/firmware/dev_ws/install/ament_cppcheck:/micro_ros_ws/firmware/dev_ws/install/ament_clang_tidy:/micro_ros_ws/firmware/dev_ws/install/ament_clang_format LD_LIBRARY_PATH=/micro_ros_ws/firmware/mcu_ws/install/lib:${LD_LIBRARY_PATH} PATH=/micro_ros_ws/firmware/mcu_ws/install/bin:${PATH} PYTHONPATH=/micro_ros_ws/firmware/mcu_ws/install/lib/python3.10/site-packages:${PYTHONPATH} /usr/bin/cmake --install /micro_ros_ws/firmware/mcu_ws/build/stereo_msgs
[11.094s] -- Install configuration: "Debug"
[11.102s] -- Up-to-date: /micro_ros_ws/firmware/mcu_ws/install/share/ament_index/resource_index/rosidl_interfaces/stereo_msgs
[11.106s] -- Up-to-date: /micro_ros_ws/firmware/mcu_ws/install/include/stereo_msgs/stereo_msgs
[11.112s] -- Up-to-date: /micro_ros_ws/firmware/mcu_ws/install/include/stereo_msgs/stereo_msgs/msg
[11.118s] -- Up-to-date: /micro_ros_ws/firmware/mcu_ws/install/include/stereo_msgs/stereo_msgs/msg/detail
[11.126s] -- Up-to-date: /micro_ros_ws/firmware/mcu_ws/install/include/stereo_msgs/stereo_msgs/msg/detail/disparity_image__functions.c
[11.133s] -- Up-to-date: /micro_ros_ws/firmware/mcu_ws/install/include/stereo_msgs/stereo_msgs/msg/detail/disparity_image__functions.h
[11.139s] -- Up-to-date: /micro_ros_ws/firmware/mcu_ws/install/include/stereo_msgs/stereo_msgs/msg/detail/disparity_image__struct.h
[11.145s] -- Up-to-date: /micro_ros_ws/firmware/mcu_ws/install/include/stereo_msgs/stereo_msgs/msg/detail/disparity_image__type_support.h
[11.150s] -- Up-to-date: /micro_ros_ws/firmware/mcu_ws/install/include/stereo_msgs/stereo_msgs/msg/disparity_image.h
[11.155s] -- Up-to-date: /micro_ros_ws/firmware/mcu_ws/install/include/stereo_msgs/stereo_msgs/msg/rosidl_generator_c__visibility_control.h
[11.166s] -- Up-to-date: /micro_ros_ws/firmware/mcu_ws/install/share/stereo_msgs/environment/library_path.sh
[11.174s] -- Installing: /micro_ros_ws/firmware/mcu_ws/install/share/stereo_msgs/environment/library_path.dsv
[11.191s] -- Installing: /micro_ros_ws/firmware/mcu_ws/install/lib/libstereo_msgs__rosidl_generator_c.a
[11.205s] -- Up-to-date: /micro_ros_ws/firmware/mcu_ws/install/include/stereo_msgs/stereo_msgs
[11.210s] -- Up-to-date: /micro_ros_ws/firmware/mcu_ws/install/include/stereo_msgs/stereo_msgs/msg
[11.216s] -- Up-to-date: /micro_ros_ws/firmware/mcu_ws/install/include/stereo_msgs/stereo_msgs/msg/detail
[11.224s] -- Up-to-date: /micro_ros_ws/firmware/mcu_ws/install/include/stereo_msgs/stereo_msgs/msg/detail/disparity_image__rosidl_typesupport_introspection_c.h
[11.230s] -- Up-to-date: /micro_ros_ws/firmware/mcu_ws/install/include/stereo_msgs/stereo_msgs/msg/detail/disparity_image__type_support.c
[11.236s] -- Up-to-date: /micro_ros_ws/firmware/mcu_ws/install/include/stereo_msgs/stereo_msgs/msg/rosidl_typesupport_introspection_c__visibility_control.h
[11.240s] -- Up-to-date: /micro_ros_ws/firmware/mcu_ws/install/lib/libstereo_msgs__rosidl_typesupport_introspection_c.a
[11.243s] -- Up-to-date: /micro_ros_ws/firmware/mcu_ws/install/include/stereo_msgs/stereo_msgs
[11.248s] -- Up-to-date: /micro_ros_ws/firmware/mcu_ws/install/include/stereo_msgs/stereo_msgs/msg
[11.255s] -- Up-to-date: /micro_ros_ws/firmware/mcu_ws/install/include/stereo_msgs/stereo_msgs/msg/detail
[11.267s] -- Up-to-date: /micro_ros_ws/firmware/mcu_ws/install/include/stereo_msgs/stereo_msgs/msg/detail/disparity_image__rosidl_typesupport_microxrcedds_c.h
[11.273s] -- Up-to-date: /micro_ros_ws/firmware/mcu_ws/install/include/stereo_msgs/stereo_msgs/msg/detail/microxrcedds
[11.282s] -- Up-to-date: /micro_ros_ws/firmware/mcu_ws/install/include/stereo_msgs/stereo_msgs/msg/rosidl_typesupport_microxrcedds_c__visibility_control.h
[11.287s] -- Up-to-date: /micro_ros_ws/firmware/mcu_ws/install/lib/libstereo_msgs__rosidl_typesupport_microxrcedds_c.a
[11.291s] -- Up-to-date: /micro_ros_ws/firmware/mcu_ws/install/lib/libstereo_msgs__rosidl_typesupport_c.a
[11.298s] -- Up-to-date: /micro_ros_ws/firmware/mcu_ws/install/share/stereo_msgs/msg/DisparityImage.idl
[11.304s] -- Up-to-date: /micro_ros_ws/firmware/mcu_ws/install/share/stereo_msgs/msg/DisparityImage.msg
[11.312s] -- Up-to-date: /micro_ros_ws/firmware/mcu_ws/install/share/ament_index/resource_index/package_run_dependencies/stereo_msgs
[11.320s] -- Up-to-date: /micro_ros_ws/firmware/mcu_ws/install/share/ament_index/resource_index/parent_prefix_path/stereo_msgs
[11.328s] -- Up-to-date: /micro_ros_ws/firmware/mcu_ws/install/share/stereo_msgs/environment/ament_prefix_path.sh
[11.334s] -- Installing: /micro_ros_ws/firmware/mcu_ws/install/share/stereo_msgs/environment/ament_prefix_path.dsv
[11.352s] -- Up-to-date: /micro_ros_ws/firmware/mcu_ws/install/share/stereo_msgs/environment/path.sh
[11.359s] -- Installing: /micro_ros_ws/firmware/mcu_ws/install/share/stereo_msgs/environment/path.dsv
[11.384s] -- Up-to-date: /micro_ros_ws/firmware/mcu_ws/install/share/stereo_msgs/local_setup.bash
[11.390s] -- Up-to-date: /micro_ros_ws/firmware/mcu_ws/install/share/stereo_msgs/local_setup.sh
[11.396s] -- Up-to-date: /micro_ros_ws/firmware/mcu_ws/install/share/stereo_msgs/local_setup.zsh
[11.401s] -- Installing: /micro_ros_ws/firmware/mcu_ws/install/share/stereo_msgs/local_setup.dsv
[11.416s] -- Installing: /micro_ros_ws/firmware/mcu_ws/install/share/stereo_msgs/package.dsv
[11.434s] -- Up-to-date: /micro_ros_ws/firmware/mcu_ws/install/share/ament_index/resource_index/packages/stereo_msgs
[11.446s] -- Up-to-date: /micro_ros_ws/firmware/mcu_ws/install/share/stereo_msgs/cmake/export_stereo_msgs__rosidl_generator_cExport.cmake
[11.453s] -- Up-to-date: /micro_ros_ws/firmware/mcu_ws/install/share/stereo_msgs/cmake/export_stereo_msgs__rosidl_generator_cExport-debug.cmake
[11.465s] -- Up-to-date: /micro_ros_ws/firmware/mcu_ws/install/share/stereo_msgs/cmake/stereo_msgs__rosidl_typesupport_introspection_cExport.cmake
[11.474s] -- Up-to-date: /micro_ros_ws/firmware/mcu_ws/install/share/stereo_msgs/cmake/stereo_msgs__rosidl_typesupport_introspection_cExport-debug.cmake
[11.484s] -- Up-to-date: /micro_ros_ws/firmware/mcu_ws/install/share/stereo_msgs/cmake/stereo_msgs__rosidl_typesupport_cExport.cmake
[11.490s] -- Up-to-date: /micro_ros_ws/firmware/mcu_ws/install/share/stereo_msgs/cmake/stereo_msgs__rosidl_typesupport_cExport-debug.cmake
[11.495s] -- Up-to-date: /micro_ros_ws/firmware/mcu_ws/install/share/stereo_msgs/cmake/rosidl_cmake-extras.cmake
[11.500s] -- Up-to-date: /micro_ros_ws/firmware/mcu_ws/install/share/stereo_msgs/cmake/ament_cmake_export_dependencies-extras.cmake
[11.505s] -- Up-to-date: /micro_ros_ws/firmware/mcu_ws/install/share/stereo_msgs/cmake/ament_cmake_export_include_directories-extras.cmake
[11.511s] -- Up-to-date: /micro_ros_ws/firmware/mcu_ws/install/share/stereo_msgs/cmake/ament_cmake_export_libraries-extras.cmake
[11.516s] -- Up-to-date: /micro_ros_ws/firmware/mcu_ws/install/share/stereo_msgs/cmake/ament_cmake_export_targets-extras.cmake
[11.522s] -- Up-to-date: /micro_ros_ws/firmware/mcu_ws/install/share/stereo_msgs/cmake/rosidl_cmake_export_typesupport_targets-extras.cmake
[11.527s] -- Up-to-date: /micro_ros_ws/firmware/mcu_ws/install/share/stereo_msgs/cmake/rosidl_cmake_export_typesupport_libraries-extras.cmake
[11.533s] -- Up-to-date: /micro_ros_ws/firmware/mcu_ws/install/share/stereo_msgs/cmake/rosidl_cmake_aggregate_target-extras.cmake
[11.540s] -- Up-to-date: /micro_ros_ws/firmware/mcu_ws/install/share/stereo_msgs/cmake/stereo_msgsConfig.cmake
[11.545s] -- Up-to-date: /micro_ros_ws/firmware/mcu_ws/install/share/stereo_msgs/cmake/stereo_msgsConfig-version.cmake
[11.552s] -- Up-to-date: /micro_ros_ws/firmware/mcu_ws/install/share/stereo_msgs/package.xml
[11.556s] Invoked command in '/micro_ros_ws/firmware/mcu_ws/build/stereo_msgs' returned '0': AMENT_PREFIX_PATH=/micro_ros_ws/firmware/mcu_ws/install:${AMENT_PREFIX_PATH} CMAKE_PREFIX_PATH=/micro_ros_ws/firmware/mcu_ws/install:/micro_ros_ws/firmware/dev_ws/install/ament_lint_common:/micro_ros_ws/firmware/dev_ws/install/ament_cmake_uncrustify:/micro_ros_ws/firmware/dev_ws/install/uncrustify_vendor:/micro_ros_ws/firmware/dev_ws/install/ament_cmake_ros:/micro_ros_ws/firmware/dev_ws/install/ament_cmake_auto:/micro_ros_ws/firmware/dev_ws/install/ament_cmake_gmock:/micro_ros_ws/firmware/dev_ws/install/gmock_vendor:/micro_ros_ws/firmware/dev_ws/install/ament_cmake_gtest:/micro_ros_ws/firmware/dev_ws/install/gtest_vendor:/micro_ros_ws/firmware/dev_ws/install/ament_cmake_xmllint:/micro_ros_ws/firmware/dev_ws/install/ament_cmake_pyflakes:/micro_ros_ws/firmware/dev_ws/install/ament_cmake_pycodestyle:/micro_ros_ws/firmware/dev_ws/install/ament_cmake_pep257:/micro_ros_ws/firmware/dev_ws/install/ament_cmake_pclint:/micro_ros_ws/firmware/dev_ws/install/ament_lint_auto:/micro_ros_ws/firmware/dev_ws/install/ament_cmake:/micro_ros_ws/firmware/dev_ws/install/ament_cmake_version:/micro_ros_ws/firmware/dev_ws/install/ament_cmake_vendor_package:/micro_ros_ws/firmware/dev_ws/install/ament_cmake_pytest:/micro_ros_ws/firmware/dev_ws/install/ament_cmake_nose:/micro_ros_ws/firmware/dev_ws/install/ament_cmake_mypy:/micro_ros_ws/firmware/dev_ws/install/ament_cmake_lint_cmake:/micro_ros_ws/firmware/dev_ws/install/ament_cmake_google_benchmark:/micro_ros_ws/firmware/dev_ws/install/ament_cmake_flake8:/micro_ros_ws/firmware/dev_ws/install/ament_cmake_cpplint:/micro_ros_ws/firmware/dev_ws/install/ament_cmake_cppcheck:/micro_ros_ws/firmware/dev_ws/install/ament_cmake_copyright:/micro_ros_ws/firmware/dev_ws/install/ament_cmake_clang_tidy:/micro_ros_ws/firmware/dev_ws/install/ament_cmake_clang_format:/micro_ros_ws/firmware/dev_ws/install/ament_cmake_test:/micro_ros_ws/firmware/dev_ws/install/ament_cmake_target_dependencies:/micro_ros_ws/firmware/dev_ws/install/ament_cmake_python:/micro_ros_ws/firmware/dev_ws/install/ament_cmake_export_dependencies:/micro_ros_ws/firmware/dev_ws/install/ament_cmake_libraries:/micro_ros_ws/firmware/dev_ws/install/ament_cmake_include_directories:/micro_ros_ws/firmware/dev_ws/install/ament_cmake_gen_version_h:/micro_ros_ws/firmware/dev_ws/install/ament_cmake_export_targets:/micro_ros_ws/firmware/dev_ws/install/ament_cmake_export_link_flags:/micro_ros_ws/firmware/dev_ws/install/ament_cmake_export_interfaces:/micro_ros_ws/firmware/dev_ws/install/ament_cmake_export_libraries:/micro_ros_ws/firmware/dev_ws/install/ament_cmake_export_include_directories:/micro_ros_ws/firmware/dev_ws/install/ament_cmake_export_definitions:/micro_ros_ws/firmware/dev_ws/install/ament_cmake_core:/micro_ros_ws/firmware/dev_ws/install/ament_index_cpp:/micro_ros_ws/firmware/dev_ws/install/ament_uncrustify:/micro_ros_ws/firmware/dev_ws/install/domain_coordinator:/micro_ros_ws/firmware/dev_ws/install/ament_xmllint:/micro_ros_ws/firmware/dev_ws/install/ament_pyflakes:/micro_ros_ws/firmware/dev_ws/install/ament_pycodestyle:/micro_ros_ws/firmware/dev_ws/install/ament_pep257:/micro_ros_ws/firmware/dev_ws/install/ament_pclint:/micro_ros_ws/firmware/dev_ws/install/ament_package:/micro_ros_ws/firmware/dev_ws/install/ament_mypy:/micro_ros_ws/firmware/dev_ws/install/ament_lint_cmake:/micro_ros_ws/firmware/dev_ws/install/ament_flake8:/micro_ros_ws/firmware/dev_ws/install/ament_copyright:/micro_ros_ws/firmware/dev_ws/install/ament_lint:/micro_ros_ws/firmware/dev_ws/install/ament_index_python:/micro_ros_ws/firmware/dev_ws/install/ament_cpplint:/micro_ros_ws/firmware/dev_ws/install/ament_cppcheck:/micro_ros_ws/firmware/dev_ws/install/ament_clang_tidy:/micro_ros_ws/firmware/dev_ws/install/ament_clang_format LD_LIBRARY_PATH=/micro_ros_ws/firmware/mcu_ws/install/lib:${LD_LIBRARY_PATH} PATH=/micro_ros_ws/firmware/mcu_ws/install/bin:${PATH} PYTHONPATH=/micro_ros_ws/firmware/mcu_ws/install/lib/python3.10/site-packages:${PYTHONPATH} /usr/bin/cmake --install /micro_ros_ws/firmware/mcu_ws/build/stereo_msgs
