In file included from /micro_ros_ws/firmware/mcu_ws/uros/rmw_microxrcedds/rmw_microxrcedds_c/src/rmw_init.c:15:
/micro_ros_ws/firmware/toolchain/esp-idf/components/newlib/platform_include/time.h:22:2: warning: #include_next is a GCC extension
 #include_next <time.h>
  ^~~~~~~~~~~~
In file included from /micro_ros_ws/firmware/mcu_ws/uros/rmw_microxrcedds/rmw_microxrcedds_c/src/./rmw_microros_internal/utils.h:20,
                 from /micro_ros_ws/firmware/mcu_ws/uros/rmw_microxrcedds/rmw_microxrcedds_c/src/rmw_get_serialization_format.c:16:
/micro_ros_ws/firmware/mcu_ws/uros/rmw_microxrcedds/rmw_microxrcedds_c/src/./rmw_microros_internal/types.h:274:33: warning: ISO C forbids zero-size array 'custom_subscriptions' [-Wpedantic]
 extern rmw_uxrce_subscription_t custom_subscriptions[RMW_UXRCE_MAX_SUBSCRIPTIONS];
                                 ^~~~~~~~~~~~~~~~~~~~
/micro_ros_ws/firmware/mcu_ws/uros/rmw_microxrcedds/rmw_microxrcedds_c/src/./rmw_microros_internal/types.h:277:28: warning: ISO C forbids zero-size array 'custom_services' [-Wpedantic]
 extern rmw_uxrce_service_t custom_services[RMW_UXRCE_MAX_SERVICES];
                            ^~~~~~~~~~~~~~~
/micro_ros_ws/firmware/mcu_ws/uros/rmw_microxrcedds/rmw_microxrcedds_c/src/./rmw_microros_internal/types.h:280:27: warning: ISO C forbids zero-size array 'custom_clients' [-Wpedantic]
 extern rmw_uxrce_client_t custom_clients[RMW_UXRCE_MAX_CLIENTS];
                           ^~~~~~~~~~~~~~
In file included from /micro_ros_ws/firmware/mcu_ws/uros/rmw_microxrcedds/rmw_microxrcedds_c/src/./rmw_microros_internal/utils.h:20,
                 from /micro_ros_ws/firmware/mcu_ws/uros/rmw_microxrcedds/rmw_microxrcedds_c/src/rmw_get_implementation_identifier.c:16:
/micro_ros_ws/firmware/mcu_ws/uros/rmw_microxrcedds/rmw_microxrcedds_c/src/./rmw_microros_internal/types.h:274:33: warning: ISO C forbids zero-size array 'custom_subscriptions' [-Wpedantic]
 extern rmw_uxrce_subscription_t custom_subscriptions[RMW_UXRCE_MAX_SUBSCRIPTIONS];
                                 ^~~~~~~~~~~~~~~~~~~~
/micro_ros_ws/firmware/mcu_ws/uros/rmw_microxrcedds/rmw_microxrcedds_c/src/./rmw_microros_internal/types.h:277:28: warning: ISO C forbids zero-size array 'custom_services' [-Wpedantic]
 extern rmw_uxrce_service_t custom_services[RMW_UXRCE_MAX_SERVICES];
                            ^~~~~~~~~~~~~~~
/micro_ros_ws/firmware/mcu_ws/uros/rmw_microxrcedds/rmw_microxrcedds_c/src/./rmw_microros_internal/types.h:280:27: warning: ISO C forbids zero-size array 'custom_clients' [-Wpedantic]
 extern rmw_uxrce_client_t custom_clients[RMW_UXRCE_MAX_CLIENTS];
                           ^~~~~~~~~~~~~~
In file included from /micro_ros_ws/firmware/mcu_ws/uros/rmw_microxrcedds/rmw_microxrcedds_c/src/rmw_get_gid_for_publisher.c:18:
/micro_ros_ws/firmware/mcu_ws/uros/rmw_microxrcedds/rmw_microxrcedds_c/src/./rmw_microros_internal/types.h:274:33: warning: ISO C forbids zero-size array 'custom_subscriptions' [-Wpedantic]
 extern rmw_uxrce_subscription_t custom_subscriptions[RMW_UXRCE_MAX_SUBSCRIPTIONS];
                                 ^~~~~~~~~~~~~~~~~~~~
/micro_ros_ws/firmware/mcu_ws/uros/rmw_microxrcedds/rmw_microxrcedds_c/src/./rmw_microros_internal/types.h:277:28: warning: ISO C forbids zero-size array 'custom_services' [-Wpedantic]
 extern rmw_uxrce_service_t custom_services[RMW_UXRCE_MAX_SERVICES];
                            ^~~~~~~~~~~~~~~
/micro_ros_ws/firmware/mcu_ws/uros/rmw_microxrcedds/rmw_microxrcedds_c/src/./rmw_microros_internal/types.h:280:27: warning: ISO C forbids zero-size array 'custom_clients' [-Wpedantic]
 extern rmw_uxrce_client_t custom_clients[RMW_UXRCE_MAX_CLIENTS];
                           ^~~~~~~~~~~~~~
In file included from /micro_ros_ws/firmware/mcu_ws/uros/rmw_microxrcedds/rmw_microxrcedds_c/src/rmw_count.c:22:
/micro_ros_ws/firmware/mcu_ws/uros/rmw_microxrcedds/rmw_microxrcedds_c/src/./rmw_microros_internal/types.h:274:33: warning: ISO C forbids zero-size array 'custom_subscriptions' [-Wpedantic]
 extern rmw_uxrce_subscription_t custom_subscriptions[RMW_UXRCE_MAX_SUBSCRIPTIONS];
                                 ^~~~~~~~~~~~~~~~~~~~
/micro_ros_ws/firmware/mcu_ws/uros/rmw_microxrcedds/rmw_microxrcedds_c/src/./rmw_microros_internal/types.h:277:28: warning: ISO C forbids zero-size array 'custom_services' [-Wpedantic]
 extern rmw_uxrce_service_t custom_services[RMW_UXRCE_MAX_SERVICES];
                            ^~~~~~~~~~~~~~~
/micro_ros_ws/firmware/mcu_ws/uros/rmw_microxrcedds/rmw_microxrcedds_c/src/./rmw_microros_internal/types.h:280:27: warning: ISO C forbids zero-size array 'custom_clients' [-Wpedantic]
 extern rmw_uxrce_client_t custom_clients[RMW_UXRCE_MAX_CLIENTS];
                           ^~~~~~~~~~~~~~
In file included from /micro_ros_ws/firmware/mcu_ws/uros/rmw_microxrcedds/rmw_microxrcedds_c/src/./rmw_microros_internal/utils.h:20,
                 from /micro_ros_ws/firmware/mcu_ws/uros/rmw_microxrcedds/rmw_microxrcedds_c/src/rmw_client.c:26:
/micro_ros_ws/firmware/mcu_ws/uros/rmw_microxrcedds/rmw_microxrcedds_c/src/./rmw_microros_internal/types.h:274:33: warning: ISO C forbids zero-size array 'custom_subscriptions' [-Wpedantic]
 extern rmw_uxrce_subscription_t custom_subscriptions[RMW_UXRCE_MAX_SUBSCRIPTIONS];
                                 ^~~~~~~~~~~~~~~~~~~~
/micro_ros_ws/firmware/mcu_ws/uros/rmw_microxrcedds/rmw_microxrcedds_c/src/./rmw_microros_internal/types.h:277:28: warning: ISO C forbids zero-size array 'custom_services' [-Wpedantic]
 extern rmw_uxrce_service_t custom_services[RMW_UXRCE_MAX_SERVICES];
                            ^~~~~~~~~~~~~~~
/micro_ros_ws/firmware/mcu_ws/uros/rmw_microxrcedds/rmw_microxrcedds_c/src/./rmw_microros_internal/types.h:280:27: warning: ISO C forbids zero-size array 'custom_clients' [-Wpedantic]
 extern rmw_uxrce_client_t custom_clients[RMW_UXRCE_MAX_CLIENTS];
                           ^~~~~~~~~~~~~~
In file included from /micro_ros_ws/firmware/mcu_ws/uros/rmw_microxrcedds/rmw_microxrcedds_c/src/rmw_get_topic_endpoint_info.c:25:
/micro_ros_ws/firmware/mcu_ws/uros/rmw_microxrcedds/rmw_microxrcedds_c/src/./rmw_microros_internal/types.h:274:33: warning: ISO C forbids zero-size array 'custom_subscriptions' [-Wpedantic]
 extern rmw_uxrce_subscription_t custom_subscriptions[RMW_UXRCE_MAX_SUBSCRIPTIONS];
                                 ^~~~~~~~~~~~~~~~~~~~
/micro_ros_ws/firmware/mcu_ws/uros/rmw_microxrcedds/rmw_microxrcedds_c/src/./rmw_microros_internal/types.h:277:28: warning: ISO C forbids zero-size array 'custom_services' [-Wpedantic]
 extern rmw_uxrce_service_t custom_services[RMW_UXRCE_MAX_SERVICES];
                            ^~~~~~~~~~~~~~~
/micro_ros_ws/firmware/mcu_ws/uros/rmw_microxrcedds/rmw_microxrcedds_c/src/./rmw_microros_internal/types.h:280:27: warning: ISO C forbids zero-size array 'custom_clients' [-Wpedantic]
 extern rmw_uxrce_client_t custom_clients[RMW_UXRCE_MAX_CLIENTS];
                           ^~~~~~~~~~~~~~
In file included from /micro_ros_ws/firmware/mcu_ws/uros/rmw_microxrcedds/rmw_microxrcedds_c/src/./rmw_microros_internal/utils.h:20,
                 from /micro_ros_ws/firmware/mcu_ws/uros/rmw_microxrcedds/rmw_microxrcedds_c/src/rmw_guard_condition.c:18:
/micro_ros_ws/firmware/mcu_ws/uros/rmw_microxrcedds/rmw_microxrcedds_c/src/./rmw_microros_internal/types.h:274:33: warning: ISO C forbids zero-size array 'custom_subscriptions' [-Wpedantic]
 extern rmw_uxrce_subscription_t custom_subscriptions[RMW_UXRCE_MAX_SUBSCRIPTIONS];
                                 ^~~~~~~~~~~~~~~~~~~~
/micro_ros_ws/firmware/mcu_ws/uros/rmw_microxrcedds/rmw_microxrcedds_c/src/./rmw_microros_internal/types.h:277:28: warning: ISO C forbids zero-size array 'custom_services' [-Wpedantic]
 extern rmw_uxrce_service_t custom_services[RMW_UXRCE_MAX_SERVICES];
                            ^~~~~~~~~~~~~~~
/micro_ros_ws/firmware/mcu_ws/uros/rmw_microxrcedds/rmw_microxrcedds_c/src/./rmw_microros_internal/types.h:280:27: warning: ISO C forbids zero-size array 'custom_clients' [-Wpedantic]
 extern rmw_uxrce_client_t custom_clients[RMW_UXRCE_MAX_CLIENTS];
                           ^~~~~~~~~~~~~~
In file included from /micro_ros_ws/firmware/mcu_ws/uros/rmw_microxrcedds/rmw_microxrcedds_c/src/./rmw_microros_internal/callbacks.h:20,
                 from /micro_ros_ws/firmware/mcu_ws/uros/rmw_microxrcedds/rmw_microxrcedds_c/src/rmw_init.c:26:
/micro_ros_ws/firmware/mcu_ws/uros/rmw_microxrcedds/rmw_microxrcedds_c/src/./rmw_microros_internal/types.h:274:33: warning: ISO C forbids zero-size array 'custom_subscriptions' [-Wpedantic]
 extern rmw_uxrce_subscription_t custom_subscriptions[RMW_UXRCE_MAX_SUBSCRIPTIONS];
                                 ^~~~~~~~~~~~~~~~~~~~
/micro_ros_ws/firmware/mcu_ws/uros/rmw_microxrcedds/rmw_microxrcedds_c/src/./rmw_microros_internal/types.h:277:28: warning: ISO C forbids zero-size array 'custom_services' [-Wpedantic]
 extern rmw_uxrce_service_t custom_services[RMW_UXRCE_MAX_SERVICES];
                            ^~~~~~~~~~~~~~~
/micro_ros_ws/firmware/mcu_ws/uros/rmw_microxrcedds/rmw_microxrcedds_c/src/./rmw_microros_internal/types.h:280:27: warning: ISO C forbids zero-size array 'custom_clients' [-Wpedantic]
 extern rmw_uxrce_client_t custom_clients[RMW_UXRCE_MAX_CLIENTS];
                           ^~~~~~~~~~~~~~
In file included from /micro_ros_ws/firmware/mcu_ws/uros/rmw_microxrcedds/rmw_microxrcedds_c/src/rmw_microros_internal/rmw_microxrcedds_topic.h:21,
                 from /micro_ros_ws/firmware/mcu_ws/uros/rmw_microxrcedds/rmw_microxrcedds_c/src/rmw_microxrcedds_topic.c:15:
/micro_ros_ws/firmware/mcu_ws/uros/rmw_microxrcedds/rmw_microxrcedds_c/src/./rmw_microros_internal/types.h:274:33: warning: ISO C forbids zero-size array 'custom_subscriptions' [-Wpedantic]
 extern rmw_uxrce_subscription_t custom_subscriptions[RMW_UXRCE_MAX_SUBSCRIPTIONS];
                                 ^~~~~~~~~~~~~~~~~~~~
/micro_ros_ws/firmware/mcu_ws/uros/rmw_microxrcedds/rmw_microxrcedds_c/src/./rmw_microros_internal/types.h:277:28: warning: ISO C forbids zero-size array 'custom_services' [-Wpedantic]
 extern rmw_uxrce_service_t custom_services[RMW_UXRCE_MAX_SERVICES];
                            ^~~~~~~~~~~~~~~
/micro_ros_ws/firmware/mcu_ws/uros/rmw_microxrcedds/rmw_microxrcedds_c/src/./rmw_microros_internal/types.h:280:27: warning: ISO C forbids zero-size array 'custom_clients' [-Wpedantic]
 extern rmw_uxrce_client_t custom_clients[RMW_UXRCE_MAX_CLIENTS];
                           ^~~~~~~~~~~~~~
In file included from /micro_ros_ws/firmware/mcu_ws/uros/rmw_microxrcedds/rmw_microxrcedds_c/src/rmw_microros_internal/rmw_node.h:20,
                 from /micro_ros_ws/firmware/mcu_ws/uros/rmw_microxrcedds/rmw_microxrcedds_c/src/rmw_node.c:15:
/micro_ros_ws/firmware/mcu_ws/uros/rmw_microxrcedds/rmw_microxrcedds_c/src/./rmw_microros_internal/types.h:274:33: warning: ISO C forbids zero-size array 'custom_subscriptions' [-Wpedantic]
 extern rmw_uxrce_subscription_t custom_subscriptions[RMW_UXRCE_MAX_SUBSCRIPTIONS];
                                 ^~~~~~~~~~~~~~~~~~~~
/micro_ros_ws/firmware/mcu_ws/uros/rmw_microxrcedds/rmw_microxrcedds_c/src/./rmw_microros_internal/types.h:277:28: warning: ISO C forbids zero-size array 'custom_services' [-Wpedantic]
 extern rmw_uxrce_service_t custom_services[RMW_UXRCE_MAX_SERVICES];
                            ^~~~~~~~~~~~~~~
/micro_ros_ws/firmware/mcu_ws/uros/rmw_microxrcedds/rmw_microxrcedds_c/src/./rmw_microros_internal/types.h:280:27: warning: ISO C forbids zero-size array 'custom_clients' [-Wpedantic]
 extern rmw_uxrce_client_t custom_clients[RMW_UXRCE_MAX_CLIENTS];
                           ^~~~~~~~~~~~~~
In file included from /micro_ros_ws/firmware/mcu_ws/uros/rmw_microxrcedds/rmw_microxrcedds_c/src/rmw_node_info_and_types.c:21:
/micro_ros_ws/firmware/mcu_ws/uros/rmw_microxrcedds/rmw_microxrcedds_c/src/./rmw_microros_internal/types.h:274:33: warning: ISO C forbids zero-size array 'custom_subscriptions' [-Wpedantic]
 extern rmw_uxrce_subscription_t custom_subscriptions[RMW_UXRCE_MAX_SUBSCRIPTIONS];
                                 ^~~~~~~~~~~~~~~~~~~~
/micro_ros_ws/firmware/mcu_ws/uros/rmw_microxrcedds/rmw_microxrcedds_c/src/./rmw_microros_internal/types.h:277:28: warning: ISO C forbids zero-size array 'custom_services' [-Wpedantic]
 extern rmw_uxrce_service_t custom_services[RMW_UXRCE_MAX_SERVICES];
                            ^~~~~~~~~~~~~~~
/micro_ros_ws/firmware/mcu_ws/uros/rmw_microxrcedds/rmw_microxrcedds_c/src/./rmw_microros_internal/types.h:280:27: warning: ISO C forbids zero-size array 'custom_clients' [-Wpedantic]
 extern rmw_uxrce_client_t custom_clients[RMW_UXRCE_MAX_CLIENTS];
                           ^~~~~~~~~~~~~~
In file included from /micro_ros_ws/firmware/mcu_ws/uros/rmw_microxrcedds/rmw_microxrcedds_c/src/rmw_publish.c:19:
/micro_ros_ws/firmware/mcu_ws/uros/rmw_microxrcedds/rmw_microxrcedds_c/src/./rmw_microros_internal/types.h:274:33: warning: ISO C forbids zero-size array 'custom_subscriptions' [-Wpedantic]
 extern rmw_uxrce_subscription_t custom_subscriptions[RMW_UXRCE_MAX_SUBSCRIPTIONS];
                                 ^~~~~~~~~~~~~~~~~~~~
/micro_ros_ws/firmware/mcu_ws/uros/rmw_microxrcedds/rmw_microxrcedds_c/src/./rmw_microros_internal/types.h:277:28: warning: ISO C forbids zero-size array 'custom_services' [-Wpedantic]
 extern rmw_uxrce_service_t custom_services[RMW_UXRCE_MAX_SERVICES];
                            ^~~~~~~~~~~~~~~
/micro_ros_ws/firmware/mcu_ws/uros/rmw_microxrcedds/rmw_microxrcedds_c/src/./rmw_microros_internal/types.h:280:27: warning: ISO C forbids zero-size array 'custom_clients' [-Wpedantic]
 extern rmw_uxrce_client_t custom_clients[RMW_UXRCE_MAX_CLIENTS];
                           ^~~~~~~~~~~~~~
In file included from /micro_ros_ws/firmware/mcu_ws/uros/rmw_microxrcedds/rmw_microxrcedds_c/src/rmw_node_names.c:23:
/micro_ros_ws/firmware/mcu_ws/uros/rmw_microxrcedds/rmw_microxrcedds_c/src/./rmw_microros_internal/types.h:274:33: warning: ISO C forbids zero-size array 'custom_subscriptions' [-Wpedantic]
 extern rmw_uxrce_subscription_t custom_subscriptions[RMW_UXRCE_MAX_SUBSCRIPTIONS];
                                 ^~~~~~~~~~~~~~~~~~~~
/micro_ros_ws/firmware/mcu_ws/uros/rmw_microxrcedds/rmw_microxrcedds_c/src/./rmw_microros_internal/types.h:277:28: warning: ISO C forbids zero-size array 'custom_services' [-Wpedantic]
 extern rmw_uxrce_service_t custom_services[RMW_UXRCE_MAX_SERVICES];
                            ^~~~~~~~~~~~~~~
/micro_ros_ws/firmware/mcu_ws/uros/rmw_microxrcedds/rmw_microxrcedds_c/src/./rmw_microros_internal/types.h:280:27: warning: ISO C forbids zero-size array 'custom_clients' [-Wpedantic]
 extern rmw_uxrce_client_t custom_clients[RMW_UXRCE_MAX_CLIENTS];
                           ^~~~~~~~~~~~~~
In file included from /micro_ros_ws/firmware/mcu_ws/uros/rmw_microxrcedds/rmw_microxrcedds_c/src/./rmw_microros_internal/utils.h:20,
                 from /micro_ros_ws/firmware/mcu_ws/uros/rmw_microxrcedds/rmw_microxrcedds_c/src/rmw_request.c:19:
/micro_ros_ws/firmware/mcu_ws/uros/rmw_microxrcedds/rmw_microxrcedds_c/src/./rmw_microros_internal/types.h:274:33: warning: ISO C forbids zero-size array 'custom_subscriptions' [-Wpedantic]
 extern rmw_uxrce_subscription_t custom_subscriptions[RMW_UXRCE_MAX_SUBSCRIPTIONS];
                                 ^~~~~~~~~~~~~~~~~~~~
/micro_ros_ws/firmware/mcu_ws/uros/rmw_microxrcedds/rmw_microxrcedds_c/src/./rmw_microros_internal/types.h:277:28: warning: ISO C forbids zero-size array 'custom_services' [-Wpedantic]
 extern rmw_uxrce_service_t custom_services[RMW_UXRCE_MAX_SERVICES];
                            ^~~~~~~~~~~~~~~
/micro_ros_ws/firmware/mcu_ws/uros/rmw_microxrcedds/rmw_microxrcedds_c/src/./rmw_microros_internal/types.h:280:27: warning: ISO C forbids zero-size array 'custom_clients' [-Wpedantic]
 extern rmw_uxrce_client_t custom_clients[RMW_UXRCE_MAX_CLIENTS];
                           ^~~~~~~~~~~~~~
In file included from /micro_ros_ws/firmware/mcu_ws/uros/rmw_microxrcedds/rmw_microxrcedds_c/src/./rmw_microros_internal/utils.h:20,
                 from /micro_ros_ws/firmware/mcu_ws/uros/rmw_microxrcedds/rmw_microxrcedds_c/src/rmw_publisher.c:34:
/micro_ros_ws/firmware/mcu_ws/uros/rmw_microxrcedds/rmw_microxrcedds_c/src/./rmw_microros_internal/types.h:274:33: warning: ISO C forbids zero-size array 'custom_subscriptions' [-Wpedantic]
 extern rmw_uxrce_subscription_t custom_subscriptions[RMW_UXRCE_MAX_SUBSCRIPTIONS];
                                 ^~~~~~~~~~~~~~~~~~~~
/micro_ros_ws/firmware/mcu_ws/uros/rmw_microxrcedds/rmw_microxrcedds_c/src/./rmw_microros_internal/types.h:277:28: warning: ISO C forbids zero-size array 'custom_services' [-Wpedantic]
 extern rmw_uxrce_service_t custom_services[RMW_UXRCE_MAX_SERVICES];
                            ^~~~~~~~~~~~~~~
/micro_ros_ws/firmware/mcu_ws/uros/rmw_microxrcedds/rmw_microxrcedds_c/src/./rmw_microros_internal/types.h:280:27: warning: ISO C forbids zero-size array 'custom_clients' [-Wpedantic]
 extern rmw_uxrce_client_t custom_clients[RMW_UXRCE_MAX_CLIENTS];
                           ^~~~~~~~~~~~~~
In file included from /micro_ros_ws/firmware/mcu_ws/uros/rmw_microxrcedds/rmw_microxrcedds_c/src/./rmw_microros_internal/utils.h:20,
                 from /micro_ros_ws/firmware/mcu_ws/uros/rmw_microxrcedds/rmw_microxrcedds_c/src/rmw_response.c:19:
/micro_ros_ws/firmware/mcu_ws/uros/rmw_microxrcedds/rmw_microxrcedds_c/src/./rmw_microros_internal/types.h:274:33: warning: ISO C forbids zero-size array 'custom_subscriptions' [-Wpedantic]
 extern rmw_uxrce_subscription_t custom_subscriptions[RMW_UXRCE_MAX_SUBSCRIPTIONS];
                                 ^~~~~~~~~~~~~~~~~~~~
/micro_ros_ws/firmware/mcu_ws/uros/rmw_microxrcedds/rmw_microxrcedds_c/src/./rmw_microros_internal/types.h:277:28: warning: ISO C forbids zero-size array 'custom_services' [-Wpedantic]
 extern rmw_uxrce_service_t custom_services[RMW_UXRCE_MAX_SERVICES];
                            ^~~~~~~~~~~~~~~
/micro_ros_ws/firmware/mcu_ws/uros/rmw_microxrcedds/rmw_microxrcedds_c/src/./rmw_microros_internal/types.h:280:27: warning: ISO C forbids zero-size array 'custom_clients' [-Wpedantic]
 extern rmw_uxrce_client_t custom_clients[RMW_UXRCE_MAX_CLIENTS];
                           ^~~~~~~~~~~~~~
In file included from /micro_ros_ws/firmware/mcu_ws/uros/rmw_microxrcedds/rmw_microxrcedds_c/src/./rmw_microros_internal/utils.h:20,
                 from /micro_ros_ws/firmware/mcu_ws/uros/rmw_microxrcedds/rmw_microxrcedds_c/src/rmw_service.c:15:
/micro_ros_ws/firmware/mcu_ws/uros/rmw_microxrcedds/rmw_microxrcedds_c/src/./rmw_microros_internal/types.h:274:33: warning: ISO C forbids zero-size array 'custom_subscriptions' [-Wpedantic]
 extern rmw_uxrce_subscription_t custom_subscriptions[RMW_UXRCE_MAX_SUBSCRIPTIONS];
                                 ^~~~~~~~~~~~~~~~~~~~
/micro_ros_ws/firmware/mcu_ws/uros/rmw_microxrcedds/rmw_microxrcedds_c/src/./rmw_microros_internal/types.h:277:28: warning: ISO C forbids zero-size array 'custom_services' [-Wpedantic]
 extern rmw_uxrce_service_t custom_services[RMW_UXRCE_MAX_SERVICES];
                            ^~~~~~~~~~~~~~~
/micro_ros_ws/firmware/mcu_ws/uros/rmw_microxrcedds/rmw_microxrcedds_c/src/./rmw_microros_internal/types.h:280:27: warning: ISO C forbids zero-size array 'custom_clients' [-Wpedantic]
 extern rmw_uxrce_client_t custom_clients[RMW_UXRCE_MAX_CLIENTS];
                           ^~~~~~~~~~~~~~
In file included from /micro_ros_ws/firmware/mcu_ws/uros/rmw_microxrcedds/rmw_microxrcedds_c/src/rmw_service_names_and_types.c:21:
/micro_ros_ws/firmware/mcu_ws/uros/rmw_microxrcedds/rmw_microxrcedds_c/src/./rmw_microros_internal/types.h:274:33: warning: ISO C forbids zero-size array 'custom_subscriptions' [-Wpedantic]
 extern rmw_uxrce_subscription_t custom_subscriptions[RMW_UXRCE_MAX_SUBSCRIPTIONS];
                                 ^~~~~~~~~~~~~~~~~~~~
/micro_ros_ws/firmware/mcu_ws/uros/rmw_microxrcedds/rmw_microxrcedds_c/src/./rmw_microros_internal/types.h:277:28: warning: ISO C forbids zero-size array 'custom_services' [-Wpedantic]
 extern rmw_uxrce_service_t custom_services[RMW_UXRCE_MAX_SERVICES];
                            ^~~~~~~~~~~~~~~
/micro_ros_ws/firmware/mcu_ws/uros/rmw_microxrcedds/rmw_microxrcedds_c/src/./rmw_microros_internal/types.h:280:27: warning: ISO C forbids zero-size array 'custom_clients' [-Wpedantic]
 extern rmw_uxrce_client_t custom_clients[RMW_UXRCE_MAX_CLIENTS];
                           ^~~~~~~~~~~~~~
In file included from /micro_ros_ws/firmware/mcu_ws/uros/rmw_microxrcedds/rmw_microxrcedds_c/src/./rmw_microros_internal/utils.h:20,
                 from /micro_ros_ws/firmware/mcu_ws/uros/rmw_microxrcedds/rmw_microxrcedds_c/src/rmw_subscription.c:32:
/micro_ros_ws/firmware/mcu_ws/uros/rmw_microxrcedds/rmw_microxrcedds_c/src/./rmw_microros_internal/types.h:274:33: warning: ISO C forbids zero-size array 'custom_subscriptions' [-Wpedantic]
 extern rmw_uxrce_subscription_t custom_subscriptions[RMW_UXRCE_MAX_SUBSCRIPTIONS];
                                 ^~~~~~~~~~~~~~~~~~~~
/micro_ros_ws/firmware/mcu_ws/uros/rmw_microxrcedds/rmw_microxrcedds_c/src/./rmw_microros_internal/types.h:277:28: warning: ISO C forbids zero-size array 'custom_services' [-Wpedantic]
 extern rmw_uxrce_service_t custom_services[RMW_UXRCE_MAX_SERVICES];
                            ^~~~~~~~~~~~~~~
/micro_ros_ws/firmware/mcu_ws/uros/rmw_microxrcedds/rmw_microxrcedds_c/src/./rmw_microros_internal/types.h:280:27: warning: ISO C forbids zero-size array 'custom_clients' [-Wpedantic]
 extern rmw_uxrce_client_t custom_clients[RMW_UXRCE_MAX_CLIENTS];
                           ^~~~~~~~~~~~~~
In file included from /micro_ros_ws/firmware/mcu_ws/uros/rmw_microxrcedds/rmw_microxrcedds_c/src/./rmw_microros_internal/utils.h:20,
                 from /micro_ros_ws/firmware/mcu_ws/uros/rmw_microxrcedds/rmw_microxrcedds_c/src/rmw_trigger_guard_condition.c:18:
/micro_ros_ws/firmware/mcu_ws/uros/rmw_microxrcedds/rmw_microxrcedds_c/src/./rmw_microros_internal/types.h:274:33: warning: ISO C forbids zero-size array 'custom_subscriptions' [-Wpedantic]
 extern rmw_uxrce_subscription_t custom_subscriptions[RMW_UXRCE_MAX_SUBSCRIPTIONS];
                                 ^~~~~~~~~~~~~~~~~~~~
/micro_ros_ws/firmware/mcu_ws/uros/rmw_microxrcedds/rmw_microxrcedds_c/src/./rmw_microros_internal/types.h:277:28: warning: ISO C forbids zero-size array 'custom_services' [-Wpedantic]
 extern rmw_uxrce_service_t custom_services[RMW_UXRCE_MAX_SERVICES];
                            ^~~~~~~~~~~~~~~
/micro_ros_ws/firmware/mcu_ws/uros/rmw_microxrcedds/rmw_microxrcedds_c/src/./rmw_microros_internal/types.h:280:27: warning: ISO C forbids zero-size array 'custom_clients' [-Wpedantic]
 extern rmw_uxrce_client_t custom_clients[RMW_UXRCE_MAX_CLIENTS];
                           ^~~~~~~~~~~~~~
In file included from /micro_ros_ws/firmware/mcu_ws/uros/rmw_microxrcedds/rmw_microxrcedds_c/src/rmw_topic_names_and_types.c:21:
/micro_ros_ws/firmware/mcu_ws/uros/rmw_microxrcedds/rmw_microxrcedds_c/src/./rmw_microros_internal/types.h:274:33: warning: ISO C forbids zero-size array 'custom_subscriptions' [-Wpedantic]
 extern rmw_uxrce_subscription_t custom_subscriptions[RMW_UXRCE_MAX_SUBSCRIPTIONS];
                                 ^~~~~~~~~~~~~~~~~~~~
/micro_ros_ws/firmware/mcu_ws/uros/rmw_microxrcedds/rmw_microxrcedds_c/src/./rmw_microros_internal/types.h:277:28: warning: ISO C forbids zero-size array 'custom_services' [-Wpedantic]
 extern rmw_uxrce_service_t custom_services[RMW_UXRCE_MAX_SERVICES];
                            ^~~~~~~~~~~~~~~
/micro_ros_ws/firmware/mcu_ws/uros/rmw_microxrcedds/rmw_microxrcedds_c/src/./rmw_microros_internal/types.h:280:27: warning: ISO C forbids zero-size array 'custom_clients' [-Wpedantic]
 extern rmw_uxrce_client_t custom_clients[RMW_UXRCE_MAX_CLIENTS];
                           ^~~~~~~~~~~~~~
In file included from /micro_ros_ws/firmware/mcu_ws/uros/rmw_microxrcedds/rmw_microxrcedds_c/src/./rmw_microros_internal/utils.h:20,
                 from /micro_ros_ws/firmware/mcu_ws/uros/rmw_microxrcedds/rmw_microxrcedds_c/src/rmw_take.c:19:
/micro_ros_ws/firmware/mcu_ws/uros/rmw_microxrcedds/rmw_microxrcedds_c/src/./rmw_microros_internal/types.h:274:33: warning: ISO C forbids zero-size array 'custom_subscriptions' [-Wpedantic]
 extern rmw_uxrce_subscription_t custom_subscriptions[RMW_UXRCE_MAX_SUBSCRIPTIONS];
                                 ^~~~~~~~~~~~~~~~~~~~
/micro_ros_ws/firmware/mcu_ws/uros/rmw_microxrcedds/rmw_microxrcedds_c/src/./rmw_microros_internal/types.h:277:28: warning: ISO C forbids zero-size array 'custom_services' [-Wpedantic]
 extern rmw_uxrce_service_t custom_services[RMW_UXRCE_MAX_SERVICES];
                            ^~~~~~~~~~~~~~~
/micro_ros_ws/firmware/mcu_ws/uros/rmw_microxrcedds/rmw_microxrcedds_c/src/./rmw_microros_internal/types.h:280:27: warning: ISO C forbids zero-size array 'custom_clients' [-Wpedantic]
 extern rmw_uxrce_client_t custom_clients[RMW_UXRCE_MAX_CLIENTS];
                           ^~~~~~~~~~~~~~
In file included from /micro_ros_ws/firmware/mcu_ws/uros/rmw_microxrcedds/rmw_microxrcedds_c/src/./rmw_microros_internal/utils.h:20,
                 from /micro_ros_ws/firmware/mcu_ws/uros/rmw_microxrcedds/rmw_microxrcedds_c/src/rmw_wait_set.c:18:
/micro_ros_ws/firmware/mcu_ws/uros/rmw_microxrcedds/rmw_microxrcedds_c/src/./rmw_microros_internal/types.h:274:33: warning: ISO C forbids zero-size array 'custom_subscriptions' [-Wpedantic]
 extern rmw_uxrce_subscription_t custom_subscriptions[RMW_UXRCE_MAX_SUBSCRIPTIONS];
                                 ^~~~~~~~~~~~~~~~~~~~
/micro_ros_ws/firmware/mcu_ws/uros/rmw_microxrcedds/rmw_microxrcedds_c/src/./rmw_microros_internal/types.h:277:28: warning: ISO C forbids zero-size array 'custom_services' [-Wpedantic]
 extern rmw_uxrce_service_t custom_services[RMW_UXRCE_MAX_SERVICES];
                            ^~~~~~~~~~~~~~~
/micro_ros_ws/firmware/mcu_ws/uros/rmw_microxrcedds/rmw_microxrcedds_c/src/./rmw_microros_internal/types.h:280:27: warning: ISO C forbids zero-size array 'custom_clients' [-Wpedantic]
 extern rmw_uxrce_client_t custom_clients[RMW_UXRCE_MAX_CLIENTS];
                           ^~~~~~~~~~~~~~
In file included from /micro_ros_ws/firmware/mcu_ws/uros/rmw_microxrcedds/rmw_microxrcedds_c/src/./rmw_microros_internal/utils.h:20,
                 from /micro_ros_ws/firmware/mcu_ws/uros/rmw_microxrcedds/rmw_microxrcedds_c/src/rmw_wait.c:22:
/micro_ros_ws/firmware/mcu_ws/uros/rmw_microxrcedds/rmw_microxrcedds_c/src/./rmw_microros_internal/types.h:274:33: warning: ISO C forbids zero-size array 'custom_subscriptions' [-Wpedantic]
 extern rmw_uxrce_subscription_t custom_subscriptions[RMW_UXRCE_MAX_SUBSCRIPTIONS];
                                 ^~~~~~~~~~~~~~~~~~~~
/micro_ros_ws/firmware/mcu_ws/uros/rmw_microxrcedds/rmw_microxrcedds_c/src/./rmw_microros_internal/types.h:277:28: warning: ISO C forbids zero-size array 'custom_services' [-Wpedantic]
 extern rmw_uxrce_service_t custom_services[RMW_UXRCE_MAX_SERVICES];
                            ^~~~~~~~~~~~~~~
/micro_ros_ws/firmware/mcu_ws/uros/rmw_microxrcedds/rmw_microxrcedds_c/src/./rmw_microros_internal/types.h:280:27: warning: ISO C forbids zero-size array 'custom_clients' [-Wpedantic]
 extern rmw_uxrce_client_t custom_clients[RMW_UXRCE_MAX_CLIENTS];
                           ^~~~~~~~~~~~~~
In file included from /micro_ros_ws/firmware/mcu_ws/uros/rmw_microxrcedds/rmw_microxrcedds_c/src/types.c:15:
/micro_ros_ws/firmware/mcu_ws/uros/rmw_microxrcedds/rmw_microxrcedds_c/src/rmw_microros_internal/types.h:274:33: warning: ISO C forbids zero-size array 'custom_subscriptions' [-Wpedantic]
 extern rmw_uxrce_subscription_t custom_subscriptions[RMW_UXRCE_MAX_SUBSCRIPTIONS];
                                 ^~~~~~~~~~~~~~~~~~~~
/micro_ros_ws/firmware/mcu_ws/uros/rmw_microxrcedds/rmw_microxrcedds_c/src/rmw_microros_internal/types.h:277:28: warning: ISO C forbids zero-size array 'custom_services' [-Wpedantic]
 extern rmw_uxrce_service_t custom_services[RMW_UXRCE_MAX_SERVICES];
                            ^~~~~~~~~~~~~~~
/micro_ros_ws/firmware/mcu_ws/uros/rmw_microxrcedds/rmw_microxrcedds_c/src/rmw_microros_internal/types.h:280:27: warning: ISO C forbids zero-size array 'custom_clients' [-Wpedantic]
 extern rmw_uxrce_client_t custom_clients[RMW_UXRCE_MAX_CLIENTS];
                           ^~~~~~~~~~~~~~
In file included from /micro_ros_ws/firmware/mcu_ws/uros/rmw_microxrcedds/rmw_microxrcedds_c/src/rmw_microros_internal/callbacks.h:20,
                 from /micro_ros_ws/firmware/mcu_ws/uros/rmw_microxrcedds/rmw_microxrcedds_c/src/callbacks.c:15:
/micro_ros_ws/firmware/mcu_ws/uros/rmw_microxrcedds/rmw_microxrcedds_c/src/./rmw_microros_internal/types.h:274:33: warning: ISO C forbids zero-size array 'custom_subscriptions' [-Wpedantic]
 extern rmw_uxrce_subscription_t custom_subscriptions[RMW_UXRCE_MAX_SUBSCRIPTIONS];
                                 ^~~~~~~~~~~~~~~~~~~~
/micro_ros_ws/firmware/mcu_ws/uros/rmw_microxrcedds/rmw_microxrcedds_c/src/./rmw_microros_internal/types.h:277:28: warning: ISO C forbids zero-size array 'custom_services' [-Wpedantic]
 extern rmw_uxrce_service_t custom_services[RMW_UXRCE_MAX_SERVICES];
                            ^~~~~~~~~~~~~~~
/micro_ros_ws/firmware/mcu_ws/uros/rmw_microxrcedds/rmw_microxrcedds_c/src/./rmw_microros_internal/types.h:280:27: warning: ISO C forbids zero-size array 'custom_clients' [-Wpedantic]
 extern rmw_uxrce_client_t custom_clients[RMW_UXRCE_MAX_CLIENTS];
                           ^~~~~~~~~~~~~~
In file included from /micro_ros_ws/firmware/mcu_ws/uros/rmw_microxrcedds/rmw_microxrcedds_c/src/rmw_microros_internal/utils.h:20,
                 from /micro_ros_ws/firmware/mcu_ws/uros/rmw_microxrcedds/rmw_microxrcedds_c/src/utils.c:15:
/micro_ros_ws/firmware/mcu_ws/uros/rmw_microxrcedds/rmw_microxrcedds_c/src/./rmw_microros_internal/types.h:274:33: warning: ISO C forbids zero-size array 'custom_subscriptions' [-Wpedantic]
 extern rmw_uxrce_subscription_t custom_subscriptions[RMW_UXRCE_MAX_SUBSCRIPTIONS];
                                 ^~~~~~~~~~~~~~~~~~~~
/micro_ros_ws/firmware/mcu_ws/uros/rmw_microxrcedds/rmw_microxrcedds_c/src/./rmw_microros_internal/types.h:277:28: warning: ISO C forbids zero-size array 'custom_services' [-Wpedantic]
 extern rmw_uxrce_service_t custom_services[RMW_UXRCE_MAX_SERVICES];
                            ^~~~~~~~~~~~~~~
/micro_ros_ws/firmware/mcu_ws/uros/rmw_microxrcedds/rmw_microxrcedds_c/src/./rmw_microros_internal/types.h:280:27: warning: ISO C forbids zero-size array 'custom_clients' [-Wpedantic]
 extern rmw_uxrce_client_t custom_clients[RMW_UXRCE_MAX_CLIENTS];
                           ^~~~~~~~~~~~~~
/micro_ros_ws/firmware/mcu_ws/uros/rmw_microxrcedds/rmw_microxrcedds_c/src/types.c:46:26: warning: ISO C forbids zero-size array 'custom_subscriptions' [-Wpedantic]
 rmw_uxrce_subscription_t custom_subscriptions[RMW_UXRCE_MAX_SUBSCRIPTIONS];
                          ^~~~~~~~~~~~~~~~~~~~
/micro_ros_ws/firmware/mcu_ws/uros/rmw_microxrcedds/rmw_microxrcedds_c/src/types.c:49:21: warning: ISO C forbids zero-size array 'custom_services' [-Wpedantic]
 rmw_uxrce_service_t custom_services[RMW_UXRCE_MAX_SERVICES];
                     ^~~~~~~~~~~~~~~
/micro_ros_ws/firmware/mcu_ws/uros/rmw_microxrcedds/rmw_microxrcedds_c/src/types.c:52:20: warning: ISO C forbids zero-size array 'custom_clients' [-Wpedantic]
 rmw_uxrce_client_t custom_clients[RMW_UXRCE_MAX_CLIENTS];
                    ^~~~~~~~~~~~~~
In file included from /micro_ros_ws/firmware/mcu_ws/uros/rmw_microxrcedds/rmw_microxrcedds_c/src/rmw_microros_internal/rmw_uxrce_transports.h:30,
                 from /micro_ros_ws/firmware/mcu_ws/uros/rmw_microxrcedds/rmw_microxrcedds_c/src/rmw_uxrce_transports.c:15:
/micro_ros_ws/firmware/mcu_ws/uros/rmw_microxrcedds/rmw_microxrcedds_c/src/./rmw_microros_internal/types.h:274:33: warning: ISO C forbids zero-size array 'custom_subscriptions' [-Wpedantic]
 extern rmw_uxrce_subscription_t custom_subscriptions[RMW_UXRCE_MAX_SUBSCRIPTIONS];
                                 ^~~~~~~~~~~~~~~~~~~~
/micro_ros_ws/firmware/mcu_ws/uros/rmw_microxrcedds/rmw_microxrcedds_c/src/./rmw_microros_internal/types.h:277:28: warning: ISO C forbids zero-size array 'custom_services' [-Wpedantic]
 extern rmw_uxrce_service_t custom_services[RMW_UXRCE_MAX_SERVICES];
                            ^~~~~~~~~~~~~~~
/micro_ros_ws/firmware/mcu_ws/uros/rmw_microxrcedds/rmw_microxrcedds_c/src/./rmw_microros_internal/types.h:280:27: warning: ISO C forbids zero-size array 'custom_clients' [-Wpedantic]
 extern rmw_uxrce_client_t custom_clients[RMW_UXRCE_MAX_CLIENTS];
                           ^~~~~~~~~~~~~~
In file included from /micro_ros_ws/firmware/mcu_ws/uros/rmw_microxrcedds/rmw_microxrcedds_c/src/rmw_microros/continous_serialization.c:20:
/micro_ros_ws/firmware/mcu_ws/uros/rmw_microxrcedds/rmw_microxrcedds_c/src/rmw_microros/../rmw_microros_internal/types.h:274:33: warning: ISO C forbids zero-size array 'custom_subscriptions' [-Wpedantic]
 extern rmw_uxrce_subscription_t custom_subscriptions[RMW_UXRCE_MAX_SUBSCRIPTIONS];
                                 ^~~~~~~~~~~~~~~~~~~~
/micro_ros_ws/firmware/mcu_ws/uros/rmw_microxrcedds/rmw_microxrcedds_c/src/rmw_microros/../rmw_microros_internal/types.h:277:28: warning: ISO C forbids zero-size array 'custom_services' [-Wpedantic]
 extern rmw_uxrce_service_t custom_services[RMW_UXRCE_MAX_SERVICES];
                            ^~~~~~~~~~~~~~~
/micro_ros_ws/firmware/mcu_ws/uros/rmw_microxrcedds/rmw_microxrcedds_c/src/rmw_microros/../rmw_microros_internal/types.h:280:27: warning: ISO C forbids zero-size array 'custom_clients' [-Wpedantic]
 extern rmw_uxrce_client_t custom_clients[RMW_UXRCE_MAX_CLIENTS];
                           ^~~~~~~~~~~~~~
In file included from /micro_ros_ws/firmware/mcu_ws/uros/rmw_microxrcedds/rmw_microxrcedds_c/src/rmw_microros/time_sync.c:20:
/micro_ros_ws/firmware/mcu_ws/uros/rmw_microxrcedds/rmw_microxrcedds_c/src/rmw_microros/../rmw_microros_internal/types.h:274:33: warning: ISO C forbids zero-size array 'custom_subscriptions' [-Wpedantic]
 extern rmw_uxrce_subscription_t custom_subscriptions[RMW_UXRCE_MAX_SUBSCRIPTIONS];
                                 ^~~~~~~~~~~~~~~~~~~~
/micro_ros_ws/firmware/mcu_ws/uros/rmw_microxrcedds/rmw_microxrcedds_c/src/rmw_microros/../rmw_microros_internal/types.h:277:28: warning: ISO C forbids zero-size array 'custom_services' [-Wpedantic]
 extern rmw_uxrce_service_t custom_services[RMW_UXRCE_MAX_SERVICES];
                            ^~~~~~~~~~~~~~~
/micro_ros_ws/firmware/mcu_ws/uros/rmw_microxrcedds/rmw_microxrcedds_c/src/rmw_microros/../rmw_microros_internal/types.h:280:27: warning: ISO C forbids zero-size array 'custom_clients' [-Wpedantic]
 extern rmw_uxrce_client_t custom_clients[RMW_UXRCE_MAX_CLIENTS];
                           ^~~~~~~~~~~~~~
In file included from /micro_ros_ws/firmware/mcu_ws/uros/rmw_microxrcedds/rmw_microxrcedds_c/src/rmw_microros/init_options.c:20:
/micro_ros_ws/firmware/mcu_ws/uros/rmw_microxrcedds/rmw_microxrcedds_c/src/rmw_microros/../rmw_microros_internal/types.h:274:33: warning: ISO C forbids zero-size array 'custom_subscriptions' [-Wpedantic]
 extern rmw_uxrce_subscription_t custom_subscriptions[RMW_UXRCE_MAX_SUBSCRIPTIONS];
                                 ^~~~~~~~~~~~~~~~~~~~
/micro_ros_ws/firmware/mcu_ws/uros/rmw_microxrcedds/rmw_microxrcedds_c/src/rmw_microros/../rmw_microros_internal/types.h:277:28: warning: ISO C forbids zero-size array 'custom_services' [-Wpedantic]
 extern rmw_uxrce_service_t custom_services[RMW_UXRCE_MAX_SERVICES];
                            ^~~~~~~~~~~~~~~
/micro_ros_ws/firmware/mcu_ws/uros/rmw_microxrcedds/rmw_microxrcedds_c/src/rmw_microros/../rmw_microros_internal/types.h:280:27: warning: ISO C forbids zero-size array 'custom_clients' [-Wpedantic]
 extern rmw_uxrce_client_t custom_clients[RMW_UXRCE_MAX_CLIENTS];
                           ^~~~~~~~~~~~~~
In file included from /micro_ros_ws/firmware/mcu_ws/uros/rmw_microxrcedds/rmw_microxrcedds_c/src/rmw_microros/timing.c:21:
/micro_ros_ws/firmware/mcu_ws/uros/rmw_microxrcedds/rmw_microxrcedds_c/src/rmw_microros/../rmw_microros_internal/types.h:274:33: warning: ISO C forbids zero-size array 'custom_subscriptions' [-Wpedantic]
 extern rmw_uxrce_subscription_t custom_subscriptions[RMW_UXRCE_MAX_SUBSCRIPTIONS];
                                 ^~~~~~~~~~~~~~~~~~~~
/micro_ros_ws/firmware/mcu_ws/uros/rmw_microxrcedds/rmw_microxrcedds_c/src/rmw_microros/../rmw_microros_internal/types.h:277:28: warning: ISO C forbids zero-size array 'custom_services' [-Wpedantic]
 extern rmw_uxrce_service_t custom_services[RMW_UXRCE_MAX_SERVICES];
                            ^~~~~~~~~~~~~~~
/micro_ros_ws/firmware/mcu_ws/uros/rmw_microxrcedds/rmw_microxrcedds_c/src/rmw_microros/../rmw_microros_internal/types.h:280:27: warning: ISO C forbids zero-size array 'custom_clients' [-Wpedantic]
 extern rmw_uxrce_client_t custom_clients[RMW_UXRCE_MAX_CLIENTS];
                           ^~~~~~~~~~~~~~
In file included from /micro_ros_ws/firmware/mcu_ws/uros/rmw_microxrcedds/rmw_microxrcedds_c/src/rmw_microros/../rmw_microros_internal/rmw_uxrce_transports.h:30,
                 from /micro_ros_ws/firmware/mcu_ws/uros/rmw_microxrcedds/rmw_microxrcedds_c/src/rmw_microros/ping.c:24:
/micro_ros_ws/firmware/mcu_ws/uros/rmw_microxrcedds/rmw_microxrcedds_c/src/./rmw_microros_internal/types.h:274:33: warning: ISO C forbids zero-size array 'custom_subscriptions' [-Wpedantic]
 extern rmw_uxrce_subscription_t custom_subscriptions[RMW_UXRCE_MAX_SUBSCRIPTIONS];
                                 ^~~~~~~~~~~~~~~~~~~~
/micro_ros_ws/firmware/mcu_ws/uros/rmw_microxrcedds/rmw_microxrcedds_c/src/./rmw_microros_internal/types.h:277:28: warning: ISO C forbids zero-size array 'custom_services' [-Wpedantic]
 extern rmw_uxrce_service_t custom_services[RMW_UXRCE_MAX_SERVICES];
                            ^~~~~~~~~~~~~~~
/micro_ros_ws/firmware/mcu_ws/uros/rmw_microxrcedds/rmw_microxrcedds_c/src/./rmw_microros_internal/types.h:280:27: warning: ISO C forbids zero-size array 'custom_clients' [-Wpedantic]
 extern rmw_uxrce_client_t custom_clients[RMW_UXRCE_MAX_CLIENTS];
                           ^~~~~~~~~~~~~~
In file included from /micro_ros_ws/firmware/mcu_ws/uros/rmw_microxrcedds/rmw_microxrcedds_c/src/rmw_microros/discovery.c:22:
/micro_ros_ws/firmware/mcu_ws/uros/rmw_microxrcedds/rmw_microxrcedds_c/src/rmw_microros/../rmw_microros_internal/types.h:274:33: warning: ISO C forbids zero-size array 'custom_subscriptions' [-Wpedantic]
 extern rmw_uxrce_subscription_t custom_subscriptions[RMW_UXRCE_MAX_SUBSCRIPTIONS];
                                 ^~~~~~~~~~~~~~~~~~~~
/micro_ros_ws/firmware/mcu_ws/uros/rmw_microxrcedds/rmw_microxrcedds_c/src/rmw_microros/../rmw_microros_internal/types.h:277:28: warning: ISO C forbids zero-size array 'custom_services' [-Wpedantic]
 extern rmw_uxrce_service_t custom_services[RMW_UXRCE_MAX_SERVICES];
                            ^~~~~~~~~~~~~~~
/micro_ros_ws/firmware/mcu_ws/uros/rmw_microxrcedds/rmw_microxrcedds_c/src/rmw_microros/../rmw_microros_internal/types.h:280:27: warning: ISO C forbids zero-size array 'custom_clients' [-Wpedantic]
 extern rmw_uxrce_client_t custom_clients[RMW_UXRCE_MAX_CLIENTS];
                           ^~~~~~~~~~~~~~
