gmake[4]: Entering directory '/micro_ros_ws/firmware/mcu_ws/build/rcl_lifecycle'
/usr/bin/cmake -S/micro_ros_ws/firmware/mcu_ws/uros/rcl/rcl_lifecycle -B/micro_ros_ws/firmware/mcu_ws/build/rcl_lifecycle --check-build-system CMakeFiles/Makefile.cmake 0
/usr/bin/cmake -E cmake_progress_start /micro_ros_ws/firmware/mcu_ws/build/rcl_lifecycle/CMakeFiles /micro_ros_ws/firmware/mcu_ws/build/rcl_lifecycle//CMakeFiles/progress.marks
/usr/bin/gmake  -f CMakeFiles/Makefile2 all
gmake[5]: Entering directory '/micro_ros_ws/firmware/mcu_ws/build/rcl_lifecycle'
/usr/bin/gmake  -f CMakeFiles/ament_generate_version_header__rcl_lifecycle.dir/build.make CMakeFiles/ament_generate_version_header__rcl_lifecycle.dir/depend
gmake[6]: Entering directory '/micro_ros_ws/firmware/mcu_ws/build/rcl_lifecycle'
cd /micro_ros_ws/firmware/mcu_ws/build/rcl_lifecycle && /usr/bin/cmake -E cmake_depends "Unix Makefiles" /micro_ros_ws/firmware/mcu_ws/uros/rcl/rcl_lifecycle /micro_ros_ws/firmware/mcu_ws/uros/rcl/rcl_lifecycle /micro_ros_ws/firmware/mcu_ws/build/rcl_lifecycle /micro_ros_ws/firmware/mcu_ws/build/rcl_lifecycle /micro_ros_ws/firmware/mcu_ws/build/rcl_lifecycle/CMakeFiles/ament_generate_version_header__rcl_lifecycle.dir/DependInfo.cmake --color=
gmake[6]: Leaving directory '/micro_ros_ws/firmware/mcu_ws/build/rcl_lifecycle'
/usr/bin/gmake  -f CMakeFiles/ament_generate_version_header__rcl_lifecycle.dir/build.make CMakeFiles/ament_generate_version_header__rcl_lifecycle.dir/build
gmake[6]: Entering directory '/micro_ros_ws/firmware/mcu_ws/build/rcl_lifecycle'
gmake[6]: Nothing to be done for 'CMakeFiles/ament_generate_version_header__rcl_lifecycle.dir/build'.
gmake[6]: Leaving directory '/micro_ros_ws/firmware/mcu_ws/build/rcl_lifecycle'
[ 16%] Built target ament_generate_version_header__rcl_lifecycle
/usr/bin/gmake  -f CMakeFiles/rcl_lifecycle.dir/build.make CMakeFiles/rcl_lifecycle.dir/depend
gmake[6]: Entering directory '/micro_ros_ws/firmware/mcu_ws/build/rcl_lifecycle'
cd /micro_ros_ws/firmware/mcu_ws/build/rcl_lifecycle && /usr/bin/cmake -E cmake_depends "Unix Makefiles" /micro_ros_ws/firmware/mcu_ws/uros/rcl/rcl_lifecycle /micro_ros_ws/firmware/mcu_ws/uros/rcl/rcl_lifecycle /micro_ros_ws/firmware/mcu_ws/build/rcl_lifecycle /micro_ros_ws/firmware/mcu_ws/build/rcl_lifecycle /micro_ros_ws/firmware/mcu_ws/build/rcl_lifecycle/CMakeFiles/rcl_lifecycle.dir/DependInfo.cmake --color=
Dependencies file "CMakeFiles/rcl_lifecycle.dir/src/com_interface.c.obj.d" is newer than depends file "/micro_ros_ws/firmware/mcu_ws/build/rcl_lifecycle/CMakeFiles/rcl_lifecycle.dir/compiler_depend.internal".
Dependencies file "CMakeFiles/rcl_lifecycle.dir/src/default_state_machine.c.obj.d" is newer than depends file "/micro_ros_ws/firmware/mcu_ws/build/rcl_lifecycle/CMakeFiles/rcl_lifecycle.dir/compiler_depend.internal".
Dependencies file "CMakeFiles/rcl_lifecycle.dir/src/rcl_lifecycle.c.obj.d" is newer than depends file "/micro_ros_ws/firmware/mcu_ws/build/rcl_lifecycle/CMakeFiles/rcl_lifecycle.dir/compiler_depend.internal".
Dependencies file "CMakeFiles/rcl_lifecycle.dir/src/transition_map.c.obj.d" is newer than depends file "/micro_ros_ws/firmware/mcu_ws/build/rcl_lifecycle/CMakeFiles/rcl_lifecycle.dir/compiler_depend.internal".
[35m[1mConsolidate compiler generated dependencies of target rcl_lifecycle[0m
gmake[6]: Leaving directory '/micro_ros_ws/firmware/mcu_ws/build/rcl_lifecycle'
/usr/bin/gmake  -f CMakeFiles/rcl_lifecycle.dir/build.make CMakeFiles/rcl_lifecycle.dir/build
gmake[6]: Entering directory '/micro_ros_ws/firmware/mcu_ws/build/rcl_lifecycle'
gmake[6]: Nothing to be done for 'CMakeFiles/rcl_lifecycle.dir/build'.
gmake[6]: Leaving directory '/micro_ros_ws/firmware/mcu_ws/build/rcl_lifecycle'
[100%] Built target rcl_lifecycle
gmake[5]: Leaving directory '/micro_ros_ws/firmware/mcu_ws/build/rcl_lifecycle'
/usr/bin/cmake -E cmake_progress_start /micro_ros_ws/firmware/mcu_ws/build/rcl_lifecycle/CMakeFiles 0
gmake[4]: Leaving directory '/micro_ros_ws/firmware/mcu_ws/build/rcl_lifecycle'
-- Install configuration: "Debug"
-- Up-to-date: /micro_ros_ws/firmware/mcu_ws/install/lib/librcl_lifecycle.a
-- Up-to-date: /micro_ros_ws/firmware/mcu_ws/install/share/rcl_lifecycle/environment/library_path.sh
-- Up-to-date: /micro_ros_ws/firmware/mcu_ws/install/share/rcl_lifecycle/environment/library_path.dsv
-- Up-to-date: /micro_ros_ws/firmware/mcu_ws/install/include/rcl_lifecycle/rcl_lifecycle/version.h
-- Up-to-date: /micro_ros_ws/firmware/mcu_ws/install/share/ament_index/resource_index/package_run_dependencies/rcl_lifecycle
-- Up-to-date: /micro_ros_ws/firmware/mcu_ws/install/share/ament_index/resource_index/parent_prefix_path/rcl_lifecycle
-- Up-to-date: /micro_ros_ws/firmware/mcu_ws/install/share/rcl_lifecycle/environment/ament_prefix_path.sh
-- Up-to-date: /micro_ros_ws/firmware/mcu_ws/install/share/rcl_lifecycle/environment/ament_prefix_path.dsv
-- Up-to-date: /micro_ros_ws/firmware/mcu_ws/install/share/rcl_lifecycle/environment/path.sh
-- Up-to-date: /micro_ros_ws/firmware/mcu_ws/install/share/rcl_lifecycle/environment/path.dsv
-- Up-to-date: /micro_ros_ws/firmware/mcu_ws/install/share/rcl_lifecycle/local_setup.bash
-- Up-to-date: /micro_ros_ws/firmware/mcu_ws/install/share/rcl_lifecycle/local_setup.sh
-- Up-to-date: /micro_ros_ws/firmware/mcu_ws/install/share/rcl_lifecycle/local_setup.zsh
-- Up-to-date: /micro_ros_ws/firmware/mcu_ws/install/share/rcl_lifecycle/local_setup.dsv
-- Installing: /micro_ros_ws/firmware/mcu_ws/install/share/rcl_lifecycle/package.dsv
-- Up-to-date: /micro_ros_ws/firmware/mcu_ws/install/share/ament_index/resource_index/packages/rcl_lifecycle
-- Up-to-date: /micro_ros_ws/firmware/mcu_ws/install/share/rcl_lifecycle/cmake/rcl_lifecycleExport.cmake
-- Up-to-date: /micro_ros_ws/firmware/mcu_ws/install/share/rcl_lifecycle/cmake/rcl_lifecycleExport-debug.cmake
-- Up-to-date: /micro_ros_ws/firmware/mcu_ws/install/share/rcl_lifecycle/cmake/ament_cmake_export_include_directories-extras.cmake
-- Up-to-date: /micro_ros_ws/firmware/mcu_ws/install/share/rcl_lifecycle/cmake/ament_cmake_export_libraries-extras.cmake
-- Up-to-date: /micro_ros_ws/firmware/mcu_ws/install/share/rcl_lifecycle/cmake/ament_cmake_export_targets-extras.cmake
-- Up-to-date: /micro_ros_ws/firmware/mcu_ws/install/share/rcl_lifecycle/cmake/ament_cmake_export_dependencies-extras.cmake
-- Up-to-date: /micro_ros_ws/firmware/mcu_ws/install/share/rcl_lifecycle/cmake/rcl_lifecycleConfig.cmake
-- Up-to-date: /micro_ros_ws/firmware/mcu_ws/install/share/rcl_lifecycle/cmake/rcl_lifecycleConfig-version.cmake
-- Up-to-date: /micro_ros_ws/firmware/mcu_ws/install/share/rcl_lifecycle/package.xml
-- Up-to-date: /micro_ros_ws/firmware/mcu_ws/install/include/rcl_lifecycle
-- Up-to-date: /micro_ros_ws/firmware/mcu_ws/install/include/rcl_lifecycle/rcl_lifecycle
-- Up-to-date: /micro_ros_ws/firmware/mcu_ws/install/include/rcl_lifecycle/rcl_lifecycle/data_types.h
-- Up-to-date: /micro_ros_ws/firmware/mcu_ws/install/include/rcl_lifecycle/rcl_lifecycle/default_state_machine.h
-- Up-to-date: /micro_ros_ws/firmware/mcu_ws/install/include/rcl_lifecycle/rcl_lifecycle/rcl_lifecycle.h
-- Up-to-date: /micro_ros_ws/firmware/mcu_ws/install/include/rcl_lifecycle/rcl_lifecycle/transition_map.h
-- Up-to-date: /micro_ros_ws/firmware/mcu_ws/install/include/rcl_lifecycle/rcl_lifecycle/visibility_control.h
