[0.502s] Invoking command in '/micro_ros_ws/firmware/mcu_ws/build/rosgraph_msgs': AMENT_PREFIX_PATH=/micro_ros_ws/firmware/mcu_ws/install:${AMENT_PREFIX_PATH} CMAKE_PREFIX_PATH=/micro_ros_ws/firmware/mcu_ws/install:/micro_ros_ws/firmware/dev_ws/install/ament_lint_common:/micro_ros_ws/firmware/dev_ws/install/ament_cmake_uncrustify:/micro_ros_ws/firmware/dev_ws/install/uncrustify_vendor:/micro_ros_ws/firmware/dev_ws/install/ament_cmake_ros:/micro_ros_ws/firmware/dev_ws/install/ament_cmake_auto:/micro_ros_ws/firmware/dev_ws/install/ament_cmake_gmock:/micro_ros_ws/firmware/dev_ws/install/gmock_vendor:/micro_ros_ws/firmware/dev_ws/install/ament_cmake_gtest:/micro_ros_ws/firmware/dev_ws/install/gtest_vendor:/micro_ros_ws/firmware/dev_ws/install/ament_cmake_xmllint:/micro_ros_ws/firmware/dev_ws/install/ament_cmake_pyflakes:/micro_ros_ws/firmware/dev_ws/install/ament_cmake_pycodestyle:/micro_ros_ws/firmware/dev_ws/install/ament_cmake_pep257:/micro_ros_ws/firmware/dev_ws/install/ament_cmake_pclint:/micro_ros_ws/firmware/dev_ws/install/ament_lint_auto:/micro_ros_ws/firmware/dev_ws/install/ament_cmake:/micro_ros_ws/firmware/dev_ws/install/ament_cmake_version:/micro_ros_ws/firmware/dev_ws/install/ament_cmake_vendor_package:/micro_ros_ws/firmware/dev_ws/install/ament_cmake_pytest:/micro_ros_ws/firmware/dev_ws/install/ament_cmake_nose:/micro_ros_ws/firmware/dev_ws/install/ament_cmake_mypy:/micro_ros_ws/firmware/dev_ws/install/ament_cmake_lint_cmake:/micro_ros_ws/firmware/dev_ws/install/ament_cmake_google_benchmark:/micro_ros_ws/firmware/dev_ws/install/ament_cmake_flake8:/micro_ros_ws/firmware/dev_ws/install/ament_cmake_cpplint:/micro_ros_ws/firmware/dev_ws/install/ament_cmake_cppcheck:/micro_ros_ws/firmware/dev_ws/install/ament_cmake_copyright:/micro_ros_ws/firmware/dev_ws/install/ament_cmake_clang_tidy:/micro_ros_ws/firmware/dev_ws/install/ament_cmake_clang_format:/micro_ros_ws/firmware/dev_ws/install/ament_cmake_test:/micro_ros_ws/firmware/dev_ws/install/ament_cmake_target_dependencies:/micro_ros_ws/firmware/dev_ws/install/ament_cmake_python:/micro_ros_ws/firmware/dev_ws/install/ament_cmake_export_dependencies:/micro_ros_ws/firmware/dev_ws/install/ament_cmake_libraries:/micro_ros_ws/firmware/dev_ws/install/ament_cmake_include_directories:/micro_ros_ws/firmware/dev_ws/install/ament_cmake_gen_version_h:/micro_ros_ws/firmware/dev_ws/install/ament_cmake_export_targets:/micro_ros_ws/firmware/dev_ws/install/ament_cmake_export_link_flags:/micro_ros_ws/firmware/dev_ws/install/ament_cmake_export_interfaces:/micro_ros_ws/firmware/dev_ws/install/ament_cmake_export_libraries:/micro_ros_ws/firmware/dev_ws/install/ament_cmake_export_include_directories:/micro_ros_ws/firmware/dev_ws/install/ament_cmake_export_definitions:/micro_ros_ws/firmware/dev_ws/install/ament_cmake_core:/micro_ros_ws/firmware/dev_ws/install/ament_index_cpp:/micro_ros_ws/firmware/dev_ws/install/ament_uncrustify:/micro_ros_ws/firmware/dev_ws/install/domain_coordinator:/micro_ros_ws/firmware/dev_ws/install/ament_xmllint:/micro_ros_ws/firmware/dev_ws/install/ament_pyflakes:/micro_ros_ws/firmware/dev_ws/install/ament_pycodestyle:/micro_ros_ws/firmware/dev_ws/install/ament_pep257:/micro_ros_ws/firmware/dev_ws/install/ament_pclint:/micro_ros_ws/firmware/dev_ws/install/ament_package:/micro_ros_ws/firmware/dev_ws/install/ament_mypy:/micro_ros_ws/firmware/dev_ws/install/ament_lint_cmake:/micro_ros_ws/firmware/dev_ws/install/ament_flake8:/micro_ros_ws/firmware/dev_ws/install/ament_copyright:/micro_ros_ws/firmware/dev_ws/install/ament_lint:/micro_ros_ws/firmware/dev_ws/install/ament_index_python:/micro_ros_ws/firmware/dev_ws/install/ament_cpplint:/micro_ros_ws/firmware/dev_ws/install/ament_cppcheck:/micro_ros_ws/firmware/dev_ws/install/ament_clang_tidy:/micro_ros_ws/firmware/dev_ws/install/ament_clang_format LD_LIBRARY_PATH=/micro_ros_ws/firmware/mcu_ws/install/lib:${LD_LIBRARY_PATH} PATH=/micro_ros_ws/firmware/mcu_ws/install/bin:${PATH} PYTHONPATH=/micro_ros_ws/firmware/mcu_ws/install/lib/python3.10/site-packages:${PYTHONPATH} /usr/bin/cmake --build /micro_ros_ws/firmware/mcu_ws/build/rosgraph_msgs -- -j12 -l12
[0.562s] gmake[4]: Entering directory '/micro_ros_ws/firmware/mcu_ws/build/rosgraph_msgs'
[0.562s] /usr/bin/cmake -S/micro_ros_ws/firmware/mcu_ws/ros2/rcl_interfaces/rosgraph_msgs -B/micro_ros_ws/firmware/mcu_ws/build/rosgraph_msgs --check-build-system CMakeFiles/Makefile.cmake 0
[0.681s] Re-run cmake file: Makefile older than: /micro_ros_ws/firmware/freertos_apps/microros_esp32_extensions/esp32_toolchain.cmake
[0.708s] -- Found ament_cmake: 1.3.14 (/micro_ros_ws/firmware/dev_ws/install/ament_cmake/share/ament_cmake/cmake)
[1.537s] -- Found builtin_interfaces: 1.2.2 (/micro_ros_ws/firmware/mcu_ws/install/share/builtin_interfaces/cmake)
[1.629s] -- Using all available rosidl_typesupport_c: rosidl_typesupport_introspection_c;rosidl_typesupport_microxrcedds_c
[1.648s] -- Found rosidl_adapter: 3.1.8 (/micro_ros_ws/firmware/mcu_ws/install/share/rosidl_adapter/cmake)
[1.788s] -- Found rosidl_default_generators: 1.2.1 (/micro_ros_ws/firmware/mcu_ws/install/share/rosidl_default_generators/cmake)
[4.165s] -- Found ament_cmake_ros: 0.10.0 (/micro_ros_ws/firmware/dev_ws/install/ament_cmake_ros/share/ament_cmake_ros/cmake)
[5.467s] -- Using all available rosidl_typesupport_c: rosidl_typesupport_introspection_c;rosidl_typesupport_microxrcedds_c
[5.678s] -- Configuring done
[6.226s] -- Generating done
[6.315s] -- Build files have been written to: /micro_ros_ws/firmware/mcu_ws/build/rosgraph_msgs
[6.317s] /usr/bin/cmake -E cmake_progress_start /micro_ros_ws/firmware/mcu_ws/build/rosgraph_msgs/CMakeFiles /micro_ros_ws/firmware/mcu_ws/build/rosgraph_msgs//CMakeFiles/progress.marks
[6.364s] /usr/bin/gmake  -f CMakeFiles/Makefile2 all
[6.379s] gmake[5]: Entering directory '/micro_ros_ws/firmware/mcu_ws/build/rosgraph_msgs'
[6.380s] /usr/bin/gmake  -f CMakeFiles/rosgraph_msgs__rosidl_generator_c.dir/build.make CMakeFiles/rosgraph_msgs__rosidl_generator_c.dir/depend
[6.407s] gmake[6]: Entering directory '/micro_ros_ws/firmware/mcu_ws/build/rosgraph_msgs'
[6.408s] cd /micro_ros_ws/firmware/mcu_ws/build/rosgraph_msgs && /usr/bin/cmake -E cmake_depends "Unix Makefiles" /micro_ros_ws/firmware/mcu_ws/ros2/rcl_interfaces/rosgraph_msgs /micro_ros_ws/firmware/mcu_ws/ros2/rcl_interfaces/rosgraph_msgs /micro_ros_ws/firmware/mcu_ws/build/rosgraph_msgs /micro_ros_ws/firmware/mcu_ws/build/rosgraph_msgs /micro_ros_ws/firmware/mcu_ws/build/rosgraph_msgs/CMakeFiles/rosgraph_msgs__rosidl_generator_c.dir/DependInfo.cmake --color=
[6.496s] Dependencies file "CMakeFiles/rosgraph_msgs__rosidl_generator_c.dir/rosidl_generator_c/rosgraph_msgs/msg/detail/clock__functions.c.obj.d" is newer than depends file "/micro_ros_ws/firmware/mcu_ws/build/rosgraph_msgs/CMakeFiles/rosgraph_msgs__rosidl_generator_c.dir/compiler_depend.internal".
[6.497s] [35m[1mConsolidate compiler generated dependencies of target rosgraph_msgs__rosidl_generator_c[0m
[6.524s] gmake[6]: Leaving directory '/micro_ros_ws/firmware/mcu_ws/build/rosgraph_msgs'
[6.525s] /usr/bin/gmake  -f CMakeFiles/rosgraph_msgs__rosidl_generator_c.dir/build.make CMakeFiles/rosgraph_msgs__rosidl_generator_c.dir/build
[6.583s] gmake[6]: Entering directory '/micro_ros_ws/firmware/mcu_ws/build/rosgraph_msgs'
[6.650s] [  8%] [32mBuilding C object CMakeFiles/rosgraph_msgs__rosidl_generator_c.dir/rosidl_generator_c/rosgraph_msgs/msg/detail/clock__functions.c.obj[0m
[6.652s] /micro_ros_ws/firmware/toolchain/espressif/tools/xtensa-esp32-elf/esp-2020r2-8.2.0/xtensa-esp32-elf/bin/xtensa-esp32-elf-gcc -DLWIP_IPV4 -DLWIP_IPV6 -DROS_PACKAGE_NAME=\"rosgraph_msgs\" -I/micro_ros_ws/firmware/freertos_apps/microros_esp32_extensions/build/config -I/micro_ros_ws/firmware/toolchain/esp-idf/components/newlib/platform_include -I/micro_ros_ws/firmware/toolchain/esp-idf/components/protocomm/include -I/micro_ros_ws/firmware/toolchain/esp-idf/components/esp_rom/include -I/micro_ros_ws/firmware/toolchain/esp-idf/components/driver/include -I/micro_ros_ws/firmware/toolchain/esp-idf/components/wear_levelling/include -I/micro_ros_ws/firmware/toolchain/esp-idf/components/vfs/include -I/micro_ros_ws/firmware/toolchain/esp-idf/components/log/include -I/micro_ros_ws/firmware/toolchain/esp-idf/components/freertos/include -I/micro_ros_ws/firmware/toolchain/esp-idf/components/wifi_provisioning/include -I/micro_ros_ws/firmware/toolchain/esp-idf/components/pthread/include -I/micro_ros_ws/firmware/toolchain/esp-idf/components/libsodium/libsodium/src/libsodium/include -I/micro_ros_ws/firmware/toolchain/esp-idf/components/coap/port/include -I/micro_ros_ws/firmware/toolchain/esp-idf/components/coap/libcoap/include -I/micro_ros_ws/firmware/toolchain/esp-idf/components/tcp_transport/include -I/micro_ros_ws/firmware/toolchain/esp-idf/components/unity/include -I/micro_ros_ws/firmware/toolchain/esp-idf/components/esp32/include -I/micro_ros_ws/firmware/toolchain/esp-idf/components/asio/port/include -I/micro_ros_ws/firmware/toolchain/esp-idf/components/asio/asio/asio/include -I/micro_ros_ws/firmware/toolchain/esp-idf/components/app_update/include -I/micro_ros_ws/firmware/toolchain/esp-idf/components/esp_ringbuf/include -I/micro_ros_ws/firmware/toolchain/esp-idf/components/soc/esp32/include -I/micro_ros_ws/firmware/toolchain/esp-idf/components/soc/include -I/micro_ros_ws/firmware/toolchain/esp-idf/components/efuse/test/include -I/micro_ros_ws/firmware/toolchain/esp-idf/components/efuse/esp32/include -I/micro_ros_ws/firmware/toolchain/esp-idf/components/efuse/include -I/micro_ros_ws/firmware/toolchain/esp-idf/components/mbedtls/port/include -I/micro_ros_ws/firmware/toolchain/esp-idf/components/mbedtls/mbedtls/include -I/micro_ros_ws/firmware/toolchain/esp-idf/components/xtensa/esp32/include -I/micro_ros_ws/firmware/toolchain/esp-idf/components/xtensa/include -I/micro_ros_ws/firmware/toolchain/esp-idf/components/app_trace/include -I/micro_ros_ws/firmware/toolchain/esp-idf/components/nvs_flash/include -I/micro_ros_ws/firmware/toolchain/esp-idf/components/jsmn/include -I/micro_ros_ws/firmware/toolchain/esp-idf/components/esp_eth/include -I/micro_ros_ws/firmware/toolchain/esp-idf/components/spiffs/include -I/micro_ros_ws/firmware/toolchain/esp-idf/components/ulp/include -I/micro_ros_ws/firmware/toolchain/esp-idf/components/mdns/include -I/micro_ros_ws/firmware/toolchain/esp-idf/components/freemodbus/modbus/include -I/micro_ros_ws/firmware/toolchain/esp-idf/components/freemodbus/common/include -I/micro_ros_ws/firmware/toolchain/esp-idf/components/esp_event/include -I/micro_ros_ws/firmware/toolchain/esp-idf/components/expat/port/include -I/micro_ros_ws/firmware/toolchain/esp-idf/components/bootloader_support/include -I/micro_ros_ws/firmware/toolchain/esp-idf/components/heap/include -I/micro_ros_ws/firmware/toolchain/esp-idf/components/wpa_supplicant/port/include -I/micro_ros_ws/firmware/toolchain/esp-idf/components/wpa_supplicant/include -I/micro_ros_ws/firmware/toolchain/esp-idf/components/tcpip_adapter/include -I/micro_ros_ws/firmware/toolchain/esp-idf/components/openssl/include -I/micro_ros_ws/firmware/toolchain/esp-idf/components/sdmmc/include -I/micro_ros_ws/firmware/toolchain/esp-idf/components/esp_local_ctrl/include -I/micro_ros_ws/firmware/toolchain/esp-idf/components/esp_common/include -I/micro_ros_ws/firmware/toolchain/esp-idf/components/lwip/lwip/src/include/lwip/apps -I/micro_ros_ws/firmware/toolchain/esp-idf/components/lwip/lwip/src/include/compat/posix -I/micro_ros_ws/firmware/toolchain/esp-idf/components/lwip/lwip/src/include -I/micro_ros_ws/firmware/toolchain/esp-idf/components/lwip/port/esp32/include -I/micro_ros_ws/firmware/mcu_ws/build/rosgraph_msgs/rosidl_generator_c -isystem /micro_ros_ws/firmware/mcu_ws/install/include/builtin_interfaces -isystem /micro_ros_ws/firmware/mcu_ws/install/include/rosidl_runtime_c -isystem /micro_ros_ws/firmware/mcu_ws/install/include/rcutils -isystem /micro_ros_ws/firmware/mcu_ws/install/include/rosidl_typesupport_interface -mlongcalls -Wno-frame-address -mlongcalls -Wno-frame-address -g -Wall -std=gnu11 -MD -MT CMakeFiles/rosgraph_msgs__rosidl_generator_c.dir/rosidl_generator_c/rosgraph_msgs/msg/detail/clock__functions.c.obj -MF CMakeFiles/rosgraph_msgs__rosidl_generator_c.dir/rosidl_generator_c/rosgraph_msgs/msg/detail/clock__functions.c.obj.d -o CMakeFiles/rosgraph_msgs__rosidl_generator_c.dir/rosidl_generator_c/rosgraph_msgs/msg/detail/clock__functions.c.obj -c /micro_ros_ws/firmware/mcu_ws/build/rosgraph_msgs/rosidl_generator_c/rosgraph_msgs/msg/detail/clock__functions.c
[9.259s] [ 16%] [32m[1mLinking C static library librosgraph_msgs__rosidl_generator_c.a[0m
[9.261s] /usr/bin/cmake -P CMakeFiles/rosgraph_msgs__rosidl_generator_c.dir/cmake_clean_target.cmake
[9.381s] /usr/bin/cmake -E cmake_link_script CMakeFiles/rosgraph_msgs__rosidl_generator_c.dir/link.txt --verbose=1
[9.487s] /micro_ros_ws/firmware/toolchain/espressif/tools/xtensa-esp32-elf/esp-2020r2-8.2.0/xtensa-esp32-elf/bin/xtensa-esp32-elf-ar qc librosgraph_msgs__rosidl_generator_c.a CMakeFiles/rosgraph_msgs__rosidl_generator_c.dir/rosidl_generator_c/rosgraph_msgs/msg/detail/clock__functions.c.obj
[9.545s] /micro_ros_ws/firmware/toolchain/espressif/tools/xtensa-esp32-elf/esp-2020r2-8.2.0/xtensa-esp32-elf/bin/xtensa-esp32-elf-ranlib librosgraph_msgs__rosidl_generator_c.a
[9.596s] gmake[6]: Leaving directory '/micro_ros_ws/firmware/mcu_ws/build/rosgraph_msgs'
[9.743s] [ 25%] Built target rosgraph_msgs__rosidl_generator_c
[9.744s] /usr/bin/gmake  -f CMakeFiles/rosgraph_msgs__rosidl_typesupport_microxrcedds_c.dir/build.make CMakeFiles/rosgraph_msgs__rosidl_typesupport_microxrcedds_c.dir/depend
[9.746s] /usr/bin/gmake  -f CMakeFiles/rosgraph_msgs__rosidl_typesupport_introspection_c.dir/build.make CMakeFiles/rosgraph_msgs__rosidl_typesupport_introspection_c.dir/depend
[9.747s] /usr/bin/gmake  -f CMakeFiles/rosgraph_msgs__rosidl_typesupport_c.dir/build.make CMakeFiles/rosgraph_msgs__rosidl_typesupport_c.dir/depend
[9.803s] gmake[6]: Entering directory '/micro_ros_ws/firmware/mcu_ws/build/rosgraph_msgs'
[9.804s] cd /micro_ros_ws/firmware/mcu_ws/build/rosgraph_msgs && /usr/bin/cmake -E cmake_depends "Unix Makefiles" /micro_ros_ws/firmware/mcu_ws/ros2/rcl_interfaces/rosgraph_msgs /micro_ros_ws/firmware/mcu_ws/ros2/rcl_interfaces/rosgraph_msgs /micro_ros_ws/firmware/mcu_ws/build/rosgraph_msgs /micro_ros_ws/firmware/mcu_ws/build/rosgraph_msgs /micro_ros_ws/firmware/mcu_ws/build/rosgraph_msgs/CMakeFiles/rosgraph_msgs__rosidl_typesupport_c.dir/DependInfo.cmake --color=
[9.806s] gmake[6]: Entering directory '/micro_ros_ws/firmware/mcu_ws/build/rosgraph_msgs'
[9.807s] cd /micro_ros_ws/firmware/mcu_ws/build/rosgraph_msgs && /usr/bin/cmake -E cmake_depends "Unix Makefiles" /micro_ros_ws/firmware/mcu_ws/ros2/rcl_interfaces/rosgraph_msgs /micro_ros_ws/firmware/mcu_ws/ros2/rcl_interfaces/rosgraph_msgs /micro_ros_ws/firmware/mcu_ws/build/rosgraph_msgs /micro_ros_ws/firmware/mcu_ws/build/rosgraph_msgs /micro_ros_ws/firmware/mcu_ws/build/rosgraph_msgs/CMakeFiles/rosgraph_msgs__rosidl_typesupport_microxrcedds_c.dir/DependInfo.cmake --color=
[9.809s] gmake[6]: Entering directory '/micro_ros_ws/firmware/mcu_ws/build/rosgraph_msgs'
[9.810s] cd /micro_ros_ws/firmware/mcu_ws/build/rosgraph_msgs && /usr/bin/cmake -E cmake_depends "Unix Makefiles" /micro_ros_ws/firmware/mcu_ws/ros2/rcl_interfaces/rosgraph_msgs /micro_ros_ws/firmware/mcu_ws/ros2/rcl_interfaces/rosgraph_msgs /micro_ros_ws/firmware/mcu_ws/build/rosgraph_msgs /micro_ros_ws/firmware/mcu_ws/build/rosgraph_msgs /micro_ros_ws/firmware/mcu_ws/build/rosgraph_msgs/CMakeFiles/rosgraph_msgs__rosidl_typesupport_introspection_c.dir/DependInfo.cmake --color=
[9.953s] Dependencies file "CMakeFiles/rosgraph_msgs__rosidl_typesupport_c.dir/rosidl_typesupport_c/rosgraph_msgs/msg/clock__type_support.cpp.obj.d" is newer than depends file "/micro_ros_ws/firmware/mcu_ws/build/rosgraph_msgs/CMakeFiles/rosgraph_msgs__rosidl_typesupport_c.dir/compiler_depend.internal".
[9.955s] [35m[1mConsolidate compiler generated dependencies of target rosgraph_msgs__rosidl_typesupport_c[0m
[9.958s] Dependencies file "CMakeFiles/rosgraph_msgs__rosidl_typesupport_microxrcedds_c.dir/rosidl_typesupport_microxrcedds_c/rosgraph_msgs/msg/detail/microxrcedds/clock__type_support_c.c.obj.d" is newer than depends file "/micro_ros_ws/firmware/mcu_ws/build/rosgraph_msgs/CMakeFiles/rosgraph_msgs__rosidl_typesupport_microxrcedds_c.dir/compiler_depend.internal".
[9.960s] Dependencies file "CMakeFiles/rosgraph_msgs__rosidl_typesupport_introspection_c.dir/rosidl_typesupport_introspection_c/rosgraph_msgs/msg/detail/clock__type_support.c.obj.d" is newer than depends file "/micro_ros_ws/firmware/mcu_ws/build/rosgraph_msgs/CMakeFiles/rosgraph_msgs__rosidl_typesupport_introspection_c.dir/compiler_depend.internal".
[9.961s] [35m[1mConsolidate compiler generated dependencies of target rosgraph_msgs__rosidl_typesupport_microxrcedds_c[0m
[9.963s] [35m[1mConsolidate compiler generated dependencies of target rosgraph_msgs__rosidl_typesupport_introspection_c[0m
[9.997s] gmake[6]: Leaving directory '/micro_ros_ws/firmware/mcu_ws/build/rosgraph_msgs'
[9.998s] /usr/bin/gmake  -f CMakeFiles/rosgraph_msgs__rosidl_typesupport_c.dir/build.make CMakeFiles/rosgraph_msgs__rosidl_typesupport_c.dir/build
[10.020s] gmake[6]: Leaving directory '/micro_ros_ws/firmware/mcu_ws/build/rosgraph_msgs'
[10.021s] /usr/bin/gmake  -f CMakeFiles/rosgraph_msgs__rosidl_typesupport_introspection_c.dir/build.make CMakeFiles/rosgraph_msgs__rosidl_typesupport_introspection_c.dir/build
[10.032s] gmake[6]: Leaving directory '/micro_ros_ws/firmware/mcu_ws/build/rosgraph_msgs'
[10.033s] /usr/bin/gmake  -f CMakeFiles/rosgraph_msgs__rosidl_typesupport_microxrcedds_c.dir/build.make CMakeFiles/rosgraph_msgs__rosidl_typesupport_microxrcedds_c.dir/build
[10.091s] gmake[6]: Entering directory '/micro_ros_ws/firmware/mcu_ws/build/rosgraph_msgs'
[10.092s] gmake[6]: Nothing to be done for 'CMakeFiles/rosgraph_msgs__rosidl_typesupport_c.dir/build'.
[10.093s] gmake[6]: Leaving directory '/micro_ros_ws/firmware/mcu_ws/build/rosgraph_msgs'
[10.131s] gmake[6]: Entering directory '/micro_ros_ws/firmware/mcu_ws/build/rosgraph_msgs'
[10.133s] gmake[6]: Nothing to be done for 'CMakeFiles/rosgraph_msgs__rosidl_typesupport_introspection_c.dir/build'.
[10.134s] gmake[6]: Leaving directory '/micro_ros_ws/firmware/mcu_ws/build/rosgraph_msgs'
[10.162s] gmake[6]: Entering directory '/micro_ros_ws/firmware/mcu_ws/build/rosgraph_msgs'
[10.163s] gmake[6]: Nothing to be done for 'CMakeFiles/rosgraph_msgs__rosidl_typesupport_microxrcedds_c.dir/build'.
[10.165s] gmake[6]: Leaving directory '/micro_ros_ws/firmware/mcu_ws/build/rosgraph_msgs'
[10.237s] [ 50%] Built target rosgraph_msgs__rosidl_typesupport_c
[10.278s] [ 75%] Built target rosgraph_msgs__rosidl_typesupport_introspection_c
[10.312s] [100%] Built target rosgraph_msgs__rosidl_typesupport_microxrcedds_c
[10.314s] /usr/bin/gmake  -f CMakeFiles/rosgraph_msgs.dir/build.make CMakeFiles/rosgraph_msgs.dir/depend
[10.356s] gmake[6]: Entering directory '/micro_ros_ws/firmware/mcu_ws/build/rosgraph_msgs'
[10.357s] cd /micro_ros_ws/firmware/mcu_ws/build/rosgraph_msgs && /usr/bin/cmake -E cmake_depends "Unix Makefiles" /micro_ros_ws/firmware/mcu_ws/ros2/rcl_interfaces/rosgraph_msgs /micro_ros_ws/firmware/mcu_ws/ros2/rcl_interfaces/rosgraph_msgs /micro_ros_ws/firmware/mcu_ws/build/rosgraph_msgs /micro_ros_ws/firmware/mcu_ws/build/rosgraph_msgs /micro_ros_ws/firmware/mcu_ws/build/rosgraph_msgs/CMakeFiles/rosgraph_msgs.dir/DependInfo.cmake --color=
[10.503s] gmake[6]: Leaving directory '/micro_ros_ws/firmware/mcu_ws/build/rosgraph_msgs'
[10.504s] /usr/bin/gmake  -f CMakeFiles/rosgraph_msgs.dir/build.make CMakeFiles/rosgraph_msgs.dir/build
[10.543s] gmake[6]: Entering directory '/micro_ros_ws/firmware/mcu_ws/build/rosgraph_msgs'
[10.545s] gmake[6]: Nothing to be done for 'CMakeFiles/rosgraph_msgs.dir/build'.
[10.547s] gmake[6]: Leaving directory '/micro_ros_ws/firmware/mcu_ws/build/rosgraph_msgs'
[10.678s] [100%] Built target rosgraph_msgs
[10.679s] gmake[5]: Leaving directory '/micro_ros_ws/firmware/mcu_ws/build/rosgraph_msgs'
[10.680s] /usr/bin/cmake -E cmake_progress_start /micro_ros_ws/firmware/mcu_ws/build/rosgraph_msgs/CMakeFiles 0
[10.838s] gmake[4]: Leaving directory '/micro_ros_ws/firmware/mcu_ws/build/rosgraph_msgs'
[10.842s] Invoked command in '/micro_ros_ws/firmware/mcu_ws/build/rosgraph_msgs' returned '0': AMENT_PREFIX_PATH=/micro_ros_ws/firmware/mcu_ws/install:${AMENT_PREFIX_PATH} CMAKE_PREFIX_PATH=/micro_ros_ws/firmware/mcu_ws/install:/micro_ros_ws/firmware/dev_ws/install/ament_lint_common:/micro_ros_ws/firmware/dev_ws/install/ament_cmake_uncrustify:/micro_ros_ws/firmware/dev_ws/install/uncrustify_vendor:/micro_ros_ws/firmware/dev_ws/install/ament_cmake_ros:/micro_ros_ws/firmware/dev_ws/install/ament_cmake_auto:/micro_ros_ws/firmware/dev_ws/install/ament_cmake_gmock:/micro_ros_ws/firmware/dev_ws/install/gmock_vendor:/micro_ros_ws/firmware/dev_ws/install/ament_cmake_gtest:/micro_ros_ws/firmware/dev_ws/install/gtest_vendor:/micro_ros_ws/firmware/dev_ws/install/ament_cmake_xmllint:/micro_ros_ws/firmware/dev_ws/install/ament_cmake_pyflakes:/micro_ros_ws/firmware/dev_ws/install/ament_cmake_pycodestyle:/micro_ros_ws/firmware/dev_ws/install/ament_cmake_pep257:/micro_ros_ws/firmware/dev_ws/install/ament_cmake_pclint:/micro_ros_ws/firmware/dev_ws/install/ament_lint_auto:/micro_ros_ws/firmware/dev_ws/install/ament_cmake:/micro_ros_ws/firmware/dev_ws/install/ament_cmake_version:/micro_ros_ws/firmware/dev_ws/install/ament_cmake_vendor_package:/micro_ros_ws/firmware/dev_ws/install/ament_cmake_pytest:/micro_ros_ws/firmware/dev_ws/install/ament_cmake_nose:/micro_ros_ws/firmware/dev_ws/install/ament_cmake_mypy:/micro_ros_ws/firmware/dev_ws/install/ament_cmake_lint_cmake:/micro_ros_ws/firmware/dev_ws/install/ament_cmake_google_benchmark:/micro_ros_ws/firmware/dev_ws/install/ament_cmake_flake8:/micro_ros_ws/firmware/dev_ws/install/ament_cmake_cpplint:/micro_ros_ws/firmware/dev_ws/install/ament_cmake_cppcheck:/micro_ros_ws/firmware/dev_ws/install/ament_cmake_copyright:/micro_ros_ws/firmware/dev_ws/install/ament_cmake_clang_tidy:/micro_ros_ws/firmware/dev_ws/install/ament_cmake_clang_format:/micro_ros_ws/firmware/dev_ws/install/ament_cmake_test:/micro_ros_ws/firmware/dev_ws/install/ament_cmake_target_dependencies:/micro_ros_ws/firmware/dev_ws/install/ament_cmake_python:/micro_ros_ws/firmware/dev_ws/install/ament_cmake_export_dependencies:/micro_ros_ws/firmware/dev_ws/install/ament_cmake_libraries:/micro_ros_ws/firmware/dev_ws/install/ament_cmake_include_directories:/micro_ros_ws/firmware/dev_ws/install/ament_cmake_gen_version_h:/micro_ros_ws/firmware/dev_ws/install/ament_cmake_export_targets:/micro_ros_ws/firmware/dev_ws/install/ament_cmake_export_link_flags:/micro_ros_ws/firmware/dev_ws/install/ament_cmake_export_interfaces:/micro_ros_ws/firmware/dev_ws/install/ament_cmake_export_libraries:/micro_ros_ws/firmware/dev_ws/install/ament_cmake_export_include_directories:/micro_ros_ws/firmware/dev_ws/install/ament_cmake_export_definitions:/micro_ros_ws/firmware/dev_ws/install/ament_cmake_core:/micro_ros_ws/firmware/dev_ws/install/ament_index_cpp:/micro_ros_ws/firmware/dev_ws/install/ament_uncrustify:/micro_ros_ws/firmware/dev_ws/install/domain_coordinator:/micro_ros_ws/firmware/dev_ws/install/ament_xmllint:/micro_ros_ws/firmware/dev_ws/install/ament_pyflakes:/micro_ros_ws/firmware/dev_ws/install/ament_pycodestyle:/micro_ros_ws/firmware/dev_ws/install/ament_pep257:/micro_ros_ws/firmware/dev_ws/install/ament_pclint:/micro_ros_ws/firmware/dev_ws/install/ament_package:/micro_ros_ws/firmware/dev_ws/install/ament_mypy:/micro_ros_ws/firmware/dev_ws/install/ament_lint_cmake:/micro_ros_ws/firmware/dev_ws/install/ament_flake8:/micro_ros_ws/firmware/dev_ws/install/ament_copyright:/micro_ros_ws/firmware/dev_ws/install/ament_lint:/micro_ros_ws/firmware/dev_ws/install/ament_index_python:/micro_ros_ws/firmware/dev_ws/install/ament_cpplint:/micro_ros_ws/firmware/dev_ws/install/ament_cppcheck:/micro_ros_ws/firmware/dev_ws/install/ament_clang_tidy:/micro_ros_ws/firmware/dev_ws/install/ament_clang_format LD_LIBRARY_PATH=/micro_ros_ws/firmware/mcu_ws/install/lib:${LD_LIBRARY_PATH} PATH=/micro_ros_ws/firmware/mcu_ws/install/bin:${PATH} PYTHONPATH=/micro_ros_ws/firmware/mcu_ws/install/lib/python3.10/site-packages:${PYTHONPATH} /usr/bin/cmake --build /micro_ros_ws/firmware/mcu_ws/build/rosgraph_msgs -- -j12 -l12
[10.853s] Invoking command in '/micro_ros_ws/firmware/mcu_ws/build/rosgraph_msgs': AMENT_PREFIX_PATH=/micro_ros_ws/firmware/mcu_ws/install:${AMENT_PREFIX_PATH} CMAKE_PREFIX_PATH=/micro_ros_ws/firmware/mcu_ws/install:/micro_ros_ws/firmware/dev_ws/install/ament_lint_common:/micro_ros_ws/firmware/dev_ws/install/ament_cmake_uncrustify:/micro_ros_ws/firmware/dev_ws/install/uncrustify_vendor:/micro_ros_ws/firmware/dev_ws/install/ament_cmake_ros:/micro_ros_ws/firmware/dev_ws/install/ament_cmake_auto:/micro_ros_ws/firmware/dev_ws/install/ament_cmake_gmock:/micro_ros_ws/firmware/dev_ws/install/gmock_vendor:/micro_ros_ws/firmware/dev_ws/install/ament_cmake_gtest:/micro_ros_ws/firmware/dev_ws/install/gtest_vendor:/micro_ros_ws/firmware/dev_ws/install/ament_cmake_xmllint:/micro_ros_ws/firmware/dev_ws/install/ament_cmake_pyflakes:/micro_ros_ws/firmware/dev_ws/install/ament_cmake_pycodestyle:/micro_ros_ws/firmware/dev_ws/install/ament_cmake_pep257:/micro_ros_ws/firmware/dev_ws/install/ament_cmake_pclint:/micro_ros_ws/firmware/dev_ws/install/ament_lint_auto:/micro_ros_ws/firmware/dev_ws/install/ament_cmake:/micro_ros_ws/firmware/dev_ws/install/ament_cmake_version:/micro_ros_ws/firmware/dev_ws/install/ament_cmake_vendor_package:/micro_ros_ws/firmware/dev_ws/install/ament_cmake_pytest:/micro_ros_ws/firmware/dev_ws/install/ament_cmake_nose:/micro_ros_ws/firmware/dev_ws/install/ament_cmake_mypy:/micro_ros_ws/firmware/dev_ws/install/ament_cmake_lint_cmake:/micro_ros_ws/firmware/dev_ws/install/ament_cmake_google_benchmark:/micro_ros_ws/firmware/dev_ws/install/ament_cmake_flake8:/micro_ros_ws/firmware/dev_ws/install/ament_cmake_cpplint:/micro_ros_ws/firmware/dev_ws/install/ament_cmake_cppcheck:/micro_ros_ws/firmware/dev_ws/install/ament_cmake_copyright:/micro_ros_ws/firmware/dev_ws/install/ament_cmake_clang_tidy:/micro_ros_ws/firmware/dev_ws/install/ament_cmake_clang_format:/micro_ros_ws/firmware/dev_ws/install/ament_cmake_test:/micro_ros_ws/firmware/dev_ws/install/ament_cmake_target_dependencies:/micro_ros_ws/firmware/dev_ws/install/ament_cmake_python:/micro_ros_ws/firmware/dev_ws/install/ament_cmake_export_dependencies:/micro_ros_ws/firmware/dev_ws/install/ament_cmake_libraries:/micro_ros_ws/firmware/dev_ws/install/ament_cmake_include_directories:/micro_ros_ws/firmware/dev_ws/install/ament_cmake_gen_version_h:/micro_ros_ws/firmware/dev_ws/install/ament_cmake_export_targets:/micro_ros_ws/firmware/dev_ws/install/ament_cmake_export_link_flags:/micro_ros_ws/firmware/dev_ws/install/ament_cmake_export_interfaces:/micro_ros_ws/firmware/dev_ws/install/ament_cmake_export_libraries:/micro_ros_ws/firmware/dev_ws/install/ament_cmake_export_include_directories:/micro_ros_ws/firmware/dev_ws/install/ament_cmake_export_definitions:/micro_ros_ws/firmware/dev_ws/install/ament_cmake_core:/micro_ros_ws/firmware/dev_ws/install/ament_index_cpp:/micro_ros_ws/firmware/dev_ws/install/ament_uncrustify:/micro_ros_ws/firmware/dev_ws/install/domain_coordinator:/micro_ros_ws/firmware/dev_ws/install/ament_xmllint:/micro_ros_ws/firmware/dev_ws/install/ament_pyflakes:/micro_ros_ws/firmware/dev_ws/install/ament_pycodestyle:/micro_ros_ws/firmware/dev_ws/install/ament_pep257:/micro_ros_ws/firmware/dev_ws/install/ament_pclint:/micro_ros_ws/firmware/dev_ws/install/ament_package:/micro_ros_ws/firmware/dev_ws/install/ament_mypy:/micro_ros_ws/firmware/dev_ws/install/ament_lint_cmake:/micro_ros_ws/firmware/dev_ws/install/ament_flake8:/micro_ros_ws/firmware/dev_ws/install/ament_copyright:/micro_ros_ws/firmware/dev_ws/install/ament_lint:/micro_ros_ws/firmware/dev_ws/install/ament_index_python:/micro_ros_ws/firmware/dev_ws/install/ament_cpplint:/micro_ros_ws/firmware/dev_ws/install/ament_cppcheck:/micro_ros_ws/firmware/dev_ws/install/ament_clang_tidy:/micro_ros_ws/firmware/dev_ws/install/ament_clang_format LD_LIBRARY_PATH=/micro_ros_ws/firmware/mcu_ws/install/lib:${LD_LIBRARY_PATH} PATH=/micro_ros_ws/firmware/mcu_ws/install/bin:${PATH} PYTHONPATH=/micro_ros_ws/firmware/mcu_ws/install/lib/python3.10/site-packages:${PYTHONPATH} /usr/bin/cmake --install /micro_ros_ws/firmware/mcu_ws/build/rosgraph_msgs
[10.964s] -- Install configuration: "Debug"
[10.977s] -- Up-to-date: /micro_ros_ws/firmware/mcu_ws/install/share/ament_index/resource_index/rosidl_interfaces/rosgraph_msgs
[10.985s] -- Up-to-date: /micro_ros_ws/firmware/mcu_ws/install/include/rosgraph_msgs/rosgraph_msgs
[10.996s] -- Up-to-date: /micro_ros_ws/firmware/mcu_ws/install/include/rosgraph_msgs/rosgraph_msgs/msg
[11.011s] -- Up-to-date: /micro_ros_ws/firmware/mcu_ws/install/include/rosgraph_msgs/rosgraph_msgs/msg/clock.h
[11.021s] -- Up-to-date: /micro_ros_ws/firmware/mcu_ws/install/include/rosgraph_msgs/rosgraph_msgs/msg/detail
[11.038s] -- Up-to-date: /micro_ros_ws/firmware/mcu_ws/install/include/rosgraph_msgs/rosgraph_msgs/msg/detail/clock__functions.c
[11.051s] -- Up-to-date: /micro_ros_ws/firmware/mcu_ws/install/include/rosgraph_msgs/rosgraph_msgs/msg/detail/clock__functions.h
[11.064s] -- Up-to-date: /micro_ros_ws/firmware/mcu_ws/install/include/rosgraph_msgs/rosgraph_msgs/msg/detail/clock__struct.h
[11.078s] -- Up-to-date: /micro_ros_ws/firmware/mcu_ws/install/include/rosgraph_msgs/rosgraph_msgs/msg/detail/clock__type_support.h
[11.088s] -- Up-to-date: /micro_ros_ws/firmware/mcu_ws/install/include/rosgraph_msgs/rosgraph_msgs/msg/rosidl_generator_c__visibility_control.h
[11.104s] -- Up-to-date: /micro_ros_ws/firmware/mcu_ws/install/share/rosgraph_msgs/environment/library_path.sh
[11.114s] -- Installing: /micro_ros_ws/firmware/mcu_ws/install/share/rosgraph_msgs/environment/library_path.dsv
[11.143s] -- Installing: /micro_ros_ws/firmware/mcu_ws/install/lib/librosgraph_msgs__rosidl_generator_c.a
[11.165s] -- Up-to-date: /micro_ros_ws/firmware/mcu_ws/install/include/rosgraph_msgs/rosgraph_msgs
[11.175s] -- Up-to-date: /micro_ros_ws/firmware/mcu_ws/install/include/rosgraph_msgs/rosgraph_msgs/msg
[11.186s] -- Up-to-date: /micro_ros_ws/firmware/mcu_ws/install/include/rosgraph_msgs/rosgraph_msgs/msg/detail
[11.205s] -- Up-to-date: /micro_ros_ws/firmware/mcu_ws/install/include/rosgraph_msgs/rosgraph_msgs/msg/detail/clock__rosidl_typesupport_introspection_c.h
[11.217s] -- Up-to-date: /micro_ros_ws/firmware/mcu_ws/install/include/rosgraph_msgs/rosgraph_msgs/msg/detail/clock__type_support.c
[11.227s] -- Up-to-date: /micro_ros_ws/firmware/mcu_ws/install/include/rosgraph_msgs/rosgraph_msgs/msg/rosidl_typesupport_introspection_c__visibility_control.h
[11.236s] -- Up-to-date: /micro_ros_ws/firmware/mcu_ws/install/lib/librosgraph_msgs__rosidl_typesupport_introspection_c.a
[11.241s] -- Up-to-date: /micro_ros_ws/firmware/mcu_ws/install/include/rosgraph_msgs/rosgraph_msgs
[11.250s] -- Up-to-date: /micro_ros_ws/firmware/mcu_ws/install/include/rosgraph_msgs/rosgraph_msgs/msg
[11.262s] -- Up-to-date: /micro_ros_ws/firmware/mcu_ws/install/include/rosgraph_msgs/rosgraph_msgs/msg/detail
[11.277s] -- Up-to-date: /micro_ros_ws/firmware/mcu_ws/install/include/rosgraph_msgs/rosgraph_msgs/msg/detail/clock__rosidl_typesupport_microxrcedds_c.h
[11.287s] -- Up-to-date: /micro_ros_ws/firmware/mcu_ws/install/include/rosgraph_msgs/rosgraph_msgs/msg/detail/microxrcedds
[11.306s] -- Up-to-date: /micro_ros_ws/firmware/mcu_ws/install/include/rosgraph_msgs/rosgraph_msgs/msg/rosidl_typesupport_microxrcedds_c__visibility_control.h
[11.316s] -- Up-to-date: /micro_ros_ws/firmware/mcu_ws/install/lib/librosgraph_msgs__rosidl_typesupport_microxrcedds_c.a
[11.324s] -- Up-to-date: /micro_ros_ws/firmware/mcu_ws/install/lib/librosgraph_msgs__rosidl_typesupport_c.a
[11.337s] -- Up-to-date: /micro_ros_ws/firmware/mcu_ws/install/share/rosgraph_msgs/msg/Clock.idl
[11.349s] -- Up-to-date: /micro_ros_ws/firmware/mcu_ws/install/share/rosgraph_msgs/msg/Clock.msg
[11.365s] -- Up-to-date: /micro_ros_ws/firmware/mcu_ws/install/share/ament_index/resource_index/package_run_dependencies/rosgraph_msgs
[11.380s] -- Up-to-date: /micro_ros_ws/firmware/mcu_ws/install/share/ament_index/resource_index/parent_prefix_path/rosgraph_msgs
[11.396s] -- Up-to-date: /micro_ros_ws/firmware/mcu_ws/install/share/rosgraph_msgs/environment/ament_prefix_path.sh
[11.407s] -- Installing: /micro_ros_ws/firmware/mcu_ws/install/share/rosgraph_msgs/environment/ament_prefix_path.dsv
[11.452s] -- Up-to-date: /micro_ros_ws/firmware/mcu_ws/install/share/rosgraph_msgs/environment/path.sh
[11.463s] -- Installing: /micro_ros_ws/firmware/mcu_ws/install/share/rosgraph_msgs/environment/path.dsv
[11.495s] -- Up-to-date: /micro_ros_ws/firmware/mcu_ws/install/share/rosgraph_msgs/local_setup.bash
[11.504s] -- Up-to-date: /micro_ros_ws/firmware/mcu_ws/install/share/rosgraph_msgs/local_setup.sh
[11.513s] -- Up-to-date: /micro_ros_ws/firmware/mcu_ws/install/share/rosgraph_msgs/local_setup.zsh
[11.522s] -- Installing: /micro_ros_ws/firmware/mcu_ws/install/share/rosgraph_msgs/local_setup.dsv
[11.551s] -- Installing: /micro_ros_ws/firmware/mcu_ws/install/share/rosgraph_msgs/package.dsv
[11.585s] -- Up-to-date: /micro_ros_ws/firmware/mcu_ws/install/share/ament_index/resource_index/packages/rosgraph_msgs
[11.607s] -- Up-to-date: /micro_ros_ws/firmware/mcu_ws/install/share/rosgraph_msgs/cmake/export_rosgraph_msgs__rosidl_generator_cExport.cmake
[11.621s] -- Up-to-date: /micro_ros_ws/firmware/mcu_ws/install/share/rosgraph_msgs/cmake/export_rosgraph_msgs__rosidl_generator_cExport-debug.cmake
[11.642s] -- Up-to-date: /micro_ros_ws/firmware/mcu_ws/install/share/rosgraph_msgs/cmake/rosgraph_msgs__rosidl_typesupport_introspection_cExport.cmake
[11.654s] -- Up-to-date: /micro_ros_ws/firmware/mcu_ws/install/share/rosgraph_msgs/cmake/rosgraph_msgs__rosidl_typesupport_introspection_cExport-debug.cmake
[11.674s] -- Up-to-date: /micro_ros_ws/firmware/mcu_ws/install/share/rosgraph_msgs/cmake/rosgraph_msgs__rosidl_typesupport_cExport.cmake
[11.691s] -- Up-to-date: /micro_ros_ws/firmware/mcu_ws/install/share/rosgraph_msgs/cmake/rosgraph_msgs__rosidl_typesupport_cExport-debug.cmake
[11.704s] -- Up-to-date: /micro_ros_ws/firmware/mcu_ws/install/share/rosgraph_msgs/cmake/rosidl_cmake-extras.cmake
[11.716s] -- Up-to-date: /micro_ros_ws/firmware/mcu_ws/install/share/rosgraph_msgs/cmake/ament_cmake_export_dependencies-extras.cmake
[11.727s] -- Up-to-date: /micro_ros_ws/firmware/mcu_ws/install/share/rosgraph_msgs/cmake/ament_cmake_export_include_directories-extras.cmake
[11.738s] -- Up-to-date: /micro_ros_ws/firmware/mcu_ws/install/share/rosgraph_msgs/cmake/ament_cmake_export_libraries-extras.cmake
[11.749s] -- Up-to-date: /micro_ros_ws/firmware/mcu_ws/install/share/rosgraph_msgs/cmake/ament_cmake_export_targets-extras.cmake
[11.760s] -- Up-to-date: /micro_ros_ws/firmware/mcu_ws/install/share/rosgraph_msgs/cmake/rosidl_cmake_export_typesupport_targets-extras.cmake
[11.771s] -- Up-to-date: /micro_ros_ws/firmware/mcu_ws/install/share/rosgraph_msgs/cmake/rosidl_cmake_export_typesupport_libraries-extras.cmake
[11.783s] -- Up-to-date: /micro_ros_ws/firmware/mcu_ws/install/share/rosgraph_msgs/cmake/rosidl_cmake_aggregate_target-extras.cmake
[11.794s] -- Up-to-date: /micro_ros_ws/firmware/mcu_ws/install/share/rosgraph_msgs/cmake/rosgraph_msgsConfig.cmake
[11.803s] -- Up-to-date: /micro_ros_ws/firmware/mcu_ws/install/share/rosgraph_msgs/cmake/rosgraph_msgsConfig-version.cmake
[11.815s] -- Up-to-date: /micro_ros_ws/firmware/mcu_ws/install/share/rosgraph_msgs/package.xml
[11.823s] Invoked command in '/micro_ros_ws/firmware/mcu_ws/build/rosgraph_msgs' returned '0': AMENT_PREFIX_PATH=/micro_ros_ws/firmware/mcu_ws/install:${AMENT_PREFIX_PATH} CMAKE_PREFIX_PATH=/micro_ros_ws/firmware/mcu_ws/install:/micro_ros_ws/firmware/dev_ws/install/ament_lint_common:/micro_ros_ws/firmware/dev_ws/install/ament_cmake_uncrustify:/micro_ros_ws/firmware/dev_ws/install/uncrustify_vendor:/micro_ros_ws/firmware/dev_ws/install/ament_cmake_ros:/micro_ros_ws/firmware/dev_ws/install/ament_cmake_auto:/micro_ros_ws/firmware/dev_ws/install/ament_cmake_gmock:/micro_ros_ws/firmware/dev_ws/install/gmock_vendor:/micro_ros_ws/firmware/dev_ws/install/ament_cmake_gtest:/micro_ros_ws/firmware/dev_ws/install/gtest_vendor:/micro_ros_ws/firmware/dev_ws/install/ament_cmake_xmllint:/micro_ros_ws/firmware/dev_ws/install/ament_cmake_pyflakes:/micro_ros_ws/firmware/dev_ws/install/ament_cmake_pycodestyle:/micro_ros_ws/firmware/dev_ws/install/ament_cmake_pep257:/micro_ros_ws/firmware/dev_ws/install/ament_cmake_pclint:/micro_ros_ws/firmware/dev_ws/install/ament_lint_auto:/micro_ros_ws/firmware/dev_ws/install/ament_cmake:/micro_ros_ws/firmware/dev_ws/install/ament_cmake_version:/micro_ros_ws/firmware/dev_ws/install/ament_cmake_vendor_package:/micro_ros_ws/firmware/dev_ws/install/ament_cmake_pytest:/micro_ros_ws/firmware/dev_ws/install/ament_cmake_nose:/micro_ros_ws/firmware/dev_ws/install/ament_cmake_mypy:/micro_ros_ws/firmware/dev_ws/install/ament_cmake_lint_cmake:/micro_ros_ws/firmware/dev_ws/install/ament_cmake_google_benchmark:/micro_ros_ws/firmware/dev_ws/install/ament_cmake_flake8:/micro_ros_ws/firmware/dev_ws/install/ament_cmake_cpplint:/micro_ros_ws/firmware/dev_ws/install/ament_cmake_cppcheck:/micro_ros_ws/firmware/dev_ws/install/ament_cmake_copyright:/micro_ros_ws/firmware/dev_ws/install/ament_cmake_clang_tidy:/micro_ros_ws/firmware/dev_ws/install/ament_cmake_clang_format:/micro_ros_ws/firmware/dev_ws/install/ament_cmake_test:/micro_ros_ws/firmware/dev_ws/install/ament_cmake_target_dependencies:/micro_ros_ws/firmware/dev_ws/install/ament_cmake_python:/micro_ros_ws/firmware/dev_ws/install/ament_cmake_export_dependencies:/micro_ros_ws/firmware/dev_ws/install/ament_cmake_libraries:/micro_ros_ws/firmware/dev_ws/install/ament_cmake_include_directories:/micro_ros_ws/firmware/dev_ws/install/ament_cmake_gen_version_h:/micro_ros_ws/firmware/dev_ws/install/ament_cmake_export_targets:/micro_ros_ws/firmware/dev_ws/install/ament_cmake_export_link_flags:/micro_ros_ws/firmware/dev_ws/install/ament_cmake_export_interfaces:/micro_ros_ws/firmware/dev_ws/install/ament_cmake_export_libraries:/micro_ros_ws/firmware/dev_ws/install/ament_cmake_export_include_directories:/micro_ros_ws/firmware/dev_ws/install/ament_cmake_export_definitions:/micro_ros_ws/firmware/dev_ws/install/ament_cmake_core:/micro_ros_ws/firmware/dev_ws/install/ament_index_cpp:/micro_ros_ws/firmware/dev_ws/install/ament_uncrustify:/micro_ros_ws/firmware/dev_ws/install/domain_coordinator:/micro_ros_ws/firmware/dev_ws/install/ament_xmllint:/micro_ros_ws/firmware/dev_ws/install/ament_pyflakes:/micro_ros_ws/firmware/dev_ws/install/ament_pycodestyle:/micro_ros_ws/firmware/dev_ws/install/ament_pep257:/micro_ros_ws/firmware/dev_ws/install/ament_pclint:/micro_ros_ws/firmware/dev_ws/install/ament_package:/micro_ros_ws/firmware/dev_ws/install/ament_mypy:/micro_ros_ws/firmware/dev_ws/install/ament_lint_cmake:/micro_ros_ws/firmware/dev_ws/install/ament_flake8:/micro_ros_ws/firmware/dev_ws/install/ament_copyright:/micro_ros_ws/firmware/dev_ws/install/ament_lint:/micro_ros_ws/firmware/dev_ws/install/ament_index_python:/micro_ros_ws/firmware/dev_ws/install/ament_cpplint:/micro_ros_ws/firmware/dev_ws/install/ament_cppcheck:/micro_ros_ws/firmware/dev_ws/install/ament_clang_tidy:/micro_ros_ws/firmware/dev_ws/install/ament_clang_format LD_LIBRARY_PATH=/micro_ros_ws/firmware/mcu_ws/install/lib:${LD_LIBRARY_PATH} PATH=/micro_ros_ws/firmware/mcu_ws/install/bin:${PATH} PYTHONPATH=/micro_ros_ws/firmware/mcu_ws/install/lib/python3.10/site-packages:${PYTHONPATH} /usr/bin/cmake --install /micro_ros_ws/firmware/mcu_ws/build/rosgraph_msgs
