[0.839s] Invoking command in '/micro_ros_ws/wall_e_ws/src/localization': PYTHONPATH=/micro_ros_ws/wall_e_ws/build/localization/prefix_override:/usr/lib/python3/dist-packages/colcon_core/task/python/colcon_distutils_commands:/micro_ros_ws/wall_e_ws/install/localization/lib/python3.10/site-packages: /usr/bin/python3 -W ignore:setup.py install is deprecated -W ignore:easy_install command is deprecated setup.py egg_info --egg-base ../../build/localization build --build-base /micro_ros_ws/wall_e_ws/build/localization/build install --record /micro_ros_ws/wall_e_ws/build/localization/install.log --single-version-externally-managed install_data
[0.985s] running egg_info
[0.986s] writing ../../build/localization/localization.egg-info/PKG-INFO
[0.986s] writing dependency_links to ../../build/localization/localization.egg-info/dependency_links.txt
[0.986s] writing entry points to ../../build/localization/localization.egg-info/entry_points.txt
[0.987s] writing requirements to ../../build/localization/localization.egg-info/requires.txt
[0.987s] writing top-level names to ../../build/localization/localization.egg-info/top_level.txt
[0.990s] reading manifest file '../../build/localization/localization.egg-info/SOURCES.txt'
[0.992s] adding license file 'LICENSE'
[0.993s] writing manifest file '../../build/localization/localization.egg-info/SOURCES.txt'
[0.993s] running build
[0.993s] running build_py
[0.995s] running install
[0.995s] running install_lib
[0.998s] running install_data
[0.999s] running install_egg_info
[1.001s] removing '/micro_ros_ws/wall_e_ws/install/localization/lib/python3.10/site-packages/localization-0.0.0-py3.10.egg-info' (and everything under it)
[1.003s] Copying ../../build/localization/localization.egg-info to /micro_ros_ws/wall_e_ws/install/localization/lib/python3.10/site-packages/localization-0.0.0-py3.10.egg-info
[1.010s] running install_scripts
[1.031s] Installing inverse_kinematic_node script to /micro_ros_ws/wall_e_ws/install/localization/lib/localization
[1.031s] Installing odometry_node script to /micro_ros_ws/wall_e_ws/install/localization/lib/localization
[1.033s] writing list of installed files to '/micro_ros_ws/wall_e_ws/build/localization/install.log'
[1.063s] Invoked command in '/micro_ros_ws/wall_e_ws/src/localization' returned '0': PYTHONPATH=/micro_ros_ws/wall_e_ws/build/localization/prefix_override:/usr/lib/python3/dist-packages/colcon_core/task/python/colcon_distutils_commands:/micro_ros_ws/wall_e_ws/install/localization/lib/python3.10/site-packages: /usr/bin/python3 -W ignore:setup.py install is deprecated -W ignore:easy_install command is deprecated setup.py egg_info --egg-base ../../build/localization build --build-base /micro_ros_ws/wall_e_ws/build/localization/build install --record /micro_ros_ws/wall_e_ws/build/localization/install.log --single-version-externally-managed install_data
