[0.952s] Invoking command in '/micro_ros_ws/firmware/mcu_ws/build/actionlib_msgs': AMENT_PREFIX_PATH=/micro_ros_ws/firmware/mcu_ws/install:${AMENT_PREFIX_PATH} CMAKE_PREFIX_PATH=/micro_ros_ws/firmware/mcu_ws/install:/micro_ros_ws/firmware/dev_ws/install/ament_lint_common:/micro_ros_ws/firmware/dev_ws/install/ament_cmake_uncrustify:/micro_ros_ws/firmware/dev_ws/install/uncrustify_vendor:/micro_ros_ws/firmware/dev_ws/install/ament_cmake_ros:/micro_ros_ws/firmware/dev_ws/install/ament_cmake_auto:/micro_ros_ws/firmware/dev_ws/install/ament_cmake_gmock:/micro_ros_ws/firmware/dev_ws/install/gmock_vendor:/micro_ros_ws/firmware/dev_ws/install/ament_cmake_gtest:/micro_ros_ws/firmware/dev_ws/install/gtest_vendor:/micro_ros_ws/firmware/dev_ws/install/ament_cmake_xmllint:/micro_ros_ws/firmware/dev_ws/install/ament_cmake_pyflakes:/micro_ros_ws/firmware/dev_ws/install/ament_cmake_pycodestyle:/micro_ros_ws/firmware/dev_ws/install/ament_cmake_pep257:/micro_ros_ws/firmware/dev_ws/install/ament_cmake_pclint:/micro_ros_ws/firmware/dev_ws/install/ament_lint_auto:/micro_ros_ws/firmware/dev_ws/install/ament_cmake:/micro_ros_ws/firmware/dev_ws/install/ament_cmake_version:/micro_ros_ws/firmware/dev_ws/install/ament_cmake_vendor_package:/micro_ros_ws/firmware/dev_ws/install/ament_cmake_pytest:/micro_ros_ws/firmware/dev_ws/install/ament_cmake_nose:/micro_ros_ws/firmware/dev_ws/install/ament_cmake_mypy:/micro_ros_ws/firmware/dev_ws/install/ament_cmake_lint_cmake:/micro_ros_ws/firmware/dev_ws/install/ament_cmake_google_benchmark:/micro_ros_ws/firmware/dev_ws/install/ament_cmake_flake8:/micro_ros_ws/firmware/dev_ws/install/ament_cmake_cpplint:/micro_ros_ws/firmware/dev_ws/install/ament_cmake_cppcheck:/micro_ros_ws/firmware/dev_ws/install/ament_cmake_copyright:/micro_ros_ws/firmware/dev_ws/install/ament_cmake_clang_tidy:/micro_ros_ws/firmware/dev_ws/install/ament_cmake_clang_format:/micro_ros_ws/firmware/dev_ws/install/ament_cmake_test:/micro_ros_ws/firmware/dev_ws/install/ament_cmake_target_dependencies:/micro_ros_ws/firmware/dev_ws/install/ament_cmake_python:/micro_ros_ws/firmware/dev_ws/install/ament_cmake_export_dependencies:/micro_ros_ws/firmware/dev_ws/install/ament_cmake_libraries:/micro_ros_ws/firmware/dev_ws/install/ament_cmake_include_directories:/micro_ros_ws/firmware/dev_ws/install/ament_cmake_gen_version_h:/micro_ros_ws/firmware/dev_ws/install/ament_cmake_export_targets:/micro_ros_ws/firmware/dev_ws/install/ament_cmake_export_link_flags:/micro_ros_ws/firmware/dev_ws/install/ament_cmake_export_interfaces:/micro_ros_ws/firmware/dev_ws/install/ament_cmake_export_libraries:/micro_ros_ws/firmware/dev_ws/install/ament_cmake_export_include_directories:/micro_ros_ws/firmware/dev_ws/install/ament_cmake_export_definitions:/micro_ros_ws/firmware/dev_ws/install/ament_cmake_core:/micro_ros_ws/firmware/dev_ws/install/ament_index_cpp:/micro_ros_ws/firmware/dev_ws/install/ament_uncrustify:/micro_ros_ws/firmware/dev_ws/install/domain_coordinator:/micro_ros_ws/firmware/dev_ws/install/ament_xmllint:/micro_ros_ws/firmware/dev_ws/install/ament_pyflakes:/micro_ros_ws/firmware/dev_ws/install/ament_pycodestyle:/micro_ros_ws/firmware/dev_ws/install/ament_pep257:/micro_ros_ws/firmware/dev_ws/install/ament_pclint:/micro_ros_ws/firmware/dev_ws/install/ament_package:/micro_ros_ws/firmware/dev_ws/install/ament_mypy:/micro_ros_ws/firmware/dev_ws/install/ament_lint_cmake:/micro_ros_ws/firmware/dev_ws/install/ament_flake8:/micro_ros_ws/firmware/dev_ws/install/ament_copyright:/micro_ros_ws/firmware/dev_ws/install/ament_lint:/micro_ros_ws/firmware/dev_ws/install/ament_index_python:/micro_ros_ws/firmware/dev_ws/install/ament_cpplint:/micro_ros_ws/firmware/dev_ws/install/ament_cppcheck:/micro_ros_ws/firmware/dev_ws/install/ament_clang_tidy:/micro_ros_ws/firmware/dev_ws/install/ament_clang_format LD_LIBRARY_PATH=/micro_ros_ws/firmware/mcu_ws/install/lib:${LD_LIBRARY_PATH} PATH=/micro_ros_ws/firmware/mcu_ws/install/bin:${PATH} PYTHONPATH=/micro_ros_ws/firmware/mcu_ws/install/lib/python3.10/site-packages:${PYTHONPATH} /usr/bin/cmake --build /micro_ros_ws/firmware/mcu_ws/build/actionlib_msgs -- -j12 -l12
[1.026s] gmake[4]: Entering directory '/micro_ros_ws/firmware/mcu_ws/build/actionlib_msgs'
[1.026s] /usr/bin/cmake -S/micro_ros_ws/firmware/mcu_ws/ros2/common_interfaces/actionlib_msgs -B/micro_ros_ws/firmware/mcu_ws/build/actionlib_msgs --check-build-system CMakeFiles/Makefile.cmake 0
[1.143s] Re-run cmake file: Makefile older than: /micro_ros_ws/firmware/freertos_apps/microros_esp32_extensions/esp32_toolchain.cmake
[1.163s] -- Found ament_cmake: 1.3.14 (/micro_ros_ws/firmware/dev_ws/install/ament_cmake/share/ament_cmake/cmake)
[2.261s] -- Found builtin_interfaces: 1.2.2 (/micro_ros_ws/firmware/mcu_ws/install/share/builtin_interfaces/cmake)
[2.412s] -- Using all available rosidl_typesupport_c: rosidl_typesupport_introspection_c;rosidl_typesupport_microxrcedds_c
[2.441s] -- Found rosidl_adapter: 3.1.8 (/micro_ros_ws/firmware/mcu_ws/install/share/rosidl_adapter/cmake)
[2.637s] -- Found rosidl_default_generators: 1.2.1 (/micro_ros_ws/firmware/mcu_ws/install/share/rosidl_default_generators/cmake)
[3.020s] -- Found std_msgs: 4.9.1 (/micro_ros_ws/firmware/mcu_ws/install/share/std_msgs/cmake)
[5.320s] -- Found ament_cmake_ros: 0.10.0 (/micro_ros_ws/firmware/dev_ws/install/ament_cmake_ros/share/ament_cmake_ros/cmake)
[6.273s] -- Using all available rosidl_typesupport_c: rosidl_typesupport_introspection_c;rosidl_typesupport_microxrcedds_c
[6.456s] -- Configuring done
[6.784s] -- Generating done
[6.845s] -- Build files have been written to: /micro_ros_ws/firmware/mcu_ws/build/actionlib_msgs
[6.847s] /usr/bin/cmake -E cmake_progress_start /micro_ros_ws/firmware/mcu_ws/build/actionlib_msgs/CMakeFiles /micro_ros_ws/firmware/mcu_ws/build/actionlib_msgs//CMakeFiles/progress.marks
[6.875s] /usr/bin/gmake  -f CMakeFiles/Makefile2 all
[6.886s] gmake[5]: Entering directory '/micro_ros_ws/firmware/mcu_ws/build/actionlib_msgs'
[6.886s] /usr/bin/gmake  -f CMakeFiles/actionlib_msgs__rosidl_generator_c.dir/build.make CMakeFiles/actionlib_msgs__rosidl_generator_c.dir/depend
[6.921s] gmake[6]: Entering directory '/micro_ros_ws/firmware/mcu_ws/build/actionlib_msgs'
[6.921s] cd /micro_ros_ws/firmware/mcu_ws/build/actionlib_msgs && /usr/bin/cmake -E cmake_depends "Unix Makefiles" /micro_ros_ws/firmware/mcu_ws/ros2/common_interfaces/actionlib_msgs /micro_ros_ws/firmware/mcu_ws/ros2/common_interfaces/actionlib_msgs /micro_ros_ws/firmware/mcu_ws/build/actionlib_msgs /micro_ros_ws/firmware/mcu_ws/build/actionlib_msgs /micro_ros_ws/firmware/mcu_ws/build/actionlib_msgs/CMakeFiles/actionlib_msgs__rosidl_generator_c.dir/DependInfo.cmake --color=
[6.971s] Dependencies file "CMakeFiles/actionlib_msgs__rosidl_generator_c.dir/rosidl_generator_c/actionlib_msgs/msg/detail/goal_id__functions.c.obj.d" is newer than depends file "/micro_ros_ws/firmware/mcu_ws/build/actionlib_msgs/CMakeFiles/actionlib_msgs__rosidl_generator_c.dir/compiler_depend.internal".
[6.972s] Dependencies file "CMakeFiles/actionlib_msgs__rosidl_generator_c.dir/rosidl_generator_c/actionlib_msgs/msg/detail/goal_status__functions.c.obj.d" is newer than depends file "/micro_ros_ws/firmware/mcu_ws/build/actionlib_msgs/CMakeFiles/actionlib_msgs__rosidl_generator_c.dir/compiler_depend.internal".
[6.973s] Dependencies file "CMakeFiles/actionlib_msgs__rosidl_generator_c.dir/rosidl_generator_c/actionlib_msgs/msg/detail/goal_status_array__functions.c.obj.d" is newer than depends file "/micro_ros_ws/firmware/mcu_ws/build/actionlib_msgs/CMakeFiles/actionlib_msgs__rosidl_generator_c.dir/compiler_depend.internal".
[6.974s] [35m[1mConsolidate compiler generated dependencies of target actionlib_msgs__rosidl_generator_c[0m
[7.005s] gmake[6]: Leaving directory '/micro_ros_ws/firmware/mcu_ws/build/actionlib_msgs'
[7.005s] /usr/bin/gmake  -f CMakeFiles/actionlib_msgs__rosidl_generator_c.dir/build.make CMakeFiles/actionlib_msgs__rosidl_generator_c.dir/build
[7.042s] gmake[6]: Entering directory '/micro_ros_ws/firmware/mcu_ws/build/actionlib_msgs'
[7.042s] gmake[6]: Nothing to be done for 'CMakeFiles/actionlib_msgs__rosidl_generator_c.dir/build'.
[7.043s] gmake[6]: Leaving directory '/micro_ros_ws/firmware/mcu_ws/build/actionlib_msgs'
[7.078s] [ 25%] Built target actionlib_msgs__rosidl_generator_c
[7.079s] /usr/bin/gmake  -f CMakeFiles/actionlib_msgs__rosidl_typesupport_microxrcedds_c.dir/build.make CMakeFiles/actionlib_msgs__rosidl_typesupport_microxrcedds_c.dir/depend
[7.080s] /usr/bin/gmake  -f CMakeFiles/actionlib_msgs__rosidl_typesupport_introspection_c.dir/build.make CMakeFiles/actionlib_msgs__rosidl_typesupport_introspection_c.dir/depend
[7.080s] /usr/bin/gmake  -f CMakeFiles/actionlib_msgs__rosidl_typesupport_c.dir/build.make CMakeFiles/actionlib_msgs__rosidl_typesupport_c.dir/depend
[7.105s] gmake[6]: Entering directory '/micro_ros_ws/firmware/mcu_ws/build/actionlib_msgs'
[7.105s] cd /micro_ros_ws/firmware/mcu_ws/build/actionlib_msgs && /usr/bin/cmake -E cmake_depends "Unix Makefiles" /micro_ros_ws/firmware/mcu_ws/ros2/common_interfaces/actionlib_msgs /micro_ros_ws/firmware/mcu_ws/ros2/common_interfaces/actionlib_msgs /micro_ros_ws/firmware/mcu_ws/build/actionlib_msgs /micro_ros_ws/firmware/mcu_ws/build/actionlib_msgs /micro_ros_ws/firmware/mcu_ws/build/actionlib_msgs/CMakeFiles/actionlib_msgs__rosidl_typesupport_microxrcedds_c.dir/DependInfo.cmake --color=
[7.114s] gmake[6]: Entering directory '/micro_ros_ws/firmware/mcu_ws/build/actionlib_msgs'
[7.115s] cd /micro_ros_ws/firmware/mcu_ws/build/actionlib_msgs && /usr/bin/cmake -E cmake_depends "Unix Makefiles" /micro_ros_ws/firmware/mcu_ws/ros2/common_interfaces/actionlib_msgs /micro_ros_ws/firmware/mcu_ws/ros2/common_interfaces/actionlib_msgs /micro_ros_ws/firmware/mcu_ws/build/actionlib_msgs /micro_ros_ws/firmware/mcu_ws/build/actionlib_msgs /micro_ros_ws/firmware/mcu_ws/build/actionlib_msgs/CMakeFiles/actionlib_msgs__rosidl_typesupport_c.dir/DependInfo.cmake --color=
[7.117s] gmake[6]: Entering directory '/micro_ros_ws/firmware/mcu_ws/build/actionlib_msgs'
[7.118s] cd /micro_ros_ws/firmware/mcu_ws/build/actionlib_msgs && /usr/bin/cmake -E cmake_depends "Unix Makefiles" /micro_ros_ws/firmware/mcu_ws/ros2/common_interfaces/actionlib_msgs /micro_ros_ws/firmware/mcu_ws/ros2/common_interfaces/actionlib_msgs /micro_ros_ws/firmware/mcu_ws/build/actionlib_msgs /micro_ros_ws/firmware/mcu_ws/build/actionlib_msgs /micro_ros_ws/firmware/mcu_ws/build/actionlib_msgs/CMakeFiles/actionlib_msgs__rosidl_typesupport_introspection_c.dir/DependInfo.cmake --color=
[7.154s] Dependencies file "CMakeFiles/actionlib_msgs__rosidl_typesupport_microxrcedds_c.dir/rosidl_typesupport_microxrcedds_c/actionlib_msgs/msg/detail/microxrcedds/goal_id__type_support_c.c.obj.d" is newer than depends file "/micro_ros_ws/firmware/mcu_ws/build/actionlib_msgs/CMakeFiles/actionlib_msgs__rosidl_typesupport_microxrcedds_c.dir/compiler_depend.internal".
[7.156s] Dependencies file "CMakeFiles/actionlib_msgs__rosidl_typesupport_microxrcedds_c.dir/rosidl_typesupport_microxrcedds_c/actionlib_msgs/msg/detail/microxrcedds/goal_status__type_support_c.c.obj.d" is newer than depends file "/micro_ros_ws/firmware/mcu_ws/build/actionlib_msgs/CMakeFiles/actionlib_msgs__rosidl_typesupport_microxrcedds_c.dir/compiler_depend.internal".
[7.156s] Dependencies file "CMakeFiles/actionlib_msgs__rosidl_typesupport_microxrcedds_c.dir/rosidl_typesupport_microxrcedds_c/actionlib_msgs/msg/detail/microxrcedds/goal_status_array__type_support_c.c.obj.d" is newer than depends file "/micro_ros_ws/firmware/mcu_ws/build/actionlib_msgs/CMakeFiles/actionlib_msgs__rosidl_typesupport_microxrcedds_c.dir/compiler_depend.internal".
[7.157s] [35m[1mConsolidate compiler generated dependencies of target actionlib_msgs__rosidl_typesupport_microxrcedds_c[0m
[7.159s] Dependencies file "CMakeFiles/actionlib_msgs__rosidl_typesupport_c.dir/rosidl_typesupport_c/actionlib_msgs/msg/goal_id__type_support.cpp.obj.d" is newer than depends file "/micro_ros_ws/firmware/mcu_ws/build/actionlib_msgs/CMakeFiles/actionlib_msgs__rosidl_typesupport_c.dir/compiler_depend.internal".
[7.160s] Dependencies file "CMakeFiles/actionlib_msgs__rosidl_typesupport_c.dir/rosidl_typesupport_c/actionlib_msgs/msg/goal_status__type_support.cpp.obj.d" is newer than depends file "/micro_ros_ws/firmware/mcu_ws/build/actionlib_msgs/CMakeFiles/actionlib_msgs__rosidl_typesupport_c.dir/compiler_depend.internal".
[7.162s] Dependencies file "CMakeFiles/actionlib_msgs__rosidl_typesupport_c.dir/rosidl_typesupport_c/actionlib_msgs/msg/goal_status_array__type_support.cpp.obj.d" is newer than depends file "/micro_ros_ws/firmware/mcu_ws/build/actionlib_msgs/CMakeFiles/actionlib_msgs__rosidl_typesupport_c.dir/compiler_depend.internal".
[7.162s] [35m[1mConsolidate compiler generated dependencies of target actionlib_msgs__rosidl_typesupport_c[0m
[7.165s] Dependencies file "CMakeFiles/actionlib_msgs__rosidl_typesupport_introspection_c.dir/rosidl_typesupport_introspection_c/actionlib_msgs/msg/detail/goal_id__type_support.c.obj.d" is newer than depends file "/micro_ros_ws/firmware/mcu_ws/build/actionlib_msgs/CMakeFiles/actionlib_msgs__rosidl_typesupport_introspection_c.dir/compiler_depend.internal".
[7.166s] Dependencies file "CMakeFiles/actionlib_msgs__rosidl_typesupport_introspection_c.dir/rosidl_typesupport_introspection_c/actionlib_msgs/msg/detail/goal_status__type_support.c.obj.d" is newer than depends file "/micro_ros_ws/firmware/mcu_ws/build/actionlib_msgs/CMakeFiles/actionlib_msgs__rosidl_typesupport_introspection_c.dir/compiler_depend.internal".
[7.168s] Dependencies file "CMakeFiles/actionlib_msgs__rosidl_typesupport_introspection_c.dir/rosidl_typesupport_introspection_c/actionlib_msgs/msg/detail/goal_status_array__type_support.c.obj.d" is newer than depends file "/micro_ros_ws/firmware/mcu_ws/build/actionlib_msgs/CMakeFiles/actionlib_msgs__rosidl_typesupport_introspection_c.dir/compiler_depend.internal".
[7.168s] [35m[1mConsolidate compiler generated dependencies of target actionlib_msgs__rosidl_typesupport_introspection_c[0m
[7.184s] gmake[6]: Leaving directory '/micro_ros_ws/firmware/mcu_ws/build/actionlib_msgs'
[7.185s] /usr/bin/gmake  -f CMakeFiles/actionlib_msgs__rosidl_typesupport_c.dir/build.make CMakeFiles/actionlib_msgs__rosidl_typesupport_c.dir/build
[7.202s] gmake[6]: Leaving directory '/micro_ros_ws/firmware/mcu_ws/build/actionlib_msgs'
[7.202s] /usr/bin/gmake  -f CMakeFiles/actionlib_msgs__rosidl_typesupport_microxrcedds_c.dir/build.make CMakeFiles/actionlib_msgs__rosidl_typesupport_microxrcedds_c.dir/build
[7.208s] gmake[6]: Leaving directory '/micro_ros_ws/firmware/mcu_ws/build/actionlib_msgs'
[7.209s] /usr/bin/gmake  -f CMakeFiles/actionlib_msgs__rosidl_typesupport_introspection_c.dir/build.make CMakeFiles/actionlib_msgs__rosidl_typesupport_introspection_c.dir/build
[7.231s] gmake[6]: Entering directory '/micro_ros_ws/firmware/mcu_ws/build/actionlib_msgs'
[7.231s] gmake[6]: Nothing to be done for 'CMakeFiles/actionlib_msgs__rosidl_typesupport_c.dir/build'.
[7.232s] gmake[6]: Leaving directory '/micro_ros_ws/firmware/mcu_ws/build/actionlib_msgs'
[7.250s] gmake[6]: Entering directory '/micro_ros_ws/firmware/mcu_ws/build/actionlib_msgs'
[7.250s] gmake[6]: Nothing to be done for 'CMakeFiles/actionlib_msgs__rosidl_typesupport_microxrcedds_c.dir/build'.
[7.251s] gmake[6]: Leaving directory '/micro_ros_ws/firmware/mcu_ws/build/actionlib_msgs'
[7.259s] gmake[6]: Entering directory '/micro_ros_ws/firmware/mcu_ws/build/actionlib_msgs'
[7.259s] gmake[6]: Nothing to be done for 'CMakeFiles/actionlib_msgs__rosidl_typesupport_introspection_c.dir/build'.
[7.259s] gmake[6]: Leaving directory '/micro_ros_ws/firmware/mcu_ws/build/actionlib_msgs'
[7.272s] [ 50%] Built target actionlib_msgs__rosidl_typesupport_c
[7.286s] [ 75%] Built target actionlib_msgs__rosidl_typesupport_microxrcedds_c
[7.289s] [100%] Built target actionlib_msgs__rosidl_typesupport_introspection_c
[7.292s] /usr/bin/gmake  -f CMakeFiles/actionlib_msgs.dir/build.make CMakeFiles/actionlib_msgs.dir/depend
[7.305s] gmake[6]: Entering directory '/micro_ros_ws/firmware/mcu_ws/build/actionlib_msgs'
[7.305s] cd /micro_ros_ws/firmware/mcu_ws/build/actionlib_msgs && /usr/bin/cmake -E cmake_depends "Unix Makefiles" /micro_ros_ws/firmware/mcu_ws/ros2/common_interfaces/actionlib_msgs /micro_ros_ws/firmware/mcu_ws/ros2/common_interfaces/actionlib_msgs /micro_ros_ws/firmware/mcu_ws/build/actionlib_msgs /micro_ros_ws/firmware/mcu_ws/build/actionlib_msgs /micro_ros_ws/firmware/mcu_ws/build/actionlib_msgs/CMakeFiles/actionlib_msgs.dir/DependInfo.cmake --color=
[7.334s] gmake[6]: Leaving directory '/micro_ros_ws/firmware/mcu_ws/build/actionlib_msgs'
[7.335s] /usr/bin/gmake  -f CMakeFiles/actionlib_msgs.dir/build.make CMakeFiles/actionlib_msgs.dir/build
[7.348s] gmake[6]: Entering directory '/micro_ros_ws/firmware/mcu_ws/build/actionlib_msgs'
[7.349s] gmake[6]: Nothing to be done for 'CMakeFiles/actionlib_msgs.dir/build'.
[7.349s] gmake[6]: Leaving directory '/micro_ros_ws/firmware/mcu_ws/build/actionlib_msgs'
[7.375s] [100%] Built target actionlib_msgs
[7.375s] gmake[5]: Leaving directory '/micro_ros_ws/firmware/mcu_ws/build/actionlib_msgs'
[7.376s] /usr/bin/cmake -E cmake_progress_start /micro_ros_ws/firmware/mcu_ws/build/actionlib_msgs/CMakeFiles 0
[7.411s] gmake[4]: Leaving directory '/micro_ros_ws/firmware/mcu_ws/build/actionlib_msgs'
[7.414s] Invoked command in '/micro_ros_ws/firmware/mcu_ws/build/actionlib_msgs' returned '0': AMENT_PREFIX_PATH=/micro_ros_ws/firmware/mcu_ws/install:${AMENT_PREFIX_PATH} CMAKE_PREFIX_PATH=/micro_ros_ws/firmware/mcu_ws/install:/micro_ros_ws/firmware/dev_ws/install/ament_lint_common:/micro_ros_ws/firmware/dev_ws/install/ament_cmake_uncrustify:/micro_ros_ws/firmware/dev_ws/install/uncrustify_vendor:/micro_ros_ws/firmware/dev_ws/install/ament_cmake_ros:/micro_ros_ws/firmware/dev_ws/install/ament_cmake_auto:/micro_ros_ws/firmware/dev_ws/install/ament_cmake_gmock:/micro_ros_ws/firmware/dev_ws/install/gmock_vendor:/micro_ros_ws/firmware/dev_ws/install/ament_cmake_gtest:/micro_ros_ws/firmware/dev_ws/install/gtest_vendor:/micro_ros_ws/firmware/dev_ws/install/ament_cmake_xmllint:/micro_ros_ws/firmware/dev_ws/install/ament_cmake_pyflakes:/micro_ros_ws/firmware/dev_ws/install/ament_cmake_pycodestyle:/micro_ros_ws/firmware/dev_ws/install/ament_cmake_pep257:/micro_ros_ws/firmware/dev_ws/install/ament_cmake_pclint:/micro_ros_ws/firmware/dev_ws/install/ament_lint_auto:/micro_ros_ws/firmware/dev_ws/install/ament_cmake:/micro_ros_ws/firmware/dev_ws/install/ament_cmake_version:/micro_ros_ws/firmware/dev_ws/install/ament_cmake_vendor_package:/micro_ros_ws/firmware/dev_ws/install/ament_cmake_pytest:/micro_ros_ws/firmware/dev_ws/install/ament_cmake_nose:/micro_ros_ws/firmware/dev_ws/install/ament_cmake_mypy:/micro_ros_ws/firmware/dev_ws/install/ament_cmake_lint_cmake:/micro_ros_ws/firmware/dev_ws/install/ament_cmake_google_benchmark:/micro_ros_ws/firmware/dev_ws/install/ament_cmake_flake8:/micro_ros_ws/firmware/dev_ws/install/ament_cmake_cpplint:/micro_ros_ws/firmware/dev_ws/install/ament_cmake_cppcheck:/micro_ros_ws/firmware/dev_ws/install/ament_cmake_copyright:/micro_ros_ws/firmware/dev_ws/install/ament_cmake_clang_tidy:/micro_ros_ws/firmware/dev_ws/install/ament_cmake_clang_format:/micro_ros_ws/firmware/dev_ws/install/ament_cmake_test:/micro_ros_ws/firmware/dev_ws/install/ament_cmake_target_dependencies:/micro_ros_ws/firmware/dev_ws/install/ament_cmake_python:/micro_ros_ws/firmware/dev_ws/install/ament_cmake_export_dependencies:/micro_ros_ws/firmware/dev_ws/install/ament_cmake_libraries:/micro_ros_ws/firmware/dev_ws/install/ament_cmake_include_directories:/micro_ros_ws/firmware/dev_ws/install/ament_cmake_gen_version_h:/micro_ros_ws/firmware/dev_ws/install/ament_cmake_export_targets:/micro_ros_ws/firmware/dev_ws/install/ament_cmake_export_link_flags:/micro_ros_ws/firmware/dev_ws/install/ament_cmake_export_interfaces:/micro_ros_ws/firmware/dev_ws/install/ament_cmake_export_libraries:/micro_ros_ws/firmware/dev_ws/install/ament_cmake_export_include_directories:/micro_ros_ws/firmware/dev_ws/install/ament_cmake_export_definitions:/micro_ros_ws/firmware/dev_ws/install/ament_cmake_core:/micro_ros_ws/firmware/dev_ws/install/ament_index_cpp:/micro_ros_ws/firmware/dev_ws/install/ament_uncrustify:/micro_ros_ws/firmware/dev_ws/install/domain_coordinator:/micro_ros_ws/firmware/dev_ws/install/ament_xmllint:/micro_ros_ws/firmware/dev_ws/install/ament_pyflakes:/micro_ros_ws/firmware/dev_ws/install/ament_pycodestyle:/micro_ros_ws/firmware/dev_ws/install/ament_pep257:/micro_ros_ws/firmware/dev_ws/install/ament_pclint:/micro_ros_ws/firmware/dev_ws/install/ament_package:/micro_ros_ws/firmware/dev_ws/install/ament_mypy:/micro_ros_ws/firmware/dev_ws/install/ament_lint_cmake:/micro_ros_ws/firmware/dev_ws/install/ament_flake8:/micro_ros_ws/firmware/dev_ws/install/ament_copyright:/micro_ros_ws/firmware/dev_ws/install/ament_lint:/micro_ros_ws/firmware/dev_ws/install/ament_index_python:/micro_ros_ws/firmware/dev_ws/install/ament_cpplint:/micro_ros_ws/firmware/dev_ws/install/ament_cppcheck:/micro_ros_ws/firmware/dev_ws/install/ament_clang_tidy:/micro_ros_ws/firmware/dev_ws/install/ament_clang_format LD_LIBRARY_PATH=/micro_ros_ws/firmware/mcu_ws/install/lib:${LD_LIBRARY_PATH} PATH=/micro_ros_ws/firmware/mcu_ws/install/bin:${PATH} PYTHONPATH=/micro_ros_ws/firmware/mcu_ws/install/lib/python3.10/site-packages:${PYTHONPATH} /usr/bin/cmake --build /micro_ros_ws/firmware/mcu_ws/build/actionlib_msgs -- -j12 -l12
[7.417s] Invoking command in '/micro_ros_ws/firmware/mcu_ws/build/actionlib_msgs': AMENT_PREFIX_PATH=/micro_ros_ws/firmware/mcu_ws/install:${AMENT_PREFIX_PATH} CMAKE_PREFIX_PATH=/micro_ros_ws/firmware/mcu_ws/install:/micro_ros_ws/firmware/dev_ws/install/ament_lint_common:/micro_ros_ws/firmware/dev_ws/install/ament_cmake_uncrustify:/micro_ros_ws/firmware/dev_ws/install/uncrustify_vendor:/micro_ros_ws/firmware/dev_ws/install/ament_cmake_ros:/micro_ros_ws/firmware/dev_ws/install/ament_cmake_auto:/micro_ros_ws/firmware/dev_ws/install/ament_cmake_gmock:/micro_ros_ws/firmware/dev_ws/install/gmock_vendor:/micro_ros_ws/firmware/dev_ws/install/ament_cmake_gtest:/micro_ros_ws/firmware/dev_ws/install/gtest_vendor:/micro_ros_ws/firmware/dev_ws/install/ament_cmake_xmllint:/micro_ros_ws/firmware/dev_ws/install/ament_cmake_pyflakes:/micro_ros_ws/firmware/dev_ws/install/ament_cmake_pycodestyle:/micro_ros_ws/firmware/dev_ws/install/ament_cmake_pep257:/micro_ros_ws/firmware/dev_ws/install/ament_cmake_pclint:/micro_ros_ws/firmware/dev_ws/install/ament_lint_auto:/micro_ros_ws/firmware/dev_ws/install/ament_cmake:/micro_ros_ws/firmware/dev_ws/install/ament_cmake_version:/micro_ros_ws/firmware/dev_ws/install/ament_cmake_vendor_package:/micro_ros_ws/firmware/dev_ws/install/ament_cmake_pytest:/micro_ros_ws/firmware/dev_ws/install/ament_cmake_nose:/micro_ros_ws/firmware/dev_ws/install/ament_cmake_mypy:/micro_ros_ws/firmware/dev_ws/install/ament_cmake_lint_cmake:/micro_ros_ws/firmware/dev_ws/install/ament_cmake_google_benchmark:/micro_ros_ws/firmware/dev_ws/install/ament_cmake_flake8:/micro_ros_ws/firmware/dev_ws/install/ament_cmake_cpplint:/micro_ros_ws/firmware/dev_ws/install/ament_cmake_cppcheck:/micro_ros_ws/firmware/dev_ws/install/ament_cmake_copyright:/micro_ros_ws/firmware/dev_ws/install/ament_cmake_clang_tidy:/micro_ros_ws/firmware/dev_ws/install/ament_cmake_clang_format:/micro_ros_ws/firmware/dev_ws/install/ament_cmake_test:/micro_ros_ws/firmware/dev_ws/install/ament_cmake_target_dependencies:/micro_ros_ws/firmware/dev_ws/install/ament_cmake_python:/micro_ros_ws/firmware/dev_ws/install/ament_cmake_export_dependencies:/micro_ros_ws/firmware/dev_ws/install/ament_cmake_libraries:/micro_ros_ws/firmware/dev_ws/install/ament_cmake_include_directories:/micro_ros_ws/firmware/dev_ws/install/ament_cmake_gen_version_h:/micro_ros_ws/firmware/dev_ws/install/ament_cmake_export_targets:/micro_ros_ws/firmware/dev_ws/install/ament_cmake_export_link_flags:/micro_ros_ws/firmware/dev_ws/install/ament_cmake_export_interfaces:/micro_ros_ws/firmware/dev_ws/install/ament_cmake_export_libraries:/micro_ros_ws/firmware/dev_ws/install/ament_cmake_export_include_directories:/micro_ros_ws/firmware/dev_ws/install/ament_cmake_export_definitions:/micro_ros_ws/firmware/dev_ws/install/ament_cmake_core:/micro_ros_ws/firmware/dev_ws/install/ament_index_cpp:/micro_ros_ws/firmware/dev_ws/install/ament_uncrustify:/micro_ros_ws/firmware/dev_ws/install/domain_coordinator:/micro_ros_ws/firmware/dev_ws/install/ament_xmllint:/micro_ros_ws/firmware/dev_ws/install/ament_pyflakes:/micro_ros_ws/firmware/dev_ws/install/ament_pycodestyle:/micro_ros_ws/firmware/dev_ws/install/ament_pep257:/micro_ros_ws/firmware/dev_ws/install/ament_pclint:/micro_ros_ws/firmware/dev_ws/install/ament_package:/micro_ros_ws/firmware/dev_ws/install/ament_mypy:/micro_ros_ws/firmware/dev_ws/install/ament_lint_cmake:/micro_ros_ws/firmware/dev_ws/install/ament_flake8:/micro_ros_ws/firmware/dev_ws/install/ament_copyright:/micro_ros_ws/firmware/dev_ws/install/ament_lint:/micro_ros_ws/firmware/dev_ws/install/ament_index_python:/micro_ros_ws/firmware/dev_ws/install/ament_cpplint:/micro_ros_ws/firmware/dev_ws/install/ament_cppcheck:/micro_ros_ws/firmware/dev_ws/install/ament_clang_tidy:/micro_ros_ws/firmware/dev_ws/install/ament_clang_format LD_LIBRARY_PATH=/micro_ros_ws/firmware/mcu_ws/install/lib:${LD_LIBRARY_PATH} PATH=/micro_ros_ws/firmware/mcu_ws/install/bin:${PATH} PYTHONPATH=/micro_ros_ws/firmware/mcu_ws/install/lib/python3.10/site-packages:${PYTHONPATH} /usr/bin/cmake --install /micro_ros_ws/firmware/mcu_ws/build/actionlib_msgs
[7.439s] -- Install configuration: "Debug"
[7.441s] -- Up-to-date: /micro_ros_ws/firmware/mcu_ws/install/share/ament_index/resource_index/rosidl_interfaces/actionlib_msgs
[7.442s] -- Up-to-date: /micro_ros_ws/firmware/mcu_ws/install/include/actionlib_msgs/actionlib_msgs
[7.444s] -- Up-to-date: /micro_ros_ws/firmware/mcu_ws/install/include/actionlib_msgs/actionlib_msgs/msg
[7.446s] -- Up-to-date: /micro_ros_ws/firmware/mcu_ws/install/include/actionlib_msgs/actionlib_msgs/msg/detail
[7.449s] -- Up-to-date: /micro_ros_ws/firmware/mcu_ws/install/include/actionlib_msgs/actionlib_msgs/msg/detail/goal_id__functions.c
[7.452s] -- Up-to-date: /micro_ros_ws/firmware/mcu_ws/install/include/actionlib_msgs/actionlib_msgs/msg/detail/goal_id__functions.h
[7.454s] -- Up-to-date: /micro_ros_ws/firmware/mcu_ws/install/include/actionlib_msgs/actionlib_msgs/msg/detail/goal_id__struct.h
[7.457s] -- Up-to-date: /micro_ros_ws/firmware/mcu_ws/install/include/actionlib_msgs/actionlib_msgs/msg/detail/goal_id__type_support.h
[7.459s] -- Up-to-date: /micro_ros_ws/firmware/mcu_ws/install/include/actionlib_msgs/actionlib_msgs/msg/detail/goal_status_array__functions.c
[7.461s] -- Up-to-date: /micro_ros_ws/firmware/mcu_ws/install/include/actionlib_msgs/actionlib_msgs/msg/detail/goal_status_array__functions.h
[7.465s] -- Up-to-date: /micro_ros_ws/firmware/mcu_ws/install/include/actionlib_msgs/actionlib_msgs/msg/detail/goal_status_array__struct.h
[7.466s] -- Up-to-date: /micro_ros_ws/firmware/mcu_ws/install/include/actionlib_msgs/actionlib_msgs/msg/detail/goal_status_array__type_support.h
[7.467s] -- Up-to-date: /micro_ros_ws/firmware/mcu_ws/install/include/actionlib_msgs/actionlib_msgs/msg/detail/goal_status__functions.c
[7.469s] -- Up-to-date: /micro_ros_ws/firmware/mcu_ws/install/include/actionlib_msgs/actionlib_msgs/msg/detail/goal_status__functions.h
[7.471s] -- Up-to-date: /micro_ros_ws/firmware/mcu_ws/install/include/actionlib_msgs/actionlib_msgs/msg/detail/goal_status__struct.h
[7.473s] -- Up-to-date: /micro_ros_ws/firmware/mcu_ws/install/include/actionlib_msgs/actionlib_msgs/msg/detail/goal_status__type_support.h
[7.475s] -- Up-to-date: /micro_ros_ws/firmware/mcu_ws/install/include/actionlib_msgs/actionlib_msgs/msg/goal_id.h
[7.476s] -- Up-to-date: /micro_ros_ws/firmware/mcu_ws/install/include/actionlib_msgs/actionlib_msgs/msg/goal_status.h
[7.477s] -- Up-to-date: /micro_ros_ws/firmware/mcu_ws/install/include/actionlib_msgs/actionlib_msgs/msg/goal_status_array.h
[7.479s] -- Up-to-date: /micro_ros_ws/firmware/mcu_ws/install/include/actionlib_msgs/actionlib_msgs/msg/rosidl_generator_c__visibility_control.h
[7.481s] -- Up-to-date: /micro_ros_ws/firmware/mcu_ws/install/share/actionlib_msgs/environment/library_path.sh
[7.482s] -- Installing: /micro_ros_ws/firmware/mcu_ws/install/share/actionlib_msgs/environment/library_path.dsv
[7.485s] -- Up-to-date: /micro_ros_ws/firmware/mcu_ws/install/lib/libactionlib_msgs__rosidl_generator_c.a
[7.486s] -- Up-to-date: /micro_ros_ws/firmware/mcu_ws/install/include/actionlib_msgs/actionlib_msgs
[7.488s] -- Up-to-date: /micro_ros_ws/firmware/mcu_ws/install/include/actionlib_msgs/actionlib_msgs/msg
[7.491s] -- Up-to-date: /micro_ros_ws/firmware/mcu_ws/install/include/actionlib_msgs/actionlib_msgs/msg/detail
[7.496s] -- Up-to-date: /micro_ros_ws/firmware/mcu_ws/install/include/actionlib_msgs/actionlib_msgs/msg/detail/goal_id__rosidl_typesupport_introspection_c.h
[7.499s] -- Up-to-date: /micro_ros_ws/firmware/mcu_ws/install/include/actionlib_msgs/actionlib_msgs/msg/detail/goal_id__type_support.c
[7.503s] -- Up-to-date: /micro_ros_ws/firmware/mcu_ws/install/include/actionlib_msgs/actionlib_msgs/msg/detail/goal_status_array__rosidl_typesupport_introspection_c.h
[7.508s] -- Up-to-date: /micro_ros_ws/firmware/mcu_ws/install/include/actionlib_msgs/actionlib_msgs/msg/detail/goal_status_array__type_support.c
[7.510s] -- Up-to-date: /micro_ros_ws/firmware/mcu_ws/install/include/actionlib_msgs/actionlib_msgs/msg/detail/goal_status__rosidl_typesupport_introspection_c.h
[7.513s] -- Up-to-date: /micro_ros_ws/firmware/mcu_ws/install/include/actionlib_msgs/actionlib_msgs/msg/detail/goal_status__type_support.c
[7.514s] -- Up-to-date: /micro_ros_ws/firmware/mcu_ws/install/include/actionlib_msgs/actionlib_msgs/msg/rosidl_typesupport_introspection_c__visibility_control.h
[7.516s] -- Up-to-date: /micro_ros_ws/firmware/mcu_ws/install/lib/libactionlib_msgs__rosidl_typesupport_introspection_c.a
[7.517s] -- Up-to-date: /micro_ros_ws/firmware/mcu_ws/install/include/actionlib_msgs/actionlib_msgs
[7.518s] -- Up-to-date: /micro_ros_ws/firmware/mcu_ws/install/include/actionlib_msgs/actionlib_msgs/msg
[7.520s] -- Up-to-date: /micro_ros_ws/firmware/mcu_ws/install/include/actionlib_msgs/actionlib_msgs/msg/detail
[7.523s] -- Up-to-date: /micro_ros_ws/firmware/mcu_ws/install/include/actionlib_msgs/actionlib_msgs/msg/detail/goal_id__rosidl_typesupport_microxrcedds_c.h
[7.525s] -- Up-to-date: /micro_ros_ws/firmware/mcu_ws/install/include/actionlib_msgs/actionlib_msgs/msg/detail/goal_status_array__rosidl_typesupport_microxrcedds_c.h
[7.527s] -- Up-to-date: /micro_ros_ws/firmware/mcu_ws/install/include/actionlib_msgs/actionlib_msgs/msg/detail/goal_status__rosidl_typesupport_microxrcedds_c.h
[7.528s] -- Up-to-date: /micro_ros_ws/firmware/mcu_ws/install/include/actionlib_msgs/actionlib_msgs/msg/detail/microxrcedds
[7.531s] -- Up-to-date: /micro_ros_ws/firmware/mcu_ws/install/include/actionlib_msgs/actionlib_msgs/msg/rosidl_typesupport_microxrcedds_c__visibility_control.h
[7.532s] -- Up-to-date: /micro_ros_ws/firmware/mcu_ws/install/lib/libactionlib_msgs__rosidl_typesupport_microxrcedds_c.a
[7.533s] -- Up-to-date: /micro_ros_ws/firmware/mcu_ws/install/lib/libactionlib_msgs__rosidl_typesupport_c.a
[7.535s] -- Up-to-date: /micro_ros_ws/firmware/mcu_ws/install/share/actionlib_msgs/msg/GoalID.idl
[7.536s] -- Up-to-date: /micro_ros_ws/firmware/mcu_ws/install/share/actionlib_msgs/msg/GoalStatus.idl
[7.538s] -- Up-to-date: /micro_ros_ws/firmware/mcu_ws/install/share/actionlib_msgs/msg/GoalStatusArray.idl
[7.540s] -- Up-to-date: /micro_ros_ws/firmware/mcu_ws/install/share/actionlib_msgs/msg/GoalID.msg
[7.542s] -- Up-to-date: /micro_ros_ws/firmware/mcu_ws/install/share/actionlib_msgs/msg/GoalStatus.msg
[7.544s] -- Up-to-date: /micro_ros_ws/firmware/mcu_ws/install/share/actionlib_msgs/msg/GoalStatusArray.msg
[7.545s] -- Up-to-date: /micro_ros_ws/firmware/mcu_ws/install/share/ament_index/resource_index/package_run_dependencies/actionlib_msgs
[7.547s] -- Up-to-date: /micro_ros_ws/firmware/mcu_ws/install/share/ament_index/resource_index/parent_prefix_path/actionlib_msgs
[7.550s] -- Up-to-date: /micro_ros_ws/firmware/mcu_ws/install/share/actionlib_msgs/environment/ament_prefix_path.sh
[7.552s] -- Installing: /micro_ros_ws/firmware/mcu_ws/install/share/actionlib_msgs/environment/ament_prefix_path.dsv
[7.557s] -- Up-to-date: /micro_ros_ws/firmware/mcu_ws/install/share/actionlib_msgs/environment/path.sh
[7.558s] -- Installing: /micro_ros_ws/firmware/mcu_ws/install/share/actionlib_msgs/environment/path.dsv
[7.563s] -- Up-to-date: /micro_ros_ws/firmware/mcu_ws/install/share/actionlib_msgs/local_setup.bash
[7.565s] -- Up-to-date: /micro_ros_ws/firmware/mcu_ws/install/share/actionlib_msgs/local_setup.sh
[7.566s] -- Up-to-date: /micro_ros_ws/firmware/mcu_ws/install/share/actionlib_msgs/local_setup.zsh
[7.567s] -- Installing: /micro_ros_ws/firmware/mcu_ws/install/share/actionlib_msgs/local_setup.dsv
[7.572s] -- Installing: /micro_ros_ws/firmware/mcu_ws/install/share/actionlib_msgs/package.dsv
[7.578s] -- Up-to-date: /micro_ros_ws/firmware/mcu_ws/install/share/ament_index/resource_index/packages/actionlib_msgs
[7.583s] -- Up-to-date: /micro_ros_ws/firmware/mcu_ws/install/share/actionlib_msgs/cmake/export_actionlib_msgs__rosidl_generator_cExport.cmake
[7.593s] -- Up-to-date: /micro_ros_ws/firmware/mcu_ws/install/share/actionlib_msgs/cmake/export_actionlib_msgs__rosidl_generator_cExport-debug.cmake
[7.600s] -- Up-to-date: /micro_ros_ws/firmware/mcu_ws/install/share/actionlib_msgs/cmake/actionlib_msgs__rosidl_typesupport_introspection_cExport.cmake
[7.602s] -- Up-to-date: /micro_ros_ws/firmware/mcu_ws/install/share/actionlib_msgs/cmake/actionlib_msgs__rosidl_typesupport_introspection_cExport-debug.cmake
[7.607s] -- Up-to-date: /micro_ros_ws/firmware/mcu_ws/install/share/actionlib_msgs/cmake/actionlib_msgs__rosidl_typesupport_cExport.cmake
[7.611s] -- Up-to-date: /micro_ros_ws/firmware/mcu_ws/install/share/actionlib_msgs/cmake/actionlib_msgs__rosidl_typesupport_cExport-debug.cmake
[7.612s] -- Up-to-date: /micro_ros_ws/firmware/mcu_ws/install/share/actionlib_msgs/cmake/rosidl_cmake-extras.cmake
[7.614s] -- Up-to-date: /micro_ros_ws/firmware/mcu_ws/install/share/actionlib_msgs/cmake/ament_cmake_export_dependencies-extras.cmake
[7.617s] -- Up-to-date: /micro_ros_ws/firmware/mcu_ws/install/share/actionlib_msgs/cmake/ament_cmake_export_include_directories-extras.cmake
[7.620s] -- Up-to-date: /micro_ros_ws/firmware/mcu_ws/install/share/actionlib_msgs/cmake/ament_cmake_export_libraries-extras.cmake
[7.627s] -- Up-to-date: /micro_ros_ws/firmware/mcu_ws/install/share/actionlib_msgs/cmake/ament_cmake_export_targets-extras.cmake
[7.629s] -- Up-to-date: /micro_ros_ws/firmware/mcu_ws/install/share/actionlib_msgs/cmake/rosidl_cmake_export_typesupport_targets-extras.cmake
[7.631s] -- Up-to-date: /micro_ros_ws/firmware/mcu_ws/install/share/actionlib_msgs/cmake/rosidl_cmake_export_typesupport_libraries-extras.cmake
[7.633s] -- Up-to-date: /micro_ros_ws/firmware/mcu_ws/install/share/actionlib_msgs/cmake/rosidl_cmake_aggregate_target-extras.cmake
[7.634s] -- Up-to-date: /micro_ros_ws/firmware/mcu_ws/install/share/actionlib_msgs/cmake/actionlib_msgsConfig.cmake
[7.636s] -- Up-to-date: /micro_ros_ws/firmware/mcu_ws/install/share/actionlib_msgs/cmake/actionlib_msgsConfig-version.cmake
[7.637s] -- Up-to-date: /micro_ros_ws/firmware/mcu_ws/install/share/actionlib_msgs/package.xml
[7.762s] Invoked command in '/micro_ros_ws/firmware/mcu_ws/build/actionlib_msgs' returned '0': AMENT_PREFIX_PATH=/micro_ros_ws/firmware/mcu_ws/install:${AMENT_PREFIX_PATH} CMAKE_PREFIX_PATH=/micro_ros_ws/firmware/mcu_ws/install:/micro_ros_ws/firmware/dev_ws/install/ament_lint_common:/micro_ros_ws/firmware/dev_ws/install/ament_cmake_uncrustify:/micro_ros_ws/firmware/dev_ws/install/uncrustify_vendor:/micro_ros_ws/firmware/dev_ws/install/ament_cmake_ros:/micro_ros_ws/firmware/dev_ws/install/ament_cmake_auto:/micro_ros_ws/firmware/dev_ws/install/ament_cmake_gmock:/micro_ros_ws/firmware/dev_ws/install/gmock_vendor:/micro_ros_ws/firmware/dev_ws/install/ament_cmake_gtest:/micro_ros_ws/firmware/dev_ws/install/gtest_vendor:/micro_ros_ws/firmware/dev_ws/install/ament_cmake_xmllint:/micro_ros_ws/firmware/dev_ws/install/ament_cmake_pyflakes:/micro_ros_ws/firmware/dev_ws/install/ament_cmake_pycodestyle:/micro_ros_ws/firmware/dev_ws/install/ament_cmake_pep257:/micro_ros_ws/firmware/dev_ws/install/ament_cmake_pclint:/micro_ros_ws/firmware/dev_ws/install/ament_lint_auto:/micro_ros_ws/firmware/dev_ws/install/ament_cmake:/micro_ros_ws/firmware/dev_ws/install/ament_cmake_version:/micro_ros_ws/firmware/dev_ws/install/ament_cmake_vendor_package:/micro_ros_ws/firmware/dev_ws/install/ament_cmake_pytest:/micro_ros_ws/firmware/dev_ws/install/ament_cmake_nose:/micro_ros_ws/firmware/dev_ws/install/ament_cmake_mypy:/micro_ros_ws/firmware/dev_ws/install/ament_cmake_lint_cmake:/micro_ros_ws/firmware/dev_ws/install/ament_cmake_google_benchmark:/micro_ros_ws/firmware/dev_ws/install/ament_cmake_flake8:/micro_ros_ws/firmware/dev_ws/install/ament_cmake_cpplint:/micro_ros_ws/firmware/dev_ws/install/ament_cmake_cppcheck:/micro_ros_ws/firmware/dev_ws/install/ament_cmake_copyright:/micro_ros_ws/firmware/dev_ws/install/ament_cmake_clang_tidy:/micro_ros_ws/firmware/dev_ws/install/ament_cmake_clang_format:/micro_ros_ws/firmware/dev_ws/install/ament_cmake_test:/micro_ros_ws/firmware/dev_ws/install/ament_cmake_target_dependencies:/micro_ros_ws/firmware/dev_ws/install/ament_cmake_python:/micro_ros_ws/firmware/dev_ws/install/ament_cmake_export_dependencies:/micro_ros_ws/firmware/dev_ws/install/ament_cmake_libraries:/micro_ros_ws/firmware/dev_ws/install/ament_cmake_include_directories:/micro_ros_ws/firmware/dev_ws/install/ament_cmake_gen_version_h:/micro_ros_ws/firmware/dev_ws/install/ament_cmake_export_targets:/micro_ros_ws/firmware/dev_ws/install/ament_cmake_export_link_flags:/micro_ros_ws/firmware/dev_ws/install/ament_cmake_export_interfaces:/micro_ros_ws/firmware/dev_ws/install/ament_cmake_export_libraries:/micro_ros_ws/firmware/dev_ws/install/ament_cmake_export_include_directories:/micro_ros_ws/firmware/dev_ws/install/ament_cmake_export_definitions:/micro_ros_ws/firmware/dev_ws/install/ament_cmake_core:/micro_ros_ws/firmware/dev_ws/install/ament_index_cpp:/micro_ros_ws/firmware/dev_ws/install/ament_uncrustify:/micro_ros_ws/firmware/dev_ws/install/domain_coordinator:/micro_ros_ws/firmware/dev_ws/install/ament_xmllint:/micro_ros_ws/firmware/dev_ws/install/ament_pyflakes:/micro_ros_ws/firmware/dev_ws/install/ament_pycodestyle:/micro_ros_ws/firmware/dev_ws/install/ament_pep257:/micro_ros_ws/firmware/dev_ws/install/ament_pclint:/micro_ros_ws/firmware/dev_ws/install/ament_package:/micro_ros_ws/firmware/dev_ws/install/ament_mypy:/micro_ros_ws/firmware/dev_ws/install/ament_lint_cmake:/micro_ros_ws/firmware/dev_ws/install/ament_flake8:/micro_ros_ws/firmware/dev_ws/install/ament_copyright:/micro_ros_ws/firmware/dev_ws/install/ament_lint:/micro_ros_ws/firmware/dev_ws/install/ament_index_python:/micro_ros_ws/firmware/dev_ws/install/ament_cpplint:/micro_ros_ws/firmware/dev_ws/install/ament_cppcheck:/micro_ros_ws/firmware/dev_ws/install/ament_clang_tidy:/micro_ros_ws/firmware/dev_ws/install/ament_clang_format LD_LIBRARY_PATH=/micro_ros_ws/firmware/mcu_ws/install/lib:${LD_LIBRARY_PATH} PATH=/micro_ros_ws/firmware/mcu_ws/install/bin:${PATH} PYTHONPATH=/micro_ros_ws/firmware/mcu_ws/install/lib/python3.10/site-packages:${PYTHONPATH} /usr/bin/cmake --install /micro_ros_ws/firmware/mcu_ws/build/actionlib_msgs
