[0.000000] (-) TimerEvent: {}
[0.000247] (custom_interfaces) JobQueued: {'identifier': 'custom_interfaces', 'dependencies': OrderedDict()}
[0.000306] (feedback) JobQueued: {'identifier': 'feedback', 'dependencies': OrderedDict()}
[0.000349] (localization) JobQueued: {'identifier': 'localization', 'dependencies': OrderedDict()}
[0.000421] (wall_e_description) JobQueued: {'identifier': 'wall_e_description', 'dependencies': OrderedDict()}
[0.000461] (control) JobQueued: {'identifier': 'control', 'dependencies': OrderedDict([('custom_interfaces', '/micro_ros_ws/wall_e_ws/install/custom_interfaces')])}
[0.000500] (custom_interfaces) JobStarted: {'identifier': 'custom_interfaces'}
[0.004911] (feedback) JobStarted: {'identifier': 'feedback'}
[0.010068] (localization) JobStarted: {'identifier': 'localization'}
[0.013450] (wall_e_description) JobStarted: {'identifier': 'wall_e_description'}
[0.016662] (custom_interfaces) JobProgress: {'identifier': 'custom_interfaces', 'progress': 'cmake'}
[0.017868] (custom_interfaces) JobProgress: {'identifier': 'custom_interfaces', 'progress': 'build'}
[0.018628] (custom_interfaces) Command: {'cmd': ['/usr/bin/cmake', '--build', '/micro_ros_ws/wall_e_ws/build/custom_interfaces', '--', '-j12', '-l12'], 'cwd': '/micro_ros_ws/wall_e_ws/build/custom_interfaces', 'env': OrderedDict([('HOSTNAME', '1f39bf4e130b'), ('SHLVL', '0'), ('LD_LIBRARY_PATH', '/usr/lib/x86_64-linux-gnu/gazebo-11/plugins:/opt/ros/humble/lib/x86_64-linux-gnu:/opt/ros/humble/lib'), ('HOME', '/root'), ('OLDPWD', '/micro_ros_ws'), ('ROS_PYTHON_VERSION', '3'), ('ROS_DISTRO', 'humble'), ('_', '/usr/bin/colcon'), ('ROS_VERSION', '2'), ('TERM', 'xterm'), ('ROS_LOCALHOST_ONLY', '0'), ('PATH', '/opt/ros/humble/bin:/usr/local/sbin:/usr/local/bin:/usr/sbin:/usr/bin:/sbin:/bin'), ('LANG', 'C.UTF-8'), ('AMENT_PREFIX_PATH', '/opt/ros/humble'), ('PWD', '/micro_ros_ws/wall_e_ws/build/custom_interfaces'), ('LC_ALL', 'C.UTF-8'), ('PYTHONPATH', '/opt/ros/humble/lib/python3.10/site-packages:/opt/ros/humble/local/lib/python3.10/dist-packages'), ('COLCON', '1'), ('CMAKE_PREFIX_PATH', '/opt/ros/humble')]), 'shell': False}
[0.099574] (-) TimerEvent: {}
[0.200034] (-) TimerEvent: {}
[0.300431] (-) TimerEvent: {}
[0.400968] (-) TimerEvent: {}
[0.432816] (custom_interfaces) StdoutLine: {'line': b'[  3%] Built target custom_interfaces__cpp\n'}
[0.433772] (custom_interfaces) StdoutLine: {'line': b'[  6%] Built target custom_interfaces__rs\n'}
[0.434150] (custom_interfaces) StdoutLine: {'line': b'[ 15%] Built target custom_interfaces__rosidl_generator_c\n'}
[0.434368] (custom_interfaces) StdoutLine: {'line': b'[ 18%] Built target ament_cmake_python_copy_custom_interfaces\n'}
[0.434671] (custom_interfaces) StdoutLine: {'line': b'[ 25%] Built target custom_interfaces__rosidl_typesupport_introspection_cpp\n'}
[0.434908] (custom_interfaces) StdoutLine: {'line': b'[ 40%] Built target custom_interfaces__rosidl_typesupport_fastrtps_cpp\n'}
[0.435103] (custom_interfaces) StdoutLine: {'line': b'[ 43%] Built target custom_interfaces__rosidl_typesupport_cpp\n'}
[0.435301] (custom_interfaces) StdoutLine: {'line': b'[ 53%] Built target custom_interfaces__rosidl_typesupport_c\n'}
[0.435559] (custom_interfaces) StdoutLine: {'line': b'[ 62%] Built target custom_interfaces__rosidl_typesupport_introspection_c\n'}
[0.436703] (custom_interfaces) StdoutLine: {'line': b'[ 71%] Built target custom_interfaces__rosidl_typesupport_fastrtps_c\n'}
[0.436958] (custom_interfaces) StdoutLine: {'line': b'[ 71%] Built target custom_interfaces\n'}
[0.437196] (custom_interfaces) StdoutLine: {'line': b'[ 75%] Built target custom_interfaces__py\n'}
[0.437484] (custom_interfaces) StdoutLine: {'line': b'[ 81%] Built target custom_interfaces__rosidl_generator_py\n'}
[0.438039] (custom_interfaces) StdoutLine: {'line': b'[ 87%] Built target custom_interfaces__rosidl_typesupport_introspection_c__pyext\n'}
[0.438264] (custom_interfaces) StdoutLine: {'line': b'[100%] Built target custom_interfaces__rosidl_typesupport_c__pyext\n'}
[0.438485] (custom_interfaces) StdoutLine: {'line': b'[100%] Built target custom_interfaces__rosidl_typesupport_fastrtps_c__pyext\n'}
[0.438821] (custom_interfaces) StdoutLine: {'line': b'running egg_info\n'}
[0.439092] (custom_interfaces) StdoutLine: {'line': b'writing custom_interfaces.egg-info/PKG-INFO\n'}
[0.439366] (custom_interfaces) StdoutLine: {'line': b'writing dependency_links to custom_interfaces.egg-info/dependency_links.txt\n'}
[0.439705] (custom_interfaces) StdoutLine: {'line': b'writing top-level names to custom_interfaces.egg-info/top_level.txt\n'}
[0.440002] (custom_interfaces) StdoutLine: {'line': b"reading manifest file 'custom_interfaces.egg-info/SOURCES.txt'\n"}
[0.440225] (custom_interfaces) StdoutLine: {'line': b"writing manifest file 'custom_interfaces.egg-info/SOURCES.txt'\n"}
[0.440438] (custom_interfaces) StdoutLine: {'line': b'[100%] Built target ament_cmake_python_build_custom_interfaces_egg\n'}
[0.440656] (wall_e_description) JobProgress: {'identifier': 'wall_e_description', 'progress': 'cmake'}
[0.440713] (wall_e_description) JobProgress: {'identifier': 'wall_e_description', 'progress': 'build'}
[0.440775] (wall_e_description) Command: {'cmd': ['/usr/bin/cmake', '--build', '/micro_ros_ws/wall_e_ws/build/wall_e_description', '--', '-j12', '-l12'], 'cwd': '/micro_ros_ws/wall_e_ws/build/wall_e_description', 'env': OrderedDict([('HOSTNAME', '1f39bf4e130b'), ('SHLVL', '0'), ('LD_LIBRARY_PATH', '/usr/lib/x86_64-linux-gnu/gazebo-11/plugins:/opt/ros/humble/lib/x86_64-linux-gnu:/opt/ros/humble/lib'), ('HOME', '/root'), ('OLDPWD', '/micro_ros_ws'), ('ROS_PYTHON_VERSION', '3'), ('ROS_DISTRO', 'humble'), ('_', '/usr/bin/colcon'), ('ROS_VERSION', '2'), ('TERM', 'xterm'), ('ROS_LOCALHOST_ONLY', '0'), ('PATH', '/opt/ros/humble/bin:/usr/local/sbin:/usr/local/bin:/usr/sbin:/usr/bin:/sbin:/bin'), ('LANG', 'C.UTF-8'), ('AMENT_PREFIX_PATH', '/opt/ros/humble'), ('PWD', '/micro_ros_ws/wall_e_ws/build/wall_e_description'), ('LC_ALL', 'C.UTF-8'), ('PYTHONPATH', '/opt/ros/humble/lib/python3.10/site-packages:/opt/ros/humble/local/lib/python3.10/dist-packages'), ('COLCON', '1'), ('CMAKE_PREFIX_PATH', '/opt/ros/humble')]), 'shell': False}
[0.442577] (custom_interfaces) CommandEnded: {'returncode': 0}
[0.442915] (custom_interfaces) JobProgress: {'identifier': 'custom_interfaces', 'progress': 'install'}
[0.444301] (custom_interfaces) Command: {'cmd': ['/usr/bin/cmake', '--install', '/micro_ros_ws/wall_e_ws/build/custom_interfaces'], 'cwd': '/micro_ros_ws/wall_e_ws/build/custom_interfaces', 'env': OrderedDict([('HOSTNAME', '1f39bf4e130b'), ('SHLVL', '0'), ('LD_LIBRARY_PATH', '/usr/lib/x86_64-linux-gnu/gazebo-11/plugins:/opt/ros/humble/lib/x86_64-linux-gnu:/opt/ros/humble/lib'), ('HOME', '/root'), ('OLDPWD', '/micro_ros_ws'), ('ROS_PYTHON_VERSION', '3'), ('ROS_DISTRO', 'humble'), ('_', '/usr/bin/colcon'), ('ROS_VERSION', '2'), ('TERM', 'xterm'), ('ROS_LOCALHOST_ONLY', '0'), ('PATH', '/opt/ros/humble/bin:/usr/local/sbin:/usr/local/bin:/usr/sbin:/usr/bin:/sbin:/bin'), ('LANG', 'C.UTF-8'), ('AMENT_PREFIX_PATH', '/opt/ros/humble'), ('PWD', '/micro_ros_ws/wall_e_ws/build/custom_interfaces'), ('LC_ALL', 'C.UTF-8'), ('PYTHONPATH', '/opt/ros/humble/lib/python3.10/site-packages:/opt/ros/humble/local/lib/python3.10/dist-packages'), ('COLCON', '1'), ('CMAKE_PREFIX_PATH', '/opt/ros/humble')]), 'shell': False}
[0.451868] (custom_interfaces) StdoutLine: {'line': b'-- Install configuration: ""\n'}
[0.453312] (custom_interfaces) StdoutLine: {'line': b'-- Up-to-date: /micro_ros_ws/wall_e_ws/install/custom_interfaces/share/ament_index/resource_index/rosidl_interfaces/custom_interfaces\n'}
[0.454322] (custom_interfaces) StdoutLine: {'line': b'-- Up-to-date: /micro_ros_ws/wall_e_ws/install/custom_interfaces/include/custom_interfaces/custom_interfaces\n'}
[0.455053] (custom_interfaces) StdoutLine: {'line': b'-- Up-to-date: /micro_ros_ws/wall_e_ws/install/custom_interfaces/include/custom_interfaces/custom_interfaces/msg\n'}
[0.456361] (custom_interfaces) StdoutLine: {'line': b'-- Up-to-date: /micro_ros_ws/wall_e_ws/install/custom_interfaces/include/custom_interfaces/custom_interfaces/msg/detail\n'}
[0.457493] (custom_interfaces) StdoutLine: {'line': b'-- Up-to-date: /micro_ros_ws/wall_e_ws/install/custom_interfaces/include/custom_interfaces/custom_interfaces/msg/detail/gamepad__functions.c\n'}
[0.458304] (custom_interfaces) StdoutLine: {'line': b'-- Up-to-date: /micro_ros_ws/wall_e_ws/install/custom_interfaces/include/custom_interfaces/custom_interfaces/msg/detail/gamepad__functions.h\n'}
[0.458847] (custom_interfaces) StdoutLine: {'line': b'-- Up-to-date: /micro_ros_ws/wall_e_ws/install/custom_interfaces/include/custom_interfaces/custom_interfaces/msg/detail/gamepad__struct.h\n'}
[0.459367] (custom_interfaces) StdoutLine: {'line': b'-- Up-to-date: /micro_ros_ws/wall_e_ws/install/custom_interfaces/include/custom_interfaces/custom_interfaces/msg/detail/gamepad__type_support.h\n'}
[0.459906] (custom_interfaces) StdoutLine: {'line': b'-- Up-to-date: /micro_ros_ws/wall_e_ws/install/custom_interfaces/include/custom_interfaces/custom_interfaces/msg/gamepad.h\n'}
[0.460422] (custom_interfaces) StdoutLine: {'line': b'-- Up-to-date: /micro_ros_ws/wall_e_ws/install/custom_interfaces/include/custom_interfaces/custom_interfaces/msg/rosidl_generator_c__visibility_control.h\n'}
[0.460830] (custom_interfaces) StdoutLine: {'line': b'-- Up-to-date: /micro_ros_ws/wall_e_ws/install/custom_interfaces/share/custom_interfaces/environment/library_path.sh\n'}
[0.461429] (custom_interfaces) StdoutLine: {'line': b'-- Up-to-date: /micro_ros_ws/wall_e_ws/install/custom_interfaces/share/custom_interfaces/environment/library_path.dsv\n'}
[0.462664] (custom_interfaces) StdoutLine: {'line': b'-- Up-to-date: /micro_ros_ws/wall_e_ws/install/custom_interfaces/lib/libcustom_interfaces__rosidl_generator_c.so\n'}
[0.463887] (custom_interfaces) StdoutLine: {'line': b'-- Up-to-date: /micro_ros_ws/wall_e_ws/install/custom_interfaces/include/custom_interfaces/custom_interfaces\n'}
[0.464503] (custom_interfaces) StdoutLine: {'line': b'-- Up-to-date: /micro_ros_ws/wall_e_ws/install/custom_interfaces/include/custom_interfaces/custom_interfaces/msg\n'}
[0.465350] (custom_interfaces) StdoutLine: {'line': b'-- Up-to-date: /micro_ros_ws/wall_e_ws/install/custom_interfaces/include/custom_interfaces/custom_interfaces/msg/detail\n'}
[0.466630] (custom_interfaces) StdoutLine: {'line': b'-- Up-to-date: /micro_ros_ws/wall_e_ws/install/custom_interfaces/include/custom_interfaces/custom_interfaces/msg/detail/gamepad__rosidl_typesupport_fastrtps_c.h\n'}
[0.467598] (custom_interfaces) StdoutLine: {'line': b'-- Up-to-date: /micro_ros_ws/wall_e_ws/install/custom_interfaces/include/custom_interfaces/custom_interfaces/msg/rosidl_typesupport_fastrtps_c__visibility_control.h\n'}
[0.469632] (custom_interfaces) StdoutLine: {'line': b'-- Up-to-date: /micro_ros_ws/wall_e_ws/install/custom_interfaces/lib/libcustom_interfaces__rosidl_typesupport_fastrtps_c.so\n'}
[0.471535] (custom_interfaces) StdoutLine: {'line': b'-- Up-to-date: /micro_ros_ws/wall_e_ws/install/custom_interfaces/include/custom_interfaces/custom_interfaces\n'}
[0.472385] (custom_interfaces) StdoutLine: {'line': b'-- Up-to-date: /micro_ros_ws/wall_e_ws/install/custom_interfaces/include/custom_interfaces/custom_interfaces/msg\n'}
[0.473326] (custom_interfaces) StdoutLine: {'line': b'-- Up-to-date: /micro_ros_ws/wall_e_ws/install/custom_interfaces/include/custom_interfaces/custom_interfaces/msg/detail\n'}
[0.474289] (custom_interfaces) StdoutLine: {'line': b'-- Up-to-date: /micro_ros_ws/wall_e_ws/install/custom_interfaces/include/custom_interfaces/custom_interfaces/msg/detail/gamepad__rosidl_typesupport_introspection_c.h\n'}
[0.475035] (custom_interfaces) StdoutLine: {'line': b'-- Up-to-date: /micro_ros_ws/wall_e_ws/install/custom_interfaces/include/custom_interfaces/custom_interfaces/msg/detail/gamepad__type_support.c\n'}
[0.475698] (custom_interfaces) StdoutLine: {'line': b'-- Up-to-date: /micro_ros_ws/wall_e_ws/install/custom_interfaces/include/custom_interfaces/custom_interfaces/msg/rosidl_typesupport_introspection_c__visibility_control.h\n'}
[0.477467] (custom_interfaces) StdoutLine: {'line': b'-- Up-to-date: /micro_ros_ws/wall_e_ws/install/custom_interfaces/lib/libcustom_interfaces__rosidl_typesupport_introspection_c.so\n'}
[0.480592] (custom_interfaces) StdoutLine: {'line': b'-- Up-to-date: /micro_ros_ws/wall_e_ws/install/custom_interfaces/lib/libcustom_interfaces__rosidl_typesupport_c.so\n'}
[0.481877] (custom_interfaces) StdoutLine: {'line': b'-- Up-to-date: /micro_ros_ws/wall_e_ws/install/custom_interfaces/include/custom_interfaces/custom_interfaces\n'}
[0.482997] (custom_interfaces) StdoutLine: {'line': b'-- Up-to-date: /micro_ros_ws/wall_e_ws/install/custom_interfaces/include/custom_interfaces/custom_interfaces/msg\n'}
[0.483477] (wall_e_description) CommandEnded: {'returncode': 0}
[0.484283] (custom_interfaces) StdoutLine: {'line': b'-- Up-to-date: /micro_ros_ws/wall_e_ws/install/custom_interfaces/include/custom_interfaces/custom_interfaces/msg/detail\n'}
[0.484916] (wall_e_description) JobProgress: {'identifier': 'wall_e_description', 'progress': 'install'}
[0.485416] (wall_e_description) Command: {'cmd': ['/usr/bin/cmake', '--install', '/micro_ros_ws/wall_e_ws/build/wall_e_description'], 'cwd': '/micro_ros_ws/wall_e_ws/build/wall_e_description', 'env': OrderedDict([('HOSTNAME', '1f39bf4e130b'), ('SHLVL', '0'), ('LD_LIBRARY_PATH', '/usr/lib/x86_64-linux-gnu/gazebo-11/plugins:/opt/ros/humble/lib/x86_64-linux-gnu:/opt/ros/humble/lib'), ('HOME', '/root'), ('OLDPWD', '/micro_ros_ws'), ('ROS_PYTHON_VERSION', '3'), ('ROS_DISTRO', 'humble'), ('_', '/usr/bin/colcon'), ('ROS_VERSION', '2'), ('TERM', 'xterm'), ('ROS_LOCALHOST_ONLY', '0'), ('PATH', '/opt/ros/humble/bin:/usr/local/sbin:/usr/local/bin:/usr/sbin:/usr/bin:/sbin:/bin'), ('LANG', 'C.UTF-8'), ('AMENT_PREFIX_PATH', '/opt/ros/humble'), ('PWD', '/micro_ros_ws/wall_e_ws/build/wall_e_description'), ('LC_ALL', 'C.UTF-8'), ('PYTHONPATH', '/opt/ros/humble/lib/python3.10/site-packages:/opt/ros/humble/local/lib/python3.10/dist-packages'), ('COLCON', '1'), ('CMAKE_PREFIX_PATH', '/opt/ros/humble')]), 'shell': False}
[0.486600] (custom_interfaces) StdoutLine: {'line': b'-- Up-to-date: /micro_ros_ws/wall_e_ws/install/custom_interfaces/include/custom_interfaces/custom_interfaces/msg/detail/gamepad__builder.hpp\n'}
[0.486986] (custom_interfaces) StdoutLine: {'line': b'-- Up-to-date: /micro_ros_ws/wall_e_ws/install/custom_interfaces/include/custom_interfaces/custom_interfaces/msg/detail/gamepad__struct.hpp\n'}
[0.487961] (custom_interfaces) StdoutLine: {'line': b'-- Up-to-date: /micro_ros_ws/wall_e_ws/install/custom_interfaces/include/custom_interfaces/custom_interfaces/msg/detail/gamepad__traits.hpp\n'}
[0.488978] (custom_interfaces) StdoutLine: {'line': b'-- Up-to-date: /micro_ros_ws/wall_e_ws/install/custom_interfaces/include/custom_interfaces/custom_interfaces/msg/detail/gamepad__type_support.hpp\n'}
[0.490040] (custom_interfaces) StdoutLine: {'line': b'-- Up-to-date: /micro_ros_ws/wall_e_ws/install/custom_interfaces/include/custom_interfaces/custom_interfaces/msg/gamepad.hpp\n'}
[0.490666] (custom_interfaces) StdoutLine: {'line': b'-- Up-to-date: /micro_ros_ws/wall_e_ws/install/custom_interfaces/include/custom_interfaces/custom_interfaces/msg/rosidl_generator_cpp__visibility_control.hpp\n'}
[0.491124] (custom_interfaces) StdoutLine: {'line': b'-- Up-to-date: /micro_ros_ws/wall_e_ws/install/custom_interfaces/include/custom_interfaces/custom_interfaces\n'}
[0.491691] (custom_interfaces) StdoutLine: {'line': b'-- Up-to-date: /micro_ros_ws/wall_e_ws/install/custom_interfaces/include/custom_interfaces/custom_interfaces/msg\n'}
[0.492341] (custom_interfaces) StdoutLine: {'line': b'-- Up-to-date: /micro_ros_ws/wall_e_ws/install/custom_interfaces/include/custom_interfaces/custom_interfaces/msg/detail\n'}
[0.492617] (wall_e_description) StdoutLine: {'line': b'-- Install configuration: ""\n'}
[0.493224] (wall_e_description) StdoutLine: {'line': b'-- Up-to-date: /micro_ros_ws/wall_e_ws/install/wall_e_description/share/wall_e_description/launch\n'}
[0.493545] (custom_interfaces) StdoutLine: {'line': b'-- Up-to-date: /micro_ros_ws/wall_e_ws/install/custom_interfaces/include/custom_interfaces/custom_interfaces/msg/detail/dds_fastrtps\n'}
[0.494174] (wall_e_description) StdoutLine: {'line': b'-- Installing: /micro_ros_ws/wall_e_ws/install/wall_e_description/share/wall_e_description/launch/wall_e.launch.py\n'}
[0.494590] (custom_interfaces) StdoutLine: {'line': b'-- Up-to-date: /micro_ros_ws/wall_e_ws/install/custom_interfaces/include/custom_interfaces/custom_interfaces/msg/detail/gamepad__rosidl_typesupport_fastrtps_cpp.hpp\n'}
[0.496015] (custom_interfaces) StdoutLine: {'line': b'-- Up-to-date: /micro_ros_ws/wall_e_ws/install/custom_interfaces/include/custom_interfaces/custom_interfaces/msg/rosidl_typesupport_fastrtps_cpp__visibility_control.h\n'}
[0.496869] (wall_e_description) StdoutLine: {'line': b'-- Up-to-date: /micro_ros_ws/wall_e_ws/install/wall_e_description/share/wall_e_description/rviz\n'}
[0.497646] (wall_e_description) StdoutLine: {'line': b'-- Up-to-date: /micro_ros_ws/wall_e_ws/install/wall_e_description/share/wall_e_description/rviz/robot.rviz\n'}
[0.497873] (custom_interfaces) StdoutLine: {'line': b'-- Up-to-date: /micro_ros_ws/wall_e_ws/install/custom_interfaces/lib/libcustom_interfaces__rosidl_typesupport_fastrtps_cpp.so\n'}
[0.498230] (wall_e_description) StdoutLine: {'line': b'-- Up-to-date: /micro_ros_ws/wall_e_ws/install/wall_e_description/share/wall_e_description/worlds\n'}
[0.498974] (wall_e_description) StdoutLine: {'line': b'-- Up-to-date: /micro_ros_ws/wall_e_ws/install/wall_e_description/share/wall_e_description/worlds/indoor_room.world\n'}
[0.499853] (wall_e_description) StdoutLine: {'line': b'-- Up-to-date: /micro_ros_ws/wall_e_ws/install/wall_e_description/share/wall_e_description/description\n'}
[0.500178] (custom_interfaces) StdoutLine: {'line': b'-- Up-to-date: /micro_ros_ws/wall_e_ws/install/custom_interfaces/include/custom_interfaces/custom_interfaces\n'}
[0.500826] (custom_interfaces) StdoutLine: {'line': b'-- Up-to-date: /micro_ros_ws/wall_e_ws/install/custom_interfaces/include/custom_interfaces/custom_interfaces/msg\n'}
[0.501118] (-) TimerEvent: {}
[0.501286] (wall_e_description) StdoutLine: {'line': b'-- Up-to-date: /micro_ros_ws/wall_e_ws/install/wall_e_description/share/wall_e_description/description/robot.urdf.xacro\n'}
[0.502021] (custom_interfaces) StdoutLine: {'line': b'-- Up-to-date: /micro_ros_ws/wall_e_ws/install/custom_interfaces/include/custom_interfaces/custom_interfaces/msg/detail\n'}
[0.502594] (wall_e_description) StdoutLine: {'line': b'-- Up-to-date: /micro_ros_ws/wall_e_ws/install/wall_e_description/share/ament_index/resource_index/package_run_dependencies/wall_e_description\n'}
[0.503722] (custom_interfaces) StdoutLine: {'line': b'-- Up-to-date: /micro_ros_ws/wall_e_ws/install/custom_interfaces/include/custom_interfaces/custom_interfaces/msg/detail/gamepad__rosidl_typesupport_introspection_cpp.hpp\n'}
[0.504303] (wall_e_description) StdoutLine: {'line': b'-- Up-to-date: /micro_ros_ws/wall_e_ws/install/wall_e_description/share/ament_index/resource_index/parent_prefix_path/wall_e_description\n'}
[0.505115] (custom_interfaces) StdoutLine: {'line': b'-- Up-to-date: /micro_ros_ws/wall_e_ws/install/custom_interfaces/include/custom_interfaces/custom_interfaces/msg/detail/gamepad__type_support.cpp\n'}
[0.505447] (wall_e_description) StdoutLine: {'line': b'-- Up-to-date: /micro_ros_ws/wall_e_ws/install/wall_e_description/share/wall_e_description/environment/ament_prefix_path.sh\n'}
[0.506321] (wall_e_description) StdoutLine: {'line': b'-- Up-to-date: /micro_ros_ws/wall_e_ws/install/wall_e_description/share/wall_e_description/environment/ament_prefix_path.dsv\n'}
[0.507588] (wall_e_description) StdoutLine: {'line': b'-- Up-to-date: /micro_ros_ws/wall_e_ws/install/wall_e_description/share/wall_e_description/environment/path.sh\n'}
[0.508163] (custom_interfaces) StdoutLine: {'line': b'-- Up-to-date: /micro_ros_ws/wall_e_ws/install/custom_interfaces/lib/libcustom_interfaces__rosidl_typesupport_introspection_cpp.so\n'}
[0.508848] (wall_e_description) StdoutLine: {'line': b'-- Up-to-date: /micro_ros_ws/wall_e_ws/install/wall_e_description/share/wall_e_description/environment/path.dsv\n'}
[0.509757] (wall_e_description) StdoutLine: {'line': b'-- Up-to-date: /micro_ros_ws/wall_e_ws/install/wall_e_description/share/wall_e_description/local_setup.bash\n'}
[0.510590] (wall_e_description) StdoutLine: {'line': b'-- Up-to-date: /micro_ros_ws/wall_e_ws/install/wall_e_description/share/wall_e_description/local_setup.sh\n'}
[0.511413] (wall_e_description) StdoutLine: {'line': b'-- Up-to-date: /micro_ros_ws/wall_e_ws/install/wall_e_description/share/wall_e_description/local_setup.zsh\n'}
[0.511705] (custom_interfaces) StdoutLine: {'line': b'-- Up-to-date: /micro_ros_ws/wall_e_ws/install/custom_interfaces/lib/libcustom_interfaces__rosidl_typesupport_cpp.so\n'}
[0.512431] (wall_e_description) StdoutLine: {'line': b'-- Up-to-date: /micro_ros_ws/wall_e_ws/install/wall_e_description/share/wall_e_description/local_setup.dsv\n'}
[0.513318] (wall_e_description) StdoutLine: {'line': b'-- Installing: /micro_ros_ws/wall_e_ws/install/wall_e_description/share/wall_e_description/package.dsv\n'}
[0.514021] (custom_interfaces) StdoutLine: {'line': b'-- Up-to-date: /micro_ros_ws/wall_e_ws/install/custom_interfaces/share/custom_interfaces/environment/pythonpath.sh\n'}
[0.515310] (custom_interfaces) StdoutLine: {'line': b'-- Up-to-date: /micro_ros_ws/wall_e_ws/install/custom_interfaces/share/custom_interfaces/environment/pythonpath.dsv\n'}
[0.516287] (custom_interfaces) StdoutLine: {'line': b'-- Up-to-date: /micro_ros_ws/wall_e_ws/install/custom_interfaces/local/lib/python3.10/dist-packages/custom_interfaces-0.0.0-py3.10.egg-info\n'}
[0.516962] (wall_e_description) StdoutLine: {'line': b'-- Up-to-date: /micro_ros_ws/wall_e_ws/install/wall_e_description/share/ament_index/resource_index/packages/wall_e_description\n'}
[0.517456] (custom_interfaces) StdoutLine: {'line': b'-- Installing: /micro_ros_ws/wall_e_ws/install/custom_interfaces/local/lib/python3.10/dist-packages/custom_interfaces-0.0.0-py3.10.egg-info/dependency_links.txt\n'}
[0.517749] (wall_e_description) StdoutLine: {'line': b'-- Up-to-date: /micro_ros_ws/wall_e_ws/install/wall_e_description/share/wall_e_description/cmake/wall_e_descriptionConfig.cmake\n'}
[0.518282] (wall_e_description) StdoutLine: {'line': b'-- Up-to-date: /micro_ros_ws/wall_e_ws/install/wall_e_description/share/wall_e_description/cmake/wall_e_descriptionConfig-version.cmake\n'}
[0.518939] (wall_e_description) StdoutLine: {'line': b'-- Up-to-date: /micro_ros_ws/wall_e_ws/install/wall_e_description/share/wall_e_description/package.xml\n'}
[0.519965] (custom_interfaces) StdoutLine: {'line': b'-- Installing: /micro_ros_ws/wall_e_ws/install/custom_interfaces/local/lib/python3.10/dist-packages/custom_interfaces-0.0.0-py3.10.egg-info/PKG-INFO\n'}
[0.521608] (wall_e_description) CommandEnded: {'returncode': 0}
[0.522910] (custom_interfaces) StdoutLine: {'line': b'-- Installing: /micro_ros_ws/wall_e_ws/install/custom_interfaces/local/lib/python3.10/dist-packages/custom_interfaces-0.0.0-py3.10.egg-info/SOURCES.txt\n'}
[0.525349] (custom_interfaces) StdoutLine: {'line': b'-- Installing: /micro_ros_ws/wall_e_ws/install/custom_interfaces/local/lib/python3.10/dist-packages/custom_interfaces-0.0.0-py3.10.egg-info/top_level.txt\n'}
[0.527713] (custom_interfaces) StdoutLine: {'line': b'-- Up-to-date: /micro_ros_ws/wall_e_ws/install/custom_interfaces/local/lib/python3.10/dist-packages/custom_interfaces\n'}
[0.528719] (custom_interfaces) StdoutLine: {'line': b'-- Up-to-date: /micro_ros_ws/wall_e_ws/install/custom_interfaces/local/lib/python3.10/dist-packages/custom_interfaces/custom_interfaces_s__rosidl_typesupport_c.cpython-310-x86_64-linux-gnu.so\n'}
[0.529497] (custom_interfaces) StdoutLine: {'line': b'-- Up-to-date: /micro_ros_ws/wall_e_ws/install/custom_interfaces/local/lib/python3.10/dist-packages/custom_interfaces/custom_interfaces_s__rosidl_typesupport_fastrtps_c.cpython-310-x86_64-linux-gnu.so\n'}
[0.530316] (custom_interfaces) StdoutLine: {'line': b'-- Up-to-date: /micro_ros_ws/wall_e_ws/install/custom_interfaces/local/lib/python3.10/dist-packages/custom_interfaces/custom_interfaces_s__rosidl_typesupport_introspection_c.cpython-310-x86_64-linux-gnu.so\n'}
[0.531144] (custom_interfaces) StdoutLine: {'line': b'-- Up-to-date: /micro_ros_ws/wall_e_ws/install/custom_interfaces/local/lib/python3.10/dist-packages/custom_interfaces/libcustom_interfaces__rosidl_generator_py.so\n'}
[0.531670] (custom_interfaces) StdoutLine: {'line': b'-- Up-to-date: /micro_ros_ws/wall_e_ws/install/custom_interfaces/local/lib/python3.10/dist-packages/custom_interfaces/msg\n'}
[0.532787] (custom_interfaces) StdoutLine: {'line': b'-- Up-to-date: /micro_ros_ws/wall_e_ws/install/custom_interfaces/local/lib/python3.10/dist-packages/custom_interfaces/msg/_gamepad.py\n'}
[0.533635] (custom_interfaces) StdoutLine: {'line': b'-- Up-to-date: /micro_ros_ws/wall_e_ws/install/custom_interfaces/local/lib/python3.10/dist-packages/custom_interfaces/msg/_gamepad_s.c\n'}
[0.534658] (custom_interfaces) StdoutLine: {'line': b'-- Up-to-date: /micro_ros_ws/wall_e_ws/install/custom_interfaces/local/lib/python3.10/dist-packages/custom_interfaces/msg/__init__.py\n'}
[0.535635] (custom_interfaces) StdoutLine: {'line': b'-- Up-to-date: /micro_ros_ws/wall_e_ws/install/custom_interfaces/local/lib/python3.10/dist-packages/custom_interfaces/_custom_interfaces_s.ep.rosidl_typesupport_c.c\n'}
[0.537412] (custom_interfaces) StdoutLine: {'line': b'-- Up-to-date: /micro_ros_ws/wall_e_ws/install/custom_interfaces/local/lib/python3.10/dist-packages/custom_interfaces/_custom_interfaces_s.ep.rosidl_typesupport_fastrtps_c.c\n'}
[0.538752] (custom_interfaces) StdoutLine: {'line': b'-- Up-to-date: /micro_ros_ws/wall_e_ws/install/custom_interfaces/local/lib/python3.10/dist-packages/custom_interfaces/_custom_interfaces_s.ep.rosidl_typesupport_introspection_c.c\n'}
[0.539808] (custom_interfaces) StdoutLine: {'line': b'-- Up-to-date: /micro_ros_ws/wall_e_ws/install/custom_interfaces/local/lib/python3.10/dist-packages/custom_interfaces/__init__.py\n'}
[0.562830] (wall_e_description) JobEnded: {'identifier': 'wall_e_description', 'rc': 0}
[0.594536] (custom_interfaces) StdoutLine: {'line': b"Listing '/micro_ros_ws/wall_e_ws/install/custom_interfaces/local/lib/python3.10/dist-packages/custom_interfaces'...\n"}
[0.594906] (custom_interfaces) StdoutLine: {'line': b"Listing '/micro_ros_ws/wall_e_ws/install/custom_interfaces/local/lib/python3.10/dist-packages/custom_interfaces/msg'...\n"}
[0.601212] (-) TimerEvent: {}
[0.602615] (custom_interfaces) StdoutLine: {'line': b'-- Up-to-date: /micro_ros_ws/wall_e_ws/install/custom_interfaces/local/lib/python3.10/dist-packages/custom_interfaces/custom_interfaces_s__rosidl_typesupport_fastrtps_c.cpython-310-x86_64-linux-gnu.so\n'}
[0.606674] (custom_interfaces) StdoutLine: {'line': b'-- Up-to-date: /micro_ros_ws/wall_e_ws/install/custom_interfaces/local/lib/python3.10/dist-packages/custom_interfaces/custom_interfaces_s__rosidl_typesupport_introspection_c.cpython-310-x86_64-linux-gnu.so\n'}
[0.610137] (custom_interfaces) StdoutLine: {'line': b'-- Up-to-date: /micro_ros_ws/wall_e_ws/install/custom_interfaces/local/lib/python3.10/dist-packages/custom_interfaces/custom_interfaces_s__rosidl_typesupport_c.cpython-310-x86_64-linux-gnu.so\n'}
[0.613471] (custom_interfaces) StdoutLine: {'line': b'-- Up-to-date: /micro_ros_ws/wall_e_ws/install/custom_interfaces/lib/libcustom_interfaces__rosidl_generator_py.so\n'}
[0.615509] (custom_interfaces) StdoutLine: {'line': b'-- Up-to-date: /micro_ros_ws/wall_e_ws/install/custom_interfaces/share/ament_index/resource_index/rust_packages/custom_interfaces\n'}
[0.616045] (custom_interfaces) StdoutLine: {'line': b'-- Up-to-date: /micro_ros_ws/wall_e_ws/install/custom_interfaces/share/custom_interfaces/rust\n'}
[0.616904] (custom_interfaces) StdoutLine: {'line': b'-- Up-to-date: /micro_ros_ws/wall_e_ws/install/custom_interfaces/share/custom_interfaces/rust/build.rs\n'}
[0.617565] (custom_interfaces) StdoutLine: {'line': b'-- Up-to-date: /micro_ros_ws/wall_e_ws/install/custom_interfaces/share/custom_interfaces/rust/Cargo.toml\n'}
[0.618219] (custom_interfaces) StdoutLine: {'line': b'-- Up-to-date: /micro_ros_ws/wall_e_ws/install/custom_interfaces/share/custom_interfaces/rust/src\n'}
[0.619583] (custom_interfaces) StdoutLine: {'line': b'-- Up-to-date: /micro_ros_ws/wall_e_ws/install/custom_interfaces/share/custom_interfaces/rust/src/lib.rs\n'}
[0.620343] (custom_interfaces) StdoutLine: {'line': b'-- Up-to-date: /micro_ros_ws/wall_e_ws/install/custom_interfaces/share/custom_interfaces/rust/src/msg\n'}
[0.621688] (custom_interfaces) StdoutLine: {'line': b'-- Up-to-date: /micro_ros_ws/wall_e_ws/install/custom_interfaces/share/custom_interfaces/rust/src/msg/rmw.rs\n'}
[0.622557] (custom_interfaces) StdoutLine: {'line': b'-- Up-to-date: /micro_ros_ws/wall_e_ws/install/custom_interfaces/share/custom_interfaces/rust/src/msg.rs\n'}
[0.623650] (custom_interfaces) StdoutLine: {'line': b'-- Up-to-date: /micro_ros_ws/wall_e_ws/install/custom_interfaces/share/custom_interfaces/msg/Gamepad.idl\n'}
[0.624485] (custom_interfaces) StdoutLine: {'line': b'-- Up-to-date: /micro_ros_ws/wall_e_ws/install/custom_interfaces/share/custom_interfaces/msg/Gamepad.msg\n'}
[0.625743] (custom_interfaces) StdoutLine: {'line': b'-- Up-to-date: /micro_ros_ws/wall_e_ws/install/custom_interfaces/share/ament_index/resource_index/package_run_dependencies/custom_interfaces\n'}
[0.626957] (custom_interfaces) StdoutLine: {'line': b'-- Up-to-date: /micro_ros_ws/wall_e_ws/install/custom_interfaces/share/ament_index/resource_index/parent_prefix_path/custom_interfaces\n'}
[0.627694] (custom_interfaces) StdoutLine: {'line': b'-- Up-to-date: /micro_ros_ws/wall_e_ws/install/custom_interfaces/share/custom_interfaces/environment/ament_prefix_path.sh\n'}
[0.628631] (custom_interfaces) StdoutLine: {'line': b'-- Up-to-date: /micro_ros_ws/wall_e_ws/install/custom_interfaces/share/custom_interfaces/environment/ament_prefix_path.dsv\n'}
[0.629223] (custom_interfaces) StdoutLine: {'line': b'-- Up-to-date: /micro_ros_ws/wall_e_ws/install/custom_interfaces/share/custom_interfaces/environment/path.sh\n'}
[0.630099] (custom_interfaces) StdoutLine: {'line': b'-- Up-to-date: /micro_ros_ws/wall_e_ws/install/custom_interfaces/share/custom_interfaces/environment/path.dsv\n'}
[0.630888] (custom_interfaces) StdoutLine: {'line': b'-- Up-to-date: /micro_ros_ws/wall_e_ws/install/custom_interfaces/share/custom_interfaces/local_setup.bash\n'}
[0.631683] (custom_interfaces) StdoutLine: {'line': b'-- Up-to-date: /micro_ros_ws/wall_e_ws/install/custom_interfaces/share/custom_interfaces/local_setup.sh\n'}
[0.632552] (custom_interfaces) StdoutLine: {'line': b'-- Up-to-date: /micro_ros_ws/wall_e_ws/install/custom_interfaces/share/custom_interfaces/local_setup.zsh\n'}
[0.633529] (custom_interfaces) StdoutLine: {'line': b'-- Up-to-date: /micro_ros_ws/wall_e_ws/install/custom_interfaces/share/custom_interfaces/local_setup.dsv\n'}
[0.634478] (custom_interfaces) StdoutLine: {'line': b'-- Installing: /micro_ros_ws/wall_e_ws/install/custom_interfaces/share/custom_interfaces/package.dsv\n'}
[0.637305] (custom_interfaces) StdoutLine: {'line': b'-- Up-to-date: /micro_ros_ws/wall_e_ws/install/custom_interfaces/share/ament_index/resource_index/packages/custom_interfaces\n'}
[0.639799] (custom_interfaces) StdoutLine: {'line': b'-- Up-to-date: /micro_ros_ws/wall_e_ws/install/custom_interfaces/share/custom_interfaces/cmake/export_custom_interfaces__rosidl_generator_cExport.cmake\n'}
[0.641022] (custom_interfaces) StdoutLine: {'line': b'-- Up-to-date: /micro_ros_ws/wall_e_ws/install/custom_interfaces/share/custom_interfaces/cmake/export_custom_interfaces__rosidl_generator_cExport-noconfig.cmake\n'}
[0.643177] (custom_interfaces) StdoutLine: {'line': b'-- Up-to-date: /micro_ros_ws/wall_e_ws/install/custom_interfaces/share/custom_interfaces/cmake/export_custom_interfaces__rosidl_typesupport_fastrtps_cExport.cmake\n'}
[0.644281] (custom_interfaces) StdoutLine: {'line': b'-- Up-to-date: /micro_ros_ws/wall_e_ws/install/custom_interfaces/share/custom_interfaces/cmake/export_custom_interfaces__rosidl_typesupport_fastrtps_cExport-noconfig.cmake\n'}
[0.646275] (custom_interfaces) StdoutLine: {'line': b'-- Up-to-date: /micro_ros_ws/wall_e_ws/install/custom_interfaces/share/custom_interfaces/cmake/custom_interfaces__rosidl_typesupport_introspection_cExport.cmake\n'}
[0.647468] (custom_interfaces) StdoutLine: {'line': b'-- Up-to-date: /micro_ros_ws/wall_e_ws/install/custom_interfaces/share/custom_interfaces/cmake/custom_interfaces__rosidl_typesupport_introspection_cExport-noconfig.cmake\n'}
[0.649675] (custom_interfaces) StdoutLine: {'line': b'-- Up-to-date: /micro_ros_ws/wall_e_ws/install/custom_interfaces/share/custom_interfaces/cmake/custom_interfaces__rosidl_typesupport_cExport.cmake\n'}
[0.650729] (custom_interfaces) StdoutLine: {'line': b'-- Up-to-date: /micro_ros_ws/wall_e_ws/install/custom_interfaces/share/custom_interfaces/cmake/custom_interfaces__rosidl_typesupport_cExport-noconfig.cmake\n'}
[0.652592] (custom_interfaces) StdoutLine: {'line': b'-- Up-to-date: /micro_ros_ws/wall_e_ws/install/custom_interfaces/share/custom_interfaces/cmake/export_custom_interfaces__rosidl_generator_cppExport.cmake\n'}
[0.654957] (custom_interfaces) StdoutLine: {'line': b'-- Up-to-date: /micro_ros_ws/wall_e_ws/install/custom_interfaces/share/custom_interfaces/cmake/export_custom_interfaces__rosidl_typesupport_fastrtps_cppExport.cmake\n'}
[0.656201] (custom_interfaces) StdoutLine: {'line': b'-- Up-to-date: /micro_ros_ws/wall_e_ws/install/custom_interfaces/share/custom_interfaces/cmake/export_custom_interfaces__rosidl_typesupport_fastrtps_cppExport-noconfig.cmake\n'}
[0.659196] (custom_interfaces) StdoutLine: {'line': b'-- Up-to-date: /micro_ros_ws/wall_e_ws/install/custom_interfaces/share/custom_interfaces/cmake/custom_interfaces__rosidl_typesupport_introspection_cppExport.cmake\n'}
[0.660122] (custom_interfaces) StdoutLine: {'line': b'-- Up-to-date: /micro_ros_ws/wall_e_ws/install/custom_interfaces/share/custom_interfaces/cmake/custom_interfaces__rosidl_typesupport_introspection_cppExport-noconfig.cmake\n'}
[0.661892] (custom_interfaces) StdoutLine: {'line': b'-- Up-to-date: /micro_ros_ws/wall_e_ws/install/custom_interfaces/share/custom_interfaces/cmake/custom_interfaces__rosidl_typesupport_cppExport.cmake\n'}
[0.662671] (custom_interfaces) StdoutLine: {'line': b'-- Up-to-date: /micro_ros_ws/wall_e_ws/install/custom_interfaces/share/custom_interfaces/cmake/custom_interfaces__rosidl_typesupport_cppExport-noconfig.cmake\n'}
[0.664135] (custom_interfaces) StdoutLine: {'line': b'-- Up-to-date: /micro_ros_ws/wall_e_ws/install/custom_interfaces/share/custom_interfaces/cmake/export_custom_interfaces__rosidl_generator_pyExport.cmake\n'}
[0.664959] (custom_interfaces) StdoutLine: {'line': b'-- Up-to-date: /micro_ros_ws/wall_e_ws/install/custom_interfaces/share/custom_interfaces/cmake/export_custom_interfaces__rosidl_generator_pyExport-noconfig.cmake\n'}
[0.665608] (custom_interfaces) StdoutLine: {'line': b'-- Up-to-date: /micro_ros_ws/wall_e_ws/install/custom_interfaces/share/custom_interfaces/cmake/rosidl_cmake-extras.cmake\n'}
[0.666228] (custom_interfaces) StdoutLine: {'line': b'-- Up-to-date: /micro_ros_ws/wall_e_ws/install/custom_interfaces/share/custom_interfaces/cmake/ament_cmake_export_dependencies-extras.cmake\n'}
[0.666882] (custom_interfaces) StdoutLine: {'line': b'-- Up-to-date: /micro_ros_ws/wall_e_ws/install/custom_interfaces/share/custom_interfaces/cmake/ament_cmake_export_include_directories-extras.cmake\n'}
[0.667499] (custom_interfaces) StdoutLine: {'line': b'-- Up-to-date: /micro_ros_ws/wall_e_ws/install/custom_interfaces/share/custom_interfaces/cmake/ament_cmake_export_libraries-extras.cmake\n'}
[0.668270] (custom_interfaces) StdoutLine: {'line': b'-- Up-to-date: /micro_ros_ws/wall_e_ws/install/custom_interfaces/share/custom_interfaces/cmake/ament_cmake_export_targets-extras.cmake\n'}
[0.668976] (custom_interfaces) StdoutLine: {'line': b'-- Up-to-date: /micro_ros_ws/wall_e_ws/install/custom_interfaces/share/custom_interfaces/cmake/rosidl_cmake_export_typesupport_targets-extras.cmake\n'}
[0.669656] (custom_interfaces) StdoutLine: {'line': b'-- Up-to-date: /micro_ros_ws/wall_e_ws/install/custom_interfaces/share/custom_interfaces/cmake/rosidl_cmake_export_typesupport_libraries-extras.cmake\n'}
[0.670346] (custom_interfaces) StdoutLine: {'line': b'-- Up-to-date: /micro_ros_ws/wall_e_ws/install/custom_interfaces/share/custom_interfaces/cmake/custom_interfacesConfig.cmake\n'}
[0.670848] (custom_interfaces) StdoutLine: {'line': b'-- Up-to-date: /micro_ros_ws/wall_e_ws/install/custom_interfaces/share/custom_interfaces/cmake/custom_interfacesConfig-version.cmake\n'}
[0.671464] (custom_interfaces) StdoutLine: {'line': b'-- Up-to-date: /micro_ros_ws/wall_e_ws/install/custom_interfaces/share/custom_interfaces/package.xml\n'}
[0.675554] (custom_interfaces) CommandEnded: {'returncode': 0}
[0.701309] (-) TimerEvent: {}
[0.720685] (custom_interfaces) JobEnded: {'identifier': 'custom_interfaces', 'rc': 0}
[0.722053] (control) JobStarted: {'identifier': 'control'}
[0.801416] (-) TimerEvent: {}
[0.901871] (-) TimerEvent: {}
[0.965775] (feedback) Command: {'cmd': ['/usr/bin/python3', '-W', 'ignore:setup.py install is deprecated', '-W', 'ignore:easy_install command is deprecated', 'setup.py', 'egg_info', '--egg-base', '../../build/feedback', 'build', '--build-base', '/micro_ros_ws/wall_e_ws/build/feedback/build', 'install', '--record', '/micro_ros_ws/wall_e_ws/build/feedback/install.log', '--single-version-externally-managed', 'install_data'], 'cwd': '/micro_ros_ws/wall_e_ws/src/feedback', 'env': {'HOSTNAME': '1f39bf4e130b', 'SHLVL': '0', 'LD_LIBRARY_PATH': '/usr/lib/x86_64-linux-gnu/gazebo-11/plugins:/opt/ros/humble/lib/x86_64-linux-gnu:/opt/ros/humble/lib', 'HOME': '/root', 'OLDPWD': '/micro_ros_ws', 'ROS_PYTHON_VERSION': '3', 'ROS_DISTRO': 'humble', '_': '/usr/bin/colcon', 'ROS_VERSION': '2', 'TERM': 'xterm', 'ROS_LOCALHOST_ONLY': '0', 'PATH': '/opt/ros/humble/bin:/usr/local/sbin:/usr/local/bin:/usr/sbin:/usr/bin:/sbin:/bin', 'LANG': 'C.UTF-8', 'AMENT_PREFIX_PATH': '/opt/ros/humble', 'PWD': '/micro_ros_ws/wall_e_ws/build/feedback', 'LC_ALL': 'C.UTF-8', 'PYTHONPATH': '/micro_ros_ws/wall_e_ws/build/feedback/prefix_override:/usr/lib/python3/dist-packages/colcon_core/task/python/colcon_distutils_commands:/micro_ros_ws/wall_e_ws/install/feedback/lib/python3.10/site-packages:/opt/ros/humble/lib/python3.10/site-packages:/opt/ros/humble/local/lib/python3.10/dist-packages', 'COLCON': '1'}, 'shell': False}
[0.968639] (localization) Command: {'cmd': ['/usr/bin/python3', '-W', 'ignore:setup.py install is deprecated', '-W', 'ignore:easy_install command is deprecated', 'setup.py', 'egg_info', '--egg-base', '../../build/localization', 'build', '--build-base', '/micro_ros_ws/wall_e_ws/build/localization/build', 'install', '--record', '/micro_ros_ws/wall_e_ws/build/localization/install.log', '--single-version-externally-managed', 'install_data'], 'cwd': '/micro_ros_ws/wall_e_ws/src/localization', 'env': {'HOSTNAME': '1f39bf4e130b', 'SHLVL': '0', 'LD_LIBRARY_PATH': '/usr/lib/x86_64-linux-gnu/gazebo-11/plugins:/opt/ros/humble/lib/x86_64-linux-gnu:/opt/ros/humble/lib', 'HOME': '/root', 'OLDPWD': '/micro_ros_ws', 'ROS_PYTHON_VERSION': '3', 'ROS_DISTRO': 'humble', '_': '/usr/bin/colcon', 'ROS_VERSION': '2', 'TERM': 'xterm', 'ROS_LOCALHOST_ONLY': '0', 'PATH': '/opt/ros/humble/bin:/usr/local/sbin:/usr/local/bin:/usr/sbin:/usr/bin:/sbin:/bin', 'LANG': 'C.UTF-8', 'AMENT_PREFIX_PATH': '/opt/ros/humble', 'PWD': '/micro_ros_ws/wall_e_ws/build/localization', 'LC_ALL': 'C.UTF-8', 'PYTHONPATH': '/micro_ros_ws/wall_e_ws/build/localization/prefix_override:/usr/lib/python3/dist-packages/colcon_core/task/python/colcon_distutils_commands:/micro_ros_ws/wall_e_ws/install/localization/lib/python3.10/site-packages:/opt/ros/humble/lib/python3.10/site-packages:/opt/ros/humble/local/lib/python3.10/dist-packages', 'COLCON': '1'}, 'shell': False}
[1.001974] (-) TimerEvent: {}
[1.102377] (-) TimerEvent: {}
[1.203036] (-) TimerEvent: {}
[1.212803] (feedback) StdoutLine: {'line': b'running egg_info\n'}
[1.213727] (feedback) StdoutLine: {'line': b'writing ../../build/feedback/feedback.egg-info/PKG-INFO\n'}
[1.214291] (feedback) StdoutLine: {'line': b'writing dependency_links to ../../build/feedback/feedback.egg-info/dependency_links.txt\n'}
[1.214818] (feedback) StdoutLine: {'line': b'writing entry points to ../../build/feedback/feedback.egg-info/entry_points.txt\n'}
[1.215291] (feedback) StdoutLine: {'line': b'writing requirements to ../../build/feedback/feedback.egg-info/requires.txt\n'}
[1.215609] (feedback) StdoutLine: {'line': b'writing top-level names to ../../build/feedback/feedback.egg-info/top_level.txt\n'}
[1.219793] (feedback) StdoutLine: {'line': b"reading manifest file '../../build/feedback/feedback.egg-info/SOURCES.txt'\n"}
[1.223002] (feedback) StdoutLine: {'line': b"adding license file 'LICENSE'\n"}
[1.224789] (feedback) StdoutLine: {'line': b"writing manifest file '../../build/feedback/feedback.egg-info/SOURCES.txt'\n"}
[1.225148] (feedback) StdoutLine: {'line': b'running build\n'}
[1.225406] (feedback) StdoutLine: {'line': b'running build_py\n'}
[1.227600] (feedback) StdoutLine: {'line': b'running install\n'}
[1.228050] (feedback) StdoutLine: {'line': b'running install_lib\n'}
[1.233350] (feedback) StdoutLine: {'line': b'running install_data\n'}
[1.234198] (feedback) StdoutLine: {'line': b'running install_egg_info\n'}
[1.237663] (feedback) StdoutLine: {'line': b"removing '/micro_ros_ws/wall_e_ws/install/feedback/lib/python3.10/site-packages/feedback-0.0.0-py3.10.egg-info' (and everything under it)\n"}
[1.239226] (feedback) StdoutLine: {'line': b'Copying ../../build/feedback/feedback.egg-info to /micro_ros_ws/wall_e_ws/install/feedback/lib/python3.10/site-packages/feedback-0.0.0-py3.10.egg-info\n'}
[1.245697] (localization) StdoutLine: {'line': b'running egg_info\n'}
[1.246529] (localization) StdoutLine: {'line': b'writing ../../build/localization/localization.egg-info/PKG-INFO\n'}
[1.247160] (localization) StdoutLine: {'line': b'writing dependency_links to ../../build/localization/localization.egg-info/dependency_links.txt\n'}
[1.247945] (localization) StdoutLine: {'line': b'writing entry points to ../../build/localization/localization.egg-info/entry_points.txt\n'}
[1.248427] (localization) StdoutLine: {'line': b'writing requirements to ../../build/localization/localization.egg-info/requires.txt\n'}
[1.248724] (localization) StdoutLine: {'line': b'writing top-level names to ../../build/localization/localization.egg-info/top_level.txt\n'}
[1.249946] (feedback) StdoutLine: {'line': b'running install_scripts\n'}
[1.252372] (localization) StdoutLine: {'line': b"reading manifest file '../../build/localization/localization.egg-info/SOURCES.txt'\n"}
[1.254959] (localization) StdoutLine: {'line': b"adding license file 'LICENSE'\n"}
[1.256780] (localization) StdoutLine: {'line': b"writing manifest file '../../build/localization/localization.egg-info/SOURCES.txt'\n"}
[1.257174] (localization) StdoutLine: {'line': b'running build\n'}
[1.257335] (localization) StdoutLine: {'line': b'running build_py\n'}
[1.258971] (localization) StdoutLine: {'line': b'running install\n'}
[1.259520] (localization) StdoutLine: {'line': b'running install_lib\n'}
[1.264349] (localization) StdoutLine: {'line': b'running install_data\n'}
[1.265335] (localization) StdoutLine: {'line': b'running install_egg_info\n'}
[1.269297] (localization) StdoutLine: {'line': b"removing '/micro_ros_ws/wall_e_ws/install/localization/lib/python3.10/site-packages/localization-0.0.0-py3.10.egg-info' (and everything under it)\n"}
[1.270824] (localization) StdoutLine: {'line': b'Copying ../../build/localization/localization.egg-info to /micro_ros_ws/wall_e_ws/install/localization/lib/python3.10/site-packages/localization-0.0.0-py3.10.egg-info\n'}
[1.275529] (feedback) StdoutLine: {'line': b'Installing imu_filter_node script to /micro_ros_ws/wall_e_ws/install/feedback/lib/feedback\n'}
[1.275931] (feedback) StdoutLine: {'line': b'Installing range_filter_node script to /micro_ros_ws/wall_e_ws/install/feedback/lib/feedback\n'}
[1.276333] (feedback) StdoutLine: {'line': b'Installing sensor_fusion_node script to /micro_ros_ws/wall_e_ws/install/feedback/lib/feedback\n'}
[1.276983] (feedback) StdoutLine: {'line': b"writing list of installed files to '/micro_ros_ws/wall_e_ws/build/feedback/install.log'\n"}
[1.278798] (localization) StdoutLine: {'line': b'running install_scripts\n'}
[1.300707] (feedback) CommandEnded: {'returncode': 0}
[1.302831] (localization) StdoutLine: {'line': b'Installing inverse_kinematic_node script to /micro_ros_ws/wall_e_ws/install/localization/lib/localization\n'}
[1.303175] (-) TimerEvent: {}
[1.303383] (localization) StdoutLine: {'line': b'Installing odometry_node script to /micro_ros_ws/wall_e_ws/install/localization/lib/localization\n'}
[1.303972] (localization) StdoutLine: {'line': b"writing list of installed files to '/micro_ros_ws/wall_e_ws/build/localization/install.log'\n"}
[1.312713] (feedback) JobEnded: {'identifier': 'feedback', 'rc': 0}
[1.327199] (localization) CommandEnded: {'returncode': 0}
[1.343187] (localization) JobEnded: {'identifier': 'localization', 'rc': 0}
[1.352329] (control) Command: {'cmd': ['/usr/bin/python3', '-W', 'ignore:setup.py install is deprecated', '-W', 'ignore:easy_install command is deprecated', 'setup.py', 'egg_info', '--egg-base', '../../build/control', 'build', '--build-base', '/micro_ros_ws/wall_e_ws/build/control/build', 'install', '--record', '/micro_ros_ws/wall_e_ws/build/control/install.log', '--single-version-externally-managed', 'install_data'], 'cwd': '/micro_ros_ws/wall_e_ws/src/control', 'env': {'HOSTNAME': '1f39bf4e130b', 'SHLVL': '0', 'LD_LIBRARY_PATH': '/micro_ros_ws/wall_e_ws/install/custom_interfaces/lib:/usr/lib/x86_64-linux-gnu/gazebo-11/plugins:/opt/ros/humble/lib/x86_64-linux-gnu:/opt/ros/humble/lib', 'HOME': '/root', 'OLDPWD': '/micro_ros_ws', 'ROS_PYTHON_VERSION': '3', 'ROS_DISTRO': 'humble', '_': '/usr/bin/colcon', 'ROS_VERSION': '2', 'TERM': 'xterm', 'ROS_LOCALHOST_ONLY': '0', 'PATH': '/opt/ros/humble/bin:/usr/local/sbin:/usr/local/bin:/usr/sbin:/usr/bin:/sbin:/bin', 'LANG': 'C.UTF-8', 'AMENT_PREFIX_PATH': '/micro_ros_ws/wall_e_ws/install/custom_interfaces:/opt/ros/humble', 'PWD': '/micro_ros_ws/wall_e_ws/build/control', 'LC_ALL': 'C.UTF-8', 'PYTHONPATH': '/micro_ros_ws/wall_e_ws/build/control/prefix_override:/usr/lib/python3/dist-packages/colcon_core/task/python/colcon_distutils_commands:/micro_ros_ws/wall_e_ws/install/control/lib/python3.10/site-packages:/micro_ros_ws/wall_e_ws/install/custom_interfaces/local/lib/python3.10/dist-packages:/opt/ros/humble/lib/python3.10/site-packages:/opt/ros/humble/local/lib/python3.10/dist-packages', 'COLCON': '1', 'CMAKE_PREFIX_PATH': '/micro_ros_ws/wall_e_ws/install/custom_interfaces'}, 'shell': False}
[1.403274] (-) TimerEvent: {}
[1.503662] (-) TimerEvent: {}
[1.527151] (control) StdoutLine: {'line': b'running egg_info\n'}
[1.527865] (control) StdoutLine: {'line': b'writing ../../build/control/control.egg-info/PKG-INFO\n'}
[1.528186] (control) StdoutLine: {'line': b'writing dependency_links to ../../build/control/control.egg-info/dependency_links.txt\n'}
[1.528456] (control) StdoutLine: {'line': b'writing entry points to ../../build/control/control.egg-info/entry_points.txt\n'}
[1.528672] (control) StdoutLine: {'line': b'writing requirements to ../../build/control/control.egg-info/requires.txt\n'}
[1.528861] (control) StdoutLine: {'line': b'writing top-level names to ../../build/control/control.egg-info/top_level.txt\n'}
[1.532164] (control) StdoutLine: {'line': b"reading manifest file '../../build/control/control.egg-info/SOURCES.txt'\n"}
[1.534363] (control) StdoutLine: {'line': b"adding license file 'LICENSE'\n"}
[1.535583] (control) StdoutLine: {'line': b"writing manifest file '../../build/control/control.egg-info/SOURCES.txt'\n"}
[1.535771] (control) StdoutLine: {'line': b'running build\n'}
[1.535920] (control) StdoutLine: {'line': b'running build_py\n'}
[1.537300] (control) StdoutLine: {'line': b'running install\n'}
[1.537725] (control) StdoutLine: {'line': b'running install_lib\n'}
[1.541350] (control) StdoutLine: {'line': b'running install_data\n'}
[1.541882] (control) StdoutLine: {'line': b'running install_egg_info\n'}
[1.543728] (control) StdoutLine: {'line': b"removing '/micro_ros_ws/wall_e_ws/install/control/lib/python3.10/site-packages/control-0.0.0-py3.10.egg-info' (and everything under it)\n"}
[1.544737] (control) StdoutLine: {'line': b'Copying ../../build/control/control.egg-info to /micro_ros_ws/wall_e_ws/install/control/lib/python3.10/site-packages/control-0.0.0-py3.10.egg-info\n'}
[1.549445] (control) StdoutLine: {'line': b'running install_scripts\n'}
[1.568833] (control) StdoutLine: {'line': b'Installing gamepad_node script to /micro_ros_ws/wall_e_ws/install/control/lib/control\n'}
[1.569299] (control) StdoutLine: {'line': b'Installing robot_control_node script to /micro_ros_ws/wall_e_ws/install/control/lib/control\n'}
[1.570092] (control) StdoutLine: {'line': b"writing list of installed files to '/micro_ros_ws/wall_e_ws/build/control/install.log'\n"}
[1.590184] (control) CommandEnded: {'returncode': 0}
[1.599198] (control) JobEnded: {'identifier': 'control', 'rc': 0}
[1.600144] (-) EventReactorShutdown: {}
