[0.149s] DEBUG:colcon:Command line arguments: ['/usr/bin/colcon', 'build', '--packages-select', 'custom_interfaces', 'control', 'feedback', 'localization', 'wall_e_description']
[0.149s] DEBUG:colcon:Parsed command line arguments: Namespace(log_base=None, log_level=None, verb_name='build', build_base='build', install_base='install', merge_install=False, symlink_install=False, test_result_base=None, continue_on_error=False, executor='parallel', parallel_workers=12, event_handlers=None, ignore_user_meta=False, metas=['./colcon.meta'], base_paths=['.'], packages_ignore=None, packages_ignore_regex=None, paths=None, packages_up_to=None, packages_up_to_regex=None, packages_above=None, packages_above_and_dependencies=None, packages_above_depth=None, packages_select_by_dep=None, packages_skip_by_dep=None, packages_skip_up_to=None, packages_select_build_failed=False, packages_skip_build_finished=False, packages_select_test_failures=False, packages_skip_test_passed=False, packages_select=['custom_interfaces', 'control', 'feedback', 'localization', 'wall_e_description'], packages_skip=None, packages_select_regex=None, packages_skip_regex=None, packages_start=None, packages_end=None, cmake_args=None, cmake_target=None, cmake_target_skip_unavailable=False, cmake_clean_cache=False, cmake_clean_first=False, cmake_force_configure=False, ament_cmake_args=None, catkin_cmake_args=None, catkin_skip_building_tests=False, mixin_files=None, mixin=None, verb_parser=<colcon_mixin.mixin.mixin_argument.MixinArgumentDecorator object at 0x760c8c6af8b0>, verb_extension=<colcon_core.verb.build.BuildVerb object at 0x760c8c6af340>, main=<bound method BuildVerb.main of <colcon_core.verb.build.BuildVerb object at 0x760c8c6af340>>, mixin_verb=('build',))
[0.249s] Level 1:colcon.colcon_core.package_discovery:discover_packages(colcon_meta) check parameters
[0.249s] INFO:colcon.colcon_metadata.package_discovery.colcon_meta:Using configuration from '/root/.colcon/metadata/default/Gazebo.meta'
[0.250s] INFO:colcon.colcon_metadata.package_discovery.colcon_meta:Using configuration from '/root/.colcon/metadata/default/fastdds.meta'
[0.250s] INFO:colcon.colcon_metadata.package_discovery.colcon_meta:Using configuration from '/root/.colcon/metadata/default/fastrtps.meta'
[0.250s] Level 1:colcon.colcon_core.package_discovery:discover_packages(recursive) check parameters
[0.250s] Level 1:colcon.colcon_core.package_discovery:discover_packages(ignore) check parameters
[0.250s] Level 1:colcon.colcon_core.package_discovery:discover_packages(path) check parameters
[0.250s] Level 1:colcon.colcon_core.package_discovery:discover_packages(colcon_meta) discover
[0.250s] Level 1:colcon.colcon_core.package_discovery:discover_packages(recursive) discover
[0.250s] INFO:colcon.colcon_core.package_discovery:Crawling recursively for packages in '/micro_ros_ws/wall_e_ws'
[0.251s] Level 1:colcon.colcon_core.package_identification:_identify(.) by extensions ['ignore', 'ignore_ament_install']
[0.251s] Level 1:colcon.colcon_core.package_identification:_identify(.) by extension 'ignore'
[0.251s] Level 1:colcon.colcon_core.package_identification:_identify(.) by extension 'ignore_ament_install'
[0.251s] Level 1:colcon.colcon_core.package_identification:_identify(.) by extensions ['colcon_pkg']
[0.251s] Level 1:colcon.colcon_core.package_identification:_identify(.) by extension 'colcon_pkg'
[0.251s] Level 1:colcon.colcon_core.package_identification:_identify(.) by extensions ['colcon_meta']
[0.251s] Level 1:colcon.colcon_core.package_identification:_identify(.) by extension 'colcon_meta'
[0.251s] Level 1:colcon.colcon_core.package_identification:_identify(.) by extensions ['ros']
[0.251s] Level 1:colcon.colcon_core.package_identification:_identify(.) by extension 'ros'
[0.263s] Level 1:colcon.colcon_core.package_identification:_identify(.) by extensions ['cmake', 'python']
[0.263s] Level 1:colcon.colcon_core.package_identification:_identify(.) by extension 'cmake'
[0.263s] Level 1:colcon.colcon_core.package_identification:_identify(.) by extension 'python'
[0.264s] Level 1:colcon.colcon_core.package_identification:_identify(.) by extensions ['python_setup_py']
[0.264s] Level 1:colcon.colcon_core.package_identification:_identify(.) by extension 'python_setup_py'
[0.264s] Level 1:colcon.colcon_core.package_identification:_identify(build) by extensions ['ignore', 'ignore_ament_install']
[0.264s] Level 1:colcon.colcon_core.package_identification:_identify(build) by extension 'ignore'
[0.264s] Level 1:colcon.colcon_core.package_identification:_identify(build) ignored
[0.264s] Level 1:colcon.colcon_core.package_identification:_identify(install) by extensions ['ignore', 'ignore_ament_install']
[0.264s] Level 1:colcon.colcon_core.package_identification:_identify(install) by extension 'ignore'
[0.264s] Level 1:colcon.colcon_core.package_identification:_identify(install) ignored
[0.265s] Level 1:colcon.colcon_core.package_identification:_identify(log) by extensions ['ignore', 'ignore_ament_install']
[0.265s] Level 1:colcon.colcon_core.package_identification:_identify(log) by extension 'ignore'
[0.265s] Level 1:colcon.colcon_core.package_identification:_identify(log) ignored
[0.265s] Level 1:colcon.colcon_core.package_identification:_identify(src) by extensions ['ignore', 'ignore_ament_install']
[0.265s] Level 1:colcon.colcon_core.package_identification:_identify(src) by extension 'ignore'
[0.265s] Level 1:colcon.colcon_core.package_identification:_identify(src) by extension 'ignore_ament_install'
[0.265s] Level 1:colcon.colcon_core.package_identification:_identify(src) by extensions ['colcon_pkg']
[0.265s] Level 1:colcon.colcon_core.package_identification:_identify(src) by extension 'colcon_pkg'
[0.266s] Level 1:colcon.colcon_core.package_identification:_identify(src) by extensions ['colcon_meta']
[0.266s] Level 1:colcon.colcon_core.package_identification:_identify(src) by extension 'colcon_meta'
[0.266s] Level 1:colcon.colcon_core.package_identification:_identify(src) by extensions ['ros']
[0.266s] Level 1:colcon.colcon_core.package_identification:_identify(src) by extension 'ros'
[0.266s] Level 1:colcon.colcon_core.package_identification:_identify(src) by extensions ['cmake', 'python']
[0.266s] Level 1:colcon.colcon_core.package_identification:_identify(src) by extension 'cmake'
[0.266s] Level 1:colcon.colcon_core.package_identification:_identify(src) by extension 'python'
[0.266s] Level 1:colcon.colcon_core.package_identification:_identify(src) by extensions ['python_setup_py']
[0.266s] Level 1:colcon.colcon_core.package_identification:_identify(src) by extension 'python_setup_py'
[0.266s] Level 1:colcon.colcon_core.package_identification:_identify(src/control) by extensions ['ignore', 'ignore_ament_install']
[0.267s] Level 1:colcon.colcon_core.package_identification:_identify(src/control) by extension 'ignore'
[0.267s] Level 1:colcon.colcon_core.package_identification:_identify(src/control) by extension 'ignore_ament_install'
[0.267s] Level 1:colcon.colcon_core.package_identification:_identify(src/control) by extensions ['colcon_pkg']
[0.267s] Level 1:colcon.colcon_core.package_identification:_identify(src/control) by extension 'colcon_pkg'
[0.267s] Level 1:colcon.colcon_core.package_identification:_identify(src/control) by extensions ['colcon_meta']
[0.267s] Level 1:colcon.colcon_core.package_identification:_identify(src/control) by extension 'colcon_meta'
[0.267s] Level 1:colcon.colcon_core.package_identification:_identify(src/control) by extensions ['ros']
[0.267s] Level 1:colcon.colcon_core.package_identification:_identify(src/control) by extension 'ros'
[0.269s] DEBUG:colcon.colcon_core.package_identification:Package 'src/control' with type 'ros.ament_python' and name 'control'
[0.270s] Level 1:colcon.colcon_core.package_identification:_identify(src/custom_interfaces) by extensions ['ignore', 'ignore_ament_install']
[0.270s] Level 1:colcon.colcon_core.package_identification:_identify(src/custom_interfaces) by extension 'ignore'
[0.270s] Level 1:colcon.colcon_core.package_identification:_identify(src/custom_interfaces) by extension 'ignore_ament_install'
[0.270s] Level 1:colcon.colcon_core.package_identification:_identify(src/custom_interfaces) by extensions ['colcon_pkg']
[0.270s] Level 1:colcon.colcon_core.package_identification:_identify(src/custom_interfaces) by extension 'colcon_pkg'
[0.270s] Level 1:colcon.colcon_core.package_identification:_identify(src/custom_interfaces) by extensions ['colcon_meta']
[0.270s] Level 1:colcon.colcon_core.package_identification:_identify(src/custom_interfaces) by extension 'colcon_meta'
[0.270s] Level 1:colcon.colcon_core.package_identification:_identify(src/custom_interfaces) by extensions ['ros']
[0.271s] Level 1:colcon.colcon_core.package_identification:_identify(src/custom_interfaces) by extension 'ros'
[0.271s] DEBUG:colcon.colcon_core.package_identification:Package 'src/custom_interfaces' with type 'ros.ament_cmake' and name 'custom_interfaces'
[0.272s] Level 1:colcon.colcon_core.package_identification:_identify(src/feedback) by extensions ['ignore', 'ignore_ament_install']
[0.272s] Level 1:colcon.colcon_core.package_identification:_identify(src/feedback) by extension 'ignore'
[0.272s] Level 1:colcon.colcon_core.package_identification:_identify(src/feedback) by extension 'ignore_ament_install'
[0.272s] Level 1:colcon.colcon_core.package_identification:_identify(src/feedback) by extensions ['colcon_pkg']
[0.272s] Level 1:colcon.colcon_core.package_identification:_identify(src/feedback) by extension 'colcon_pkg'
[0.272s] Level 1:colcon.colcon_core.package_identification:_identify(src/feedback) by extensions ['colcon_meta']
[0.272s] Level 1:colcon.colcon_core.package_identification:_identify(src/feedback) by extension 'colcon_meta'
[0.272s] Level 1:colcon.colcon_core.package_identification:_identify(src/feedback) by extensions ['ros']
[0.272s] Level 1:colcon.colcon_core.package_identification:_identify(src/feedback) by extension 'ros'
[0.273s] DEBUG:colcon.colcon_core.package_identification:Package 'src/feedback' with type 'ros.ament_python' and name 'feedback'
[0.273s] Level 1:colcon.colcon_core.package_identification:_identify(src/localization) by extensions ['ignore', 'ignore_ament_install']
[0.273s] Level 1:colcon.colcon_core.package_identification:_identify(src/localization) by extension 'ignore'
[0.274s] Level 1:colcon.colcon_core.package_identification:_identify(src/localization) by extension 'ignore_ament_install'
[0.274s] Level 1:colcon.colcon_core.package_identification:_identify(src/localization) by extensions ['colcon_pkg']
[0.274s] Level 1:colcon.colcon_core.package_identification:_identify(src/localization) by extension 'colcon_pkg'
[0.274s] Level 1:colcon.colcon_core.package_identification:_identify(src/localization) by extensions ['colcon_meta']
[0.274s] Level 1:colcon.colcon_core.package_identification:_identify(src/localization) by extension 'colcon_meta'
[0.274s] Level 1:colcon.colcon_core.package_identification:_identify(src/localization) by extensions ['ros']
[0.274s] Level 1:colcon.colcon_core.package_identification:_identify(src/localization) by extension 'ros'
[0.275s] DEBUG:colcon.colcon_core.package_identification:Package 'src/localization' with type 'ros.ament_python' and name 'localization'
[0.275s] Level 1:colcon.colcon_core.package_identification:_identify(src/wall_e_description) by extensions ['ignore', 'ignore_ament_install']
[0.275s] Level 1:colcon.colcon_core.package_identification:_identify(src/wall_e_description) by extension 'ignore'
[0.275s] Level 1:colcon.colcon_core.package_identification:_identify(src/wall_e_description) by extension 'ignore_ament_install'
[0.275s] Level 1:colcon.colcon_core.package_identification:_identify(src/wall_e_description) by extensions ['colcon_pkg']
[0.275s] Level 1:colcon.colcon_core.package_identification:_identify(src/wall_e_description) by extension 'colcon_pkg'
[0.275s] Level 1:colcon.colcon_core.package_identification:_identify(src/wall_e_description) by extensions ['colcon_meta']
[0.275s] Level 1:colcon.colcon_core.package_identification:_identify(src/wall_e_description) by extension 'colcon_meta'
[0.276s] Level 1:colcon.colcon_core.package_identification:_identify(src/wall_e_description) by extensions ['ros']
[0.276s] Level 1:colcon.colcon_core.package_identification:_identify(src/wall_e_description) by extension 'ros'
[0.276s] DEBUG:colcon.colcon_core.package_identification:Package 'src/wall_e_description' with type 'ros.ament_cmake' and name 'wall_e_description'
[0.276s] Level 1:colcon.colcon_core.package_discovery:discover_packages(recursive) using defaults
[0.276s] Level 1:colcon.colcon_core.package_discovery:discover_packages(ignore) discover
[0.276s] Level 1:colcon.colcon_core.package_discovery:discover_packages(ignore) using defaults
[0.276s] Level 1:colcon.colcon_core.package_discovery:discover_packages(path) discover
[0.276s] Level 1:colcon.colcon_core.package_discovery:discover_packages(path) using defaults
[0.295s] Level 5:colcon.colcon_core.verb:set package 'custom_interfaces' build argument 'cmake_args' from command line to 'None'
[0.295s] Level 5:colcon.colcon_core.verb:set package 'custom_interfaces' build argument 'cmake_target' from command line to 'None'
[0.295s] Level 5:colcon.colcon_core.verb:set package 'custom_interfaces' build argument 'cmake_target_skip_unavailable' from command line to 'False'
[0.295s] Level 5:colcon.colcon_core.verb:set package 'custom_interfaces' build argument 'cmake_clean_cache' from command line to 'False'
[0.295s] Level 5:colcon.colcon_core.verb:set package 'custom_interfaces' build argument 'cmake_clean_first' from command line to 'False'
[0.295s] Level 5:colcon.colcon_core.verb:set package 'custom_interfaces' build argument 'cmake_force_configure' from command line to 'False'
[0.295s] Level 5:colcon.colcon_core.verb:set package 'custom_interfaces' build argument 'ament_cmake_args' from command line to 'None'
[0.295s] Level 5:colcon.colcon_core.verb:set package 'custom_interfaces' build argument 'catkin_cmake_args' from command line to 'None'
[0.295s] Level 5:colcon.colcon_core.verb:set package 'custom_interfaces' build argument 'catkin_skip_building_tests' from command line to 'False'
[0.295s] DEBUG:colcon.colcon_core.verb:Building package 'custom_interfaces' with the following arguments: {'ament_cmake_args': None, 'build_base': '/micro_ros_ws/wall_e_ws/build/custom_interfaces', 'catkin_cmake_args': None, 'catkin_skip_building_tests': False, 'cmake_args': None, 'cmake_clean_cache': False, 'cmake_clean_first': False, 'cmake_force_configure': False, 'cmake_target': None, 'cmake_target_skip_unavailable': False, 'install_base': '/micro_ros_ws/wall_e_ws/install/custom_interfaces', 'merge_install': False, 'path': '/micro_ros_ws/wall_e_ws/src/custom_interfaces', 'symlink_install': False, 'test_result_base': None}
[0.296s] Level 5:colcon.colcon_core.verb:set package 'feedback' build argument 'cmake_args' from command line to 'None'
[0.296s] Level 5:colcon.colcon_core.verb:set package 'feedback' build argument 'cmake_target' from command line to 'None'
[0.296s] Level 5:colcon.colcon_core.verb:set package 'feedback' build argument 'cmake_target_skip_unavailable' from command line to 'False'
[0.296s] Level 5:colcon.colcon_core.verb:set package 'feedback' build argument 'cmake_clean_cache' from command line to 'False'
[0.296s] Level 5:colcon.colcon_core.verb:set package 'feedback' build argument 'cmake_clean_first' from command line to 'False'
[0.296s] Level 5:colcon.colcon_core.verb:set package 'feedback' build argument 'cmake_force_configure' from command line to 'False'
[0.296s] Level 5:colcon.colcon_core.verb:set package 'feedback' build argument 'ament_cmake_args' from command line to 'None'
[0.296s] Level 5:colcon.colcon_core.verb:set package 'feedback' build argument 'catkin_cmake_args' from command line to 'None'
[0.296s] Level 5:colcon.colcon_core.verb:set package 'feedback' build argument 'catkin_skip_building_tests' from command line to 'False'
[0.296s] DEBUG:colcon.colcon_core.verb:Building package 'feedback' with the following arguments: {'ament_cmake_args': None, 'build_base': '/micro_ros_ws/wall_e_ws/build/feedback', 'catkin_cmake_args': None, 'catkin_skip_building_tests': False, 'cmake_args': None, 'cmake_clean_cache': False, 'cmake_clean_first': False, 'cmake_force_configure': False, 'cmake_target': None, 'cmake_target_skip_unavailable': False, 'install_base': '/micro_ros_ws/wall_e_ws/install/feedback', 'merge_install': False, 'path': '/micro_ros_ws/wall_e_ws/src/feedback', 'symlink_install': False, 'test_result_base': None}
[0.296s] Level 5:colcon.colcon_core.verb:set package 'localization' build argument 'cmake_args' from command line to 'None'
[0.296s] Level 5:colcon.colcon_core.verb:set package 'localization' build argument 'cmake_target' from command line to 'None'
[0.296s] Level 5:colcon.colcon_core.verb:set package 'localization' build argument 'cmake_target_skip_unavailable' from command line to 'False'
[0.296s] Level 5:colcon.colcon_core.verb:set package 'localization' build argument 'cmake_clean_cache' from command line to 'False'
[0.296s] Level 5:colcon.colcon_core.verb:set package 'localization' build argument 'cmake_clean_first' from command line to 'False'
[0.296s] Level 5:colcon.colcon_core.verb:set package 'localization' build argument 'cmake_force_configure' from command line to 'False'
[0.296s] Level 5:colcon.colcon_core.verb:set package 'localization' build argument 'ament_cmake_args' from command line to 'None'
[0.296s] Level 5:colcon.colcon_core.verb:set package 'localization' build argument 'catkin_cmake_args' from command line to 'None'
[0.296s] Level 5:colcon.colcon_core.verb:set package 'localization' build argument 'catkin_skip_building_tests' from command line to 'False'
[0.296s] DEBUG:colcon.colcon_core.verb:Building package 'localization' with the following arguments: {'ament_cmake_args': None, 'build_base': '/micro_ros_ws/wall_e_ws/build/localization', 'catkin_cmake_args': None, 'catkin_skip_building_tests': False, 'cmake_args': None, 'cmake_clean_cache': False, 'cmake_clean_first': False, 'cmake_force_configure': False, 'cmake_target': None, 'cmake_target_skip_unavailable': False, 'install_base': '/micro_ros_ws/wall_e_ws/install/localization', 'merge_install': False, 'path': '/micro_ros_ws/wall_e_ws/src/localization', 'symlink_install': False, 'test_result_base': None}
[0.296s] Level 5:colcon.colcon_core.verb:set package 'wall_e_description' build argument 'cmake_args' from command line to 'None'
[0.296s] Level 5:colcon.colcon_core.verb:set package 'wall_e_description' build argument 'cmake_target' from command line to 'None'
[0.296s] Level 5:colcon.colcon_core.verb:set package 'wall_e_description' build argument 'cmake_target_skip_unavailable' from command line to 'False'
[0.296s] Level 5:colcon.colcon_core.verb:set package 'wall_e_description' build argument 'cmake_clean_cache' from command line to 'False'
[0.297s] Level 5:colcon.colcon_core.verb:set package 'wall_e_description' build argument 'cmake_clean_first' from command line to 'False'
[0.297s] Level 5:colcon.colcon_core.verb:set package 'wall_e_description' build argument 'cmake_force_configure' from command line to 'False'
[0.297s] Level 5:colcon.colcon_core.verb:set package 'wall_e_description' build argument 'ament_cmake_args' from command line to 'None'
[0.297s] Level 5:colcon.colcon_core.verb:set package 'wall_e_description' build argument 'catkin_cmake_args' from command line to 'None'
[0.297s] Level 5:colcon.colcon_core.verb:set package 'wall_e_description' build argument 'catkin_skip_building_tests' from command line to 'False'
[0.297s] DEBUG:colcon.colcon_core.verb:Building package 'wall_e_description' with the following arguments: {'ament_cmake_args': None, 'build_base': '/micro_ros_ws/wall_e_ws/build/wall_e_description', 'catkin_cmake_args': None, 'catkin_skip_building_tests': False, 'cmake_args': None, 'cmake_clean_cache': False, 'cmake_clean_first': False, 'cmake_force_configure': False, 'cmake_target': None, 'cmake_target_skip_unavailable': False, 'install_base': '/micro_ros_ws/wall_e_ws/install/wall_e_description', 'merge_install': False, 'path': '/micro_ros_ws/wall_e_ws/src/wall_e_description', 'symlink_install': False, 'test_result_base': None}
[0.297s] Level 5:colcon.colcon_core.verb:set package 'control' build argument 'cmake_args' from command line to 'None'
[0.297s] Level 5:colcon.colcon_core.verb:set package 'control' build argument 'cmake_target' from command line to 'None'
[0.297s] Level 5:colcon.colcon_core.verb:set package 'control' build argument 'cmake_target_skip_unavailable' from command line to 'False'
[0.297s] Level 5:colcon.colcon_core.verb:set package 'control' build argument 'cmake_clean_cache' from command line to 'False'
[0.297s] Level 5:colcon.colcon_core.verb:set package 'control' build argument 'cmake_clean_first' from command line to 'False'
[0.297s] Level 5:colcon.colcon_core.verb:set package 'control' build argument 'cmake_force_configure' from command line to 'False'
[0.297s] Level 5:colcon.colcon_core.verb:set package 'control' build argument 'ament_cmake_args' from command line to 'None'
[0.297s] Level 5:colcon.colcon_core.verb:set package 'control' build argument 'catkin_cmake_args' from command line to 'None'
[0.297s] Level 5:colcon.colcon_core.verb:set package 'control' build argument 'catkin_skip_building_tests' from command line to 'False'
[0.297s] DEBUG:colcon.colcon_core.verb:Building package 'control' with the following arguments: {'ament_cmake_args': None, 'build_base': '/micro_ros_ws/wall_e_ws/build/control', 'catkin_cmake_args': None, 'catkin_skip_building_tests': False, 'cmake_args': None, 'cmake_clean_cache': False, 'cmake_clean_first': False, 'cmake_force_configure': False, 'cmake_target': None, 'cmake_target_skip_unavailable': False, 'install_base': '/micro_ros_ws/wall_e_ws/install/control', 'merge_install': False, 'path': '/micro_ros_ws/wall_e_ws/src/control', 'symlink_install': False, 'test_result_base': None}
[0.297s] INFO:colcon.colcon_core.executor:Executing jobs using 'parallel' executor
[0.298s] DEBUG:colcon.colcon_parallel_executor.executor.parallel:run_until_complete
[0.298s] INFO:colcon.colcon_ros.task.ament_cmake.build:Building ROS package in '/micro_ros_ws/wall_e_ws/src/custom_interfaces' with build type 'ament_cmake'
[0.298s] INFO:colcon.colcon_cmake.task.cmake.build:Building CMake package in '/micro_ros_ws/wall_e_ws/src/custom_interfaces'
[0.300s] INFO:colcon.colcon_core.plugin_system:Skipping extension 'colcon_core.shell.bat': Not used on non-Windows systems
[0.300s] INFO:colcon.colcon_core.shell:Skip shell extension 'powershell' for command environment: Not usable outside of PowerShell
[0.300s] DEBUG:colcon.colcon_core.shell:Skip shell extension 'dsv' for command environment
[0.303s] INFO:colcon.colcon_ros.task.ament_python.build:Building ROS package in '/micro_ros_ws/wall_e_ws/src/feedback' with build type 'ament_python'
[0.303s] Level 1:colcon.colcon_core.shell:create_environment_hook('feedback', 'ament_prefix_path')
[0.303s] INFO:colcon.colcon_core.shell:Creating environment hook '/micro_ros_ws/wall_e_ws/install/feedback/share/feedback/hook/ament_prefix_path.ps1'
[0.304s] INFO:colcon.colcon_core.shell:Creating environment descriptor '/micro_ros_ws/wall_e_ws/install/feedback/share/feedback/hook/ament_prefix_path.dsv'
[0.305s] INFO:colcon.colcon_core.shell:Creating environment hook '/micro_ros_ws/wall_e_ws/install/feedback/share/feedback/hook/ament_prefix_path.sh'
[0.306s] INFO:colcon.colcon_core.shell:Skip shell extension 'powershell' for command environment: Not usable outside of PowerShell
[0.306s] DEBUG:colcon.colcon_core.shell:Skip shell extension 'dsv' for command environment
[0.308s] INFO:colcon.colcon_ros.task.ament_python.build:Building ROS package in '/micro_ros_ws/wall_e_ws/src/localization' with build type 'ament_python'
[0.308s] Level 1:colcon.colcon_core.shell:create_environment_hook('localization', 'ament_prefix_path')
[0.308s] INFO:colcon.colcon_core.shell:Creating environment hook '/micro_ros_ws/wall_e_ws/install/localization/share/localization/hook/ament_prefix_path.ps1'
[0.309s] INFO:colcon.colcon_core.shell:Creating environment descriptor '/micro_ros_ws/wall_e_ws/install/localization/share/localization/hook/ament_prefix_path.dsv'
[0.309s] INFO:colcon.colcon_core.shell:Creating environment hook '/micro_ros_ws/wall_e_ws/install/localization/share/localization/hook/ament_prefix_path.sh'
[0.310s] INFO:colcon.colcon_core.shell:Skip shell extension 'powershell' for command environment: Not usable outside of PowerShell
[0.310s] DEBUG:colcon.colcon_core.shell:Skip shell extension 'dsv' for command environment
[0.312s] INFO:colcon.colcon_ros.task.ament_cmake.build:Building ROS package in '/micro_ros_ws/wall_e_ws/src/wall_e_description' with build type 'ament_cmake'
[0.312s] INFO:colcon.colcon_cmake.task.cmake.build:Building CMake package in '/micro_ros_ws/wall_e_ws/src/wall_e_description'
[0.312s] INFO:colcon.colcon_core.shell:Skip shell extension 'powershell' for command environment: Not usable outside of PowerShell
[0.312s] DEBUG:colcon.colcon_core.shell:Skip shell extension 'dsv' for command environment
[0.319s] DEBUG:colcon.colcon_core.event_handler.log_command:Invoking command in '/micro_ros_ws/wall_e_ws/build/custom_interfaces': CMAKE_PREFIX_PATH=/opt/ros/humble /usr/bin/cmake --build /micro_ros_ws/wall_e_ws/build/custom_interfaces -- -j12 -l12
[0.527s] INFO:colcon.colcon_core.task.python.build:Building Python package in '/micro_ros_ws/wall_e_ws/src/feedback'
[0.527s] INFO:colcon.colcon_core.shell:Skip shell extension 'powershell' for command environment: Not usable outside of PowerShell
[0.527s] DEBUG:colcon.colcon_core.shell:Skip shell extension 'dsv' for command environment
[0.727s] INFO:colcon.colcon_core.task.python.build:Building Python package in '/micro_ros_ws/wall_e_ws/src/localization'
[0.728s] INFO:colcon.colcon_core.shell:Skip shell extension 'powershell' for command environment: Not usable outside of PowerShell
[0.728s] DEBUG:colcon.colcon_core.shell:Skip shell extension 'dsv' for command environment
[0.741s] DEBUG:colcon.colcon_core.event_handler.log_command:Invoking command in '/micro_ros_ws/wall_e_ws/build/wall_e_description': CMAKE_PREFIX_PATH=/opt/ros/humble /usr/bin/cmake --build /micro_ros_ws/wall_e_ws/build/wall_e_description -- -j12 -l12
[0.741s] DEBUG:colcon.colcon_core.event_handler.log_command:Invoked command in '/micro_ros_ws/wall_e_ws/build/custom_interfaces' returned '0': CMAKE_PREFIX_PATH=/opt/ros/humble /usr/bin/cmake --build /micro_ros_ws/wall_e_ws/build/custom_interfaces -- -j12 -l12
[0.743s] DEBUG:colcon.colcon_core.event_handler.log_command:Invoking command in '/micro_ros_ws/wall_e_ws/build/custom_interfaces': CMAKE_PREFIX_PATH=/opt/ros/humble /usr/bin/cmake --install /micro_ros_ws/wall_e_ws/build/custom_interfaces
[0.782s] DEBUG:colcon.colcon_core.event_handler.log_command:Invoked command in '/micro_ros_ws/wall_e_ws/build/wall_e_description' returned '0': CMAKE_PREFIX_PATH=/opt/ros/humble /usr/bin/cmake --build /micro_ros_ws/wall_e_ws/build/wall_e_description -- -j12 -l12
[0.785s] DEBUG:colcon.colcon_core.event_handler.log_command:Invoking command in '/micro_ros_ws/wall_e_ws/build/wall_e_description': CMAKE_PREFIX_PATH=/opt/ros/humble /usr/bin/cmake --install /micro_ros_ws/wall_e_ws/build/wall_e_description
[0.820s] Level 1:colcon.colcon_core.environment:create_environment_scripts_only(wall_e_description)
[0.820s] DEBUG:colcon.colcon_core.event_handler.log_command:Invoked command in '/micro_ros_ws/wall_e_ws/build/wall_e_description' returned '0': CMAKE_PREFIX_PATH=/opt/ros/humble /usr/bin/cmake --install /micro_ros_ws/wall_e_ws/build/wall_e_description
[0.826s] Level 1:colcon.colcon_core.environment:checking '/micro_ros_ws/wall_e_ws/install/wall_e_description' for CMake module files
[0.830s] Level 1:colcon.colcon_core.environment:checking '/micro_ros_ws/wall_e_ws/install/wall_e_description' for CMake config files
[0.832s] Level 1:colcon.colcon_core.shell:create_environment_hook('wall_e_description', 'cmake_prefix_path')
[0.833s] INFO:colcon.colcon_core.shell:Creating environment hook '/micro_ros_ws/wall_e_ws/install/wall_e_description/share/wall_e_description/hook/cmake_prefix_path.ps1'
[0.835s] INFO:colcon.colcon_core.shell:Creating environment descriptor '/micro_ros_ws/wall_e_ws/install/wall_e_description/share/wall_e_description/hook/cmake_prefix_path.dsv'
[0.836s] INFO:colcon.colcon_core.shell:Creating environment hook '/micro_ros_ws/wall_e_ws/install/wall_e_description/share/wall_e_description/hook/cmake_prefix_path.sh'
[0.838s] Level 1:colcon.colcon_core.environment:checking '/micro_ros_ws/wall_e_ws/install/wall_e_description/bin'
[0.839s] Level 1:colcon.colcon_core.environment:checking '/micro_ros_ws/wall_e_ws/install/wall_e_description/lib/pkgconfig/wall_e_description.pc'
[0.839s] Level 1:colcon.colcon_core.environment:checking '/micro_ros_ws/wall_e_ws/install/wall_e_description/lib/python3.10/site-packages'
[0.839s] Level 1:colcon.colcon_core.environment:checking '/micro_ros_ws/wall_e_ws/install/wall_e_description/bin'
[0.840s] INFO:colcon.colcon_core.shell:Creating package script '/micro_ros_ws/wall_e_ws/install/wall_e_description/share/wall_e_description/package.ps1'
[0.842s] INFO:colcon.colcon_core.shell:Creating package descriptor '/micro_ros_ws/wall_e_ws/install/wall_e_description/share/wall_e_description/package.dsv'
[0.843s] INFO:colcon.colcon_core.shell:Creating package script '/micro_ros_ws/wall_e_ws/install/wall_e_description/share/wall_e_description/package.sh'
[0.844s] INFO:colcon.colcon_core.shell:Creating package script '/micro_ros_ws/wall_e_ws/install/wall_e_description/share/wall_e_description/package.bash'
[0.845s] INFO:colcon.colcon_core.shell:Creating package script '/micro_ros_ws/wall_e_ws/install/wall_e_description/share/wall_e_description/package.zsh'
[0.846s] Level 1:colcon.colcon_core.environment:create_file_with_runtime_dependencies(/micro_ros_ws/wall_e_ws/install/wall_e_description/share/colcon-core/packages/wall_e_description)
[0.847s] Level 1:colcon.colcon_core.environment:create_environment_scripts_only(wall_e_description)
[0.848s] Level 1:colcon.colcon_core.environment:checking '/micro_ros_ws/wall_e_ws/install/wall_e_description' for CMake module files
[0.850s] Level 1:colcon.colcon_core.environment:checking '/micro_ros_ws/wall_e_ws/install/wall_e_description' for CMake config files
[0.852s] Level 1:colcon.colcon_core.shell:create_environment_hook('wall_e_description', 'cmake_prefix_path')
[0.852s] INFO:colcon.colcon_core.shell:Creating environment hook '/micro_ros_ws/wall_e_ws/install/wall_e_description/share/wall_e_description/hook/cmake_prefix_path.ps1'
[0.853s] INFO:colcon.colcon_core.shell:Creating environment descriptor '/micro_ros_ws/wall_e_ws/install/wall_e_description/share/wall_e_description/hook/cmake_prefix_path.dsv'
[0.853s] INFO:colcon.colcon_core.shell:Creating environment hook '/micro_ros_ws/wall_e_ws/install/wall_e_description/share/wall_e_description/hook/cmake_prefix_path.sh'
[0.854s] Level 1:colcon.colcon_core.environment:checking '/micro_ros_ws/wall_e_ws/install/wall_e_description/bin'
[0.855s] Level 1:colcon.colcon_core.environment:checking '/micro_ros_ws/wall_e_ws/install/wall_e_description/lib/pkgconfig/wall_e_description.pc'
[0.855s] Level 1:colcon.colcon_core.environment:checking '/micro_ros_ws/wall_e_ws/install/wall_e_description/lib/python3.10/site-packages'
[0.855s] Level 1:colcon.colcon_core.environment:checking '/micro_ros_ws/wall_e_ws/install/wall_e_description/bin'
[0.856s] INFO:colcon.colcon_core.shell:Creating package script '/micro_ros_ws/wall_e_ws/install/wall_e_description/share/wall_e_description/package.ps1'
[0.857s] INFO:colcon.colcon_core.shell:Creating package descriptor '/micro_ros_ws/wall_e_ws/install/wall_e_description/share/wall_e_description/package.dsv'
[0.858s] INFO:colcon.colcon_core.shell:Creating package script '/micro_ros_ws/wall_e_ws/install/wall_e_description/share/wall_e_description/package.sh'
[0.859s] INFO:colcon.colcon_core.shell:Creating package script '/micro_ros_ws/wall_e_ws/install/wall_e_description/share/wall_e_description/package.bash'
[0.859s] INFO:colcon.colcon_core.shell:Creating package script '/micro_ros_ws/wall_e_ws/install/wall_e_description/share/wall_e_description/package.zsh'
[0.860s] Level 1:colcon.colcon_core.environment:create_file_with_runtime_dependencies(/micro_ros_ws/wall_e_ws/install/wall_e_description/share/colcon-core/packages/wall_e_description)
[0.974s] Level 1:colcon.colcon_core.environment:create_environment_scripts_only(custom_interfaces)
[0.974s] Level 1:colcon.colcon_core.environment:checking '/micro_ros_ws/wall_e_ws/install/custom_interfaces' for CMake module files
[0.975s] DEBUG:colcon.colcon_core.event_handler.log_command:Invoked command in '/micro_ros_ws/wall_e_ws/build/custom_interfaces' returned '0': CMAKE_PREFIX_PATH=/opt/ros/humble /usr/bin/cmake --install /micro_ros_ws/wall_e_ws/build/custom_interfaces
[0.979s] Level 1:colcon.colcon_core.environment:checking '/micro_ros_ws/wall_e_ws/install/custom_interfaces' for CMake config files
[0.982s] Level 1:colcon.colcon_core.shell:create_environment_hook('custom_interfaces', 'cmake_prefix_path')
[0.983s] INFO:colcon.colcon_core.shell:Creating environment hook '/micro_ros_ws/wall_e_ws/install/custom_interfaces/share/custom_interfaces/hook/cmake_prefix_path.ps1'
[0.984s] INFO:colcon.colcon_core.shell:Creating environment descriptor '/micro_ros_ws/wall_e_ws/install/custom_interfaces/share/custom_interfaces/hook/cmake_prefix_path.dsv'
[0.984s] INFO:colcon.colcon_core.shell:Creating environment hook '/micro_ros_ws/wall_e_ws/install/custom_interfaces/share/custom_interfaces/hook/cmake_prefix_path.sh'
[0.985s] Level 1:colcon.colcon_core.environment:checking '/micro_ros_ws/wall_e_ws/install/custom_interfaces/lib'
[0.985s] Level 1:colcon.colcon_core.shell:create_environment_hook('custom_interfaces', 'ld_library_path_lib')
[0.986s] INFO:colcon.colcon_core.shell:Creating environment hook '/micro_ros_ws/wall_e_ws/install/custom_interfaces/share/custom_interfaces/hook/ld_library_path_lib.ps1'
[0.986s] INFO:colcon.colcon_core.shell:Creating environment descriptor '/micro_ros_ws/wall_e_ws/install/custom_interfaces/share/custom_interfaces/hook/ld_library_path_lib.dsv'
[0.987s] INFO:colcon.colcon_core.shell:Creating environment hook '/micro_ros_ws/wall_e_ws/install/custom_interfaces/share/custom_interfaces/hook/ld_library_path_lib.sh'
[0.988s] Level 1:colcon.colcon_core.environment:checking '/micro_ros_ws/wall_e_ws/install/custom_interfaces/bin'
[0.988s] Level 1:colcon.colcon_core.environment:checking '/micro_ros_ws/wall_e_ws/install/custom_interfaces/lib/pkgconfig/custom_interfaces.pc'
[0.988s] Level 1:colcon.colcon_core.environment:checking '/micro_ros_ws/wall_e_ws/install/custom_interfaces/lib/python3.10/site-packages'
[0.989s] Level 1:colcon.colcon_core.environment:checking '/micro_ros_ws/wall_e_ws/install/custom_interfaces/bin'
[0.989s] INFO:colcon.colcon_core.shell:Creating package script '/micro_ros_ws/wall_e_ws/install/custom_interfaces/share/custom_interfaces/package.ps1'
[0.990s] INFO:colcon.colcon_core.shell:Creating package descriptor '/micro_ros_ws/wall_e_ws/install/custom_interfaces/share/custom_interfaces/package.dsv'
[0.991s] INFO:colcon.colcon_core.shell:Creating package script '/micro_ros_ws/wall_e_ws/install/custom_interfaces/share/custom_interfaces/package.sh'
[0.992s] INFO:colcon.colcon_core.shell:Creating package script '/micro_ros_ws/wall_e_ws/install/custom_interfaces/share/custom_interfaces/package.bash'
[0.992s] INFO:colcon.colcon_core.shell:Creating package script '/micro_ros_ws/wall_e_ws/install/custom_interfaces/share/custom_interfaces/package.zsh'
[0.993s] Level 1:colcon.colcon_core.environment:create_file_with_runtime_dependencies(/micro_ros_ws/wall_e_ws/install/custom_interfaces/share/colcon-core/packages/custom_interfaces)
[0.994s] Level 1:colcon.colcon_core.environment:create_environment_scripts_only(custom_interfaces)
[0.994s] Level 1:colcon.colcon_core.environment:checking '/micro_ros_ws/wall_e_ws/install/custom_interfaces' for CMake module files
[0.998s] Level 1:colcon.colcon_core.environment:checking '/micro_ros_ws/wall_e_ws/install/custom_interfaces' for CMake config files
[1.004s] Level 1:colcon.colcon_core.shell:create_environment_hook('custom_interfaces', 'cmake_prefix_path')
[1.004s] INFO:colcon.colcon_core.shell:Creating environment hook '/micro_ros_ws/wall_e_ws/install/custom_interfaces/share/custom_interfaces/hook/cmake_prefix_path.ps1'
[1.006s] INFO:colcon.colcon_core.shell:Creating environment descriptor '/micro_ros_ws/wall_e_ws/install/custom_interfaces/share/custom_interfaces/hook/cmake_prefix_path.dsv'
[1.006s] INFO:colcon.colcon_core.shell:Creating environment hook '/micro_ros_ws/wall_e_ws/install/custom_interfaces/share/custom_interfaces/hook/cmake_prefix_path.sh'
[1.008s] Level 1:colcon.colcon_core.environment:checking '/micro_ros_ws/wall_e_ws/install/custom_interfaces/lib'
[1.008s] Level 1:colcon.colcon_core.shell:create_environment_hook('custom_interfaces', 'ld_library_path_lib')
[1.008s] INFO:colcon.colcon_core.shell:Creating environment hook '/micro_ros_ws/wall_e_ws/install/custom_interfaces/share/custom_interfaces/hook/ld_library_path_lib.ps1'
[1.009s] INFO:colcon.colcon_core.shell:Creating environment descriptor '/micro_ros_ws/wall_e_ws/install/custom_interfaces/share/custom_interfaces/hook/ld_library_path_lib.dsv'
[1.010s] INFO:colcon.colcon_core.shell:Creating environment hook '/micro_ros_ws/wall_e_ws/install/custom_interfaces/share/custom_interfaces/hook/ld_library_path_lib.sh'
[1.011s] Level 1:colcon.colcon_core.environment:checking '/micro_ros_ws/wall_e_ws/install/custom_interfaces/bin'
[1.011s] Level 1:colcon.colcon_core.environment:checking '/micro_ros_ws/wall_e_ws/install/custom_interfaces/lib/pkgconfig/custom_interfaces.pc'
[1.012s] Level 1:colcon.colcon_core.environment:checking '/micro_ros_ws/wall_e_ws/install/custom_interfaces/lib/python3.10/site-packages'
[1.012s] Level 1:colcon.colcon_core.environment:checking '/micro_ros_ws/wall_e_ws/install/custom_interfaces/bin'
[1.013s] INFO:colcon.colcon_core.shell:Creating package script '/micro_ros_ws/wall_e_ws/install/custom_interfaces/share/custom_interfaces/package.ps1'
[1.014s] INFO:colcon.colcon_core.shell:Creating package descriptor '/micro_ros_ws/wall_e_ws/install/custom_interfaces/share/custom_interfaces/package.dsv'
[1.015s] INFO:colcon.colcon_core.shell:Creating package script '/micro_ros_ws/wall_e_ws/install/custom_interfaces/share/custom_interfaces/package.sh'
[1.016s] INFO:colcon.colcon_core.shell:Creating package script '/micro_ros_ws/wall_e_ws/install/custom_interfaces/share/custom_interfaces/package.bash'
[1.017s] INFO:colcon.colcon_core.shell:Creating package script '/micro_ros_ws/wall_e_ws/install/custom_interfaces/share/custom_interfaces/package.zsh'
[1.018s] Level 1:colcon.colcon_core.environment:create_file_with_runtime_dependencies(/micro_ros_ws/wall_e_ws/install/custom_interfaces/share/colcon-core/packages/custom_interfaces)
[1.019s] INFO:colcon.colcon_ros.task.ament_python.build:Building ROS package in '/micro_ros_ws/wall_e_ws/src/control' with build type 'ament_python'
[1.019s] Level 1:colcon.colcon_core.shell:create_environment_hook('control', 'ament_prefix_path')
[1.019s] INFO:colcon.colcon_core.shell:Creating environment hook '/micro_ros_ws/wall_e_ws/install/control/share/control/hook/ament_prefix_path.ps1'
[1.021s] INFO:colcon.colcon_core.shell:Creating environment descriptor '/micro_ros_ws/wall_e_ws/install/control/share/control/hook/ament_prefix_path.dsv'
[1.022s] INFO:colcon.colcon_core.shell:Creating environment hook '/micro_ros_ws/wall_e_ws/install/control/share/control/hook/ament_prefix_path.sh'
[1.023s] INFO:colcon.colcon_core.shell:Skip shell extension 'powershell' for command environment: Not usable outside of PowerShell
[1.023s] DEBUG:colcon.colcon_core.shell:Skip shell extension 'dsv' for command environment
[1.260s] INFO:colcon.colcon_core.task.python.build:Building Python package in '/micro_ros_ws/wall_e_ws/src/control'
[1.260s] INFO:colcon.colcon_core.shell:Skip shell extension 'powershell' for command environment: Not usable outside of PowerShell
[1.260s] DEBUG:colcon.colcon_core.shell:Skip shell extension 'dsv' for command environment
[1.267s] DEBUG:colcon.colcon_core.event_handler.log_command:Invoking command in '/micro_ros_ws/wall_e_ws/src/feedback': PYTHONPATH=/micro_ros_ws/wall_e_ws/build/feedback/prefix_override:/usr/lib/python3/dist-packages/colcon_core/task/python/colcon_distutils_commands:/micro_ros_ws/wall_e_ws/install/feedback/lib/python3.10/site-packages:${PYTHONPATH} /usr/bin/python3 -W ignore:setup.py install is deprecated -W ignore:easy_install command is deprecated setup.py egg_info --egg-base ../../build/feedback build --build-base /micro_ros_ws/wall_e_ws/build/feedback/build install --record /micro_ros_ws/wall_e_ws/build/feedback/install.log --single-version-externally-managed install_data
[1.268s] DEBUG:colcon.colcon_core.event_handler.log_command:Invoking command in '/micro_ros_ws/wall_e_ws/src/localization': PYTHONPATH=/micro_ros_ws/wall_e_ws/build/localization/prefix_override:/usr/lib/python3/dist-packages/colcon_core/task/python/colcon_distutils_commands:/micro_ros_ws/wall_e_ws/install/localization/lib/python3.10/site-packages:${PYTHONPATH} /usr/bin/python3 -W ignore:setup.py install is deprecated -W ignore:easy_install command is deprecated setup.py egg_info --egg-base ../../build/localization build --build-base /micro_ros_ws/wall_e_ws/build/localization/build install --record /micro_ros_ws/wall_e_ws/build/localization/install.log --single-version-externally-managed install_data
[1.599s] Level 1:colcon.colcon_core.environment:checking '/micro_ros_ws/wall_e_ws/install/feedback' for CMake module files
[1.599s] DEBUG:colcon.colcon_core.event_handler.log_command:Invoked command in '/micro_ros_ws/wall_e_ws/src/feedback' returned '0': PYTHONPATH=/micro_ros_ws/wall_e_ws/build/feedback/prefix_override:/usr/lib/python3/dist-packages/colcon_core/task/python/colcon_distutils_commands:/micro_ros_ws/wall_e_ws/install/feedback/lib/python3.10/site-packages:${PYTHONPATH} /usr/bin/python3 -W ignore:setup.py install is deprecated -W ignore:easy_install command is deprecated setup.py egg_info --egg-base ../../build/feedback build --build-base /micro_ros_ws/wall_e_ws/build/feedback/build install --record /micro_ros_ws/wall_e_ws/build/feedback/install.log --single-version-externally-managed install_data
[1.601s] Level 1:colcon.colcon_core.environment:checking '/micro_ros_ws/wall_e_ws/install/feedback' for CMake config files
[1.604s] Level 1:colcon.colcon_core.environment:checking '/micro_ros_ws/wall_e_ws/install/feedback/lib'
[1.604s] Level 1:colcon.colcon_core.environment:checking '/micro_ros_ws/wall_e_ws/install/feedback/bin'
[1.604s] Level 1:colcon.colcon_core.environment:checking '/micro_ros_ws/wall_e_ws/install/feedback/lib/pkgconfig/feedback.pc'
[1.604s] Level 1:colcon.colcon_core.environment:checking '/micro_ros_ws/wall_e_ws/install/feedback/lib/python3.10/site-packages'
[1.604s] Level 1:colcon.colcon_core.shell:create_environment_hook('feedback', 'pythonpath')
[1.605s] INFO:colcon.colcon_core.shell:Creating environment hook '/micro_ros_ws/wall_e_ws/install/feedback/share/feedback/hook/pythonpath.ps1'
[1.605s] INFO:colcon.colcon_core.shell:Creating environment descriptor '/micro_ros_ws/wall_e_ws/install/feedback/share/feedback/hook/pythonpath.dsv'
[1.606s] INFO:colcon.colcon_core.shell:Creating environment hook '/micro_ros_ws/wall_e_ws/install/feedback/share/feedback/hook/pythonpath.sh'
[1.607s] Level 1:colcon.colcon_core.environment:checking '/micro_ros_ws/wall_e_ws/install/feedback/bin'
[1.607s] Level 1:colcon.colcon_core.environment:create_environment_scripts_only(feedback)
[1.607s] INFO:colcon.colcon_core.shell:Creating package script '/micro_ros_ws/wall_e_ws/install/feedback/share/feedback/package.ps1'
[1.608s] INFO:colcon.colcon_core.shell:Creating package descriptor '/micro_ros_ws/wall_e_ws/install/feedback/share/feedback/package.dsv'
[1.609s] INFO:colcon.colcon_core.shell:Creating package script '/micro_ros_ws/wall_e_ws/install/feedback/share/feedback/package.sh'
[1.609s] INFO:colcon.colcon_core.shell:Creating package script '/micro_ros_ws/wall_e_ws/install/feedback/share/feedback/package.bash'
[1.610s] INFO:colcon.colcon_core.shell:Creating package script '/micro_ros_ws/wall_e_ws/install/feedback/share/feedback/package.zsh'
[1.610s] Level 1:colcon.colcon_core.environment:create_file_with_runtime_dependencies(/micro_ros_ws/wall_e_ws/install/feedback/share/colcon-core/packages/feedback)
[1.625s] Level 1:colcon.colcon_core.environment:checking '/micro_ros_ws/wall_e_ws/install/localization' for CMake module files
[1.626s] DEBUG:colcon.colcon_core.event_handler.log_command:Invoked command in '/micro_ros_ws/wall_e_ws/src/localization' returned '0': PYTHONPATH=/micro_ros_ws/wall_e_ws/build/localization/prefix_override:/usr/lib/python3/dist-packages/colcon_core/task/python/colcon_distutils_commands:/micro_ros_ws/wall_e_ws/install/localization/lib/python3.10/site-packages:${PYTHONPATH} /usr/bin/python3 -W ignore:setup.py install is deprecated -W ignore:easy_install command is deprecated setup.py egg_info --egg-base ../../build/localization build --build-base /micro_ros_ws/wall_e_ws/build/localization/build install --record /micro_ros_ws/wall_e_ws/build/localization/install.log --single-version-externally-managed install_data
[1.628s] Level 1:colcon.colcon_core.environment:checking '/micro_ros_ws/wall_e_ws/install/localization' for CMake config files
[1.631s] Level 1:colcon.colcon_core.environment:checking '/micro_ros_ws/wall_e_ws/install/localization/lib'
[1.631s] Level 1:colcon.colcon_core.environment:checking '/micro_ros_ws/wall_e_ws/install/localization/bin'
[1.631s] Level 1:colcon.colcon_core.environment:checking '/micro_ros_ws/wall_e_ws/install/localization/lib/pkgconfig/localization.pc'
[1.632s] Level 1:colcon.colcon_core.environment:checking '/micro_ros_ws/wall_e_ws/install/localization/lib/python3.10/site-packages'
[1.632s] Level 1:colcon.colcon_core.shell:create_environment_hook('localization', 'pythonpath')
[1.632s] INFO:colcon.colcon_core.shell:Creating environment hook '/micro_ros_ws/wall_e_ws/install/localization/share/localization/hook/pythonpath.ps1'
[1.633s] INFO:colcon.colcon_core.shell:Creating environment descriptor '/micro_ros_ws/wall_e_ws/install/localization/share/localization/hook/pythonpath.dsv'
[1.634s] INFO:colcon.colcon_core.shell:Creating environment hook '/micro_ros_ws/wall_e_ws/install/localization/share/localization/hook/pythonpath.sh'
[1.635s] Level 1:colcon.colcon_core.environment:checking '/micro_ros_ws/wall_e_ws/install/localization/bin'
[1.636s] Level 1:colcon.colcon_core.environment:create_environment_scripts_only(localization)
[1.636s] INFO:colcon.colcon_core.shell:Creating package script '/micro_ros_ws/wall_e_ws/install/localization/share/localization/package.ps1'
[1.637s] INFO:colcon.colcon_core.shell:Creating package descriptor '/micro_ros_ws/wall_e_ws/install/localization/share/localization/package.dsv'
[1.638s] INFO:colcon.colcon_core.shell:Creating package script '/micro_ros_ws/wall_e_ws/install/localization/share/localization/package.sh'
[1.639s] INFO:colcon.colcon_core.shell:Creating package script '/micro_ros_ws/wall_e_ws/install/localization/share/localization/package.bash'
[1.640s] INFO:colcon.colcon_core.shell:Creating package script '/micro_ros_ws/wall_e_ws/install/localization/share/localization/package.zsh'
[1.641s] Level 1:colcon.colcon_core.environment:create_file_with_runtime_dependencies(/micro_ros_ws/wall_e_ws/install/localization/share/colcon-core/packages/localization)
[1.653s] DEBUG:colcon.colcon_core.event_handler.log_command:Invoking command in '/micro_ros_ws/wall_e_ws/src/control': AMENT_PREFIX_PATH=/micro_ros_ws/wall_e_ws/install/custom_interfaces:${AMENT_PREFIX_PATH} CMAKE_PREFIX_PATH=/micro_ros_ws/wall_e_ws/install/custom_interfaces LD_LIBRARY_PATH=/micro_ros_ws/wall_e_ws/install/custom_interfaces/lib:${LD_LIBRARY_PATH} PYTHONPATH=/micro_ros_ws/wall_e_ws/build/control/prefix_override:/usr/lib/python3/dist-packages/colcon_core/task/python/colcon_distutils_commands:/micro_ros_ws/wall_e_ws/install/control/lib/python3.10/site-packages:/micro_ros_ws/wall_e_ws/install/custom_interfaces/local/lib/python3.10/dist-packages:${PYTHONPATH} /usr/bin/python3 -W ignore:setup.py install is deprecated -W ignore:easy_install command is deprecated setup.py egg_info --egg-base ../../build/control build --build-base /micro_ros_ws/wall_e_ws/build/control/build install --record /micro_ros_ws/wall_e_ws/build/control/install.log --single-version-externally-managed install_data
[1.888s] Level 1:colcon.colcon_core.environment:checking '/micro_ros_ws/wall_e_ws/install/control' for CMake module files
[1.889s] DEBUG:colcon.colcon_core.event_handler.log_command:Invoked command in '/micro_ros_ws/wall_e_ws/src/control' returned '0': AMENT_PREFIX_PATH=/micro_ros_ws/wall_e_ws/install/custom_interfaces:${AMENT_PREFIX_PATH} CMAKE_PREFIX_PATH=/micro_ros_ws/wall_e_ws/install/custom_interfaces LD_LIBRARY_PATH=/micro_ros_ws/wall_e_ws/install/custom_interfaces/lib:${LD_LIBRARY_PATH} PYTHONPATH=/micro_ros_ws/wall_e_ws/build/control/prefix_override:/usr/lib/python3/dist-packages/colcon_core/task/python/colcon_distutils_commands:/micro_ros_ws/wall_e_ws/install/control/lib/python3.10/site-packages:/micro_ros_ws/wall_e_ws/install/custom_interfaces/local/lib/python3.10/dist-packages:${PYTHONPATH} /usr/bin/python3 -W ignore:setup.py install is deprecated -W ignore:easy_install command is deprecated setup.py egg_info --egg-base ../../build/control build --build-base /micro_ros_ws/wall_e_ws/build/control/build install --record /micro_ros_ws/wall_e_ws/build/control/install.log --single-version-externally-managed install_data
[1.890s] Level 1:colcon.colcon_core.environment:checking '/micro_ros_ws/wall_e_ws/install/control' for CMake config files
[1.892s] Level 1:colcon.colcon_core.environment:checking '/micro_ros_ws/wall_e_ws/install/control/lib'
[1.892s] Level 1:colcon.colcon_core.environment:checking '/micro_ros_ws/wall_e_ws/install/control/bin'
[1.892s] Level 1:colcon.colcon_core.environment:checking '/micro_ros_ws/wall_e_ws/install/control/lib/pkgconfig/control.pc'
[1.892s] Level 1:colcon.colcon_core.environment:checking '/micro_ros_ws/wall_e_ws/install/control/lib/python3.10/site-packages'
[1.892s] Level 1:colcon.colcon_core.shell:create_environment_hook('control', 'pythonpath')
[1.892s] INFO:colcon.colcon_core.shell:Creating environment hook '/micro_ros_ws/wall_e_ws/install/control/share/control/hook/pythonpath.ps1'
[1.893s] INFO:colcon.colcon_core.shell:Creating environment descriptor '/micro_ros_ws/wall_e_ws/install/control/share/control/hook/pythonpath.dsv'
[1.893s] INFO:colcon.colcon_core.shell:Creating environment hook '/micro_ros_ws/wall_e_ws/install/control/share/control/hook/pythonpath.sh'
[1.894s] Level 1:colcon.colcon_core.environment:checking '/micro_ros_ws/wall_e_ws/install/control/bin'
[1.894s] Level 1:colcon.colcon_core.environment:create_environment_scripts_only(control)
[1.894s] INFO:colcon.colcon_core.shell:Creating package script '/micro_ros_ws/wall_e_ws/install/control/share/control/package.ps1'
[1.895s] INFO:colcon.colcon_core.shell:Creating package descriptor '/micro_ros_ws/wall_e_ws/install/control/share/control/package.dsv'
[1.896s] INFO:colcon.colcon_core.shell:Creating package script '/micro_ros_ws/wall_e_ws/install/control/share/control/package.sh'
[1.896s] INFO:colcon.colcon_core.shell:Creating package script '/micro_ros_ws/wall_e_ws/install/control/share/control/package.bash'
[1.896s] INFO:colcon.colcon_core.shell:Creating package script '/micro_ros_ws/wall_e_ws/install/control/share/control/package.zsh'
[1.897s] Level 1:colcon.colcon_core.environment:create_file_with_runtime_dependencies(/micro_ros_ws/wall_e_ws/install/control/share/colcon-core/packages/control)
[1.897s] DEBUG:colcon.colcon_parallel_executor.executor.parallel:closing loop
[1.897s] DEBUG:colcon.colcon_parallel_executor.executor.parallel:loop closed
[1.898s] DEBUG:colcon.colcon_parallel_executor.executor.parallel:run_until_complete finished with '0'
[1.898s] DEBUG:colcon.colcon_core.event_reactor:joining thread
[1.904s] INFO:colcon.colcon_core.plugin_system:Skipping extension 'colcon_notification.desktop_notification.notify_send': Could not find 'notify-send'
[1.904s] INFO:colcon.colcon_core.plugin_system:Skipping extension 'colcon_notification.desktop_notification.terminal_notifier': Not used on non-Darwin systems
[1.904s] INFO:colcon.colcon_core.plugin_system:Skipping extension 'colcon_notification.desktop_notification.win32': Not used on non-Windows systems
[1.904s] INFO:colcon.colcon_notification.desktop_notification:Sending desktop notification using 'notify2'
[1.904s] DEBUG:colcon.colcon_notification.desktop_notification.notify2:Failed to initialize notify2: org.freedesktop.DBus.Error.NotSupported: Unable to autolaunch a dbus-daemon without a $DISPLAY for X11
[1.904s] DEBUG:colcon.colcon_core.event_reactor:joined thread
[1.905s] INFO:colcon.colcon_core.shell:Creating prefix script '/micro_ros_ws/wall_e_ws/install/local_setup.ps1'
[1.906s] INFO:colcon.colcon_core.shell:Creating prefix util module '/micro_ros_ws/wall_e_ws/install/_local_setup_util_ps1.py'
[1.909s] INFO:colcon.colcon_core.shell:Creating prefix chain script '/micro_ros_ws/wall_e_ws/install/setup.ps1'
[1.910s] INFO:colcon.colcon_core.shell:Creating prefix script '/micro_ros_ws/wall_e_ws/install/local_setup.sh'
[1.911s] INFO:colcon.colcon_core.shell:Creating prefix util module '/micro_ros_ws/wall_e_ws/install/_local_setup_util_sh.py'
[1.912s] INFO:colcon.colcon_core.shell:Creating prefix chain script '/micro_ros_ws/wall_e_ws/install/setup.sh'
[1.913s] INFO:colcon.colcon_core.shell:Creating prefix script '/micro_ros_ws/wall_e_ws/install/local_setup.bash'
[1.913s] INFO:colcon.colcon_core.shell:Creating prefix chain script '/micro_ros_ws/wall_e_ws/install/setup.bash'
[1.914s] INFO:colcon.colcon_core.shell:Creating prefix script '/micro_ros_ws/wall_e_ws/install/local_setup.zsh'
[1.915s] INFO:colcon.colcon_core.shell:Creating prefix chain script '/micro_ros_ws/wall_e_ws/install/setup.zsh'
