[0.015s] Invoking command in '/micro_ros_ws/wall_e_ws/build/custom_interfaces': /usr/bin/cmake --build /micro_ros_ws/wall_e_ws/build/custom_interfaces -- -j12 -l12
[0.340s] [  3%] Built target custom_interfaces__rs
[0.340s] [  6%] Built target custom_interfaces__cpp
[0.341s] [ 15%] Built target custom_interfaces__rosidl_generator_c
[0.341s] [ 25%] Built target custom_interfaces__rosidl_typesupport_cpp
[0.341s] [ 34%] Built target custom_interfaces__rosidl_typesupport_introspection_cpp
[0.341s] [ 43%] Built target custom_interfaces__rosidl_typesupport_c
[0.341s] [ 62%] Built target custom_interfaces__rosidl_typesupport_introspection_c
[0.341s] [ 62%] Built target custom_interfaces__rosidl_typesupport_fastrtps_c
[0.341s] [ 71%] Built target custom_interfaces__rosidl_typesupport_fastrtps_cpp
[0.341s] [ 71%] Built target ament_cmake_python_copy_custom_interfaces
[0.342s] [ 71%] Built target custom_interfaces
[0.342s] [ 75%] Built target custom_interfaces__py
[0.342s] [ 81%] Built target custom_interfaces__rosidl_generator_py
[0.343s] [ 87%] Built target custom_interfaces__rosidl_typesupport_c__pyext
[0.343s] [ 93%] Built target custom_interfaces__rosidl_typesupport_fastrtps_c__pyext
[0.343s] [100%] Built target custom_interfaces__rosidl_typesupport_introspection_c__pyext
[0.343s] running egg_info
[0.343s] writing custom_interfaces.egg-info/PKG-INFO
[0.343s] writing dependency_links to custom_interfaces.egg-info/dependency_links.txt
[0.344s] writing top-level names to custom_interfaces.egg-info/top_level.txt
[0.344s] reading manifest file 'custom_interfaces.egg-info/SOURCES.txt'
[0.344s] writing manifest file 'custom_interfaces.egg-info/SOURCES.txt'
[0.344s] [100%] Built target ament_cmake_python_build_custom_interfaces_egg
[0.345s] Invoked command in '/micro_ros_ws/wall_e_ws/build/custom_interfaces' returned '0': /usr/bin/cmake --build /micro_ros_ws/wall_e_ws/build/custom_interfaces -- -j12 -l12
[0.349s] Invoking command in '/micro_ros_ws/wall_e_ws/build/custom_interfaces': /usr/bin/cmake --install /micro_ros_ws/wall_e_ws/build/custom_interfaces
[0.355s] -- Install configuration: ""
[0.356s] -- Up-to-date: /micro_ros_ws/wall_e_ws/install/custom_interfaces/share/ament_index/resource_index/rosidl_interfaces/custom_interfaces
[0.356s] -- Up-to-date: /micro_ros_ws/wall_e_ws/install/custom_interfaces/include/custom_interfaces/custom_interfaces
[0.357s] -- Up-to-date: /micro_ros_ws/wall_e_ws/install/custom_interfaces/include/custom_interfaces/custom_interfaces/msg
[0.357s] -- Up-to-date: /micro_ros_ws/wall_e_ws/install/custom_interfaces/include/custom_interfaces/custom_interfaces/msg/detail
[0.358s] -- Up-to-date: /micro_ros_ws/wall_e_ws/install/custom_interfaces/include/custom_interfaces/custom_interfaces/msg/detail/gamepad__functions.c
[0.358s] -- Up-to-date: /micro_ros_ws/wall_e_ws/install/custom_interfaces/include/custom_interfaces/custom_interfaces/msg/detail/gamepad__functions.h
[0.359s] -- Up-to-date: /micro_ros_ws/wall_e_ws/install/custom_interfaces/include/custom_interfaces/custom_interfaces/msg/detail/gamepad__struct.h
[0.360s] -- Up-to-date: /micro_ros_ws/wall_e_ws/install/custom_interfaces/include/custom_interfaces/custom_interfaces/msg/detail/gamepad__type_support.h
[0.360s] -- Up-to-date: /micro_ros_ws/wall_e_ws/install/custom_interfaces/include/custom_interfaces/custom_interfaces/msg/gamepad.h
[0.361s] -- Up-to-date: /micro_ros_ws/wall_e_ws/install/custom_interfaces/include/custom_interfaces/custom_interfaces/msg/rosidl_generator_c__visibility_control.h
[0.362s] -- Up-to-date: /micro_ros_ws/wall_e_ws/install/custom_interfaces/share/custom_interfaces/environment/library_path.sh
[0.362s] -- Up-to-date: /micro_ros_ws/wall_e_ws/install/custom_interfaces/share/custom_interfaces/environment/library_path.dsv
[0.363s] -- Up-to-date: /micro_ros_ws/wall_e_ws/install/custom_interfaces/lib/libcustom_interfaces__rosidl_generator_c.so
[0.364s] -- Up-to-date: /micro_ros_ws/wall_e_ws/install/custom_interfaces/include/custom_interfaces/custom_interfaces
[0.365s] -- Up-to-date: /micro_ros_ws/wall_e_ws/install/custom_interfaces/include/custom_interfaces/custom_interfaces/msg
[0.365s] -- Up-to-date: /micro_ros_ws/wall_e_ws/install/custom_interfaces/include/custom_interfaces/custom_interfaces/msg/detail
[0.366s] -- Up-to-date: /micro_ros_ws/wall_e_ws/install/custom_interfaces/include/custom_interfaces/custom_interfaces/msg/detail/gamepad__rosidl_typesupport_fastrtps_c.h
[0.367s] -- Up-to-date: /micro_ros_ws/wall_e_ws/install/custom_interfaces/include/custom_interfaces/custom_interfaces/msg/rosidl_typesupport_fastrtps_c__visibility_control.h
[0.368s] -- Up-to-date: /micro_ros_ws/wall_e_ws/install/custom_interfaces/lib/libcustom_interfaces__rosidl_typesupport_fastrtps_c.so
[0.369s] -- Up-to-date: /micro_ros_ws/wall_e_ws/install/custom_interfaces/include/custom_interfaces/custom_interfaces
[0.369s] -- Up-to-date: /micro_ros_ws/wall_e_ws/install/custom_interfaces/include/custom_interfaces/custom_interfaces/msg
[0.370s] -- Up-to-date: /micro_ros_ws/wall_e_ws/install/custom_interfaces/include/custom_interfaces/custom_interfaces/msg/detail
[0.370s] -- Up-to-date: /micro_ros_ws/wall_e_ws/install/custom_interfaces/include/custom_interfaces/custom_interfaces/msg/detail/gamepad__rosidl_typesupport_introspection_c.h
[0.371s] -- Up-to-date: /micro_ros_ws/wall_e_ws/install/custom_interfaces/include/custom_interfaces/custom_interfaces/msg/detail/gamepad__type_support.c
[0.371s] -- Up-to-date: /micro_ros_ws/wall_e_ws/install/custom_interfaces/include/custom_interfaces/custom_interfaces/msg/rosidl_typesupport_introspection_c__visibility_control.h
[0.372s] -- Up-to-date: /micro_ros_ws/wall_e_ws/install/custom_interfaces/lib/libcustom_interfaces__rosidl_typesupport_introspection_c.so
[0.374s] -- Up-to-date: /micro_ros_ws/wall_e_ws/install/custom_interfaces/lib/libcustom_interfaces__rosidl_typesupport_c.so
[0.375s] -- Up-to-date: /micro_ros_ws/wall_e_ws/install/custom_interfaces/include/custom_interfaces/custom_interfaces
[0.375s] -- Up-to-date: /micro_ros_ws/wall_e_ws/install/custom_interfaces/include/custom_interfaces/custom_interfaces/msg
[0.376s] -- Up-to-date: /micro_ros_ws/wall_e_ws/install/custom_interfaces/include/custom_interfaces/custom_interfaces/msg/detail
[0.376s] -- Up-to-date: /micro_ros_ws/wall_e_ws/install/custom_interfaces/include/custom_interfaces/custom_interfaces/msg/detail/gamepad__builder.hpp
[0.377s] -- Up-to-date: /micro_ros_ws/wall_e_ws/install/custom_interfaces/include/custom_interfaces/custom_interfaces/msg/detail/gamepad__struct.hpp
[0.377s] -- Up-to-date: /micro_ros_ws/wall_e_ws/install/custom_interfaces/include/custom_interfaces/custom_interfaces/msg/detail/gamepad__traits.hpp
[0.378s] -- Up-to-date: /micro_ros_ws/wall_e_ws/install/custom_interfaces/include/custom_interfaces/custom_interfaces/msg/detail/gamepad__type_support.hpp
[0.379s] -- Up-to-date: /micro_ros_ws/wall_e_ws/install/custom_interfaces/include/custom_interfaces/custom_interfaces/msg/gamepad.hpp
[0.379s] -- Up-to-date: /micro_ros_ws/wall_e_ws/install/custom_interfaces/include/custom_interfaces/custom_interfaces/msg/rosidl_generator_cpp__visibility_control.hpp
[0.380s] -- Up-to-date: /micro_ros_ws/wall_e_ws/install/custom_interfaces/include/custom_interfaces/custom_interfaces
[0.381s] -- Up-to-date: /micro_ros_ws/wall_e_ws/install/custom_interfaces/include/custom_interfaces/custom_interfaces/msg
[0.381s] -- Up-to-date: /micro_ros_ws/wall_e_ws/install/custom_interfaces/include/custom_interfaces/custom_interfaces/msg/detail
[0.384s] -- Up-to-date: /micro_ros_ws/wall_e_ws/install/custom_interfaces/include/custom_interfaces/custom_interfaces/msg/detail/dds_fastrtps
[0.384s] -- Up-to-date: /micro_ros_ws/wall_e_ws/install/custom_interfaces/include/custom_interfaces/custom_interfaces/msg/detail/gamepad__rosidl_typesupport_fastrtps_cpp.hpp
[0.384s] -- Up-to-date: /micro_ros_ws/wall_e_ws/install/custom_interfaces/include/custom_interfaces/custom_interfaces/msg/rosidl_typesupport_fastrtps_cpp__visibility_control.h
[0.385s] -- Up-to-date: /micro_ros_ws/wall_e_ws/install/custom_interfaces/lib/libcustom_interfaces__rosidl_typesupport_fastrtps_cpp.so
[0.386s] -- Up-to-date: /micro_ros_ws/wall_e_ws/install/custom_interfaces/include/custom_interfaces/custom_interfaces
[0.387s] -- Up-to-date: /micro_ros_ws/wall_e_ws/install/custom_interfaces/include/custom_interfaces/custom_interfaces/msg
[0.388s] -- Up-to-date: /micro_ros_ws/wall_e_ws/install/custom_interfaces/include/custom_interfaces/custom_interfaces/msg/detail
[0.389s] -- Up-to-date: /micro_ros_ws/wall_e_ws/install/custom_interfaces/include/custom_interfaces/custom_interfaces/msg/detail/gamepad__rosidl_typesupport_introspection_cpp.hpp
[0.390s] -- Up-to-date: /micro_ros_ws/wall_e_ws/install/custom_interfaces/include/custom_interfaces/custom_interfaces/msg/detail/gamepad__type_support.cpp
[0.391s] -- Up-to-date: /micro_ros_ws/wall_e_ws/install/custom_interfaces/lib/libcustom_interfaces__rosidl_typesupport_introspection_cpp.so
[0.393s] -- Up-to-date: /micro_ros_ws/wall_e_ws/install/custom_interfaces/lib/libcustom_interfaces__rosidl_typesupport_cpp.so
[0.394s] -- Up-to-date: /micro_ros_ws/wall_e_ws/install/custom_interfaces/share/custom_interfaces/environment/pythonpath.sh
[0.395s] -- Up-to-date: /micro_ros_ws/wall_e_ws/install/custom_interfaces/share/custom_interfaces/environment/pythonpath.dsv
[0.396s] -- Up-to-date: /micro_ros_ws/wall_e_ws/install/custom_interfaces/local/lib/python3.10/dist-packages/custom_interfaces-0.0.0-py3.10.egg-info
[0.397s] -- Installing: /micro_ros_ws/wall_e_ws/install/custom_interfaces/local/lib/python3.10/dist-packages/custom_interfaces-0.0.0-py3.10.egg-info/dependency_links.txt
[0.399s] -- Installing: /micro_ros_ws/wall_e_ws/install/custom_interfaces/local/lib/python3.10/dist-packages/custom_interfaces-0.0.0-py3.10.egg-info/PKG-INFO
[0.402s] -- Installing: /micro_ros_ws/wall_e_ws/install/custom_interfaces/local/lib/python3.10/dist-packages/custom_interfaces-0.0.0-py3.10.egg-info/SOURCES.txt
[0.404s] -- Installing: /micro_ros_ws/wall_e_ws/install/custom_interfaces/local/lib/python3.10/dist-packages/custom_interfaces-0.0.0-py3.10.egg-info/top_level.txt
[0.406s] -- Up-to-date: /micro_ros_ws/wall_e_ws/install/custom_interfaces/local/lib/python3.10/dist-packages/custom_interfaces
[0.408s] -- Up-to-date: /micro_ros_ws/wall_e_ws/install/custom_interfaces/local/lib/python3.10/dist-packages/custom_interfaces/custom_interfaces_s__rosidl_typesupport_c.cpython-310-x86_64-linux-gnu.so
[0.409s] -- Up-to-date: /micro_ros_ws/wall_e_ws/install/custom_interfaces/local/lib/python3.10/dist-packages/custom_interfaces/custom_interfaces_s__rosidl_typesupport_fastrtps_c.cpython-310-x86_64-linux-gnu.so
[0.409s] -- Up-to-date: /micro_ros_ws/wall_e_ws/install/custom_interfaces/local/lib/python3.10/dist-packages/custom_interfaces/custom_interfaces_s__rosidl_typesupport_introspection_c.cpython-310-x86_64-linux-gnu.so
[0.409s] -- Up-to-date: /micro_ros_ws/wall_e_ws/install/custom_interfaces/local/lib/python3.10/dist-packages/custom_interfaces/libcustom_interfaces__rosidl_generator_py.so
[0.410s] -- Up-to-date: /micro_ros_ws/wall_e_ws/install/custom_interfaces/local/lib/python3.10/dist-packages/custom_interfaces/msg
[0.411s] -- Up-to-date: /micro_ros_ws/wall_e_ws/install/custom_interfaces/local/lib/python3.10/dist-packages/custom_interfaces/msg/_gamepad.py
[0.411s] -- Up-to-date: /micro_ros_ws/wall_e_ws/install/custom_interfaces/local/lib/python3.10/dist-packages/custom_interfaces/msg/_gamepad_s.c
[0.412s] -- Up-to-date: /micro_ros_ws/wall_e_ws/install/custom_interfaces/local/lib/python3.10/dist-packages/custom_interfaces/msg/__init__.py
[0.412s] -- Up-to-date: /micro_ros_ws/wall_e_ws/install/custom_interfaces/local/lib/python3.10/dist-packages/custom_interfaces/_custom_interfaces_s.ep.rosidl_typesupport_c.c
[0.413s] -- Up-to-date: /micro_ros_ws/wall_e_ws/install/custom_interfaces/local/lib/python3.10/dist-packages/custom_interfaces/_custom_interfaces_s.ep.rosidl_typesupport_fastrtps_c.c
[0.413s] -- Up-to-date: /micro_ros_ws/wall_e_ws/install/custom_interfaces/local/lib/python3.10/dist-packages/custom_interfaces/_custom_interfaces_s.ep.rosidl_typesupport_introspection_c.c
[0.414s] -- Up-to-date: /micro_ros_ws/wall_e_ws/install/custom_interfaces/local/lib/python3.10/dist-packages/custom_interfaces/__init__.py
[0.451s] Listing '/micro_ros_ws/wall_e_ws/install/custom_interfaces/local/lib/python3.10/dist-packages/custom_interfaces'...
[0.452s] Listing '/micro_ros_ws/wall_e_ws/install/custom_interfaces/local/lib/python3.10/dist-packages/custom_interfaces/msg'...
[0.459s] -- Up-to-date: /micro_ros_ws/wall_e_ws/install/custom_interfaces/local/lib/python3.10/dist-packages/custom_interfaces/custom_interfaces_s__rosidl_typesupport_fastrtps_c.cpython-310-x86_64-linux-gnu.so
[0.463s] -- Up-to-date: /micro_ros_ws/wall_e_ws/install/custom_interfaces/local/lib/python3.10/dist-packages/custom_interfaces/custom_interfaces_s__rosidl_typesupport_introspection_c.cpython-310-x86_64-linux-gnu.so
[0.466s] -- Up-to-date: /micro_ros_ws/wall_e_ws/install/custom_interfaces/local/lib/python3.10/dist-packages/custom_interfaces/custom_interfaces_s__rosidl_typesupport_c.cpython-310-x86_64-linux-gnu.so
[0.468s] -- Up-to-date: /micro_ros_ws/wall_e_ws/install/custom_interfaces/lib/libcustom_interfaces__rosidl_generator_py.so
[0.470s] -- Up-to-date: /micro_ros_ws/wall_e_ws/install/custom_interfaces/share/ament_index/resource_index/rust_packages/custom_interfaces
[0.471s] -- Up-to-date: /micro_ros_ws/wall_e_ws/install/custom_interfaces/share/custom_interfaces/rust
[0.471s] -- Up-to-date: /micro_ros_ws/wall_e_ws/install/custom_interfaces/share/custom_interfaces/rust/build.rs
[0.472s] -- Up-to-date: /micro_ros_ws/wall_e_ws/install/custom_interfaces/share/custom_interfaces/rust/Cargo.toml
[0.472s] -- Up-to-date: /micro_ros_ws/wall_e_ws/install/custom_interfaces/share/custom_interfaces/rust/src
[0.473s] -- Up-to-date: /micro_ros_ws/wall_e_ws/install/custom_interfaces/share/custom_interfaces/rust/src/lib.rs
[0.474s] -- Up-to-date: /micro_ros_ws/wall_e_ws/install/custom_interfaces/share/custom_interfaces/rust/src/msg
[0.475s] -- Up-to-date: /micro_ros_ws/wall_e_ws/install/custom_interfaces/share/custom_interfaces/rust/src/msg/rmw.rs
[0.476s] -- Up-to-date: /micro_ros_ws/wall_e_ws/install/custom_interfaces/share/custom_interfaces/rust/src/msg.rs
[0.477s] -- Up-to-date: /micro_ros_ws/wall_e_ws/install/custom_interfaces/share/custom_interfaces/msg/Gamepad.idl
[0.477s] -- Up-to-date: /micro_ros_ws/wall_e_ws/install/custom_interfaces/share/custom_interfaces/msg/Gamepad.msg
[0.478s] -- Up-to-date: /micro_ros_ws/wall_e_ws/install/custom_interfaces/share/ament_index/resource_index/package_run_dependencies/custom_interfaces
[0.479s] -- Up-to-date: /micro_ros_ws/wall_e_ws/install/custom_interfaces/share/ament_index/resource_index/parent_prefix_path/custom_interfaces
[0.480s] -- Up-to-date: /micro_ros_ws/wall_e_ws/install/custom_interfaces/share/custom_interfaces/environment/ament_prefix_path.sh
[0.480s] -- Up-to-date: /micro_ros_ws/wall_e_ws/install/custom_interfaces/share/custom_interfaces/environment/ament_prefix_path.dsv
[0.481s] -- Up-to-date: /micro_ros_ws/wall_e_ws/install/custom_interfaces/share/custom_interfaces/environment/path.sh
[0.482s] -- Up-to-date: /micro_ros_ws/wall_e_ws/install/custom_interfaces/share/custom_interfaces/environment/path.dsv
[0.482s] -- Up-to-date: /micro_ros_ws/wall_e_ws/install/custom_interfaces/share/custom_interfaces/local_setup.bash
[0.483s] -- Up-to-date: /micro_ros_ws/wall_e_ws/install/custom_interfaces/share/custom_interfaces/local_setup.sh
[0.483s] -- Up-to-date: /micro_ros_ws/wall_e_ws/install/custom_interfaces/share/custom_interfaces/local_setup.zsh
[0.484s] -- Up-to-date: /micro_ros_ws/wall_e_ws/install/custom_interfaces/share/custom_interfaces/local_setup.dsv
[0.484s] -- Installing: /micro_ros_ws/wall_e_ws/install/custom_interfaces/share/custom_interfaces/package.dsv
[0.486s] -- Up-to-date: /micro_ros_ws/wall_e_ws/install/custom_interfaces/share/ament_index/resource_index/packages/custom_interfaces
[0.487s] -- Up-to-date: /micro_ros_ws/wall_e_ws/install/custom_interfaces/share/custom_interfaces/cmake/export_custom_interfaces__rosidl_generator_cExport.cmake
[0.488s] -- Up-to-date: /micro_ros_ws/wall_e_ws/install/custom_interfaces/share/custom_interfaces/cmake/export_custom_interfaces__rosidl_generator_cExport-noconfig.cmake
[0.489s] -- Up-to-date: /micro_ros_ws/wall_e_ws/install/custom_interfaces/share/custom_interfaces/cmake/export_custom_interfaces__rosidl_typesupport_fastrtps_cExport.cmake
[0.490s] -- Up-to-date: /micro_ros_ws/wall_e_ws/install/custom_interfaces/share/custom_interfaces/cmake/export_custom_interfaces__rosidl_typesupport_fastrtps_cExport-noconfig.cmake
[0.491s] -- Up-to-date: /micro_ros_ws/wall_e_ws/install/custom_interfaces/share/custom_interfaces/cmake/custom_interfaces__rosidl_typesupport_introspection_cExport.cmake
[0.491s] -- Up-to-date: /micro_ros_ws/wall_e_ws/install/custom_interfaces/share/custom_interfaces/cmake/custom_interfaces__rosidl_typesupport_introspection_cExport-noconfig.cmake
[0.493s] -- Up-to-date: /micro_ros_ws/wall_e_ws/install/custom_interfaces/share/custom_interfaces/cmake/custom_interfaces__rosidl_typesupport_cExport.cmake
[0.493s] -- Up-to-date: /micro_ros_ws/wall_e_ws/install/custom_interfaces/share/custom_interfaces/cmake/custom_interfaces__rosidl_typesupport_cExport-noconfig.cmake
[0.494s] -- Up-to-date: /micro_ros_ws/wall_e_ws/install/custom_interfaces/share/custom_interfaces/cmake/export_custom_interfaces__rosidl_generator_cppExport.cmake
[0.495s] -- Up-to-date: /micro_ros_ws/wall_e_ws/install/custom_interfaces/share/custom_interfaces/cmake/export_custom_interfaces__rosidl_typesupport_fastrtps_cppExport.cmake
[0.496s] -- Up-to-date: /micro_ros_ws/wall_e_ws/install/custom_interfaces/share/custom_interfaces/cmake/export_custom_interfaces__rosidl_typesupport_fastrtps_cppExport-noconfig.cmake
[0.497s] -- Up-to-date: /micro_ros_ws/wall_e_ws/install/custom_interfaces/share/custom_interfaces/cmake/custom_interfaces__rosidl_typesupport_introspection_cppExport.cmake
[0.498s] -- Up-to-date: /micro_ros_ws/wall_e_ws/install/custom_interfaces/share/custom_interfaces/cmake/custom_interfaces__rosidl_typesupport_introspection_cppExport-noconfig.cmake
[0.499s] -- Up-to-date: /micro_ros_ws/wall_e_ws/install/custom_interfaces/share/custom_interfaces/cmake/custom_interfaces__rosidl_typesupport_cppExport.cmake
[0.500s] -- Up-to-date: /micro_ros_ws/wall_e_ws/install/custom_interfaces/share/custom_interfaces/cmake/custom_interfaces__rosidl_typesupport_cppExport-noconfig.cmake
[0.501s] -- Up-to-date: /micro_ros_ws/wall_e_ws/install/custom_interfaces/share/custom_interfaces/cmake/export_custom_interfaces__rosidl_generator_pyExport.cmake
[0.502s] -- Up-to-date: /micro_ros_ws/wall_e_ws/install/custom_interfaces/share/custom_interfaces/cmake/export_custom_interfaces__rosidl_generator_pyExport-noconfig.cmake
[0.502s] -- Up-to-date: /micro_ros_ws/wall_e_ws/install/custom_interfaces/share/custom_interfaces/cmake/rosidl_cmake-extras.cmake
[0.503s] -- Up-to-date: /micro_ros_ws/wall_e_ws/install/custom_interfaces/share/custom_interfaces/cmake/ament_cmake_export_dependencies-extras.cmake
[0.503s] -- Up-to-date: /micro_ros_ws/wall_e_ws/install/custom_interfaces/share/custom_interfaces/cmake/ament_cmake_export_include_directories-extras.cmake
[0.504s] -- Up-to-date: /micro_ros_ws/wall_e_ws/install/custom_interfaces/share/custom_interfaces/cmake/ament_cmake_export_libraries-extras.cmake
[0.505s] -- Up-to-date: /micro_ros_ws/wall_e_ws/install/custom_interfaces/share/custom_interfaces/cmake/ament_cmake_export_targets-extras.cmake
[0.505s] -- Up-to-date: /micro_ros_ws/wall_e_ws/install/custom_interfaces/share/custom_interfaces/cmake/rosidl_cmake_export_typesupport_targets-extras.cmake
[0.506s] -- Up-to-date: /micro_ros_ws/wall_e_ws/install/custom_interfaces/share/custom_interfaces/cmake/rosidl_cmake_export_typesupport_libraries-extras.cmake
[0.507s] -- Up-to-date: /micro_ros_ws/wall_e_ws/install/custom_interfaces/share/custom_interfaces/cmake/custom_interfacesConfig.cmake
[0.507s] -- Up-to-date: /micro_ros_ws/wall_e_ws/install/custom_interfaces/share/custom_interfaces/cmake/custom_interfacesConfig-version.cmake
[0.508s] -- Up-to-date: /micro_ros_ws/wall_e_ws/install/custom_interfaces/share/custom_interfaces/package.xml
[0.512s] Invoked command in '/micro_ros_ws/wall_e_ws/build/custom_interfaces' returned '0': /usr/bin/cmake --install /micro_ros_ws/wall_e_ws/build/custom_interfaces
