[0.918s] Invoking command in '/micro_ros_ws/firmware/mcu_ws/build/rmw_microxrcedds': AMENT_PREFIX_PATH=/micro_ros_ws/firmware/mcu_ws/install:${AMENT_PREFIX_PATH} CMAKE_PREFIX_PATH=/micro_ros_ws/firmware/mcu_ws/install:/micro_ros_ws/firmware/dev_ws/install/ament_lint_common:/micro_ros_ws/firmware/dev_ws/install/ament_cmake_uncrustify:/micro_ros_ws/firmware/dev_ws/install/uncrustify_vendor:/micro_ros_ws/firmware/dev_ws/install/ament_cmake_ros:/micro_ros_ws/firmware/dev_ws/install/ament_cmake_auto:/micro_ros_ws/firmware/dev_ws/install/ament_cmake_gmock:/micro_ros_ws/firmware/dev_ws/install/gmock_vendor:/micro_ros_ws/firmware/dev_ws/install/ament_cmake_gtest:/micro_ros_ws/firmware/dev_ws/install/gtest_vendor:/micro_ros_ws/firmware/dev_ws/install/ament_cmake_xmllint:/micro_ros_ws/firmware/dev_ws/install/ament_cmake_pyflakes:/micro_ros_ws/firmware/dev_ws/install/ament_cmake_pycodestyle:/micro_ros_ws/firmware/dev_ws/install/ament_cmake_pep257:/micro_ros_ws/firmware/dev_ws/install/ament_cmake_pclint:/micro_ros_ws/firmware/dev_ws/install/ament_lint_auto:/micro_ros_ws/firmware/dev_ws/install/ament_cmake:/micro_ros_ws/firmware/dev_ws/install/ament_cmake_version:/micro_ros_ws/firmware/dev_ws/install/ament_cmake_vendor_package:/micro_ros_ws/firmware/dev_ws/install/ament_cmake_pytest:/micro_ros_ws/firmware/dev_ws/install/ament_cmake_nose:/micro_ros_ws/firmware/dev_ws/install/ament_cmake_mypy:/micro_ros_ws/firmware/dev_ws/install/ament_cmake_lint_cmake:/micro_ros_ws/firmware/dev_ws/install/ament_cmake_google_benchmark:/micro_ros_ws/firmware/dev_ws/install/ament_cmake_flake8:/micro_ros_ws/firmware/dev_ws/install/ament_cmake_cpplint:/micro_ros_ws/firmware/dev_ws/install/ament_cmake_cppcheck:/micro_ros_ws/firmware/dev_ws/install/ament_cmake_copyright:/micro_ros_ws/firmware/dev_ws/install/ament_cmake_clang_tidy:/micro_ros_ws/firmware/dev_ws/install/ament_cmake_clang_format:/micro_ros_ws/firmware/dev_ws/install/ament_cmake_test:/micro_ros_ws/firmware/dev_ws/install/ament_cmake_target_dependencies:/micro_ros_ws/firmware/dev_ws/install/ament_cmake_python:/micro_ros_ws/firmware/dev_ws/install/ament_cmake_export_dependencies:/micro_ros_ws/firmware/dev_ws/install/ament_cmake_libraries:/micro_ros_ws/firmware/dev_ws/install/ament_cmake_include_directories:/micro_ros_ws/firmware/dev_ws/install/ament_cmake_gen_version_h:/micro_ros_ws/firmware/dev_ws/install/ament_cmake_export_targets:/micro_ros_ws/firmware/dev_ws/install/ament_cmake_export_link_flags:/micro_ros_ws/firmware/dev_ws/install/ament_cmake_export_interfaces:/micro_ros_ws/firmware/dev_ws/install/ament_cmake_export_libraries:/micro_ros_ws/firmware/dev_ws/install/ament_cmake_export_include_directories:/micro_ros_ws/firmware/dev_ws/install/ament_cmake_export_definitions:/micro_ros_ws/firmware/dev_ws/install/ament_cmake_core:/micro_ros_ws/firmware/dev_ws/install/ament_index_cpp:/micro_ros_ws/firmware/dev_ws/install/ament_uncrustify:/micro_ros_ws/firmware/dev_ws/install/domain_coordinator:/micro_ros_ws/firmware/dev_ws/install/ament_xmllint:/micro_ros_ws/firmware/dev_ws/install/ament_pyflakes:/micro_ros_ws/firmware/dev_ws/install/ament_pycodestyle:/micro_ros_ws/firmware/dev_ws/install/ament_pep257:/micro_ros_ws/firmware/dev_ws/install/ament_pclint:/micro_ros_ws/firmware/dev_ws/install/ament_package:/micro_ros_ws/firmware/dev_ws/install/ament_mypy:/micro_ros_ws/firmware/dev_ws/install/ament_lint_cmake:/micro_ros_ws/firmware/dev_ws/install/ament_flake8:/micro_ros_ws/firmware/dev_ws/install/ament_copyright:/micro_ros_ws/firmware/dev_ws/install/ament_lint:/micro_ros_ws/firmware/dev_ws/install/ament_index_python:/micro_ros_ws/firmware/dev_ws/install/ament_cpplint:/micro_ros_ws/firmware/dev_ws/install/ament_cppcheck:/micro_ros_ws/firmware/dev_ws/install/ament_clang_tidy:/micro_ros_ws/firmware/dev_ws/install/ament_clang_format LD_LIBRARY_PATH=/micro_ros_ws/firmware/mcu_ws/install/lib:${LD_LIBRARY_PATH} PATH=/micro_ros_ws/firmware/mcu_ws/install/bin:${PATH} PYTHONPATH=/micro_ros_ws/firmware/mcu_ws/install/lib/python3.10/site-packages:${PYTHONPATH} /usr/bin/cmake --build /micro_ros_ws/firmware/mcu_ws/build/rmw_microxrcedds -- -j12 -l12
[1.005s] gmake[4]: Entering directory '/micro_ros_ws/firmware/mcu_ws/build/rmw_microxrcedds'
[1.005s] /usr/bin/cmake -S/micro_ros_ws/firmware/mcu_ws/uros/rmw_microxrcedds/rmw_microxrcedds_c -B/micro_ros_ws/firmware/mcu_ws/build/rmw_microxrcedds --check-build-system CMakeFiles/Makefile.cmake 0
[1.081s] Re-run cmake file: Makefile older than: /micro_ros_ws/firmware/freertos_apps/microros_esp32_extensions/esp32_toolchain.cmake
[1.100s] -- Found ament_cmake_ros: 0.10.0 (/micro_ros_ws/firmware/dev_ws/install/ament_cmake_ros/share/ament_cmake_ros/cmake)
[2.103s] -- Found rcutils: 5.1.7 (/micro_ros_ws/firmware/mcu_ws/install/share/rcutils/cmake)
[2.130s] -- Found rosidl_runtime_c: 3.1.8 (/micro_ros_ws/firmware/mcu_ws/install/share/rosidl_runtime_c/cmake)
[2.204s] -- Found rmw: 6.1.2 (/micro_ros_ws/firmware/mcu_ws/install/share/rmw/cmake)
[2.234s] -- Found rosidl_typesupport_microxrcedds_c: 3.0.1 (/micro_ros_ws/firmware/mcu_ws/install/share/rosidl_typesupport_microxrcedds_c/cmake)
[2.253s] -- Found rosidl_adapter: 3.1.8 (/micro_ros_ws/firmware/mcu_ws/install/share/rosidl_adapter/cmake)
[2.820s] -- Configuring done
[3.023s] -- Generating done
[3.048s] -- Build files have been written to: /micro_ros_ws/firmware/mcu_ws/build/rmw_microxrcedds
[3.050s] /usr/bin/cmake -E cmake_progress_start /micro_ros_ws/firmware/mcu_ws/build/rmw_microxrcedds/CMakeFiles /micro_ros_ws/firmware/mcu_ws/build/rmw_microxrcedds//CMakeFiles/progress.marks
[3.077s] /usr/bin/gmake  -f CMakeFiles/Makefile2 all
[3.090s] gmake[5]: Entering directory '/micro_ros_ws/firmware/mcu_ws/build/rmw_microxrcedds'
[3.090s] /usr/bin/gmake  -f CMakeFiles/rmw_microxrcedds.dir/build.make CMakeFiles/rmw_microxrcedds.dir/depend
[3.102s] gmake[6]: Entering directory '/micro_ros_ws/firmware/mcu_ws/build/rmw_microxrcedds'
[3.103s] cd /micro_ros_ws/firmware/mcu_ws/build/rmw_microxrcedds && /usr/bin/cmake -E cmake_depends "Unix Makefiles" /micro_ros_ws/firmware/mcu_ws/uros/rmw_microxrcedds/rmw_microxrcedds_c /micro_ros_ws/firmware/mcu_ws/uros/rmw_microxrcedds/rmw_microxrcedds_c /micro_ros_ws/firmware/mcu_ws/build/rmw_microxrcedds /micro_ros_ws/firmware/mcu_ws/build/rmw_microxrcedds /micro_ros_ws/firmware/mcu_ws/build/rmw_microxrcedds/CMakeFiles/rmw_microxrcedds.dir/DependInfo.cmake --color=
[3.132s] Dependencies file "CMakeFiles/rmw_microxrcedds.dir/src/callbacks.c.obj.d" is newer than depends file "/micro_ros_ws/firmware/mcu_ws/build/rmw_microxrcedds/CMakeFiles/rmw_microxrcedds.dir/compiler_depend.internal".
[3.133s] Dependencies file "CMakeFiles/rmw_microxrcedds.dir/src/identifiers.c.obj.d" is newer than depends file "/micro_ros_ws/firmware/mcu_ws/build/rmw_microxrcedds/CMakeFiles/rmw_microxrcedds.dir/compiler_depend.internal".
[3.134s] Dependencies file "CMakeFiles/rmw_microxrcedds.dir/src/memory.c.obj.d" is newer than depends file "/micro_ros_ws/firmware/mcu_ws/build/rmw_microxrcedds/CMakeFiles/rmw_microxrcedds.dir/compiler_depend.internal".
[3.134s] Dependencies file "CMakeFiles/rmw_microxrcedds.dir/src/rmw_client.c.obj.d" is newer than depends file "/micro_ros_ws/firmware/mcu_ws/build/rmw_microxrcedds/CMakeFiles/rmw_microxrcedds.dir/compiler_depend.internal".
[3.135s] Dependencies file "CMakeFiles/rmw_microxrcedds.dir/src/rmw_compare_gids_equal.c.obj.d" is newer than depends file "/micro_ros_ws/firmware/mcu_ws/build/rmw_microxrcedds/CMakeFiles/rmw_microxrcedds.dir/compiler_depend.internal".
[3.136s] Dependencies file "CMakeFiles/rmw_microxrcedds.dir/src/rmw_count.c.obj.d" is newer than depends file "/micro_ros_ws/firmware/mcu_ws/build/rmw_microxrcedds/CMakeFiles/rmw_microxrcedds.dir/compiler_depend.internal".
[3.137s] Dependencies file "CMakeFiles/rmw_microxrcedds.dir/src/rmw_event.c.obj.d" is newer than depends file "/micro_ros_ws/firmware/mcu_ws/build/rmw_microxrcedds/CMakeFiles/rmw_microxrcedds.dir/compiler_depend.internal".
[3.137s] Dependencies file "CMakeFiles/rmw_microxrcedds.dir/src/rmw_event_callbacks.c.obj.d" is newer than depends file "/micro_ros_ws/firmware/mcu_ws/build/rmw_microxrcedds/CMakeFiles/rmw_microxrcedds.dir/compiler_depend.internal".
[3.138s] Dependencies file "CMakeFiles/rmw_microxrcedds.dir/src/rmw_features.c.obj.d" is newer than depends file "/micro_ros_ws/firmware/mcu_ws/build/rmw_microxrcedds/CMakeFiles/rmw_microxrcedds.dir/compiler_depend.internal".
[3.139s] Dependencies file "CMakeFiles/rmw_microxrcedds.dir/src/rmw_get_endpoint_network_flow.c.obj.d" is newer than depends file "/micro_ros_ws/firmware/mcu_ws/build/rmw_microxrcedds/CMakeFiles/rmw_microxrcedds.dir/compiler_depend.internal".
[3.139s] Dependencies file "CMakeFiles/rmw_microxrcedds.dir/src/rmw_get_gid_for_publisher.c.obj.d" is newer than depends file "/micro_ros_ws/firmware/mcu_ws/build/rmw_microxrcedds/CMakeFiles/rmw_microxrcedds.dir/compiler_depend.internal".
[3.140s] Dependencies file "CMakeFiles/rmw_microxrcedds.dir/src/rmw_get_implementation_identifier.c.obj.d" is newer than depends file "/micro_ros_ws/firmware/mcu_ws/build/rmw_microxrcedds/CMakeFiles/rmw_microxrcedds.dir/compiler_depend.internal".
[3.141s] Dependencies file "CMakeFiles/rmw_microxrcedds.dir/src/rmw_get_serialization_format.c.obj.d" is newer than depends file "/micro_ros_ws/firmware/mcu_ws/build/rmw_microxrcedds/CMakeFiles/rmw_microxrcedds.dir/compiler_depend.internal".
[3.142s] Dependencies file "CMakeFiles/rmw_microxrcedds.dir/src/rmw_get_topic_endpoint_info.c.obj.d" is newer than depends file "/micro_ros_ws/firmware/mcu_ws/build/rmw_microxrcedds/CMakeFiles/rmw_microxrcedds.dir/compiler_depend.internal".
[3.142s] Dependencies file "CMakeFiles/rmw_microxrcedds.dir/src/rmw_guard_condition.c.obj.d" is newer than depends file "/micro_ros_ws/firmware/mcu_ws/build/rmw_microxrcedds/CMakeFiles/rmw_microxrcedds.dir/compiler_depend.internal".
[3.143s] Dependencies file "CMakeFiles/rmw_microxrcedds.dir/src/rmw_init.c.obj.d" is newer than depends file "/micro_ros_ws/firmware/mcu_ws/build/rmw_microxrcedds/CMakeFiles/rmw_microxrcedds.dir/compiler_depend.internal".
[3.144s] Dependencies file "CMakeFiles/rmw_microxrcedds.dir/src/rmw_logging.c.obj.d" is newer than depends file "/micro_ros_ws/firmware/mcu_ws/build/rmw_microxrcedds/CMakeFiles/rmw_microxrcedds.dir/compiler_depend.internal".
[3.145s] Dependencies file "CMakeFiles/rmw_microxrcedds.dir/src/rmw_microros/continous_serialization.c.obj.d" is newer than depends file "/micro_ros_ws/firmware/mcu_ws/build/rmw_microxrcedds/CMakeFiles/rmw_microxrcedds.dir/compiler_depend.internal".
[3.145s] Dependencies file "CMakeFiles/rmw_microxrcedds.dir/src/rmw_microros/discovery.c.obj.d" is newer than depends file "/micro_ros_ws/firmware/mcu_ws/build/rmw_microxrcedds/CMakeFiles/rmw_microxrcedds.dir/compiler_depend.internal".
[3.146s] Dependencies file "CMakeFiles/rmw_microxrcedds.dir/src/rmw_microros/init_options.c.obj.d" is newer than depends file "/micro_ros_ws/firmware/mcu_ws/build/rmw_microxrcedds/CMakeFiles/rmw_microxrcedds.dir/compiler_depend.internal".
[3.147s] Dependencies file "CMakeFiles/rmw_microxrcedds.dir/src/rmw_microros/ping.c.obj.d" is newer than depends file "/micro_ros_ws/firmware/mcu_ws/build/rmw_microxrcedds/CMakeFiles/rmw_microxrcedds.dir/compiler_depend.internal".
[3.148s] Dependencies file "CMakeFiles/rmw_microxrcedds.dir/src/rmw_microros/time_sync.c.obj.d" is newer than depends file "/micro_ros_ws/firmware/mcu_ws/build/rmw_microxrcedds/CMakeFiles/rmw_microxrcedds.dir/compiler_depend.internal".
[3.148s] Dependencies file "CMakeFiles/rmw_microxrcedds.dir/src/rmw_microros/timing.c.obj.d" is newer than depends file "/micro_ros_ws/firmware/mcu_ws/build/rmw_microxrcedds/CMakeFiles/rmw_microxrcedds.dir/compiler_depend.internal".
[3.149s] Dependencies file "CMakeFiles/rmw_microxrcedds.dir/src/rmw_microxrcedds_topic.c.obj.d" is newer than depends file "/micro_ros_ws/firmware/mcu_ws/build/rmw_microxrcedds/CMakeFiles/rmw_microxrcedds.dir/compiler_depend.internal".
[3.150s] Dependencies file "CMakeFiles/rmw_microxrcedds.dir/src/rmw_node.c.obj.d" is newer than depends file "/micro_ros_ws/firmware/mcu_ws/build/rmw_microxrcedds/CMakeFiles/rmw_microxrcedds.dir/compiler_depend.internal".
[3.151s] Dependencies file "CMakeFiles/rmw_microxrcedds.dir/src/rmw_node_info_and_types.c.obj.d" is newer than depends file "/micro_ros_ws/firmware/mcu_ws/build/rmw_microxrcedds/CMakeFiles/rmw_microxrcedds.dir/compiler_depend.internal".
[3.151s] Dependencies file "CMakeFiles/rmw_microxrcedds.dir/src/rmw_node_names.c.obj.d" is newer than depends file "/micro_ros_ws/firmware/mcu_ws/build/rmw_microxrcedds/CMakeFiles/rmw_microxrcedds.dir/compiler_depend.internal".
[3.152s] Dependencies file "CMakeFiles/rmw_microxrcedds.dir/src/rmw_publish.c.obj.d" is newer than depends file "/micro_ros_ws/firmware/mcu_ws/build/rmw_microxrcedds/CMakeFiles/rmw_microxrcedds.dir/compiler_depend.internal".
[3.153s] Dependencies file "CMakeFiles/rmw_microxrcedds.dir/src/rmw_publisher.c.obj.d" is newer than depends file "/micro_ros_ws/firmware/mcu_ws/build/rmw_microxrcedds/CMakeFiles/rmw_microxrcedds.dir/compiler_depend.internal".
[3.153s] Dependencies file "CMakeFiles/rmw_microxrcedds.dir/src/rmw_qos_profile_check_compatible.c.obj.d" is newer than depends file "/micro_ros_ws/firmware/mcu_ws/build/rmw_microxrcedds/CMakeFiles/rmw_microxrcedds.dir/compiler_depend.internal".
[3.154s] Dependencies file "CMakeFiles/rmw_microxrcedds.dir/src/rmw_request.c.obj.d" is newer than depends file "/micro_ros_ws/firmware/mcu_ws/build/rmw_microxrcedds/CMakeFiles/rmw_microxrcedds.dir/compiler_depend.internal".
[3.155s] Dependencies file "CMakeFiles/rmw_microxrcedds.dir/src/rmw_response.c.obj.d" is newer than depends file "/micro_ros_ws/firmware/mcu_ws/build/rmw_microxrcedds/CMakeFiles/rmw_microxrcedds.dir/compiler_depend.internal".
[3.155s] Dependencies file "CMakeFiles/rmw_microxrcedds.dir/src/rmw_serialize.c.obj.d" is newer than depends file "/micro_ros_ws/firmware/mcu_ws/build/rmw_microxrcedds/CMakeFiles/rmw_microxrcedds.dir/compiler_depend.internal".
[3.156s] Dependencies file "CMakeFiles/rmw_microxrcedds.dir/src/rmw_service.c.obj.d" is newer than depends file "/micro_ros_ws/firmware/mcu_ws/build/rmw_microxrcedds/CMakeFiles/rmw_microxrcedds.dir/compiler_depend.internal".
[3.157s] Dependencies file "CMakeFiles/rmw_microxrcedds.dir/src/rmw_service_names_and_types.c.obj.d" is newer than depends file "/micro_ros_ws/firmware/mcu_ws/build/rmw_microxrcedds/CMakeFiles/rmw_microxrcedds.dir/compiler_depend.internal".
[3.157s] Dependencies file "CMakeFiles/rmw_microxrcedds.dir/src/rmw_service_server_is_available.c.obj.d" is newer than depends file "/micro_ros_ws/firmware/mcu_ws/build/rmw_microxrcedds/CMakeFiles/rmw_microxrcedds.dir/compiler_depend.internal".
[3.158s] Dependencies file "CMakeFiles/rmw_microxrcedds.dir/src/rmw_subscription.c.obj.d" is newer than depends file "/micro_ros_ws/firmware/mcu_ws/build/rmw_microxrcedds/CMakeFiles/rmw_microxrcedds.dir/compiler_depend.internal".
[3.159s] Dependencies file "CMakeFiles/rmw_microxrcedds.dir/src/rmw_take.c.obj.d" is newer than depends file "/micro_ros_ws/firmware/mcu_ws/build/rmw_microxrcedds/CMakeFiles/rmw_microxrcedds.dir/compiler_depend.internal".
[3.160s] Dependencies file "CMakeFiles/rmw_microxrcedds.dir/src/rmw_topic_names_and_types.c.obj.d" is newer than depends file "/micro_ros_ws/firmware/mcu_ws/build/rmw_microxrcedds/CMakeFiles/rmw_microxrcedds.dir/compiler_depend.internal".
[3.160s] Dependencies file "CMakeFiles/rmw_microxrcedds.dir/src/rmw_trigger_guard_condition.c.obj.d" is newer than depends file "/micro_ros_ws/firmware/mcu_ws/build/rmw_microxrcedds/CMakeFiles/rmw_microxrcedds.dir/compiler_depend.internal".
[3.161s] Dependencies file "CMakeFiles/rmw_microxrcedds.dir/src/rmw_uxrce_transports.c.obj.d" is newer than depends file "/micro_ros_ws/firmware/mcu_ws/build/rmw_microxrcedds/CMakeFiles/rmw_microxrcedds.dir/compiler_depend.internal".
[3.162s] Dependencies file "CMakeFiles/rmw_microxrcedds.dir/src/rmw_wait.c.obj.d" is newer than depends file "/micro_ros_ws/firmware/mcu_ws/build/rmw_microxrcedds/CMakeFiles/rmw_microxrcedds.dir/compiler_depend.internal".
[3.162s] Dependencies file "CMakeFiles/rmw_microxrcedds.dir/src/rmw_wait_set.c.obj.d" is newer than depends file "/micro_ros_ws/firmware/mcu_ws/build/rmw_microxrcedds/CMakeFiles/rmw_microxrcedds.dir/compiler_depend.internal".
[3.163s] Dependencies file "CMakeFiles/rmw_microxrcedds.dir/src/types.c.obj.d" is newer than depends file "/micro_ros_ws/firmware/mcu_ws/build/rmw_microxrcedds/CMakeFiles/rmw_microxrcedds.dir/compiler_depend.internal".
[3.164s] Dependencies file "CMakeFiles/rmw_microxrcedds.dir/src/utils.c.obj.d" is newer than depends file "/micro_ros_ws/firmware/mcu_ws/build/rmw_microxrcedds/CMakeFiles/rmw_microxrcedds.dir/compiler_depend.internal".
[3.164s] [35m[1mConsolidate compiler generated dependencies of target rmw_microxrcedds[0m
[3.630s] gmake[6]: Leaving directory '/micro_ros_ws/firmware/mcu_ws/build/rmw_microxrcedds'
[3.631s] /usr/bin/gmake  -f CMakeFiles/rmw_microxrcedds.dir/build.make CMakeFiles/rmw_microxrcedds.dir/build
[3.728s] gmake[6]: Entering directory '/micro_ros_ws/firmware/mcu_ws/build/rmw_microxrcedds'
[3.729s] gmake[6]: Nothing to be done for 'CMakeFiles/rmw_microxrcedds.dir/build'.
[3.729s] gmake[6]: Leaving directory '/micro_ros_ws/firmware/mcu_ws/build/rmw_microxrcedds'
[3.773s] [100%] Built target rmw_microxrcedds
[3.774s] gmake[5]: Leaving directory '/micro_ros_ws/firmware/mcu_ws/build/rmw_microxrcedds'
[3.775s] /usr/bin/cmake -E cmake_progress_start /micro_ros_ws/firmware/mcu_ws/build/rmw_microxrcedds/CMakeFiles 0
[3.832s] gmake[4]: Leaving directory '/micro_ros_ws/firmware/mcu_ws/build/rmw_microxrcedds'
[3.835s] Invoked command in '/micro_ros_ws/firmware/mcu_ws/build/rmw_microxrcedds' returned '0': AMENT_PREFIX_PATH=/micro_ros_ws/firmware/mcu_ws/install:${AMENT_PREFIX_PATH} CMAKE_PREFIX_PATH=/micro_ros_ws/firmware/mcu_ws/install:/micro_ros_ws/firmware/dev_ws/install/ament_lint_common:/micro_ros_ws/firmware/dev_ws/install/ament_cmake_uncrustify:/micro_ros_ws/firmware/dev_ws/install/uncrustify_vendor:/micro_ros_ws/firmware/dev_ws/install/ament_cmake_ros:/micro_ros_ws/firmware/dev_ws/install/ament_cmake_auto:/micro_ros_ws/firmware/dev_ws/install/ament_cmake_gmock:/micro_ros_ws/firmware/dev_ws/install/gmock_vendor:/micro_ros_ws/firmware/dev_ws/install/ament_cmake_gtest:/micro_ros_ws/firmware/dev_ws/install/gtest_vendor:/micro_ros_ws/firmware/dev_ws/install/ament_cmake_xmllint:/micro_ros_ws/firmware/dev_ws/install/ament_cmake_pyflakes:/micro_ros_ws/firmware/dev_ws/install/ament_cmake_pycodestyle:/micro_ros_ws/firmware/dev_ws/install/ament_cmake_pep257:/micro_ros_ws/firmware/dev_ws/install/ament_cmake_pclint:/micro_ros_ws/firmware/dev_ws/install/ament_lint_auto:/micro_ros_ws/firmware/dev_ws/install/ament_cmake:/micro_ros_ws/firmware/dev_ws/install/ament_cmake_version:/micro_ros_ws/firmware/dev_ws/install/ament_cmake_vendor_package:/micro_ros_ws/firmware/dev_ws/install/ament_cmake_pytest:/micro_ros_ws/firmware/dev_ws/install/ament_cmake_nose:/micro_ros_ws/firmware/dev_ws/install/ament_cmake_mypy:/micro_ros_ws/firmware/dev_ws/install/ament_cmake_lint_cmake:/micro_ros_ws/firmware/dev_ws/install/ament_cmake_google_benchmark:/micro_ros_ws/firmware/dev_ws/install/ament_cmake_flake8:/micro_ros_ws/firmware/dev_ws/install/ament_cmake_cpplint:/micro_ros_ws/firmware/dev_ws/install/ament_cmake_cppcheck:/micro_ros_ws/firmware/dev_ws/install/ament_cmake_copyright:/micro_ros_ws/firmware/dev_ws/install/ament_cmake_clang_tidy:/micro_ros_ws/firmware/dev_ws/install/ament_cmake_clang_format:/micro_ros_ws/firmware/dev_ws/install/ament_cmake_test:/micro_ros_ws/firmware/dev_ws/install/ament_cmake_target_dependencies:/micro_ros_ws/firmware/dev_ws/install/ament_cmake_python:/micro_ros_ws/firmware/dev_ws/install/ament_cmake_export_dependencies:/micro_ros_ws/firmware/dev_ws/install/ament_cmake_libraries:/micro_ros_ws/firmware/dev_ws/install/ament_cmake_include_directories:/micro_ros_ws/firmware/dev_ws/install/ament_cmake_gen_version_h:/micro_ros_ws/firmware/dev_ws/install/ament_cmake_export_targets:/micro_ros_ws/firmware/dev_ws/install/ament_cmake_export_link_flags:/micro_ros_ws/firmware/dev_ws/install/ament_cmake_export_interfaces:/micro_ros_ws/firmware/dev_ws/install/ament_cmake_export_libraries:/micro_ros_ws/firmware/dev_ws/install/ament_cmake_export_include_directories:/micro_ros_ws/firmware/dev_ws/install/ament_cmake_export_definitions:/micro_ros_ws/firmware/dev_ws/install/ament_cmake_core:/micro_ros_ws/firmware/dev_ws/install/ament_index_cpp:/micro_ros_ws/firmware/dev_ws/install/ament_uncrustify:/micro_ros_ws/firmware/dev_ws/install/domain_coordinator:/micro_ros_ws/firmware/dev_ws/install/ament_xmllint:/micro_ros_ws/firmware/dev_ws/install/ament_pyflakes:/micro_ros_ws/firmware/dev_ws/install/ament_pycodestyle:/micro_ros_ws/firmware/dev_ws/install/ament_pep257:/micro_ros_ws/firmware/dev_ws/install/ament_pclint:/micro_ros_ws/firmware/dev_ws/install/ament_package:/micro_ros_ws/firmware/dev_ws/install/ament_mypy:/micro_ros_ws/firmware/dev_ws/install/ament_lint_cmake:/micro_ros_ws/firmware/dev_ws/install/ament_flake8:/micro_ros_ws/firmware/dev_ws/install/ament_copyright:/micro_ros_ws/firmware/dev_ws/install/ament_lint:/micro_ros_ws/firmware/dev_ws/install/ament_index_python:/micro_ros_ws/firmware/dev_ws/install/ament_cpplint:/micro_ros_ws/firmware/dev_ws/install/ament_cppcheck:/micro_ros_ws/firmware/dev_ws/install/ament_clang_tidy:/micro_ros_ws/firmware/dev_ws/install/ament_clang_format LD_LIBRARY_PATH=/micro_ros_ws/firmware/mcu_ws/install/lib:${LD_LIBRARY_PATH} PATH=/micro_ros_ws/firmware/mcu_ws/install/bin:${PATH} PYTHONPATH=/micro_ros_ws/firmware/mcu_ws/install/lib/python3.10/site-packages:${PYTHONPATH} /usr/bin/cmake --build /micro_ros_ws/firmware/mcu_ws/build/rmw_microxrcedds -- -j12 -l12
[3.838s] Invoking command in '/micro_ros_ws/firmware/mcu_ws/build/rmw_microxrcedds': AMENT_PREFIX_PATH=/micro_ros_ws/firmware/mcu_ws/install:${AMENT_PREFIX_PATH} CMAKE_PREFIX_PATH=/micro_ros_ws/firmware/mcu_ws/install:/micro_ros_ws/firmware/dev_ws/install/ament_lint_common:/micro_ros_ws/firmware/dev_ws/install/ament_cmake_uncrustify:/micro_ros_ws/firmware/dev_ws/install/uncrustify_vendor:/micro_ros_ws/firmware/dev_ws/install/ament_cmake_ros:/micro_ros_ws/firmware/dev_ws/install/ament_cmake_auto:/micro_ros_ws/firmware/dev_ws/install/ament_cmake_gmock:/micro_ros_ws/firmware/dev_ws/install/gmock_vendor:/micro_ros_ws/firmware/dev_ws/install/ament_cmake_gtest:/micro_ros_ws/firmware/dev_ws/install/gtest_vendor:/micro_ros_ws/firmware/dev_ws/install/ament_cmake_xmllint:/micro_ros_ws/firmware/dev_ws/install/ament_cmake_pyflakes:/micro_ros_ws/firmware/dev_ws/install/ament_cmake_pycodestyle:/micro_ros_ws/firmware/dev_ws/install/ament_cmake_pep257:/micro_ros_ws/firmware/dev_ws/install/ament_cmake_pclint:/micro_ros_ws/firmware/dev_ws/install/ament_lint_auto:/micro_ros_ws/firmware/dev_ws/install/ament_cmake:/micro_ros_ws/firmware/dev_ws/install/ament_cmake_version:/micro_ros_ws/firmware/dev_ws/install/ament_cmake_vendor_package:/micro_ros_ws/firmware/dev_ws/install/ament_cmake_pytest:/micro_ros_ws/firmware/dev_ws/install/ament_cmake_nose:/micro_ros_ws/firmware/dev_ws/install/ament_cmake_mypy:/micro_ros_ws/firmware/dev_ws/install/ament_cmake_lint_cmake:/micro_ros_ws/firmware/dev_ws/install/ament_cmake_google_benchmark:/micro_ros_ws/firmware/dev_ws/install/ament_cmake_flake8:/micro_ros_ws/firmware/dev_ws/install/ament_cmake_cpplint:/micro_ros_ws/firmware/dev_ws/install/ament_cmake_cppcheck:/micro_ros_ws/firmware/dev_ws/install/ament_cmake_copyright:/micro_ros_ws/firmware/dev_ws/install/ament_cmake_clang_tidy:/micro_ros_ws/firmware/dev_ws/install/ament_cmake_clang_format:/micro_ros_ws/firmware/dev_ws/install/ament_cmake_test:/micro_ros_ws/firmware/dev_ws/install/ament_cmake_target_dependencies:/micro_ros_ws/firmware/dev_ws/install/ament_cmake_python:/micro_ros_ws/firmware/dev_ws/install/ament_cmake_export_dependencies:/micro_ros_ws/firmware/dev_ws/install/ament_cmake_libraries:/micro_ros_ws/firmware/dev_ws/install/ament_cmake_include_directories:/micro_ros_ws/firmware/dev_ws/install/ament_cmake_gen_version_h:/micro_ros_ws/firmware/dev_ws/install/ament_cmake_export_targets:/micro_ros_ws/firmware/dev_ws/install/ament_cmake_export_link_flags:/micro_ros_ws/firmware/dev_ws/install/ament_cmake_export_interfaces:/micro_ros_ws/firmware/dev_ws/install/ament_cmake_export_libraries:/micro_ros_ws/firmware/dev_ws/install/ament_cmake_export_include_directories:/micro_ros_ws/firmware/dev_ws/install/ament_cmake_export_definitions:/micro_ros_ws/firmware/dev_ws/install/ament_cmake_core:/micro_ros_ws/firmware/dev_ws/install/ament_index_cpp:/micro_ros_ws/firmware/dev_ws/install/ament_uncrustify:/micro_ros_ws/firmware/dev_ws/install/domain_coordinator:/micro_ros_ws/firmware/dev_ws/install/ament_xmllint:/micro_ros_ws/firmware/dev_ws/install/ament_pyflakes:/micro_ros_ws/firmware/dev_ws/install/ament_pycodestyle:/micro_ros_ws/firmware/dev_ws/install/ament_pep257:/micro_ros_ws/firmware/dev_ws/install/ament_pclint:/micro_ros_ws/firmware/dev_ws/install/ament_package:/micro_ros_ws/firmware/dev_ws/install/ament_mypy:/micro_ros_ws/firmware/dev_ws/install/ament_lint_cmake:/micro_ros_ws/firmware/dev_ws/install/ament_flake8:/micro_ros_ws/firmware/dev_ws/install/ament_copyright:/micro_ros_ws/firmware/dev_ws/install/ament_lint:/micro_ros_ws/firmware/dev_ws/install/ament_index_python:/micro_ros_ws/firmware/dev_ws/install/ament_cpplint:/micro_ros_ws/firmware/dev_ws/install/ament_cppcheck:/micro_ros_ws/firmware/dev_ws/install/ament_clang_tidy:/micro_ros_ws/firmware/dev_ws/install/ament_clang_format LD_LIBRARY_PATH=/micro_ros_ws/firmware/mcu_ws/install/lib:${LD_LIBRARY_PATH} PATH=/micro_ros_ws/firmware/mcu_ws/install/bin:${PATH} PYTHONPATH=/micro_ros_ws/firmware/mcu_ws/install/lib/python3.10/site-packages:${PYTHONPATH} /usr/bin/cmake --install /micro_ros_ws/firmware/mcu_ws/build/rmw_microxrcedds
[3.863s] -- Install configuration: "Debug"
[3.865s] -- Up-to-date: /micro_ros_ws/firmware/mcu_ws/install/share/rmw_microxrcedds/environment/library_path.sh
[3.867s] -- Installing: /micro_ros_ws/firmware/mcu_ws/install/share/rmw_microxrcedds/environment/library_path.dsv
[3.874s] -- Up-to-date: /micro_ros_ws/firmware/mcu_ws/install/share/ament_index/resource_index/rmw_typesupport_c/rmw_microxrcedds
[3.877s] -- Up-to-date: /micro_ros_ws/firmware/mcu_ws/install/share/ament_index/resource_index/rmw_typesupport/rmw_microxrcedds
[3.881s] -- Up-to-date: /micro_ros_ws/firmware/mcu_ws/install/share/ament_index/resource_index/package_run_dependencies/rmw_microxrcedds
[3.885s] -- Up-to-date: /micro_ros_ws/firmware/mcu_ws/install/share/ament_index/resource_index/parent_prefix_path/rmw_microxrcedds
[3.890s] -- Up-to-date: /micro_ros_ws/firmware/mcu_ws/install/share/rmw_microxrcedds/environment/ament_prefix_path.sh
[3.893s] -- Installing: /micro_ros_ws/firmware/mcu_ws/install/share/rmw_microxrcedds/environment/ament_prefix_path.dsv
[3.902s] -- Up-to-date: /micro_ros_ws/firmware/mcu_ws/install/share/rmw_microxrcedds/environment/path.sh
[3.903s] -- Installing: /micro_ros_ws/firmware/mcu_ws/install/share/rmw_microxrcedds/environment/path.dsv
[3.909s] -- Up-to-date: /micro_ros_ws/firmware/mcu_ws/install/share/rmw_microxrcedds/local_setup.bash
[3.910s] -- Up-to-date: /micro_ros_ws/firmware/mcu_ws/install/share/rmw_microxrcedds/local_setup.sh
[3.912s] -- Up-to-date: /micro_ros_ws/firmware/mcu_ws/install/share/rmw_microxrcedds/local_setup.zsh
[3.914s] -- Installing: /micro_ros_ws/firmware/mcu_ws/install/share/rmw_microxrcedds/local_setup.dsv
[3.919s] -- Installing: /micro_ros_ws/firmware/mcu_ws/install/share/rmw_microxrcedds/package.dsv
[3.926s] -- Up-to-date: /micro_ros_ws/firmware/mcu_ws/install/share/ament_index/resource_index/packages/rmw_microxrcedds
[3.928s] -- Up-to-date: /micro_ros_ws/firmware/mcu_ws/install/share/rmw_microxrcedds/cmake/ament_cmake_export_include_directories-extras.cmake
[3.930s] -- Up-to-date: /micro_ros_ws/firmware/mcu_ws/install/share/rmw_microxrcedds/cmake/ament_cmake_export_libraries-extras.cmake
[3.932s] -- Up-to-date: /micro_ros_ws/firmware/mcu_ws/install/share/rmw_microxrcedds/cmake/ament_cmake_export_dependencies-extras.cmake
[3.934s] -- Up-to-date: /micro_ros_ws/firmware/mcu_ws/install/share/rmw_microxrcedds/cmake/rmw_microxrceddsConfig.cmake
[3.936s] -- Up-to-date: /micro_ros_ws/firmware/mcu_ws/install/share/rmw_microxrcedds/cmake/rmw_microxrceddsConfig-version.cmake
[3.937s] -- Up-to-date: /micro_ros_ws/firmware/mcu_ws/install/share/rmw_microxrcedds/package.xml
[3.939s] -- Up-to-date: /micro_ros_ws/firmware/mcu_ws/install/include
[3.940s] -- Up-to-date: /micro_ros_ws/firmware/mcu_ws/install/include/rmw_microros
[3.942s] -- Up-to-date: /micro_ros_ws/firmware/mcu_ws/install/include/rmw_microros/continous_serialization.h
[3.944s] -- Up-to-date: /micro_ros_ws/firmware/mcu_ws/install/include/rmw_microros/custom_transport.h
[3.945s] -- Up-to-date: /micro_ros_ws/firmware/mcu_ws/install/include/rmw_microros/discovery.h
[3.947s] -- Up-to-date: /micro_ros_ws/firmware/mcu_ws/install/include/rmw_microros/error_handling.h
[3.951s] -- Up-to-date: /micro_ros_ws/firmware/mcu_ws/install/include/rmw_microros/init_options.h
[3.953s] -- Up-to-date: /micro_ros_ws/firmware/mcu_ws/install/include/rmw_microros/ping.h
[3.955s] -- Up-to-date: /micro_ros_ws/firmware/mcu_ws/install/include/rmw_microros/rmw_microros.h
[3.957s] -- Up-to-date: /micro_ros_ws/firmware/mcu_ws/install/include/rmw_microros/time_sync.h
[3.958s] -- Up-to-date: /micro_ros_ws/firmware/mcu_ws/install/include/rmw_microros/timing.h
[3.960s] -- Up-to-date: /micro_ros_ws/firmware/mcu_ws/install/include/rmw_microxrcedds_c
[3.962s] -- Up-to-date: /micro_ros_ws/firmware/mcu_ws/install/include/rmw_microxrcedds_c/rmw_c_macros.h
[3.964s] -- Up-to-date: /micro_ros_ws/firmware/mcu_ws/install/include/rmw_microxrcedds_c/config.h
[3.965s] -- Up-to-date: /micro_ros_ws/firmware/mcu_ws/install/lib/librmw_microxrcedds.a
[3.968s] Invoked command in '/micro_ros_ws/firmware/mcu_ws/build/rmw_microxrcedds' returned '0': AMENT_PREFIX_PATH=/micro_ros_ws/firmware/mcu_ws/install:${AMENT_PREFIX_PATH} CMAKE_PREFIX_PATH=/micro_ros_ws/firmware/mcu_ws/install:/micro_ros_ws/firmware/dev_ws/install/ament_lint_common:/micro_ros_ws/firmware/dev_ws/install/ament_cmake_uncrustify:/micro_ros_ws/firmware/dev_ws/install/uncrustify_vendor:/micro_ros_ws/firmware/dev_ws/install/ament_cmake_ros:/micro_ros_ws/firmware/dev_ws/install/ament_cmake_auto:/micro_ros_ws/firmware/dev_ws/install/ament_cmake_gmock:/micro_ros_ws/firmware/dev_ws/install/gmock_vendor:/micro_ros_ws/firmware/dev_ws/install/ament_cmake_gtest:/micro_ros_ws/firmware/dev_ws/install/gtest_vendor:/micro_ros_ws/firmware/dev_ws/install/ament_cmake_xmllint:/micro_ros_ws/firmware/dev_ws/install/ament_cmake_pyflakes:/micro_ros_ws/firmware/dev_ws/install/ament_cmake_pycodestyle:/micro_ros_ws/firmware/dev_ws/install/ament_cmake_pep257:/micro_ros_ws/firmware/dev_ws/install/ament_cmake_pclint:/micro_ros_ws/firmware/dev_ws/install/ament_lint_auto:/micro_ros_ws/firmware/dev_ws/install/ament_cmake:/micro_ros_ws/firmware/dev_ws/install/ament_cmake_version:/micro_ros_ws/firmware/dev_ws/install/ament_cmake_vendor_package:/micro_ros_ws/firmware/dev_ws/install/ament_cmake_pytest:/micro_ros_ws/firmware/dev_ws/install/ament_cmake_nose:/micro_ros_ws/firmware/dev_ws/install/ament_cmake_mypy:/micro_ros_ws/firmware/dev_ws/install/ament_cmake_lint_cmake:/micro_ros_ws/firmware/dev_ws/install/ament_cmake_google_benchmark:/micro_ros_ws/firmware/dev_ws/install/ament_cmake_flake8:/micro_ros_ws/firmware/dev_ws/install/ament_cmake_cpplint:/micro_ros_ws/firmware/dev_ws/install/ament_cmake_cppcheck:/micro_ros_ws/firmware/dev_ws/install/ament_cmake_copyright:/micro_ros_ws/firmware/dev_ws/install/ament_cmake_clang_tidy:/micro_ros_ws/firmware/dev_ws/install/ament_cmake_clang_format:/micro_ros_ws/firmware/dev_ws/install/ament_cmake_test:/micro_ros_ws/firmware/dev_ws/install/ament_cmake_target_dependencies:/micro_ros_ws/firmware/dev_ws/install/ament_cmake_python:/micro_ros_ws/firmware/dev_ws/install/ament_cmake_export_dependencies:/micro_ros_ws/firmware/dev_ws/install/ament_cmake_libraries:/micro_ros_ws/firmware/dev_ws/install/ament_cmake_include_directories:/micro_ros_ws/firmware/dev_ws/install/ament_cmake_gen_version_h:/micro_ros_ws/firmware/dev_ws/install/ament_cmake_export_targets:/micro_ros_ws/firmware/dev_ws/install/ament_cmake_export_link_flags:/micro_ros_ws/firmware/dev_ws/install/ament_cmake_export_interfaces:/micro_ros_ws/firmware/dev_ws/install/ament_cmake_export_libraries:/micro_ros_ws/firmware/dev_ws/install/ament_cmake_export_include_directories:/micro_ros_ws/firmware/dev_ws/install/ament_cmake_export_definitions:/micro_ros_ws/firmware/dev_ws/install/ament_cmake_core:/micro_ros_ws/firmware/dev_ws/install/ament_index_cpp:/micro_ros_ws/firmware/dev_ws/install/ament_uncrustify:/micro_ros_ws/firmware/dev_ws/install/domain_coordinator:/micro_ros_ws/firmware/dev_ws/install/ament_xmllint:/micro_ros_ws/firmware/dev_ws/install/ament_pyflakes:/micro_ros_ws/firmware/dev_ws/install/ament_pycodestyle:/micro_ros_ws/firmware/dev_ws/install/ament_pep257:/micro_ros_ws/firmware/dev_ws/install/ament_pclint:/micro_ros_ws/firmware/dev_ws/install/ament_package:/micro_ros_ws/firmware/dev_ws/install/ament_mypy:/micro_ros_ws/firmware/dev_ws/install/ament_lint_cmake:/micro_ros_ws/firmware/dev_ws/install/ament_flake8:/micro_ros_ws/firmware/dev_ws/install/ament_copyright:/micro_ros_ws/firmware/dev_ws/install/ament_lint:/micro_ros_ws/firmware/dev_ws/install/ament_index_python:/micro_ros_ws/firmware/dev_ws/install/ament_cpplint:/micro_ros_ws/firmware/dev_ws/install/ament_cppcheck:/micro_ros_ws/firmware/dev_ws/install/ament_clang_tidy:/micro_ros_ws/firmware/dev_ws/install/ament_clang_format LD_LIBRARY_PATH=/micro_ros_ws/firmware/mcu_ws/install/lib:${LD_LIBRARY_PATH} PATH=/micro_ros_ws/firmware/mcu_ws/install/bin:${PATH} PYTHONPATH=/micro_ros_ws/firmware/mcu_ws/install/lib/python3.10/site-packages:${PYTHONPATH} /usr/bin/cmake --install /micro_ros_ws/firmware/mcu_ws/build/rmw_microxrcedds
