[5.974s] Invoking command in '/micro_ros_ws/firmware/mcu_ws/uros/tracetools/tracetools_read': PYTHONPATH=/micro_ros_ws/firmware/mcu_ws/build/tracetools_read/prefix_override:/micro_ros_ws/firmware/toolchain/espressif/python_env/idf4.1_py3.10_env/lib/python3.10/site-packages/colcon_core/task/python/colcon_distutils_commands:/micro_ros_ws/firmware/mcu_ws/install/lib/python3.10/site-packages:${PYTHONPATH} /micro_ros_ws/firmware/toolchain/espressif/python_env/idf4.1_py3.10_env/bin/python -W ignore:setup.py install is deprecated -W ignore:easy_install command is deprecated setup.py egg_info --egg-base ../../../build/tracetools_read build --build-base /micro_ros_ws/firmware/mcu_ws/build/tracetools_read/build install --record /micro_ros_ws/firmware/mcu_ws/build/tracetools_read/install.log --single-version-externally-managed install_data
[6.791s] /micro_ros_ws/firmware/toolchain/espressif/python_env/idf4.1_py3.10_env/lib/python3.10/site-packages/setuptools/_distutils/dist.py:289: UserWarning: Unknown distribution option: 'tests_require'
[6.792s]   warnings.warn(msg)
[7.029s] running egg_info
[7.069s] writing ../../../build/tracetools_read/tracetools_read.egg-info/PKG-INFO
[7.070s] writing dependency_links to ../../../build/tracetools_read/tracetools_read.egg-info/dependency_links.txt
[7.072s] writing requirements to ../../../build/tracetools_read/tracetools_read.egg-info/requires.txt
[7.073s] writing top-level names to ../../../build/tracetools_read/tracetools_read.egg-info/top_level.txt
[7.191s] reading manifest file '../../../build/tracetools_read/tracetools_read.egg-info/SOURCES.txt'
[7.200s] writing manifest file '../../../build/tracetools_read/tracetools_read.egg-info/SOURCES.txt'
[7.201s] running build
[7.201s] running build_py
[7.203s] copying tracetools_read/trace.py -> /micro_ros_ws/firmware/mcu_ws/build/tracetools_read/build/lib/tracetools_read
[7.206s] copying tracetools_read/__init__.py -> /micro_ros_ws/firmware/mcu_ws/build/tracetools_read/build/lib/tracetools_read
[7.208s] running install
[7.212s] running install_lib
[7.288s] running install_data
[7.290s] copying package.xml -> /micro_ros_ws/firmware/mcu_ws/install/share/tracetools_read
[7.293s] copying resource/tracetools_read -> /micro_ros_ws/firmware/mcu_ws/install/share/ament_index/resource_index/packages
[7.294s] running install_egg_info
[7.376s] removing '/micro_ros_ws/firmware/mcu_ws/install/lib/python3.10/site-packages/tracetools_read-4.1.1-py3.10.egg-info' (and everything under it)
[7.378s] Copying ../../../build/tracetools_read/tracetools_read.egg-info to /micro_ros_ws/firmware/mcu_ws/install/lib/python3.10/site-packages/tracetools_read-4.1.1-py3.10.egg-info
[7.392s] running install_scripts
[7.708s] writing list of installed files to '/micro_ros_ws/firmware/mcu_ws/build/tracetools_read/install.log'
[7.727s] Invoked command in '/micro_ros_ws/firmware/mcu_ws/uros/tracetools/tracetools_read' returned '0': PYTHONPATH=/micro_ros_ws/firmware/mcu_ws/build/tracetools_read/prefix_override:/micro_ros_ws/firmware/toolchain/espressif/python_env/idf4.1_py3.10_env/lib/python3.10/site-packages/colcon_core/task/python/colcon_distutils_commands:/micro_ros_ws/firmware/mcu_ws/install/lib/python3.10/site-packages:${PYTHONPATH} /micro_ros_ws/firmware/toolchain/espressif/python_env/idf4.1_py3.10_env/bin/python -W ignore:setup.py install is deprecated -W ignore:easy_install command is deprecated setup.py egg_info --egg-base ../../../build/tracetools_read build --build-base /micro_ros_ws/firmware/mcu_ws/build/tracetools_read/build install --record /micro_ros_ws/firmware/mcu_ws/build/tracetools_read/install.log --single-version-externally-managed install_data
