running egg_info
writing ../../build/control/control.egg-info/PKG-INFO
writing dependency_links to ../../build/control/control.egg-info/dependency_links.txt
writing entry points to ../../build/control/control.egg-info/entry_points.txt
writing requirements to ../../build/control/control.egg-info/requires.txt
writing top-level names to ../../build/control/control.egg-info/top_level.txt
reading manifest file '../../build/control/control.egg-info/SOURCES.txt'
adding license file 'LICENSE'
writing manifest file '../../build/control/control.egg-info/SOURCES.txt'
running build
running build_py
running install
running install_lib
running install_data
running install_egg_info
removing '/micro_ros_ws/wall_e_ws/install/control/lib/python3.10/site-packages/control-0.0.0-py3.10.egg-info' (and everything under it)
Copying ../../build/control/control.egg-info to /micro_ros_ws/wall_e_ws/install/control/lib/python3.10/site-packages/control-0.0.0-py3.10.egg-info
running install_scripts
Installing gamepad_node script to /micro_ros_ws/wall_e_ws/install/control/lib/control
Installing robot_control_node script to /micro_ros_ws/wall_e_ws/install/control/lib/control
writing list of installed files to '/micro_ros_ws/wall_e_ws/build/control/install.log'
