[0.551s] Invoking command in '/micro_ros_ws/wall_e_ws/src/control': CMAKE_PREFIX_PATH=/micro_ros_ws/wall_e_ws/install/custom_interfaces:/micro_ros_ws/wall_e_ws/install/wall_e_description PYTHONPATH=/micro_ros_ws/wall_e_ws/build/control/prefix_override:/usr/lib/python3/dist-packages/colcon_core/task/python/colcon_distutils_commands:/micro_ros_ws/wall_e_ws/install/control/lib/python3.10/site-packages:${PYTHONPATH} /usr/bin/python3 -W ignore:setup.py install is deprecated -W ignore:easy_install command is deprecated setup.py egg_info --egg-base ../../build/control build --build-base /micro_ros_ws/wall_e_ws/build/control/build install --record /micro_ros_ws/wall_e_ws/build/control/install.log --single-version-externally-managed install_data
[0.709s] running egg_info
[0.709s] writing ../../build/control/control.egg-info/PKG-INFO
[0.710s] writing dependency_links to ../../build/control/control.egg-info/dependency_links.txt
[0.710s] writing entry points to ../../build/control/control.egg-info/entry_points.txt
[0.710s] writing requirements to ../../build/control/control.egg-info/requires.txt
[0.710s] writing top-level names to ../../build/control/control.egg-info/top_level.txt
[0.713s] reading manifest file '../../build/control/control.egg-info/SOURCES.txt'
[0.714s] adding license file 'LICENSE'
[0.715s] writing manifest file '../../build/control/control.egg-info/SOURCES.txt'
[0.715s] running build
[0.715s] running build_py
[0.716s] running install
[0.716s] running install_lib
[0.719s] running install_data
[0.719s] running install_egg_info
[0.721s] removing '/micro_ros_ws/wall_e_ws/install/control/lib/python3.10/site-packages/control-0.0.0-py3.10.egg-info' (and everything under it)
[0.722s] Copying ../../build/control/control.egg-info to /micro_ros_ws/wall_e_ws/install/control/lib/python3.10/site-packages/control-0.0.0-py3.10.egg-info
[0.728s] running install_scripts
[0.745s] Installing gamepad_node script to /micro_ros_ws/wall_e_ws/install/control/lib/control
[0.745s] Installing robot_control_node script to /micro_ros_ws/wall_e_ws/install/control/lib/control
[0.746s] writing list of installed files to '/micro_ros_ws/wall_e_ws/build/control/install.log'
[0.764s] Invoked command in '/micro_ros_ws/wall_e_ws/src/control' returned '0': CMAKE_PREFIX_PATH=/micro_ros_ws/wall_e_ws/install/custom_interfaces:/micro_ros_ws/wall_e_ws/install/wall_e_description PYTHONPATH=/micro_ros_ws/wall_e_ws/build/control/prefix_override:/usr/lib/python3/dist-packages/colcon_core/task/python/colcon_distutils_commands:/micro_ros_ws/wall_e_ws/install/control/lib/python3.10/site-packages:${PYTHONPATH} /usr/bin/python3 -W ignore:setup.py install is deprecated -W ignore:easy_install command is deprecated setup.py egg_info --egg-base ../../build/control build --build-base /micro_ros_ws/wall_e_ws/build/control/build install --record /micro_ros_ws/wall_e_ws/build/control/install.log --single-version-externally-managed install_data
