[1.426s] Invoking command in '/micro_ros_ws/firmware/mcu_ws/build/rosidl_adapter': AMENT_PREFIX_PATH=/micro_ros_ws/firmware/mcu_ws/install:${AMENT_PREFIX_PATH} CMAKE_PREFIX_PATH=/micro_ros_ws/firmware/mcu_ws/install:/micro_ros_ws/firmware/dev_ws/install/ament_lint_common:/micro_ros_ws/firmware/dev_ws/install/ament_cmake_uncrustify:/micro_ros_ws/firmware/dev_ws/install/uncrustify_vendor:/micro_ros_ws/firmware/dev_ws/install/ament_cmake_ros:/micro_ros_ws/firmware/dev_ws/install/ament_cmake_auto:/micro_ros_ws/firmware/dev_ws/install/ament_cmake_gmock:/micro_ros_ws/firmware/dev_ws/install/gmock_vendor:/micro_ros_ws/firmware/dev_ws/install/ament_cmake_gtest:/micro_ros_ws/firmware/dev_ws/install/gtest_vendor:/micro_ros_ws/firmware/dev_ws/install/ament_cmake_xmllint:/micro_ros_ws/firmware/dev_ws/install/ament_cmake_pyflakes:/micro_ros_ws/firmware/dev_ws/install/ament_cmake_pycodestyle:/micro_ros_ws/firmware/dev_ws/install/ament_cmake_pep257:/micro_ros_ws/firmware/dev_ws/install/ament_cmake_pclint:/micro_ros_ws/firmware/dev_ws/install/ament_lint_auto:/micro_ros_ws/firmware/dev_ws/install/ament_cmake:/micro_ros_ws/firmware/dev_ws/install/ament_cmake_version:/micro_ros_ws/firmware/dev_ws/install/ament_cmake_vendor_package:/micro_ros_ws/firmware/dev_ws/install/ament_cmake_pytest:/micro_ros_ws/firmware/dev_ws/install/ament_cmake_nose:/micro_ros_ws/firmware/dev_ws/install/ament_cmake_mypy:/micro_ros_ws/firmware/dev_ws/install/ament_cmake_lint_cmake:/micro_ros_ws/firmware/dev_ws/install/ament_cmake_google_benchmark:/micro_ros_ws/firmware/dev_ws/install/ament_cmake_flake8:/micro_ros_ws/firmware/dev_ws/install/ament_cmake_cpplint:/micro_ros_ws/firmware/dev_ws/install/ament_cmake_cppcheck:/micro_ros_ws/firmware/dev_ws/install/ament_cmake_copyright:/micro_ros_ws/firmware/dev_ws/install/ament_cmake_clang_tidy:/micro_ros_ws/firmware/dev_ws/install/ament_cmake_clang_format:/micro_ros_ws/firmware/dev_ws/install/ament_cmake_test:/micro_ros_ws/firmware/dev_ws/install/ament_cmake_target_dependencies:/micro_ros_ws/firmware/dev_ws/install/ament_cmake_python:/micro_ros_ws/firmware/dev_ws/install/ament_cmake_export_dependencies:/micro_ros_ws/firmware/dev_ws/install/ament_cmake_libraries:/micro_ros_ws/firmware/dev_ws/install/ament_cmake_include_directories:/micro_ros_ws/firmware/dev_ws/install/ament_cmake_gen_version_h:/micro_ros_ws/firmware/dev_ws/install/ament_cmake_export_targets:/micro_ros_ws/firmware/dev_ws/install/ament_cmake_export_link_flags:/micro_ros_ws/firmware/dev_ws/install/ament_cmake_export_interfaces:/micro_ros_ws/firmware/dev_ws/install/ament_cmake_export_libraries:/micro_ros_ws/firmware/dev_ws/install/ament_cmake_export_include_directories:/micro_ros_ws/firmware/dev_ws/install/ament_cmake_export_definitions:/micro_ros_ws/firmware/dev_ws/install/ament_cmake_core:/micro_ros_ws/firmware/dev_ws/install/ament_index_cpp:/micro_ros_ws/firmware/dev_ws/install/ament_uncrustify:/micro_ros_ws/firmware/dev_ws/install/domain_coordinator:/micro_ros_ws/firmware/dev_ws/install/ament_xmllint:/micro_ros_ws/firmware/dev_ws/install/ament_pyflakes:/micro_ros_ws/firmware/dev_ws/install/ament_pycodestyle:/micro_ros_ws/firmware/dev_ws/install/ament_pep257:/micro_ros_ws/firmware/dev_ws/install/ament_pclint:/micro_ros_ws/firmware/dev_ws/install/ament_package:/micro_ros_ws/firmware/dev_ws/install/ament_mypy:/micro_ros_ws/firmware/dev_ws/install/ament_lint_cmake:/micro_ros_ws/firmware/dev_ws/install/ament_flake8:/micro_ros_ws/firmware/dev_ws/install/ament_copyright:/micro_ros_ws/firmware/dev_ws/install/ament_lint:/micro_ros_ws/firmware/dev_ws/install/ament_index_python:/micro_ros_ws/firmware/dev_ws/install/ament_cpplint:/micro_ros_ws/firmware/dev_ws/install/ament_cppcheck:/micro_ros_ws/firmware/dev_ws/install/ament_clang_tidy:/micro_ros_ws/firmware/dev_ws/install/ament_clang_format PATH=/micro_ros_ws/firmware/mcu_ws/install/bin:${PATH} PYTHONPATH=/micro_ros_ws/firmware/mcu_ws/install/lib/python3.10/site-packages:${PYTHONPATH} /usr/bin/cmake --build /micro_ros_ws/firmware/mcu_ws/build/rosidl_adapter -- -j12 -l12
[1.450s] gmake[4]: Entering directory '/micro_ros_ws/firmware/mcu_ws/build/rosidl_adapter'
[1.450s] /usr/bin/cmake -S/micro_ros_ws/firmware/mcu_ws/ros2/rosidl/rosidl_adapter -B/micro_ros_ws/firmware/mcu_ws/build/rosidl_adapter --check-build-system CMakeFiles/Makefile.cmake 0
[1.496s] Re-run cmake file: Makefile older than: /micro_ros_ws/firmware/freertos_apps/microros_esp32_extensions/esp32_toolchain.cmake
[1.503s] -- Found ament_cmake: 1.3.14 (/micro_ros_ws/firmware/dev_ws/install/ament_cmake/share/ament_cmake/cmake)
[2.579s] -- Configuring done
[2.633s] -- Generating done
[2.650s] -- Build files have been written to: /micro_ros_ws/firmware/mcu_ws/build/rosidl_adapter
[2.652s] /usr/bin/cmake -E cmake_progress_start /micro_ros_ws/firmware/mcu_ws/build/rosidl_adapter/CMakeFiles /micro_ros_ws/firmware/mcu_ws/build/rosidl_adapter//CMakeFiles/progress.marks
[2.666s] /usr/bin/gmake  -f CMakeFiles/Makefile2 all
[2.672s] gmake[5]: Entering directory '/micro_ros_ws/firmware/mcu_ws/build/rosidl_adapter'
[2.672s] /usr/bin/gmake  -f CMakeFiles/ament_cmake_python_copy_rosidl_adapter_setup.dir/build.make CMakeFiles/ament_cmake_python_copy_rosidl_adapter_setup.dir/depend
[2.673s] /usr/bin/gmake  -f CMakeFiles/ament_cmake_python_copy_rosidl_adapter.dir/build.make CMakeFiles/ament_cmake_python_copy_rosidl_adapter.dir/depend
[2.676s] gmake[6]: Entering directory '/micro_ros_ws/firmware/mcu_ws/build/rosidl_adapter'
[2.676s] cd /micro_ros_ws/firmware/mcu_ws/build/rosidl_adapter && /usr/bin/cmake -E cmake_depends "Unix Makefiles" /micro_ros_ws/firmware/mcu_ws/ros2/rosidl/rosidl_adapter /micro_ros_ws/firmware/mcu_ws/ros2/rosidl/rosidl_adapter /micro_ros_ws/firmware/mcu_ws/build/rosidl_adapter /micro_ros_ws/firmware/mcu_ws/build/rosidl_adapter /micro_ros_ws/firmware/mcu_ws/build/rosidl_adapter/CMakeFiles/ament_cmake_python_copy_rosidl_adapter.dir/DependInfo.cmake --color=
[2.676s] gmake[6]: Entering directory '/micro_ros_ws/firmware/mcu_ws/build/rosidl_adapter'
[2.676s] cd /micro_ros_ws/firmware/mcu_ws/build/rosidl_adapter && /usr/bin/cmake -E cmake_depends "Unix Makefiles" /micro_ros_ws/firmware/mcu_ws/ros2/rosidl/rosidl_adapter /micro_ros_ws/firmware/mcu_ws/ros2/rosidl/rosidl_adapter /micro_ros_ws/firmware/mcu_ws/build/rosidl_adapter /micro_ros_ws/firmware/mcu_ws/build/rosidl_adapter /micro_ros_ws/firmware/mcu_ws/build/rosidl_adapter/CMakeFiles/ament_cmake_python_copy_rosidl_adapter_setup.dir/DependInfo.cmake --color=
[2.691s] gmake[6]: Leaving directory '/micro_ros_ws/firmware/mcu_ws/build/rosidl_adapter'
[2.692s] /usr/bin/gmake  -f CMakeFiles/ament_cmake_python_copy_rosidl_adapter_setup.dir/build.make CMakeFiles/ament_cmake_python_copy_rosidl_adapter_setup.dir/build
[2.692s] gmake[6]: Leaving directory '/micro_ros_ws/firmware/mcu_ws/build/rosidl_adapter'
[2.692s] /usr/bin/gmake  -f CMakeFiles/ament_cmake_python_copy_rosidl_adapter.dir/build.make CMakeFiles/ament_cmake_python_copy_rosidl_adapter.dir/build
[2.696s] gmake[6]: Entering directory '/micro_ros_ws/firmware/mcu_ws/build/rosidl_adapter'
[2.696s] /usr/bin/cmake -E copy /micro_ros_ws/firmware/mcu_ws/ros2/rosidl/rosidl_adapter/setup.cfg /micro_ros_ws/firmware/mcu_ws/build/rosidl_adapter/ament_cmake_python/rosidl_adapter/setup.cfg
[2.697s] gmake[6]: Entering directory '/micro_ros_ws/firmware/mcu_ws/build/rosidl_adapter'
[2.697s] /usr/bin/cmake -E copy_directory /micro_ros_ws/firmware/mcu_ws/ros2/rosidl/rosidl_adapter/rosidl_adapter /micro_ros_ws/firmware/mcu_ws/build/rosidl_adapter/ament_cmake_python/rosidl_adapter/rosidl_adapter
[2.714s] gmake[6]: Leaving directory '/micro_ros_ws/firmware/mcu_ws/build/rosidl_adapter'
[2.732s] Built target ament_cmake_python_copy_rosidl_adapter_setup
[2.748s] gmake[6]: Leaving directory '/micro_ros_ws/firmware/mcu_ws/build/rosidl_adapter'
[2.766s] Built target ament_cmake_python_copy_rosidl_adapter
[2.766s] /usr/bin/gmake  -f CMakeFiles/ament_cmake_python_build_rosidl_adapter_egg.dir/build.make CMakeFiles/ament_cmake_python_build_rosidl_adapter_egg.dir/depend
[2.775s] gmake[6]: Entering directory '/micro_ros_ws/firmware/mcu_ws/build/rosidl_adapter'
[2.775s] cd /micro_ros_ws/firmware/mcu_ws/build/rosidl_adapter && /usr/bin/cmake -E cmake_depends "Unix Makefiles" /micro_ros_ws/firmware/mcu_ws/ros2/rosidl/rosidl_adapter /micro_ros_ws/firmware/mcu_ws/ros2/rosidl/rosidl_adapter /micro_ros_ws/firmware/mcu_ws/build/rosidl_adapter /micro_ros_ws/firmware/mcu_ws/build/rosidl_adapter /micro_ros_ws/firmware/mcu_ws/build/rosidl_adapter/CMakeFiles/ament_cmake_python_build_rosidl_adapter_egg.dir/DependInfo.cmake --color=
[2.791s] gmake[6]: Leaving directory '/micro_ros_ws/firmware/mcu_ws/build/rosidl_adapter'
[2.792s] /usr/bin/gmake  -f CMakeFiles/ament_cmake_python_build_rosidl_adapter_egg.dir/build.make CMakeFiles/ament_cmake_python_build_rosidl_adapter_egg.dir/build
[2.800s] gmake[6]: Entering directory '/micro_ros_ws/firmware/mcu_ws/build/rosidl_adapter'
[2.800s] cd /micro_ros_ws/firmware/mcu_ws/build/rosidl_adapter/ament_cmake_python/rosidl_adapter && /micro_ros_ws/firmware/toolchain/espressif/python_env/idf4.1_py3.10_env/bin/python3 setup.py egg_info
[4.175s] running egg_info
[4.260s] writing rosidl_adapter.egg-info/PKG-INFO
[4.266s] writing dependency_links to rosidl_adapter.egg-info/dependency_links.txt
[4.272s] writing entry points to rosidl_adapter.egg-info/entry_points.txt
[4.273s] writing top-level names to rosidl_adapter.egg-info/top_level.txt
[4.574s] reading manifest file 'rosidl_adapter.egg-info/SOURCES.txt'
[4.589s] writing manifest file 'rosidl_adapter.egg-info/SOURCES.txt'
[4.607s] gmake[6]: Leaving directory '/micro_ros_ws/firmware/mcu_ws/build/rosidl_adapter'
[4.635s] Built target ament_cmake_python_build_rosidl_adapter_egg
[4.636s] gmake[5]: Leaving directory '/micro_ros_ws/firmware/mcu_ws/build/rosidl_adapter'
[4.637s] /usr/bin/cmake -E cmake_progress_start /micro_ros_ws/firmware/mcu_ws/build/rosidl_adapter/CMakeFiles 0
[4.663s] gmake[4]: Leaving directory '/micro_ros_ws/firmware/mcu_ws/build/rosidl_adapter'
[4.666s] Invoked command in '/micro_ros_ws/firmware/mcu_ws/build/rosidl_adapter' returned '0': AMENT_PREFIX_PATH=/micro_ros_ws/firmware/mcu_ws/install:${AMENT_PREFIX_PATH} CMAKE_PREFIX_PATH=/micro_ros_ws/firmware/mcu_ws/install:/micro_ros_ws/firmware/dev_ws/install/ament_lint_common:/micro_ros_ws/firmware/dev_ws/install/ament_cmake_uncrustify:/micro_ros_ws/firmware/dev_ws/install/uncrustify_vendor:/micro_ros_ws/firmware/dev_ws/install/ament_cmake_ros:/micro_ros_ws/firmware/dev_ws/install/ament_cmake_auto:/micro_ros_ws/firmware/dev_ws/install/ament_cmake_gmock:/micro_ros_ws/firmware/dev_ws/install/gmock_vendor:/micro_ros_ws/firmware/dev_ws/install/ament_cmake_gtest:/micro_ros_ws/firmware/dev_ws/install/gtest_vendor:/micro_ros_ws/firmware/dev_ws/install/ament_cmake_xmllint:/micro_ros_ws/firmware/dev_ws/install/ament_cmake_pyflakes:/micro_ros_ws/firmware/dev_ws/install/ament_cmake_pycodestyle:/micro_ros_ws/firmware/dev_ws/install/ament_cmake_pep257:/micro_ros_ws/firmware/dev_ws/install/ament_cmake_pclint:/micro_ros_ws/firmware/dev_ws/install/ament_lint_auto:/micro_ros_ws/firmware/dev_ws/install/ament_cmake:/micro_ros_ws/firmware/dev_ws/install/ament_cmake_version:/micro_ros_ws/firmware/dev_ws/install/ament_cmake_vendor_package:/micro_ros_ws/firmware/dev_ws/install/ament_cmake_pytest:/micro_ros_ws/firmware/dev_ws/install/ament_cmake_nose:/micro_ros_ws/firmware/dev_ws/install/ament_cmake_mypy:/micro_ros_ws/firmware/dev_ws/install/ament_cmake_lint_cmake:/micro_ros_ws/firmware/dev_ws/install/ament_cmake_google_benchmark:/micro_ros_ws/firmware/dev_ws/install/ament_cmake_flake8:/micro_ros_ws/firmware/dev_ws/install/ament_cmake_cpplint:/micro_ros_ws/firmware/dev_ws/install/ament_cmake_cppcheck:/micro_ros_ws/firmware/dev_ws/install/ament_cmake_copyright:/micro_ros_ws/firmware/dev_ws/install/ament_cmake_clang_tidy:/micro_ros_ws/firmware/dev_ws/install/ament_cmake_clang_format:/micro_ros_ws/firmware/dev_ws/install/ament_cmake_test:/micro_ros_ws/firmware/dev_ws/install/ament_cmake_target_dependencies:/micro_ros_ws/firmware/dev_ws/install/ament_cmake_python:/micro_ros_ws/firmware/dev_ws/install/ament_cmake_export_dependencies:/micro_ros_ws/firmware/dev_ws/install/ament_cmake_libraries:/micro_ros_ws/firmware/dev_ws/install/ament_cmake_include_directories:/micro_ros_ws/firmware/dev_ws/install/ament_cmake_gen_version_h:/micro_ros_ws/firmware/dev_ws/install/ament_cmake_export_targets:/micro_ros_ws/firmware/dev_ws/install/ament_cmake_export_link_flags:/micro_ros_ws/firmware/dev_ws/install/ament_cmake_export_interfaces:/micro_ros_ws/firmware/dev_ws/install/ament_cmake_export_libraries:/micro_ros_ws/firmware/dev_ws/install/ament_cmake_export_include_directories:/micro_ros_ws/firmware/dev_ws/install/ament_cmake_export_definitions:/micro_ros_ws/firmware/dev_ws/install/ament_cmake_core:/micro_ros_ws/firmware/dev_ws/install/ament_index_cpp:/micro_ros_ws/firmware/dev_ws/install/ament_uncrustify:/micro_ros_ws/firmware/dev_ws/install/domain_coordinator:/micro_ros_ws/firmware/dev_ws/install/ament_xmllint:/micro_ros_ws/firmware/dev_ws/install/ament_pyflakes:/micro_ros_ws/firmware/dev_ws/install/ament_pycodestyle:/micro_ros_ws/firmware/dev_ws/install/ament_pep257:/micro_ros_ws/firmware/dev_ws/install/ament_pclint:/micro_ros_ws/firmware/dev_ws/install/ament_package:/micro_ros_ws/firmware/dev_ws/install/ament_mypy:/micro_ros_ws/firmware/dev_ws/install/ament_lint_cmake:/micro_ros_ws/firmware/dev_ws/install/ament_flake8:/micro_ros_ws/firmware/dev_ws/install/ament_copyright:/micro_ros_ws/firmware/dev_ws/install/ament_lint:/micro_ros_ws/firmware/dev_ws/install/ament_index_python:/micro_ros_ws/firmware/dev_ws/install/ament_cpplint:/micro_ros_ws/firmware/dev_ws/install/ament_cppcheck:/micro_ros_ws/firmware/dev_ws/install/ament_clang_tidy:/micro_ros_ws/firmware/dev_ws/install/ament_clang_format PATH=/micro_ros_ws/firmware/mcu_ws/install/bin:${PATH} PYTHONPATH=/micro_ros_ws/firmware/mcu_ws/install/lib/python3.10/site-packages:${PYTHONPATH} /usr/bin/cmake --build /micro_ros_ws/firmware/mcu_ws/build/rosidl_adapter -- -j12 -l12
[4.675s] Invoking command in '/micro_ros_ws/firmware/mcu_ws/build/rosidl_adapter': AMENT_PREFIX_PATH=/micro_ros_ws/firmware/mcu_ws/install:${AMENT_PREFIX_PATH} CMAKE_PREFIX_PATH=/micro_ros_ws/firmware/mcu_ws/install:/micro_ros_ws/firmware/dev_ws/install/ament_lint_common:/micro_ros_ws/firmware/dev_ws/install/ament_cmake_uncrustify:/micro_ros_ws/firmware/dev_ws/install/uncrustify_vendor:/micro_ros_ws/firmware/dev_ws/install/ament_cmake_ros:/micro_ros_ws/firmware/dev_ws/install/ament_cmake_auto:/micro_ros_ws/firmware/dev_ws/install/ament_cmake_gmock:/micro_ros_ws/firmware/dev_ws/install/gmock_vendor:/micro_ros_ws/firmware/dev_ws/install/ament_cmake_gtest:/micro_ros_ws/firmware/dev_ws/install/gtest_vendor:/micro_ros_ws/firmware/dev_ws/install/ament_cmake_xmllint:/micro_ros_ws/firmware/dev_ws/install/ament_cmake_pyflakes:/micro_ros_ws/firmware/dev_ws/install/ament_cmake_pycodestyle:/micro_ros_ws/firmware/dev_ws/install/ament_cmake_pep257:/micro_ros_ws/firmware/dev_ws/install/ament_cmake_pclint:/micro_ros_ws/firmware/dev_ws/install/ament_lint_auto:/micro_ros_ws/firmware/dev_ws/install/ament_cmake:/micro_ros_ws/firmware/dev_ws/install/ament_cmake_version:/micro_ros_ws/firmware/dev_ws/install/ament_cmake_vendor_package:/micro_ros_ws/firmware/dev_ws/install/ament_cmake_pytest:/micro_ros_ws/firmware/dev_ws/install/ament_cmake_nose:/micro_ros_ws/firmware/dev_ws/install/ament_cmake_mypy:/micro_ros_ws/firmware/dev_ws/install/ament_cmake_lint_cmake:/micro_ros_ws/firmware/dev_ws/install/ament_cmake_google_benchmark:/micro_ros_ws/firmware/dev_ws/install/ament_cmake_flake8:/micro_ros_ws/firmware/dev_ws/install/ament_cmake_cpplint:/micro_ros_ws/firmware/dev_ws/install/ament_cmake_cppcheck:/micro_ros_ws/firmware/dev_ws/install/ament_cmake_copyright:/micro_ros_ws/firmware/dev_ws/install/ament_cmake_clang_tidy:/micro_ros_ws/firmware/dev_ws/install/ament_cmake_clang_format:/micro_ros_ws/firmware/dev_ws/install/ament_cmake_test:/micro_ros_ws/firmware/dev_ws/install/ament_cmake_target_dependencies:/micro_ros_ws/firmware/dev_ws/install/ament_cmake_python:/micro_ros_ws/firmware/dev_ws/install/ament_cmake_export_dependencies:/micro_ros_ws/firmware/dev_ws/install/ament_cmake_libraries:/micro_ros_ws/firmware/dev_ws/install/ament_cmake_include_directories:/micro_ros_ws/firmware/dev_ws/install/ament_cmake_gen_version_h:/micro_ros_ws/firmware/dev_ws/install/ament_cmake_export_targets:/micro_ros_ws/firmware/dev_ws/install/ament_cmake_export_link_flags:/micro_ros_ws/firmware/dev_ws/install/ament_cmake_export_interfaces:/micro_ros_ws/firmware/dev_ws/install/ament_cmake_export_libraries:/micro_ros_ws/firmware/dev_ws/install/ament_cmake_export_include_directories:/micro_ros_ws/firmware/dev_ws/install/ament_cmake_export_definitions:/micro_ros_ws/firmware/dev_ws/install/ament_cmake_core:/micro_ros_ws/firmware/dev_ws/install/ament_index_cpp:/micro_ros_ws/firmware/dev_ws/install/ament_uncrustify:/micro_ros_ws/firmware/dev_ws/install/domain_coordinator:/micro_ros_ws/firmware/dev_ws/install/ament_xmllint:/micro_ros_ws/firmware/dev_ws/install/ament_pyflakes:/micro_ros_ws/firmware/dev_ws/install/ament_pycodestyle:/micro_ros_ws/firmware/dev_ws/install/ament_pep257:/micro_ros_ws/firmware/dev_ws/install/ament_pclint:/micro_ros_ws/firmware/dev_ws/install/ament_package:/micro_ros_ws/firmware/dev_ws/install/ament_mypy:/micro_ros_ws/firmware/dev_ws/install/ament_lint_cmake:/micro_ros_ws/firmware/dev_ws/install/ament_flake8:/micro_ros_ws/firmware/dev_ws/install/ament_copyright:/micro_ros_ws/firmware/dev_ws/install/ament_lint:/micro_ros_ws/firmware/dev_ws/install/ament_index_python:/micro_ros_ws/firmware/dev_ws/install/ament_cpplint:/micro_ros_ws/firmware/dev_ws/install/ament_cppcheck:/micro_ros_ws/firmware/dev_ws/install/ament_clang_tidy:/micro_ros_ws/firmware/dev_ws/install/ament_clang_format PATH=/micro_ros_ws/firmware/mcu_ws/install/bin:${PATH} PYTHONPATH=/micro_ros_ws/firmware/mcu_ws/install/lib/python3.10/site-packages:${PYTHONPATH} /usr/bin/cmake --install /micro_ros_ws/firmware/mcu_ws/build/rosidl_adapter
[4.700s] -- Install configuration: "Debug"
[4.702s] -- Up-to-date: /micro_ros_ws/firmware/mcu_ws/install/share/rosidl_adapter/environment/pythonpath.sh
[4.706s] -- Installing: /micro_ros_ws/firmware/mcu_ws/install/share/rosidl_adapter/environment/pythonpath.dsv
[4.715s] -- Up-to-date: /micro_ros_ws/firmware/mcu_ws/install/lib/python3.10/site-packages/rosidl_adapter-3.1.8-py3.10.egg-info
[4.720s] -- Installing: /micro_ros_ws/firmware/mcu_ws/install/lib/python3.10/site-packages/rosidl_adapter-3.1.8-py3.10.egg-info/dependency_links.txt
[4.732s] -- Installing: /micro_ros_ws/firmware/mcu_ws/install/lib/python3.10/site-packages/rosidl_adapter-3.1.8-py3.10.egg-info/entry_points.txt
[4.743s] -- Installing: /micro_ros_ws/firmware/mcu_ws/install/lib/python3.10/site-packages/rosidl_adapter-3.1.8-py3.10.egg-info/PKG-INFO
[4.754s] -- Installing: /micro_ros_ws/firmware/mcu_ws/install/lib/python3.10/site-packages/rosidl_adapter-3.1.8-py3.10.egg-info/SOURCES.txt
[4.772s] -- Installing: /micro_ros_ws/firmware/mcu_ws/install/lib/python3.10/site-packages/rosidl_adapter-3.1.8-py3.10.egg-info/top_level.txt
[4.787s] -- Up-to-date: /micro_ros_ws/firmware/mcu_ws/install/lib/python3.10/site-packages/rosidl_adapter
[4.791s] -- Up-to-date: /micro_ros_ws/firmware/mcu_ws/install/lib/python3.10/site-packages/rosidl_adapter/action
[4.798s] -- Up-to-date: /micro_ros_ws/firmware/mcu_ws/install/lib/python3.10/site-packages/rosidl_adapter/action/__init__.py
[4.802s] -- Up-to-date: /micro_ros_ws/firmware/mcu_ws/install/lib/python3.10/site-packages/rosidl_adapter/cli.py
[4.807s] -- Up-to-date: /micro_ros_ws/firmware/mcu_ws/install/lib/python3.10/site-packages/rosidl_adapter/main.py
[4.810s] -- Up-to-date: /micro_ros_ws/firmware/mcu_ws/install/lib/python3.10/site-packages/rosidl_adapter/msg
[4.815s] -- Up-to-date: /micro_ros_ws/firmware/mcu_ws/install/lib/python3.10/site-packages/rosidl_adapter/msg/__init__.py
[4.819s] -- Up-to-date: /micro_ros_ws/firmware/mcu_ws/install/lib/python3.10/site-packages/rosidl_adapter/parser.py
[4.822s] -- Up-to-date: /micro_ros_ws/firmware/mcu_ws/install/lib/python3.10/site-packages/rosidl_adapter/resource
[4.826s] -- Up-to-date: /micro_ros_ws/firmware/mcu_ws/install/lib/python3.10/site-packages/rosidl_adapter/resource/action.idl.em
[4.830s] -- Up-to-date: /micro_ros_ws/firmware/mcu_ws/install/lib/python3.10/site-packages/rosidl_adapter/resource/msg.idl.em
[4.834s] -- Up-to-date: /micro_ros_ws/firmware/mcu_ws/install/lib/python3.10/site-packages/rosidl_adapter/resource/srv.idl.em
[4.838s] -- Up-to-date: /micro_ros_ws/firmware/mcu_ws/install/lib/python3.10/site-packages/rosidl_adapter/resource/struct.idl.em
[4.842s] -- Up-to-date: /micro_ros_ws/firmware/mcu_ws/install/lib/python3.10/site-packages/rosidl_adapter/resource/__init__.py
[4.844s] -- Up-to-date: /micro_ros_ws/firmware/mcu_ws/install/lib/python3.10/site-packages/rosidl_adapter/srv
[4.849s] -- Up-to-date: /micro_ros_ws/firmware/mcu_ws/install/lib/python3.10/site-packages/rosidl_adapter/srv/__init__.py
[4.853s] -- Up-to-date: /micro_ros_ws/firmware/mcu_ws/install/lib/python3.10/site-packages/rosidl_adapter/__init__.py
[4.856s] -- Up-to-date: /micro_ros_ws/firmware/mcu_ws/install/lib/python3.10/site-packages/rosidl_adapter/__main__.py
[5.491s] Listing '/micro_ros_ws/firmware/mcu_ws/install/lib/python3.10/site-packages/rosidl_adapter'...
[5.492s] Listing '/micro_ros_ws/firmware/mcu_ws/install/lib/python3.10/site-packages/rosidl_adapter/action'...
[5.493s] Listing '/micro_ros_ws/firmware/mcu_ws/install/lib/python3.10/site-packages/rosidl_adapter/msg'...
[5.493s] Listing '/micro_ros_ws/firmware/mcu_ws/install/lib/python3.10/site-packages/rosidl_adapter/resource'...
[5.494s] Listing '/micro_ros_ws/firmware/mcu_ws/install/lib/python3.10/site-packages/rosidl_adapter/srv'...
[5.507s] -- Up-to-date: /micro_ros_ws/firmware/mcu_ws/install/share/ament_index/resource_index/package_run_dependencies/rosidl_adapter
[5.514s] -- Up-to-date: /micro_ros_ws/firmware/mcu_ws/install/share/ament_index/resource_index/parent_prefix_path/rosidl_adapter
[5.525s] -- Up-to-date: /micro_ros_ws/firmware/mcu_ws/install/share/rosidl_adapter/environment/ament_prefix_path.sh
[5.530s] -- Installing: /micro_ros_ws/firmware/mcu_ws/install/share/rosidl_adapter/environment/ament_prefix_path.dsv
[5.553s] -- Up-to-date: /micro_ros_ws/firmware/mcu_ws/install/share/rosidl_adapter/environment/path.sh
[5.558s] -- Installing: /micro_ros_ws/firmware/mcu_ws/install/share/rosidl_adapter/environment/path.dsv
[5.572s] -- Up-to-date: /micro_ros_ws/firmware/mcu_ws/install/share/rosidl_adapter/local_setup.bash
[5.576s] -- Up-to-date: /micro_ros_ws/firmware/mcu_ws/install/share/rosidl_adapter/local_setup.sh
[5.582s] -- Up-to-date: /micro_ros_ws/firmware/mcu_ws/install/share/rosidl_adapter/local_setup.zsh
[5.588s] -- Installing: /micro_ros_ws/firmware/mcu_ws/install/share/rosidl_adapter/local_setup.dsv
[5.602s] -- Installing: /micro_ros_ws/firmware/mcu_ws/install/share/rosidl_adapter/package.dsv
[5.617s] -- Up-to-date: /micro_ros_ws/firmware/mcu_ws/install/share/ament_index/resource_index/packages/rosidl_adapter
[5.621s] -- Up-to-date: /micro_ros_ws/firmware/mcu_ws/install/share/rosidl_adapter/cmake/rosidl_adapter-extras.cmake
[5.625s] -- Up-to-date: /micro_ros_ws/firmware/mcu_ws/install/share/rosidl_adapter/cmake/rosidl_adapterConfig.cmake
[5.629s] -- Up-to-date: /micro_ros_ws/firmware/mcu_ws/install/share/rosidl_adapter/cmake/rosidl_adapterConfig-version.cmake
[5.633s] -- Up-to-date: /micro_ros_ws/firmware/mcu_ws/install/share/rosidl_adapter/package.xml
[5.635s] -- Up-to-date: /micro_ros_ws/firmware/mcu_ws/install/share/rosidl_adapter/cmake
[5.641s] -- Up-to-date: /micro_ros_ws/firmware/mcu_ws/install/share/rosidl_adapter/cmake/rosidl_adapt_interfaces.cmake
[5.646s] -- Up-to-date: /micro_ros_ws/firmware/mcu_ws/install/lib/rosidl_adapter/msg2idl.py
[5.649s] -- Up-to-date: /micro_ros_ws/firmware/mcu_ws/install/lib/rosidl_adapter/srv2idl.py
[5.654s] Invoked command in '/micro_ros_ws/firmware/mcu_ws/build/rosidl_adapter' returned '0': AMENT_PREFIX_PATH=/micro_ros_ws/firmware/mcu_ws/install:${AMENT_PREFIX_PATH} CMAKE_PREFIX_PATH=/micro_ros_ws/firmware/mcu_ws/install:/micro_ros_ws/firmware/dev_ws/install/ament_lint_common:/micro_ros_ws/firmware/dev_ws/install/ament_cmake_uncrustify:/micro_ros_ws/firmware/dev_ws/install/uncrustify_vendor:/micro_ros_ws/firmware/dev_ws/install/ament_cmake_ros:/micro_ros_ws/firmware/dev_ws/install/ament_cmake_auto:/micro_ros_ws/firmware/dev_ws/install/ament_cmake_gmock:/micro_ros_ws/firmware/dev_ws/install/gmock_vendor:/micro_ros_ws/firmware/dev_ws/install/ament_cmake_gtest:/micro_ros_ws/firmware/dev_ws/install/gtest_vendor:/micro_ros_ws/firmware/dev_ws/install/ament_cmake_xmllint:/micro_ros_ws/firmware/dev_ws/install/ament_cmake_pyflakes:/micro_ros_ws/firmware/dev_ws/install/ament_cmake_pycodestyle:/micro_ros_ws/firmware/dev_ws/install/ament_cmake_pep257:/micro_ros_ws/firmware/dev_ws/install/ament_cmake_pclint:/micro_ros_ws/firmware/dev_ws/install/ament_lint_auto:/micro_ros_ws/firmware/dev_ws/install/ament_cmake:/micro_ros_ws/firmware/dev_ws/install/ament_cmake_version:/micro_ros_ws/firmware/dev_ws/install/ament_cmake_vendor_package:/micro_ros_ws/firmware/dev_ws/install/ament_cmake_pytest:/micro_ros_ws/firmware/dev_ws/install/ament_cmake_nose:/micro_ros_ws/firmware/dev_ws/install/ament_cmake_mypy:/micro_ros_ws/firmware/dev_ws/install/ament_cmake_lint_cmake:/micro_ros_ws/firmware/dev_ws/install/ament_cmake_google_benchmark:/micro_ros_ws/firmware/dev_ws/install/ament_cmake_flake8:/micro_ros_ws/firmware/dev_ws/install/ament_cmake_cpplint:/micro_ros_ws/firmware/dev_ws/install/ament_cmake_cppcheck:/micro_ros_ws/firmware/dev_ws/install/ament_cmake_copyright:/micro_ros_ws/firmware/dev_ws/install/ament_cmake_clang_tidy:/micro_ros_ws/firmware/dev_ws/install/ament_cmake_clang_format:/micro_ros_ws/firmware/dev_ws/install/ament_cmake_test:/micro_ros_ws/firmware/dev_ws/install/ament_cmake_target_dependencies:/micro_ros_ws/firmware/dev_ws/install/ament_cmake_python:/micro_ros_ws/firmware/dev_ws/install/ament_cmake_export_dependencies:/micro_ros_ws/firmware/dev_ws/install/ament_cmake_libraries:/micro_ros_ws/firmware/dev_ws/install/ament_cmake_include_directories:/micro_ros_ws/firmware/dev_ws/install/ament_cmake_gen_version_h:/micro_ros_ws/firmware/dev_ws/install/ament_cmake_export_targets:/micro_ros_ws/firmware/dev_ws/install/ament_cmake_export_link_flags:/micro_ros_ws/firmware/dev_ws/install/ament_cmake_export_interfaces:/micro_ros_ws/firmware/dev_ws/install/ament_cmake_export_libraries:/micro_ros_ws/firmware/dev_ws/install/ament_cmake_export_include_directories:/micro_ros_ws/firmware/dev_ws/install/ament_cmake_export_definitions:/micro_ros_ws/firmware/dev_ws/install/ament_cmake_core:/micro_ros_ws/firmware/dev_ws/install/ament_index_cpp:/micro_ros_ws/firmware/dev_ws/install/ament_uncrustify:/micro_ros_ws/firmware/dev_ws/install/domain_coordinator:/micro_ros_ws/firmware/dev_ws/install/ament_xmllint:/micro_ros_ws/firmware/dev_ws/install/ament_pyflakes:/micro_ros_ws/firmware/dev_ws/install/ament_pycodestyle:/micro_ros_ws/firmware/dev_ws/install/ament_pep257:/micro_ros_ws/firmware/dev_ws/install/ament_pclint:/micro_ros_ws/firmware/dev_ws/install/ament_package:/micro_ros_ws/firmware/dev_ws/install/ament_mypy:/micro_ros_ws/firmware/dev_ws/install/ament_lint_cmake:/micro_ros_ws/firmware/dev_ws/install/ament_flake8:/micro_ros_ws/firmware/dev_ws/install/ament_copyright:/micro_ros_ws/firmware/dev_ws/install/ament_lint:/micro_ros_ws/firmware/dev_ws/install/ament_index_python:/micro_ros_ws/firmware/dev_ws/install/ament_cpplint:/micro_ros_ws/firmware/dev_ws/install/ament_cppcheck:/micro_ros_ws/firmware/dev_ws/install/ament_clang_tidy:/micro_ros_ws/firmware/dev_ws/install/ament_clang_format PATH=/micro_ros_ws/firmware/mcu_ws/install/bin:${PATH} PYTHONPATH=/micro_ros_ws/firmware/mcu_ws/install/lib/python3.10/site-packages:${PYTHONPATH} /usr/bin/cmake --install /micro_ros_ws/firmware/mcu_ws/build/rosidl_adapter
