[0.043s] Invoking command in '/micro_ros_ws/wall_e_ws/build/custom_interfaces': CMAKE_PREFIX_PATH=${CMAKE_PREFIX_PATH}:/micro_ros_ws/wall_e_ws/install/localization:/micro_ros_ws/wall_e_ws/install/feedback:/micro_ros_ws/wall_e_ws/install/control:/opt/ros/humble /usr/bin/cmake --build /micro_ros_ws/wall_e_ws/build/custom_interfaces -- -j12 -l12
[1.042s] [  3%] Built target custom_interfaces__cpp
[1.044s] [  6%] Built target custom_interfaces__rs
[1.045s] [ 15%] Built target custom_interfaces__rosidl_generator_c
[1.047s] [ 15%] Built target ament_cmake_python_copy_custom_interfaces
[1.049s] [ 31%] Built target custom_interfaces__rosidl_typesupport_cpp
[1.050s] [ 34%] Built target custom_interfaces__rosidl_typesupport_fastrtps_cpp
[1.052s] [ 43%] Built target custom_interfaces__rosidl_typesupport_introspection_cpp
[1.055s] [ 59%] Built target custom_interfaces__rosidl_typesupport_c
[1.057s] [ 62%] Built target custom_interfaces__rosidl_typesupport_introspection_c
[1.059s] [ 71%] Built target custom_interfaces__rosidl_typesupport_fastrtps_c
[1.061s] [ 71%] Built target custom_interfaces
[1.063s] [ 75%] Built target custom_interfaces__py
[1.064s] [ 81%] Built target custom_interfaces__rosidl_generator_py
[1.067s] [ 87%] Built target custom_interfaces__rosidl_typesupport_introspection_c__pyext
[1.069s] [ 93%] Built target custom_interfaces__rosidl_typesupport_fastrtps_c__pyext
[1.071s] [100%] Built target custom_interfaces__rosidl_typesupport_c__pyext
[1.073s] running egg_info
[1.075s] writing custom_interfaces.egg-info/PKG-INFO
[1.077s] writing dependency_links to custom_interfaces.egg-info/dependency_links.txt
[1.078s] writing top-level names to custom_interfaces.egg-info/top_level.txt
[1.080s] reading manifest file 'custom_interfaces.egg-info/SOURCES.txt'
[1.083s] writing manifest file 'custom_interfaces.egg-info/SOURCES.txt'
[1.085s] [100%] Built target ament_cmake_python_build_custom_interfaces_egg
[1.103s] Invoked command in '/micro_ros_ws/wall_e_ws/build/custom_interfaces' returned '0': CMAKE_PREFIX_PATH=${CMAKE_PREFIX_PATH}:/micro_ros_ws/wall_e_ws/install/localization:/micro_ros_ws/wall_e_ws/install/feedback:/micro_ros_ws/wall_e_ws/install/control:/opt/ros/humble /usr/bin/cmake --build /micro_ros_ws/wall_e_ws/build/custom_interfaces -- -j12 -l12
[1.180s] Invoking command in '/micro_ros_ws/wall_e_ws/build/custom_interfaces': CMAKE_PREFIX_PATH=${CMAKE_PREFIX_PATH}:/micro_ros_ws/wall_e_ws/install/localization:/micro_ros_ws/wall_e_ws/install/feedback:/micro_ros_ws/wall_e_ws/install/control:/opt/ros/humble /usr/bin/cmake --install /micro_ros_ws/wall_e_ws/build/custom_interfaces
[1.254s] -- Install configuration: ""
[1.276s] -- Up-to-date: /micro_ros_ws/wall_e_ws/install/custom_interfaces/share/ament_index/resource_index/rosidl_interfaces/custom_interfaces
[1.289s] -- Up-to-date: /micro_ros_ws/wall_e_ws/install/custom_interfaces/include/custom_interfaces/custom_interfaces
[1.304s] -- Up-to-date: /micro_ros_ws/wall_e_ws/install/custom_interfaces/include/custom_interfaces/custom_interfaces/msg
[1.322s] -- Up-to-date: /micro_ros_ws/wall_e_ws/install/custom_interfaces/include/custom_interfaces/custom_interfaces/msg/detail
[1.346s] -- Up-to-date: /micro_ros_ws/wall_e_ws/install/custom_interfaces/include/custom_interfaces/custom_interfaces/msg/detail/gamepad__functions.c
[1.363s] -- Up-to-date: /micro_ros_ws/wall_e_ws/install/custom_interfaces/include/custom_interfaces/custom_interfaces/msg/detail/gamepad__functions.h
[1.383s] -- Up-to-date: /micro_ros_ws/wall_e_ws/install/custom_interfaces/include/custom_interfaces/custom_interfaces/msg/detail/gamepad__struct.h
[1.402s] -- Up-to-date: /micro_ros_ws/wall_e_ws/install/custom_interfaces/include/custom_interfaces/custom_interfaces/msg/detail/gamepad__type_support.h
[1.418s] -- Up-to-date: /micro_ros_ws/wall_e_ws/install/custom_interfaces/include/custom_interfaces/custom_interfaces/msg/gamepad.h
[1.434s] -- Up-to-date: /micro_ros_ws/wall_e_ws/install/custom_interfaces/include/custom_interfaces/custom_interfaces/msg/rosidl_generator_c__visibility_control.h
[1.445s] -- Up-to-date: /micro_ros_ws/wall_e_ws/install/custom_interfaces/share/custom_interfaces/environment/library_path.sh
[1.461s] -- Up-to-date: /micro_ros_ws/wall_e_ws/install/custom_interfaces/share/custom_interfaces/environment/library_path.dsv
[1.498s] -- Up-to-date: /micro_ros_ws/wall_e_ws/install/custom_interfaces/lib/libcustom_interfaces__rosidl_generator_c.so
[1.530s] -- Up-to-date: /micro_ros_ws/wall_e_ws/install/custom_interfaces/include/custom_interfaces/custom_interfaces
[1.545s] -- Up-to-date: /micro_ros_ws/wall_e_ws/install/custom_interfaces/include/custom_interfaces/custom_interfaces/msg
[1.562s] -- Up-to-date: /micro_ros_ws/wall_e_ws/install/custom_interfaces/include/custom_interfaces/custom_interfaces/msg/detail
[1.582s] -- Up-to-date: /micro_ros_ws/wall_e_ws/install/custom_interfaces/include/custom_interfaces/custom_interfaces/msg/detail/gamepad__rosidl_typesupport_fastrtps_c.h
[1.597s] -- Up-to-date: /micro_ros_ws/wall_e_ws/install/custom_interfaces/include/custom_interfaces/custom_interfaces/msg/rosidl_typesupport_fastrtps_c__visibility_control.h
[1.627s] -- Up-to-date: /micro_ros_ws/wall_e_ws/install/custom_interfaces/lib/libcustom_interfaces__rosidl_typesupport_fastrtps_c.so
[1.655s] -- Up-to-date: /micro_ros_ws/wall_e_ws/install/custom_interfaces/include/custom_interfaces/custom_interfaces
[1.667s] -- Up-to-date: /micro_ros_ws/wall_e_ws/install/custom_interfaces/include/custom_interfaces/custom_interfaces/msg
[1.683s] -- Up-to-date: /micro_ros_ws/wall_e_ws/install/custom_interfaces/include/custom_interfaces/custom_interfaces/msg/detail
[1.702s] -- Up-to-date: /micro_ros_ws/wall_e_ws/install/custom_interfaces/include/custom_interfaces/custom_interfaces/msg/detail/gamepad__rosidl_typesupport_introspection_c.h
[1.716s] -- Up-to-date: /micro_ros_ws/wall_e_ws/install/custom_interfaces/include/custom_interfaces/custom_interfaces/msg/detail/gamepad__type_support.c
[1.730s] -- Up-to-date: /micro_ros_ws/wall_e_ws/install/custom_interfaces/include/custom_interfaces/custom_interfaces/msg/rosidl_typesupport_introspection_c__visibility_control.h
[1.758s] -- Up-to-date: /micro_ros_ws/wall_e_ws/install/custom_interfaces/lib/libcustom_interfaces__rosidl_typesupport_introspection_c.so
[1.800s] -- Up-to-date: /micro_ros_ws/wall_e_ws/install/custom_interfaces/lib/libcustom_interfaces__rosidl_typesupport_c.so
[1.824s] -- Up-to-date: /micro_ros_ws/wall_e_ws/install/custom_interfaces/include/custom_interfaces/custom_interfaces
[1.838s] -- Up-to-date: /micro_ros_ws/wall_e_ws/install/custom_interfaces/include/custom_interfaces/custom_interfaces/msg
[1.852s] -- Up-to-date: /micro_ros_ws/wall_e_ws/install/custom_interfaces/include/custom_interfaces/custom_interfaces/msg/detail
[1.872s] -- Up-to-date: /micro_ros_ws/wall_e_ws/install/custom_interfaces/include/custom_interfaces/custom_interfaces/msg/detail/gamepad__builder.hpp
[1.887s] -- Up-to-date: /micro_ros_ws/wall_e_ws/install/custom_interfaces/include/custom_interfaces/custom_interfaces/msg/detail/gamepad__struct.hpp
[1.904s] -- Up-to-date: /micro_ros_ws/wall_e_ws/install/custom_interfaces/include/custom_interfaces/custom_interfaces/msg/detail/gamepad__traits.hpp
[1.919s] -- Up-to-date: /micro_ros_ws/wall_e_ws/install/custom_interfaces/include/custom_interfaces/custom_interfaces/msg/detail/gamepad__type_support.hpp
[1.933s] -- Up-to-date: /micro_ros_ws/wall_e_ws/install/custom_interfaces/include/custom_interfaces/custom_interfaces/msg/gamepad.hpp
[1.947s] -- Up-to-date: /micro_ros_ws/wall_e_ws/install/custom_interfaces/include/custom_interfaces/custom_interfaces/msg/rosidl_generator_cpp__visibility_control.hpp
[1.957s] -- Up-to-date: /micro_ros_ws/wall_e_ws/install/custom_interfaces/include/custom_interfaces/custom_interfaces
[1.971s] -- Up-to-date: /micro_ros_ws/wall_e_ws/install/custom_interfaces/include/custom_interfaces/custom_interfaces/msg
[1.988s] -- Up-to-date: /micro_ros_ws/wall_e_ws/install/custom_interfaces/include/custom_interfaces/custom_interfaces/msg/detail
[2.006s] -- Up-to-date: /micro_ros_ws/wall_e_ws/install/custom_interfaces/include/custom_interfaces/custom_interfaces/msg/detail/dds_fastrtps
[2.029s] -- Up-to-date: /micro_ros_ws/wall_e_ws/install/custom_interfaces/include/custom_interfaces/custom_interfaces/msg/detail/gamepad__rosidl_typesupport_fastrtps_cpp.hpp
[2.045s] -- Up-to-date: /micro_ros_ws/wall_e_ws/install/custom_interfaces/include/custom_interfaces/custom_interfaces/msg/rosidl_typesupport_fastrtps_cpp__visibility_control.h
[2.078s] -- Up-to-date: /micro_ros_ws/wall_e_ws/install/custom_interfaces/lib/libcustom_interfaces__rosidl_typesupport_fastrtps_cpp.so
[2.113s] -- Up-to-date: /micro_ros_ws/wall_e_ws/install/custom_interfaces/include/custom_interfaces/custom_interfaces
[2.126s] -- Up-to-date: /micro_ros_ws/wall_e_ws/install/custom_interfaces/include/custom_interfaces/custom_interfaces/msg
[2.143s] -- Up-to-date: /micro_ros_ws/wall_e_ws/install/custom_interfaces/include/custom_interfaces/custom_interfaces/msg/detail
[2.166s] -- Up-to-date: /micro_ros_ws/wall_e_ws/install/custom_interfaces/include/custom_interfaces/custom_interfaces/msg/detail/gamepad__rosidl_typesupport_introspection_cpp.hpp
[2.183s] -- Up-to-date: /micro_ros_ws/wall_e_ws/install/custom_interfaces/include/custom_interfaces/custom_interfaces/msg/detail/gamepad__type_support.cpp
[2.205s] -- Up-to-date: /micro_ros_ws/wall_e_ws/install/custom_interfaces/lib/libcustom_interfaces__rosidl_typesupport_introspection_cpp.so
[2.249s] -- Up-to-date: /micro_ros_ws/wall_e_ws/install/custom_interfaces/lib/libcustom_interfaces__rosidl_typesupport_cpp.so
[2.282s] -- Up-to-date: /micro_ros_ws/wall_e_ws/install/custom_interfaces/share/custom_interfaces/environment/pythonpath.sh
[2.295s] -- Up-to-date: /micro_ros_ws/wall_e_ws/install/custom_interfaces/share/custom_interfaces/environment/pythonpath.dsv
[2.305s] -- Up-to-date: /micro_ros_ws/wall_e_ws/install/custom_interfaces/local/lib/python3.10/dist-packages/custom_interfaces-0.0.0-py3.10.egg-info
[2.325s] -- Installing: /micro_ros_ws/wall_e_ws/install/custom_interfaces/local/lib/python3.10/dist-packages/custom_interfaces-0.0.0-py3.10.egg-info/dependency_links.txt
[2.371s] -- Installing: /micro_ros_ws/wall_e_ws/install/custom_interfaces/local/lib/python3.10/dist-packages/custom_interfaces-0.0.0-py3.10.egg-info/PKG-INFO
[2.417s] -- Installing: /micro_ros_ws/wall_e_ws/install/custom_interfaces/local/lib/python3.10/dist-packages/custom_interfaces-0.0.0-py3.10.egg-info/SOURCES.txt
[2.462s] -- Installing: /micro_ros_ws/wall_e_ws/install/custom_interfaces/local/lib/python3.10/dist-packages/custom_interfaces-0.0.0-py3.10.egg-info/top_level.txt
[2.517s] -- Up-to-date: /micro_ros_ws/wall_e_ws/install/custom_interfaces/local/lib/python3.10/dist-packages/custom_interfaces
[2.544s] -- Up-to-date: /micro_ros_ws/wall_e_ws/install/custom_interfaces/local/lib/python3.10/dist-packages/custom_interfaces/custom_interfaces_s__rosidl_typesupport_c.cpython-310-x86_64-linux-gnu.so
[2.560s] -- Up-to-date: /micro_ros_ws/wall_e_ws/install/custom_interfaces/local/lib/python3.10/dist-packages/custom_interfaces/custom_interfaces_s__rosidl_typesupport_fastrtps_c.cpython-310-x86_64-linux-gnu.so
[2.581s] -- Up-to-date: /micro_ros_ws/wall_e_ws/install/custom_interfaces/local/lib/python3.10/dist-packages/custom_interfaces/custom_interfaces_s__rosidl_typesupport_introspection_c.cpython-310-x86_64-linux-gnu.so
[2.597s] -- Up-to-date: /micro_ros_ws/wall_e_ws/install/custom_interfaces/local/lib/python3.10/dist-packages/custom_interfaces/libcustom_interfaces__rosidl_generator_py.so
[2.611s] -- Up-to-date: /micro_ros_ws/wall_e_ws/install/custom_interfaces/local/lib/python3.10/dist-packages/custom_interfaces/msg
[2.634s] -- Up-to-date: /micro_ros_ws/wall_e_ws/install/custom_interfaces/local/lib/python3.10/dist-packages/custom_interfaces/msg/_gamepad.py
[2.650s] -- Up-to-date: /micro_ros_ws/wall_e_ws/install/custom_interfaces/local/lib/python3.10/dist-packages/custom_interfaces/msg/_gamepad_s.c
[2.680s] -- Up-to-date: /micro_ros_ws/wall_e_ws/install/custom_interfaces/local/lib/python3.10/dist-packages/custom_interfaces/msg/__init__.py
[2.681s] -- Up-to-date: /micro_ros_ws/wall_e_ws/install/custom_interfaces/local/lib/python3.10/dist-packages/custom_interfaces/_custom_interfaces_s.ep.rosidl_typesupport_c.c
[2.695s] -- Up-to-date: /micro_ros_ws/wall_e_ws/install/custom_interfaces/local/lib/python3.10/dist-packages/custom_interfaces/_custom_interfaces_s.ep.rosidl_typesupport_fastrtps_c.c
[2.708s] -- Up-to-date: /micro_ros_ws/wall_e_ws/install/custom_interfaces/local/lib/python3.10/dist-packages/custom_interfaces/_custom_interfaces_s.ep.rosidl_typesupport_introspection_c.c
[2.721s] -- Up-to-date: /micro_ros_ws/wall_e_ws/install/custom_interfaces/local/lib/python3.10/dist-packages/custom_interfaces/__init__.py
[3.055s] Listing '/micro_ros_ws/wall_e_ws/install/custom_interfaces/local/lib/python3.10/dist-packages/custom_interfaces'...
[3.056s] Listing '/micro_ros_ws/wall_e_ws/install/custom_interfaces/local/lib/python3.10/dist-packages/custom_interfaces/msg'...
[3.079s] -- Up-to-date: /micro_ros_ws/wall_e_ws/install/custom_interfaces/local/lib/python3.10/dist-packages/custom_interfaces/custom_interfaces_s__rosidl_typesupport_fastrtps_c.cpython-310-x86_64-linux-gnu.so
[3.109s] -- Up-to-date: /micro_ros_ws/wall_e_ws/install/custom_interfaces/local/lib/python3.10/dist-packages/custom_interfaces/custom_interfaces_s__rosidl_typesupport_introspection_c.cpython-310-x86_64-linux-gnu.so
[3.140s] -- Up-to-date: /micro_ros_ws/wall_e_ws/install/custom_interfaces/local/lib/python3.10/dist-packages/custom_interfaces/custom_interfaces_s__rosidl_typesupport_c.cpython-310-x86_64-linux-gnu.so
[3.167s] -- Up-to-date: /micro_ros_ws/wall_e_ws/install/custom_interfaces/lib/libcustom_interfaces__rosidl_generator_py.so
[3.181s] -- Up-to-date: /micro_ros_ws/wall_e_ws/install/custom_interfaces/share/ament_index/resource_index/rust_packages/custom_interfaces
[3.184s] -- Up-to-date: /micro_ros_ws/wall_e_ws/install/custom_interfaces/share/custom_interfaces/rust
[3.189s] -- Up-to-date: /micro_ros_ws/wall_e_ws/install/custom_interfaces/share/custom_interfaces/rust/build.rs
[3.192s] -- Up-to-date: /micro_ros_ws/wall_e_ws/install/custom_interfaces/share/custom_interfaces/rust/Cargo.toml
[3.195s] -- Up-to-date: /micro_ros_ws/wall_e_ws/install/custom_interfaces/share/custom_interfaces/rust/src
[3.200s] -- Up-to-date: /micro_ros_ws/wall_e_ws/install/custom_interfaces/share/custom_interfaces/rust/src/lib.rs
[3.203s] -- Up-to-date: /micro_ros_ws/wall_e_ws/install/custom_interfaces/share/custom_interfaces/rust/src/msg
[3.208s] -- Up-to-date: /micro_ros_ws/wall_e_ws/install/custom_interfaces/share/custom_interfaces/rust/src/msg/rmw.rs
[3.211s] -- Up-to-date: /micro_ros_ws/wall_e_ws/install/custom_interfaces/share/custom_interfaces/rust/src/msg.rs
[3.214s] -- Up-to-date: /micro_ros_ws/wall_e_ws/install/custom_interfaces/share/custom_interfaces/msg/Gamepad.idl
[3.216s] -- Up-to-date: /micro_ros_ws/wall_e_ws/install/custom_interfaces/share/custom_interfaces/msg/Gamepad.msg
[3.219s] -- Up-to-date: /micro_ros_ws/wall_e_ws/install/custom_interfaces/share/ament_index/resource_index/package_run_dependencies/custom_interfaces
[3.222s] -- Up-to-date: /micro_ros_ws/wall_e_ws/install/custom_interfaces/share/ament_index/resource_index/parent_prefix_path/custom_interfaces
[3.223s] -- Up-to-date: /micro_ros_ws/wall_e_ws/install/custom_interfaces/share/custom_interfaces/environment/ament_prefix_path.sh
[3.226s] -- Up-to-date: /micro_ros_ws/wall_e_ws/install/custom_interfaces/share/custom_interfaces/environment/ament_prefix_path.dsv
[3.228s] -- Up-to-date: /micro_ros_ws/wall_e_ws/install/custom_interfaces/share/custom_interfaces/environment/path.sh
[3.231s] -- Up-to-date: /micro_ros_ws/wall_e_ws/install/custom_interfaces/share/custom_interfaces/environment/path.dsv
[3.234s] -- Up-to-date: /micro_ros_ws/wall_e_ws/install/custom_interfaces/share/custom_interfaces/local_setup.bash
[3.236s] -- Up-to-date: /micro_ros_ws/wall_e_ws/install/custom_interfaces/share/custom_interfaces/local_setup.sh
[3.238s] -- Up-to-date: /micro_ros_ws/wall_e_ws/install/custom_interfaces/share/custom_interfaces/local_setup.zsh
[3.240s] -- Up-to-date: /micro_ros_ws/wall_e_ws/install/custom_interfaces/share/custom_interfaces/local_setup.dsv
[3.241s] -- Installing: /micro_ros_ws/wall_e_ws/install/custom_interfaces/share/custom_interfaces/package.dsv
[3.247s] -- Up-to-date: /micro_ros_ws/wall_e_ws/install/custom_interfaces/share/ament_index/resource_index/packages/custom_interfaces
[3.250s] -- Up-to-date: /micro_ros_ws/wall_e_ws/install/custom_interfaces/share/custom_interfaces/cmake/export_custom_interfaces__rosidl_generator_cExport.cmake
[3.252s] -- Up-to-date: /micro_ros_ws/wall_e_ws/install/custom_interfaces/share/custom_interfaces/cmake/export_custom_interfaces__rosidl_generator_cExport-noconfig.cmake
[3.256s] -- Up-to-date: /micro_ros_ws/wall_e_ws/install/custom_interfaces/share/custom_interfaces/cmake/export_custom_interfaces__rosidl_typesupport_fastrtps_cExport.cmake
[3.258s] -- Up-to-date: /micro_ros_ws/wall_e_ws/install/custom_interfaces/share/custom_interfaces/cmake/export_custom_interfaces__rosidl_typesupport_fastrtps_cExport-noconfig.cmake
[3.261s] -- Up-to-date: /micro_ros_ws/wall_e_ws/install/custom_interfaces/share/custom_interfaces/cmake/custom_interfaces__rosidl_typesupport_introspection_cExport.cmake
[3.263s] -- Up-to-date: /micro_ros_ws/wall_e_ws/install/custom_interfaces/share/custom_interfaces/cmake/custom_interfaces__rosidl_typesupport_introspection_cExport-noconfig.cmake
[3.267s] -- Up-to-date: /micro_ros_ws/wall_e_ws/install/custom_interfaces/share/custom_interfaces/cmake/custom_interfaces__rosidl_typesupport_cExport.cmake
[3.269s] -- Up-to-date: /micro_ros_ws/wall_e_ws/install/custom_interfaces/share/custom_interfaces/cmake/custom_interfaces__rosidl_typesupport_cExport-noconfig.cmake
[3.272s] -- Up-to-date: /micro_ros_ws/wall_e_ws/install/custom_interfaces/share/custom_interfaces/cmake/export_custom_interfaces__rosidl_generator_cppExport.cmake
[3.276s] -- Up-to-date: /micro_ros_ws/wall_e_ws/install/custom_interfaces/share/custom_interfaces/cmake/export_custom_interfaces__rosidl_typesupport_fastrtps_cppExport.cmake
[3.279s] -- Up-to-date: /micro_ros_ws/wall_e_ws/install/custom_interfaces/share/custom_interfaces/cmake/export_custom_interfaces__rosidl_typesupport_fastrtps_cppExport-noconfig.cmake
[3.282s] -- Up-to-date: /micro_ros_ws/wall_e_ws/install/custom_interfaces/share/custom_interfaces/cmake/custom_interfaces__rosidl_typesupport_introspection_cppExport.cmake
[3.284s] -- Up-to-date: /micro_ros_ws/wall_e_ws/install/custom_interfaces/share/custom_interfaces/cmake/custom_interfaces__rosidl_typesupport_introspection_cppExport-noconfig.cmake
[3.287s] -- Up-to-date: /micro_ros_ws/wall_e_ws/install/custom_interfaces/share/custom_interfaces/cmake/custom_interfaces__rosidl_typesupport_cppExport.cmake
[3.289s] -- Up-to-date: /micro_ros_ws/wall_e_ws/install/custom_interfaces/share/custom_interfaces/cmake/custom_interfaces__rosidl_typesupport_cppExport-noconfig.cmake
[3.292s] -- Up-to-date: /micro_ros_ws/wall_e_ws/install/custom_interfaces/share/custom_interfaces/cmake/export_custom_interfaces__rosidl_generator_pyExport.cmake
[3.295s] -- Up-to-date: /micro_ros_ws/wall_e_ws/install/custom_interfaces/share/custom_interfaces/cmake/export_custom_interfaces__rosidl_generator_pyExport-noconfig.cmake
[3.297s] -- Up-to-date: /micro_ros_ws/wall_e_ws/install/custom_interfaces/share/custom_interfaces/cmake/rosidl_cmake-extras.cmake
[3.299s] -- Up-to-date: /micro_ros_ws/wall_e_ws/install/custom_interfaces/share/custom_interfaces/cmake/ament_cmake_export_dependencies-extras.cmake
[3.300s] -- Up-to-date: /micro_ros_ws/wall_e_ws/install/custom_interfaces/share/custom_interfaces/cmake/ament_cmake_export_include_directories-extras.cmake
[3.302s] -- Up-to-date: /micro_ros_ws/wall_e_ws/install/custom_interfaces/share/custom_interfaces/cmake/ament_cmake_export_libraries-extras.cmake
[3.303s] -- Up-to-date: /micro_ros_ws/wall_e_ws/install/custom_interfaces/share/custom_interfaces/cmake/ament_cmake_export_targets-extras.cmake
[3.305s] -- Up-to-date: /micro_ros_ws/wall_e_ws/install/custom_interfaces/share/custom_interfaces/cmake/rosidl_cmake_export_typesupport_targets-extras.cmake
[3.306s] -- Up-to-date: /micro_ros_ws/wall_e_ws/install/custom_interfaces/share/custom_interfaces/cmake/rosidl_cmake_export_typesupport_libraries-extras.cmake
[3.307s] -- Up-to-date: /micro_ros_ws/wall_e_ws/install/custom_interfaces/share/custom_interfaces/cmake/custom_interfacesConfig.cmake
[3.308s] -- Up-to-date: /micro_ros_ws/wall_e_ws/install/custom_interfaces/share/custom_interfaces/cmake/custom_interfacesConfig-version.cmake
[3.309s] -- Up-to-date: /micro_ros_ws/wall_e_ws/install/custom_interfaces/share/custom_interfaces/package.xml
[3.314s] Invoked command in '/micro_ros_ws/wall_e_ws/build/custom_interfaces' returned '0': CMAKE_PREFIX_PATH=${CMAKE_PREFIX_PATH}:/micro_ros_ws/wall_e_ws/install/localization:/micro_ros_ws/wall_e_ws/install/feedback:/micro_ros_ws/wall_e_ws/install/control:/opt/ros/humble /usr/bin/cmake --install /micro_ros_ws/wall_e_ws/build/custom_interfaces
