gmake[4]: Entering directory '/micro_ros_ws/firmware/mcu_ws/build/common_interfaces'
/usr/bin/cmake -S/micro_ros_ws/firmware/mcu_ws/ros2/common_interfaces/common_interfaces -B/micro_ros_ws/firmware/mcu_ws/build/common_interfaces --check-build-system CMakeFiles/Makefile.cmake 0
Re-run cmake file: Makefile older than: /micro_ros_ws/firmware/freertos_apps/microros_esp32_extensions/esp32_toolchain.cmake
-- Found ament_cmake: 1.3.14 (/micro_ros_ws/firmware/dev_ws/install/ament_cmake/share/ament_cmake/cmake)
-- Configuring done
-- Generating done
-- Build files have been written to: /micro_ros_ws/firmware/mcu_ws/build/common_interfaces
/usr/bin/cmake -E cmake_progress_start /micro_ros_ws/firmware/mcu_ws/build/common_interfaces/CMakeFiles /micro_ros_ws/firmware/mcu_ws/build/common_interfaces//CMakeFiles/progress.marks
/usr/bin/gmake  -f CMakeFiles/Makefile2 all
gmake[5]: Entering directory '/micro_ros_ws/firmware/mcu_ws/build/common_interfaces'
gmake[5]: Nothing to be done for 'all'.
gmake[5]: Leaving directory '/micro_ros_ws/firmware/mcu_ws/build/common_interfaces'
/usr/bin/cmake -E cmake_progress_start /micro_ros_ws/firmware/mcu_ws/build/common_interfaces/CMakeFiles 0
gmake[4]: Leaving directory '/micro_ros_ws/firmware/mcu_ws/build/common_interfaces'
-- Install configuration: "Debug"
-- Up-to-date: /micro_ros_ws/firmware/mcu_ws/install/share/ament_index/resource_index/package_run_dependencies/common_interfaces
-- Up-to-date: /micro_ros_ws/firmware/mcu_ws/install/share/ament_index/resource_index/parent_prefix_path/common_interfaces
-- Up-to-date: /micro_ros_ws/firmware/mcu_ws/install/share/common_interfaces/environment/ament_prefix_path.sh
-- Installing: /micro_ros_ws/firmware/mcu_ws/install/share/common_interfaces/environment/ament_prefix_path.dsv
-- Up-to-date: /micro_ros_ws/firmware/mcu_ws/install/share/common_interfaces/environment/path.sh
-- Installing: /micro_ros_ws/firmware/mcu_ws/install/share/common_interfaces/environment/path.dsv
-- Up-to-date: /micro_ros_ws/firmware/mcu_ws/install/share/common_interfaces/local_setup.bash
-- Up-to-date: /micro_ros_ws/firmware/mcu_ws/install/share/common_interfaces/local_setup.sh
-- Up-to-date: /micro_ros_ws/firmware/mcu_ws/install/share/common_interfaces/local_setup.zsh
-- Installing: /micro_ros_ws/firmware/mcu_ws/install/share/common_interfaces/local_setup.dsv
-- Installing: /micro_ros_ws/firmware/mcu_ws/install/share/common_interfaces/package.dsv
-- Up-to-date: /micro_ros_ws/firmware/mcu_ws/install/share/ament_index/resource_index/packages/common_interfaces
-- Up-to-date: /micro_ros_ws/firmware/mcu_ws/install/share/common_interfaces/cmake/common_interfacesConfig.cmake
-- Up-to-date: /micro_ros_ws/firmware/mcu_ws/install/share/common_interfaces/cmake/common_interfacesConfig-version.cmake
-- Up-to-date: /micro_ros_ws/firmware/mcu_ws/install/share/common_interfaces/package.xml
