[0.093s] DEBUG:colcon:Command line arguments: ['/usr/bin/colcon', 'build']
[0.093s] DEBUG:colcon:Parsed command line arguments: Namespace(log_base=None, log_level=None, verb_name='build', build_base='build', install_base='install', merge_install=False, symlink_install=False, test_result_base=None, continue_on_error=False, executor='parallel', parallel_workers=12, event_handlers=None, ignore_user_meta=False, metas=['./colcon.meta'], base_paths=['.'], packages_ignore=None, packages_ignore_regex=None, paths=None, packages_up_to=None, packages_up_to_regex=None, packages_above=None, packages_above_and_dependencies=None, packages_above_depth=None, packages_select_by_dep=None, packages_skip_by_dep=None, packages_skip_up_to=None, packages_select_build_failed=False, packages_skip_build_finished=False, packages_select_test_failures=False, packages_skip_test_passed=False, packages_select=None, packages_skip=None, packages_select_regex=None, packages_skip_regex=None, packages_start=None, packages_end=None, cmake_args=None, cmake_target=None, cmake_target_skip_unavailable=False, cmake_clean_cache=False, cmake_clean_first=False, cmake_force_configure=False, ament_cmake_args=None, catkin_cmake_args=None, catkin_skip_building_tests=False, mixin_files=None, mixin=None, verb_parser=<colcon_mixin.mixin.mixin_argument.MixinArgumentDecorator object at 0x7f0d38740580>, verb_extension=<colcon_core.verb.build.BuildVerb object at 0x7f0d3871bfd0>, main=<bound method BuildVerb.main of <colcon_core.verb.build.BuildVerb object at 0x7f0d3871bfd0>>, mixin_verb=('build',))
[0.193s] Level 1:colcon.colcon_core.package_discovery:discover_packages(colcon_meta) check parameters
[0.193s] INFO:colcon.colcon_metadata.package_discovery.colcon_meta:Using configuration from '/root/.colcon/metadata/default/Gazebo.meta'
[0.194s] INFO:colcon.colcon_metadata.package_discovery.colcon_meta:Using configuration from '/root/.colcon/metadata/default/fastdds.meta'
[0.194s] INFO:colcon.colcon_metadata.package_discovery.colcon_meta:Using configuration from '/root/.colcon/metadata/default/fastrtps.meta'
[0.195s] Level 1:colcon.colcon_core.package_discovery:discover_packages(recursive) check parameters
[0.195s] Level 1:colcon.colcon_core.package_discovery:discover_packages(ignore) check parameters
[0.195s] Level 1:colcon.colcon_core.package_discovery:discover_packages(path) check parameters
[0.195s] Level 1:colcon.colcon_core.package_discovery:discover_packages(colcon_meta) discover
[0.195s] Level 1:colcon.colcon_core.package_discovery:discover_packages(recursive) discover
[0.195s] INFO:colcon.colcon_core.package_discovery:Crawling recursively for packages in '/micro_ros_ws/wall_e_ws'
[0.195s] Level 1:colcon.colcon_core.package_identification:_identify(.) by extensions ['ignore', 'ignore_ament_install']
[0.196s] Level 1:colcon.colcon_core.package_identification:_identify(.) by extension 'ignore'
[0.196s] Level 1:colcon.colcon_core.package_identification:_identify(.) by extension 'ignore_ament_install'
[0.196s] Level 1:colcon.colcon_core.package_identification:_identify(.) by extensions ['colcon_pkg']
[0.197s] Level 1:colcon.colcon_core.package_identification:_identify(.) by extension 'colcon_pkg'
[0.197s] Level 1:colcon.colcon_core.package_identification:_identify(.) by extensions ['colcon_meta']
[0.197s] Level 1:colcon.colcon_core.package_identification:_identify(.) by extension 'colcon_meta'
[0.197s] Level 1:colcon.colcon_core.package_identification:_identify(.) by extensions ['ros']
[0.197s] Level 1:colcon.colcon_core.package_identification:_identify(.) by extension 'ros'
[0.209s] Level 1:colcon.colcon_core.package_identification:_identify(.) by extensions ['cmake', 'python']
[0.209s] Level 1:colcon.colcon_core.package_identification:_identify(.) by extension 'cmake'
[0.209s] Level 1:colcon.colcon_core.package_identification:_identify(.) by extension 'python'
[0.209s] Level 1:colcon.colcon_core.package_identification:_identify(.) by extensions ['python_setup_py']
[0.209s] Level 1:colcon.colcon_core.package_identification:_identify(.) by extension 'python_setup_py'
[0.210s] Level 1:colcon.colcon_core.package_identification:_identify(build) by extensions ['ignore', 'ignore_ament_install']
[0.210s] Level 1:colcon.colcon_core.package_identification:_identify(build) by extension 'ignore'
[0.210s] Level 1:colcon.colcon_core.package_identification:_identify(build) ignored
[0.210s] Level 1:colcon.colcon_core.package_identification:_identify(install) by extensions ['ignore', 'ignore_ament_install']
[0.210s] Level 1:colcon.colcon_core.package_identification:_identify(install) by extension 'ignore'
[0.210s] Level 1:colcon.colcon_core.package_identification:_identify(install) ignored
[0.210s] Level 1:colcon.colcon_core.package_identification:_identify(log) by extensions ['ignore', 'ignore_ament_install']
[0.210s] Level 1:colcon.colcon_core.package_identification:_identify(log) by extension 'ignore'
[0.210s] Level 1:colcon.colcon_core.package_identification:_identify(log) ignored
[0.211s] Level 1:colcon.colcon_core.package_identification:_identify(src) by extensions ['ignore', 'ignore_ament_install']
[0.211s] Level 1:colcon.colcon_core.package_identification:_identify(src) by extension 'ignore'
[0.211s] Level 1:colcon.colcon_core.package_identification:_identify(src) by extension 'ignore_ament_install'
[0.211s] Level 1:colcon.colcon_core.package_identification:_identify(src) by extensions ['colcon_pkg']
[0.211s] Level 1:colcon.colcon_core.package_identification:_identify(src) by extension 'colcon_pkg'
[0.211s] Level 1:colcon.colcon_core.package_identification:_identify(src) by extensions ['colcon_meta']
[0.211s] Level 1:colcon.colcon_core.package_identification:_identify(src) by extension 'colcon_meta'
[0.211s] Level 1:colcon.colcon_core.package_identification:_identify(src) by extensions ['ros']
[0.211s] Level 1:colcon.colcon_core.package_identification:_identify(src) by extension 'ros'
[0.211s] Level 1:colcon.colcon_core.package_identification:_identify(src) by extensions ['cmake', 'python']
[0.211s] Level 1:colcon.colcon_core.package_identification:_identify(src) by extension 'cmake'
[0.211s] Level 1:colcon.colcon_core.package_identification:_identify(src) by extension 'python'
[0.211s] Level 1:colcon.colcon_core.package_identification:_identify(src) by extensions ['python_setup_py']
[0.211s] Level 1:colcon.colcon_core.package_identification:_identify(src) by extension 'python_setup_py'
[0.211s] Level 1:colcon.colcon_core.package_identification:_identify(src/control) by extensions ['ignore', 'ignore_ament_install']
[0.211s] Level 1:colcon.colcon_core.package_identification:_identify(src/control) by extension 'ignore'
[0.211s] Level 1:colcon.colcon_core.package_identification:_identify(src/control) by extension 'ignore_ament_install'
[0.212s] Level 1:colcon.colcon_core.package_identification:_identify(src/control) by extensions ['colcon_pkg']
[0.212s] Level 1:colcon.colcon_core.package_identification:_identify(src/control) by extension 'colcon_pkg'
[0.212s] Level 1:colcon.colcon_core.package_identification:_identify(src/control) by extensions ['colcon_meta']
[0.212s] Level 1:colcon.colcon_core.package_identification:_identify(src/control) by extension 'colcon_meta'
[0.212s] Level 1:colcon.colcon_core.package_identification:_identify(src/control) by extensions ['ros']
[0.212s] Level 1:colcon.colcon_core.package_identification:_identify(src/control) by extension 'ros'
[0.215s] DEBUG:colcon.colcon_core.package_identification:Package 'src/control' with type 'ros.ament_python' and name 'control'
[0.215s] Level 1:colcon.colcon_core.package_identification:_identify(src/custom_interfaces) by extensions ['ignore', 'ignore_ament_install']
[0.215s] Level 1:colcon.colcon_core.package_identification:_identify(src/custom_interfaces) by extension 'ignore'
[0.215s] Level 1:colcon.colcon_core.package_identification:_identify(src/custom_interfaces) by extension 'ignore_ament_install'
[0.215s] Level 1:colcon.colcon_core.package_identification:_identify(src/custom_interfaces) by extensions ['colcon_pkg']
[0.215s] Level 1:colcon.colcon_core.package_identification:_identify(src/custom_interfaces) by extension 'colcon_pkg'
[0.215s] Level 1:colcon.colcon_core.package_identification:_identify(src/custom_interfaces) by extensions ['colcon_meta']
[0.215s] Level 1:colcon.colcon_core.package_identification:_identify(src/custom_interfaces) by extension 'colcon_meta'
[0.215s] Level 1:colcon.colcon_core.package_identification:_identify(src/custom_interfaces) by extensions ['ros']
[0.215s] Level 1:colcon.colcon_core.package_identification:_identify(src/custom_interfaces) by extension 'ros'
[0.216s] DEBUG:colcon.colcon_core.package_identification:Package 'src/custom_interfaces' with type 'ros.ament_cmake' and name 'custom_interfaces'
[0.217s] Level 1:colcon.colcon_core.package_identification:_identify(src/feedback) by extensions ['ignore', 'ignore_ament_install']
[0.217s] Level 1:colcon.colcon_core.package_identification:_identify(src/feedback) by extension 'ignore'
[0.217s] Level 1:colcon.colcon_core.package_identification:_identify(src/feedback) by extension 'ignore_ament_install'
[0.217s] Level 1:colcon.colcon_core.package_identification:_identify(src/feedback) by extensions ['colcon_pkg']
[0.217s] Level 1:colcon.colcon_core.package_identification:_identify(src/feedback) by extension 'colcon_pkg'
[0.217s] Level 1:colcon.colcon_core.package_identification:_identify(src/feedback) by extensions ['colcon_meta']
[0.217s] Level 1:colcon.colcon_core.package_identification:_identify(src/feedback) by extension 'colcon_meta'
[0.217s] Level 1:colcon.colcon_core.package_identification:_identify(src/feedback) by extensions ['ros']
[0.217s] Level 1:colcon.colcon_core.package_identification:_identify(src/feedback) by extension 'ros'
[0.218s] DEBUG:colcon.colcon_core.package_identification:Package 'src/feedback' with type 'ros.ament_python' and name 'feedback'
[0.218s] Level 1:colcon.colcon_core.package_identification:_identify(src/localization) by extensions ['ignore', 'ignore_ament_install']
[0.218s] Level 1:colcon.colcon_core.package_identification:_identify(src/localization) by extension 'ignore'
[0.218s] Level 1:colcon.colcon_core.package_identification:_identify(src/localization) by extension 'ignore_ament_install'
[0.218s] Level 1:colcon.colcon_core.package_identification:_identify(src/localization) by extensions ['colcon_pkg']
[0.218s] Level 1:colcon.colcon_core.package_identification:_identify(src/localization) by extension 'colcon_pkg'
[0.218s] Level 1:colcon.colcon_core.package_identification:_identify(src/localization) by extensions ['colcon_meta']
[0.218s] Level 1:colcon.colcon_core.package_identification:_identify(src/localization) by extension 'colcon_meta'
[0.218s] Level 1:colcon.colcon_core.package_identification:_identify(src/localization) by extensions ['ros']
[0.218s] Level 1:colcon.colcon_core.package_identification:_identify(src/localization) by extension 'ros'
[0.219s] DEBUG:colcon.colcon_core.package_identification:Package 'src/localization' with type 'ros.ament_python' and name 'localization'
[0.220s] Level 1:colcon.colcon_core.package_identification:_identify(src/wall_e_description) by extensions ['ignore', 'ignore_ament_install']
[0.220s] Level 1:colcon.colcon_core.package_identification:_identify(src/wall_e_description) by extension 'ignore'
[0.220s] Level 1:colcon.colcon_core.package_identification:_identify(src/wall_e_description) by extension 'ignore_ament_install'
[0.220s] Level 1:colcon.colcon_core.package_identification:_identify(src/wall_e_description) by extensions ['colcon_pkg']
[0.220s] Level 1:colcon.colcon_core.package_identification:_identify(src/wall_e_description) by extension 'colcon_pkg'
[0.220s] Level 1:colcon.colcon_core.package_identification:_identify(src/wall_e_description) by extensions ['colcon_meta']
[0.220s] Level 1:colcon.colcon_core.package_identification:_identify(src/wall_e_description) by extension 'colcon_meta'
[0.220s] Level 1:colcon.colcon_core.package_identification:_identify(src/wall_e_description) by extensions ['ros']
[0.220s] Level 1:colcon.colcon_core.package_identification:_identify(src/wall_e_description) by extension 'ros'
[0.221s] DEBUG:colcon.colcon_core.package_identification:Package 'src/wall_e_description' with type 'ros.ament_cmake' and name 'wall_e_description'
[0.221s] Level 1:colcon.colcon_core.package_discovery:discover_packages(recursive) using defaults
[0.221s] Level 1:colcon.colcon_core.package_discovery:discover_packages(ignore) discover
[0.221s] Level 1:colcon.colcon_core.package_discovery:discover_packages(ignore) using defaults
[0.221s] Level 1:colcon.colcon_core.package_discovery:discover_packages(path) discover
[0.221s] Level 1:colcon.colcon_core.package_discovery:discover_packages(path) using defaults
[0.240s] Level 5:colcon.colcon_core.verb:set package 'custom_interfaces' build argument 'cmake_args' from command line to 'None'
[0.240s] Level 5:colcon.colcon_core.verb:set package 'custom_interfaces' build argument 'cmake_target' from command line to 'None'
[0.240s] Level 5:colcon.colcon_core.verb:set package 'custom_interfaces' build argument 'cmake_target_skip_unavailable' from command line to 'False'
[0.240s] Level 5:colcon.colcon_core.verb:set package 'custom_interfaces' build argument 'cmake_clean_cache' from command line to 'False'
[0.240s] Level 5:colcon.colcon_core.verb:set package 'custom_interfaces' build argument 'cmake_clean_first' from command line to 'False'
[0.240s] Level 5:colcon.colcon_core.verb:set package 'custom_interfaces' build argument 'cmake_force_configure' from command line to 'False'
[0.240s] Level 5:colcon.colcon_core.verb:set package 'custom_interfaces' build argument 'ament_cmake_args' from command line to 'None'
[0.240s] Level 5:colcon.colcon_core.verb:set package 'custom_interfaces' build argument 'catkin_cmake_args' from command line to 'None'
[0.240s] Level 5:colcon.colcon_core.verb:set package 'custom_interfaces' build argument 'catkin_skip_building_tests' from command line to 'False'
[0.240s] DEBUG:colcon.colcon_core.verb:Building package 'custom_interfaces' with the following arguments: {'ament_cmake_args': None, 'build_base': '/micro_ros_ws/wall_e_ws/build/custom_interfaces', 'catkin_cmake_args': None, 'catkin_skip_building_tests': False, 'cmake_args': None, 'cmake_clean_cache': False, 'cmake_clean_first': False, 'cmake_force_configure': False, 'cmake_target': None, 'cmake_target_skip_unavailable': False, 'install_base': '/micro_ros_ws/wall_e_ws/install/custom_interfaces', 'merge_install': False, 'path': '/micro_ros_ws/wall_e_ws/src/custom_interfaces', 'symlink_install': False, 'test_result_base': None}
[0.241s] Level 5:colcon.colcon_core.verb:set package 'feedback' build argument 'cmake_args' from command line to 'None'
[0.241s] Level 5:colcon.colcon_core.verb:set package 'feedback' build argument 'cmake_target' from command line to 'None'
[0.241s] Level 5:colcon.colcon_core.verb:set package 'feedback' build argument 'cmake_target_skip_unavailable' from command line to 'False'
[0.241s] Level 5:colcon.colcon_core.verb:set package 'feedback' build argument 'cmake_clean_cache' from command line to 'False'
[0.241s] Level 5:colcon.colcon_core.verb:set package 'feedback' build argument 'cmake_clean_first' from command line to 'False'
[0.241s] Level 5:colcon.colcon_core.verb:set package 'feedback' build argument 'cmake_force_configure' from command line to 'False'
[0.241s] Level 5:colcon.colcon_core.verb:set package 'feedback' build argument 'ament_cmake_args' from command line to 'None'
[0.241s] Level 5:colcon.colcon_core.verb:set package 'feedback' build argument 'catkin_cmake_args' from command line to 'None'
[0.241s] Level 5:colcon.colcon_core.verb:set package 'feedback' build argument 'catkin_skip_building_tests' from command line to 'False'
[0.241s] DEBUG:colcon.colcon_core.verb:Building package 'feedback' with the following arguments: {'ament_cmake_args': None, 'build_base': '/micro_ros_ws/wall_e_ws/build/feedback', 'catkin_cmake_args': None, 'catkin_skip_building_tests': False, 'cmake_args': None, 'cmake_clean_cache': False, 'cmake_clean_first': False, 'cmake_force_configure': False, 'cmake_target': None, 'cmake_target_skip_unavailable': False, 'install_base': '/micro_ros_ws/wall_e_ws/install/feedback', 'merge_install': False, 'path': '/micro_ros_ws/wall_e_ws/src/feedback', 'symlink_install': False, 'test_result_base': None}
[0.241s] Level 5:colcon.colcon_core.verb:set package 'localization' build argument 'cmake_args' from command line to 'None'
[0.241s] Level 5:colcon.colcon_core.verb:set package 'localization' build argument 'cmake_target' from command line to 'None'
[0.241s] Level 5:colcon.colcon_core.verb:set package 'localization' build argument 'cmake_target_skip_unavailable' from command line to 'False'
[0.241s] Level 5:colcon.colcon_core.verb:set package 'localization' build argument 'cmake_clean_cache' from command line to 'False'
[0.241s] Level 5:colcon.colcon_core.verb:set package 'localization' build argument 'cmake_clean_first' from command line to 'False'
[0.241s] Level 5:colcon.colcon_core.verb:set package 'localization' build argument 'cmake_force_configure' from command line to 'False'
[0.241s] Level 5:colcon.colcon_core.verb:set package 'localization' build argument 'ament_cmake_args' from command line to 'None'
[0.241s] Level 5:colcon.colcon_core.verb:set package 'localization' build argument 'catkin_cmake_args' from command line to 'None'
[0.241s] Level 5:colcon.colcon_core.verb:set package 'localization' build argument 'catkin_skip_building_tests' from command line to 'False'
[0.241s] DEBUG:colcon.colcon_core.verb:Building package 'localization' with the following arguments: {'ament_cmake_args': None, 'build_base': '/micro_ros_ws/wall_e_ws/build/localization', 'catkin_cmake_args': None, 'catkin_skip_building_tests': False, 'cmake_args': None, 'cmake_clean_cache': False, 'cmake_clean_first': False, 'cmake_force_configure': False, 'cmake_target': None, 'cmake_target_skip_unavailable': False, 'install_base': '/micro_ros_ws/wall_e_ws/install/localization', 'merge_install': False, 'path': '/micro_ros_ws/wall_e_ws/src/localization', 'symlink_install': False, 'test_result_base': None}
[0.242s] Level 5:colcon.colcon_core.verb:set package 'wall_e_description' build argument 'cmake_args' from command line to 'None'
[0.242s] Level 5:colcon.colcon_core.verb:set package 'wall_e_description' build argument 'cmake_target' from command line to 'None'
[0.242s] Level 5:colcon.colcon_core.verb:set package 'wall_e_description' build argument 'cmake_target_skip_unavailable' from command line to 'False'
[0.242s] Level 5:colcon.colcon_core.verb:set package 'wall_e_description' build argument 'cmake_clean_cache' from command line to 'False'
[0.242s] Level 5:colcon.colcon_core.verb:set package 'wall_e_description' build argument 'cmake_clean_first' from command line to 'False'
[0.242s] Level 5:colcon.colcon_core.verb:set package 'wall_e_description' build argument 'cmake_force_configure' from command line to 'False'
[0.242s] Level 5:colcon.colcon_core.verb:set package 'wall_e_description' build argument 'ament_cmake_args' from command line to 'None'
[0.242s] Level 5:colcon.colcon_core.verb:set package 'wall_e_description' build argument 'catkin_cmake_args' from command line to 'None'
[0.242s] Level 5:colcon.colcon_core.verb:set package 'wall_e_description' build argument 'catkin_skip_building_tests' from command line to 'False'
[0.242s] DEBUG:colcon.colcon_core.verb:Building package 'wall_e_description' with the following arguments: {'ament_cmake_args': None, 'build_base': '/micro_ros_ws/wall_e_ws/build/wall_e_description', 'catkin_cmake_args': None, 'catkin_skip_building_tests': False, 'cmake_args': None, 'cmake_clean_cache': False, 'cmake_clean_first': False, 'cmake_force_configure': False, 'cmake_target': None, 'cmake_target_skip_unavailable': False, 'install_base': '/micro_ros_ws/wall_e_ws/install/wall_e_description', 'merge_install': False, 'path': '/micro_ros_ws/wall_e_ws/src/wall_e_description', 'symlink_install': False, 'test_result_base': None}
[0.242s] Level 5:colcon.colcon_core.verb:set package 'control' build argument 'cmake_args' from command line to 'None'
[0.242s] Level 5:colcon.colcon_core.verb:set package 'control' build argument 'cmake_target' from command line to 'None'
[0.242s] Level 5:colcon.colcon_core.verb:set package 'control' build argument 'cmake_target_skip_unavailable' from command line to 'False'
[0.242s] Level 5:colcon.colcon_core.verb:set package 'control' build argument 'cmake_clean_cache' from command line to 'False'
[0.242s] Level 5:colcon.colcon_core.verb:set package 'control' build argument 'cmake_clean_first' from command line to 'False'
[0.242s] Level 5:colcon.colcon_core.verb:set package 'control' build argument 'cmake_force_configure' from command line to 'False'
[0.242s] Level 5:colcon.colcon_core.verb:set package 'control' build argument 'ament_cmake_args' from command line to 'None'
[0.242s] Level 5:colcon.colcon_core.verb:set package 'control' build argument 'catkin_cmake_args' from command line to 'None'
[0.242s] Level 5:colcon.colcon_core.verb:set package 'control' build argument 'catkin_skip_building_tests' from command line to 'False'
[0.242s] DEBUG:colcon.colcon_core.verb:Building package 'control' with the following arguments: {'ament_cmake_args': None, 'build_base': '/micro_ros_ws/wall_e_ws/build/control', 'catkin_cmake_args': None, 'catkin_skip_building_tests': False, 'cmake_args': None, 'cmake_clean_cache': False, 'cmake_clean_first': False, 'cmake_force_configure': False, 'cmake_target': None, 'cmake_target_skip_unavailable': False, 'install_base': '/micro_ros_ws/wall_e_ws/install/control', 'merge_install': False, 'path': '/micro_ros_ws/wall_e_ws/src/control', 'symlink_install': False, 'test_result_base': None}
[0.242s] INFO:colcon.colcon_core.executor:Executing jobs using 'parallel' executor
[0.243s] DEBUG:colcon.colcon_parallel_executor.executor.parallel:run_until_complete
[0.244s] INFO:colcon.colcon_ros.task.ament_cmake.build:Building ROS package in '/micro_ros_ws/wall_e_ws/src/custom_interfaces' with build type 'ament_cmake'
[0.244s] INFO:colcon.colcon_cmake.task.cmake.build:Building CMake package in '/micro_ros_ws/wall_e_ws/src/custom_interfaces'
[0.246s] INFO:colcon.colcon_core.plugin_system:Skipping extension 'colcon_core.shell.bat': Not used on non-Windows systems
[0.246s] INFO:colcon.colcon_core.shell:Skip shell extension 'powershell' for command environment: Not usable outside of PowerShell
[0.246s] DEBUG:colcon.colcon_core.shell:Skip shell extension 'dsv' for command environment
[0.252s] INFO:colcon.colcon_ros.task.ament_python.build:Building ROS package in '/micro_ros_ws/wall_e_ws/src/feedback' with build type 'ament_python'
[0.253s] Level 1:colcon.colcon_core.shell:create_environment_hook('feedback', 'ament_prefix_path')
[0.253s] INFO:colcon.colcon_core.shell:Creating environment hook '/micro_ros_ws/wall_e_ws/install/feedback/share/feedback/hook/ament_prefix_path.ps1'
[0.254s] INFO:colcon.colcon_core.shell:Creating environment descriptor '/micro_ros_ws/wall_e_ws/install/feedback/share/feedback/hook/ament_prefix_path.dsv'
[0.254s] INFO:colcon.colcon_core.shell:Creating environment hook '/micro_ros_ws/wall_e_ws/install/feedback/share/feedback/hook/ament_prefix_path.sh'
[0.255s] INFO:colcon.colcon_core.shell:Skip shell extension 'powershell' for command environment: Not usable outside of PowerShell
[0.255s] DEBUG:colcon.colcon_core.shell:Skip shell extension 'dsv' for command environment
[0.258s] INFO:colcon.colcon_ros.task.ament_python.build:Building ROS package in '/micro_ros_ws/wall_e_ws/src/localization' with build type 'ament_python'
[0.259s] Level 1:colcon.colcon_core.shell:create_environment_hook('localization', 'ament_prefix_path')
[0.259s] INFO:colcon.colcon_core.shell:Creating environment hook '/micro_ros_ws/wall_e_ws/install/localization/share/localization/hook/ament_prefix_path.ps1'
[0.259s] INFO:colcon.colcon_core.shell:Creating environment descriptor '/micro_ros_ws/wall_e_ws/install/localization/share/localization/hook/ament_prefix_path.dsv'
[0.260s] INFO:colcon.colcon_core.shell:Creating environment hook '/micro_ros_ws/wall_e_ws/install/localization/share/localization/hook/ament_prefix_path.sh'
[0.261s] INFO:colcon.colcon_core.shell:Skip shell extension 'powershell' for command environment: Not usable outside of PowerShell
[0.261s] DEBUG:colcon.colcon_core.shell:Skip shell extension 'dsv' for command environment
[0.265s] INFO:colcon.colcon_ros.task.ament_cmake.build:Building ROS package in '/micro_ros_ws/wall_e_ws/src/wall_e_description' with build type 'ament_cmake'
[0.265s] INFO:colcon.colcon_cmake.task.cmake.build:Building CMake package in '/micro_ros_ws/wall_e_ws/src/wall_e_description'
[0.265s] INFO:colcon.colcon_core.shell:Skip shell extension 'powershell' for command environment: Not usable outside of PowerShell
[0.265s] DEBUG:colcon.colcon_core.shell:Skip shell extension 'dsv' for command environment
[0.273s] DEBUG:colcon.colcon_core.event_handler.log_command:Invoking command in '/micro_ros_ws/wall_e_ws/build/custom_interfaces': CMAKE_PREFIX_PATH=${CMAKE_PREFIX_PATH}:/micro_ros_ws/wall_e_ws/install/localization:/micro_ros_ws/wall_e_ws/install/feedback:/micro_ros_ws/wall_e_ws/install/control:/opt/ros/humble /usr/bin/cmake --build /micro_ros_ws/wall_e_ws/build/custom_interfaces -- -j12 -l12
[0.516s] INFO:colcon.colcon_core.task.python.build:Building Python package in '/micro_ros_ws/wall_e_ws/src/feedback'
[0.517s] INFO:colcon.colcon_core.shell:Skip shell extension 'powershell' for command environment: Not usable outside of PowerShell
[0.517s] DEBUG:colcon.colcon_core.shell:Skip shell extension 'dsv' for command environment
[0.716s] INFO:colcon.colcon_core.task.python.build:Building Python package in '/micro_ros_ws/wall_e_ws/src/localization'
[0.716s] INFO:colcon.colcon_core.shell:Skip shell extension 'powershell' for command environment: Not usable outside of PowerShell
[0.716s] DEBUG:colcon.colcon_core.shell:Skip shell extension 'dsv' for command environment
[0.727s] DEBUG:colcon.colcon_core.event_handler.log_command:Invoking command in '/micro_ros_ws/wall_e_ws/build/wall_e_description': CMAKE_PREFIX_PATH=${CMAKE_PREFIX_PATH}:/micro_ros_ws/wall_e_ws/install/localization:/micro_ros_ws/wall_e_ws/install/feedback:/micro_ros_ws/wall_e_ws/install/control:/opt/ros/humble /usr/bin/cmake --build /micro_ros_ws/wall_e_ws/build/wall_e_description -- -j12 -l12
[0.727s] DEBUG:colcon.colcon_core.event_handler.log_command:Invoked command in '/micro_ros_ws/wall_e_ws/build/custom_interfaces' returned '0': CMAKE_PREFIX_PATH=${CMAKE_PREFIX_PATH}:/micro_ros_ws/wall_e_ws/install/localization:/micro_ros_ws/wall_e_ws/install/feedback:/micro_ros_ws/wall_e_ws/install/control:/opt/ros/humble /usr/bin/cmake --build /micro_ros_ws/wall_e_ws/build/custom_interfaces -- -j12 -l12
[0.735s] DEBUG:colcon.colcon_core.event_handler.log_command:Invoking command in '/micro_ros_ws/wall_e_ws/build/custom_interfaces': CMAKE_PREFIX_PATH=${CMAKE_PREFIX_PATH}:/micro_ros_ws/wall_e_ws/install/localization:/micro_ros_ws/wall_e_ws/install/feedback:/micro_ros_ws/wall_e_ws/install/control:/opt/ros/humble /usr/bin/cmake --install /micro_ros_ws/wall_e_ws/build/custom_interfaces
[0.781s] DEBUG:colcon.colcon_core.event_handler.log_command:Invoked command in '/micro_ros_ws/wall_e_ws/build/wall_e_description' returned '0': CMAKE_PREFIX_PATH=${CMAKE_PREFIX_PATH}:/micro_ros_ws/wall_e_ws/install/localization:/micro_ros_ws/wall_e_ws/install/feedback:/micro_ros_ws/wall_e_ws/install/control:/opt/ros/humble /usr/bin/cmake --build /micro_ros_ws/wall_e_ws/build/wall_e_description -- -j12 -l12
[0.783s] DEBUG:colcon.colcon_core.event_handler.log_command:Invoking command in '/micro_ros_ws/wall_e_ws/build/wall_e_description': CMAKE_PREFIX_PATH=${CMAKE_PREFIX_PATH}:/micro_ros_ws/wall_e_ws/install/localization:/micro_ros_ws/wall_e_ws/install/feedback:/micro_ros_ws/wall_e_ws/install/control:/opt/ros/humble /usr/bin/cmake --install /micro_ros_ws/wall_e_ws/build/wall_e_description
[0.812s] Level 1:colcon.colcon_core.environment:create_environment_scripts_only(wall_e_description)
[0.813s] DEBUG:colcon.colcon_core.event_handler.log_command:Invoked command in '/micro_ros_ws/wall_e_ws/build/wall_e_description' returned '0': CMAKE_PREFIX_PATH=${CMAKE_PREFIX_PATH}:/micro_ros_ws/wall_e_ws/install/localization:/micro_ros_ws/wall_e_ws/install/feedback:/micro_ros_ws/wall_e_ws/install/control:/opt/ros/humble /usr/bin/cmake --install /micro_ros_ws/wall_e_ws/build/wall_e_description
[0.816s] Level 1:colcon.colcon_core.environment:checking '/micro_ros_ws/wall_e_ws/install/wall_e_description' for CMake module files
[0.819s] Level 1:colcon.colcon_core.environment:checking '/micro_ros_ws/wall_e_ws/install/wall_e_description' for CMake config files
[0.820s] Level 1:colcon.colcon_core.shell:create_environment_hook('wall_e_description', 'cmake_prefix_path')
[0.820s] INFO:colcon.colcon_core.shell:Creating environment hook '/micro_ros_ws/wall_e_ws/install/wall_e_description/share/wall_e_description/hook/cmake_prefix_path.ps1'
[0.821s] INFO:colcon.colcon_core.shell:Creating environment descriptor '/micro_ros_ws/wall_e_ws/install/wall_e_description/share/wall_e_description/hook/cmake_prefix_path.dsv'
[0.822s] INFO:colcon.colcon_core.shell:Creating environment hook '/micro_ros_ws/wall_e_ws/install/wall_e_description/share/wall_e_description/hook/cmake_prefix_path.sh'
[0.823s] Level 1:colcon.colcon_core.environment:checking '/micro_ros_ws/wall_e_ws/install/wall_e_description/bin'
[0.823s] Level 1:colcon.colcon_core.environment:checking '/micro_ros_ws/wall_e_ws/install/wall_e_description/lib/pkgconfig/wall_e_description.pc'
[0.824s] Level 1:colcon.colcon_core.environment:checking '/micro_ros_ws/wall_e_ws/install/wall_e_description/lib/python3.10/site-packages'
[0.824s] Level 1:colcon.colcon_core.environment:checking '/micro_ros_ws/wall_e_ws/install/wall_e_description/bin'
[0.825s] INFO:colcon.colcon_core.shell:Creating package script '/micro_ros_ws/wall_e_ws/install/wall_e_description/share/wall_e_description/package.ps1'
[0.826s] INFO:colcon.colcon_core.shell:Creating package descriptor '/micro_ros_ws/wall_e_ws/install/wall_e_description/share/wall_e_description/package.dsv'
[0.827s] INFO:colcon.colcon_core.shell:Creating package script '/micro_ros_ws/wall_e_ws/install/wall_e_description/share/wall_e_description/package.sh'
[0.829s] INFO:colcon.colcon_core.shell:Creating package script '/micro_ros_ws/wall_e_ws/install/wall_e_description/share/wall_e_description/package.bash'
[0.830s] INFO:colcon.colcon_core.shell:Creating package script '/micro_ros_ws/wall_e_ws/install/wall_e_description/share/wall_e_description/package.zsh'
[0.831s] Level 1:colcon.colcon_core.environment:create_file_with_runtime_dependencies(/micro_ros_ws/wall_e_ws/install/wall_e_description/share/colcon-core/packages/wall_e_description)
[0.833s] Level 1:colcon.colcon_core.environment:create_environment_scripts_only(wall_e_description)
[0.833s] Level 1:colcon.colcon_core.environment:checking '/micro_ros_ws/wall_e_ws/install/wall_e_description' for CMake module files
[0.835s] Level 1:colcon.colcon_core.environment:checking '/micro_ros_ws/wall_e_ws/install/wall_e_description' for CMake config files
[0.837s] Level 1:colcon.colcon_core.shell:create_environment_hook('wall_e_description', 'cmake_prefix_path')
[0.837s] INFO:colcon.colcon_core.shell:Creating environment hook '/micro_ros_ws/wall_e_ws/install/wall_e_description/share/wall_e_description/hook/cmake_prefix_path.ps1'
[0.838s] INFO:colcon.colcon_core.shell:Creating environment descriptor '/micro_ros_ws/wall_e_ws/install/wall_e_description/share/wall_e_description/hook/cmake_prefix_path.dsv'
[0.839s] INFO:colcon.colcon_core.shell:Creating environment hook '/micro_ros_ws/wall_e_ws/install/wall_e_description/share/wall_e_description/hook/cmake_prefix_path.sh'
[0.840s] Level 1:colcon.colcon_core.environment:checking '/micro_ros_ws/wall_e_ws/install/wall_e_description/bin'
[0.840s] Level 1:colcon.colcon_core.environment:checking '/micro_ros_ws/wall_e_ws/install/wall_e_description/lib/pkgconfig/wall_e_description.pc'
[0.841s] Level 1:colcon.colcon_core.environment:checking '/micro_ros_ws/wall_e_ws/install/wall_e_description/lib/python3.10/site-packages'
[0.841s] Level 1:colcon.colcon_core.environment:checking '/micro_ros_ws/wall_e_ws/install/wall_e_description/bin'
[0.841s] INFO:colcon.colcon_core.shell:Creating package script '/micro_ros_ws/wall_e_ws/install/wall_e_description/share/wall_e_description/package.ps1'
[0.843s] INFO:colcon.colcon_core.shell:Creating package descriptor '/micro_ros_ws/wall_e_ws/install/wall_e_description/share/wall_e_description/package.dsv'
[0.844s] INFO:colcon.colcon_core.shell:Creating package script '/micro_ros_ws/wall_e_ws/install/wall_e_description/share/wall_e_description/package.sh'
[0.845s] INFO:colcon.colcon_core.shell:Creating package script '/micro_ros_ws/wall_e_ws/install/wall_e_description/share/wall_e_description/package.bash'
[0.845s] INFO:colcon.colcon_core.shell:Creating package script '/micro_ros_ws/wall_e_ws/install/wall_e_description/share/wall_e_description/package.zsh'
[0.846s] Level 1:colcon.colcon_core.environment:create_file_with_runtime_dependencies(/micro_ros_ws/wall_e_ws/install/wall_e_description/share/colcon-core/packages/wall_e_description)
[0.907s] Level 1:colcon.colcon_core.environment:create_environment_scripts_only(custom_interfaces)
[0.908s] Level 1:colcon.colcon_core.environment:checking '/micro_ros_ws/wall_e_ws/install/custom_interfaces' for CMake module files
[0.908s] DEBUG:colcon.colcon_core.event_handler.log_command:Invoked command in '/micro_ros_ws/wall_e_ws/build/custom_interfaces' returned '0': CMAKE_PREFIX_PATH=${CMAKE_PREFIX_PATH}:/micro_ros_ws/wall_e_ws/install/localization:/micro_ros_ws/wall_e_ws/install/feedback:/micro_ros_ws/wall_e_ws/install/control:/opt/ros/humble /usr/bin/cmake --install /micro_ros_ws/wall_e_ws/build/custom_interfaces
[0.912s] Level 1:colcon.colcon_core.environment:checking '/micro_ros_ws/wall_e_ws/install/custom_interfaces' for CMake config files
[0.916s] Level 1:colcon.colcon_core.shell:create_environment_hook('custom_interfaces', 'cmake_prefix_path')
[0.917s] INFO:colcon.colcon_core.shell:Creating environment hook '/micro_ros_ws/wall_e_ws/install/custom_interfaces/share/custom_interfaces/hook/cmake_prefix_path.ps1'
[0.917s] INFO:colcon.colcon_core.shell:Creating environment descriptor '/micro_ros_ws/wall_e_ws/install/custom_interfaces/share/custom_interfaces/hook/cmake_prefix_path.dsv'
[0.918s] INFO:colcon.colcon_core.shell:Creating environment hook '/micro_ros_ws/wall_e_ws/install/custom_interfaces/share/custom_interfaces/hook/cmake_prefix_path.sh'
[0.919s] Level 1:colcon.colcon_core.environment:checking '/micro_ros_ws/wall_e_ws/install/custom_interfaces/lib'
[0.919s] Level 1:colcon.colcon_core.shell:create_environment_hook('custom_interfaces', 'ld_library_path_lib')
[0.920s] INFO:colcon.colcon_core.shell:Creating environment hook '/micro_ros_ws/wall_e_ws/install/custom_interfaces/share/custom_interfaces/hook/ld_library_path_lib.ps1'
[0.921s] INFO:colcon.colcon_core.shell:Creating environment descriptor '/micro_ros_ws/wall_e_ws/install/custom_interfaces/share/custom_interfaces/hook/ld_library_path_lib.dsv'
[0.922s] INFO:colcon.colcon_core.shell:Creating environment hook '/micro_ros_ws/wall_e_ws/install/custom_interfaces/share/custom_interfaces/hook/ld_library_path_lib.sh'
[0.923s] Level 1:colcon.colcon_core.environment:checking '/micro_ros_ws/wall_e_ws/install/custom_interfaces/bin'
[0.923s] Level 1:colcon.colcon_core.environment:checking '/micro_ros_ws/wall_e_ws/install/custom_interfaces/lib/pkgconfig/custom_interfaces.pc'
[0.923s] Level 1:colcon.colcon_core.environment:checking '/micro_ros_ws/wall_e_ws/install/custom_interfaces/lib/python3.10/site-packages'
[0.924s] Level 1:colcon.colcon_core.environment:checking '/micro_ros_ws/wall_e_ws/install/custom_interfaces/bin'
[0.924s] INFO:colcon.colcon_core.shell:Creating package script '/micro_ros_ws/wall_e_ws/install/custom_interfaces/share/custom_interfaces/package.ps1'
[0.925s] INFO:colcon.colcon_core.shell:Creating package descriptor '/micro_ros_ws/wall_e_ws/install/custom_interfaces/share/custom_interfaces/package.dsv'
[0.926s] INFO:colcon.colcon_core.shell:Creating package script '/micro_ros_ws/wall_e_ws/install/custom_interfaces/share/custom_interfaces/package.sh'
[0.927s] INFO:colcon.colcon_core.shell:Creating package script '/micro_ros_ws/wall_e_ws/install/custom_interfaces/share/custom_interfaces/package.bash'
[0.927s] INFO:colcon.colcon_core.shell:Creating package script '/micro_ros_ws/wall_e_ws/install/custom_interfaces/share/custom_interfaces/package.zsh'
[0.928s] Level 1:colcon.colcon_core.environment:create_file_with_runtime_dependencies(/micro_ros_ws/wall_e_ws/install/custom_interfaces/share/colcon-core/packages/custom_interfaces)
[0.929s] Level 1:colcon.colcon_core.environment:create_environment_scripts_only(custom_interfaces)
[0.929s] Level 1:colcon.colcon_core.environment:checking '/micro_ros_ws/wall_e_ws/install/custom_interfaces' for CMake module files
[0.933s] Level 1:colcon.colcon_core.environment:checking '/micro_ros_ws/wall_e_ws/install/custom_interfaces' for CMake config files
[0.937s] Level 1:colcon.colcon_core.shell:create_environment_hook('custom_interfaces', 'cmake_prefix_path')
[0.937s] INFO:colcon.colcon_core.shell:Creating environment hook '/micro_ros_ws/wall_e_ws/install/custom_interfaces/share/custom_interfaces/hook/cmake_prefix_path.ps1'
[0.938s] INFO:colcon.colcon_core.shell:Creating environment descriptor '/micro_ros_ws/wall_e_ws/install/custom_interfaces/share/custom_interfaces/hook/cmake_prefix_path.dsv'
[0.938s] INFO:colcon.colcon_core.shell:Creating environment hook '/micro_ros_ws/wall_e_ws/install/custom_interfaces/share/custom_interfaces/hook/cmake_prefix_path.sh'
[0.939s] Level 1:colcon.colcon_core.environment:checking '/micro_ros_ws/wall_e_ws/install/custom_interfaces/lib'
[0.940s] Level 1:colcon.colcon_core.shell:create_environment_hook('custom_interfaces', 'ld_library_path_lib')
[0.940s] INFO:colcon.colcon_core.shell:Creating environment hook '/micro_ros_ws/wall_e_ws/install/custom_interfaces/share/custom_interfaces/hook/ld_library_path_lib.ps1'
[0.941s] INFO:colcon.colcon_core.shell:Creating environment descriptor '/micro_ros_ws/wall_e_ws/install/custom_interfaces/share/custom_interfaces/hook/ld_library_path_lib.dsv'
[0.941s] INFO:colcon.colcon_core.shell:Creating environment hook '/micro_ros_ws/wall_e_ws/install/custom_interfaces/share/custom_interfaces/hook/ld_library_path_lib.sh'
[0.942s] Level 1:colcon.colcon_core.environment:checking '/micro_ros_ws/wall_e_ws/install/custom_interfaces/bin'
[0.942s] Level 1:colcon.colcon_core.environment:checking '/micro_ros_ws/wall_e_ws/install/custom_interfaces/lib/pkgconfig/custom_interfaces.pc'
[0.943s] Level 1:colcon.colcon_core.environment:checking '/micro_ros_ws/wall_e_ws/install/custom_interfaces/lib/python3.10/site-packages'
[0.943s] Level 1:colcon.colcon_core.environment:checking '/micro_ros_ws/wall_e_ws/install/custom_interfaces/bin'
[0.944s] INFO:colcon.colcon_core.shell:Creating package script '/micro_ros_ws/wall_e_ws/install/custom_interfaces/share/custom_interfaces/package.ps1'
[0.945s] INFO:colcon.colcon_core.shell:Creating package descriptor '/micro_ros_ws/wall_e_ws/install/custom_interfaces/share/custom_interfaces/package.dsv'
[0.946s] INFO:colcon.colcon_core.shell:Creating package script '/micro_ros_ws/wall_e_ws/install/custom_interfaces/share/custom_interfaces/package.sh'
[0.946s] INFO:colcon.colcon_core.shell:Creating package script '/micro_ros_ws/wall_e_ws/install/custom_interfaces/share/custom_interfaces/package.bash'
[0.947s] INFO:colcon.colcon_core.shell:Creating package script '/micro_ros_ws/wall_e_ws/install/custom_interfaces/share/custom_interfaces/package.zsh'
[0.948s] Level 1:colcon.colcon_core.environment:create_file_with_runtime_dependencies(/micro_ros_ws/wall_e_ws/install/custom_interfaces/share/colcon-core/packages/custom_interfaces)
[0.948s] INFO:colcon.colcon_ros.task.ament_python.build:Building ROS package in '/micro_ros_ws/wall_e_ws/src/control' with build type 'ament_python'
[0.949s] Level 1:colcon.colcon_core.shell:create_environment_hook('control', 'ament_prefix_path')
[0.949s] INFO:colcon.colcon_core.shell:Creating environment hook '/micro_ros_ws/wall_e_ws/install/control/share/control/hook/ament_prefix_path.ps1'
[0.950s] INFO:colcon.colcon_core.shell:Creating environment descriptor '/micro_ros_ws/wall_e_ws/install/control/share/control/hook/ament_prefix_path.dsv'
[0.951s] INFO:colcon.colcon_core.shell:Creating environment hook '/micro_ros_ws/wall_e_ws/install/control/share/control/hook/ament_prefix_path.sh'
[0.952s] INFO:colcon.colcon_core.shell:Skip shell extension 'powershell' for command environment: Not usable outside of PowerShell
[0.952s] DEBUG:colcon.colcon_core.shell:Skip shell extension 'dsv' for command environment
[1.163s] INFO:colcon.colcon_core.task.python.build:Building Python package in '/micro_ros_ws/wall_e_ws/src/control'
[1.164s] INFO:colcon.colcon_core.shell:Skip shell extension 'powershell' for command environment: Not usable outside of PowerShell
[1.164s] DEBUG:colcon.colcon_core.shell:Skip shell extension 'dsv' for command environment
[1.171s] DEBUG:colcon.colcon_core.event_handler.log_command:Invoking command in '/micro_ros_ws/wall_e_ws/src/localization': PYTHONPATH=/micro_ros_ws/wall_e_ws/build/localization/prefix_override:/usr/lib/python3/dist-packages/colcon_core/task/python/colcon_distutils_commands:/micro_ros_ws/wall_e_ws/install/localization/lib/python3.10/site-packages:${PYTHONPATH} /usr/bin/python3 -W ignore:setup.py install is deprecated -W ignore:easy_install command is deprecated setup.py egg_info --egg-base ../../build/localization build --build-base /micro_ros_ws/wall_e_ws/build/localization/build install --record /micro_ros_ws/wall_e_ws/build/localization/install.log --single-version-externally-managed install_data
[1.173s] DEBUG:colcon.colcon_core.event_handler.log_command:Invoking command in '/micro_ros_ws/wall_e_ws/src/feedback': PYTHONPATH=/micro_ros_ws/wall_e_ws/build/feedback/prefix_override:/usr/lib/python3/dist-packages/colcon_core/task/python/colcon_distutils_commands:/micro_ros_ws/wall_e_ws/install/feedback/lib/python3.10/site-packages:${PYTHONPATH} /usr/bin/python3 -W ignore:setup.py install is deprecated -W ignore:easy_install command is deprecated setup.py egg_info --egg-base ../../build/feedback build --build-base /micro_ros_ws/wall_e_ws/build/feedback/build install --record /micro_ros_ws/wall_e_ws/build/feedback/install.log --single-version-externally-managed install_data
[1.439s] Level 1:colcon.colcon_core.environment:checking '/micro_ros_ws/wall_e_ws/install/localization' for CMake module files
[1.440s] DEBUG:colcon.colcon_core.event_handler.log_command:Invoked command in '/micro_ros_ws/wall_e_ws/src/localization' returned '0': PYTHONPATH=/micro_ros_ws/wall_e_ws/build/localization/prefix_override:/usr/lib/python3/dist-packages/colcon_core/task/python/colcon_distutils_commands:/micro_ros_ws/wall_e_ws/install/localization/lib/python3.10/site-packages:${PYTHONPATH} /usr/bin/python3 -W ignore:setup.py install is deprecated -W ignore:easy_install command is deprecated setup.py egg_info --egg-base ../../build/localization build --build-base /micro_ros_ws/wall_e_ws/build/localization/build install --record /micro_ros_ws/wall_e_ws/build/localization/install.log --single-version-externally-managed install_data
[1.441s] Level 1:colcon.colcon_core.environment:checking '/micro_ros_ws/wall_e_ws/install/localization' for CMake config files
[1.444s] Level 1:colcon.colcon_core.environment:checking '/micro_ros_ws/wall_e_ws/install/localization/lib'
[1.444s] Level 1:colcon.colcon_core.environment:checking '/micro_ros_ws/wall_e_ws/install/localization/bin'
[1.444s] Level 1:colcon.colcon_core.environment:checking '/micro_ros_ws/wall_e_ws/install/localization/lib/pkgconfig/localization.pc'
[1.445s] Level 1:colcon.colcon_core.environment:checking '/micro_ros_ws/wall_e_ws/install/localization/lib/python3.10/site-packages'
[1.445s] Level 1:colcon.colcon_core.shell:create_environment_hook('localization', 'pythonpath')
[1.445s] INFO:colcon.colcon_core.shell:Creating environment hook '/micro_ros_ws/wall_e_ws/install/localization/share/localization/hook/pythonpath.ps1'
[1.446s] INFO:colcon.colcon_core.shell:Creating environment descriptor '/micro_ros_ws/wall_e_ws/install/localization/share/localization/hook/pythonpath.dsv'
[1.447s] INFO:colcon.colcon_core.shell:Creating environment hook '/micro_ros_ws/wall_e_ws/install/localization/share/localization/hook/pythonpath.sh'
[1.448s] Level 1:colcon.colcon_core.environment:checking '/micro_ros_ws/wall_e_ws/install/localization/bin'
[1.448s] Level 1:colcon.colcon_core.environment:create_environment_scripts_only(localization)
[1.448s] INFO:colcon.colcon_core.shell:Creating package script '/micro_ros_ws/wall_e_ws/install/localization/share/localization/package.ps1'
[1.449s] INFO:colcon.colcon_core.shell:Creating package descriptor '/micro_ros_ws/wall_e_ws/install/localization/share/localization/package.dsv'
[1.449s] INFO:colcon.colcon_core.shell:Creating package script '/micro_ros_ws/wall_e_ws/install/localization/share/localization/package.sh'
[1.450s] INFO:colcon.colcon_core.shell:Creating package script '/micro_ros_ws/wall_e_ws/install/localization/share/localization/package.bash'
[1.451s] INFO:colcon.colcon_core.shell:Creating package script '/micro_ros_ws/wall_e_ws/install/localization/share/localization/package.zsh'
[1.451s] Level 1:colcon.colcon_core.environment:create_file_with_runtime_dependencies(/micro_ros_ws/wall_e_ws/install/localization/share/colcon-core/packages/localization)
[1.453s] Level 1:colcon.colcon_core.environment:checking '/micro_ros_ws/wall_e_ws/install/feedback' for CMake module files
[1.454s] DEBUG:colcon.colcon_core.event_handler.log_command:Invoked command in '/micro_ros_ws/wall_e_ws/src/feedback' returned '0': PYTHONPATH=/micro_ros_ws/wall_e_ws/build/feedback/prefix_override:/usr/lib/python3/dist-packages/colcon_core/task/python/colcon_distutils_commands:/micro_ros_ws/wall_e_ws/install/feedback/lib/python3.10/site-packages:${PYTHONPATH} /usr/bin/python3 -W ignore:setup.py install is deprecated -W ignore:easy_install command is deprecated setup.py egg_info --egg-base ../../build/feedback build --build-base /micro_ros_ws/wall_e_ws/build/feedback/build install --record /micro_ros_ws/wall_e_ws/build/feedback/install.log --single-version-externally-managed install_data
[1.455s] Level 1:colcon.colcon_core.environment:checking '/micro_ros_ws/wall_e_ws/install/feedback' for CMake config files
[1.457s] Level 1:colcon.colcon_core.environment:checking '/micro_ros_ws/wall_e_ws/install/feedback/lib'
[1.457s] Level 1:colcon.colcon_core.environment:checking '/micro_ros_ws/wall_e_ws/install/feedback/bin'
[1.457s] Level 1:colcon.colcon_core.environment:checking '/micro_ros_ws/wall_e_ws/install/feedback/lib/pkgconfig/feedback.pc'
[1.458s] Level 1:colcon.colcon_core.environment:checking '/micro_ros_ws/wall_e_ws/install/feedback/lib/python3.10/site-packages'
[1.458s] Level 1:colcon.colcon_core.shell:create_environment_hook('feedback', 'pythonpath')
[1.458s] INFO:colcon.colcon_core.shell:Creating environment hook '/micro_ros_ws/wall_e_ws/install/feedback/share/feedback/hook/pythonpath.ps1'
[1.459s] INFO:colcon.colcon_core.shell:Creating environment descriptor '/micro_ros_ws/wall_e_ws/install/feedback/share/feedback/hook/pythonpath.dsv'
[1.459s] INFO:colcon.colcon_core.shell:Creating environment hook '/micro_ros_ws/wall_e_ws/install/feedback/share/feedback/hook/pythonpath.sh'
[1.460s] Level 1:colcon.colcon_core.environment:checking '/micro_ros_ws/wall_e_ws/install/feedback/bin'
[1.460s] Level 1:colcon.colcon_core.environment:create_environment_scripts_only(feedback)
[1.461s] INFO:colcon.colcon_core.shell:Creating package script '/micro_ros_ws/wall_e_ws/install/feedback/share/feedback/package.ps1'
[1.462s] INFO:colcon.colcon_core.shell:Creating package descriptor '/micro_ros_ws/wall_e_ws/install/feedback/share/feedback/package.dsv'
[1.462s] INFO:colcon.colcon_core.shell:Creating package script '/micro_ros_ws/wall_e_ws/install/feedback/share/feedback/package.sh'
[1.463s] INFO:colcon.colcon_core.shell:Creating package script '/micro_ros_ws/wall_e_ws/install/feedback/share/feedback/package.bash'
[1.464s] INFO:colcon.colcon_core.shell:Creating package script '/micro_ros_ws/wall_e_ws/install/feedback/share/feedback/package.zsh'
[1.465s] Level 1:colcon.colcon_core.environment:create_file_with_runtime_dependencies(/micro_ros_ws/wall_e_ws/install/feedback/share/colcon-core/packages/feedback)
[1.501s] DEBUG:colcon.colcon_core.event_handler.log_command:Invoking command in '/micro_ros_ws/wall_e_ws/src/control': CMAKE_PREFIX_PATH=/micro_ros_ws/wall_e_ws/install/custom_interfaces:/micro_ros_ws/wall_e_ws/install/wall_e_description PYTHONPATH=/micro_ros_ws/wall_e_ws/build/control/prefix_override:/usr/lib/python3/dist-packages/colcon_core/task/python/colcon_distutils_commands:/micro_ros_ws/wall_e_ws/install/control/lib/python3.10/site-packages:${PYTHONPATH} /usr/bin/python3 -W ignore:setup.py install is deprecated -W ignore:easy_install command is deprecated setup.py egg_info --egg-base ../../build/control build --build-base /micro_ros_ws/wall_e_ws/build/control/build install --record /micro_ros_ws/wall_e_ws/build/control/install.log --single-version-externally-managed install_data
[1.714s] Level 1:colcon.colcon_core.environment:checking '/micro_ros_ws/wall_e_ws/install/control' for CMake module files
[1.714s] DEBUG:colcon.colcon_core.event_handler.log_command:Invoked command in '/micro_ros_ws/wall_e_ws/src/control' returned '0': CMAKE_PREFIX_PATH=/micro_ros_ws/wall_e_ws/install/custom_interfaces:/micro_ros_ws/wall_e_ws/install/wall_e_description PYTHONPATH=/micro_ros_ws/wall_e_ws/build/control/prefix_override:/usr/lib/python3/dist-packages/colcon_core/task/python/colcon_distutils_commands:/micro_ros_ws/wall_e_ws/install/control/lib/python3.10/site-packages:${PYTHONPATH} /usr/bin/python3 -W ignore:setup.py install is deprecated -W ignore:easy_install command is deprecated setup.py egg_info --egg-base ../../build/control build --build-base /micro_ros_ws/wall_e_ws/build/control/build install --record /micro_ros_ws/wall_e_ws/build/control/install.log --single-version-externally-managed install_data
[1.715s] Level 1:colcon.colcon_core.environment:checking '/micro_ros_ws/wall_e_ws/install/control' for CMake config files
[1.716s] Level 1:colcon.colcon_core.environment:checking '/micro_ros_ws/wall_e_ws/install/control/lib'
[1.716s] Level 1:colcon.colcon_core.environment:checking '/micro_ros_ws/wall_e_ws/install/control/bin'
[1.717s] Level 1:colcon.colcon_core.environment:checking '/micro_ros_ws/wall_e_ws/install/control/lib/pkgconfig/control.pc'
[1.717s] Level 1:colcon.colcon_core.environment:checking '/micro_ros_ws/wall_e_ws/install/control/lib/python3.10/site-packages'
[1.717s] Level 1:colcon.colcon_core.shell:create_environment_hook('control', 'pythonpath')
[1.717s] INFO:colcon.colcon_core.shell:Creating environment hook '/micro_ros_ws/wall_e_ws/install/control/share/control/hook/pythonpath.ps1'
[1.717s] INFO:colcon.colcon_core.shell:Creating environment descriptor '/micro_ros_ws/wall_e_ws/install/control/share/control/hook/pythonpath.dsv'
[1.718s] INFO:colcon.colcon_core.shell:Creating environment hook '/micro_ros_ws/wall_e_ws/install/control/share/control/hook/pythonpath.sh'
[1.718s] Level 1:colcon.colcon_core.environment:checking '/micro_ros_ws/wall_e_ws/install/control/bin'
[1.719s] Level 1:colcon.colcon_core.environment:create_environment_scripts_only(control)
[1.719s] INFO:colcon.colcon_core.shell:Creating package script '/micro_ros_ws/wall_e_ws/install/control/share/control/package.ps1'
[1.719s] INFO:colcon.colcon_core.shell:Creating package descriptor '/micro_ros_ws/wall_e_ws/install/control/share/control/package.dsv'
[1.720s] INFO:colcon.colcon_core.shell:Creating package script '/micro_ros_ws/wall_e_ws/install/control/share/control/package.sh'
[1.720s] INFO:colcon.colcon_core.shell:Creating package script '/micro_ros_ws/wall_e_ws/install/control/share/control/package.bash'
[1.720s] INFO:colcon.colcon_core.shell:Creating package script '/micro_ros_ws/wall_e_ws/install/control/share/control/package.zsh'
[1.721s] Level 1:colcon.colcon_core.environment:create_file_with_runtime_dependencies(/micro_ros_ws/wall_e_ws/install/control/share/colcon-core/packages/control)
[1.721s] DEBUG:colcon.colcon_parallel_executor.executor.parallel:closing loop
[1.721s] DEBUG:colcon.colcon_parallel_executor.executor.parallel:loop closed
[1.721s] DEBUG:colcon.colcon_parallel_executor.executor.parallel:run_until_complete finished with '0'
[1.722s] DEBUG:colcon.colcon_core.event_reactor:joining thread
[1.728s] INFO:colcon.colcon_core.plugin_system:Skipping extension 'colcon_notification.desktop_notification.notify_send': Could not find 'notify-send'
[1.728s] INFO:colcon.colcon_core.plugin_system:Skipping extension 'colcon_notification.desktop_notification.terminal_notifier': Not used on non-Darwin systems
[1.728s] INFO:colcon.colcon_core.plugin_system:Skipping extension 'colcon_notification.desktop_notification.win32': Not used on non-Windows systems
[1.728s] INFO:colcon.colcon_notification.desktop_notification:Sending desktop notification using 'notify2'
[1.730s] DEBUG:colcon.colcon_notification.desktop_notification.notify2:Failed to initialize notify2: org.freedesktop.DBus.Error.Spawn.ExecFailed: /usr/bin/dbus-launch terminated abnormally without any error message
[1.730s] DEBUG:colcon.colcon_core.event_reactor:joined thread
[1.731s] INFO:colcon.colcon_core.shell:Creating prefix script '/micro_ros_ws/wall_e_ws/install/local_setup.ps1'
[1.732s] INFO:colcon.colcon_core.shell:Creating prefix util module '/micro_ros_ws/wall_e_ws/install/_local_setup_util_ps1.py'
[1.733s] INFO:colcon.colcon_core.shell:Creating prefix chain script '/micro_ros_ws/wall_e_ws/install/setup.ps1'
[1.744s] INFO:colcon.colcon_core.shell:Creating prefix script '/micro_ros_ws/wall_e_ws/install/local_setup.sh'
[1.745s] INFO:colcon.colcon_core.shell:Creating prefix util module '/micro_ros_ws/wall_e_ws/install/_local_setup_util_sh.py'
[1.745s] INFO:colcon.colcon_core.shell:Creating prefix chain script '/micro_ros_ws/wall_e_ws/install/setup.sh'
[1.747s] INFO:colcon.colcon_core.shell:Creating prefix script '/micro_ros_ws/wall_e_ws/install/local_setup.bash'
[1.747s] INFO:colcon.colcon_core.shell:Creating prefix chain script '/micro_ros_ws/wall_e_ws/install/setup.bash'
[1.748s] INFO:colcon.colcon_core.shell:Creating prefix script '/micro_ros_ws/wall_e_ws/install/local_setup.zsh'
[1.749s] INFO:colcon.colcon_core.shell:Creating prefix chain script '/micro_ros_ws/wall_e_ws/install/setup.zsh'
