[0.803s] Invoking command in '/micro_ros_ws/firmware/mcu_ws/build/shape_msgs': AMENT_PREFIX_PATH=/micro_ros_ws/firmware/mcu_ws/install:${AMENT_PREFIX_PATH} CMAKE_PREFIX_PATH=/micro_ros_ws/firmware/mcu_ws/install:/micro_ros_ws/firmware/dev_ws/install/ament_lint_common:/micro_ros_ws/firmware/dev_ws/install/ament_cmake_uncrustify:/micro_ros_ws/firmware/dev_ws/install/uncrustify_vendor:/micro_ros_ws/firmware/dev_ws/install/ament_cmake_ros:/micro_ros_ws/firmware/dev_ws/install/ament_cmake_auto:/micro_ros_ws/firmware/dev_ws/install/ament_cmake_gmock:/micro_ros_ws/firmware/dev_ws/install/gmock_vendor:/micro_ros_ws/firmware/dev_ws/install/ament_cmake_gtest:/micro_ros_ws/firmware/dev_ws/install/gtest_vendor:/micro_ros_ws/firmware/dev_ws/install/ament_cmake_xmllint:/micro_ros_ws/firmware/dev_ws/install/ament_cmake_pyflakes:/micro_ros_ws/firmware/dev_ws/install/ament_cmake_pycodestyle:/micro_ros_ws/firmware/dev_ws/install/ament_cmake_pep257:/micro_ros_ws/firmware/dev_ws/install/ament_cmake_pclint:/micro_ros_ws/firmware/dev_ws/install/ament_lint_auto:/micro_ros_ws/firmware/dev_ws/install/ament_cmake:/micro_ros_ws/firmware/dev_ws/install/ament_cmake_version:/micro_ros_ws/firmware/dev_ws/install/ament_cmake_vendor_package:/micro_ros_ws/firmware/dev_ws/install/ament_cmake_pytest:/micro_ros_ws/firmware/dev_ws/install/ament_cmake_nose:/micro_ros_ws/firmware/dev_ws/install/ament_cmake_mypy:/micro_ros_ws/firmware/dev_ws/install/ament_cmake_lint_cmake:/micro_ros_ws/firmware/dev_ws/install/ament_cmake_google_benchmark:/micro_ros_ws/firmware/dev_ws/install/ament_cmake_flake8:/micro_ros_ws/firmware/dev_ws/install/ament_cmake_cpplint:/micro_ros_ws/firmware/dev_ws/install/ament_cmake_cppcheck:/micro_ros_ws/firmware/dev_ws/install/ament_cmake_copyright:/micro_ros_ws/firmware/dev_ws/install/ament_cmake_clang_tidy:/micro_ros_ws/firmware/dev_ws/install/ament_cmake_clang_format:/micro_ros_ws/firmware/dev_ws/install/ament_cmake_test:/micro_ros_ws/firmware/dev_ws/install/ament_cmake_target_dependencies:/micro_ros_ws/firmware/dev_ws/install/ament_cmake_python:/micro_ros_ws/firmware/dev_ws/install/ament_cmake_export_dependencies:/micro_ros_ws/firmware/dev_ws/install/ament_cmake_libraries:/micro_ros_ws/firmware/dev_ws/install/ament_cmake_include_directories:/micro_ros_ws/firmware/dev_ws/install/ament_cmake_gen_version_h:/micro_ros_ws/firmware/dev_ws/install/ament_cmake_export_targets:/micro_ros_ws/firmware/dev_ws/install/ament_cmake_export_link_flags:/micro_ros_ws/firmware/dev_ws/install/ament_cmake_export_interfaces:/micro_ros_ws/firmware/dev_ws/install/ament_cmake_export_libraries:/micro_ros_ws/firmware/dev_ws/install/ament_cmake_export_include_directories:/micro_ros_ws/firmware/dev_ws/install/ament_cmake_export_definitions:/micro_ros_ws/firmware/dev_ws/install/ament_cmake_core:/micro_ros_ws/firmware/dev_ws/install/ament_index_cpp:/micro_ros_ws/firmware/dev_ws/install/ament_uncrustify:/micro_ros_ws/firmware/dev_ws/install/domain_coordinator:/micro_ros_ws/firmware/dev_ws/install/ament_xmllint:/micro_ros_ws/firmware/dev_ws/install/ament_pyflakes:/micro_ros_ws/firmware/dev_ws/install/ament_pycodestyle:/micro_ros_ws/firmware/dev_ws/install/ament_pep257:/micro_ros_ws/firmware/dev_ws/install/ament_pclint:/micro_ros_ws/firmware/dev_ws/install/ament_package:/micro_ros_ws/firmware/dev_ws/install/ament_mypy:/micro_ros_ws/firmware/dev_ws/install/ament_lint_cmake:/micro_ros_ws/firmware/dev_ws/install/ament_flake8:/micro_ros_ws/firmware/dev_ws/install/ament_copyright:/micro_ros_ws/firmware/dev_ws/install/ament_lint:/micro_ros_ws/firmware/dev_ws/install/ament_index_python:/micro_ros_ws/firmware/dev_ws/install/ament_cpplint:/micro_ros_ws/firmware/dev_ws/install/ament_cppcheck:/micro_ros_ws/firmware/dev_ws/install/ament_clang_tidy:/micro_ros_ws/firmware/dev_ws/install/ament_clang_format LD_LIBRARY_PATH=/micro_ros_ws/firmware/mcu_ws/install/lib:${LD_LIBRARY_PATH} PATH=/micro_ros_ws/firmware/mcu_ws/install/bin:${PATH} PYTHONPATH=/micro_ros_ws/firmware/mcu_ws/install/lib/python3.10/site-packages:${PYTHONPATH} /usr/bin/cmake --build /micro_ros_ws/firmware/mcu_ws/build/shape_msgs -- -j12 -l12
[0.870s] gmake[4]: Entering directory '/micro_ros_ws/firmware/mcu_ws/build/shape_msgs'
[0.870s] /usr/bin/cmake -S/micro_ros_ws/firmware/mcu_ws/ros2/common_interfaces/shape_msgs -B/micro_ros_ws/firmware/mcu_ws/build/shape_msgs --check-build-system CMakeFiles/Makefile.cmake 0
[0.981s] Re-run cmake file: Makefile older than: /micro_ros_ws/firmware/freertos_apps/microros_esp32_extensions/esp32_toolchain.cmake
[0.998s] -- Found ament_cmake: 1.3.14 (/micro_ros_ws/firmware/dev_ws/install/ament_cmake/share/ament_cmake/cmake)
[1.944s] -- Found geometry_msgs: 4.9.1 (/micro_ros_ws/firmware/mcu_ws/install/share/geometry_msgs/cmake)
[2.042s] -- Using all available rosidl_typesupport_c: rosidl_typesupport_introspection_c;rosidl_typesupport_microxrcedds_c
[2.067s] -- Found rosidl_adapter: 3.1.8 (/micro_ros_ws/firmware/mcu_ws/install/share/rosidl_adapter/cmake)
[2.239s] -- Found rosidl_default_generators: 1.2.1 (/micro_ros_ws/firmware/mcu_ws/install/share/rosidl_default_generators/cmake)
[5.400s] -- Found ament_cmake_ros: 0.10.0 (/micro_ros_ws/firmware/dev_ws/install/ament_cmake_ros/share/ament_cmake_ros/cmake)
[7.539s] -- Using all available rosidl_typesupport_c: rosidl_typesupport_introspection_c;rosidl_typesupport_microxrcedds_c
[7.657s] -- Configuring done
[8.016s] -- Generating done
[8.094s] -- Build files have been written to: /micro_ros_ws/firmware/mcu_ws/build/shape_msgs
[8.098s] /usr/bin/cmake -E cmake_progress_start /micro_ros_ws/firmware/mcu_ws/build/shape_msgs/CMakeFiles /micro_ros_ws/firmware/mcu_ws/build/shape_msgs//CMakeFiles/progress.marks
[8.132s] /usr/bin/gmake  -f CMakeFiles/Makefile2 all
[8.140s] gmake[5]: Entering directory '/micro_ros_ws/firmware/mcu_ws/build/shape_msgs'
[8.141s] /usr/bin/gmake  -f CMakeFiles/shape_msgs__rosidl_generator_c.dir/build.make CMakeFiles/shape_msgs__rosidl_generator_c.dir/depend
[8.186s] gmake[6]: Entering directory '/micro_ros_ws/firmware/mcu_ws/build/shape_msgs'
[8.186s] cd /micro_ros_ws/firmware/mcu_ws/build/shape_msgs && /usr/bin/cmake -E cmake_depends "Unix Makefiles" /micro_ros_ws/firmware/mcu_ws/ros2/common_interfaces/shape_msgs /micro_ros_ws/firmware/mcu_ws/ros2/common_interfaces/shape_msgs /micro_ros_ws/firmware/mcu_ws/build/shape_msgs /micro_ros_ws/firmware/mcu_ws/build/shape_msgs /micro_ros_ws/firmware/mcu_ws/build/shape_msgs/CMakeFiles/shape_msgs__rosidl_generator_c.dir/DependInfo.cmake --color=
[8.228s] Dependencies file "CMakeFiles/shape_msgs__rosidl_generator_c.dir/rosidl_generator_c/shape_msgs/msg/detail/mesh__functions.c.obj.d" is newer than depends file "/micro_ros_ws/firmware/mcu_ws/build/shape_msgs/CMakeFiles/shape_msgs__rosidl_generator_c.dir/compiler_depend.internal".
[8.228s] Dependencies file "CMakeFiles/shape_msgs__rosidl_generator_c.dir/rosidl_generator_c/shape_msgs/msg/detail/mesh_triangle__functions.c.obj.d" is newer than depends file "/micro_ros_ws/firmware/mcu_ws/build/shape_msgs/CMakeFiles/shape_msgs__rosidl_generator_c.dir/compiler_depend.internal".
[8.229s] Dependencies file "CMakeFiles/shape_msgs__rosidl_generator_c.dir/rosidl_generator_c/shape_msgs/msg/detail/plane__functions.c.obj.d" is newer than depends file "/micro_ros_ws/firmware/mcu_ws/build/shape_msgs/CMakeFiles/shape_msgs__rosidl_generator_c.dir/compiler_depend.internal".
[8.230s] Dependencies file "CMakeFiles/shape_msgs__rosidl_generator_c.dir/rosidl_generator_c/shape_msgs/msg/detail/solid_primitive__functions.c.obj.d" is newer than depends file "/micro_ros_ws/firmware/mcu_ws/build/shape_msgs/CMakeFiles/shape_msgs__rosidl_generator_c.dir/compiler_depend.internal".
[8.231s] [35m[1mConsolidate compiler generated dependencies of target shape_msgs__rosidl_generator_c[0m
[8.254s] gmake[6]: Leaving directory '/micro_ros_ws/firmware/mcu_ws/build/shape_msgs'
[8.254s] /usr/bin/gmake  -f CMakeFiles/shape_msgs__rosidl_generator_c.dir/build.make CMakeFiles/shape_msgs__rosidl_generator_c.dir/build
[8.308s] gmake[6]: Entering directory '/micro_ros_ws/firmware/mcu_ws/build/shape_msgs'
[8.308s] gmake[6]: Nothing to be done for 'CMakeFiles/shape_msgs__rosidl_generator_c.dir/build'.
[8.308s] gmake[6]: Leaving directory '/micro_ros_ws/firmware/mcu_ws/build/shape_msgs'
[8.344s] [ 25%] Built target shape_msgs__rosidl_generator_c
[8.345s] /usr/bin/gmake  -f CMakeFiles/shape_msgs__rosidl_typesupport_introspection_c.dir/build.make CMakeFiles/shape_msgs__rosidl_typesupport_introspection_c.dir/depend
[8.346s] /usr/bin/gmake  -f CMakeFiles/shape_msgs__rosidl_typesupport_microxrcedds_c.dir/build.make CMakeFiles/shape_msgs__rosidl_typesupport_microxrcedds_c.dir/depend
[8.346s] /usr/bin/gmake  -f CMakeFiles/shape_msgs__rosidl_typesupport_c.dir/build.make CMakeFiles/shape_msgs__rosidl_typesupport_c.dir/depend
[8.368s] gmake[6]: Entering directory '/micro_ros_ws/firmware/mcu_ws/build/shape_msgs'
[8.368s] cd /micro_ros_ws/firmware/mcu_ws/build/shape_msgs && /usr/bin/cmake -E cmake_depends "Unix Makefiles" /micro_ros_ws/firmware/mcu_ws/ros2/common_interfaces/shape_msgs /micro_ros_ws/firmware/mcu_ws/ros2/common_interfaces/shape_msgs /micro_ros_ws/firmware/mcu_ws/build/shape_msgs /micro_ros_ws/firmware/mcu_ws/build/shape_msgs /micro_ros_ws/firmware/mcu_ws/build/shape_msgs/CMakeFiles/shape_msgs__rosidl_typesupport_microxrcedds_c.dir/DependInfo.cmake --color=
[8.382s] gmake[6]: Entering directory '/micro_ros_ws/firmware/mcu_ws/build/shape_msgs'
[8.382s] cd /micro_ros_ws/firmware/mcu_ws/build/shape_msgs && /usr/bin/cmake -E cmake_depends "Unix Makefiles" /micro_ros_ws/firmware/mcu_ws/ros2/common_interfaces/shape_msgs /micro_ros_ws/firmware/mcu_ws/ros2/common_interfaces/shape_msgs /micro_ros_ws/firmware/mcu_ws/build/shape_msgs /micro_ros_ws/firmware/mcu_ws/build/shape_msgs /micro_ros_ws/firmware/mcu_ws/build/shape_msgs/CMakeFiles/shape_msgs__rosidl_typesupport_c.dir/DependInfo.cmake --color=
[8.384s] gmake[6]: Entering directory '/micro_ros_ws/firmware/mcu_ws/build/shape_msgs'
[8.387s] cd /micro_ros_ws/firmware/mcu_ws/build/shape_msgs && /usr/bin/cmake -E cmake_depends "Unix Makefiles" /micro_ros_ws/firmware/mcu_ws/ros2/common_interfaces/shape_msgs /micro_ros_ws/firmware/mcu_ws/ros2/common_interfaces/shape_msgs /micro_ros_ws/firmware/mcu_ws/build/shape_msgs /micro_ros_ws/firmware/mcu_ws/build/shape_msgs /micro_ros_ws/firmware/mcu_ws/build/shape_msgs/CMakeFiles/shape_msgs__rosidl_typesupport_introspection_c.dir/DependInfo.cmake --color=
[8.415s] Dependencies file "CMakeFiles/shape_msgs__rosidl_typesupport_microxrcedds_c.dir/rosidl_typesupport_microxrcedds_c/shape_msgs/msg/detail/microxrcedds/mesh__type_support_c.c.obj.d" is newer than depends file "/micro_ros_ws/firmware/mcu_ws/build/shape_msgs/CMakeFiles/shape_msgs__rosidl_typesupport_microxrcedds_c.dir/compiler_depend.internal".
[8.416s] Dependencies file "CMakeFiles/shape_msgs__rosidl_typesupport_microxrcedds_c.dir/rosidl_typesupport_microxrcedds_c/shape_msgs/msg/detail/microxrcedds/mesh_triangle__type_support_c.c.obj.d" is newer than depends file "/micro_ros_ws/firmware/mcu_ws/build/shape_msgs/CMakeFiles/shape_msgs__rosidl_typesupport_microxrcedds_c.dir/compiler_depend.internal".
[8.417s] Dependencies file "CMakeFiles/shape_msgs__rosidl_typesupport_microxrcedds_c.dir/rosidl_typesupport_microxrcedds_c/shape_msgs/msg/detail/microxrcedds/plane__type_support_c.c.obj.d" is newer than depends file "/micro_ros_ws/firmware/mcu_ws/build/shape_msgs/CMakeFiles/shape_msgs__rosidl_typesupport_microxrcedds_c.dir/compiler_depend.internal".
[8.418s] Dependencies file "CMakeFiles/shape_msgs__rosidl_typesupport_microxrcedds_c.dir/rosidl_typesupport_microxrcedds_c/shape_msgs/msg/detail/microxrcedds/solid_primitive__type_support_c.c.obj.d" is newer than depends file "/micro_ros_ws/firmware/mcu_ws/build/shape_msgs/CMakeFiles/shape_msgs__rosidl_typesupport_microxrcedds_c.dir/compiler_depend.internal".
[8.418s] [35m[1mConsolidate compiler generated dependencies of target shape_msgs__rosidl_typesupport_microxrcedds_c[0m
[8.423s] Dependencies file "CMakeFiles/shape_msgs__rosidl_typesupport_introspection_c.dir/rosidl_typesupport_introspection_c/shape_msgs/msg/detail/mesh__type_support.c.obj.d" is newer than depends file "/micro_ros_ws/firmware/mcu_ws/build/shape_msgs/CMakeFiles/shape_msgs__rosidl_typesupport_introspection_c.dir/compiler_depend.internal".
[8.424s] Dependencies file "CMakeFiles/shape_msgs__rosidl_typesupport_c.dir/rosidl_typesupport_c/shape_msgs/msg/mesh__type_support.cpp.obj.d" is newer than depends file "/micro_ros_ws/firmware/mcu_ws/build/shape_msgs/CMakeFiles/shape_msgs__rosidl_typesupport_c.dir/compiler_depend.internal".
[8.424s] Dependencies file "CMakeFiles/shape_msgs__rosidl_typesupport_introspection_c.dir/rosidl_typesupport_introspection_c/shape_msgs/msg/detail/mesh_triangle__type_support.c.obj.d" is newer than depends file "/micro_ros_ws/firmware/mcu_ws/build/shape_msgs/CMakeFiles/shape_msgs__rosidl_typesupport_introspection_c.dir/compiler_depend.internal".
[8.425s] Dependencies file "CMakeFiles/shape_msgs__rosidl_typesupport_c.dir/rosidl_typesupport_c/shape_msgs/msg/mesh_triangle__type_support.cpp.obj.d" is newer than depends file "/micro_ros_ws/firmware/mcu_ws/build/shape_msgs/CMakeFiles/shape_msgs__rosidl_typesupport_c.dir/compiler_depend.internal".
[8.425s] Dependencies file "CMakeFiles/shape_msgs__rosidl_typesupport_introspection_c.dir/rosidl_typesupport_introspection_c/shape_msgs/msg/detail/plane__type_support.c.obj.d" is newer than depends file "/micro_ros_ws/firmware/mcu_ws/build/shape_msgs/CMakeFiles/shape_msgs__rosidl_typesupport_introspection_c.dir/compiler_depend.internal".
[8.426s] Dependencies file "CMakeFiles/shape_msgs__rosidl_typesupport_c.dir/rosidl_typesupport_c/shape_msgs/msg/plane__type_support.cpp.obj.d" is newer than depends file "/micro_ros_ws/firmware/mcu_ws/build/shape_msgs/CMakeFiles/shape_msgs__rosidl_typesupport_c.dir/compiler_depend.internal".
[8.426s] Dependencies file "CMakeFiles/shape_msgs__rosidl_typesupport_introspection_c.dir/rosidl_typesupport_introspection_c/shape_msgs/msg/detail/solid_primitive__type_support.c.obj.d" is newer than depends file "/micro_ros_ws/firmware/mcu_ws/build/shape_msgs/CMakeFiles/shape_msgs__rosidl_typesupport_introspection_c.dir/compiler_depend.internal".
[8.426s] Dependencies file "CMakeFiles/shape_msgs__rosidl_typesupport_c.dir/rosidl_typesupport_c/shape_msgs/msg/solid_primitive__type_support.cpp.obj.d" is newer than depends file "/micro_ros_ws/firmware/mcu_ws/build/shape_msgs/CMakeFiles/shape_msgs__rosidl_typesupport_c.dir/compiler_depend.internal".
[8.427s] [35m[1mConsolidate compiler generated dependencies of target shape_msgs__rosidl_typesupport_introspection_c[0m
[8.427s] [35m[1mConsolidate compiler generated dependencies of target shape_msgs__rosidl_typesupport_c[0m
[8.445s] gmake[6]: Leaving directory '/micro_ros_ws/firmware/mcu_ws/build/shape_msgs'
[8.445s] /usr/bin/gmake  -f CMakeFiles/shape_msgs__rosidl_typesupport_c.dir/build.make CMakeFiles/shape_msgs__rosidl_typesupport_c.dir/build
[8.451s] gmake[6]: Leaving directory '/micro_ros_ws/firmware/mcu_ws/build/shape_msgs'
[8.451s] /usr/bin/gmake  -f CMakeFiles/shape_msgs__rosidl_typesupport_microxrcedds_c.dir/build.make CMakeFiles/shape_msgs__rosidl_typesupport_microxrcedds_c.dir/build
[8.453s] gmake[6]: Leaving directory '/micro_ros_ws/firmware/mcu_ws/build/shape_msgs'
[8.453s] /usr/bin/gmake  -f CMakeFiles/shape_msgs__rosidl_typesupport_introspection_c.dir/build.make CMakeFiles/shape_msgs__rosidl_typesupport_introspection_c.dir/build
[8.489s] gmake[6]: Entering directory '/micro_ros_ws/firmware/mcu_ws/build/shape_msgs'
[8.490s] gmake[6]: Nothing to be done for 'CMakeFiles/shape_msgs__rosidl_typesupport_c.dir/build'.
[8.491s] gmake[6]: Leaving directory '/micro_ros_ws/firmware/mcu_ws/build/shape_msgs'
[8.498s] gmake[6]: Entering directory '/micro_ros_ws/firmware/mcu_ws/build/shape_msgs'
[8.499s] gmake[6]: Nothing to be done for 'CMakeFiles/shape_msgs__rosidl_typesupport_microxrcedds_c.dir/build'.
[8.499s] gmake[6]: Leaving directory '/micro_ros_ws/firmware/mcu_ws/build/shape_msgs'
[8.510s] gmake[6]: Entering directory '/micro_ros_ws/firmware/mcu_ws/build/shape_msgs'
[8.511s] gmake[6]: Nothing to be done for 'CMakeFiles/shape_msgs__rosidl_typesupport_introspection_c.dir/build'.
[8.511s] gmake[6]: Leaving directory '/micro_ros_ws/firmware/mcu_ws/build/shape_msgs'
[8.534s] [ 50%] Built target shape_msgs__rosidl_typesupport_c
[8.541s] [ 75%] Built target shape_msgs__rosidl_typesupport_microxrcedds_c
[8.552s] [100%] Built target shape_msgs__rosidl_typesupport_introspection_c
[8.553s] /usr/bin/gmake  -f CMakeFiles/shape_msgs.dir/build.make CMakeFiles/shape_msgs.dir/depend
[8.565s] gmake[6]: Entering directory '/micro_ros_ws/firmware/mcu_ws/build/shape_msgs'
[8.566s] cd /micro_ros_ws/firmware/mcu_ws/build/shape_msgs && /usr/bin/cmake -E cmake_depends "Unix Makefiles" /micro_ros_ws/firmware/mcu_ws/ros2/common_interfaces/shape_msgs /micro_ros_ws/firmware/mcu_ws/ros2/common_interfaces/shape_msgs /micro_ros_ws/firmware/mcu_ws/build/shape_msgs /micro_ros_ws/firmware/mcu_ws/build/shape_msgs /micro_ros_ws/firmware/mcu_ws/build/shape_msgs/CMakeFiles/shape_msgs.dir/DependInfo.cmake --color=
[8.609s] gmake[6]: Leaving directory '/micro_ros_ws/firmware/mcu_ws/build/shape_msgs'
[8.609s] /usr/bin/gmake  -f CMakeFiles/shape_msgs.dir/build.make CMakeFiles/shape_msgs.dir/build
[8.628s] gmake[6]: Entering directory '/micro_ros_ws/firmware/mcu_ws/build/shape_msgs'
[8.629s] gmake[6]: Nothing to be done for 'CMakeFiles/shape_msgs.dir/build'.
[8.629s] gmake[6]: Leaving directory '/micro_ros_ws/firmware/mcu_ws/build/shape_msgs'
[8.680s] [100%] Built target shape_msgs
[8.681s] gmake[5]: Leaving directory '/micro_ros_ws/firmware/mcu_ws/build/shape_msgs'
[8.681s] /usr/bin/cmake -E cmake_progress_start /micro_ros_ws/firmware/mcu_ws/build/shape_msgs/CMakeFiles 0
[8.740s] gmake[4]: Leaving directory '/micro_ros_ws/firmware/mcu_ws/build/shape_msgs'
[8.744s] Invoked command in '/micro_ros_ws/firmware/mcu_ws/build/shape_msgs' returned '0': AMENT_PREFIX_PATH=/micro_ros_ws/firmware/mcu_ws/install:${AMENT_PREFIX_PATH} CMAKE_PREFIX_PATH=/micro_ros_ws/firmware/mcu_ws/install:/micro_ros_ws/firmware/dev_ws/install/ament_lint_common:/micro_ros_ws/firmware/dev_ws/install/ament_cmake_uncrustify:/micro_ros_ws/firmware/dev_ws/install/uncrustify_vendor:/micro_ros_ws/firmware/dev_ws/install/ament_cmake_ros:/micro_ros_ws/firmware/dev_ws/install/ament_cmake_auto:/micro_ros_ws/firmware/dev_ws/install/ament_cmake_gmock:/micro_ros_ws/firmware/dev_ws/install/gmock_vendor:/micro_ros_ws/firmware/dev_ws/install/ament_cmake_gtest:/micro_ros_ws/firmware/dev_ws/install/gtest_vendor:/micro_ros_ws/firmware/dev_ws/install/ament_cmake_xmllint:/micro_ros_ws/firmware/dev_ws/install/ament_cmake_pyflakes:/micro_ros_ws/firmware/dev_ws/install/ament_cmake_pycodestyle:/micro_ros_ws/firmware/dev_ws/install/ament_cmake_pep257:/micro_ros_ws/firmware/dev_ws/install/ament_cmake_pclint:/micro_ros_ws/firmware/dev_ws/install/ament_lint_auto:/micro_ros_ws/firmware/dev_ws/install/ament_cmake:/micro_ros_ws/firmware/dev_ws/install/ament_cmake_version:/micro_ros_ws/firmware/dev_ws/install/ament_cmake_vendor_package:/micro_ros_ws/firmware/dev_ws/install/ament_cmake_pytest:/micro_ros_ws/firmware/dev_ws/install/ament_cmake_nose:/micro_ros_ws/firmware/dev_ws/install/ament_cmake_mypy:/micro_ros_ws/firmware/dev_ws/install/ament_cmake_lint_cmake:/micro_ros_ws/firmware/dev_ws/install/ament_cmake_google_benchmark:/micro_ros_ws/firmware/dev_ws/install/ament_cmake_flake8:/micro_ros_ws/firmware/dev_ws/install/ament_cmake_cpplint:/micro_ros_ws/firmware/dev_ws/install/ament_cmake_cppcheck:/micro_ros_ws/firmware/dev_ws/install/ament_cmake_copyright:/micro_ros_ws/firmware/dev_ws/install/ament_cmake_clang_tidy:/micro_ros_ws/firmware/dev_ws/install/ament_cmake_clang_format:/micro_ros_ws/firmware/dev_ws/install/ament_cmake_test:/micro_ros_ws/firmware/dev_ws/install/ament_cmake_target_dependencies:/micro_ros_ws/firmware/dev_ws/install/ament_cmake_python:/micro_ros_ws/firmware/dev_ws/install/ament_cmake_export_dependencies:/micro_ros_ws/firmware/dev_ws/install/ament_cmake_libraries:/micro_ros_ws/firmware/dev_ws/install/ament_cmake_include_directories:/micro_ros_ws/firmware/dev_ws/install/ament_cmake_gen_version_h:/micro_ros_ws/firmware/dev_ws/install/ament_cmake_export_targets:/micro_ros_ws/firmware/dev_ws/install/ament_cmake_export_link_flags:/micro_ros_ws/firmware/dev_ws/install/ament_cmake_export_interfaces:/micro_ros_ws/firmware/dev_ws/install/ament_cmake_export_libraries:/micro_ros_ws/firmware/dev_ws/install/ament_cmake_export_include_directories:/micro_ros_ws/firmware/dev_ws/install/ament_cmake_export_definitions:/micro_ros_ws/firmware/dev_ws/install/ament_cmake_core:/micro_ros_ws/firmware/dev_ws/install/ament_index_cpp:/micro_ros_ws/firmware/dev_ws/install/ament_uncrustify:/micro_ros_ws/firmware/dev_ws/install/domain_coordinator:/micro_ros_ws/firmware/dev_ws/install/ament_xmllint:/micro_ros_ws/firmware/dev_ws/install/ament_pyflakes:/micro_ros_ws/firmware/dev_ws/install/ament_pycodestyle:/micro_ros_ws/firmware/dev_ws/install/ament_pep257:/micro_ros_ws/firmware/dev_ws/install/ament_pclint:/micro_ros_ws/firmware/dev_ws/install/ament_package:/micro_ros_ws/firmware/dev_ws/install/ament_mypy:/micro_ros_ws/firmware/dev_ws/install/ament_lint_cmake:/micro_ros_ws/firmware/dev_ws/install/ament_flake8:/micro_ros_ws/firmware/dev_ws/install/ament_copyright:/micro_ros_ws/firmware/dev_ws/install/ament_lint:/micro_ros_ws/firmware/dev_ws/install/ament_index_python:/micro_ros_ws/firmware/dev_ws/install/ament_cpplint:/micro_ros_ws/firmware/dev_ws/install/ament_cppcheck:/micro_ros_ws/firmware/dev_ws/install/ament_clang_tidy:/micro_ros_ws/firmware/dev_ws/install/ament_clang_format LD_LIBRARY_PATH=/micro_ros_ws/firmware/mcu_ws/install/lib:${LD_LIBRARY_PATH} PATH=/micro_ros_ws/firmware/mcu_ws/install/bin:${PATH} PYTHONPATH=/micro_ros_ws/firmware/mcu_ws/install/lib/python3.10/site-packages:${PYTHONPATH} /usr/bin/cmake --build /micro_ros_ws/firmware/mcu_ws/build/shape_msgs -- -j12 -l12
[8.749s] Invoking command in '/micro_ros_ws/firmware/mcu_ws/build/shape_msgs': AMENT_PREFIX_PATH=/micro_ros_ws/firmware/mcu_ws/install:${AMENT_PREFIX_PATH} CMAKE_PREFIX_PATH=/micro_ros_ws/firmware/mcu_ws/install:/micro_ros_ws/firmware/dev_ws/install/ament_lint_common:/micro_ros_ws/firmware/dev_ws/install/ament_cmake_uncrustify:/micro_ros_ws/firmware/dev_ws/install/uncrustify_vendor:/micro_ros_ws/firmware/dev_ws/install/ament_cmake_ros:/micro_ros_ws/firmware/dev_ws/install/ament_cmake_auto:/micro_ros_ws/firmware/dev_ws/install/ament_cmake_gmock:/micro_ros_ws/firmware/dev_ws/install/gmock_vendor:/micro_ros_ws/firmware/dev_ws/install/ament_cmake_gtest:/micro_ros_ws/firmware/dev_ws/install/gtest_vendor:/micro_ros_ws/firmware/dev_ws/install/ament_cmake_xmllint:/micro_ros_ws/firmware/dev_ws/install/ament_cmake_pyflakes:/micro_ros_ws/firmware/dev_ws/install/ament_cmake_pycodestyle:/micro_ros_ws/firmware/dev_ws/install/ament_cmake_pep257:/micro_ros_ws/firmware/dev_ws/install/ament_cmake_pclint:/micro_ros_ws/firmware/dev_ws/install/ament_lint_auto:/micro_ros_ws/firmware/dev_ws/install/ament_cmake:/micro_ros_ws/firmware/dev_ws/install/ament_cmake_version:/micro_ros_ws/firmware/dev_ws/install/ament_cmake_vendor_package:/micro_ros_ws/firmware/dev_ws/install/ament_cmake_pytest:/micro_ros_ws/firmware/dev_ws/install/ament_cmake_nose:/micro_ros_ws/firmware/dev_ws/install/ament_cmake_mypy:/micro_ros_ws/firmware/dev_ws/install/ament_cmake_lint_cmake:/micro_ros_ws/firmware/dev_ws/install/ament_cmake_google_benchmark:/micro_ros_ws/firmware/dev_ws/install/ament_cmake_flake8:/micro_ros_ws/firmware/dev_ws/install/ament_cmake_cpplint:/micro_ros_ws/firmware/dev_ws/install/ament_cmake_cppcheck:/micro_ros_ws/firmware/dev_ws/install/ament_cmake_copyright:/micro_ros_ws/firmware/dev_ws/install/ament_cmake_clang_tidy:/micro_ros_ws/firmware/dev_ws/install/ament_cmake_clang_format:/micro_ros_ws/firmware/dev_ws/install/ament_cmake_test:/micro_ros_ws/firmware/dev_ws/install/ament_cmake_target_dependencies:/micro_ros_ws/firmware/dev_ws/install/ament_cmake_python:/micro_ros_ws/firmware/dev_ws/install/ament_cmake_export_dependencies:/micro_ros_ws/firmware/dev_ws/install/ament_cmake_libraries:/micro_ros_ws/firmware/dev_ws/install/ament_cmake_include_directories:/micro_ros_ws/firmware/dev_ws/install/ament_cmake_gen_version_h:/micro_ros_ws/firmware/dev_ws/install/ament_cmake_export_targets:/micro_ros_ws/firmware/dev_ws/install/ament_cmake_export_link_flags:/micro_ros_ws/firmware/dev_ws/install/ament_cmake_export_interfaces:/micro_ros_ws/firmware/dev_ws/install/ament_cmake_export_libraries:/micro_ros_ws/firmware/dev_ws/install/ament_cmake_export_include_directories:/micro_ros_ws/firmware/dev_ws/install/ament_cmake_export_definitions:/micro_ros_ws/firmware/dev_ws/install/ament_cmake_core:/micro_ros_ws/firmware/dev_ws/install/ament_index_cpp:/micro_ros_ws/firmware/dev_ws/install/ament_uncrustify:/micro_ros_ws/firmware/dev_ws/install/domain_coordinator:/micro_ros_ws/firmware/dev_ws/install/ament_xmllint:/micro_ros_ws/firmware/dev_ws/install/ament_pyflakes:/micro_ros_ws/firmware/dev_ws/install/ament_pycodestyle:/micro_ros_ws/firmware/dev_ws/install/ament_pep257:/micro_ros_ws/firmware/dev_ws/install/ament_pclint:/micro_ros_ws/firmware/dev_ws/install/ament_package:/micro_ros_ws/firmware/dev_ws/install/ament_mypy:/micro_ros_ws/firmware/dev_ws/install/ament_lint_cmake:/micro_ros_ws/firmware/dev_ws/install/ament_flake8:/micro_ros_ws/firmware/dev_ws/install/ament_copyright:/micro_ros_ws/firmware/dev_ws/install/ament_lint:/micro_ros_ws/firmware/dev_ws/install/ament_index_python:/micro_ros_ws/firmware/dev_ws/install/ament_cpplint:/micro_ros_ws/firmware/dev_ws/install/ament_cppcheck:/micro_ros_ws/firmware/dev_ws/install/ament_clang_tidy:/micro_ros_ws/firmware/dev_ws/install/ament_clang_format LD_LIBRARY_PATH=/micro_ros_ws/firmware/mcu_ws/install/lib:${LD_LIBRARY_PATH} PATH=/micro_ros_ws/firmware/mcu_ws/install/bin:${PATH} PYTHONPATH=/micro_ros_ws/firmware/mcu_ws/install/lib/python3.10/site-packages:${PYTHONPATH} /usr/bin/cmake --install /micro_ros_ws/firmware/mcu_ws/build/shape_msgs
[8.800s] -- Install configuration: "Debug"
[8.804s] -- Up-to-date: /micro_ros_ws/firmware/mcu_ws/install/share/ament_index/resource_index/rosidl_interfaces/shape_msgs
[8.807s] -- Up-to-date: /micro_ros_ws/firmware/mcu_ws/install/include/shape_msgs/shape_msgs
[8.812s] -- Up-to-date: /micro_ros_ws/firmware/mcu_ws/install/include/shape_msgs/shape_msgs/msg
[8.817s] -- Up-to-date: /micro_ros_ws/firmware/mcu_ws/install/include/shape_msgs/shape_msgs/msg/detail
[8.822s] -- Up-to-date: /micro_ros_ws/firmware/mcu_ws/install/include/shape_msgs/shape_msgs/msg/detail/mesh_triangle__functions.c
[8.827s] -- Up-to-date: /micro_ros_ws/firmware/mcu_ws/install/include/shape_msgs/shape_msgs/msg/detail/mesh_triangle__functions.h
[8.831s] -- Up-to-date: /micro_ros_ws/firmware/mcu_ws/install/include/shape_msgs/shape_msgs/msg/detail/mesh_triangle__struct.h
[8.836s] -- Up-to-date: /micro_ros_ws/firmware/mcu_ws/install/include/shape_msgs/shape_msgs/msg/detail/mesh_triangle__type_support.h
[8.839s] -- Up-to-date: /micro_ros_ws/firmware/mcu_ws/install/include/shape_msgs/shape_msgs/msg/detail/mesh__functions.c
[8.843s] -- Up-to-date: /micro_ros_ws/firmware/mcu_ws/install/include/shape_msgs/shape_msgs/msg/detail/mesh__functions.h
[8.846s] -- Up-to-date: /micro_ros_ws/firmware/mcu_ws/install/include/shape_msgs/shape_msgs/msg/detail/mesh__struct.h
[8.850s] -- Up-to-date: /micro_ros_ws/firmware/mcu_ws/install/include/shape_msgs/shape_msgs/msg/detail/mesh__type_support.h
[8.853s] -- Up-to-date: /micro_ros_ws/firmware/mcu_ws/install/include/shape_msgs/shape_msgs/msg/detail/plane__functions.c
[8.856s] -- Up-to-date: /micro_ros_ws/firmware/mcu_ws/install/include/shape_msgs/shape_msgs/msg/detail/plane__functions.h
[8.860s] -- Up-to-date: /micro_ros_ws/firmware/mcu_ws/install/include/shape_msgs/shape_msgs/msg/detail/plane__struct.h
[8.865s] -- Up-to-date: /micro_ros_ws/firmware/mcu_ws/install/include/shape_msgs/shape_msgs/msg/detail/plane__type_support.h
[8.870s] -- Up-to-date: /micro_ros_ws/firmware/mcu_ws/install/include/shape_msgs/shape_msgs/msg/detail/solid_primitive__functions.c
[8.878s] -- Up-to-date: /micro_ros_ws/firmware/mcu_ws/install/include/shape_msgs/shape_msgs/msg/detail/solid_primitive__functions.h
[8.884s] -- Up-to-date: /micro_ros_ws/firmware/mcu_ws/install/include/shape_msgs/shape_msgs/msg/detail/solid_primitive__struct.h
[8.885s] -- Up-to-date: /micro_ros_ws/firmware/mcu_ws/install/include/shape_msgs/shape_msgs/msg/detail/solid_primitive__type_support.h
[8.890s] -- Up-to-date: /micro_ros_ws/firmware/mcu_ws/install/include/shape_msgs/shape_msgs/msg/mesh.h
[8.895s] -- Up-to-date: /micro_ros_ws/firmware/mcu_ws/install/include/shape_msgs/shape_msgs/msg/mesh_triangle.h
[8.899s] -- Up-to-date: /micro_ros_ws/firmware/mcu_ws/install/include/shape_msgs/shape_msgs/msg/plane.h
[8.904s] -- Up-to-date: /micro_ros_ws/firmware/mcu_ws/install/include/shape_msgs/shape_msgs/msg/rosidl_generator_c__visibility_control.h
[8.907s] -- Up-to-date: /micro_ros_ws/firmware/mcu_ws/install/include/shape_msgs/shape_msgs/msg/solid_primitive.h
[8.911s] -- Up-to-date: /micro_ros_ws/firmware/mcu_ws/install/share/shape_msgs/environment/library_path.sh
[8.914s] -- Installing: /micro_ros_ws/firmware/mcu_ws/install/share/shape_msgs/environment/library_path.dsv
[8.923s] -- Up-to-date: /micro_ros_ws/firmware/mcu_ws/install/lib/libshape_msgs__rosidl_generator_c.a
[8.925s] -- Up-to-date: /micro_ros_ws/firmware/mcu_ws/install/include/shape_msgs/shape_msgs
[8.928s] -- Up-to-date: /micro_ros_ws/firmware/mcu_ws/install/include/shape_msgs/shape_msgs/msg
[8.931s] -- Up-to-date: /micro_ros_ws/firmware/mcu_ws/install/include/shape_msgs/shape_msgs/msg/detail
[8.936s] -- Up-to-date: /micro_ros_ws/firmware/mcu_ws/install/include/shape_msgs/shape_msgs/msg/detail/mesh_triangle__rosidl_typesupport_introspection_c.h
[8.940s] -- Up-to-date: /micro_ros_ws/firmware/mcu_ws/install/include/shape_msgs/shape_msgs/msg/detail/mesh_triangle__type_support.c
[8.943s] -- Up-to-date: /micro_ros_ws/firmware/mcu_ws/install/include/shape_msgs/shape_msgs/msg/detail/mesh__rosidl_typesupport_introspection_c.h
[8.946s] -- Up-to-date: /micro_ros_ws/firmware/mcu_ws/install/include/shape_msgs/shape_msgs/msg/detail/mesh__type_support.c
[8.949s] -- Up-to-date: /micro_ros_ws/firmware/mcu_ws/install/include/shape_msgs/shape_msgs/msg/detail/plane__rosidl_typesupport_introspection_c.h
[8.953s] -- Up-to-date: /micro_ros_ws/firmware/mcu_ws/install/include/shape_msgs/shape_msgs/msg/detail/plane__type_support.c
[8.957s] -- Up-to-date: /micro_ros_ws/firmware/mcu_ws/install/include/shape_msgs/shape_msgs/msg/detail/solid_primitive__rosidl_typesupport_introspection_c.h
[8.961s] -- Up-to-date: /micro_ros_ws/firmware/mcu_ws/install/include/shape_msgs/shape_msgs/msg/detail/solid_primitive__type_support.c
[8.964s] -- Up-to-date: /micro_ros_ws/firmware/mcu_ws/install/include/shape_msgs/shape_msgs/msg/rosidl_typesupport_introspection_c__visibility_control.h
[8.966s] -- Up-to-date: /micro_ros_ws/firmware/mcu_ws/install/lib/libshape_msgs__rosidl_typesupport_introspection_c.a
[8.968s] -- Up-to-date: /micro_ros_ws/firmware/mcu_ws/install/include/shape_msgs/shape_msgs
[8.972s] -- Up-to-date: /micro_ros_ws/firmware/mcu_ws/install/include/shape_msgs/shape_msgs/msg
[8.975s] -- Up-to-date: /micro_ros_ws/firmware/mcu_ws/install/include/shape_msgs/shape_msgs/msg/detail
[8.981s] -- Up-to-date: /micro_ros_ws/firmware/mcu_ws/install/include/shape_msgs/shape_msgs/msg/detail/mesh_triangle__rosidl_typesupport_microxrcedds_c.h
[8.985s] -- Up-to-date: /micro_ros_ws/firmware/mcu_ws/install/include/shape_msgs/shape_msgs/msg/detail/mesh__rosidl_typesupport_microxrcedds_c.h
[8.987s] -- Up-to-date: /micro_ros_ws/firmware/mcu_ws/install/include/shape_msgs/shape_msgs/msg/detail/microxrcedds
[8.995s] -- Up-to-date: /micro_ros_ws/firmware/mcu_ws/install/include/shape_msgs/shape_msgs/msg/detail/plane__rosidl_typesupport_microxrcedds_c.h
[9.002s] -- Up-to-date: /micro_ros_ws/firmware/mcu_ws/install/include/shape_msgs/shape_msgs/msg/detail/solid_primitive__rosidl_typesupport_microxrcedds_c.h
[9.008s] -- Up-to-date: /micro_ros_ws/firmware/mcu_ws/install/include/shape_msgs/shape_msgs/msg/rosidl_typesupport_microxrcedds_c__visibility_control.h
[9.013s] -- Up-to-date: /micro_ros_ws/firmware/mcu_ws/install/lib/libshape_msgs__rosidl_typesupport_microxrcedds_c.a
[9.015s] -- Up-to-date: /micro_ros_ws/firmware/mcu_ws/install/lib/libshape_msgs__rosidl_typesupport_c.a
[9.019s] -- Up-to-date: /micro_ros_ws/firmware/mcu_ws/install/share/shape_msgs/msg/Mesh.idl
[9.023s] -- Up-to-date: /micro_ros_ws/firmware/mcu_ws/install/share/shape_msgs/msg/MeshTriangle.idl
[9.027s] -- Up-to-date: /micro_ros_ws/firmware/mcu_ws/install/share/shape_msgs/msg/Plane.idl
[9.034s] -- Up-to-date: /micro_ros_ws/firmware/mcu_ws/install/share/shape_msgs/msg/SolidPrimitive.idl
[9.038s] -- Up-to-date: /micro_ros_ws/firmware/mcu_ws/install/share/shape_msgs/msg/Mesh.msg
[9.042s] -- Up-to-date: /micro_ros_ws/firmware/mcu_ws/install/share/shape_msgs/msg/MeshTriangle.msg
[9.046s] -- Up-to-date: /micro_ros_ws/firmware/mcu_ws/install/share/shape_msgs/msg/Plane.msg
[9.050s] -- Up-to-date: /micro_ros_ws/firmware/mcu_ws/install/share/shape_msgs/msg/SolidPrimitive.msg
[9.055s] -- Up-to-date: /micro_ros_ws/firmware/mcu_ws/install/share/ament_index/resource_index/package_run_dependencies/shape_msgs
[9.060s] -- Up-to-date: /micro_ros_ws/firmware/mcu_ws/install/share/ament_index/resource_index/parent_prefix_path/shape_msgs
[9.067s] -- Up-to-date: /micro_ros_ws/firmware/mcu_ws/install/share/shape_msgs/environment/ament_prefix_path.sh
[9.071s] -- Installing: /micro_ros_ws/firmware/mcu_ws/install/share/shape_msgs/environment/ament_prefix_path.dsv
[9.090s] -- Up-to-date: /micro_ros_ws/firmware/mcu_ws/install/share/shape_msgs/environment/path.sh
[9.096s] -- Installing: /micro_ros_ws/firmware/mcu_ws/install/share/shape_msgs/environment/path.dsv
[9.107s] -- Up-to-date: /micro_ros_ws/firmware/mcu_ws/install/share/shape_msgs/local_setup.bash
[9.110s] -- Up-to-date: /micro_ros_ws/firmware/mcu_ws/install/share/shape_msgs/local_setup.sh
[9.113s] -- Up-to-date: /micro_ros_ws/firmware/mcu_ws/install/share/shape_msgs/local_setup.zsh
[9.115s] -- Installing: /micro_ros_ws/firmware/mcu_ws/install/share/shape_msgs/local_setup.dsv
[9.122s] -- Installing: /micro_ros_ws/firmware/mcu_ws/install/share/shape_msgs/package.dsv
[9.130s] -- Up-to-date: /micro_ros_ws/firmware/mcu_ws/install/share/ament_index/resource_index/packages/shape_msgs
[9.136s] -- Up-to-date: /micro_ros_ws/firmware/mcu_ws/install/share/shape_msgs/cmake/export_shape_msgs__rosidl_generator_cExport.cmake
[9.140s] -- Up-to-date: /micro_ros_ws/firmware/mcu_ws/install/share/shape_msgs/cmake/export_shape_msgs__rosidl_generator_cExport-debug.cmake
[9.144s] -- Up-to-date: /micro_ros_ws/firmware/mcu_ws/install/share/shape_msgs/cmake/shape_msgs__rosidl_typesupport_introspection_cExport.cmake
[9.147s] -- Up-to-date: /micro_ros_ws/firmware/mcu_ws/install/share/shape_msgs/cmake/shape_msgs__rosidl_typesupport_introspection_cExport-debug.cmake
[9.152s] -- Up-to-date: /micro_ros_ws/firmware/mcu_ws/install/share/shape_msgs/cmake/shape_msgs__rosidl_typesupport_cExport.cmake
[9.155s] -- Up-to-date: /micro_ros_ws/firmware/mcu_ws/install/share/shape_msgs/cmake/shape_msgs__rosidl_typesupport_cExport-debug.cmake
[9.157s] -- Up-to-date: /micro_ros_ws/firmware/mcu_ws/install/share/shape_msgs/cmake/rosidl_cmake-extras.cmake
[9.160s] -- Up-to-date: /micro_ros_ws/firmware/mcu_ws/install/share/shape_msgs/cmake/ament_cmake_export_dependencies-extras.cmake
[9.162s] -- Up-to-date: /micro_ros_ws/firmware/mcu_ws/install/share/shape_msgs/cmake/ament_cmake_export_include_directories-extras.cmake
[9.164s] -- Up-to-date: /micro_ros_ws/firmware/mcu_ws/install/share/shape_msgs/cmake/ament_cmake_export_libraries-extras.cmake
[9.166s] -- Up-to-date: /micro_ros_ws/firmware/mcu_ws/install/share/shape_msgs/cmake/ament_cmake_export_targets-extras.cmake
[9.167s] -- Up-to-date: /micro_ros_ws/firmware/mcu_ws/install/share/shape_msgs/cmake/rosidl_cmake_export_typesupport_targets-extras.cmake
[9.170s] -- Up-to-date: /micro_ros_ws/firmware/mcu_ws/install/share/shape_msgs/cmake/rosidl_cmake_export_typesupport_libraries-extras.cmake
[9.171s] -- Up-to-date: /micro_ros_ws/firmware/mcu_ws/install/share/shape_msgs/cmake/rosidl_cmake_aggregate_target-extras.cmake
[9.173s] -- Up-to-date: /micro_ros_ws/firmware/mcu_ws/install/share/shape_msgs/cmake/shape_msgsConfig.cmake
[9.180s] -- Up-to-date: /micro_ros_ws/firmware/mcu_ws/install/share/shape_msgs/cmake/shape_msgsConfig-version.cmake
[9.182s] -- Up-to-date: /micro_ros_ws/firmware/mcu_ws/install/share/shape_msgs/package.xml
[9.264s] Invoked command in '/micro_ros_ws/firmware/mcu_ws/build/shape_msgs' returned '0': AMENT_PREFIX_PATH=/micro_ros_ws/firmware/mcu_ws/install:${AMENT_PREFIX_PATH} CMAKE_PREFIX_PATH=/micro_ros_ws/firmware/mcu_ws/install:/micro_ros_ws/firmware/dev_ws/install/ament_lint_common:/micro_ros_ws/firmware/dev_ws/install/ament_cmake_uncrustify:/micro_ros_ws/firmware/dev_ws/install/uncrustify_vendor:/micro_ros_ws/firmware/dev_ws/install/ament_cmake_ros:/micro_ros_ws/firmware/dev_ws/install/ament_cmake_auto:/micro_ros_ws/firmware/dev_ws/install/ament_cmake_gmock:/micro_ros_ws/firmware/dev_ws/install/gmock_vendor:/micro_ros_ws/firmware/dev_ws/install/ament_cmake_gtest:/micro_ros_ws/firmware/dev_ws/install/gtest_vendor:/micro_ros_ws/firmware/dev_ws/install/ament_cmake_xmllint:/micro_ros_ws/firmware/dev_ws/install/ament_cmake_pyflakes:/micro_ros_ws/firmware/dev_ws/install/ament_cmake_pycodestyle:/micro_ros_ws/firmware/dev_ws/install/ament_cmake_pep257:/micro_ros_ws/firmware/dev_ws/install/ament_cmake_pclint:/micro_ros_ws/firmware/dev_ws/install/ament_lint_auto:/micro_ros_ws/firmware/dev_ws/install/ament_cmake:/micro_ros_ws/firmware/dev_ws/install/ament_cmake_version:/micro_ros_ws/firmware/dev_ws/install/ament_cmake_vendor_package:/micro_ros_ws/firmware/dev_ws/install/ament_cmake_pytest:/micro_ros_ws/firmware/dev_ws/install/ament_cmake_nose:/micro_ros_ws/firmware/dev_ws/install/ament_cmake_mypy:/micro_ros_ws/firmware/dev_ws/install/ament_cmake_lint_cmake:/micro_ros_ws/firmware/dev_ws/install/ament_cmake_google_benchmark:/micro_ros_ws/firmware/dev_ws/install/ament_cmake_flake8:/micro_ros_ws/firmware/dev_ws/install/ament_cmake_cpplint:/micro_ros_ws/firmware/dev_ws/install/ament_cmake_cppcheck:/micro_ros_ws/firmware/dev_ws/install/ament_cmake_copyright:/micro_ros_ws/firmware/dev_ws/install/ament_cmake_clang_tidy:/micro_ros_ws/firmware/dev_ws/install/ament_cmake_clang_format:/micro_ros_ws/firmware/dev_ws/install/ament_cmake_test:/micro_ros_ws/firmware/dev_ws/install/ament_cmake_target_dependencies:/micro_ros_ws/firmware/dev_ws/install/ament_cmake_python:/micro_ros_ws/firmware/dev_ws/install/ament_cmake_export_dependencies:/micro_ros_ws/firmware/dev_ws/install/ament_cmake_libraries:/micro_ros_ws/firmware/dev_ws/install/ament_cmake_include_directories:/micro_ros_ws/firmware/dev_ws/install/ament_cmake_gen_version_h:/micro_ros_ws/firmware/dev_ws/install/ament_cmake_export_targets:/micro_ros_ws/firmware/dev_ws/install/ament_cmake_export_link_flags:/micro_ros_ws/firmware/dev_ws/install/ament_cmake_export_interfaces:/micro_ros_ws/firmware/dev_ws/install/ament_cmake_export_libraries:/micro_ros_ws/firmware/dev_ws/install/ament_cmake_export_include_directories:/micro_ros_ws/firmware/dev_ws/install/ament_cmake_export_definitions:/micro_ros_ws/firmware/dev_ws/install/ament_cmake_core:/micro_ros_ws/firmware/dev_ws/install/ament_index_cpp:/micro_ros_ws/firmware/dev_ws/install/ament_uncrustify:/micro_ros_ws/firmware/dev_ws/install/domain_coordinator:/micro_ros_ws/firmware/dev_ws/install/ament_xmllint:/micro_ros_ws/firmware/dev_ws/install/ament_pyflakes:/micro_ros_ws/firmware/dev_ws/install/ament_pycodestyle:/micro_ros_ws/firmware/dev_ws/install/ament_pep257:/micro_ros_ws/firmware/dev_ws/install/ament_pclint:/micro_ros_ws/firmware/dev_ws/install/ament_package:/micro_ros_ws/firmware/dev_ws/install/ament_mypy:/micro_ros_ws/firmware/dev_ws/install/ament_lint_cmake:/micro_ros_ws/firmware/dev_ws/install/ament_flake8:/micro_ros_ws/firmware/dev_ws/install/ament_copyright:/micro_ros_ws/firmware/dev_ws/install/ament_lint:/micro_ros_ws/firmware/dev_ws/install/ament_index_python:/micro_ros_ws/firmware/dev_ws/install/ament_cpplint:/micro_ros_ws/firmware/dev_ws/install/ament_cppcheck:/micro_ros_ws/firmware/dev_ws/install/ament_clang_tidy:/micro_ros_ws/firmware/dev_ws/install/ament_clang_format LD_LIBRARY_PATH=/micro_ros_ws/firmware/mcu_ws/install/lib:${LD_LIBRARY_PATH} PATH=/micro_ros_ws/firmware/mcu_ws/install/bin:${PATH} PYTHONPATH=/micro_ros_ws/firmware/mcu_ws/install/lib/python3.10/site-packages:${PYTHONPATH} /usr/bin/cmake --install /micro_ros_ws/firmware/mcu_ws/build/shape_msgs
