gmake[4]: Entering directory '/micro_ros_ws/firmware/mcu_ws/build/rclc_lifecycle'
/usr/bin/cmake -S/micro_ros_ws/firmware/mcu_ws/uros/rclc/rclc_lifecycle -B/micro_ros_ws/firmware/mcu_ws/build/rclc_lifecycle --check-build-system CMakeFiles/Makefile.cmake 0
Re-run cmake file: Makefile older than: /micro_ros_ws/firmware/freertos_apps/microros_esp32_extensions/esp32_toolchain.cmake
-- Found ament_cmake_ros: 0.10.0 (/micro_ros_ws/firmware/dev_ws/install/ament_cmake_ros/share/ament_cmake_ros/cmake)
-- Found std_msgs: 4.9.1 (/micro_ros_ws/firmware/mcu_ws/install/share/std_msgs/cmake)
-- Using all available rosidl_typesupport_c: rosidl_typesupport_introspection_c;rosidl_typesupport_microxrcedds_c
-- Found rosidl_adapter: 3.1.8 (/micro_ros_ws/firmware/mcu_ws/install/share/rosidl_adapter/cmake)
-- Found lifecycle_msgs: 1.2.2 (/micro_ros_ws/firmware/mcu_ws/install/share/lifecycle_msgs/cmake)
-- Found rcl_lifecycle: 5.3.10 (/micro_ros_ws/firmware/mcu_ws/install/share/rcl_lifecycle/cmake)
-- Found rmw_implementation_cmake: 6.1.2 (/micro_ros_ws/firmware/mcu_ws/install/share/rmw_implementation_cmake/cmake)
-- Found rmw_microxrcedds: 3.0.3 (/micro_ros_ws/firmware/mcu_ws/install/share/rmw_microxrcedds/cmake)
-- Using RMW implementation 'rmw_microxrcedds'
-- Found rclc: 4.0.2 (/micro_ros_ws/firmware/mcu_ws/install/share/rclc/cmake)
-- Found rcl_lifecycle version 5.3.10, which belongs to Foxy or later
-- Configuring done
-- Generating done
-- Build files have been written to: /micro_ros_ws/firmware/mcu_ws/build/rclc_lifecycle
/usr/bin/cmake -E cmake_progress_start /micro_ros_ws/firmware/mcu_ws/build/rclc_lifecycle/CMakeFiles /micro_ros_ws/firmware/mcu_ws/build/rclc_lifecycle//CMakeFiles/progress.marks
/usr/bin/gmake  -f CMakeFiles/Makefile2 all
gmake[5]: Entering directory '/micro_ros_ws/firmware/mcu_ws/build/rclc_lifecycle'
/usr/bin/gmake  -f CMakeFiles/rclc_lifecycle.dir/build.make CMakeFiles/rclc_lifecycle.dir/depend
gmake[6]: Entering directory '/micro_ros_ws/firmware/mcu_ws/build/rclc_lifecycle'
cd /micro_ros_ws/firmware/mcu_ws/build/rclc_lifecycle && /usr/bin/cmake -E cmake_depends "Unix Makefiles" /micro_ros_ws/firmware/mcu_ws/uros/rclc/rclc_lifecycle /micro_ros_ws/firmware/mcu_ws/uros/rclc/rclc_lifecycle /micro_ros_ws/firmware/mcu_ws/build/rclc_lifecycle /micro_ros_ws/firmware/mcu_ws/build/rclc_lifecycle /micro_ros_ws/firmware/mcu_ws/build/rclc_lifecycle/CMakeFiles/rclc_lifecycle.dir/DependInfo.cmake --color=
Dependencies file "CMakeFiles/rclc_lifecycle.dir/src/rclc_lifecycle/rclc_lifecycle.c.obj.d" is newer than depends file "/micro_ros_ws/firmware/mcu_ws/build/rclc_lifecycle/CMakeFiles/rclc_lifecycle.dir/compiler_depend.internal".
Consolidate compiler generated dependencies of target rclc_lifecycle
gmake[6]: Leaving directory '/micro_ros_ws/firmware/mcu_ws/build/rclc_lifecycle'
/usr/bin/gmake  -f CMakeFiles/rclc_lifecycle.dir/build.make CMakeFiles/rclc_lifecycle.dir/build
gmake[6]: Entering directory '/micro_ros_ws/firmware/mcu_ws/build/rclc_lifecycle'
[ 50%] Building C object CMakeFiles/rclc_lifecycle.dir/src/rclc_lifecycle/rclc_lifecycle.c.obj
/micro_ros_ws/firmware/toolchain/espressif/tools/xtensa-esp32-elf/esp-2020r2-8.2.0/xtensa-esp32-elf/bin/xtensa-esp32-elf-gcc -DLWIP_IPV4 -DLWIP_IPV6 -DRCLC_LIFECYCLE_BUILDING_LIBRARY -DRCLC_LIFECYCLE_MAX_STRING_LENGTH=20 -DROS_PACKAGE_NAME=\"rclc_lifecycle\" -I/micro_ros_ws/firmware/freertos_apps/microros_esp32_extensions/build/config -I/micro_ros_ws/firmware/toolchain/esp-idf/components/newlib/platform_include -I/micro_ros_ws/firmware/toolchain/esp-idf/components/protocomm/include -I/micro_ros_ws/firmware/toolchain/esp-idf/components/esp_rom/include -I/micro_ros_ws/firmware/toolchain/esp-idf/components/driver/include -I/micro_ros_ws/firmware/toolchain/esp-idf/components/wear_levelling/include -I/micro_ros_ws/firmware/toolchain/esp-idf/components/vfs/include -I/micro_ros_ws/firmware/toolchain/esp-idf/components/log/include -I/micro_ros_ws/firmware/toolchain/esp-idf/components/freertos/include -I/micro_ros_ws/firmware/toolchain/esp-idf/components/wifi_provisioning/include -I/micro_ros_ws/firmware/toolchain/esp-idf/components/pthread/include -I/micro_ros_ws/firmware/toolchain/esp-idf/components/libsodium/libsodium/src/libsodium/include -I/micro_ros_ws/firmware/toolchain/esp-idf/components/coap/port/include -I/micro_ros_ws/firmware/toolchain/esp-idf/components/coap/libcoap/include -I/micro_ros_ws/firmware/toolchain/esp-idf/components/tcp_transport/include -I/micro_ros_ws/firmware/toolchain/esp-idf/components/unity/include -I/micro_ros_ws/firmware/toolchain/esp-idf/components/esp32/include -I/micro_ros_ws/firmware/toolchain/esp-idf/components/asio/port/include -I/micro_ros_ws/firmware/toolchain/esp-idf/components/asio/asio/asio/include -I/micro_ros_ws/firmware/toolchain/esp-idf/components/app_update/include -I/micro_ros_ws/firmware/toolchain/esp-idf/components/esp_ringbuf/include -I/micro_ros_ws/firmware/toolchain/esp-idf/components/soc/esp32/include -I/micro_ros_ws/firmware/toolchain/esp-idf/components/soc/include -I/micro_ros_ws/firmware/toolchain/esp-idf/components/efuse/test/include -I/micro_ros_ws/firmware/toolchain/esp-idf/components/efuse/esp32/include -I/micro_ros_ws/firmware/toolchain/esp-idf/components/efuse/include -I/micro_ros_ws/firmware/toolchain/esp-idf/components/mbedtls/port/include -I/micro_ros_ws/firmware/toolchain/esp-idf/components/mbedtls/mbedtls/include -I/micro_ros_ws/firmware/toolchain/esp-idf/components/xtensa/esp32/include -I/micro_ros_ws/firmware/toolchain/esp-idf/components/xtensa/include -I/micro_ros_ws/firmware/toolchain/esp-idf/components/app_trace/include -I/micro_ros_ws/firmware/toolchain/esp-idf/components/nvs_flash/include -I/micro_ros_ws/firmware/toolchain/esp-idf/components/jsmn/include -I/micro_ros_ws/firmware/toolchain/esp-idf/components/esp_eth/include -I/micro_ros_ws/firmware/toolchain/esp-idf/components/spiffs/include -I/micro_ros_ws/firmware/toolchain/esp-idf/components/ulp/include -I/micro_ros_ws/firmware/toolchain/esp-idf/components/mdns/include -I/micro_ros_ws/firmware/toolchain/esp-idf/components/freemodbus/modbus/include -I/micro_ros_ws/firmware/toolchain/esp-idf/components/freemodbus/common/include -I/micro_ros_ws/firmware/toolchain/esp-idf/components/esp_event/include -I/micro_ros_ws/firmware/toolchain/esp-idf/components/expat/port/include -I/micro_ros_ws/firmware/toolchain/esp-idf/components/bootloader_support/include -I/micro_ros_ws/firmware/toolchain/esp-idf/components/heap/include -I/micro_ros_ws/firmware/toolchain/esp-idf/components/wpa_supplicant/port/include -I/micro_ros_ws/firmware/toolchain/esp-idf/components/wpa_supplicant/include -I/micro_ros_ws/firmware/toolchain/esp-idf/components/tcpip_adapter/include -I/micro_ros_ws/firmware/toolchain/esp-idf/components/openssl/include -I/micro_ros_ws/firmware/toolchain/esp-idf/components/sdmmc/include -I/micro_ros_ws/firmware/toolchain/esp-idf/components/esp_local_ctrl/include -I/micro_ros_ws/firmware/toolchain/esp-idf/components/esp_common/include -I/micro_ros_ws/firmware/toolchain/esp-idf/components/lwip/lwip/src/include/lwip/apps -I/micro_ros_ws/firmware/toolchain/esp-idf/components/lwip/lwip/src/include/compat/posix -I/micro_ros_ws/firmware/toolchain/esp-idf/components/lwip/lwip/src/include -I/micro_ros_ws/firmware/toolchain/esp-idf/components/lwip/port/esp32/include -I/micro_ros_ws/firmware/mcu_ws/uros/rclc/rclc_lifecycle/include -I/micro_ros_ws/firmware/mcu_ws/uros/rclc/rclc_lifecycle/src -isystem /micro_ros_ws/firmware/mcu_ws/install/include -isystem /micro_ros_ws/firmware/mcu_ws/install/include/rosidl_typesupport_interface -isystem /micro_ros_ws/firmware/mcu_ws/install/include/rcutils -isystem /micro_ros_ws/firmware/mcu_ws/install/include/rcl_lifecycle -isystem /micro_ros_ws/firmware/mcu_ws/install/include/std_msgs -isystem /micro_ros_ws/firmware/mcu_ws/install/include/lifecycle_msgs -isystem /micro_ros_ws/firmware/mcu_ws/install/include/rcl -isystem /micro_ros_ws/firmware/mcu_ws/install/include/rcl_interfaces -isystem /micro_ros_ws/firmware/mcu_ws/install/include/builtin_interfaces -isystem /micro_ros_ws/firmware/mcu_ws/install/include/rosidl_runtime_c -isystem /micro_ros_ws/firmware/mcu_ws/install/include/rosidl_typesupport_introspection_c -isystem /micro_ros_ws/firmware/mcu_ws/install/include/rcl_logging_interface -isystem /micro_ros_ws/firmware/mcu_ws/install/include/rmw -isystem /micro_ros_ws/firmware/mcu_ws/install/include/tracetools -isystem /micro_ros_ws/firmware/mcu_ws/install/include/rcl_action -isystem /micro_ros_ws/firmware/mcu_ws/install/include/action_msgs -isystem /micro_ros_ws/firmware/mcu_ws/install/include/unique_identifier_msgs -mlongcalls -Wno-frame-address -mlongcalls -Wno-frame-address -g -Wall -Wextra -Wpedantic -std=gnu99 -MD -MT CMakeFiles/rclc_lifecycle.dir/src/rclc_lifecycle/rclc_lifecycle.c.obj -MF CMakeFiles/rclc_lifecycle.dir/src/rclc_lifecycle/rclc_lifecycle.c.obj.d -o CMakeFiles/rclc_lifecycle.dir/src/rclc_lifecycle/rclc_lifecycle.c.obj -c /micro_ros_ws/firmware/mcu_ws/uros/rclc/rclc_lifecycle/src/rclc_lifecycle/rclc_lifecycle.c
[100%] Linking CXX static library librclc_lifecycle.a
/usr/bin/cmake -P CMakeFiles/rclc_lifecycle.dir/cmake_clean_target.cmake
/usr/bin/cmake -E cmake_link_script CMakeFiles/rclc_lifecycle.dir/link.txt --verbose=1
/micro_ros_ws/firmware/toolchain/espressif/tools/xtensa-esp32-elf/esp-2020r2-8.2.0/xtensa-esp32-elf/bin/xtensa-esp32-elf-ar qc librclc_lifecycle.a CMakeFiles/rclc_lifecycle.dir/src/rclc_lifecycle/rclc_lifecycle.c.obj
/micro_ros_ws/firmware/toolchain/espressif/tools/xtensa-esp32-elf/esp-2020r2-8.2.0/xtensa-esp32-elf/bin/xtensa-esp32-elf-ranlib librclc_lifecycle.a
gmake[6]: Leaving directory '/micro_ros_ws/firmware/mcu_ws/build/rclc_lifecycle'
[100%] Built target rclc_lifecycle
gmake[5]: Leaving directory '/micro_ros_ws/firmware/mcu_ws/build/rclc_lifecycle'
/usr/bin/cmake -E cmake_progress_start /micro_ros_ws/firmware/mcu_ws/build/rclc_lifecycle/CMakeFiles 0
gmake[4]: Leaving directory '/micro_ros_ws/firmware/mcu_ws/build/rclc_lifecycle'
-- Install configuration: "Debug"
-- Installing: /micro_ros_ws/firmware/mcu_ws/install/lib/librclc_lifecycle.a
-- Up-to-date: /micro_ros_ws/firmware/mcu_ws/install/include
-- Up-to-date: /micro_ros_ws/firmware/mcu_ws/install/include/rclc_lifecycle
-- Up-to-date: /micro_ros_ws/firmware/mcu_ws/install/include/rclc_lifecycle/rclc_lifecycle.h
-- Up-to-date: /micro_ros_ws/firmware/mcu_ws/install/include/rclc_lifecycle/visibility_control.h
-- Up-to-date: /micro_ros_ws/firmware/mcu_ws/install/share/rclc_lifecycle/environment/library_path.sh
-- Installing: /micro_ros_ws/firmware/mcu_ws/install/share/rclc_lifecycle/environment/library_path.dsv
-- Up-to-date: /micro_ros_ws/firmware/mcu_ws/install/share/ament_index/resource_index/package_run_dependencies/rclc_lifecycle
-- Up-to-date: /micro_ros_ws/firmware/mcu_ws/install/share/ament_index/resource_index/parent_prefix_path/rclc_lifecycle
-- Up-to-date: /micro_ros_ws/firmware/mcu_ws/install/share/rclc_lifecycle/environment/ament_prefix_path.sh
-- Installing: /micro_ros_ws/firmware/mcu_ws/install/share/rclc_lifecycle/environment/ament_prefix_path.dsv
-- Up-to-date: /micro_ros_ws/firmware/mcu_ws/install/share/rclc_lifecycle/environment/path.sh
-- Installing: /micro_ros_ws/firmware/mcu_ws/install/share/rclc_lifecycle/environment/path.dsv
-- Up-to-date: /micro_ros_ws/firmware/mcu_ws/install/share/rclc_lifecycle/local_setup.bash
-- Up-to-date: /micro_ros_ws/firmware/mcu_ws/install/share/rclc_lifecycle/local_setup.sh
-- Up-to-date: /micro_ros_ws/firmware/mcu_ws/install/share/rclc_lifecycle/local_setup.zsh
-- Installing: /micro_ros_ws/firmware/mcu_ws/install/share/rclc_lifecycle/local_setup.dsv
-- Installing: /micro_ros_ws/firmware/mcu_ws/install/share/rclc_lifecycle/package.dsv
-- Up-to-date: /micro_ros_ws/firmware/mcu_ws/install/share/ament_index/resource_index/packages/rclc_lifecycle
-- Up-to-date: /micro_ros_ws/firmware/mcu_ws/install/share/rclc_lifecycle/cmake/rclc_lifecycleExport.cmake
-- Up-to-date: /micro_ros_ws/firmware/mcu_ws/install/share/rclc_lifecycle/cmake/rclc_lifecycleExport-debug.cmake
-- Up-to-date: /micro_ros_ws/firmware/mcu_ws/install/share/rclc_lifecycle/cmake/ament_cmake_export_include_directories-extras.cmake
-- Up-to-date: /micro_ros_ws/firmware/mcu_ws/install/share/rclc_lifecycle/cmake/ament_cmake_export_libraries-extras.cmake
-- Up-to-date: /micro_ros_ws/firmware/mcu_ws/install/share/rclc_lifecycle/cmake/ament_cmake_export_targets-extras.cmake
-- Up-to-date: /micro_ros_ws/firmware/mcu_ws/install/share/rclc_lifecycle/cmake/ament_cmake_export_dependencies-extras.cmake
-- Up-to-date: /micro_ros_ws/firmware/mcu_ws/install/share/rclc_lifecycle/cmake/rclc_lifecycleConfig.cmake
-- Up-to-date: /micro_ros_ws/firmware/mcu_ws/install/share/rclc_lifecycle/cmake/rclc_lifecycleConfig-version.cmake
-- Up-to-date: /micro_ros_ws/firmware/mcu_ws/install/share/rclc_lifecycle/package.xml
