[1.320s] Invoking command in '/micro_ros_ws/firmware/mcu_ws/build/stereo_msgs': AMENT_PREFIX_PATH=/micro_ros_ws/firmware/mcu_ws/install:${AMENT_PREFIX_PATH} CMAKE_PREFIX_PATH=/micro_ros_ws/firmware/mcu_ws/install:/micro_ros_ws/firmware/dev_ws/install/ament_lint_common:/micro_ros_ws/firmware/dev_ws/install/ament_cmake_uncrustify:/micro_ros_ws/firmware/dev_ws/install/uncrustify_vendor:/micro_ros_ws/firmware/dev_ws/install/ament_cmake_ros:/micro_ros_ws/firmware/dev_ws/install/ament_cmake_auto:/micro_ros_ws/firmware/dev_ws/install/ament_cmake_gmock:/micro_ros_ws/firmware/dev_ws/install/gmock_vendor:/micro_ros_ws/firmware/dev_ws/install/ament_cmake_gtest:/micro_ros_ws/firmware/dev_ws/install/gtest_vendor:/micro_ros_ws/firmware/dev_ws/install/ament_cmake_xmllint:/micro_ros_ws/firmware/dev_ws/install/ament_cmake_pyflakes:/micro_ros_ws/firmware/dev_ws/install/ament_cmake_pycodestyle:/micro_ros_ws/firmware/dev_ws/install/ament_cmake_pep257:/micro_ros_ws/firmware/dev_ws/install/ament_cmake_pclint:/micro_ros_ws/firmware/dev_ws/install/ament_lint_auto:/micro_ros_ws/firmware/dev_ws/install/ament_cmake:/micro_ros_ws/firmware/dev_ws/install/ament_cmake_version:/micro_ros_ws/firmware/dev_ws/install/ament_cmake_vendor_package:/micro_ros_ws/firmware/dev_ws/install/ament_cmake_pytest:/micro_ros_ws/firmware/dev_ws/install/ament_cmake_nose:/micro_ros_ws/firmware/dev_ws/install/ament_cmake_mypy:/micro_ros_ws/firmware/dev_ws/install/ament_cmake_lint_cmake:/micro_ros_ws/firmware/dev_ws/install/ament_cmake_google_benchmark:/micro_ros_ws/firmware/dev_ws/install/ament_cmake_flake8:/micro_ros_ws/firmware/dev_ws/install/ament_cmake_cpplint:/micro_ros_ws/firmware/dev_ws/install/ament_cmake_cppcheck:/micro_ros_ws/firmware/dev_ws/install/ament_cmake_copyright:/micro_ros_ws/firmware/dev_ws/install/ament_cmake_clang_tidy:/micro_ros_ws/firmware/dev_ws/install/ament_cmake_clang_format:/micro_ros_ws/firmware/dev_ws/install/ament_cmake_test:/micro_ros_ws/firmware/dev_ws/install/ament_cmake_target_dependencies:/micro_ros_ws/firmware/dev_ws/install/ament_cmake_python:/micro_ros_ws/firmware/dev_ws/install/ament_cmake_export_dependencies:/micro_ros_ws/firmware/dev_ws/install/ament_cmake_libraries:/micro_ros_ws/firmware/dev_ws/install/ament_cmake_include_directories:/micro_ros_ws/firmware/dev_ws/install/ament_cmake_gen_version_h:/micro_ros_ws/firmware/dev_ws/install/ament_cmake_export_targets:/micro_ros_ws/firmware/dev_ws/install/ament_cmake_export_link_flags:/micro_ros_ws/firmware/dev_ws/install/ament_cmake_export_interfaces:/micro_ros_ws/firmware/dev_ws/install/ament_cmake_export_libraries:/micro_ros_ws/firmware/dev_ws/install/ament_cmake_export_include_directories:/micro_ros_ws/firmware/dev_ws/install/ament_cmake_export_definitions:/micro_ros_ws/firmware/dev_ws/install/ament_cmake_core:/micro_ros_ws/firmware/dev_ws/install/ament_index_cpp:/micro_ros_ws/firmware/dev_ws/install/ament_uncrustify:/micro_ros_ws/firmware/dev_ws/install/domain_coordinator:/micro_ros_ws/firmware/dev_ws/install/ament_xmllint:/micro_ros_ws/firmware/dev_ws/install/ament_pyflakes:/micro_ros_ws/firmware/dev_ws/install/ament_pycodestyle:/micro_ros_ws/firmware/dev_ws/install/ament_pep257:/micro_ros_ws/firmware/dev_ws/install/ament_pclint:/micro_ros_ws/firmware/dev_ws/install/ament_package:/micro_ros_ws/firmware/dev_ws/install/ament_mypy:/micro_ros_ws/firmware/dev_ws/install/ament_lint_cmake:/micro_ros_ws/firmware/dev_ws/install/ament_flake8:/micro_ros_ws/firmware/dev_ws/install/ament_copyright:/micro_ros_ws/firmware/dev_ws/install/ament_lint:/micro_ros_ws/firmware/dev_ws/install/ament_index_python:/micro_ros_ws/firmware/dev_ws/install/ament_cpplint:/micro_ros_ws/firmware/dev_ws/install/ament_cppcheck:/micro_ros_ws/firmware/dev_ws/install/ament_clang_tidy:/micro_ros_ws/firmware/dev_ws/install/ament_clang_format LD_LIBRARY_PATH=/micro_ros_ws/firmware/mcu_ws/install/lib:${LD_LIBRARY_PATH} PATH=/micro_ros_ws/firmware/mcu_ws/install/bin:${PATH} PYTHONPATH=/micro_ros_ws/firmware/mcu_ws/install/lib/python3.10/site-packages:${PYTHONPATH} /usr/bin/cmake --build /micro_ros_ws/firmware/mcu_ws/build/stereo_msgs -- -j12 -l12
[1.414s] gmake[4]: Entering directory '/micro_ros_ws/firmware/mcu_ws/build/stereo_msgs'
[1.414s] /usr/bin/cmake -S/micro_ros_ws/firmware/mcu_ws/ros2/common_interfaces/stereo_msgs -B/micro_ros_ws/firmware/mcu_ws/build/stereo_msgs --check-build-system CMakeFiles/Makefile.cmake 0
[1.620s] Re-run cmake file: Makefile older than: /micro_ros_ws/firmware/freertos_apps/microros_esp32_extensions/esp32_toolchain.cmake
[1.648s] -- Found ament_cmake: 1.3.14 (/micro_ros_ws/firmware/dev_ws/install/ament_cmake/share/ament_cmake/cmake)
[4.943s] -- Found rosidl_default_generators: 1.2.1 (/micro_ros_ws/firmware/mcu_ws/install/share/rosidl_default_generators/cmake)
[5.091s] -- Using all available rosidl_typesupport_c: rosidl_typesupport_introspection_c;rosidl_typesupport_microxrcedds_c
[5.142s] -- Found rosidl_adapter: 3.1.8 (/micro_ros_ws/firmware/mcu_ws/install/share/rosidl_adapter/cmake)
[6.133s] -- Found sensor_msgs: 4.9.1 (/micro_ros_ws/firmware/mcu_ws/install/share/sensor_msgs/cmake)
[8.117s] -- Found ament_cmake_ros: 0.10.0 (/micro_ros_ws/firmware/dev_ws/install/ament_cmake_ros/share/ament_cmake_ros/cmake)
[8.687s] -- Using all available rosidl_typesupport_c: rosidl_typesupport_introspection_c;rosidl_typesupport_microxrcedds_c
[8.767s] -- Configuring done
[8.979s] -- Generating done
[9.031s] -- Build files have been written to: /micro_ros_ws/firmware/mcu_ws/build/stereo_msgs
[9.034s] /usr/bin/cmake -E cmake_progress_start /micro_ros_ws/firmware/mcu_ws/build/stereo_msgs/CMakeFiles /micro_ros_ws/firmware/mcu_ws/build/stereo_msgs//CMakeFiles/progress.marks
[9.056s] /usr/bin/gmake  -f CMakeFiles/Makefile2 all
[9.061s] gmake[5]: Entering directory '/micro_ros_ws/firmware/mcu_ws/build/stereo_msgs'
[9.062s] /usr/bin/gmake  -f CMakeFiles/stereo_msgs__rosidl_generator_c.dir/build.make CMakeFiles/stereo_msgs__rosidl_generator_c.dir/depend
[9.081s] gmake[6]: Entering directory '/micro_ros_ws/firmware/mcu_ws/build/stereo_msgs'
[9.081s] cd /micro_ros_ws/firmware/mcu_ws/build/stereo_msgs && /usr/bin/cmake -E cmake_depends "Unix Makefiles" /micro_ros_ws/firmware/mcu_ws/ros2/common_interfaces/stereo_msgs /micro_ros_ws/firmware/mcu_ws/ros2/common_interfaces/stereo_msgs /micro_ros_ws/firmware/mcu_ws/build/stereo_msgs /micro_ros_ws/firmware/mcu_ws/build/stereo_msgs /micro_ros_ws/firmware/mcu_ws/build/stereo_msgs/CMakeFiles/stereo_msgs__rosidl_generator_c.dir/DependInfo.cmake --color=
[9.112s] Dependencies file "CMakeFiles/stereo_msgs__rosidl_generator_c.dir/rosidl_generator_c/stereo_msgs/msg/detail/disparity_image__functions.c.obj.d" is newer than depends file "/micro_ros_ws/firmware/mcu_ws/build/stereo_msgs/CMakeFiles/stereo_msgs__rosidl_generator_c.dir/compiler_depend.internal".
[9.114s] [35m[1mConsolidate compiler generated dependencies of target stereo_msgs__rosidl_generator_c[0m
[9.140s] gmake[6]: Leaving directory '/micro_ros_ws/firmware/mcu_ws/build/stereo_msgs'
[9.141s] /usr/bin/gmake  -f CMakeFiles/stereo_msgs__rosidl_generator_c.dir/build.make CMakeFiles/stereo_msgs__rosidl_generator_c.dir/build
[9.181s] gmake[6]: Entering directory '/micro_ros_ws/firmware/mcu_ws/build/stereo_msgs'
[9.207s] [  8%] [32mBuilding C object CMakeFiles/stereo_msgs__rosidl_generator_c.dir/rosidl_generator_c/stereo_msgs/msg/detail/disparity_image__functions.c.obj[0m
[9.208s] /micro_ros_ws/firmware/toolchain/espressif/tools/xtensa-esp32-elf/esp-2020r2-8.2.0/xtensa-esp32-elf/bin/xtensa-esp32-elf-gcc -DLWIP_IPV4 -DLWIP_IPV6 -DROS_PACKAGE_NAME=\"stereo_msgs\" -I/micro_ros_ws/firmware/freertos_apps/microros_esp32_extensions/build/config -I/micro_ros_ws/firmware/toolchain/esp-idf/components/newlib/platform_include -I/micro_ros_ws/firmware/toolchain/esp-idf/components/protocomm/include -I/micro_ros_ws/firmware/toolchain/esp-idf/components/esp_rom/include -I/micro_ros_ws/firmware/toolchain/esp-idf/components/driver/include -I/micro_ros_ws/firmware/toolchain/esp-idf/components/wear_levelling/include -I/micro_ros_ws/firmware/toolchain/esp-idf/components/vfs/include -I/micro_ros_ws/firmware/toolchain/esp-idf/components/log/include -I/micro_ros_ws/firmware/toolchain/esp-idf/components/freertos/include -I/micro_ros_ws/firmware/toolchain/esp-idf/components/wifi_provisioning/include -I/micro_ros_ws/firmware/toolchain/esp-idf/components/pthread/include -I/micro_ros_ws/firmware/toolchain/esp-idf/components/libsodium/libsodium/src/libsodium/include -I/micro_ros_ws/firmware/toolchain/esp-idf/components/coap/port/include -I/micro_ros_ws/firmware/toolchain/esp-idf/components/coap/libcoap/include -I/micro_ros_ws/firmware/toolchain/esp-idf/components/tcp_transport/include -I/micro_ros_ws/firmware/toolchain/esp-idf/components/unity/include -I/micro_ros_ws/firmware/toolchain/esp-idf/components/esp32/include -I/micro_ros_ws/firmware/toolchain/esp-idf/components/asio/port/include -I/micro_ros_ws/firmware/toolchain/esp-idf/components/asio/asio/asio/include -I/micro_ros_ws/firmware/toolchain/esp-idf/components/app_update/include -I/micro_ros_ws/firmware/toolchain/esp-idf/components/esp_ringbuf/include -I/micro_ros_ws/firmware/toolchain/esp-idf/components/soc/esp32/include -I/micro_ros_ws/firmware/toolchain/esp-idf/components/soc/include -I/micro_ros_ws/firmware/toolchain/esp-idf/components/efuse/test/include -I/micro_ros_ws/firmware/toolchain/esp-idf/components/efuse/esp32/include -I/micro_ros_ws/firmware/toolchain/esp-idf/components/efuse/include -I/micro_ros_ws/firmware/toolchain/esp-idf/components/mbedtls/port/include -I/micro_ros_ws/firmware/toolchain/esp-idf/components/mbedtls/mbedtls/include -I/micro_ros_ws/firmware/toolchain/esp-idf/components/xtensa/esp32/include -I/micro_ros_ws/firmware/toolchain/esp-idf/components/xtensa/include -I/micro_ros_ws/firmware/toolchain/esp-idf/components/app_trace/include -I/micro_ros_ws/firmware/toolchain/esp-idf/components/nvs_flash/include -I/micro_ros_ws/firmware/toolchain/esp-idf/components/jsmn/include -I/micro_ros_ws/firmware/toolchain/esp-idf/components/esp_eth/include -I/micro_ros_ws/firmware/toolchain/esp-idf/components/spiffs/include -I/micro_ros_ws/firmware/toolchain/esp-idf/components/ulp/include -I/micro_ros_ws/firmware/toolchain/esp-idf/components/mdns/include -I/micro_ros_ws/firmware/toolchain/esp-idf/components/freemodbus/modbus/include -I/micro_ros_ws/firmware/toolchain/esp-idf/components/freemodbus/common/include -I/micro_ros_ws/firmware/toolchain/esp-idf/components/esp_event/include -I/micro_ros_ws/firmware/toolchain/esp-idf/components/expat/port/include -I/micro_ros_ws/firmware/toolchain/esp-idf/components/bootloader_support/include -I/micro_ros_ws/firmware/toolchain/esp-idf/components/heap/include -I/micro_ros_ws/firmware/toolchain/esp-idf/components/wpa_supplicant/port/include -I/micro_ros_ws/firmware/toolchain/esp-idf/components/wpa_supplicant/include -I/micro_ros_ws/firmware/toolchain/esp-idf/components/tcpip_adapter/include -I/micro_ros_ws/firmware/toolchain/esp-idf/components/openssl/include -I/micro_ros_ws/firmware/toolchain/esp-idf/components/sdmmc/include -I/micro_ros_ws/firmware/toolchain/esp-idf/components/esp_local_ctrl/include -I/micro_ros_ws/firmware/toolchain/esp-idf/components/esp_common/include -I/micro_ros_ws/firmware/toolchain/esp-idf/components/lwip/lwip/src/include/lwip/apps -I/micro_ros_ws/firmware/toolchain/esp-idf/components/lwip/lwip/src/include/compat/posix -I/micro_ros_ws/firmware/toolchain/esp-idf/components/lwip/lwip/src/include -I/micro_ros_ws/firmware/toolchain/esp-idf/components/lwip/port/esp32/include -I/micro_ros_ws/firmware/mcu_ws/build/stereo_msgs/rosidl_generator_c -isystem /micro_ros_ws/firmware/mcu_ws/install/include/sensor_msgs -isystem /micro_ros_ws/firmware/mcu_ws/install/include/builtin_interfaces -isystem /micro_ros_ws/firmware/mcu_ws/install/include/rosidl_runtime_c -isystem /micro_ros_ws/firmware/mcu_ws/install/include/rcutils -isystem /micro_ros_ws/firmware/mcu_ws/install/include/rosidl_typesupport_interface -isystem /micro_ros_ws/firmware/mcu_ws/install/include/geometry_msgs -isystem /micro_ros_ws/firmware/mcu_ws/install/include/std_msgs -mlongcalls -Wno-frame-address -mlongcalls -Wno-frame-address -g -Wall -std=gnu11 -MD -MT CMakeFiles/stereo_msgs__rosidl_generator_c.dir/rosidl_generator_c/stereo_msgs/msg/detail/disparity_image__functions.c.obj -MF CMakeFiles/stereo_msgs__rosidl_generator_c.dir/rosidl_generator_c/stereo_msgs/msg/detail/disparity_image__functions.c.obj.d -o CMakeFiles/stereo_msgs__rosidl_generator_c.dir/rosidl_generator_c/stereo_msgs/msg/detail/disparity_image__functions.c.obj -c /micro_ros_ws/firmware/mcu_ws/build/stereo_msgs/rosidl_generator_c/stereo_msgs/msg/detail/disparity_image__functions.c
[11.796s] [ 16%] [32m[1mLinking C static library libstereo_msgs__rosidl_generator_c.a[0m
[11.797s] /usr/bin/cmake -P CMakeFiles/stereo_msgs__rosidl_generator_c.dir/cmake_clean_target.cmake
[11.865s] /usr/bin/cmake -E cmake_link_script CMakeFiles/stereo_msgs__rosidl_generator_c.dir/link.txt --verbose=1
[11.914s] /micro_ros_ws/firmware/toolchain/espressif/tools/xtensa-esp32-elf/esp-2020r2-8.2.0/xtensa-esp32-elf/bin/xtensa-esp32-elf-ar qc libstereo_msgs__rosidl_generator_c.a CMakeFiles/stereo_msgs__rosidl_generator_c.dir/rosidl_generator_c/stereo_msgs/msg/detail/disparity_image__functions.c.obj
[11.951s] /micro_ros_ws/firmware/toolchain/espressif/tools/xtensa-esp32-elf/esp-2020r2-8.2.0/xtensa-esp32-elf/bin/xtensa-esp32-elf-ranlib libstereo_msgs__rosidl_generator_c.a
[11.975s] gmake[6]: Leaving directory '/micro_ros_ws/firmware/mcu_ws/build/stereo_msgs'
[12.067s] [ 25%] Built target stereo_msgs__rosidl_generator_c
[12.068s] /usr/bin/gmake  -f CMakeFiles/stereo_msgs__rosidl_typesupport_c.dir/build.make CMakeFiles/stereo_msgs__rosidl_typesupport_c.dir/depend
[12.068s] /usr/bin/gmake  -f CMakeFiles/stereo_msgs__rosidl_typesupport_introspection_c.dir/build.make CMakeFiles/stereo_msgs__rosidl_typesupport_introspection_c.dir/depend
[12.069s] /usr/bin/gmake  -f CMakeFiles/stereo_msgs__rosidl_typesupport_microxrcedds_c.dir/build.make CMakeFiles/stereo_msgs__rosidl_typesupport_microxrcedds_c.dir/depend
[12.102s] gmake[6]: Entering directory '/micro_ros_ws/firmware/mcu_ws/build/stereo_msgs'
[12.103s] cd /micro_ros_ws/firmware/mcu_ws/build/stereo_msgs && /usr/bin/cmake -E cmake_depends "Unix Makefiles" /micro_ros_ws/firmware/mcu_ws/ros2/common_interfaces/stereo_msgs /micro_ros_ws/firmware/mcu_ws/ros2/common_interfaces/stereo_msgs /micro_ros_ws/firmware/mcu_ws/build/stereo_msgs /micro_ros_ws/firmware/mcu_ws/build/stereo_msgs /micro_ros_ws/firmware/mcu_ws/build/stereo_msgs/CMakeFiles/stereo_msgs__rosidl_typesupport_microxrcedds_c.dir/DependInfo.cmake --color=
[12.165s] gmake[6]: Entering directory '/micro_ros_ws/firmware/mcu_ws/build/stereo_msgs'
[12.165s] cd /micro_ros_ws/firmware/mcu_ws/build/stereo_msgs && /usr/bin/cmake -E cmake_depends "Unix Makefiles" /micro_ros_ws/firmware/mcu_ws/ros2/common_interfaces/stereo_msgs /micro_ros_ws/firmware/mcu_ws/ros2/common_interfaces/stereo_msgs /micro_ros_ws/firmware/mcu_ws/build/stereo_msgs /micro_ros_ws/firmware/mcu_ws/build/stereo_msgs /micro_ros_ws/firmware/mcu_ws/build/stereo_msgs/CMakeFiles/stereo_msgs__rosidl_typesupport_c.dir/DependInfo.cmake --color=
[12.166s] gmake[6]: Entering directory '/micro_ros_ws/firmware/mcu_ws/build/stereo_msgs'
[12.167s] cd /micro_ros_ws/firmware/mcu_ws/build/stereo_msgs && /usr/bin/cmake -E cmake_depends "Unix Makefiles" /micro_ros_ws/firmware/mcu_ws/ros2/common_interfaces/stereo_msgs /micro_ros_ws/firmware/mcu_ws/ros2/common_interfaces/stereo_msgs /micro_ros_ws/firmware/mcu_ws/build/stereo_msgs /micro_ros_ws/firmware/mcu_ws/build/stereo_msgs /micro_ros_ws/firmware/mcu_ws/build/stereo_msgs/CMakeFiles/stereo_msgs__rosidl_typesupport_introspection_c.dir/DependInfo.cmake --color=
[12.199s] Dependencies file "CMakeFiles/stereo_msgs__rosidl_typesupport_microxrcedds_c.dir/rosidl_typesupport_microxrcedds_c/stereo_msgs/msg/detail/microxrcedds/disparity_image__type_support_c.c.obj.d" is newer than depends file "/micro_ros_ws/firmware/mcu_ws/build/stereo_msgs/CMakeFiles/stereo_msgs__rosidl_typesupport_microxrcedds_c.dir/compiler_depend.internal".
[12.202s] [35m[1mConsolidate compiler generated dependencies of target stereo_msgs__rosidl_typesupport_microxrcedds_c[0m
[12.262s] gmake[6]: Leaving directory '/micro_ros_ws/firmware/mcu_ws/build/stereo_msgs'
[12.263s] /usr/bin/gmake  -f CMakeFiles/stereo_msgs__rosidl_typesupport_microxrcedds_c.dir/build.make CMakeFiles/stereo_msgs__rosidl_typesupport_microxrcedds_c.dir/build
[12.269s] Dependencies file "CMakeFiles/stereo_msgs__rosidl_typesupport_introspection_c.dir/rosidl_typesupport_introspection_c/stereo_msgs/msg/detail/disparity_image__type_support.c.obj.d" is newer than depends file "/micro_ros_ws/firmware/mcu_ws/build/stereo_msgs/CMakeFiles/stereo_msgs__rosidl_typesupport_introspection_c.dir/compiler_depend.internal".
[12.270s] Dependencies file "CMakeFiles/stereo_msgs__rosidl_typesupport_c.dir/rosidl_typesupport_c/stereo_msgs/msg/disparity_image__type_support.cpp.obj.d" is newer than depends file "/micro_ros_ws/firmware/mcu_ws/build/stereo_msgs/CMakeFiles/stereo_msgs__rosidl_typesupport_c.dir/compiler_depend.internal".
[12.271s] [35m[1mConsolidate compiler generated dependencies of target stereo_msgs__rosidl_typesupport_introspection_c[0m
[12.272s] [35m[1mConsolidate compiler generated dependencies of target stereo_msgs__rosidl_typesupport_c[0m
[12.303s] gmake[6]: Leaving directory '/micro_ros_ws/firmware/mcu_ws/build/stereo_msgs'
[12.304s] /usr/bin/gmake  -f CMakeFiles/stereo_msgs__rosidl_typesupport_c.dir/build.make CMakeFiles/stereo_msgs__rosidl_typesupport_c.dir/build
[12.322s] gmake[6]: Leaving directory '/micro_ros_ws/firmware/mcu_ws/build/stereo_msgs'
[12.323s] /usr/bin/gmake  -f CMakeFiles/stereo_msgs__rosidl_typesupport_introspection_c.dir/build.make CMakeFiles/stereo_msgs__rosidl_typesupport_introspection_c.dir/build
[12.368s] gmake[6]: Entering directory '/micro_ros_ws/firmware/mcu_ws/build/stereo_msgs'
[12.369s] gmake[6]: Nothing to be done for 'CMakeFiles/stereo_msgs__rosidl_typesupport_microxrcedds_c.dir/build'.
[12.369s] gmake[6]: Leaving directory '/micro_ros_ws/firmware/mcu_ws/build/stereo_msgs'
[12.436s] gmake[6]: Entering directory '/micro_ros_ws/firmware/mcu_ws/build/stereo_msgs'
[12.436s] gmake[6]: Nothing to be done for 'CMakeFiles/stereo_msgs__rosidl_typesupport_c.dir/build'.
[12.437s] gmake[6]: Leaving directory '/micro_ros_ws/firmware/mcu_ws/build/stereo_msgs'
[12.470s] gmake[6]: Entering directory '/micro_ros_ws/firmware/mcu_ws/build/stereo_msgs'
[12.471s] gmake[6]: Nothing to be done for 'CMakeFiles/stereo_msgs__rosidl_typesupport_introspection_c.dir/build'.
[12.472s] gmake[6]: Leaving directory '/micro_ros_ws/firmware/mcu_ws/build/stereo_msgs'
[12.473s] [ 50%] Built target stereo_msgs__rosidl_typesupport_microxrcedds_c
[12.533s] [ 75%] Built target stereo_msgs__rosidl_typesupport_c
[12.566s] [100%] Built target stereo_msgs__rosidl_typesupport_introspection_c
[12.567s] /usr/bin/gmake  -f CMakeFiles/stereo_msgs.dir/build.make CMakeFiles/stereo_msgs.dir/depend
[12.588s] gmake[6]: Entering directory '/micro_ros_ws/firmware/mcu_ws/build/stereo_msgs'
[12.589s] cd /micro_ros_ws/firmware/mcu_ws/build/stereo_msgs && /usr/bin/cmake -E cmake_depends "Unix Makefiles" /micro_ros_ws/firmware/mcu_ws/ros2/common_interfaces/stereo_msgs /micro_ros_ws/firmware/mcu_ws/ros2/common_interfaces/stereo_msgs /micro_ros_ws/firmware/mcu_ws/build/stereo_msgs /micro_ros_ws/firmware/mcu_ws/build/stereo_msgs /micro_ros_ws/firmware/mcu_ws/build/stereo_msgs/CMakeFiles/stereo_msgs.dir/DependInfo.cmake --color=
[12.679s] gmake[6]: Leaving directory '/micro_ros_ws/firmware/mcu_ws/build/stereo_msgs'
[12.680s] /usr/bin/gmake  -f CMakeFiles/stereo_msgs.dir/build.make CMakeFiles/stereo_msgs.dir/build
[12.740s] gmake[6]: Entering directory '/micro_ros_ws/firmware/mcu_ws/build/stereo_msgs'
[12.741s] gmake[6]: Nothing to be done for 'CMakeFiles/stereo_msgs.dir/build'.
[12.742s] gmake[6]: Leaving directory '/micro_ros_ws/firmware/mcu_ws/build/stereo_msgs'
[12.845s] [100%] Built target stereo_msgs
[12.846s] gmake[5]: Leaving directory '/micro_ros_ws/firmware/mcu_ws/build/stereo_msgs'
[12.847s] /usr/bin/cmake -E cmake_progress_start /micro_ros_ws/firmware/mcu_ws/build/stereo_msgs/CMakeFiles 0
[12.930s] gmake[4]: Leaving directory '/micro_ros_ws/firmware/mcu_ws/build/stereo_msgs'
[12.935s] Invoked command in '/micro_ros_ws/firmware/mcu_ws/build/stereo_msgs' returned '0': AMENT_PREFIX_PATH=/micro_ros_ws/firmware/mcu_ws/install:${AMENT_PREFIX_PATH} CMAKE_PREFIX_PATH=/micro_ros_ws/firmware/mcu_ws/install:/micro_ros_ws/firmware/dev_ws/install/ament_lint_common:/micro_ros_ws/firmware/dev_ws/install/ament_cmake_uncrustify:/micro_ros_ws/firmware/dev_ws/install/uncrustify_vendor:/micro_ros_ws/firmware/dev_ws/install/ament_cmake_ros:/micro_ros_ws/firmware/dev_ws/install/ament_cmake_auto:/micro_ros_ws/firmware/dev_ws/install/ament_cmake_gmock:/micro_ros_ws/firmware/dev_ws/install/gmock_vendor:/micro_ros_ws/firmware/dev_ws/install/ament_cmake_gtest:/micro_ros_ws/firmware/dev_ws/install/gtest_vendor:/micro_ros_ws/firmware/dev_ws/install/ament_cmake_xmllint:/micro_ros_ws/firmware/dev_ws/install/ament_cmake_pyflakes:/micro_ros_ws/firmware/dev_ws/install/ament_cmake_pycodestyle:/micro_ros_ws/firmware/dev_ws/install/ament_cmake_pep257:/micro_ros_ws/firmware/dev_ws/install/ament_cmake_pclint:/micro_ros_ws/firmware/dev_ws/install/ament_lint_auto:/micro_ros_ws/firmware/dev_ws/install/ament_cmake:/micro_ros_ws/firmware/dev_ws/install/ament_cmake_version:/micro_ros_ws/firmware/dev_ws/install/ament_cmake_vendor_package:/micro_ros_ws/firmware/dev_ws/install/ament_cmake_pytest:/micro_ros_ws/firmware/dev_ws/install/ament_cmake_nose:/micro_ros_ws/firmware/dev_ws/install/ament_cmake_mypy:/micro_ros_ws/firmware/dev_ws/install/ament_cmake_lint_cmake:/micro_ros_ws/firmware/dev_ws/install/ament_cmake_google_benchmark:/micro_ros_ws/firmware/dev_ws/install/ament_cmake_flake8:/micro_ros_ws/firmware/dev_ws/install/ament_cmake_cpplint:/micro_ros_ws/firmware/dev_ws/install/ament_cmake_cppcheck:/micro_ros_ws/firmware/dev_ws/install/ament_cmake_copyright:/micro_ros_ws/firmware/dev_ws/install/ament_cmake_clang_tidy:/micro_ros_ws/firmware/dev_ws/install/ament_cmake_clang_format:/micro_ros_ws/firmware/dev_ws/install/ament_cmake_test:/micro_ros_ws/firmware/dev_ws/install/ament_cmake_target_dependencies:/micro_ros_ws/firmware/dev_ws/install/ament_cmake_python:/micro_ros_ws/firmware/dev_ws/install/ament_cmake_export_dependencies:/micro_ros_ws/firmware/dev_ws/install/ament_cmake_libraries:/micro_ros_ws/firmware/dev_ws/install/ament_cmake_include_directories:/micro_ros_ws/firmware/dev_ws/install/ament_cmake_gen_version_h:/micro_ros_ws/firmware/dev_ws/install/ament_cmake_export_targets:/micro_ros_ws/firmware/dev_ws/install/ament_cmake_export_link_flags:/micro_ros_ws/firmware/dev_ws/install/ament_cmake_export_interfaces:/micro_ros_ws/firmware/dev_ws/install/ament_cmake_export_libraries:/micro_ros_ws/firmware/dev_ws/install/ament_cmake_export_include_directories:/micro_ros_ws/firmware/dev_ws/install/ament_cmake_export_definitions:/micro_ros_ws/firmware/dev_ws/install/ament_cmake_core:/micro_ros_ws/firmware/dev_ws/install/ament_index_cpp:/micro_ros_ws/firmware/dev_ws/install/ament_uncrustify:/micro_ros_ws/firmware/dev_ws/install/domain_coordinator:/micro_ros_ws/firmware/dev_ws/install/ament_xmllint:/micro_ros_ws/firmware/dev_ws/install/ament_pyflakes:/micro_ros_ws/firmware/dev_ws/install/ament_pycodestyle:/micro_ros_ws/firmware/dev_ws/install/ament_pep257:/micro_ros_ws/firmware/dev_ws/install/ament_pclint:/micro_ros_ws/firmware/dev_ws/install/ament_package:/micro_ros_ws/firmware/dev_ws/install/ament_mypy:/micro_ros_ws/firmware/dev_ws/install/ament_lint_cmake:/micro_ros_ws/firmware/dev_ws/install/ament_flake8:/micro_ros_ws/firmware/dev_ws/install/ament_copyright:/micro_ros_ws/firmware/dev_ws/install/ament_lint:/micro_ros_ws/firmware/dev_ws/install/ament_index_python:/micro_ros_ws/firmware/dev_ws/install/ament_cpplint:/micro_ros_ws/firmware/dev_ws/install/ament_cppcheck:/micro_ros_ws/firmware/dev_ws/install/ament_clang_tidy:/micro_ros_ws/firmware/dev_ws/install/ament_clang_format LD_LIBRARY_PATH=/micro_ros_ws/firmware/mcu_ws/install/lib:${LD_LIBRARY_PATH} PATH=/micro_ros_ws/firmware/mcu_ws/install/bin:${PATH} PYTHONPATH=/micro_ros_ws/firmware/mcu_ws/install/lib/python3.10/site-packages:${PYTHONPATH} /usr/bin/cmake --build /micro_ros_ws/firmware/mcu_ws/build/stereo_msgs -- -j12 -l12
[12.943s] Invoking command in '/micro_ros_ws/firmware/mcu_ws/build/stereo_msgs': AMENT_PREFIX_PATH=/micro_ros_ws/firmware/mcu_ws/install:${AMENT_PREFIX_PATH} CMAKE_PREFIX_PATH=/micro_ros_ws/firmware/mcu_ws/install:/micro_ros_ws/firmware/dev_ws/install/ament_lint_common:/micro_ros_ws/firmware/dev_ws/install/ament_cmake_uncrustify:/micro_ros_ws/firmware/dev_ws/install/uncrustify_vendor:/micro_ros_ws/firmware/dev_ws/install/ament_cmake_ros:/micro_ros_ws/firmware/dev_ws/install/ament_cmake_auto:/micro_ros_ws/firmware/dev_ws/install/ament_cmake_gmock:/micro_ros_ws/firmware/dev_ws/install/gmock_vendor:/micro_ros_ws/firmware/dev_ws/install/ament_cmake_gtest:/micro_ros_ws/firmware/dev_ws/install/gtest_vendor:/micro_ros_ws/firmware/dev_ws/install/ament_cmake_xmllint:/micro_ros_ws/firmware/dev_ws/install/ament_cmake_pyflakes:/micro_ros_ws/firmware/dev_ws/install/ament_cmake_pycodestyle:/micro_ros_ws/firmware/dev_ws/install/ament_cmake_pep257:/micro_ros_ws/firmware/dev_ws/install/ament_cmake_pclint:/micro_ros_ws/firmware/dev_ws/install/ament_lint_auto:/micro_ros_ws/firmware/dev_ws/install/ament_cmake:/micro_ros_ws/firmware/dev_ws/install/ament_cmake_version:/micro_ros_ws/firmware/dev_ws/install/ament_cmake_vendor_package:/micro_ros_ws/firmware/dev_ws/install/ament_cmake_pytest:/micro_ros_ws/firmware/dev_ws/install/ament_cmake_nose:/micro_ros_ws/firmware/dev_ws/install/ament_cmake_mypy:/micro_ros_ws/firmware/dev_ws/install/ament_cmake_lint_cmake:/micro_ros_ws/firmware/dev_ws/install/ament_cmake_google_benchmark:/micro_ros_ws/firmware/dev_ws/install/ament_cmake_flake8:/micro_ros_ws/firmware/dev_ws/install/ament_cmake_cpplint:/micro_ros_ws/firmware/dev_ws/install/ament_cmake_cppcheck:/micro_ros_ws/firmware/dev_ws/install/ament_cmake_copyright:/micro_ros_ws/firmware/dev_ws/install/ament_cmake_clang_tidy:/micro_ros_ws/firmware/dev_ws/install/ament_cmake_clang_format:/micro_ros_ws/firmware/dev_ws/install/ament_cmake_test:/micro_ros_ws/firmware/dev_ws/install/ament_cmake_target_dependencies:/micro_ros_ws/firmware/dev_ws/install/ament_cmake_python:/micro_ros_ws/firmware/dev_ws/install/ament_cmake_export_dependencies:/micro_ros_ws/firmware/dev_ws/install/ament_cmake_libraries:/micro_ros_ws/firmware/dev_ws/install/ament_cmake_include_directories:/micro_ros_ws/firmware/dev_ws/install/ament_cmake_gen_version_h:/micro_ros_ws/firmware/dev_ws/install/ament_cmake_export_targets:/micro_ros_ws/firmware/dev_ws/install/ament_cmake_export_link_flags:/micro_ros_ws/firmware/dev_ws/install/ament_cmake_export_interfaces:/micro_ros_ws/firmware/dev_ws/install/ament_cmake_export_libraries:/micro_ros_ws/firmware/dev_ws/install/ament_cmake_export_include_directories:/micro_ros_ws/firmware/dev_ws/install/ament_cmake_export_definitions:/micro_ros_ws/firmware/dev_ws/install/ament_cmake_core:/micro_ros_ws/firmware/dev_ws/install/ament_index_cpp:/micro_ros_ws/firmware/dev_ws/install/ament_uncrustify:/micro_ros_ws/firmware/dev_ws/install/domain_coordinator:/micro_ros_ws/firmware/dev_ws/install/ament_xmllint:/micro_ros_ws/firmware/dev_ws/install/ament_pyflakes:/micro_ros_ws/firmware/dev_ws/install/ament_pycodestyle:/micro_ros_ws/firmware/dev_ws/install/ament_pep257:/micro_ros_ws/firmware/dev_ws/install/ament_pclint:/micro_ros_ws/firmware/dev_ws/install/ament_package:/micro_ros_ws/firmware/dev_ws/install/ament_mypy:/micro_ros_ws/firmware/dev_ws/install/ament_lint_cmake:/micro_ros_ws/firmware/dev_ws/install/ament_flake8:/micro_ros_ws/firmware/dev_ws/install/ament_copyright:/micro_ros_ws/firmware/dev_ws/install/ament_lint:/micro_ros_ws/firmware/dev_ws/install/ament_index_python:/micro_ros_ws/firmware/dev_ws/install/ament_cpplint:/micro_ros_ws/firmware/dev_ws/install/ament_cppcheck:/micro_ros_ws/firmware/dev_ws/install/ament_clang_tidy:/micro_ros_ws/firmware/dev_ws/install/ament_clang_format LD_LIBRARY_PATH=/micro_ros_ws/firmware/mcu_ws/install/lib:${LD_LIBRARY_PATH} PATH=/micro_ros_ws/firmware/mcu_ws/install/bin:${PATH} PYTHONPATH=/micro_ros_ws/firmware/mcu_ws/install/lib/python3.10/site-packages:${PYTHONPATH} /usr/bin/cmake --install /micro_ros_ws/firmware/mcu_ws/build/stereo_msgs
[12.999s] -- Install configuration: "Debug"
[13.006s] -- Up-to-date: /micro_ros_ws/firmware/mcu_ws/install/share/ament_index/resource_index/rosidl_interfaces/stereo_msgs
[13.010s] -- Up-to-date: /micro_ros_ws/firmware/mcu_ws/install/include/stereo_msgs/stereo_msgs
[13.015s] -- Up-to-date: /micro_ros_ws/firmware/mcu_ws/install/include/stereo_msgs/stereo_msgs/msg
[13.025s] -- Up-to-date: /micro_ros_ws/firmware/mcu_ws/install/include/stereo_msgs/stereo_msgs/msg/detail
[13.035s] -- Up-to-date: /micro_ros_ws/firmware/mcu_ws/install/include/stereo_msgs/stereo_msgs/msg/detail/disparity_image__functions.c
[13.042s] -- Up-to-date: /micro_ros_ws/firmware/mcu_ws/install/include/stereo_msgs/stereo_msgs/msg/detail/disparity_image__functions.h
[13.048s] -- Up-to-date: /micro_ros_ws/firmware/mcu_ws/install/include/stereo_msgs/stereo_msgs/msg/detail/disparity_image__struct.h
[13.054s] -- Up-to-date: /micro_ros_ws/firmware/mcu_ws/install/include/stereo_msgs/stereo_msgs/msg/detail/disparity_image__type_support.h
[13.059s] -- Up-to-date: /micro_ros_ws/firmware/mcu_ws/install/include/stereo_msgs/stereo_msgs/msg/disparity_image.h
[13.064s] -- Up-to-date: /micro_ros_ws/firmware/mcu_ws/install/include/stereo_msgs/stereo_msgs/msg/rosidl_generator_c__visibility_control.h
[13.072s] -- Up-to-date: /micro_ros_ws/firmware/mcu_ws/install/share/stereo_msgs/environment/library_path.sh
[13.076s] -- Installing: /micro_ros_ws/firmware/mcu_ws/install/share/stereo_msgs/environment/library_path.dsv
[13.091s] -- Installing: /micro_ros_ws/firmware/mcu_ws/install/lib/libstereo_msgs__rosidl_generator_c.a
[13.103s] -- Up-to-date: /micro_ros_ws/firmware/mcu_ws/install/include/stereo_msgs/stereo_msgs
[13.107s] -- Up-to-date: /micro_ros_ws/firmware/mcu_ws/install/include/stereo_msgs/stereo_msgs/msg
[13.112s] -- Up-to-date: /micro_ros_ws/firmware/mcu_ws/install/include/stereo_msgs/stereo_msgs/msg/detail
[13.124s] -- Up-to-date: /micro_ros_ws/firmware/mcu_ws/install/include/stereo_msgs/stereo_msgs/msg/detail/disparity_image__rosidl_typesupport_introspection_c.h
[13.139s] -- Up-to-date: /micro_ros_ws/firmware/mcu_ws/install/include/stereo_msgs/stereo_msgs/msg/detail/disparity_image__type_support.c
[13.145s] -- Up-to-date: /micro_ros_ws/firmware/mcu_ws/install/include/stereo_msgs/stereo_msgs/msg/rosidl_typesupport_introspection_c__visibility_control.h
[13.149s] -- Up-to-date: /micro_ros_ws/firmware/mcu_ws/install/lib/libstereo_msgs__rosidl_typesupport_introspection_c.a
[13.152s] -- Up-to-date: /micro_ros_ws/firmware/mcu_ws/install/include/stereo_msgs/stereo_msgs
[13.157s] -- Up-to-date: /micro_ros_ws/firmware/mcu_ws/install/include/stereo_msgs/stereo_msgs/msg
[13.163s] -- Up-to-date: /micro_ros_ws/firmware/mcu_ws/install/include/stereo_msgs/stereo_msgs/msg/detail
[13.171s] -- Up-to-date: /micro_ros_ws/firmware/mcu_ws/install/include/stereo_msgs/stereo_msgs/msg/detail/disparity_image__rosidl_typesupport_microxrcedds_c.h
[13.175s] -- Up-to-date: /micro_ros_ws/firmware/mcu_ws/install/include/stereo_msgs/stereo_msgs/msg/detail/microxrcedds
[13.182s] -- Up-to-date: /micro_ros_ws/firmware/mcu_ws/install/include/stereo_msgs/stereo_msgs/msg/rosidl_typesupport_microxrcedds_c__visibility_control.h
[13.186s] -- Up-to-date: /micro_ros_ws/firmware/mcu_ws/install/lib/libstereo_msgs__rosidl_typesupport_microxrcedds_c.a
[13.190s] -- Up-to-date: /micro_ros_ws/firmware/mcu_ws/install/lib/libstereo_msgs__rosidl_typesupport_c.a
[13.197s] -- Up-to-date: /micro_ros_ws/firmware/mcu_ws/install/share/stereo_msgs/msg/DisparityImage.idl
[13.202s] -- Up-to-date: /micro_ros_ws/firmware/mcu_ws/install/share/stereo_msgs/msg/DisparityImage.msg
[13.210s] -- Up-to-date: /micro_ros_ws/firmware/mcu_ws/install/share/ament_index/resource_index/package_run_dependencies/stereo_msgs
[13.218s] -- Up-to-date: /micro_ros_ws/firmware/mcu_ws/install/share/ament_index/resource_index/parent_prefix_path/stereo_msgs
[13.231s] -- Up-to-date: /micro_ros_ws/firmware/mcu_ws/install/share/stereo_msgs/environment/ament_prefix_path.sh
[13.236s] -- Installing: /micro_ros_ws/firmware/mcu_ws/install/share/stereo_msgs/environment/ament_prefix_path.dsv
[13.256s] -- Up-to-date: /micro_ros_ws/firmware/mcu_ws/install/share/stereo_msgs/environment/path.sh
[13.262s] -- Installing: /micro_ros_ws/firmware/mcu_ws/install/share/stereo_msgs/environment/path.dsv
[13.276s] -- Up-to-date: /micro_ros_ws/firmware/mcu_ws/install/share/stereo_msgs/local_setup.bash
[13.281s] -- Up-to-date: /micro_ros_ws/firmware/mcu_ws/install/share/stereo_msgs/local_setup.sh
[13.286s] -- Up-to-date: /micro_ros_ws/firmware/mcu_ws/install/share/stereo_msgs/local_setup.zsh
[13.291s] -- Installing: /micro_ros_ws/firmware/mcu_ws/install/share/stereo_msgs/local_setup.dsv
[13.306s] -- Installing: /micro_ros_ws/firmware/mcu_ws/install/share/stereo_msgs/package.dsv
[13.330s] -- Up-to-date: /micro_ros_ws/firmware/mcu_ws/install/share/ament_index/resource_index/packages/stereo_msgs
[13.344s] -- Up-to-date: /micro_ros_ws/firmware/mcu_ws/install/share/stereo_msgs/cmake/export_stereo_msgs__rosidl_generator_cExport.cmake
[13.350s] -- Up-to-date: /micro_ros_ws/firmware/mcu_ws/install/share/stereo_msgs/cmake/export_stereo_msgs__rosidl_generator_cExport-debug.cmake
[13.361s] -- Up-to-date: /micro_ros_ws/firmware/mcu_ws/install/share/stereo_msgs/cmake/stereo_msgs__rosidl_typesupport_introspection_cExport.cmake
[13.368s] -- Up-to-date: /micro_ros_ws/firmware/mcu_ws/install/share/stereo_msgs/cmake/stereo_msgs__rosidl_typesupport_introspection_cExport-debug.cmake
[13.379s] -- Up-to-date: /micro_ros_ws/firmware/mcu_ws/install/share/stereo_msgs/cmake/stereo_msgs__rosidl_typesupport_cExport.cmake
[13.385s] -- Up-to-date: /micro_ros_ws/firmware/mcu_ws/install/share/stereo_msgs/cmake/stereo_msgs__rosidl_typesupport_cExport-debug.cmake
[13.389s] -- Up-to-date: /micro_ros_ws/firmware/mcu_ws/install/share/stereo_msgs/cmake/rosidl_cmake-extras.cmake
[13.394s] -- Up-to-date: /micro_ros_ws/firmware/mcu_ws/install/share/stereo_msgs/cmake/ament_cmake_export_dependencies-extras.cmake
[13.400s] -- Up-to-date: /micro_ros_ws/firmware/mcu_ws/install/share/stereo_msgs/cmake/ament_cmake_export_include_directories-extras.cmake
[13.405s] -- Up-to-date: /micro_ros_ws/firmware/mcu_ws/install/share/stereo_msgs/cmake/ament_cmake_export_libraries-extras.cmake
[13.411s] -- Up-to-date: /micro_ros_ws/firmware/mcu_ws/install/share/stereo_msgs/cmake/ament_cmake_export_targets-extras.cmake
[13.419s] -- Up-to-date: /micro_ros_ws/firmware/mcu_ws/install/share/stereo_msgs/cmake/rosidl_cmake_export_typesupport_targets-extras.cmake
[13.434s] -- Up-to-date: /micro_ros_ws/firmware/mcu_ws/install/share/stereo_msgs/cmake/rosidl_cmake_export_typesupport_libraries-extras.cmake
[13.440s] -- Up-to-date: /micro_ros_ws/firmware/mcu_ws/install/share/stereo_msgs/cmake/rosidl_cmake_aggregate_target-extras.cmake
[13.446s] -- Up-to-date: /micro_ros_ws/firmware/mcu_ws/install/share/stereo_msgs/cmake/stereo_msgsConfig.cmake
[13.451s] -- Up-to-date: /micro_ros_ws/firmware/mcu_ws/install/share/stereo_msgs/cmake/stereo_msgsConfig-version.cmake
[13.455s] -- Up-to-date: /micro_ros_ws/firmware/mcu_ws/install/share/stereo_msgs/package.xml
[13.459s] Invoked command in '/micro_ros_ws/firmware/mcu_ws/build/stereo_msgs' returned '0': AMENT_PREFIX_PATH=/micro_ros_ws/firmware/mcu_ws/install:${AMENT_PREFIX_PATH} CMAKE_PREFIX_PATH=/micro_ros_ws/firmware/mcu_ws/install:/micro_ros_ws/firmware/dev_ws/install/ament_lint_common:/micro_ros_ws/firmware/dev_ws/install/ament_cmake_uncrustify:/micro_ros_ws/firmware/dev_ws/install/uncrustify_vendor:/micro_ros_ws/firmware/dev_ws/install/ament_cmake_ros:/micro_ros_ws/firmware/dev_ws/install/ament_cmake_auto:/micro_ros_ws/firmware/dev_ws/install/ament_cmake_gmock:/micro_ros_ws/firmware/dev_ws/install/gmock_vendor:/micro_ros_ws/firmware/dev_ws/install/ament_cmake_gtest:/micro_ros_ws/firmware/dev_ws/install/gtest_vendor:/micro_ros_ws/firmware/dev_ws/install/ament_cmake_xmllint:/micro_ros_ws/firmware/dev_ws/install/ament_cmake_pyflakes:/micro_ros_ws/firmware/dev_ws/install/ament_cmake_pycodestyle:/micro_ros_ws/firmware/dev_ws/install/ament_cmake_pep257:/micro_ros_ws/firmware/dev_ws/install/ament_cmake_pclint:/micro_ros_ws/firmware/dev_ws/install/ament_lint_auto:/micro_ros_ws/firmware/dev_ws/install/ament_cmake:/micro_ros_ws/firmware/dev_ws/install/ament_cmake_version:/micro_ros_ws/firmware/dev_ws/install/ament_cmake_vendor_package:/micro_ros_ws/firmware/dev_ws/install/ament_cmake_pytest:/micro_ros_ws/firmware/dev_ws/install/ament_cmake_nose:/micro_ros_ws/firmware/dev_ws/install/ament_cmake_mypy:/micro_ros_ws/firmware/dev_ws/install/ament_cmake_lint_cmake:/micro_ros_ws/firmware/dev_ws/install/ament_cmake_google_benchmark:/micro_ros_ws/firmware/dev_ws/install/ament_cmake_flake8:/micro_ros_ws/firmware/dev_ws/install/ament_cmake_cpplint:/micro_ros_ws/firmware/dev_ws/install/ament_cmake_cppcheck:/micro_ros_ws/firmware/dev_ws/install/ament_cmake_copyright:/micro_ros_ws/firmware/dev_ws/install/ament_cmake_clang_tidy:/micro_ros_ws/firmware/dev_ws/install/ament_cmake_clang_format:/micro_ros_ws/firmware/dev_ws/install/ament_cmake_test:/micro_ros_ws/firmware/dev_ws/install/ament_cmake_target_dependencies:/micro_ros_ws/firmware/dev_ws/install/ament_cmake_python:/micro_ros_ws/firmware/dev_ws/install/ament_cmake_export_dependencies:/micro_ros_ws/firmware/dev_ws/install/ament_cmake_libraries:/micro_ros_ws/firmware/dev_ws/install/ament_cmake_include_directories:/micro_ros_ws/firmware/dev_ws/install/ament_cmake_gen_version_h:/micro_ros_ws/firmware/dev_ws/install/ament_cmake_export_targets:/micro_ros_ws/firmware/dev_ws/install/ament_cmake_export_link_flags:/micro_ros_ws/firmware/dev_ws/install/ament_cmake_export_interfaces:/micro_ros_ws/firmware/dev_ws/install/ament_cmake_export_libraries:/micro_ros_ws/firmware/dev_ws/install/ament_cmake_export_include_directories:/micro_ros_ws/firmware/dev_ws/install/ament_cmake_export_definitions:/micro_ros_ws/firmware/dev_ws/install/ament_cmake_core:/micro_ros_ws/firmware/dev_ws/install/ament_index_cpp:/micro_ros_ws/firmware/dev_ws/install/ament_uncrustify:/micro_ros_ws/firmware/dev_ws/install/domain_coordinator:/micro_ros_ws/firmware/dev_ws/install/ament_xmllint:/micro_ros_ws/firmware/dev_ws/install/ament_pyflakes:/micro_ros_ws/firmware/dev_ws/install/ament_pycodestyle:/micro_ros_ws/firmware/dev_ws/install/ament_pep257:/micro_ros_ws/firmware/dev_ws/install/ament_pclint:/micro_ros_ws/firmware/dev_ws/install/ament_package:/micro_ros_ws/firmware/dev_ws/install/ament_mypy:/micro_ros_ws/firmware/dev_ws/install/ament_lint_cmake:/micro_ros_ws/firmware/dev_ws/install/ament_flake8:/micro_ros_ws/firmware/dev_ws/install/ament_copyright:/micro_ros_ws/firmware/dev_ws/install/ament_lint:/micro_ros_ws/firmware/dev_ws/install/ament_index_python:/micro_ros_ws/firmware/dev_ws/install/ament_cpplint:/micro_ros_ws/firmware/dev_ws/install/ament_cppcheck:/micro_ros_ws/firmware/dev_ws/install/ament_clang_tidy:/micro_ros_ws/firmware/dev_ws/install/ament_clang_format LD_LIBRARY_PATH=/micro_ros_ws/firmware/mcu_ws/install/lib:${LD_LIBRARY_PATH} PATH=/micro_ros_ws/firmware/mcu_ws/install/bin:${PATH} PYTHONPATH=/micro_ros_ws/firmware/mcu_ws/install/lib/python3.10/site-packages:${PYTHONPATH} /usr/bin/cmake --install /micro_ros_ws/firmware/mcu_ws/build/stereo_msgs
