[9.579s] Invoking command in '/micro_ros_ws/firmware/mcu_ws/uros/tracetools/tracetools_trace': PYTHONPATH=/micro_ros_ws/firmware/mcu_ws/build/tracetools_trace/prefix_override:/micro_ros_ws/firmware/toolchain/espressif/python_env/idf4.1_py3.10_env/lib/python3.10/site-packages/colcon_core/task/python/colcon_distutils_commands:/micro_ros_ws/firmware/mcu_ws/install/lib/python3.10/site-packages:${PYTHONPATH} /micro_ros_ws/firmware/toolchain/espressif/python_env/idf4.1_py3.10_env/bin/python -W ignore:setup.py install is deprecated -W ignore:easy_install command is deprecated setup.py egg_info --egg-base ../../../build/tracetools_trace build --build-base /micro_ros_ws/firmware/mcu_ws/build/tracetools_trace/build install --record /micro_ros_ws/firmware/mcu_ws/build/tracetools_trace/install.log --single-version-externally-managed install_data
[10.754s] /micro_ros_ws/firmware/toolchain/espressif/python_env/idf4.1_py3.10_env/lib/python3.10/site-packages/setuptools/_distutils/dist.py:289: UserWarning: Unknown distribution option: 'tests_require'
[10.755s]   warnings.warn(msg)
[11.163s] running egg_info
[11.340s] writing ../../../build/tracetools_trace/tracetools_trace.egg-info/PKG-INFO
[11.346s] writing dependency_links to ../../../build/tracetools_trace/tracetools_trace.egg-info/dependency_links.txt
[11.352s] writing entry points to ../../../build/tracetools_trace/tracetools_trace.egg-info/entry_points.txt
[11.353s] writing requirements to ../../../build/tracetools_trace/tracetools_trace.egg-info/requires.txt
[11.356s] writing top-level names to ../../../build/tracetools_trace/tracetools_trace.egg-info/top_level.txt
[11.557s] reading manifest file '../../../build/tracetools_trace/tracetools_trace.egg-info/SOURCES.txt'
[11.570s] writing manifest file '../../../build/tracetools_trace/tracetools_trace.egg-info/SOURCES.txt'
[11.571s] running build
[11.571s] running build_py
[11.574s] copying tracetools_trace/trace.py -> /micro_ros_ws/firmware/mcu_ws/build/tracetools_trace/build/lib/tracetools_trace
[11.577s] copying tracetools_trace/__init__.py -> /micro_ros_ws/firmware/mcu_ws/build/tracetools_trace/build/lib/tracetools_trace
[11.582s] copying tracetools_trace/tools/args.py -> /micro_ros_ws/firmware/mcu_ws/build/tracetools_trace/build/lib/tracetools_trace/tools
[11.586s] copying tracetools_trace/tools/lttng.py -> /micro_ros_ws/firmware/mcu_ws/build/tracetools_trace/build/lib/tracetools_trace/tools
[11.590s] copying tracetools_trace/tools/lttng_impl.py -> /micro_ros_ws/firmware/mcu_ws/build/tracetools_trace/build/lib/tracetools_trace/tools
[11.594s] copying tracetools_trace/tools/lttng_stub.py -> /micro_ros_ws/firmware/mcu_ws/build/tracetools_trace/build/lib/tracetools_trace/tools
[11.602s] copying tracetools_trace/tools/names.py -> /micro_ros_ws/firmware/mcu_ws/build/tracetools_trace/build/lib/tracetools_trace/tools
[11.608s] copying tracetools_trace/tools/path.py -> /micro_ros_ws/firmware/mcu_ws/build/tracetools_trace/build/lib/tracetools_trace/tools
[11.613s] copying tracetools_trace/tools/signals.py -> /micro_ros_ws/firmware/mcu_ws/build/tracetools_trace/build/lib/tracetools_trace/tools
[11.617s] copying tracetools_trace/tools/tracepoints.py -> /micro_ros_ws/firmware/mcu_ws/build/tracetools_trace/build/lib/tracetools_trace/tools
[11.621s] copying tracetools_trace/tools/__init__.py -> /micro_ros_ws/firmware/mcu_ws/build/tracetools_trace/build/lib/tracetools_trace/tools
[11.625s] running install
[11.629s] running install_lib
[11.767s] running install_data
[11.769s] copying package.xml -> /micro_ros_ws/firmware/mcu_ws/install/share/tracetools_trace
[11.773s] copying resource/tracetools_trace -> /micro_ros_ws/firmware/mcu_ws/install/share/ament_index/resource_index/packages
[11.775s] running install_egg_info
[11.863s] removing '/micro_ros_ws/firmware/mcu_ws/install/lib/python3.10/site-packages/tracetools_trace-4.1.1-py3.10.egg-info' (and everything under it)
[11.867s] Copying ../../../build/tracetools_trace/tracetools_trace.egg-info to /micro_ros_ws/firmware/mcu_ws/install/lib/python3.10/site-packages/tracetools_trace-4.1.1-py3.10.egg-info
[11.886s] running install_scripts
[12.447s] Installing trace script to /micro_ros_ws/firmware/mcu_ws/install/bin
[12.449s] writing list of installed files to '/micro_ros_ws/firmware/mcu_ws/build/tracetools_trace/install.log'
[12.477s] Invoked command in '/micro_ros_ws/firmware/mcu_ws/uros/tracetools/tracetools_trace' returned '0': PYTHONPATH=/micro_ros_ws/firmware/mcu_ws/build/tracetools_trace/prefix_override:/micro_ros_ws/firmware/toolchain/espressif/python_env/idf4.1_py3.10_env/lib/python3.10/site-packages/colcon_core/task/python/colcon_distutils_commands:/micro_ros_ws/firmware/mcu_ws/install/lib/python3.10/site-packages:${PYTHONPATH} /micro_ros_ws/firmware/toolchain/espressif/python_env/idf4.1_py3.10_env/bin/python -W ignore:setup.py install is deprecated -W ignore:easy_install command is deprecated setup.py egg_info --egg-base ../../../build/tracetools_trace build --build-base /micro_ros_ws/firmware/mcu_ws/build/tracetools_trace/build install --record /micro_ros_ws/firmware/mcu_ws/build/tracetools_trace/install.log --single-version-externally-managed install_data
