[0.757s] Invoking command in '/micro_ros_ws/firmware/mcu_ws/build/diagnostic_msgs': AMENT_PREFIX_PATH=/micro_ros_ws/firmware/mcu_ws/install:${AMENT_PREFIX_PATH} CMAKE_PREFIX_PATH=/micro_ros_ws/firmware/mcu_ws/install:/micro_ros_ws/firmware/dev_ws/install/ament_lint_common:/micro_ros_ws/firmware/dev_ws/install/ament_cmake_uncrustify:/micro_ros_ws/firmware/dev_ws/install/uncrustify_vendor:/micro_ros_ws/firmware/dev_ws/install/ament_cmake_ros:/micro_ros_ws/firmware/dev_ws/install/ament_cmake_auto:/micro_ros_ws/firmware/dev_ws/install/ament_cmake_gmock:/micro_ros_ws/firmware/dev_ws/install/gmock_vendor:/micro_ros_ws/firmware/dev_ws/install/ament_cmake_gtest:/micro_ros_ws/firmware/dev_ws/install/gtest_vendor:/micro_ros_ws/firmware/dev_ws/install/ament_cmake_xmllint:/micro_ros_ws/firmware/dev_ws/install/ament_cmake_pyflakes:/micro_ros_ws/firmware/dev_ws/install/ament_cmake_pycodestyle:/micro_ros_ws/firmware/dev_ws/install/ament_cmake_pep257:/micro_ros_ws/firmware/dev_ws/install/ament_cmake_pclint:/micro_ros_ws/firmware/dev_ws/install/ament_lint_auto:/micro_ros_ws/firmware/dev_ws/install/ament_cmake:/micro_ros_ws/firmware/dev_ws/install/ament_cmake_version:/micro_ros_ws/firmware/dev_ws/install/ament_cmake_vendor_package:/micro_ros_ws/firmware/dev_ws/install/ament_cmake_pytest:/micro_ros_ws/firmware/dev_ws/install/ament_cmake_nose:/micro_ros_ws/firmware/dev_ws/install/ament_cmake_mypy:/micro_ros_ws/firmware/dev_ws/install/ament_cmake_lint_cmake:/micro_ros_ws/firmware/dev_ws/install/ament_cmake_google_benchmark:/micro_ros_ws/firmware/dev_ws/install/ament_cmake_flake8:/micro_ros_ws/firmware/dev_ws/install/ament_cmake_cpplint:/micro_ros_ws/firmware/dev_ws/install/ament_cmake_cppcheck:/micro_ros_ws/firmware/dev_ws/install/ament_cmake_copyright:/micro_ros_ws/firmware/dev_ws/install/ament_cmake_clang_tidy:/micro_ros_ws/firmware/dev_ws/install/ament_cmake_clang_format:/micro_ros_ws/firmware/dev_ws/install/ament_cmake_test:/micro_ros_ws/firmware/dev_ws/install/ament_cmake_target_dependencies:/micro_ros_ws/firmware/dev_ws/install/ament_cmake_python:/micro_ros_ws/firmware/dev_ws/install/ament_cmake_export_dependencies:/micro_ros_ws/firmware/dev_ws/install/ament_cmake_libraries:/micro_ros_ws/firmware/dev_ws/install/ament_cmake_include_directories:/micro_ros_ws/firmware/dev_ws/install/ament_cmake_gen_version_h:/micro_ros_ws/firmware/dev_ws/install/ament_cmake_export_targets:/micro_ros_ws/firmware/dev_ws/install/ament_cmake_export_link_flags:/micro_ros_ws/firmware/dev_ws/install/ament_cmake_export_interfaces:/micro_ros_ws/firmware/dev_ws/install/ament_cmake_export_libraries:/micro_ros_ws/firmware/dev_ws/install/ament_cmake_export_include_directories:/micro_ros_ws/firmware/dev_ws/install/ament_cmake_export_definitions:/micro_ros_ws/firmware/dev_ws/install/ament_cmake_core:/micro_ros_ws/firmware/dev_ws/install/ament_index_cpp:/micro_ros_ws/firmware/dev_ws/install/ament_uncrustify:/micro_ros_ws/firmware/dev_ws/install/domain_coordinator:/micro_ros_ws/firmware/dev_ws/install/ament_xmllint:/micro_ros_ws/firmware/dev_ws/install/ament_pyflakes:/micro_ros_ws/firmware/dev_ws/install/ament_pycodestyle:/micro_ros_ws/firmware/dev_ws/install/ament_pep257:/micro_ros_ws/firmware/dev_ws/install/ament_pclint:/micro_ros_ws/firmware/dev_ws/install/ament_package:/micro_ros_ws/firmware/dev_ws/install/ament_mypy:/micro_ros_ws/firmware/dev_ws/install/ament_lint_cmake:/micro_ros_ws/firmware/dev_ws/install/ament_flake8:/micro_ros_ws/firmware/dev_ws/install/ament_copyright:/micro_ros_ws/firmware/dev_ws/install/ament_lint:/micro_ros_ws/firmware/dev_ws/install/ament_index_python:/micro_ros_ws/firmware/dev_ws/install/ament_cpplint:/micro_ros_ws/firmware/dev_ws/install/ament_cppcheck:/micro_ros_ws/firmware/dev_ws/install/ament_clang_tidy:/micro_ros_ws/firmware/dev_ws/install/ament_clang_format LD_LIBRARY_PATH=/micro_ros_ws/firmware/mcu_ws/install/lib:${LD_LIBRARY_PATH} PATH=/micro_ros_ws/firmware/mcu_ws/install/bin:${PATH} PYTHONPATH=/micro_ros_ws/firmware/mcu_ws/install/lib/python3.10/site-packages:${PYTHONPATH} /usr/bin/cmake --build /micro_ros_ws/firmware/mcu_ws/build/diagnostic_msgs -- -j12 -l12
[0.815s] gmake[4]: Entering directory '/micro_ros_ws/firmware/mcu_ws/build/diagnostic_msgs'
[0.816s] /usr/bin/cmake -S/micro_ros_ws/firmware/mcu_ws/ros2/common_interfaces/diagnostic_msgs -B/micro_ros_ws/firmware/mcu_ws/build/diagnostic_msgs --check-build-system CMakeFiles/Makefile.cmake 0
[0.928s] Re-run cmake file: Makefile older than: /micro_ros_ws/firmware/freertos_apps/microros_esp32_extensions/esp32_toolchain.cmake
[0.951s] -- Found ament_cmake: 1.3.14 (/micro_ros_ws/firmware/dev_ws/install/ament_cmake/share/ament_cmake/cmake)
[1.923s] -- Found rosidl_default_generators: 1.2.1 (/micro_ros_ws/firmware/mcu_ws/install/share/rosidl_default_generators/cmake)
[2.000s] -- Using all available rosidl_typesupport_c: rosidl_typesupport_introspection_c;rosidl_typesupport_microxrcedds_c
[2.019s] -- Found rosidl_adapter: 3.1.8 (/micro_ros_ws/firmware/mcu_ws/install/share/rosidl_adapter/cmake)
[2.468s] -- Found std_msgs: 4.9.1 (/micro_ros_ws/firmware/mcu_ws/install/share/std_msgs/cmake)
[4.762s] -- Found ament_cmake_ros: 0.10.0 (/micro_ros_ws/firmware/dev_ws/install/ament_cmake_ros/share/ament_cmake_ros/cmake)
[6.921s] -- Using all available rosidl_typesupport_c: rosidl_typesupport_introspection_c;rosidl_typesupport_microxrcedds_c
[7.070s] -- Configuring done
[7.843s] -- Generating done
[7.900s] -- Build files have been written to: /micro_ros_ws/firmware/mcu_ws/build/diagnostic_msgs
[7.902s] /usr/bin/cmake -E cmake_progress_start /micro_ros_ws/firmware/mcu_ws/build/diagnostic_msgs/CMakeFiles /micro_ros_ws/firmware/mcu_ws/build/diagnostic_msgs//CMakeFiles/progress.marks
[7.931s] /usr/bin/gmake  -f CMakeFiles/Makefile2 all
[7.938s] gmake[5]: Entering directory '/micro_ros_ws/firmware/mcu_ws/build/diagnostic_msgs'
[7.938s] /usr/bin/gmake  -f CMakeFiles/diagnostic_msgs__rosidl_generator_c.dir/build.make CMakeFiles/diagnostic_msgs__rosidl_generator_c.dir/depend
[7.972s] gmake[6]: Entering directory '/micro_ros_ws/firmware/mcu_ws/build/diagnostic_msgs'
[7.972s] cd /micro_ros_ws/firmware/mcu_ws/build/diagnostic_msgs && /usr/bin/cmake -E cmake_depends "Unix Makefiles" /micro_ros_ws/firmware/mcu_ws/ros2/common_interfaces/diagnostic_msgs /micro_ros_ws/firmware/mcu_ws/ros2/common_interfaces/diagnostic_msgs /micro_ros_ws/firmware/mcu_ws/build/diagnostic_msgs /micro_ros_ws/firmware/mcu_ws/build/diagnostic_msgs /micro_ros_ws/firmware/mcu_ws/build/diagnostic_msgs/CMakeFiles/diagnostic_msgs__rosidl_generator_c.dir/DependInfo.cmake --color=
[8.018s] Dependencies file "CMakeFiles/diagnostic_msgs__rosidl_generator_c.dir/rosidl_generator_c/diagnostic_msgs/msg/detail/diagnostic_array__functions.c.obj.d" is newer than depends file "/micro_ros_ws/firmware/mcu_ws/build/diagnostic_msgs/CMakeFiles/diagnostic_msgs__rosidl_generator_c.dir/compiler_depend.internal".
[8.019s] Dependencies file "CMakeFiles/diagnostic_msgs__rosidl_generator_c.dir/rosidl_generator_c/diagnostic_msgs/msg/detail/diagnostic_status__functions.c.obj.d" is newer than depends file "/micro_ros_ws/firmware/mcu_ws/build/diagnostic_msgs/CMakeFiles/diagnostic_msgs__rosidl_generator_c.dir/compiler_depend.internal".
[8.020s] Dependencies file "CMakeFiles/diagnostic_msgs__rosidl_generator_c.dir/rosidl_generator_c/diagnostic_msgs/msg/detail/key_value__functions.c.obj.d" is newer than depends file "/micro_ros_ws/firmware/mcu_ws/build/diagnostic_msgs/CMakeFiles/diagnostic_msgs__rosidl_generator_c.dir/compiler_depend.internal".
[8.021s] Dependencies file "CMakeFiles/diagnostic_msgs__rosidl_generator_c.dir/rosidl_generator_c/diagnostic_msgs/srv/detail/add_diagnostics__functions.c.obj.d" is newer than depends file "/micro_ros_ws/firmware/mcu_ws/build/diagnostic_msgs/CMakeFiles/diagnostic_msgs__rosidl_generator_c.dir/compiler_depend.internal".
[8.022s] Dependencies file "CMakeFiles/diagnostic_msgs__rosidl_generator_c.dir/rosidl_generator_c/diagnostic_msgs/srv/detail/self_test__functions.c.obj.d" is newer than depends file "/micro_ros_ws/firmware/mcu_ws/build/diagnostic_msgs/CMakeFiles/diagnostic_msgs__rosidl_generator_c.dir/compiler_depend.internal".
[8.022s] [35m[1mConsolidate compiler generated dependencies of target diagnostic_msgs__rosidl_generator_c[0m
[8.053s] gmake[6]: Leaving directory '/micro_ros_ws/firmware/mcu_ws/build/diagnostic_msgs'
[8.054s] /usr/bin/gmake  -f CMakeFiles/diagnostic_msgs__rosidl_generator_c.dir/build.make CMakeFiles/diagnostic_msgs__rosidl_generator_c.dir/build
[8.106s] gmake[6]: Entering directory '/micro_ros_ws/firmware/mcu_ws/build/diagnostic_msgs'
[8.106s] gmake[6]: Nothing to be done for 'CMakeFiles/diagnostic_msgs__rosidl_generator_c.dir/build'.
[8.107s] gmake[6]: Leaving directory '/micro_ros_ws/firmware/mcu_ws/build/diagnostic_msgs'
[8.144s] [ 25%] Built target diagnostic_msgs__rosidl_generator_c
[8.145s] /usr/bin/gmake  -f CMakeFiles/diagnostic_msgs__rosidl_typesupport_introspection_c.dir/build.make CMakeFiles/diagnostic_msgs__rosidl_typesupport_introspection_c.dir/depend
[8.145s] /usr/bin/gmake  -f CMakeFiles/diagnostic_msgs__rosidl_typesupport_microxrcedds_c.dir/build.make CMakeFiles/diagnostic_msgs__rosidl_typesupport_microxrcedds_c.dir/depend
[8.145s] /usr/bin/gmake  -f CMakeFiles/diagnostic_msgs__rosidl_typesupport_c.dir/build.make CMakeFiles/diagnostic_msgs__rosidl_typesupport_c.dir/depend
[8.175s] gmake[6]: Entering directory '/micro_ros_ws/firmware/mcu_ws/build/diagnostic_msgs'
[8.175s] cd /micro_ros_ws/firmware/mcu_ws/build/diagnostic_msgs && /usr/bin/cmake -E cmake_depends "Unix Makefiles" /micro_ros_ws/firmware/mcu_ws/ros2/common_interfaces/diagnostic_msgs /micro_ros_ws/firmware/mcu_ws/ros2/common_interfaces/diagnostic_msgs /micro_ros_ws/firmware/mcu_ws/build/diagnostic_msgs /micro_ros_ws/firmware/mcu_ws/build/diagnostic_msgs /micro_ros_ws/firmware/mcu_ws/build/diagnostic_msgs/CMakeFiles/diagnostic_msgs__rosidl_typesupport_microxrcedds_c.dir/DependInfo.cmake --color=
[8.181s] gmake[6]: Entering directory '/micro_ros_ws/firmware/mcu_ws/build/diagnostic_msgs'
[8.181s] cd /micro_ros_ws/firmware/mcu_ws/build/diagnostic_msgs && /usr/bin/cmake -E cmake_depends "Unix Makefiles" /micro_ros_ws/firmware/mcu_ws/ros2/common_interfaces/diagnostic_msgs /micro_ros_ws/firmware/mcu_ws/ros2/common_interfaces/diagnostic_msgs /micro_ros_ws/firmware/mcu_ws/build/diagnostic_msgs /micro_ros_ws/firmware/mcu_ws/build/diagnostic_msgs /micro_ros_ws/firmware/mcu_ws/build/diagnostic_msgs/CMakeFiles/diagnostic_msgs__rosidl_typesupport_c.dir/DependInfo.cmake --color=
[8.183s] gmake[6]: Entering directory '/micro_ros_ws/firmware/mcu_ws/build/diagnostic_msgs'
[8.184s] cd /micro_ros_ws/firmware/mcu_ws/build/diagnostic_msgs && /usr/bin/cmake -E cmake_depends "Unix Makefiles" /micro_ros_ws/firmware/mcu_ws/ros2/common_interfaces/diagnostic_msgs /micro_ros_ws/firmware/mcu_ws/ros2/common_interfaces/diagnostic_msgs /micro_ros_ws/firmware/mcu_ws/build/diagnostic_msgs /micro_ros_ws/firmware/mcu_ws/build/diagnostic_msgs /micro_ros_ws/firmware/mcu_ws/build/diagnostic_msgs/CMakeFiles/diagnostic_msgs__rosidl_typesupport_introspection_c.dir/DependInfo.cmake --color=
[8.224s] Dependencies file "CMakeFiles/diagnostic_msgs__rosidl_typesupport_microxrcedds_c.dir/rosidl_typesupport_microxrcedds_c/diagnostic_msgs/msg/detail/microxrcedds/diagnostic_array__type_support_c.c.obj.d" is newer than depends file "/micro_ros_ws/firmware/mcu_ws/build/diagnostic_msgs/CMakeFiles/diagnostic_msgs__rosidl_typesupport_microxrcedds_c.dir/compiler_depend.internal".
[8.225s] Dependencies file "CMakeFiles/diagnostic_msgs__rosidl_typesupport_c.dir/rosidl_typesupport_c/diagnostic_msgs/msg/diagnostic_array__type_support.cpp.obj.d" is newer than depends file "/micro_ros_ws/firmware/mcu_ws/build/diagnostic_msgs/CMakeFiles/diagnostic_msgs__rosidl_typesupport_c.dir/compiler_depend.internal".
[8.226s] Dependencies file "CMakeFiles/diagnostic_msgs__rosidl_typesupport_microxrcedds_c.dir/rosidl_typesupport_microxrcedds_c/diagnostic_msgs/msg/detail/microxrcedds/diagnostic_status__type_support_c.c.obj.d" is newer than depends file "/micro_ros_ws/firmware/mcu_ws/build/diagnostic_msgs/CMakeFiles/diagnostic_msgs__rosidl_typesupport_microxrcedds_c.dir/compiler_depend.internal".
[8.227s] Dependencies file "CMakeFiles/diagnostic_msgs__rosidl_typesupport_c.dir/rosidl_typesupport_c/diagnostic_msgs/msg/diagnostic_status__type_support.cpp.obj.d" is newer than depends file "/micro_ros_ws/firmware/mcu_ws/build/diagnostic_msgs/CMakeFiles/diagnostic_msgs__rosidl_typesupport_c.dir/compiler_depend.internal".
[8.227s] Dependencies file "CMakeFiles/diagnostic_msgs__rosidl_typesupport_microxrcedds_c.dir/rosidl_typesupport_microxrcedds_c/diagnostic_msgs/msg/detail/microxrcedds/key_value__type_support_c.c.obj.d" is newer than depends file "/micro_ros_ws/firmware/mcu_ws/build/diagnostic_msgs/CMakeFiles/diagnostic_msgs__rosidl_typesupport_microxrcedds_c.dir/compiler_depend.internal".
[8.229s] Dependencies file "CMakeFiles/diagnostic_msgs__rosidl_typesupport_c.dir/rosidl_typesupport_c/diagnostic_msgs/msg/key_value__type_support.cpp.obj.d" is newer than depends file "/micro_ros_ws/firmware/mcu_ws/build/diagnostic_msgs/CMakeFiles/diagnostic_msgs__rosidl_typesupport_c.dir/compiler_depend.internal".
[8.230s] Dependencies file "CMakeFiles/diagnostic_msgs__rosidl_typesupport_microxrcedds_c.dir/rosidl_typesupport_microxrcedds_c/diagnostic_msgs/srv/detail/microxrcedds/add_diagnostics__type_support_c.c.obj.d" is newer than depends file "/micro_ros_ws/firmware/mcu_ws/build/diagnostic_msgs/CMakeFiles/diagnostic_msgs__rosidl_typesupport_microxrcedds_c.dir/compiler_depend.internal".
[8.231s] Dependencies file "CMakeFiles/diagnostic_msgs__rosidl_typesupport_c.dir/rosidl_typesupport_c/diagnostic_msgs/srv/add_diagnostics__type_support.cpp.obj.d" is newer than depends file "/micro_ros_ws/firmware/mcu_ws/build/diagnostic_msgs/CMakeFiles/diagnostic_msgs__rosidl_typesupport_c.dir/compiler_depend.internal".
[8.231s] Dependencies file "CMakeFiles/diagnostic_msgs__rosidl_typesupport_c.dir/rosidl_typesupport_c/diagnostic_msgs/srv/self_test__type_support.cpp.obj.d" is newer than depends file "/micro_ros_ws/firmware/mcu_ws/build/diagnostic_msgs/CMakeFiles/diagnostic_msgs__rosidl_typesupport_c.dir/compiler_depend.internal".
[8.232s] Dependencies file "CMakeFiles/diagnostic_msgs__rosidl_typesupport_microxrcedds_c.dir/rosidl_typesupport_microxrcedds_c/diagnostic_msgs/srv/detail/microxrcedds/self_test__type_support_c.c.obj.d" is newer than depends file "/micro_ros_ws/firmware/mcu_ws/build/diagnostic_msgs/CMakeFiles/diagnostic_msgs__rosidl_typesupport_microxrcedds_c.dir/compiler_depend.internal".
[8.233s] [35m[1mConsolidate compiler generated dependencies of target diagnostic_msgs__rosidl_typesupport_c[0m
[8.234s] [35m[1mConsolidate compiler generated dependencies of target diagnostic_msgs__rosidl_typesupport_microxrcedds_c[0m
[8.234s] Dependencies file "CMakeFiles/diagnostic_msgs__rosidl_typesupport_introspection_c.dir/rosidl_typesupport_introspection_c/diagnostic_msgs/msg/detail/diagnostic_array__type_support.c.obj.d" is newer than depends file "/micro_ros_ws/firmware/mcu_ws/build/diagnostic_msgs/CMakeFiles/diagnostic_msgs__rosidl_typesupport_introspection_c.dir/compiler_depend.internal".
[8.236s] Dependencies file "CMakeFiles/diagnostic_msgs__rosidl_typesupport_introspection_c.dir/rosidl_typesupport_introspection_c/diagnostic_msgs/msg/detail/diagnostic_status__type_support.c.obj.d" is newer than depends file "/micro_ros_ws/firmware/mcu_ws/build/diagnostic_msgs/CMakeFiles/diagnostic_msgs__rosidl_typesupport_introspection_c.dir/compiler_depend.internal".
[8.237s] Dependencies file "CMakeFiles/diagnostic_msgs__rosidl_typesupport_introspection_c.dir/rosidl_typesupport_introspection_c/diagnostic_msgs/msg/detail/key_value__type_support.c.obj.d" is newer than depends file "/micro_ros_ws/firmware/mcu_ws/build/diagnostic_msgs/CMakeFiles/diagnostic_msgs__rosidl_typesupport_introspection_c.dir/compiler_depend.internal".
[8.238s] Dependencies file "CMakeFiles/diagnostic_msgs__rosidl_typesupport_introspection_c.dir/rosidl_typesupport_introspection_c/diagnostic_msgs/srv/detail/add_diagnostics__type_support.c.obj.d" is newer than depends file "/micro_ros_ws/firmware/mcu_ws/build/diagnostic_msgs/CMakeFiles/diagnostic_msgs__rosidl_typesupport_introspection_c.dir/compiler_depend.internal".
[8.238s] Dependencies file "CMakeFiles/diagnostic_msgs__rosidl_typesupport_introspection_c.dir/rosidl_typesupport_introspection_c/diagnostic_msgs/srv/detail/self_test__type_support.c.obj.d" is newer than depends file "/micro_ros_ws/firmware/mcu_ws/build/diagnostic_msgs/CMakeFiles/diagnostic_msgs__rosidl_typesupport_introspection_c.dir/compiler_depend.internal".
[8.240s] [35m[1mConsolidate compiler generated dependencies of target diagnostic_msgs__rosidl_typesupport_introspection_c[0m
[8.271s] gmake[6]: Leaving directory '/micro_ros_ws/firmware/mcu_ws/build/diagnostic_msgs'
[8.272s] /usr/bin/gmake  -f CMakeFiles/diagnostic_msgs__rosidl_typesupport_c.dir/build.make CMakeFiles/diagnostic_msgs__rosidl_typesupport_c.dir/build
[8.288s] gmake[6]: Leaving directory '/micro_ros_ws/firmware/mcu_ws/build/diagnostic_msgs'
[8.289s] /usr/bin/gmake  -f CMakeFiles/diagnostic_msgs__rosidl_typesupport_introspection_c.dir/build.make CMakeFiles/diagnostic_msgs__rosidl_typesupport_introspection_c.dir/build
[8.293s] gmake[6]: Leaving directory '/micro_ros_ws/firmware/mcu_ws/build/diagnostic_msgs'
[8.293s] /usr/bin/gmake  -f CMakeFiles/diagnostic_msgs__rosidl_typesupport_microxrcedds_c.dir/build.make CMakeFiles/diagnostic_msgs__rosidl_typesupport_microxrcedds_c.dir/build
[8.309s] gmake[6]: Entering directory '/micro_ros_ws/firmware/mcu_ws/build/diagnostic_msgs'
[8.309s] gmake[6]: Nothing to be done for 'CMakeFiles/diagnostic_msgs__rosidl_typesupport_c.dir/build'.
[8.309s] gmake[6]: Leaving directory '/micro_ros_ws/firmware/mcu_ws/build/diagnostic_msgs'
[8.332s] gmake[6]: Entering directory '/micro_ros_ws/firmware/mcu_ws/build/diagnostic_msgs'
[8.333s] gmake[6]: Nothing to be done for 'CMakeFiles/diagnostic_msgs__rosidl_typesupport_introspection_c.dir/build'.
[8.333s] gmake[6]: Leaving directory '/micro_ros_ws/firmware/mcu_ws/build/diagnostic_msgs'
[8.336s] gmake[6]: Entering directory '/micro_ros_ws/firmware/mcu_ws/build/diagnostic_msgs'
[8.337s] gmake[6]: Nothing to be done for 'CMakeFiles/diagnostic_msgs__rosidl_typesupport_microxrcedds_c.dir/build'.
[8.338s] gmake[6]: Leaving directory '/micro_ros_ws/firmware/mcu_ws/build/diagnostic_msgs'
[8.354s] [ 50%] Built target diagnostic_msgs__rosidl_typesupport_c
[8.384s] [ 92%] Built target diagnostic_msgs__rosidl_typesupport_introspection_c
[8.385s] [100%] Built target diagnostic_msgs__rosidl_typesupport_microxrcedds_c
[8.386s] /usr/bin/gmake  -f CMakeFiles/diagnostic_msgs.dir/build.make CMakeFiles/diagnostic_msgs.dir/depend
[8.394s] gmake[6]: Entering directory '/micro_ros_ws/firmware/mcu_ws/build/diagnostic_msgs'
[8.394s] cd /micro_ros_ws/firmware/mcu_ws/build/diagnostic_msgs && /usr/bin/cmake -E cmake_depends "Unix Makefiles" /micro_ros_ws/firmware/mcu_ws/ros2/common_interfaces/diagnostic_msgs /micro_ros_ws/firmware/mcu_ws/ros2/common_interfaces/diagnostic_msgs /micro_ros_ws/firmware/mcu_ws/build/diagnostic_msgs /micro_ros_ws/firmware/mcu_ws/build/diagnostic_msgs /micro_ros_ws/firmware/mcu_ws/build/diagnostic_msgs/CMakeFiles/diagnostic_msgs.dir/DependInfo.cmake --color=
[8.428s] gmake[6]: Leaving directory '/micro_ros_ws/firmware/mcu_ws/build/diagnostic_msgs'
[8.429s] /usr/bin/gmake  -f CMakeFiles/diagnostic_msgs.dir/build.make CMakeFiles/diagnostic_msgs.dir/build
[8.446s] gmake[6]: Entering directory '/micro_ros_ws/firmware/mcu_ws/build/diagnostic_msgs'
[8.446s] gmake[6]: Nothing to be done for 'CMakeFiles/diagnostic_msgs.dir/build'.
[8.447s] gmake[6]: Leaving directory '/micro_ros_ws/firmware/mcu_ws/build/diagnostic_msgs'
[8.494s] [100%] Built target diagnostic_msgs
[8.495s] gmake[5]: Leaving directory '/micro_ros_ws/firmware/mcu_ws/build/diagnostic_msgs'
[8.496s] /usr/bin/cmake -E cmake_progress_start /micro_ros_ws/firmware/mcu_ws/build/diagnostic_msgs/CMakeFiles 0
[8.544s] gmake[4]: Leaving directory '/micro_ros_ws/firmware/mcu_ws/build/diagnostic_msgs'
[8.795s] Invoked command in '/micro_ros_ws/firmware/mcu_ws/build/diagnostic_msgs' returned '0': AMENT_PREFIX_PATH=/micro_ros_ws/firmware/mcu_ws/install:${AMENT_PREFIX_PATH} CMAKE_PREFIX_PATH=/micro_ros_ws/firmware/mcu_ws/install:/micro_ros_ws/firmware/dev_ws/install/ament_lint_common:/micro_ros_ws/firmware/dev_ws/install/ament_cmake_uncrustify:/micro_ros_ws/firmware/dev_ws/install/uncrustify_vendor:/micro_ros_ws/firmware/dev_ws/install/ament_cmake_ros:/micro_ros_ws/firmware/dev_ws/install/ament_cmake_auto:/micro_ros_ws/firmware/dev_ws/install/ament_cmake_gmock:/micro_ros_ws/firmware/dev_ws/install/gmock_vendor:/micro_ros_ws/firmware/dev_ws/install/ament_cmake_gtest:/micro_ros_ws/firmware/dev_ws/install/gtest_vendor:/micro_ros_ws/firmware/dev_ws/install/ament_cmake_xmllint:/micro_ros_ws/firmware/dev_ws/install/ament_cmake_pyflakes:/micro_ros_ws/firmware/dev_ws/install/ament_cmake_pycodestyle:/micro_ros_ws/firmware/dev_ws/install/ament_cmake_pep257:/micro_ros_ws/firmware/dev_ws/install/ament_cmake_pclint:/micro_ros_ws/firmware/dev_ws/install/ament_lint_auto:/micro_ros_ws/firmware/dev_ws/install/ament_cmake:/micro_ros_ws/firmware/dev_ws/install/ament_cmake_version:/micro_ros_ws/firmware/dev_ws/install/ament_cmake_vendor_package:/micro_ros_ws/firmware/dev_ws/install/ament_cmake_pytest:/micro_ros_ws/firmware/dev_ws/install/ament_cmake_nose:/micro_ros_ws/firmware/dev_ws/install/ament_cmake_mypy:/micro_ros_ws/firmware/dev_ws/install/ament_cmake_lint_cmake:/micro_ros_ws/firmware/dev_ws/install/ament_cmake_google_benchmark:/micro_ros_ws/firmware/dev_ws/install/ament_cmake_flake8:/micro_ros_ws/firmware/dev_ws/install/ament_cmake_cpplint:/micro_ros_ws/firmware/dev_ws/install/ament_cmake_cppcheck:/micro_ros_ws/firmware/dev_ws/install/ament_cmake_copyright:/micro_ros_ws/firmware/dev_ws/install/ament_cmake_clang_tidy:/micro_ros_ws/firmware/dev_ws/install/ament_cmake_clang_format:/micro_ros_ws/firmware/dev_ws/install/ament_cmake_test:/micro_ros_ws/firmware/dev_ws/install/ament_cmake_target_dependencies:/micro_ros_ws/firmware/dev_ws/install/ament_cmake_python:/micro_ros_ws/firmware/dev_ws/install/ament_cmake_export_dependencies:/micro_ros_ws/firmware/dev_ws/install/ament_cmake_libraries:/micro_ros_ws/firmware/dev_ws/install/ament_cmake_include_directories:/micro_ros_ws/firmware/dev_ws/install/ament_cmake_gen_version_h:/micro_ros_ws/firmware/dev_ws/install/ament_cmake_export_targets:/micro_ros_ws/firmware/dev_ws/install/ament_cmake_export_link_flags:/micro_ros_ws/firmware/dev_ws/install/ament_cmake_export_interfaces:/micro_ros_ws/firmware/dev_ws/install/ament_cmake_export_libraries:/micro_ros_ws/firmware/dev_ws/install/ament_cmake_export_include_directories:/micro_ros_ws/firmware/dev_ws/install/ament_cmake_export_definitions:/micro_ros_ws/firmware/dev_ws/install/ament_cmake_core:/micro_ros_ws/firmware/dev_ws/install/ament_index_cpp:/micro_ros_ws/firmware/dev_ws/install/ament_uncrustify:/micro_ros_ws/firmware/dev_ws/install/domain_coordinator:/micro_ros_ws/firmware/dev_ws/install/ament_xmllint:/micro_ros_ws/firmware/dev_ws/install/ament_pyflakes:/micro_ros_ws/firmware/dev_ws/install/ament_pycodestyle:/micro_ros_ws/firmware/dev_ws/install/ament_pep257:/micro_ros_ws/firmware/dev_ws/install/ament_pclint:/micro_ros_ws/firmware/dev_ws/install/ament_package:/micro_ros_ws/firmware/dev_ws/install/ament_mypy:/micro_ros_ws/firmware/dev_ws/install/ament_lint_cmake:/micro_ros_ws/firmware/dev_ws/install/ament_flake8:/micro_ros_ws/firmware/dev_ws/install/ament_copyright:/micro_ros_ws/firmware/dev_ws/install/ament_lint:/micro_ros_ws/firmware/dev_ws/install/ament_index_python:/micro_ros_ws/firmware/dev_ws/install/ament_cpplint:/micro_ros_ws/firmware/dev_ws/install/ament_cppcheck:/micro_ros_ws/firmware/dev_ws/install/ament_clang_tidy:/micro_ros_ws/firmware/dev_ws/install/ament_clang_format LD_LIBRARY_PATH=/micro_ros_ws/firmware/mcu_ws/install/lib:${LD_LIBRARY_PATH} PATH=/micro_ros_ws/firmware/mcu_ws/install/bin:${PATH} PYTHONPATH=/micro_ros_ws/firmware/mcu_ws/install/lib/python3.10/site-packages:${PYTHONPATH} /usr/bin/cmake --build /micro_ros_ws/firmware/mcu_ws/build/diagnostic_msgs -- -j12 -l12
[8.799s] Invoking command in '/micro_ros_ws/firmware/mcu_ws/build/diagnostic_msgs': AMENT_PREFIX_PATH=/micro_ros_ws/firmware/mcu_ws/install:${AMENT_PREFIX_PATH} CMAKE_PREFIX_PATH=/micro_ros_ws/firmware/mcu_ws/install:/micro_ros_ws/firmware/dev_ws/install/ament_lint_common:/micro_ros_ws/firmware/dev_ws/install/ament_cmake_uncrustify:/micro_ros_ws/firmware/dev_ws/install/uncrustify_vendor:/micro_ros_ws/firmware/dev_ws/install/ament_cmake_ros:/micro_ros_ws/firmware/dev_ws/install/ament_cmake_auto:/micro_ros_ws/firmware/dev_ws/install/ament_cmake_gmock:/micro_ros_ws/firmware/dev_ws/install/gmock_vendor:/micro_ros_ws/firmware/dev_ws/install/ament_cmake_gtest:/micro_ros_ws/firmware/dev_ws/install/gtest_vendor:/micro_ros_ws/firmware/dev_ws/install/ament_cmake_xmllint:/micro_ros_ws/firmware/dev_ws/install/ament_cmake_pyflakes:/micro_ros_ws/firmware/dev_ws/install/ament_cmake_pycodestyle:/micro_ros_ws/firmware/dev_ws/install/ament_cmake_pep257:/micro_ros_ws/firmware/dev_ws/install/ament_cmake_pclint:/micro_ros_ws/firmware/dev_ws/install/ament_lint_auto:/micro_ros_ws/firmware/dev_ws/install/ament_cmake:/micro_ros_ws/firmware/dev_ws/install/ament_cmake_version:/micro_ros_ws/firmware/dev_ws/install/ament_cmake_vendor_package:/micro_ros_ws/firmware/dev_ws/install/ament_cmake_pytest:/micro_ros_ws/firmware/dev_ws/install/ament_cmake_nose:/micro_ros_ws/firmware/dev_ws/install/ament_cmake_mypy:/micro_ros_ws/firmware/dev_ws/install/ament_cmake_lint_cmake:/micro_ros_ws/firmware/dev_ws/install/ament_cmake_google_benchmark:/micro_ros_ws/firmware/dev_ws/install/ament_cmake_flake8:/micro_ros_ws/firmware/dev_ws/install/ament_cmake_cpplint:/micro_ros_ws/firmware/dev_ws/install/ament_cmake_cppcheck:/micro_ros_ws/firmware/dev_ws/install/ament_cmake_copyright:/micro_ros_ws/firmware/dev_ws/install/ament_cmake_clang_tidy:/micro_ros_ws/firmware/dev_ws/install/ament_cmake_clang_format:/micro_ros_ws/firmware/dev_ws/install/ament_cmake_test:/micro_ros_ws/firmware/dev_ws/install/ament_cmake_target_dependencies:/micro_ros_ws/firmware/dev_ws/install/ament_cmake_python:/micro_ros_ws/firmware/dev_ws/install/ament_cmake_export_dependencies:/micro_ros_ws/firmware/dev_ws/install/ament_cmake_libraries:/micro_ros_ws/firmware/dev_ws/install/ament_cmake_include_directories:/micro_ros_ws/firmware/dev_ws/install/ament_cmake_gen_version_h:/micro_ros_ws/firmware/dev_ws/install/ament_cmake_export_targets:/micro_ros_ws/firmware/dev_ws/install/ament_cmake_export_link_flags:/micro_ros_ws/firmware/dev_ws/install/ament_cmake_export_interfaces:/micro_ros_ws/firmware/dev_ws/install/ament_cmake_export_libraries:/micro_ros_ws/firmware/dev_ws/install/ament_cmake_export_include_directories:/micro_ros_ws/firmware/dev_ws/install/ament_cmake_export_definitions:/micro_ros_ws/firmware/dev_ws/install/ament_cmake_core:/micro_ros_ws/firmware/dev_ws/install/ament_index_cpp:/micro_ros_ws/firmware/dev_ws/install/ament_uncrustify:/micro_ros_ws/firmware/dev_ws/install/domain_coordinator:/micro_ros_ws/firmware/dev_ws/install/ament_xmllint:/micro_ros_ws/firmware/dev_ws/install/ament_pyflakes:/micro_ros_ws/firmware/dev_ws/install/ament_pycodestyle:/micro_ros_ws/firmware/dev_ws/install/ament_pep257:/micro_ros_ws/firmware/dev_ws/install/ament_pclint:/micro_ros_ws/firmware/dev_ws/install/ament_package:/micro_ros_ws/firmware/dev_ws/install/ament_mypy:/micro_ros_ws/firmware/dev_ws/install/ament_lint_cmake:/micro_ros_ws/firmware/dev_ws/install/ament_flake8:/micro_ros_ws/firmware/dev_ws/install/ament_copyright:/micro_ros_ws/firmware/dev_ws/install/ament_lint:/micro_ros_ws/firmware/dev_ws/install/ament_index_python:/micro_ros_ws/firmware/dev_ws/install/ament_cpplint:/micro_ros_ws/firmware/dev_ws/install/ament_cppcheck:/micro_ros_ws/firmware/dev_ws/install/ament_clang_tidy:/micro_ros_ws/firmware/dev_ws/install/ament_clang_format LD_LIBRARY_PATH=/micro_ros_ws/firmware/mcu_ws/install/lib:${LD_LIBRARY_PATH} PATH=/micro_ros_ws/firmware/mcu_ws/install/bin:${PATH} PYTHONPATH=/micro_ros_ws/firmware/mcu_ws/install/lib/python3.10/site-packages:${PYTHONPATH} /usr/bin/cmake --install /micro_ros_ws/firmware/mcu_ws/build/diagnostic_msgs
[8.834s] -- Install configuration: "Debug"
[8.837s] -- Up-to-date: /micro_ros_ws/firmware/mcu_ws/install/share/ament_index/resource_index/rosidl_interfaces/diagnostic_msgs
[8.839s] -- Up-to-date: /micro_ros_ws/firmware/mcu_ws/install/include/diagnostic_msgs/diagnostic_msgs
[8.845s] -- Up-to-date: /micro_ros_ws/firmware/mcu_ws/install/include/diagnostic_msgs/diagnostic_msgs/msg
[8.847s] -- Up-to-date: /micro_ros_ws/firmware/mcu_ws/install/include/diagnostic_msgs/diagnostic_msgs/msg/detail
[8.852s] -- Up-to-date: /micro_ros_ws/firmware/mcu_ws/install/include/diagnostic_msgs/diagnostic_msgs/msg/detail/diagnostic_array__functions.c
[8.860s] -- Up-to-date: /micro_ros_ws/firmware/mcu_ws/install/include/diagnostic_msgs/diagnostic_msgs/msg/detail/diagnostic_array__functions.h
[8.862s] -- Up-to-date: /micro_ros_ws/firmware/mcu_ws/install/include/diagnostic_msgs/diagnostic_msgs/msg/detail/diagnostic_array__struct.h
[8.867s] -- Up-to-date: /micro_ros_ws/firmware/mcu_ws/install/include/diagnostic_msgs/diagnostic_msgs/msg/detail/diagnostic_array__type_support.h
[8.872s] -- Up-to-date: /micro_ros_ws/firmware/mcu_ws/install/include/diagnostic_msgs/diagnostic_msgs/msg/detail/diagnostic_status__functions.c
[8.878s] -- Up-to-date: /micro_ros_ws/firmware/mcu_ws/install/include/diagnostic_msgs/diagnostic_msgs/msg/detail/diagnostic_status__functions.h
[8.881s] -- Up-to-date: /micro_ros_ws/firmware/mcu_ws/install/include/diagnostic_msgs/diagnostic_msgs/msg/detail/diagnostic_status__struct.h
[8.884s] -- Up-to-date: /micro_ros_ws/firmware/mcu_ws/install/include/diagnostic_msgs/diagnostic_msgs/msg/detail/diagnostic_status__type_support.h
[8.887s] -- Up-to-date: /micro_ros_ws/firmware/mcu_ws/install/include/diagnostic_msgs/diagnostic_msgs/msg/detail/key_value__functions.c
[8.891s] -- Up-to-date: /micro_ros_ws/firmware/mcu_ws/install/include/diagnostic_msgs/diagnostic_msgs/msg/detail/key_value__functions.h
[8.894s] -- Up-to-date: /micro_ros_ws/firmware/mcu_ws/install/include/diagnostic_msgs/diagnostic_msgs/msg/detail/key_value__struct.h
[8.897s] -- Up-to-date: /micro_ros_ws/firmware/mcu_ws/install/include/diagnostic_msgs/diagnostic_msgs/msg/detail/key_value__type_support.h
[8.900s] -- Up-to-date: /micro_ros_ws/firmware/mcu_ws/install/include/diagnostic_msgs/diagnostic_msgs/msg/diagnostic_array.h
[8.904s] -- Up-to-date: /micro_ros_ws/firmware/mcu_ws/install/include/diagnostic_msgs/diagnostic_msgs/msg/diagnostic_status.h
[8.907s] -- Up-to-date: /micro_ros_ws/firmware/mcu_ws/install/include/diagnostic_msgs/diagnostic_msgs/msg/key_value.h
[8.910s] -- Up-to-date: /micro_ros_ws/firmware/mcu_ws/install/include/diagnostic_msgs/diagnostic_msgs/msg/rosidl_generator_c__visibility_control.h
[8.913s] -- Up-to-date: /micro_ros_ws/firmware/mcu_ws/install/include/diagnostic_msgs/diagnostic_msgs/srv
[8.917s] -- Up-to-date: /micro_ros_ws/firmware/mcu_ws/install/include/diagnostic_msgs/diagnostic_msgs/srv/add_diagnostics.h
[8.920s] -- Up-to-date: /micro_ros_ws/firmware/mcu_ws/install/include/diagnostic_msgs/diagnostic_msgs/srv/detail
[8.925s] -- Up-to-date: /micro_ros_ws/firmware/mcu_ws/install/include/diagnostic_msgs/diagnostic_msgs/srv/detail/add_diagnostics__functions.c
[8.929s] -- Up-to-date: /micro_ros_ws/firmware/mcu_ws/install/include/diagnostic_msgs/diagnostic_msgs/srv/detail/add_diagnostics__functions.h
[8.932s] -- Up-to-date: /micro_ros_ws/firmware/mcu_ws/install/include/diagnostic_msgs/diagnostic_msgs/srv/detail/add_diagnostics__struct.h
[8.934s] -- Up-to-date: /micro_ros_ws/firmware/mcu_ws/install/include/diagnostic_msgs/diagnostic_msgs/srv/detail/add_diagnostics__type_support.h
[8.937s] -- Up-to-date: /micro_ros_ws/firmware/mcu_ws/install/include/diagnostic_msgs/diagnostic_msgs/srv/detail/self_test__functions.c
[8.941s] -- Up-to-date: /micro_ros_ws/firmware/mcu_ws/install/include/diagnostic_msgs/diagnostic_msgs/srv/detail/self_test__functions.h
[8.944s] -- Up-to-date: /micro_ros_ws/firmware/mcu_ws/install/include/diagnostic_msgs/diagnostic_msgs/srv/detail/self_test__struct.h
[8.948s] -- Up-to-date: /micro_ros_ws/firmware/mcu_ws/install/include/diagnostic_msgs/diagnostic_msgs/srv/detail/self_test__type_support.h
[8.951s] -- Up-to-date: /micro_ros_ws/firmware/mcu_ws/install/include/diagnostic_msgs/diagnostic_msgs/srv/self_test.h
[8.960s] -- Up-to-date: /micro_ros_ws/firmware/mcu_ws/install/share/diagnostic_msgs/environment/library_path.sh
[8.962s] -- Installing: /micro_ros_ws/firmware/mcu_ws/install/share/diagnostic_msgs/environment/library_path.dsv
[8.977s] -- Up-to-date: /micro_ros_ws/firmware/mcu_ws/install/lib/libdiagnostic_msgs__rosidl_generator_c.a
[8.981s] -- Up-to-date: /micro_ros_ws/firmware/mcu_ws/install/include/diagnostic_msgs/diagnostic_msgs
[8.984s] -- Up-to-date: /micro_ros_ws/firmware/mcu_ws/install/include/diagnostic_msgs/diagnostic_msgs/msg
[8.989s] -- Up-to-date: /micro_ros_ws/firmware/mcu_ws/install/include/diagnostic_msgs/diagnostic_msgs/msg/detail
[8.996s] -- Up-to-date: /micro_ros_ws/firmware/mcu_ws/install/include/diagnostic_msgs/diagnostic_msgs/msg/detail/diagnostic_array__rosidl_typesupport_introspection_c.h
[9.000s] -- Up-to-date: /micro_ros_ws/firmware/mcu_ws/install/include/diagnostic_msgs/diagnostic_msgs/msg/detail/diagnostic_array__type_support.c
[9.005s] -- Up-to-date: /micro_ros_ws/firmware/mcu_ws/install/include/diagnostic_msgs/diagnostic_msgs/msg/detail/diagnostic_status__rosidl_typesupport_introspection_c.h
[9.009s] -- Up-to-date: /micro_ros_ws/firmware/mcu_ws/install/include/diagnostic_msgs/diagnostic_msgs/msg/detail/diagnostic_status__type_support.c
[9.015s] -- Up-to-date: /micro_ros_ws/firmware/mcu_ws/install/include/diagnostic_msgs/diagnostic_msgs/msg/detail/key_value__rosidl_typesupport_introspection_c.h
[9.018s] -- Up-to-date: /micro_ros_ws/firmware/mcu_ws/install/include/diagnostic_msgs/diagnostic_msgs/msg/detail/key_value__type_support.c
[9.021s] -- Up-to-date: /micro_ros_ws/firmware/mcu_ws/install/include/diagnostic_msgs/diagnostic_msgs/msg/rosidl_typesupport_introspection_c__visibility_control.h
[9.023s] -- Up-to-date: /micro_ros_ws/firmware/mcu_ws/install/include/diagnostic_msgs/diagnostic_msgs/srv
[9.027s] -- Up-to-date: /micro_ros_ws/firmware/mcu_ws/install/include/diagnostic_msgs/diagnostic_msgs/srv/detail
[9.031s] -- Up-to-date: /micro_ros_ws/firmware/mcu_ws/install/include/diagnostic_msgs/diagnostic_msgs/srv/detail/add_diagnostics__rosidl_typesupport_introspection_c.h
[9.034s] -- Up-to-date: /micro_ros_ws/firmware/mcu_ws/install/include/diagnostic_msgs/diagnostic_msgs/srv/detail/add_diagnostics__type_support.c
[9.038s] -- Up-to-date: /micro_ros_ws/firmware/mcu_ws/install/include/diagnostic_msgs/diagnostic_msgs/srv/detail/self_test__rosidl_typesupport_introspection_c.h
[9.041s] -- Up-to-date: /micro_ros_ws/firmware/mcu_ws/install/include/diagnostic_msgs/diagnostic_msgs/srv/detail/self_test__type_support.c
[9.046s] -- Up-to-date: /micro_ros_ws/firmware/mcu_ws/install/lib/libdiagnostic_msgs__rosidl_typesupport_introspection_c.a
[9.049s] -- Up-to-date: /micro_ros_ws/firmware/mcu_ws/install/include/diagnostic_msgs/diagnostic_msgs
[9.053s] -- Up-to-date: /micro_ros_ws/firmware/mcu_ws/install/include/diagnostic_msgs/diagnostic_msgs/msg
[9.062s] -- Up-to-date: /micro_ros_ws/firmware/mcu_ws/install/include/diagnostic_msgs/diagnostic_msgs/msg/detail
[9.066s] -- Up-to-date: /micro_ros_ws/firmware/mcu_ws/install/include/diagnostic_msgs/diagnostic_msgs/msg/detail/diagnostic_array__rosidl_typesupport_microxrcedds_c.h
[9.067s] -- Up-to-date: /micro_ros_ws/firmware/mcu_ws/install/include/diagnostic_msgs/diagnostic_msgs/msg/detail/diagnostic_status__rosidl_typesupport_microxrcedds_c.h
[9.072s] -- Up-to-date: /micro_ros_ws/firmware/mcu_ws/install/include/diagnostic_msgs/diagnostic_msgs/msg/detail/key_value__rosidl_typesupport_microxrcedds_c.h
[9.077s] -- Up-to-date: /micro_ros_ws/firmware/mcu_ws/install/include/diagnostic_msgs/diagnostic_msgs/msg/detail/microxrcedds
[9.083s] -- Up-to-date: /micro_ros_ws/firmware/mcu_ws/install/include/diagnostic_msgs/diagnostic_msgs/msg/rosidl_typesupport_microxrcedds_c__visibility_control.h
[9.085s] -- Up-to-date: /micro_ros_ws/firmware/mcu_ws/install/include/diagnostic_msgs/diagnostic_msgs/srv
[9.089s] -- Up-to-date: /micro_ros_ws/firmware/mcu_ws/install/include/diagnostic_msgs/diagnostic_msgs/srv/detail
[9.093s] -- Up-to-date: /micro_ros_ws/firmware/mcu_ws/install/include/diagnostic_msgs/diagnostic_msgs/srv/detail/add_diagnostics__rosidl_typesupport_microxrcedds_c.h
[9.096s] -- Up-to-date: /micro_ros_ws/firmware/mcu_ws/install/include/diagnostic_msgs/diagnostic_msgs/srv/detail/microxrcedds
[9.101s] -- Up-to-date: /micro_ros_ws/firmware/mcu_ws/install/include/diagnostic_msgs/diagnostic_msgs/srv/detail/self_test__rosidl_typesupport_microxrcedds_c.h
[9.104s] -- Up-to-date: /micro_ros_ws/firmware/mcu_ws/install/lib/libdiagnostic_msgs__rosidl_typesupport_microxrcedds_c.a
[9.106s] -- Up-to-date: /micro_ros_ws/firmware/mcu_ws/install/lib/libdiagnostic_msgs__rosidl_typesupport_c.a
[9.109s] -- Up-to-date: /micro_ros_ws/firmware/mcu_ws/install/share/diagnostic_msgs/msg/DiagnosticArray.idl
[9.113s] -- Up-to-date: /micro_ros_ws/firmware/mcu_ws/install/share/diagnostic_msgs/msg/DiagnosticStatus.idl
[9.118s] -- Up-to-date: /micro_ros_ws/firmware/mcu_ws/install/share/diagnostic_msgs/msg/KeyValue.idl
[9.120s] -- Up-to-date: /micro_ros_ws/firmware/mcu_ws/install/share/diagnostic_msgs/srv/AddDiagnostics.idl
[9.123s] -- Up-to-date: /micro_ros_ws/firmware/mcu_ws/install/share/diagnostic_msgs/srv/SelfTest.idl
[9.127s] -- Up-to-date: /micro_ros_ws/firmware/mcu_ws/install/share/diagnostic_msgs/msg/DiagnosticArray.msg
[9.130s] -- Up-to-date: /micro_ros_ws/firmware/mcu_ws/install/share/diagnostic_msgs/msg/DiagnosticStatus.msg
[9.133s] -- Up-to-date: /micro_ros_ws/firmware/mcu_ws/install/share/diagnostic_msgs/msg/KeyValue.msg
[9.136s] -- Up-to-date: /micro_ros_ws/firmware/mcu_ws/install/share/diagnostic_msgs/srv/AddDiagnostics.srv
[9.140s] -- Up-to-date: /micro_ros_ws/firmware/mcu_ws/install/share/diagnostic_msgs/srv/AddDiagnostics_Request.msg
[9.144s] -- Up-to-date: /micro_ros_ws/firmware/mcu_ws/install/share/diagnostic_msgs/srv/AddDiagnostics_Response.msg
[9.147s] -- Up-to-date: /micro_ros_ws/firmware/mcu_ws/install/share/diagnostic_msgs/srv/SelfTest.srv
[9.150s] -- Up-to-date: /micro_ros_ws/firmware/mcu_ws/install/share/diagnostic_msgs/srv/SelfTest_Request.msg
[9.154s] -- Up-to-date: /micro_ros_ws/firmware/mcu_ws/install/share/diagnostic_msgs/srv/SelfTest_Response.msg
[9.159s] -- Up-to-date: /micro_ros_ws/firmware/mcu_ws/install/share/ament_index/resource_index/package_run_dependencies/diagnostic_msgs
[9.163s] -- Up-to-date: /micro_ros_ws/firmware/mcu_ws/install/share/ament_index/resource_index/parent_prefix_path/diagnostic_msgs
[9.168s] -- Up-to-date: /micro_ros_ws/firmware/mcu_ws/install/share/diagnostic_msgs/environment/ament_prefix_path.sh
[9.172s] -- Installing: /micro_ros_ws/firmware/mcu_ws/install/share/diagnostic_msgs/environment/ament_prefix_path.dsv
[9.191s] -- Up-to-date: /micro_ros_ws/firmware/mcu_ws/install/share/diagnostic_msgs/environment/path.sh
[9.194s] -- Installing: /micro_ros_ws/firmware/mcu_ws/install/share/diagnostic_msgs/environment/path.dsv
[9.205s] -- Up-to-date: /micro_ros_ws/firmware/mcu_ws/install/share/diagnostic_msgs/local_setup.bash
[9.209s] -- Up-to-date: /micro_ros_ws/firmware/mcu_ws/install/share/diagnostic_msgs/local_setup.sh
[9.212s] -- Up-to-date: /micro_ros_ws/firmware/mcu_ws/install/share/diagnostic_msgs/local_setup.zsh
[9.217s] -- Installing: /micro_ros_ws/firmware/mcu_ws/install/share/diagnostic_msgs/local_setup.dsv
[9.227s] -- Installing: /micro_ros_ws/firmware/mcu_ws/install/share/diagnostic_msgs/package.dsv
[9.239s] -- Up-to-date: /micro_ros_ws/firmware/mcu_ws/install/share/ament_index/resource_index/packages/diagnostic_msgs
[9.250s] -- Up-to-date: /micro_ros_ws/firmware/mcu_ws/install/share/diagnostic_msgs/cmake/export_diagnostic_msgs__rosidl_generator_cExport.cmake
[9.254s] -- Up-to-date: /micro_ros_ws/firmware/mcu_ws/install/share/diagnostic_msgs/cmake/export_diagnostic_msgs__rosidl_generator_cExport-debug.cmake
[9.268s] -- Up-to-date: /micro_ros_ws/firmware/mcu_ws/install/share/diagnostic_msgs/cmake/diagnostic_msgs__rosidl_typesupport_introspection_cExport.cmake
[9.275s] -- Up-to-date: /micro_ros_ws/firmware/mcu_ws/install/share/diagnostic_msgs/cmake/diagnostic_msgs__rosidl_typesupport_introspection_cExport-debug.cmake
[9.284s] -- Up-to-date: /micro_ros_ws/firmware/mcu_ws/install/share/diagnostic_msgs/cmake/diagnostic_msgs__rosidl_typesupport_cExport.cmake
[9.287s] -- Up-to-date: /micro_ros_ws/firmware/mcu_ws/install/share/diagnostic_msgs/cmake/diagnostic_msgs__rosidl_typesupport_cExport-debug.cmake
[9.290s] -- Up-to-date: /micro_ros_ws/firmware/mcu_ws/install/share/diagnostic_msgs/cmake/rosidl_cmake-extras.cmake
[9.293s] -- Up-to-date: /micro_ros_ws/firmware/mcu_ws/install/share/diagnostic_msgs/cmake/ament_cmake_export_dependencies-extras.cmake
[9.296s] -- Up-to-date: /micro_ros_ws/firmware/mcu_ws/install/share/diagnostic_msgs/cmake/ament_cmake_export_include_directories-extras.cmake
[9.299s] -- Up-to-date: /micro_ros_ws/firmware/mcu_ws/install/share/diagnostic_msgs/cmake/ament_cmake_export_libraries-extras.cmake
[9.302s] -- Up-to-date: /micro_ros_ws/firmware/mcu_ws/install/share/diagnostic_msgs/cmake/ament_cmake_export_targets-extras.cmake
[9.304s] -- Up-to-date: /micro_ros_ws/firmware/mcu_ws/install/share/diagnostic_msgs/cmake/rosidl_cmake_export_typesupport_targets-extras.cmake
[9.307s] -- Up-to-date: /micro_ros_ws/firmware/mcu_ws/install/share/diagnostic_msgs/cmake/rosidl_cmake_export_typesupport_libraries-extras.cmake
[9.309s] -- Up-to-date: /micro_ros_ws/firmware/mcu_ws/install/share/diagnostic_msgs/cmake/rosidl_cmake_aggregate_target-extras.cmake
[9.312s] -- Up-to-date: /micro_ros_ws/firmware/mcu_ws/install/share/diagnostic_msgs/cmake/diagnostic_msgsConfig.cmake
[9.314s] -- Up-to-date: /micro_ros_ws/firmware/mcu_ws/install/share/diagnostic_msgs/cmake/diagnostic_msgsConfig-version.cmake
[9.316s] -- Up-to-date: /micro_ros_ws/firmware/mcu_ws/install/share/diagnostic_msgs/package.xml
[9.321s] Invoked command in '/micro_ros_ws/firmware/mcu_ws/build/diagnostic_msgs' returned '0': AMENT_PREFIX_PATH=/micro_ros_ws/firmware/mcu_ws/install:${AMENT_PREFIX_PATH} CMAKE_PREFIX_PATH=/micro_ros_ws/firmware/mcu_ws/install:/micro_ros_ws/firmware/dev_ws/install/ament_lint_common:/micro_ros_ws/firmware/dev_ws/install/ament_cmake_uncrustify:/micro_ros_ws/firmware/dev_ws/install/uncrustify_vendor:/micro_ros_ws/firmware/dev_ws/install/ament_cmake_ros:/micro_ros_ws/firmware/dev_ws/install/ament_cmake_auto:/micro_ros_ws/firmware/dev_ws/install/ament_cmake_gmock:/micro_ros_ws/firmware/dev_ws/install/gmock_vendor:/micro_ros_ws/firmware/dev_ws/install/ament_cmake_gtest:/micro_ros_ws/firmware/dev_ws/install/gtest_vendor:/micro_ros_ws/firmware/dev_ws/install/ament_cmake_xmllint:/micro_ros_ws/firmware/dev_ws/install/ament_cmake_pyflakes:/micro_ros_ws/firmware/dev_ws/install/ament_cmake_pycodestyle:/micro_ros_ws/firmware/dev_ws/install/ament_cmake_pep257:/micro_ros_ws/firmware/dev_ws/install/ament_cmake_pclint:/micro_ros_ws/firmware/dev_ws/install/ament_lint_auto:/micro_ros_ws/firmware/dev_ws/install/ament_cmake:/micro_ros_ws/firmware/dev_ws/install/ament_cmake_version:/micro_ros_ws/firmware/dev_ws/install/ament_cmake_vendor_package:/micro_ros_ws/firmware/dev_ws/install/ament_cmake_pytest:/micro_ros_ws/firmware/dev_ws/install/ament_cmake_nose:/micro_ros_ws/firmware/dev_ws/install/ament_cmake_mypy:/micro_ros_ws/firmware/dev_ws/install/ament_cmake_lint_cmake:/micro_ros_ws/firmware/dev_ws/install/ament_cmake_google_benchmark:/micro_ros_ws/firmware/dev_ws/install/ament_cmake_flake8:/micro_ros_ws/firmware/dev_ws/install/ament_cmake_cpplint:/micro_ros_ws/firmware/dev_ws/install/ament_cmake_cppcheck:/micro_ros_ws/firmware/dev_ws/install/ament_cmake_copyright:/micro_ros_ws/firmware/dev_ws/install/ament_cmake_clang_tidy:/micro_ros_ws/firmware/dev_ws/install/ament_cmake_clang_format:/micro_ros_ws/firmware/dev_ws/install/ament_cmake_test:/micro_ros_ws/firmware/dev_ws/install/ament_cmake_target_dependencies:/micro_ros_ws/firmware/dev_ws/install/ament_cmake_python:/micro_ros_ws/firmware/dev_ws/install/ament_cmake_export_dependencies:/micro_ros_ws/firmware/dev_ws/install/ament_cmake_libraries:/micro_ros_ws/firmware/dev_ws/install/ament_cmake_include_directories:/micro_ros_ws/firmware/dev_ws/install/ament_cmake_gen_version_h:/micro_ros_ws/firmware/dev_ws/install/ament_cmake_export_targets:/micro_ros_ws/firmware/dev_ws/install/ament_cmake_export_link_flags:/micro_ros_ws/firmware/dev_ws/install/ament_cmake_export_interfaces:/micro_ros_ws/firmware/dev_ws/install/ament_cmake_export_libraries:/micro_ros_ws/firmware/dev_ws/install/ament_cmake_export_include_directories:/micro_ros_ws/firmware/dev_ws/install/ament_cmake_export_definitions:/micro_ros_ws/firmware/dev_ws/install/ament_cmake_core:/micro_ros_ws/firmware/dev_ws/install/ament_index_cpp:/micro_ros_ws/firmware/dev_ws/install/ament_uncrustify:/micro_ros_ws/firmware/dev_ws/install/domain_coordinator:/micro_ros_ws/firmware/dev_ws/install/ament_xmllint:/micro_ros_ws/firmware/dev_ws/install/ament_pyflakes:/micro_ros_ws/firmware/dev_ws/install/ament_pycodestyle:/micro_ros_ws/firmware/dev_ws/install/ament_pep257:/micro_ros_ws/firmware/dev_ws/install/ament_pclint:/micro_ros_ws/firmware/dev_ws/install/ament_package:/micro_ros_ws/firmware/dev_ws/install/ament_mypy:/micro_ros_ws/firmware/dev_ws/install/ament_lint_cmake:/micro_ros_ws/firmware/dev_ws/install/ament_flake8:/micro_ros_ws/firmware/dev_ws/install/ament_copyright:/micro_ros_ws/firmware/dev_ws/install/ament_lint:/micro_ros_ws/firmware/dev_ws/install/ament_index_python:/micro_ros_ws/firmware/dev_ws/install/ament_cpplint:/micro_ros_ws/firmware/dev_ws/install/ament_cppcheck:/micro_ros_ws/firmware/dev_ws/install/ament_clang_tidy:/micro_ros_ws/firmware/dev_ws/install/ament_clang_format LD_LIBRARY_PATH=/micro_ros_ws/firmware/mcu_ws/install/lib:${LD_LIBRARY_PATH} PATH=/micro_ros_ws/firmware/mcu_ws/install/bin:${PATH} PYTHONPATH=/micro_ros_ws/firmware/mcu_ws/install/lib/python3.10/site-packages:${PYTHONPATH} /usr/bin/cmake --install /micro_ros_ws/firmware/mcu_ws/build/diagnostic_msgs
