[0.818s] Invoking command in '/micro_ros_ws/firmware/mcu_ws/build/rcl_interfaces': AMENT_PREFIX_PATH=/micro_ros_ws/firmware/mcu_ws/install:${AMENT_PREFIX_PATH} CMAKE_PREFIX_PATH=/micro_ros_ws/firmware/mcu_ws/install:/micro_ros_ws/firmware/dev_ws/install/ament_lint_common:/micro_ros_ws/firmware/dev_ws/install/ament_cmake_uncrustify:/micro_ros_ws/firmware/dev_ws/install/uncrustify_vendor:/micro_ros_ws/firmware/dev_ws/install/ament_cmake_ros:/micro_ros_ws/firmware/dev_ws/install/ament_cmake_auto:/micro_ros_ws/firmware/dev_ws/install/ament_cmake_gmock:/micro_ros_ws/firmware/dev_ws/install/gmock_vendor:/micro_ros_ws/firmware/dev_ws/install/ament_cmake_gtest:/micro_ros_ws/firmware/dev_ws/install/gtest_vendor:/micro_ros_ws/firmware/dev_ws/install/ament_cmake_xmllint:/micro_ros_ws/firmware/dev_ws/install/ament_cmake_pyflakes:/micro_ros_ws/firmware/dev_ws/install/ament_cmake_pycodestyle:/micro_ros_ws/firmware/dev_ws/install/ament_cmake_pep257:/micro_ros_ws/firmware/dev_ws/install/ament_cmake_pclint:/micro_ros_ws/firmware/dev_ws/install/ament_lint_auto:/micro_ros_ws/firmware/dev_ws/install/ament_cmake:/micro_ros_ws/firmware/dev_ws/install/ament_cmake_version:/micro_ros_ws/firmware/dev_ws/install/ament_cmake_vendor_package:/micro_ros_ws/firmware/dev_ws/install/ament_cmake_pytest:/micro_ros_ws/firmware/dev_ws/install/ament_cmake_nose:/micro_ros_ws/firmware/dev_ws/install/ament_cmake_mypy:/micro_ros_ws/firmware/dev_ws/install/ament_cmake_lint_cmake:/micro_ros_ws/firmware/dev_ws/install/ament_cmake_google_benchmark:/micro_ros_ws/firmware/dev_ws/install/ament_cmake_flake8:/micro_ros_ws/firmware/dev_ws/install/ament_cmake_cpplint:/micro_ros_ws/firmware/dev_ws/install/ament_cmake_cppcheck:/micro_ros_ws/firmware/dev_ws/install/ament_cmake_copyright:/micro_ros_ws/firmware/dev_ws/install/ament_cmake_clang_tidy:/micro_ros_ws/firmware/dev_ws/install/ament_cmake_clang_format:/micro_ros_ws/firmware/dev_ws/install/ament_cmake_test:/micro_ros_ws/firmware/dev_ws/install/ament_cmake_target_dependencies:/micro_ros_ws/firmware/dev_ws/install/ament_cmake_python:/micro_ros_ws/firmware/dev_ws/install/ament_cmake_export_dependencies:/micro_ros_ws/firmware/dev_ws/install/ament_cmake_libraries:/micro_ros_ws/firmware/dev_ws/install/ament_cmake_include_directories:/micro_ros_ws/firmware/dev_ws/install/ament_cmake_gen_version_h:/micro_ros_ws/firmware/dev_ws/install/ament_cmake_export_targets:/micro_ros_ws/firmware/dev_ws/install/ament_cmake_export_link_flags:/micro_ros_ws/firmware/dev_ws/install/ament_cmake_export_interfaces:/micro_ros_ws/firmware/dev_ws/install/ament_cmake_export_libraries:/micro_ros_ws/firmware/dev_ws/install/ament_cmake_export_include_directories:/micro_ros_ws/firmware/dev_ws/install/ament_cmake_export_definitions:/micro_ros_ws/firmware/dev_ws/install/ament_cmake_core:/micro_ros_ws/firmware/dev_ws/install/ament_index_cpp:/micro_ros_ws/firmware/dev_ws/install/ament_uncrustify:/micro_ros_ws/firmware/dev_ws/install/domain_coordinator:/micro_ros_ws/firmware/dev_ws/install/ament_xmllint:/micro_ros_ws/firmware/dev_ws/install/ament_pyflakes:/micro_ros_ws/firmware/dev_ws/install/ament_pycodestyle:/micro_ros_ws/firmware/dev_ws/install/ament_pep257:/micro_ros_ws/firmware/dev_ws/install/ament_pclint:/micro_ros_ws/firmware/dev_ws/install/ament_package:/micro_ros_ws/firmware/dev_ws/install/ament_mypy:/micro_ros_ws/firmware/dev_ws/install/ament_lint_cmake:/micro_ros_ws/firmware/dev_ws/install/ament_flake8:/micro_ros_ws/firmware/dev_ws/install/ament_copyright:/micro_ros_ws/firmware/dev_ws/install/ament_lint:/micro_ros_ws/firmware/dev_ws/install/ament_index_python:/micro_ros_ws/firmware/dev_ws/install/ament_cpplint:/micro_ros_ws/firmware/dev_ws/install/ament_cppcheck:/micro_ros_ws/firmware/dev_ws/install/ament_clang_tidy:/micro_ros_ws/firmware/dev_ws/install/ament_clang_format LD_LIBRARY_PATH=/micro_ros_ws/firmware/mcu_ws/install/lib:${LD_LIBRARY_PATH} PATH=/micro_ros_ws/firmware/mcu_ws/install/bin:${PATH} PYTHONPATH=/micro_ros_ws/firmware/mcu_ws/install/lib/python3.10/site-packages:${PYTHONPATH} /usr/bin/cmake --build /micro_ros_ws/firmware/mcu_ws/build/rcl_interfaces -- -j12 -l12
[0.914s] gmake[4]: Entering directory '/micro_ros_ws/firmware/mcu_ws/build/rcl_interfaces'
[0.914s] /usr/bin/cmake -S/micro_ros_ws/firmware/mcu_ws/ros2/rcl_interfaces/rcl_interfaces -B/micro_ros_ws/firmware/mcu_ws/build/rcl_interfaces --check-build-system CMakeFiles/Makefile.cmake 0
[1.067s] Re-run cmake file: Makefile older than: /micro_ros_ws/firmware/freertos_apps/microros_esp32_extensions/esp32_toolchain.cmake
[1.091s] -- Found ament_cmake: 1.3.14 (/micro_ros_ws/firmware/dev_ws/install/ament_cmake/share/ament_cmake/cmake)
[2.139s] -- Found rosidl_default_generators: 1.2.1 (/micro_ros_ws/firmware/mcu_ws/install/share/rosidl_default_generators/cmake)
[2.221s] -- Using all available rosidl_typesupport_c: rosidl_typesupport_introspection_c;rosidl_typesupport_microxrcedds_c
[2.242s] -- Found rosidl_adapter: 3.1.8 (/micro_ros_ws/firmware/mcu_ws/install/share/rosidl_adapter/cmake)
[2.830s] -- Found builtin_interfaces: 1.2.2 (/micro_ros_ws/firmware/mcu_ws/install/share/builtin_interfaces/cmake)
[5.231s] -- Found ament_cmake_ros: 0.10.0 (/micro_ros_ws/firmware/dev_ws/install/ament_cmake_ros/share/ament_cmake_ros/cmake)
[6.139s] -- Using all available rosidl_typesupport_c: rosidl_typesupport_introspection_c;rosidl_typesupport_microxrcedds_c
[6.314s] -- Configuring done
[6.946s] -- Generating done
[7.020s] -- Build files have been written to: /micro_ros_ws/firmware/mcu_ws/build/rcl_interfaces
[7.026s] /usr/bin/cmake -E cmake_progress_start /micro_ros_ws/firmware/mcu_ws/build/rcl_interfaces/CMakeFiles /micro_ros_ws/firmware/mcu_ws/build/rcl_interfaces//CMakeFiles/progress.marks
[7.060s] /usr/bin/gmake  -f CMakeFiles/Makefile2 all
[7.069s] gmake[5]: Entering directory '/micro_ros_ws/firmware/mcu_ws/build/rcl_interfaces'
[7.070s] /usr/bin/gmake  -f CMakeFiles/rcl_interfaces__rosidl_generator_c.dir/build.make CMakeFiles/rcl_interfaces__rosidl_generator_c.dir/depend
[7.117s] gmake[6]: Entering directory '/micro_ros_ws/firmware/mcu_ws/build/rcl_interfaces'
[7.117s] cd /micro_ros_ws/firmware/mcu_ws/build/rcl_interfaces && /usr/bin/cmake -E cmake_depends "Unix Makefiles" /micro_ros_ws/firmware/mcu_ws/ros2/rcl_interfaces/rcl_interfaces /micro_ros_ws/firmware/mcu_ws/ros2/rcl_interfaces/rcl_interfaces /micro_ros_ws/firmware/mcu_ws/build/rcl_interfaces /micro_ros_ws/firmware/mcu_ws/build/rcl_interfaces /micro_ros_ws/firmware/mcu_ws/build/rcl_interfaces/CMakeFiles/rcl_interfaces__rosidl_generator_c.dir/DependInfo.cmake --color=
[7.207s] Dependencies file "CMakeFiles/rcl_interfaces__rosidl_generator_c.dir/rosidl_generator_c/rcl_interfaces/msg/detail/floating_point_range__functions.c.obj.d" is newer than depends file "/micro_ros_ws/firmware/mcu_ws/build/rcl_interfaces/CMakeFiles/rcl_interfaces__rosidl_generator_c.dir/compiler_depend.internal".
[7.209s] Dependencies file "CMakeFiles/rcl_interfaces__rosidl_generator_c.dir/rosidl_generator_c/rcl_interfaces/msg/detail/integer_range__functions.c.obj.d" is newer than depends file "/micro_ros_ws/firmware/mcu_ws/build/rcl_interfaces/CMakeFiles/rcl_interfaces__rosidl_generator_c.dir/compiler_depend.internal".
[7.210s] Dependencies file "CMakeFiles/rcl_interfaces__rosidl_generator_c.dir/rosidl_generator_c/rcl_interfaces/msg/detail/list_parameters_result__functions.c.obj.d" is newer than depends file "/micro_ros_ws/firmware/mcu_ws/build/rcl_interfaces/CMakeFiles/rcl_interfaces__rosidl_generator_c.dir/compiler_depend.internal".
[7.212s] Dependencies file "CMakeFiles/rcl_interfaces__rosidl_generator_c.dir/rosidl_generator_c/rcl_interfaces/msg/detail/log__functions.c.obj.d" is newer than depends file "/micro_ros_ws/firmware/mcu_ws/build/rcl_interfaces/CMakeFiles/rcl_interfaces__rosidl_generator_c.dir/compiler_depend.internal".
[7.213s] Dependencies file "CMakeFiles/rcl_interfaces__rosidl_generator_c.dir/rosidl_generator_c/rcl_interfaces/msg/detail/parameter__functions.c.obj.d" is newer than depends file "/micro_ros_ws/firmware/mcu_ws/build/rcl_interfaces/CMakeFiles/rcl_interfaces__rosidl_generator_c.dir/compiler_depend.internal".
[7.214s] Dependencies file "CMakeFiles/rcl_interfaces__rosidl_generator_c.dir/rosidl_generator_c/rcl_interfaces/msg/detail/parameter_descriptor__functions.c.obj.d" is newer than depends file "/micro_ros_ws/firmware/mcu_ws/build/rcl_interfaces/CMakeFiles/rcl_interfaces__rosidl_generator_c.dir/compiler_depend.internal".
[7.216s] Dependencies file "CMakeFiles/rcl_interfaces__rosidl_generator_c.dir/rosidl_generator_c/rcl_interfaces/msg/detail/parameter_event__functions.c.obj.d" is newer than depends file "/micro_ros_ws/firmware/mcu_ws/build/rcl_interfaces/CMakeFiles/rcl_interfaces__rosidl_generator_c.dir/compiler_depend.internal".
[7.217s] Dependencies file "CMakeFiles/rcl_interfaces__rosidl_generator_c.dir/rosidl_generator_c/rcl_interfaces/msg/detail/parameter_event_descriptors__functions.c.obj.d" is newer than depends file "/micro_ros_ws/firmware/mcu_ws/build/rcl_interfaces/CMakeFiles/rcl_interfaces__rosidl_generator_c.dir/compiler_depend.internal".
[7.218s] Dependencies file "CMakeFiles/rcl_interfaces__rosidl_generator_c.dir/rosidl_generator_c/rcl_interfaces/msg/detail/parameter_type__functions.c.obj.d" is newer than depends file "/micro_ros_ws/firmware/mcu_ws/build/rcl_interfaces/CMakeFiles/rcl_interfaces__rosidl_generator_c.dir/compiler_depend.internal".
[7.219s] Dependencies file "CMakeFiles/rcl_interfaces__rosidl_generator_c.dir/rosidl_generator_c/rcl_interfaces/msg/detail/parameter_value__functions.c.obj.d" is newer than depends file "/micro_ros_ws/firmware/mcu_ws/build/rcl_interfaces/CMakeFiles/rcl_interfaces__rosidl_generator_c.dir/compiler_depend.internal".
[7.221s] Dependencies file "CMakeFiles/rcl_interfaces__rosidl_generator_c.dir/rosidl_generator_c/rcl_interfaces/msg/detail/set_parameters_result__functions.c.obj.d" is newer than depends file "/micro_ros_ws/firmware/mcu_ws/build/rcl_interfaces/CMakeFiles/rcl_interfaces__rosidl_generator_c.dir/compiler_depend.internal".
[7.222s] Dependencies file "CMakeFiles/rcl_interfaces__rosidl_generator_c.dir/rosidl_generator_c/rcl_interfaces/srv/detail/describe_parameters__functions.c.obj.d" is newer than depends file "/micro_ros_ws/firmware/mcu_ws/build/rcl_interfaces/CMakeFiles/rcl_interfaces__rosidl_generator_c.dir/compiler_depend.internal".
[7.223s] Dependencies file "CMakeFiles/rcl_interfaces__rosidl_generator_c.dir/rosidl_generator_c/rcl_interfaces/srv/detail/get_parameter_types__functions.c.obj.d" is newer than depends file "/micro_ros_ws/firmware/mcu_ws/build/rcl_interfaces/CMakeFiles/rcl_interfaces__rosidl_generator_c.dir/compiler_depend.internal".
[7.224s] Dependencies file "CMakeFiles/rcl_interfaces__rosidl_generator_c.dir/rosidl_generator_c/rcl_interfaces/srv/detail/get_parameters__functions.c.obj.d" is newer than depends file "/micro_ros_ws/firmware/mcu_ws/build/rcl_interfaces/CMakeFiles/rcl_interfaces__rosidl_generator_c.dir/compiler_depend.internal".
[7.225s] Dependencies file "CMakeFiles/rcl_interfaces__rosidl_generator_c.dir/rosidl_generator_c/rcl_interfaces/srv/detail/list_parameters__functions.c.obj.d" is newer than depends file "/micro_ros_ws/firmware/mcu_ws/build/rcl_interfaces/CMakeFiles/rcl_interfaces__rosidl_generator_c.dir/compiler_depend.internal".
[7.227s] Dependencies file "CMakeFiles/rcl_interfaces__rosidl_generator_c.dir/rosidl_generator_c/rcl_interfaces/srv/detail/set_parameters__functions.c.obj.d" is newer than depends file "/micro_ros_ws/firmware/mcu_ws/build/rcl_interfaces/CMakeFiles/rcl_interfaces__rosidl_generator_c.dir/compiler_depend.internal".
[7.228s] Dependencies file "CMakeFiles/rcl_interfaces__rosidl_generator_c.dir/rosidl_generator_c/rcl_interfaces/srv/detail/set_parameters_atomically__functions.c.obj.d" is newer than depends file "/micro_ros_ws/firmware/mcu_ws/build/rcl_interfaces/CMakeFiles/rcl_interfaces__rosidl_generator_c.dir/compiler_depend.internal".
[7.229s] [35m[1mConsolidate compiler generated dependencies of target rcl_interfaces__rosidl_generator_c[0m
[7.336s] gmake[6]: Leaving directory '/micro_ros_ws/firmware/mcu_ws/build/rcl_interfaces'
[7.337s] /usr/bin/gmake  -f CMakeFiles/rcl_interfaces__rosidl_generator_c.dir/build.make CMakeFiles/rcl_interfaces__rosidl_generator_c.dir/build
[7.399s] gmake[6]: Entering directory '/micro_ros_ws/firmware/mcu_ws/build/rcl_interfaces'
[7.399s] gmake[6]: Nothing to be done for 'CMakeFiles/rcl_interfaces__rosidl_generator_c.dir/build'.
[7.400s] gmake[6]: Leaving directory '/micro_ros_ws/firmware/mcu_ws/build/rcl_interfaces'
[7.442s] [ 25%] Built target rcl_interfaces__rosidl_generator_c
[7.444s] /usr/bin/gmake  -f CMakeFiles/rcl_interfaces__rosidl_typesupport_microxrcedds_c.dir/build.make CMakeFiles/rcl_interfaces__rosidl_typesupport_microxrcedds_c.dir/depend
[7.446s] /usr/bin/gmake  -f CMakeFiles/rcl_interfaces__rosidl_typesupport_c.dir/build.make CMakeFiles/rcl_interfaces__rosidl_typesupport_c.dir/depend
[7.449s] /usr/bin/gmake  -f CMakeFiles/rcl_interfaces__rosidl_typesupport_introspection_c.dir/build.make CMakeFiles/rcl_interfaces__rosidl_typesupport_introspection_c.dir/depend
[7.478s] gmake[6]: Entering directory '/micro_ros_ws/firmware/mcu_ws/build/rcl_interfaces'
[7.479s] cd /micro_ros_ws/firmware/mcu_ws/build/rcl_interfaces && /usr/bin/cmake -E cmake_depends "Unix Makefiles" /micro_ros_ws/firmware/mcu_ws/ros2/rcl_interfaces/rcl_interfaces /micro_ros_ws/firmware/mcu_ws/ros2/rcl_interfaces/rcl_interfaces /micro_ros_ws/firmware/mcu_ws/build/rcl_interfaces /micro_ros_ws/firmware/mcu_ws/build/rcl_interfaces /micro_ros_ws/firmware/mcu_ws/build/rcl_interfaces/CMakeFiles/rcl_interfaces__rosidl_typesupport_c.dir/DependInfo.cmake --color=
[7.488s] gmake[6]: Entering directory '/micro_ros_ws/firmware/mcu_ws/build/rcl_interfaces'
[7.488s] cd /micro_ros_ws/firmware/mcu_ws/build/rcl_interfaces && /usr/bin/cmake -E cmake_depends "Unix Makefiles" /micro_ros_ws/firmware/mcu_ws/ros2/rcl_interfaces/rcl_interfaces /micro_ros_ws/firmware/mcu_ws/ros2/rcl_interfaces/rcl_interfaces /micro_ros_ws/firmware/mcu_ws/build/rcl_interfaces /micro_ros_ws/firmware/mcu_ws/build/rcl_interfaces /micro_ros_ws/firmware/mcu_ws/build/rcl_interfaces/CMakeFiles/rcl_interfaces__rosidl_typesupport_microxrcedds_c.dir/DependInfo.cmake --color=
[7.493s] gmake[6]: Entering directory '/micro_ros_ws/firmware/mcu_ws/build/rcl_interfaces'
[7.494s] cd /micro_ros_ws/firmware/mcu_ws/build/rcl_interfaces && /usr/bin/cmake -E cmake_depends "Unix Makefiles" /micro_ros_ws/firmware/mcu_ws/ros2/rcl_interfaces/rcl_interfaces /micro_ros_ws/firmware/mcu_ws/ros2/rcl_interfaces/rcl_interfaces /micro_ros_ws/firmware/mcu_ws/build/rcl_interfaces /micro_ros_ws/firmware/mcu_ws/build/rcl_interfaces /micro_ros_ws/firmware/mcu_ws/build/rcl_interfaces/CMakeFiles/rcl_interfaces__rosidl_typesupport_introspection_c.dir/DependInfo.cmake --color=
[7.531s] Dependencies file "CMakeFiles/rcl_interfaces__rosidl_typesupport_c.dir/rosidl_typesupport_c/rcl_interfaces/msg/floating_point_range__type_support.cpp.obj.d" is newer than depends file "/micro_ros_ws/firmware/mcu_ws/build/rcl_interfaces/CMakeFiles/rcl_interfaces__rosidl_typesupport_c.dir/compiler_depend.internal".
[7.532s] Dependencies file "CMakeFiles/rcl_interfaces__rosidl_typesupport_c.dir/rosidl_typesupport_c/rcl_interfaces/msg/integer_range__type_support.cpp.obj.d" is newer than depends file "/micro_ros_ws/firmware/mcu_ws/build/rcl_interfaces/CMakeFiles/rcl_interfaces__rosidl_typesupport_c.dir/compiler_depend.internal".
[7.533s] Dependencies file "CMakeFiles/rcl_interfaces__rosidl_typesupport_c.dir/rosidl_typesupport_c/rcl_interfaces/msg/list_parameters_result__type_support.cpp.obj.d" is newer than depends file "/micro_ros_ws/firmware/mcu_ws/build/rcl_interfaces/CMakeFiles/rcl_interfaces__rosidl_typesupport_c.dir/compiler_depend.internal".
[7.534s] Dependencies file "CMakeFiles/rcl_interfaces__rosidl_typesupport_c.dir/rosidl_typesupport_c/rcl_interfaces/msg/log__type_support.cpp.obj.d" is newer than depends file "/micro_ros_ws/firmware/mcu_ws/build/rcl_interfaces/CMakeFiles/rcl_interfaces__rosidl_typesupport_c.dir/compiler_depend.internal".
[7.535s] Dependencies file "CMakeFiles/rcl_interfaces__rosidl_typesupport_c.dir/rosidl_typesupport_c/rcl_interfaces/msg/parameter__type_support.cpp.obj.d" is newer than depends file "/micro_ros_ws/firmware/mcu_ws/build/rcl_interfaces/CMakeFiles/rcl_interfaces__rosidl_typesupport_c.dir/compiler_depend.internal".
[7.536s] Dependencies file "CMakeFiles/rcl_interfaces__rosidl_typesupport_c.dir/rosidl_typesupport_c/rcl_interfaces/msg/parameter_descriptor__type_support.cpp.obj.d" is newer than depends file "/micro_ros_ws/firmware/mcu_ws/build/rcl_interfaces/CMakeFiles/rcl_interfaces__rosidl_typesupport_c.dir/compiler_depend.internal".
[7.537s] Dependencies file "CMakeFiles/rcl_interfaces__rosidl_typesupport_c.dir/rosidl_typesupport_c/rcl_interfaces/msg/parameter_event__type_support.cpp.obj.d" is newer than depends file "/micro_ros_ws/firmware/mcu_ws/build/rcl_interfaces/CMakeFiles/rcl_interfaces__rosidl_typesupport_c.dir/compiler_depend.internal".
[7.538s] Dependencies file "CMakeFiles/rcl_interfaces__rosidl_typesupport_c.dir/rosidl_typesupport_c/rcl_interfaces/msg/parameter_event_descriptors__type_support.cpp.obj.d" is newer than depends file "/micro_ros_ws/firmware/mcu_ws/build/rcl_interfaces/CMakeFiles/rcl_interfaces__rosidl_typesupport_c.dir/compiler_depend.internal".
[7.539s] Dependencies file "CMakeFiles/rcl_interfaces__rosidl_typesupport_c.dir/rosidl_typesupport_c/rcl_interfaces/msg/parameter_type__type_support.cpp.obj.d" is newer than depends file "/micro_ros_ws/firmware/mcu_ws/build/rcl_interfaces/CMakeFiles/rcl_interfaces__rosidl_typesupport_c.dir/compiler_depend.internal".
[7.540s] Dependencies file "CMakeFiles/rcl_interfaces__rosidl_typesupport_c.dir/rosidl_typesupport_c/rcl_interfaces/msg/parameter_value__type_support.cpp.obj.d" is newer than depends file "/micro_ros_ws/firmware/mcu_ws/build/rcl_interfaces/CMakeFiles/rcl_interfaces__rosidl_typesupport_c.dir/compiler_depend.internal".
[7.541s] Dependencies file "CMakeFiles/rcl_interfaces__rosidl_typesupport_c.dir/rosidl_typesupport_c/rcl_interfaces/msg/set_parameters_result__type_support.cpp.obj.d" is newer than depends file "/micro_ros_ws/firmware/mcu_ws/build/rcl_interfaces/CMakeFiles/rcl_interfaces__rosidl_typesupport_c.dir/compiler_depend.internal".
[7.543s] Dependencies file "CMakeFiles/rcl_interfaces__rosidl_typesupport_c.dir/rosidl_typesupport_c/rcl_interfaces/srv/describe_parameters__type_support.cpp.obj.d" is newer than depends file "/micro_ros_ws/firmware/mcu_ws/build/rcl_interfaces/CMakeFiles/rcl_interfaces__rosidl_typesupport_c.dir/compiler_depend.internal".
[7.543s] Dependencies file "CMakeFiles/rcl_interfaces__rosidl_typesupport_c.dir/rosidl_typesupport_c/rcl_interfaces/srv/get_parameter_types__type_support.cpp.obj.d" is newer than depends file "/micro_ros_ws/firmware/mcu_ws/build/rcl_interfaces/CMakeFiles/rcl_interfaces__rosidl_typesupport_c.dir/compiler_depend.internal".
[7.544s] Dependencies file "CMakeFiles/rcl_interfaces__rosidl_typesupport_c.dir/rosidl_typesupport_c/rcl_interfaces/srv/get_parameters__type_support.cpp.obj.d" is newer than depends file "/micro_ros_ws/firmware/mcu_ws/build/rcl_interfaces/CMakeFiles/rcl_interfaces__rosidl_typesupport_c.dir/compiler_depend.internal".
[7.545s] Dependencies file "CMakeFiles/rcl_interfaces__rosidl_typesupport_c.dir/rosidl_typesupport_c/rcl_interfaces/srv/list_parameters__type_support.cpp.obj.d" is newer than depends file "/micro_ros_ws/firmware/mcu_ws/build/rcl_interfaces/CMakeFiles/rcl_interfaces__rosidl_typesupport_c.dir/compiler_depend.internal".
[7.545s] Dependencies file "CMakeFiles/rcl_interfaces__rosidl_typesupport_c.dir/rosidl_typesupport_c/rcl_interfaces/srv/set_parameters__type_support.cpp.obj.d" is newer than depends file "/micro_ros_ws/firmware/mcu_ws/build/rcl_interfaces/CMakeFiles/rcl_interfaces__rosidl_typesupport_c.dir/compiler_depend.internal".
[7.546s] Dependencies file "CMakeFiles/rcl_interfaces__rosidl_typesupport_c.dir/rosidl_typesupport_c/rcl_interfaces/srv/set_parameters_atomically__type_support.cpp.obj.d" is newer than depends file "/micro_ros_ws/firmware/mcu_ws/build/rcl_interfaces/CMakeFiles/rcl_interfaces__rosidl_typesupport_c.dir/compiler_depend.internal".
[7.548s] [35m[1mConsolidate compiler generated dependencies of target rcl_interfaces__rosidl_typesupport_c[0m
[7.552s] Dependencies file "CMakeFiles/rcl_interfaces__rosidl_typesupport_microxrcedds_c.dir/rosidl_typesupport_microxrcedds_c/rcl_interfaces/msg/detail/microxrcedds/floating_point_range__type_support_c.c.obj.d" is newer than depends file "/micro_ros_ws/firmware/mcu_ws/build/rcl_interfaces/CMakeFiles/rcl_interfaces__rosidl_typesupport_microxrcedds_c.dir/compiler_depend.internal".
[7.554s] Dependencies file "CMakeFiles/rcl_interfaces__rosidl_typesupport_microxrcedds_c.dir/rosidl_typesupport_microxrcedds_c/rcl_interfaces/msg/detail/microxrcedds/integer_range__type_support_c.c.obj.d" is newer than depends file "/micro_ros_ws/firmware/mcu_ws/build/rcl_interfaces/CMakeFiles/rcl_interfaces__rosidl_typesupport_microxrcedds_c.dir/compiler_depend.internal".
[7.556s] Dependencies file "CMakeFiles/rcl_interfaces__rosidl_typesupport_microxrcedds_c.dir/rosidl_typesupport_microxrcedds_c/rcl_interfaces/msg/detail/microxrcedds/list_parameters_result__type_support_c.c.obj.d" is newer than depends file "/micro_ros_ws/firmware/mcu_ws/build/rcl_interfaces/CMakeFiles/rcl_interfaces__rosidl_typesupport_microxrcedds_c.dir/compiler_depend.internal".
[7.558s] Dependencies file "CMakeFiles/rcl_interfaces__rosidl_typesupport_microxrcedds_c.dir/rosidl_typesupport_microxrcedds_c/rcl_interfaces/msg/detail/microxrcedds/log__type_support_c.c.obj.d" is newer than depends file "/micro_ros_ws/firmware/mcu_ws/build/rcl_interfaces/CMakeFiles/rcl_interfaces__rosidl_typesupport_microxrcedds_c.dir/compiler_depend.internal".
[7.560s] Dependencies file "CMakeFiles/rcl_interfaces__rosidl_typesupport_microxrcedds_c.dir/rosidl_typesupport_microxrcedds_c/rcl_interfaces/msg/detail/microxrcedds/parameter__type_support_c.c.obj.d" is newer than depends file "/micro_ros_ws/firmware/mcu_ws/build/rcl_interfaces/CMakeFiles/rcl_interfaces__rosidl_typesupport_microxrcedds_c.dir/compiler_depend.internal".
[7.562s] Dependencies file "CMakeFiles/rcl_interfaces__rosidl_typesupport_microxrcedds_c.dir/rosidl_typesupport_microxrcedds_c/rcl_interfaces/msg/detail/microxrcedds/parameter_descriptor__type_support_c.c.obj.d" is newer than depends file "/micro_ros_ws/firmware/mcu_ws/build/rcl_interfaces/CMakeFiles/rcl_interfaces__rosidl_typesupport_microxrcedds_c.dir/compiler_depend.internal".
[7.564s] Dependencies file "CMakeFiles/rcl_interfaces__rosidl_typesupport_introspection_c.dir/rosidl_typesupport_introspection_c/rcl_interfaces/msg/detail/floating_point_range__type_support.c.obj.d" is newer than depends file "/micro_ros_ws/firmware/mcu_ws/build/rcl_interfaces/CMakeFiles/rcl_interfaces__rosidl_typesupport_introspection_c.dir/compiler_depend.internal".
[7.566s] Dependencies file "CMakeFiles/rcl_interfaces__rosidl_typesupport_microxrcedds_c.dir/rosidl_typesupport_microxrcedds_c/rcl_interfaces/msg/detail/microxrcedds/parameter_event__type_support_c.c.obj.d" is newer than depends file "/micro_ros_ws/firmware/mcu_ws/build/rcl_interfaces/CMakeFiles/rcl_interfaces__rosidl_typesupport_microxrcedds_c.dir/compiler_depend.internal".
[7.570s] Dependencies file "CMakeFiles/rcl_interfaces__rosidl_typesupport_introspection_c.dir/rosidl_typesupport_introspection_c/rcl_interfaces/msg/detail/integer_range__type_support.c.obj.d" is newer than depends file "/micro_ros_ws/firmware/mcu_ws/build/rcl_interfaces/CMakeFiles/rcl_interfaces__rosidl_typesupport_introspection_c.dir/compiler_depend.internal".
[7.573s] Dependencies file "CMakeFiles/rcl_interfaces__rosidl_typesupport_microxrcedds_c.dir/rosidl_typesupport_microxrcedds_c/rcl_interfaces/msg/detail/microxrcedds/parameter_event_descriptors__type_support_c.c.obj.d" is newer than depends file "/micro_ros_ws/firmware/mcu_ws/build/rcl_interfaces/CMakeFiles/rcl_interfaces__rosidl_typesupport_microxrcedds_c.dir/compiler_depend.internal".
[7.575s] Dependencies file "CMakeFiles/rcl_interfaces__rosidl_typesupport_introspection_c.dir/rosidl_typesupport_introspection_c/rcl_interfaces/msg/detail/list_parameters_result__type_support.c.obj.d" is newer than depends file "/micro_ros_ws/firmware/mcu_ws/build/rcl_interfaces/CMakeFiles/rcl_interfaces__rosidl_typesupport_introspection_c.dir/compiler_depend.internal".
[7.576s] Dependencies file "CMakeFiles/rcl_interfaces__rosidl_typesupport_microxrcedds_c.dir/rosidl_typesupport_microxrcedds_c/rcl_interfaces/msg/detail/microxrcedds/parameter_type__type_support_c.c.obj.d" is newer than depends file "/micro_ros_ws/firmware/mcu_ws/build/rcl_interfaces/CMakeFiles/rcl_interfaces__rosidl_typesupport_microxrcedds_c.dir/compiler_depend.internal".
[7.576s] Dependencies file "CMakeFiles/rcl_interfaces__rosidl_typesupport_introspection_c.dir/rosidl_typesupport_introspection_c/rcl_interfaces/msg/detail/log__type_support.c.obj.d" is newer than depends file "/micro_ros_ws/firmware/mcu_ws/build/rcl_interfaces/CMakeFiles/rcl_interfaces__rosidl_typesupport_introspection_c.dir/compiler_depend.internal".
[7.577s] Dependencies file "CMakeFiles/rcl_interfaces__rosidl_typesupport_microxrcedds_c.dir/rosidl_typesupport_microxrcedds_c/rcl_interfaces/msg/detail/microxrcedds/parameter_value__type_support_c.c.obj.d" is newer than depends file "/micro_ros_ws/firmware/mcu_ws/build/rcl_interfaces/CMakeFiles/rcl_interfaces__rosidl_typesupport_microxrcedds_c.dir/compiler_depend.internal".
[7.578s] Dependencies file "CMakeFiles/rcl_interfaces__rosidl_typesupport_microxrcedds_c.dir/rosidl_typesupport_microxrcedds_c/rcl_interfaces/msg/detail/microxrcedds/set_parameters_result__type_support_c.c.obj.d" is newer than depends file "/micro_ros_ws/firmware/mcu_ws/build/rcl_interfaces/CMakeFiles/rcl_interfaces__rosidl_typesupport_microxrcedds_c.dir/compiler_depend.internal".
[7.578s] Dependencies file "CMakeFiles/rcl_interfaces__rosidl_typesupport_introspection_c.dir/rosidl_typesupport_introspection_c/rcl_interfaces/msg/detail/parameter__type_support.c.obj.d" is newer than depends file "/micro_ros_ws/firmware/mcu_ws/build/rcl_interfaces/CMakeFiles/rcl_interfaces__rosidl_typesupport_introspection_c.dir/compiler_depend.internal".
[7.580s] Dependencies file "CMakeFiles/rcl_interfaces__rosidl_typesupport_microxrcedds_c.dir/rosidl_typesupport_microxrcedds_c/rcl_interfaces/srv/detail/microxrcedds/describe_parameters__type_support_c.c.obj.d" is newer than depends file "/micro_ros_ws/firmware/mcu_ws/build/rcl_interfaces/CMakeFiles/rcl_interfaces__rosidl_typesupport_microxrcedds_c.dir/compiler_depend.internal".
[7.580s] Dependencies file "CMakeFiles/rcl_interfaces__rosidl_typesupport_introspection_c.dir/rosidl_typesupport_introspection_c/rcl_interfaces/msg/detail/parameter_descriptor__type_support.c.obj.d" is newer than depends file "/micro_ros_ws/firmware/mcu_ws/build/rcl_interfaces/CMakeFiles/rcl_interfaces__rosidl_typesupport_introspection_c.dir/compiler_depend.internal".
[7.581s] Dependencies file "CMakeFiles/rcl_interfaces__rosidl_typesupport_microxrcedds_c.dir/rosidl_typesupport_microxrcedds_c/rcl_interfaces/srv/detail/microxrcedds/get_parameter_types__type_support_c.c.obj.d" is newer than depends file "/micro_ros_ws/firmware/mcu_ws/build/rcl_interfaces/CMakeFiles/rcl_interfaces__rosidl_typesupport_microxrcedds_c.dir/compiler_depend.internal".
[7.582s] Dependencies file "CMakeFiles/rcl_interfaces__rosidl_typesupport_introspection_c.dir/rosidl_typesupport_introspection_c/rcl_interfaces/msg/detail/parameter_event__type_support.c.obj.d" is newer than depends file "/micro_ros_ws/firmware/mcu_ws/build/rcl_interfaces/CMakeFiles/rcl_interfaces__rosidl_typesupport_introspection_c.dir/compiler_depend.internal".
[7.583s] Dependencies file "CMakeFiles/rcl_interfaces__rosidl_typesupport_introspection_c.dir/rosidl_typesupport_introspection_c/rcl_interfaces/msg/detail/parameter_event_descriptors__type_support.c.obj.d" is newer than depends file "/micro_ros_ws/firmware/mcu_ws/build/rcl_interfaces/CMakeFiles/rcl_interfaces__rosidl_typesupport_introspection_c.dir/compiler_depend.internal".
[7.583s] Dependencies file "CMakeFiles/rcl_interfaces__rosidl_typesupport_microxrcedds_c.dir/rosidl_typesupport_microxrcedds_c/rcl_interfaces/srv/detail/microxrcedds/get_parameters__type_support_c.c.obj.d" is newer than depends file "/micro_ros_ws/firmware/mcu_ws/build/rcl_interfaces/CMakeFiles/rcl_interfaces__rosidl_typesupport_microxrcedds_c.dir/compiler_depend.internal".
[7.584s] Dependencies file "CMakeFiles/rcl_interfaces__rosidl_typesupport_introspection_c.dir/rosidl_typesupport_introspection_c/rcl_interfaces/msg/detail/parameter_type__type_support.c.obj.d" is newer than depends file "/micro_ros_ws/firmware/mcu_ws/build/rcl_interfaces/CMakeFiles/rcl_interfaces__rosidl_typesupport_introspection_c.dir/compiler_depend.internal".
[7.585s] Dependencies file "CMakeFiles/rcl_interfaces__rosidl_typesupport_microxrcedds_c.dir/rosidl_typesupport_microxrcedds_c/rcl_interfaces/srv/detail/microxrcedds/list_parameters__type_support_c.c.obj.d" is newer than depends file "/micro_ros_ws/firmware/mcu_ws/build/rcl_interfaces/CMakeFiles/rcl_interfaces__rosidl_typesupport_microxrcedds_c.dir/compiler_depend.internal".
[7.585s] Dependencies file "CMakeFiles/rcl_interfaces__rosidl_typesupport_introspection_c.dir/rosidl_typesupport_introspection_c/rcl_interfaces/msg/detail/parameter_value__type_support.c.obj.d" is newer than depends file "/micro_ros_ws/firmware/mcu_ws/build/rcl_interfaces/CMakeFiles/rcl_interfaces__rosidl_typesupport_introspection_c.dir/compiler_depend.internal".
[7.586s] Dependencies file "CMakeFiles/rcl_interfaces__rosidl_typesupport_microxrcedds_c.dir/rosidl_typesupport_microxrcedds_c/rcl_interfaces/srv/detail/microxrcedds/set_parameters__type_support_c.c.obj.d" is newer than depends file "/micro_ros_ws/firmware/mcu_ws/build/rcl_interfaces/CMakeFiles/rcl_interfaces__rosidl_typesupport_microxrcedds_c.dir/compiler_depend.internal".
[7.586s] Dependencies file "CMakeFiles/rcl_interfaces__rosidl_typesupport_introspection_c.dir/rosidl_typesupport_introspection_c/rcl_interfaces/msg/detail/set_parameters_result__type_support.c.obj.d" is newer than depends file "/micro_ros_ws/firmware/mcu_ws/build/rcl_interfaces/CMakeFiles/rcl_interfaces__rosidl_typesupport_introspection_c.dir/compiler_depend.internal".
[7.587s] Dependencies file "CMakeFiles/rcl_interfaces__rosidl_typesupport_microxrcedds_c.dir/rosidl_typesupport_microxrcedds_c/rcl_interfaces/srv/detail/microxrcedds/set_parameters_atomically__type_support_c.c.obj.d" is newer than depends file "/micro_ros_ws/firmware/mcu_ws/build/rcl_interfaces/CMakeFiles/rcl_interfaces__rosidl_typesupport_microxrcedds_c.dir/compiler_depend.internal".
[7.587s] Dependencies file "CMakeFiles/rcl_interfaces__rosidl_typesupport_introspection_c.dir/rosidl_typesupport_introspection_c/rcl_interfaces/srv/detail/describe_parameters__type_support.c.obj.d" is newer than depends file "/micro_ros_ws/firmware/mcu_ws/build/rcl_interfaces/CMakeFiles/rcl_interfaces__rosidl_typesupport_introspection_c.dir/compiler_depend.internal".
[7.588s] [35m[1mConsolidate compiler generated dependencies of target rcl_interfaces__rosidl_typesupport_microxrcedds_c[0m
[7.588s] Dependencies file "CMakeFiles/rcl_interfaces__rosidl_typesupport_introspection_c.dir/rosidl_typesupport_introspection_c/rcl_interfaces/srv/detail/get_parameter_types__type_support.c.obj.d" is newer than depends file "/micro_ros_ws/firmware/mcu_ws/build/rcl_interfaces/CMakeFiles/rcl_interfaces__rosidl_typesupport_introspection_c.dir/compiler_depend.internal".
[7.589s] Dependencies file "CMakeFiles/rcl_interfaces__rosidl_typesupport_introspection_c.dir/rosidl_typesupport_introspection_c/rcl_interfaces/srv/detail/get_parameters__type_support.c.obj.d" is newer than depends file "/micro_ros_ws/firmware/mcu_ws/build/rcl_interfaces/CMakeFiles/rcl_interfaces__rosidl_typesupport_introspection_c.dir/compiler_depend.internal".
[7.590s] Dependencies file "CMakeFiles/rcl_interfaces__rosidl_typesupport_introspection_c.dir/rosidl_typesupport_introspection_c/rcl_interfaces/srv/detail/list_parameters__type_support.c.obj.d" is newer than depends file "/micro_ros_ws/firmware/mcu_ws/build/rcl_interfaces/CMakeFiles/rcl_interfaces__rosidl_typesupport_introspection_c.dir/compiler_depend.internal".
[7.591s] Dependencies file "CMakeFiles/rcl_interfaces__rosidl_typesupport_introspection_c.dir/rosidl_typesupport_introspection_c/rcl_interfaces/srv/detail/set_parameters__type_support.c.obj.d" is newer than depends file "/micro_ros_ws/firmware/mcu_ws/build/rcl_interfaces/CMakeFiles/rcl_interfaces__rosidl_typesupport_introspection_c.dir/compiler_depend.internal".
[7.593s] Dependencies file "CMakeFiles/rcl_interfaces__rosidl_typesupport_introspection_c.dir/rosidl_typesupport_introspection_c/rcl_interfaces/srv/detail/set_parameters_atomically__type_support.c.obj.d" is newer than depends file "/micro_ros_ws/firmware/mcu_ws/build/rcl_interfaces/CMakeFiles/rcl_interfaces__rosidl_typesupport_introspection_c.dir/compiler_depend.internal".
[7.593s] [35m[1mConsolidate compiler generated dependencies of target rcl_interfaces__rosidl_typesupport_introspection_c[0m
[7.635s] gmake[6]: Leaving directory '/micro_ros_ws/firmware/mcu_ws/build/rcl_interfaces'
[7.635s] /usr/bin/gmake  -f CMakeFiles/rcl_interfaces__rosidl_typesupport_c.dir/build.make CMakeFiles/rcl_interfaces__rosidl_typesupport_c.dir/build
[7.714s] gmake[6]: Entering directory '/micro_ros_ws/firmware/mcu_ws/build/rcl_interfaces'
[7.715s] gmake[6]: Nothing to be done for 'CMakeFiles/rcl_interfaces__rosidl_typesupport_c.dir/build'.
[7.716s] gmake[6]: Leaving directory '/micro_ros_ws/firmware/mcu_ws/build/rcl_interfaces'
[7.736s] gmake[6]: Leaving directory '/micro_ros_ws/firmware/mcu_ws/build/rcl_interfaces'
[7.736s] /usr/bin/gmake  -f CMakeFiles/rcl_interfaces__rosidl_typesupport_introspection_c.dir/build.make CMakeFiles/rcl_interfaces__rosidl_typesupport_introspection_c.dir/build
[7.775s] gmake[6]: Leaving directory '/micro_ros_ws/firmware/mcu_ws/build/rcl_interfaces'
[7.777s] /usr/bin/gmake  -f CMakeFiles/rcl_interfaces__rosidl_typesupport_microxrcedds_c.dir/build.make CMakeFiles/rcl_interfaces__rosidl_typesupport_microxrcedds_c.dir/build
[7.786s] [ 50%] Built target rcl_interfaces__rosidl_typesupport_c
[7.819s] gmake[6]: Entering directory '/micro_ros_ws/firmware/mcu_ws/build/rcl_interfaces'
[7.819s] gmake[6]: Nothing to be done for 'CMakeFiles/rcl_interfaces__rosidl_typesupport_introspection_c.dir/build'.
[7.820s] gmake[6]: Leaving directory '/micro_ros_ws/firmware/mcu_ws/build/rcl_interfaces'
[7.843s] gmake[6]: Entering directory '/micro_ros_ws/firmware/mcu_ws/build/rcl_interfaces'
[7.844s] gmake[6]: Nothing to be done for 'CMakeFiles/rcl_interfaces__rosidl_typesupport_microxrcedds_c.dir/build'.
[7.844s] gmake[6]: Leaving directory '/micro_ros_ws/firmware/mcu_ws/build/rcl_interfaces'
[7.868s] [ 75%] Built target rcl_interfaces__rosidl_typesupport_introspection_c
[7.890s] [100%] Built target rcl_interfaces__rosidl_typesupport_microxrcedds_c
[7.891s] /usr/bin/gmake  -f CMakeFiles/rcl_interfaces.dir/build.make CMakeFiles/rcl_interfaces.dir/depend
[7.898s] gmake[6]: Entering directory '/micro_ros_ws/firmware/mcu_ws/build/rcl_interfaces'
[7.898s] cd /micro_ros_ws/firmware/mcu_ws/build/rcl_interfaces && /usr/bin/cmake -E cmake_depends "Unix Makefiles" /micro_ros_ws/firmware/mcu_ws/ros2/rcl_interfaces/rcl_interfaces /micro_ros_ws/firmware/mcu_ws/ros2/rcl_interfaces/rcl_interfaces /micro_ros_ws/firmware/mcu_ws/build/rcl_interfaces /micro_ros_ws/firmware/mcu_ws/build/rcl_interfaces /micro_ros_ws/firmware/mcu_ws/build/rcl_interfaces/CMakeFiles/rcl_interfaces.dir/DependInfo.cmake --color=
[7.925s] gmake[6]: Leaving directory '/micro_ros_ws/firmware/mcu_ws/build/rcl_interfaces'
[7.925s] /usr/bin/gmake  -f CMakeFiles/rcl_interfaces.dir/build.make CMakeFiles/rcl_interfaces.dir/build
[7.936s] gmake[6]: Entering directory '/micro_ros_ws/firmware/mcu_ws/build/rcl_interfaces'
[7.936s] gmake[6]: Nothing to be done for 'CMakeFiles/rcl_interfaces.dir/build'.
[7.937s] gmake[6]: Leaving directory '/micro_ros_ws/firmware/mcu_ws/build/rcl_interfaces'
[7.959s] [100%] Built target rcl_interfaces
[7.960s] gmake[5]: Leaving directory '/micro_ros_ws/firmware/mcu_ws/build/rcl_interfaces'
[7.961s] /usr/bin/cmake -E cmake_progress_start /micro_ros_ws/firmware/mcu_ws/build/rcl_interfaces/CMakeFiles 0
[8.019s] gmake[4]: Leaving directory '/micro_ros_ws/firmware/mcu_ws/build/rcl_interfaces'
[8.131s] Invoked command in '/micro_ros_ws/firmware/mcu_ws/build/rcl_interfaces' returned '0': AMENT_PREFIX_PATH=/micro_ros_ws/firmware/mcu_ws/install:${AMENT_PREFIX_PATH} CMAKE_PREFIX_PATH=/micro_ros_ws/firmware/mcu_ws/install:/micro_ros_ws/firmware/dev_ws/install/ament_lint_common:/micro_ros_ws/firmware/dev_ws/install/ament_cmake_uncrustify:/micro_ros_ws/firmware/dev_ws/install/uncrustify_vendor:/micro_ros_ws/firmware/dev_ws/install/ament_cmake_ros:/micro_ros_ws/firmware/dev_ws/install/ament_cmake_auto:/micro_ros_ws/firmware/dev_ws/install/ament_cmake_gmock:/micro_ros_ws/firmware/dev_ws/install/gmock_vendor:/micro_ros_ws/firmware/dev_ws/install/ament_cmake_gtest:/micro_ros_ws/firmware/dev_ws/install/gtest_vendor:/micro_ros_ws/firmware/dev_ws/install/ament_cmake_xmllint:/micro_ros_ws/firmware/dev_ws/install/ament_cmake_pyflakes:/micro_ros_ws/firmware/dev_ws/install/ament_cmake_pycodestyle:/micro_ros_ws/firmware/dev_ws/install/ament_cmake_pep257:/micro_ros_ws/firmware/dev_ws/install/ament_cmake_pclint:/micro_ros_ws/firmware/dev_ws/install/ament_lint_auto:/micro_ros_ws/firmware/dev_ws/install/ament_cmake:/micro_ros_ws/firmware/dev_ws/install/ament_cmake_version:/micro_ros_ws/firmware/dev_ws/install/ament_cmake_vendor_package:/micro_ros_ws/firmware/dev_ws/install/ament_cmake_pytest:/micro_ros_ws/firmware/dev_ws/install/ament_cmake_nose:/micro_ros_ws/firmware/dev_ws/install/ament_cmake_mypy:/micro_ros_ws/firmware/dev_ws/install/ament_cmake_lint_cmake:/micro_ros_ws/firmware/dev_ws/install/ament_cmake_google_benchmark:/micro_ros_ws/firmware/dev_ws/install/ament_cmake_flake8:/micro_ros_ws/firmware/dev_ws/install/ament_cmake_cpplint:/micro_ros_ws/firmware/dev_ws/install/ament_cmake_cppcheck:/micro_ros_ws/firmware/dev_ws/install/ament_cmake_copyright:/micro_ros_ws/firmware/dev_ws/install/ament_cmake_clang_tidy:/micro_ros_ws/firmware/dev_ws/install/ament_cmake_clang_format:/micro_ros_ws/firmware/dev_ws/install/ament_cmake_test:/micro_ros_ws/firmware/dev_ws/install/ament_cmake_target_dependencies:/micro_ros_ws/firmware/dev_ws/install/ament_cmake_python:/micro_ros_ws/firmware/dev_ws/install/ament_cmake_export_dependencies:/micro_ros_ws/firmware/dev_ws/install/ament_cmake_libraries:/micro_ros_ws/firmware/dev_ws/install/ament_cmake_include_directories:/micro_ros_ws/firmware/dev_ws/install/ament_cmake_gen_version_h:/micro_ros_ws/firmware/dev_ws/install/ament_cmake_export_targets:/micro_ros_ws/firmware/dev_ws/install/ament_cmake_export_link_flags:/micro_ros_ws/firmware/dev_ws/install/ament_cmake_export_interfaces:/micro_ros_ws/firmware/dev_ws/install/ament_cmake_export_libraries:/micro_ros_ws/firmware/dev_ws/install/ament_cmake_export_include_directories:/micro_ros_ws/firmware/dev_ws/install/ament_cmake_export_definitions:/micro_ros_ws/firmware/dev_ws/install/ament_cmake_core:/micro_ros_ws/firmware/dev_ws/install/ament_index_cpp:/micro_ros_ws/firmware/dev_ws/install/ament_uncrustify:/micro_ros_ws/firmware/dev_ws/install/domain_coordinator:/micro_ros_ws/firmware/dev_ws/install/ament_xmllint:/micro_ros_ws/firmware/dev_ws/install/ament_pyflakes:/micro_ros_ws/firmware/dev_ws/install/ament_pycodestyle:/micro_ros_ws/firmware/dev_ws/install/ament_pep257:/micro_ros_ws/firmware/dev_ws/install/ament_pclint:/micro_ros_ws/firmware/dev_ws/install/ament_package:/micro_ros_ws/firmware/dev_ws/install/ament_mypy:/micro_ros_ws/firmware/dev_ws/install/ament_lint_cmake:/micro_ros_ws/firmware/dev_ws/install/ament_flake8:/micro_ros_ws/firmware/dev_ws/install/ament_copyright:/micro_ros_ws/firmware/dev_ws/install/ament_lint:/micro_ros_ws/firmware/dev_ws/install/ament_index_python:/micro_ros_ws/firmware/dev_ws/install/ament_cpplint:/micro_ros_ws/firmware/dev_ws/install/ament_cppcheck:/micro_ros_ws/firmware/dev_ws/install/ament_clang_tidy:/micro_ros_ws/firmware/dev_ws/install/ament_clang_format LD_LIBRARY_PATH=/micro_ros_ws/firmware/mcu_ws/install/lib:${LD_LIBRARY_PATH} PATH=/micro_ros_ws/firmware/mcu_ws/install/bin:${PATH} PYTHONPATH=/micro_ros_ws/firmware/mcu_ws/install/lib/python3.10/site-packages:${PYTHONPATH} /usr/bin/cmake --build /micro_ros_ws/firmware/mcu_ws/build/rcl_interfaces -- -j12 -l12
[8.134s] Invoking command in '/micro_ros_ws/firmware/mcu_ws/build/rcl_interfaces': AMENT_PREFIX_PATH=/micro_ros_ws/firmware/mcu_ws/install:${AMENT_PREFIX_PATH} CMAKE_PREFIX_PATH=/micro_ros_ws/firmware/mcu_ws/install:/micro_ros_ws/firmware/dev_ws/install/ament_lint_common:/micro_ros_ws/firmware/dev_ws/install/ament_cmake_uncrustify:/micro_ros_ws/firmware/dev_ws/install/uncrustify_vendor:/micro_ros_ws/firmware/dev_ws/install/ament_cmake_ros:/micro_ros_ws/firmware/dev_ws/install/ament_cmake_auto:/micro_ros_ws/firmware/dev_ws/install/ament_cmake_gmock:/micro_ros_ws/firmware/dev_ws/install/gmock_vendor:/micro_ros_ws/firmware/dev_ws/install/ament_cmake_gtest:/micro_ros_ws/firmware/dev_ws/install/gtest_vendor:/micro_ros_ws/firmware/dev_ws/install/ament_cmake_xmllint:/micro_ros_ws/firmware/dev_ws/install/ament_cmake_pyflakes:/micro_ros_ws/firmware/dev_ws/install/ament_cmake_pycodestyle:/micro_ros_ws/firmware/dev_ws/install/ament_cmake_pep257:/micro_ros_ws/firmware/dev_ws/install/ament_cmake_pclint:/micro_ros_ws/firmware/dev_ws/install/ament_lint_auto:/micro_ros_ws/firmware/dev_ws/install/ament_cmake:/micro_ros_ws/firmware/dev_ws/install/ament_cmake_version:/micro_ros_ws/firmware/dev_ws/install/ament_cmake_vendor_package:/micro_ros_ws/firmware/dev_ws/install/ament_cmake_pytest:/micro_ros_ws/firmware/dev_ws/install/ament_cmake_nose:/micro_ros_ws/firmware/dev_ws/install/ament_cmake_mypy:/micro_ros_ws/firmware/dev_ws/install/ament_cmake_lint_cmake:/micro_ros_ws/firmware/dev_ws/install/ament_cmake_google_benchmark:/micro_ros_ws/firmware/dev_ws/install/ament_cmake_flake8:/micro_ros_ws/firmware/dev_ws/install/ament_cmake_cpplint:/micro_ros_ws/firmware/dev_ws/install/ament_cmake_cppcheck:/micro_ros_ws/firmware/dev_ws/install/ament_cmake_copyright:/micro_ros_ws/firmware/dev_ws/install/ament_cmake_clang_tidy:/micro_ros_ws/firmware/dev_ws/install/ament_cmake_clang_format:/micro_ros_ws/firmware/dev_ws/install/ament_cmake_test:/micro_ros_ws/firmware/dev_ws/install/ament_cmake_target_dependencies:/micro_ros_ws/firmware/dev_ws/install/ament_cmake_python:/micro_ros_ws/firmware/dev_ws/install/ament_cmake_export_dependencies:/micro_ros_ws/firmware/dev_ws/install/ament_cmake_libraries:/micro_ros_ws/firmware/dev_ws/install/ament_cmake_include_directories:/micro_ros_ws/firmware/dev_ws/install/ament_cmake_gen_version_h:/micro_ros_ws/firmware/dev_ws/install/ament_cmake_export_targets:/micro_ros_ws/firmware/dev_ws/install/ament_cmake_export_link_flags:/micro_ros_ws/firmware/dev_ws/install/ament_cmake_export_interfaces:/micro_ros_ws/firmware/dev_ws/install/ament_cmake_export_libraries:/micro_ros_ws/firmware/dev_ws/install/ament_cmake_export_include_directories:/micro_ros_ws/firmware/dev_ws/install/ament_cmake_export_definitions:/micro_ros_ws/firmware/dev_ws/install/ament_cmake_core:/micro_ros_ws/firmware/dev_ws/install/ament_index_cpp:/micro_ros_ws/firmware/dev_ws/install/ament_uncrustify:/micro_ros_ws/firmware/dev_ws/install/domain_coordinator:/micro_ros_ws/firmware/dev_ws/install/ament_xmllint:/micro_ros_ws/firmware/dev_ws/install/ament_pyflakes:/micro_ros_ws/firmware/dev_ws/install/ament_pycodestyle:/micro_ros_ws/firmware/dev_ws/install/ament_pep257:/micro_ros_ws/firmware/dev_ws/install/ament_pclint:/micro_ros_ws/firmware/dev_ws/install/ament_package:/micro_ros_ws/firmware/dev_ws/install/ament_mypy:/micro_ros_ws/firmware/dev_ws/install/ament_lint_cmake:/micro_ros_ws/firmware/dev_ws/install/ament_flake8:/micro_ros_ws/firmware/dev_ws/install/ament_copyright:/micro_ros_ws/firmware/dev_ws/install/ament_lint:/micro_ros_ws/firmware/dev_ws/install/ament_index_python:/micro_ros_ws/firmware/dev_ws/install/ament_cpplint:/micro_ros_ws/firmware/dev_ws/install/ament_cppcheck:/micro_ros_ws/firmware/dev_ws/install/ament_clang_tidy:/micro_ros_ws/firmware/dev_ws/install/ament_clang_format LD_LIBRARY_PATH=/micro_ros_ws/firmware/mcu_ws/install/lib:${LD_LIBRARY_PATH} PATH=/micro_ros_ws/firmware/mcu_ws/install/bin:${PATH} PYTHONPATH=/micro_ros_ws/firmware/mcu_ws/install/lib/python3.10/site-packages:${PYTHONPATH} /usr/bin/cmake --install /micro_ros_ws/firmware/mcu_ws/build/rcl_interfaces
[8.162s] -- Install configuration: "Debug"
[8.165s] -- Up-to-date: /micro_ros_ws/firmware/mcu_ws/install/share/ament_index/resource_index/rosidl_interfaces/rcl_interfaces
[8.168s] -- Up-to-date: /micro_ros_ws/firmware/mcu_ws/install/include/rcl_interfaces/rcl_interfaces
[8.171s] -- Up-to-date: /micro_ros_ws/firmware/mcu_ws/install/include/rcl_interfaces/rcl_interfaces/msg
[8.175s] -- Up-to-date: /micro_ros_ws/firmware/mcu_ws/install/include/rcl_interfaces/rcl_interfaces/msg/detail
[8.179s] -- Up-to-date: /micro_ros_ws/firmware/mcu_ws/install/include/rcl_interfaces/rcl_interfaces/msg/detail/log__functions.h
[8.182s] -- Up-to-date: /micro_ros_ws/firmware/mcu_ws/install/include/rcl_interfaces/rcl_interfaces/msg/detail/parameter_type__functions.c
[8.185s] -- Up-to-date: /micro_ros_ws/firmware/mcu_ws/install/include/rcl_interfaces/rcl_interfaces/msg/detail/floating_point_range__functions.c
[8.188s] -- Up-to-date: /micro_ros_ws/firmware/mcu_ws/install/include/rcl_interfaces/rcl_interfaces/msg/detail/floating_point_range__functions.h
[8.190s] -- Up-to-date: /micro_ros_ws/firmware/mcu_ws/install/include/rcl_interfaces/rcl_interfaces/msg/detail/floating_point_range__struct.h
[8.193s] -- Up-to-date: /micro_ros_ws/firmware/mcu_ws/install/include/rcl_interfaces/rcl_interfaces/msg/detail/floating_point_range__type_support.h
[8.196s] -- Up-to-date: /micro_ros_ws/firmware/mcu_ws/install/include/rcl_interfaces/rcl_interfaces/msg/detail/integer_range__functions.c
[8.198s] -- Up-to-date: /micro_ros_ws/firmware/mcu_ws/install/include/rcl_interfaces/rcl_interfaces/msg/detail/integer_range__functions.h
[8.200s] -- Up-to-date: /micro_ros_ws/firmware/mcu_ws/install/include/rcl_interfaces/rcl_interfaces/msg/detail/integer_range__struct.h
[8.203s] -- Up-to-date: /micro_ros_ws/firmware/mcu_ws/install/include/rcl_interfaces/rcl_interfaces/msg/detail/integer_range__type_support.h
[8.206s] -- Up-to-date: /micro_ros_ws/firmware/mcu_ws/install/include/rcl_interfaces/rcl_interfaces/msg/detail/list_parameters_result__functions.c
[8.209s] -- Up-to-date: /micro_ros_ws/firmware/mcu_ws/install/include/rcl_interfaces/rcl_interfaces/msg/detail/list_parameters_result__functions.h
[8.212s] -- Up-to-date: /micro_ros_ws/firmware/mcu_ws/install/include/rcl_interfaces/rcl_interfaces/msg/detail/list_parameters_result__struct.h
[8.215s] -- Up-to-date: /micro_ros_ws/firmware/mcu_ws/install/include/rcl_interfaces/rcl_interfaces/msg/detail/list_parameters_result__type_support.h
[8.218s] -- Up-to-date: /micro_ros_ws/firmware/mcu_ws/install/include/rcl_interfaces/rcl_interfaces/msg/detail/log__functions.c
[8.221s] -- Up-to-date: /micro_ros_ws/firmware/mcu_ws/install/include/rcl_interfaces/rcl_interfaces/msg/detail/log__struct.h
[8.224s] -- Up-to-date: /micro_ros_ws/firmware/mcu_ws/install/include/rcl_interfaces/rcl_interfaces/msg/detail/log__type_support.h
[8.226s] -- Up-to-date: /micro_ros_ws/firmware/mcu_ws/install/include/rcl_interfaces/rcl_interfaces/msg/detail/parameter_descriptor__functions.c
[8.229s] -- Up-to-date: /micro_ros_ws/firmware/mcu_ws/install/include/rcl_interfaces/rcl_interfaces/msg/detail/parameter_descriptor__functions.h
[8.232s] -- Up-to-date: /micro_ros_ws/firmware/mcu_ws/install/include/rcl_interfaces/rcl_interfaces/msg/detail/parameter_descriptor__struct.h
[8.234s] -- Up-to-date: /micro_ros_ws/firmware/mcu_ws/install/include/rcl_interfaces/rcl_interfaces/msg/detail/parameter_descriptor__type_support.h
[8.237s] -- Up-to-date: /micro_ros_ws/firmware/mcu_ws/install/include/rcl_interfaces/rcl_interfaces/msg/detail/parameter_event_descriptors__functions.c
[8.238s] -- Up-to-date: /micro_ros_ws/firmware/mcu_ws/install/include/rcl_interfaces/rcl_interfaces/msg/detail/parameter_event_descriptors__functions.h
[8.240s] -- Up-to-date: /micro_ros_ws/firmware/mcu_ws/install/include/rcl_interfaces/rcl_interfaces/msg/detail/parameter_event_descriptors__struct.h
[8.242s] -- Up-to-date: /micro_ros_ws/firmware/mcu_ws/install/include/rcl_interfaces/rcl_interfaces/msg/detail/parameter_event_descriptors__type_support.h
[8.244s] -- Up-to-date: /micro_ros_ws/firmware/mcu_ws/install/include/rcl_interfaces/rcl_interfaces/msg/detail/parameter_event__functions.c
[8.247s] -- Up-to-date: /micro_ros_ws/firmware/mcu_ws/install/include/rcl_interfaces/rcl_interfaces/msg/detail/parameter_event__functions.h
[8.249s] -- Up-to-date: /micro_ros_ws/firmware/mcu_ws/install/include/rcl_interfaces/rcl_interfaces/msg/detail/parameter_event__struct.h
[8.251s] -- Up-to-date: /micro_ros_ws/firmware/mcu_ws/install/include/rcl_interfaces/rcl_interfaces/msg/detail/parameter_event__type_support.h
[8.253s] -- Up-to-date: /micro_ros_ws/firmware/mcu_ws/install/include/rcl_interfaces/rcl_interfaces/msg/detail/parameter_type__functions.h
[8.256s] -- Up-to-date: /micro_ros_ws/firmware/mcu_ws/install/include/rcl_interfaces/rcl_interfaces/msg/detail/parameter_type__struct.h
[8.257s] -- Up-to-date: /micro_ros_ws/firmware/mcu_ws/install/include/rcl_interfaces/rcl_interfaces/msg/detail/parameter_type__type_support.h
[8.263s] -- Up-to-date: /micro_ros_ws/firmware/mcu_ws/install/include/rcl_interfaces/rcl_interfaces/msg/detail/parameter_value__functions.c
[8.266s] -- Up-to-date: /micro_ros_ws/firmware/mcu_ws/install/include/rcl_interfaces/rcl_interfaces/msg/detail/parameter_value__functions.h
[8.270s] -- Up-to-date: /micro_ros_ws/firmware/mcu_ws/install/include/rcl_interfaces/rcl_interfaces/msg/detail/parameter_value__struct.h
[8.273s] -- Up-to-date: /micro_ros_ws/firmware/mcu_ws/install/include/rcl_interfaces/rcl_interfaces/msg/detail/parameter_value__type_support.h
[8.278s] -- Up-to-date: /micro_ros_ws/firmware/mcu_ws/install/include/rcl_interfaces/rcl_interfaces/msg/detail/parameter__functions.c
[8.281s] -- Up-to-date: /micro_ros_ws/firmware/mcu_ws/install/include/rcl_interfaces/rcl_interfaces/msg/detail/parameter__functions.h
[8.285s] -- Up-to-date: /micro_ros_ws/firmware/mcu_ws/install/include/rcl_interfaces/rcl_interfaces/msg/detail/parameter__struct.h
[8.288s] -- Up-to-date: /micro_ros_ws/firmware/mcu_ws/install/include/rcl_interfaces/rcl_interfaces/msg/detail/parameter__type_support.h
[8.290s] -- Up-to-date: /micro_ros_ws/firmware/mcu_ws/install/include/rcl_interfaces/rcl_interfaces/msg/detail/set_parameters_result__functions.c
[8.293s] -- Up-to-date: /micro_ros_ws/firmware/mcu_ws/install/include/rcl_interfaces/rcl_interfaces/msg/detail/set_parameters_result__functions.h
[8.295s] -- Up-to-date: /micro_ros_ws/firmware/mcu_ws/install/include/rcl_interfaces/rcl_interfaces/msg/detail/set_parameters_result__struct.h
[8.297s] -- Up-to-date: /micro_ros_ws/firmware/mcu_ws/install/include/rcl_interfaces/rcl_interfaces/msg/detail/set_parameters_result__type_support.h
[8.299s] -- Up-to-date: /micro_ros_ws/firmware/mcu_ws/install/include/rcl_interfaces/rcl_interfaces/msg/floating_point_range.h
[8.301s] -- Up-to-date: /micro_ros_ws/firmware/mcu_ws/install/include/rcl_interfaces/rcl_interfaces/msg/integer_range.h
[8.304s] -- Up-to-date: /micro_ros_ws/firmware/mcu_ws/install/include/rcl_interfaces/rcl_interfaces/msg/list_parameters_result.h
[8.306s] -- Up-to-date: /micro_ros_ws/firmware/mcu_ws/install/include/rcl_interfaces/rcl_interfaces/msg/log.h
[8.308s] -- Up-to-date: /micro_ros_ws/firmware/mcu_ws/install/include/rcl_interfaces/rcl_interfaces/msg/parameter.h
[8.310s] -- Up-to-date: /micro_ros_ws/firmware/mcu_ws/install/include/rcl_interfaces/rcl_interfaces/msg/parameter_descriptor.h
[8.312s] -- Up-to-date: /micro_ros_ws/firmware/mcu_ws/install/include/rcl_interfaces/rcl_interfaces/msg/parameter_event.h
[8.314s] -- Up-to-date: /micro_ros_ws/firmware/mcu_ws/install/include/rcl_interfaces/rcl_interfaces/msg/parameter_event_descriptors.h
[8.316s] -- Up-to-date: /micro_ros_ws/firmware/mcu_ws/install/include/rcl_interfaces/rcl_interfaces/msg/parameter_type.h
[8.318s] -- Up-to-date: /micro_ros_ws/firmware/mcu_ws/install/include/rcl_interfaces/rcl_interfaces/msg/parameter_value.h
[8.319s] -- Up-to-date: /micro_ros_ws/firmware/mcu_ws/install/include/rcl_interfaces/rcl_interfaces/msg/rosidl_generator_c__visibility_control.h
[8.321s] -- Up-to-date: /micro_ros_ws/firmware/mcu_ws/install/include/rcl_interfaces/rcl_interfaces/msg/set_parameters_result.h
[8.322s] -- Up-to-date: /micro_ros_ws/firmware/mcu_ws/install/include/rcl_interfaces/rcl_interfaces/srv
[8.324s] -- Up-to-date: /micro_ros_ws/firmware/mcu_ws/install/include/rcl_interfaces/rcl_interfaces/srv/describe_parameters.h
[8.325s] -- Up-to-date: /micro_ros_ws/firmware/mcu_ws/install/include/rcl_interfaces/rcl_interfaces/srv/detail
[8.327s] -- Up-to-date: /micro_ros_ws/firmware/mcu_ws/install/include/rcl_interfaces/rcl_interfaces/srv/detail/describe_parameters__functions.c
[8.329s] -- Up-to-date: /micro_ros_ws/firmware/mcu_ws/install/include/rcl_interfaces/rcl_interfaces/srv/detail/describe_parameters__functions.h
[8.331s] -- Up-to-date: /micro_ros_ws/firmware/mcu_ws/install/include/rcl_interfaces/rcl_interfaces/srv/detail/describe_parameters__struct.h
[8.333s] -- Up-to-date: /micro_ros_ws/firmware/mcu_ws/install/include/rcl_interfaces/rcl_interfaces/srv/detail/describe_parameters__type_support.h
[8.335s] -- Up-to-date: /micro_ros_ws/firmware/mcu_ws/install/include/rcl_interfaces/rcl_interfaces/srv/detail/get_parameters__functions.c
[8.337s] -- Up-to-date: /micro_ros_ws/firmware/mcu_ws/install/include/rcl_interfaces/rcl_interfaces/srv/detail/get_parameters__functions.h
[8.339s] -- Up-to-date: /micro_ros_ws/firmware/mcu_ws/install/include/rcl_interfaces/rcl_interfaces/srv/detail/get_parameters__struct.h
[8.341s] -- Up-to-date: /micro_ros_ws/firmware/mcu_ws/install/include/rcl_interfaces/rcl_interfaces/srv/detail/get_parameters__type_support.h
[8.343s] -- Up-to-date: /micro_ros_ws/firmware/mcu_ws/install/include/rcl_interfaces/rcl_interfaces/srv/detail/get_parameter_types__functions.c
[8.345s] -- Up-to-date: /micro_ros_ws/firmware/mcu_ws/install/include/rcl_interfaces/rcl_interfaces/srv/detail/get_parameter_types__functions.h
[8.347s] -- Up-to-date: /micro_ros_ws/firmware/mcu_ws/install/include/rcl_interfaces/rcl_interfaces/srv/detail/get_parameter_types__struct.h
[8.348s] -- Up-to-date: /micro_ros_ws/firmware/mcu_ws/install/include/rcl_interfaces/rcl_interfaces/srv/detail/get_parameter_types__type_support.h
[8.350s] -- Up-to-date: /micro_ros_ws/firmware/mcu_ws/install/include/rcl_interfaces/rcl_interfaces/srv/detail/list_parameters__functions.c
[8.352s] -- Up-to-date: /micro_ros_ws/firmware/mcu_ws/install/include/rcl_interfaces/rcl_interfaces/srv/detail/list_parameters__functions.h
[8.354s] -- Up-to-date: /micro_ros_ws/firmware/mcu_ws/install/include/rcl_interfaces/rcl_interfaces/srv/detail/list_parameters__struct.h
[8.355s] -- Up-to-date: /micro_ros_ws/firmware/mcu_ws/install/include/rcl_interfaces/rcl_interfaces/srv/detail/list_parameters__type_support.h
[8.357s] -- Up-to-date: /micro_ros_ws/firmware/mcu_ws/install/include/rcl_interfaces/rcl_interfaces/srv/detail/set_parameters_atomically__functions.c
[8.359s] -- Up-to-date: /micro_ros_ws/firmware/mcu_ws/install/include/rcl_interfaces/rcl_interfaces/srv/detail/set_parameters_atomically__functions.h
[8.362s] -- Up-to-date: /micro_ros_ws/firmware/mcu_ws/install/include/rcl_interfaces/rcl_interfaces/srv/detail/set_parameters_atomically__struct.h
[8.363s] -- Up-to-date: /micro_ros_ws/firmware/mcu_ws/install/include/rcl_interfaces/rcl_interfaces/srv/detail/set_parameters_atomically__type_support.h
[8.366s] -- Up-to-date: /micro_ros_ws/firmware/mcu_ws/install/include/rcl_interfaces/rcl_interfaces/srv/detail/set_parameters__functions.c
[8.369s] -- Up-to-date: /micro_ros_ws/firmware/mcu_ws/install/include/rcl_interfaces/rcl_interfaces/srv/detail/set_parameters__functions.h
[8.373s] -- Up-to-date: /micro_ros_ws/firmware/mcu_ws/install/include/rcl_interfaces/rcl_interfaces/srv/detail/set_parameters__struct.h
[8.377s] -- Up-to-date: /micro_ros_ws/firmware/mcu_ws/install/include/rcl_interfaces/rcl_interfaces/srv/detail/set_parameters__type_support.h
[8.379s] -- Up-to-date: /micro_ros_ws/firmware/mcu_ws/install/include/rcl_interfaces/rcl_interfaces/srv/get_parameters.h
[8.381s] -- Up-to-date: /micro_ros_ws/firmware/mcu_ws/install/include/rcl_interfaces/rcl_interfaces/srv/get_parameter_types.h
[8.383s] -- Up-to-date: /micro_ros_ws/firmware/mcu_ws/install/include/rcl_interfaces/rcl_interfaces/srv/list_parameters.h
[8.384s] -- Up-to-date: /micro_ros_ws/firmware/mcu_ws/install/include/rcl_interfaces/rcl_interfaces/srv/set_parameters.h
[8.386s] -- Up-to-date: /micro_ros_ws/firmware/mcu_ws/install/include/rcl_interfaces/rcl_interfaces/srv/set_parameters_atomically.h
[8.388s] -- Up-to-date: /micro_ros_ws/firmware/mcu_ws/install/share/rcl_interfaces/environment/library_path.sh
[8.389s] -- Installing: /micro_ros_ws/firmware/mcu_ws/install/share/rcl_interfaces/environment/library_path.dsv
[8.392s] -- Up-to-date: /micro_ros_ws/firmware/mcu_ws/install/lib/librcl_interfaces__rosidl_generator_c.a
[8.393s] -- Up-to-date: /micro_ros_ws/firmware/mcu_ws/install/include/rcl_interfaces/rcl_interfaces
[8.394s] -- Up-to-date: /micro_ros_ws/firmware/mcu_ws/install/include/rcl_interfaces/rcl_interfaces/msg
[8.395s] -- Up-to-date: /micro_ros_ws/firmware/mcu_ws/install/include/rcl_interfaces/rcl_interfaces/msg/detail
[8.397s] -- Up-to-date: /micro_ros_ws/firmware/mcu_ws/install/include/rcl_interfaces/rcl_interfaces/msg/detail/floating_point_range__rosidl_typesupport_introspection_c.h
[8.398s] -- Up-to-date: /micro_ros_ws/firmware/mcu_ws/install/include/rcl_interfaces/rcl_interfaces/msg/detail/floating_point_range__type_support.c
[8.399s] -- Up-to-date: /micro_ros_ws/firmware/mcu_ws/install/include/rcl_interfaces/rcl_interfaces/msg/detail/integer_range__rosidl_typesupport_introspection_c.h
[8.401s] -- Up-to-date: /micro_ros_ws/firmware/mcu_ws/install/include/rcl_interfaces/rcl_interfaces/msg/detail/integer_range__type_support.c
[8.402s] -- Up-to-date: /micro_ros_ws/firmware/mcu_ws/install/include/rcl_interfaces/rcl_interfaces/msg/detail/list_parameters_result__rosidl_typesupport_introspection_c.h
[8.405s] -- Up-to-date: /micro_ros_ws/firmware/mcu_ws/install/include/rcl_interfaces/rcl_interfaces/msg/detail/list_parameters_result__type_support.c
[8.405s] -- Up-to-date: /micro_ros_ws/firmware/mcu_ws/install/include/rcl_interfaces/rcl_interfaces/msg/detail/log__rosidl_typesupport_introspection_c.h
[8.407s] -- Up-to-date: /micro_ros_ws/firmware/mcu_ws/install/include/rcl_interfaces/rcl_interfaces/msg/detail/log__type_support.c
[8.408s] -- Up-to-date: /micro_ros_ws/firmware/mcu_ws/install/include/rcl_interfaces/rcl_interfaces/msg/detail/parameter_descriptor__rosidl_typesupport_introspection_c.h
[8.409s] -- Up-to-date: /micro_ros_ws/firmware/mcu_ws/install/include/rcl_interfaces/rcl_interfaces/msg/detail/parameter_descriptor__type_support.c
[8.411s] -- Up-to-date: /micro_ros_ws/firmware/mcu_ws/install/include/rcl_interfaces/rcl_interfaces/msg/detail/parameter_event_descriptors__rosidl_typesupport_introspection_c.h
[8.412s] -- Up-to-date: /micro_ros_ws/firmware/mcu_ws/install/include/rcl_interfaces/rcl_interfaces/msg/detail/parameter_event_descriptors__type_support.c
[8.413s] -- Up-to-date: /micro_ros_ws/firmware/mcu_ws/install/include/rcl_interfaces/rcl_interfaces/msg/detail/parameter_event__rosidl_typesupport_introspection_c.h
[8.415s] -- Up-to-date: /micro_ros_ws/firmware/mcu_ws/install/include/rcl_interfaces/rcl_interfaces/msg/detail/parameter_event__type_support.c
[8.416s] -- Up-to-date: /micro_ros_ws/firmware/mcu_ws/install/include/rcl_interfaces/rcl_interfaces/msg/detail/parameter_type__rosidl_typesupport_introspection_c.h
[8.417s] -- Up-to-date: /micro_ros_ws/firmware/mcu_ws/install/include/rcl_interfaces/rcl_interfaces/msg/detail/parameter_type__type_support.c
[8.419s] -- Up-to-date: /micro_ros_ws/firmware/mcu_ws/install/include/rcl_interfaces/rcl_interfaces/msg/detail/parameter_value__rosidl_typesupport_introspection_c.h
[8.420s] -- Up-to-date: /micro_ros_ws/firmware/mcu_ws/install/include/rcl_interfaces/rcl_interfaces/msg/detail/parameter_value__type_support.c
[8.422s] -- Up-to-date: /micro_ros_ws/firmware/mcu_ws/install/include/rcl_interfaces/rcl_interfaces/msg/detail/parameter__rosidl_typesupport_introspection_c.h
[8.423s] -- Up-to-date: /micro_ros_ws/firmware/mcu_ws/install/include/rcl_interfaces/rcl_interfaces/msg/detail/parameter__type_support.c
[8.425s] -- Up-to-date: /micro_ros_ws/firmware/mcu_ws/install/include/rcl_interfaces/rcl_interfaces/msg/detail/set_parameters_result__rosidl_typesupport_introspection_c.h
[8.426s] -- Up-to-date: /micro_ros_ws/firmware/mcu_ws/install/include/rcl_interfaces/rcl_interfaces/msg/detail/set_parameters_result__type_support.c
[8.427s] -- Up-to-date: /micro_ros_ws/firmware/mcu_ws/install/include/rcl_interfaces/rcl_interfaces/msg/rosidl_typesupport_introspection_c__visibility_control.h
[8.429s] -- Up-to-date: /micro_ros_ws/firmware/mcu_ws/install/include/rcl_interfaces/rcl_interfaces/srv
[8.430s] -- Up-to-date: /micro_ros_ws/firmware/mcu_ws/install/include/rcl_interfaces/rcl_interfaces/srv/detail
[8.432s] -- Up-to-date: /micro_ros_ws/firmware/mcu_ws/install/include/rcl_interfaces/rcl_interfaces/srv/detail/describe_parameters__rosidl_typesupport_introspection_c.h
[8.434s] -- Up-to-date: /micro_ros_ws/firmware/mcu_ws/install/include/rcl_interfaces/rcl_interfaces/srv/detail/describe_parameters__type_support.c
[8.435s] -- Up-to-date: /micro_ros_ws/firmware/mcu_ws/install/include/rcl_interfaces/rcl_interfaces/srv/detail/get_parameters__rosidl_typesupport_introspection_c.h
[8.437s] -- Up-to-date: /micro_ros_ws/firmware/mcu_ws/install/include/rcl_interfaces/rcl_interfaces/srv/detail/get_parameters__type_support.c
[8.438s] -- Up-to-date: /micro_ros_ws/firmware/mcu_ws/install/include/rcl_interfaces/rcl_interfaces/srv/detail/get_parameter_types__rosidl_typesupport_introspection_c.h
[8.440s] -- Up-to-date: /micro_ros_ws/firmware/mcu_ws/install/include/rcl_interfaces/rcl_interfaces/srv/detail/get_parameter_types__type_support.c
[8.441s] -- Up-to-date: /micro_ros_ws/firmware/mcu_ws/install/include/rcl_interfaces/rcl_interfaces/srv/detail/list_parameters__rosidl_typesupport_introspection_c.h
[8.443s] -- Up-to-date: /micro_ros_ws/firmware/mcu_ws/install/include/rcl_interfaces/rcl_interfaces/srv/detail/list_parameters__type_support.c
[8.444s] -- Up-to-date: /micro_ros_ws/firmware/mcu_ws/install/include/rcl_interfaces/rcl_interfaces/srv/detail/set_parameters_atomically__rosidl_typesupport_introspection_c.h
[8.446s] -- Up-to-date: /micro_ros_ws/firmware/mcu_ws/install/include/rcl_interfaces/rcl_interfaces/srv/detail/set_parameters_atomically__type_support.c
[8.448s] -- Up-to-date: /micro_ros_ws/firmware/mcu_ws/install/include/rcl_interfaces/rcl_interfaces/srv/detail/set_parameters__rosidl_typesupport_introspection_c.h
[8.450s] -- Up-to-date: /micro_ros_ws/firmware/mcu_ws/install/include/rcl_interfaces/rcl_interfaces/srv/detail/set_parameters__type_support.c
[8.452s] -- Up-to-date: /micro_ros_ws/firmware/mcu_ws/install/lib/librcl_interfaces__rosidl_typesupport_introspection_c.a
[8.452s] -- Up-to-date: /micro_ros_ws/firmware/mcu_ws/install/include/rcl_interfaces/rcl_interfaces
[8.454s] -- Up-to-date: /micro_ros_ws/firmware/mcu_ws/install/include/rcl_interfaces/rcl_interfaces/msg
[8.455s] -- Up-to-date: /micro_ros_ws/firmware/mcu_ws/install/include/rcl_interfaces/rcl_interfaces/msg/detail
[8.458s] -- Up-to-date: /micro_ros_ws/firmware/mcu_ws/install/include/rcl_interfaces/rcl_interfaces/msg/detail/floating_point_range__rosidl_typesupport_microxrcedds_c.h
[8.461s] -- Up-to-date: /micro_ros_ws/firmware/mcu_ws/install/include/rcl_interfaces/rcl_interfaces/msg/detail/integer_range__rosidl_typesupport_microxrcedds_c.h
[8.463s] -- Up-to-date: /micro_ros_ws/firmware/mcu_ws/install/include/rcl_interfaces/rcl_interfaces/msg/detail/list_parameters_result__rosidl_typesupport_microxrcedds_c.h
[8.466s] -- Up-to-date: /micro_ros_ws/firmware/mcu_ws/install/include/rcl_interfaces/rcl_interfaces/msg/detail/log__rosidl_typesupport_microxrcedds_c.h
[8.469s] -- Up-to-date: /micro_ros_ws/firmware/mcu_ws/install/include/rcl_interfaces/rcl_interfaces/msg/detail/microxrcedds
[8.473s] -- Up-to-date: /micro_ros_ws/firmware/mcu_ws/install/include/rcl_interfaces/rcl_interfaces/msg/detail/parameter_descriptor__rosidl_typesupport_microxrcedds_c.h
[8.476s] -- Up-to-date: /micro_ros_ws/firmware/mcu_ws/install/include/rcl_interfaces/rcl_interfaces/msg/detail/parameter_event_descriptors__rosidl_typesupport_microxrcedds_c.h
[8.479s] -- Up-to-date: /micro_ros_ws/firmware/mcu_ws/install/include/rcl_interfaces/rcl_interfaces/msg/detail/parameter_event__rosidl_typesupport_microxrcedds_c.h
[8.480s] -- Up-to-date: /micro_ros_ws/firmware/mcu_ws/install/include/rcl_interfaces/rcl_interfaces/msg/detail/parameter_type__rosidl_typesupport_microxrcedds_c.h
[8.482s] -- Up-to-date: /micro_ros_ws/firmware/mcu_ws/install/include/rcl_interfaces/rcl_interfaces/msg/detail/parameter_value__rosidl_typesupport_microxrcedds_c.h
[8.483s] -- Up-to-date: /micro_ros_ws/firmware/mcu_ws/install/include/rcl_interfaces/rcl_interfaces/msg/detail/parameter__rosidl_typesupport_microxrcedds_c.h
[8.485s] -- Up-to-date: /micro_ros_ws/firmware/mcu_ws/install/include/rcl_interfaces/rcl_interfaces/msg/detail/set_parameters_result__rosidl_typesupport_microxrcedds_c.h
[8.487s] -- Up-to-date: /micro_ros_ws/firmware/mcu_ws/install/include/rcl_interfaces/rcl_interfaces/msg/rosidl_typesupport_microxrcedds_c__visibility_control.h
[8.489s] -- Up-to-date: /micro_ros_ws/firmware/mcu_ws/install/include/rcl_interfaces/rcl_interfaces/srv
[8.490s] -- Up-to-date: /micro_ros_ws/firmware/mcu_ws/install/include/rcl_interfaces/rcl_interfaces/srv/detail
[8.492s] -- Up-to-date: /micro_ros_ws/firmware/mcu_ws/install/include/rcl_interfaces/rcl_interfaces/srv/detail/describe_parameters__rosidl_typesupport_microxrcedds_c.h
[8.493s] -- Up-to-date: /micro_ros_ws/firmware/mcu_ws/install/include/rcl_interfaces/rcl_interfaces/srv/detail/get_parameters__rosidl_typesupport_microxrcedds_c.h
[8.495s] -- Up-to-date: /micro_ros_ws/firmware/mcu_ws/install/include/rcl_interfaces/rcl_interfaces/srv/detail/get_parameter_types__rosidl_typesupport_microxrcedds_c.h
[8.496s] -- Up-to-date: /micro_ros_ws/firmware/mcu_ws/install/include/rcl_interfaces/rcl_interfaces/srv/detail/list_parameters__rosidl_typesupport_microxrcedds_c.h
[8.498s] -- Up-to-date: /micro_ros_ws/firmware/mcu_ws/install/include/rcl_interfaces/rcl_interfaces/srv/detail/microxrcedds
[8.499s] -- Up-to-date: /micro_ros_ws/firmware/mcu_ws/install/include/rcl_interfaces/rcl_interfaces/srv/detail/set_parameters_atomically__rosidl_typesupport_microxrcedds_c.h
[8.500s] -- Up-to-date: /micro_ros_ws/firmware/mcu_ws/install/include/rcl_interfaces/rcl_interfaces/srv/detail/set_parameters__rosidl_typesupport_microxrcedds_c.h
[8.501s] -- Up-to-date: /micro_ros_ws/firmware/mcu_ws/install/lib/librcl_interfaces__rosidl_typesupport_microxrcedds_c.a
[8.502s] -- Up-to-date: /micro_ros_ws/firmware/mcu_ws/install/lib/librcl_interfaces__rosidl_typesupport_c.a
[8.504s] -- Up-to-date: /micro_ros_ws/firmware/mcu_ws/install/share/rcl_interfaces/msg/FloatingPointRange.idl
[8.506s] -- Up-to-date: /micro_ros_ws/firmware/mcu_ws/install/share/rcl_interfaces/msg/IntegerRange.idl
[8.508s] -- Up-to-date: /micro_ros_ws/firmware/mcu_ws/install/share/rcl_interfaces/msg/ListParametersResult.idl
[8.511s] -- Up-to-date: /micro_ros_ws/firmware/mcu_ws/install/share/rcl_interfaces/msg/Log.idl
[8.517s] -- Up-to-date: /micro_ros_ws/firmware/mcu_ws/install/share/rcl_interfaces/msg/ParameterDescriptor.idl
[8.521s] -- Up-to-date: /micro_ros_ws/firmware/mcu_ws/install/share/rcl_interfaces/msg/ParameterEventDescriptors.idl
[8.524s] -- Up-to-date: /micro_ros_ws/firmware/mcu_ws/install/share/rcl_interfaces/msg/ParameterEvent.idl
[8.527s] -- Up-to-date: /micro_ros_ws/firmware/mcu_ws/install/share/rcl_interfaces/msg/Parameter.idl
[8.531s] -- Up-to-date: /micro_ros_ws/firmware/mcu_ws/install/share/rcl_interfaces/msg/ParameterType.idl
[8.533s] -- Up-to-date: /micro_ros_ws/firmware/mcu_ws/install/share/rcl_interfaces/msg/ParameterValue.idl
[8.535s] -- Up-to-date: /micro_ros_ws/firmware/mcu_ws/install/share/rcl_interfaces/msg/SetParametersResult.idl
[8.537s] -- Up-to-date: /micro_ros_ws/firmware/mcu_ws/install/share/rcl_interfaces/srv/DescribeParameters.idl
[8.538s] -- Up-to-date: /micro_ros_ws/firmware/mcu_ws/install/share/rcl_interfaces/srv/GetParameters.idl
[8.540s] -- Up-to-date: /micro_ros_ws/firmware/mcu_ws/install/share/rcl_interfaces/srv/GetParameterTypes.idl
[8.541s] -- Up-to-date: /micro_ros_ws/firmware/mcu_ws/install/share/rcl_interfaces/srv/ListParameters.idl
[8.542s] -- Up-to-date: /micro_ros_ws/firmware/mcu_ws/install/share/rcl_interfaces/srv/SetParametersAtomically.idl
[8.544s] -- Up-to-date: /micro_ros_ws/firmware/mcu_ws/install/share/rcl_interfaces/srv/SetParameters.idl
[8.545s] -- Up-to-date: /micro_ros_ws/firmware/mcu_ws/install/share/rcl_interfaces/msg/FloatingPointRange.msg
[8.547s] -- Up-to-date: /micro_ros_ws/firmware/mcu_ws/install/share/rcl_interfaces/msg/IntegerRange.msg
[8.548s] -- Up-to-date: /micro_ros_ws/firmware/mcu_ws/install/share/rcl_interfaces/msg/ListParametersResult.msg
[8.549s] -- Up-to-date: /micro_ros_ws/firmware/mcu_ws/install/share/rcl_interfaces/msg/Log.msg
[8.551s] -- Up-to-date: /micro_ros_ws/firmware/mcu_ws/install/share/rcl_interfaces/msg/ParameterDescriptor.msg
[8.552s] -- Up-to-date: /micro_ros_ws/firmware/mcu_ws/install/share/rcl_interfaces/msg/ParameterEventDescriptors.msg
[8.553s] -- Up-to-date: /micro_ros_ws/firmware/mcu_ws/install/share/rcl_interfaces/msg/ParameterEvent.msg
[8.557s] -- Up-to-date: /micro_ros_ws/firmware/mcu_ws/install/share/rcl_interfaces/msg/Parameter.msg
[8.558s] -- Up-to-date: /micro_ros_ws/firmware/mcu_ws/install/share/rcl_interfaces/msg/ParameterType.msg
[8.560s] -- Up-to-date: /micro_ros_ws/firmware/mcu_ws/install/share/rcl_interfaces/msg/ParameterValue.msg
[8.562s] -- Up-to-date: /micro_ros_ws/firmware/mcu_ws/install/share/rcl_interfaces/msg/SetParametersResult.msg
[8.566s] -- Up-to-date: /micro_ros_ws/firmware/mcu_ws/install/share/rcl_interfaces/srv/DescribeParameters.srv
[8.571s] -- Up-to-date: /micro_ros_ws/firmware/mcu_ws/install/share/rcl_interfaces/srv/DescribeParameters_Request.msg
[8.573s] -- Up-to-date: /micro_ros_ws/firmware/mcu_ws/install/share/rcl_interfaces/srv/DescribeParameters_Response.msg
[8.574s] -- Up-to-date: /micro_ros_ws/firmware/mcu_ws/install/share/rcl_interfaces/srv/GetParameters.srv
[8.575s] -- Up-to-date: /micro_ros_ws/firmware/mcu_ws/install/share/rcl_interfaces/srv/GetParameters_Request.msg
[8.577s] -- Up-to-date: /micro_ros_ws/firmware/mcu_ws/install/share/rcl_interfaces/srv/GetParameters_Response.msg
[8.578s] -- Up-to-date: /micro_ros_ws/firmware/mcu_ws/install/share/rcl_interfaces/srv/GetParameterTypes.srv
[8.579s] -- Up-to-date: /micro_ros_ws/firmware/mcu_ws/install/share/rcl_interfaces/srv/GetParameterTypes_Request.msg
[8.581s] -- Up-to-date: /micro_ros_ws/firmware/mcu_ws/install/share/rcl_interfaces/srv/GetParameterTypes_Response.msg
[8.582s] -- Up-to-date: /micro_ros_ws/firmware/mcu_ws/install/share/rcl_interfaces/srv/ListParameters.srv
[8.583s] -- Up-to-date: /micro_ros_ws/firmware/mcu_ws/install/share/rcl_interfaces/srv/ListParameters_Request.msg
[8.584s] -- Up-to-date: /micro_ros_ws/firmware/mcu_ws/install/share/rcl_interfaces/srv/ListParameters_Response.msg
[8.585s] -- Up-to-date: /micro_ros_ws/firmware/mcu_ws/install/share/rcl_interfaces/srv/SetParametersAtomically.srv
[8.587s] -- Up-to-date: /micro_ros_ws/firmware/mcu_ws/install/share/rcl_interfaces/srv/SetParametersAtomically_Request.msg
[8.588s] -- Up-to-date: /micro_ros_ws/firmware/mcu_ws/install/share/rcl_interfaces/srv/SetParametersAtomically_Response.msg
[8.589s] -- Up-to-date: /micro_ros_ws/firmware/mcu_ws/install/share/rcl_interfaces/srv/SetParameters.srv
[8.590s] -- Up-to-date: /micro_ros_ws/firmware/mcu_ws/install/share/rcl_interfaces/srv/SetParameters_Request.msg
[8.591s] -- Up-to-date: /micro_ros_ws/firmware/mcu_ws/install/share/rcl_interfaces/srv/SetParameters_Response.msg
[8.592s] -- Up-to-date: /micro_ros_ws/firmware/mcu_ws/install/share/rcl_interfaces/mapping_rules.yaml
[8.594s] -- Up-to-date: /micro_ros_ws/firmware/mcu_ws/install/share/ament_index/resource_index/package_run_dependencies/rcl_interfaces
[8.596s] -- Up-to-date: /micro_ros_ws/firmware/mcu_ws/install/share/ament_index/resource_index/parent_prefix_path/rcl_interfaces
[8.598s] -- Up-to-date: /micro_ros_ws/firmware/mcu_ws/install/share/rcl_interfaces/environment/ament_prefix_path.sh
[8.599s] -- Installing: /micro_ros_ws/firmware/mcu_ws/install/share/rcl_interfaces/environment/ament_prefix_path.dsv
[8.607s] -- Up-to-date: /micro_ros_ws/firmware/mcu_ws/install/share/rcl_interfaces/environment/path.sh
[8.611s] -- Installing: /micro_ros_ws/firmware/mcu_ws/install/share/rcl_interfaces/environment/path.dsv
[8.618s] -- Up-to-date: /micro_ros_ws/firmware/mcu_ws/install/share/rcl_interfaces/local_setup.bash
[8.620s] -- Up-to-date: /micro_ros_ws/firmware/mcu_ws/install/share/rcl_interfaces/local_setup.sh
[8.621s] -- Up-to-date: /micro_ros_ws/firmware/mcu_ws/install/share/rcl_interfaces/local_setup.zsh
[8.623s] -- Installing: /micro_ros_ws/firmware/mcu_ws/install/share/rcl_interfaces/local_setup.dsv
[8.628s] -- Installing: /micro_ros_ws/firmware/mcu_ws/install/share/rcl_interfaces/package.dsv
[8.633s] -- Up-to-date: /micro_ros_ws/firmware/mcu_ws/install/share/ament_index/resource_index/packages/rcl_interfaces
[8.636s] -- Up-to-date: /micro_ros_ws/firmware/mcu_ws/install/share/rcl_interfaces/cmake/export_rcl_interfaces__rosidl_generator_cExport.cmake
[8.638s] -- Up-to-date: /micro_ros_ws/firmware/mcu_ws/install/share/rcl_interfaces/cmake/export_rcl_interfaces__rosidl_generator_cExport-debug.cmake
[8.641s] -- Up-to-date: /micro_ros_ws/firmware/mcu_ws/install/share/rcl_interfaces/cmake/rcl_interfaces__rosidl_typesupport_introspection_cExport.cmake
[8.643s] -- Up-to-date: /micro_ros_ws/firmware/mcu_ws/install/share/rcl_interfaces/cmake/rcl_interfaces__rosidl_typesupport_introspection_cExport-debug.cmake
[8.646s] -- Up-to-date: /micro_ros_ws/firmware/mcu_ws/install/share/rcl_interfaces/cmake/rcl_interfaces__rosidl_typesupport_cExport.cmake
[8.648s] -- Up-to-date: /micro_ros_ws/firmware/mcu_ws/install/share/rcl_interfaces/cmake/rcl_interfaces__rosidl_typesupport_cExport-debug.cmake
[8.650s] -- Up-to-date: /micro_ros_ws/firmware/mcu_ws/install/share/rcl_interfaces/cmake/rosidl_cmake-extras.cmake
[8.652s] -- Up-to-date: /micro_ros_ws/firmware/mcu_ws/install/share/rcl_interfaces/cmake/ament_cmake_export_dependencies-extras.cmake
[8.654s] -- Up-to-date: /micro_ros_ws/firmware/mcu_ws/install/share/rcl_interfaces/cmake/ament_cmake_export_include_directories-extras.cmake
[8.657s] -- Up-to-date: /micro_ros_ws/firmware/mcu_ws/install/share/rcl_interfaces/cmake/ament_cmake_export_libraries-extras.cmake
[8.659s] -- Up-to-date: /micro_ros_ws/firmware/mcu_ws/install/share/rcl_interfaces/cmake/ament_cmake_export_targets-extras.cmake
[8.663s] -- Up-to-date: /micro_ros_ws/firmware/mcu_ws/install/share/rcl_interfaces/cmake/rosidl_cmake_export_typesupport_targets-extras.cmake
[8.666s] -- Up-to-date: /micro_ros_ws/firmware/mcu_ws/install/share/rcl_interfaces/cmake/rosidl_cmake_export_typesupport_libraries-extras.cmake
[8.669s] -- Up-to-date: /micro_ros_ws/firmware/mcu_ws/install/share/rcl_interfaces/cmake/rosidl_cmake_aggregate_target-extras.cmake
[8.671s] -- Up-to-date: /micro_ros_ws/firmware/mcu_ws/install/share/rcl_interfaces/cmake/rcl_interfacesConfig.cmake
[8.674s] -- Up-to-date: /micro_ros_ws/firmware/mcu_ws/install/share/rcl_interfaces/cmake/rcl_interfacesConfig-version.cmake
[8.677s] -- Up-to-date: /micro_ros_ws/firmware/mcu_ws/install/share/rcl_interfaces/package.xml
[8.688s] Invoked command in '/micro_ros_ws/firmware/mcu_ws/build/rcl_interfaces' returned '0': AMENT_PREFIX_PATH=/micro_ros_ws/firmware/mcu_ws/install:${AMENT_PREFIX_PATH} CMAKE_PREFIX_PATH=/micro_ros_ws/firmware/mcu_ws/install:/micro_ros_ws/firmware/dev_ws/install/ament_lint_common:/micro_ros_ws/firmware/dev_ws/install/ament_cmake_uncrustify:/micro_ros_ws/firmware/dev_ws/install/uncrustify_vendor:/micro_ros_ws/firmware/dev_ws/install/ament_cmake_ros:/micro_ros_ws/firmware/dev_ws/install/ament_cmake_auto:/micro_ros_ws/firmware/dev_ws/install/ament_cmake_gmock:/micro_ros_ws/firmware/dev_ws/install/gmock_vendor:/micro_ros_ws/firmware/dev_ws/install/ament_cmake_gtest:/micro_ros_ws/firmware/dev_ws/install/gtest_vendor:/micro_ros_ws/firmware/dev_ws/install/ament_cmake_xmllint:/micro_ros_ws/firmware/dev_ws/install/ament_cmake_pyflakes:/micro_ros_ws/firmware/dev_ws/install/ament_cmake_pycodestyle:/micro_ros_ws/firmware/dev_ws/install/ament_cmake_pep257:/micro_ros_ws/firmware/dev_ws/install/ament_cmake_pclint:/micro_ros_ws/firmware/dev_ws/install/ament_lint_auto:/micro_ros_ws/firmware/dev_ws/install/ament_cmake:/micro_ros_ws/firmware/dev_ws/install/ament_cmake_version:/micro_ros_ws/firmware/dev_ws/install/ament_cmake_vendor_package:/micro_ros_ws/firmware/dev_ws/install/ament_cmake_pytest:/micro_ros_ws/firmware/dev_ws/install/ament_cmake_nose:/micro_ros_ws/firmware/dev_ws/install/ament_cmake_mypy:/micro_ros_ws/firmware/dev_ws/install/ament_cmake_lint_cmake:/micro_ros_ws/firmware/dev_ws/install/ament_cmake_google_benchmark:/micro_ros_ws/firmware/dev_ws/install/ament_cmake_flake8:/micro_ros_ws/firmware/dev_ws/install/ament_cmake_cpplint:/micro_ros_ws/firmware/dev_ws/install/ament_cmake_cppcheck:/micro_ros_ws/firmware/dev_ws/install/ament_cmake_copyright:/micro_ros_ws/firmware/dev_ws/install/ament_cmake_clang_tidy:/micro_ros_ws/firmware/dev_ws/install/ament_cmake_clang_format:/micro_ros_ws/firmware/dev_ws/install/ament_cmake_test:/micro_ros_ws/firmware/dev_ws/install/ament_cmake_target_dependencies:/micro_ros_ws/firmware/dev_ws/install/ament_cmake_python:/micro_ros_ws/firmware/dev_ws/install/ament_cmake_export_dependencies:/micro_ros_ws/firmware/dev_ws/install/ament_cmake_libraries:/micro_ros_ws/firmware/dev_ws/install/ament_cmake_include_directories:/micro_ros_ws/firmware/dev_ws/install/ament_cmake_gen_version_h:/micro_ros_ws/firmware/dev_ws/install/ament_cmake_export_targets:/micro_ros_ws/firmware/dev_ws/install/ament_cmake_export_link_flags:/micro_ros_ws/firmware/dev_ws/install/ament_cmake_export_interfaces:/micro_ros_ws/firmware/dev_ws/install/ament_cmake_export_libraries:/micro_ros_ws/firmware/dev_ws/install/ament_cmake_export_include_directories:/micro_ros_ws/firmware/dev_ws/install/ament_cmake_export_definitions:/micro_ros_ws/firmware/dev_ws/install/ament_cmake_core:/micro_ros_ws/firmware/dev_ws/install/ament_index_cpp:/micro_ros_ws/firmware/dev_ws/install/ament_uncrustify:/micro_ros_ws/firmware/dev_ws/install/domain_coordinator:/micro_ros_ws/firmware/dev_ws/install/ament_xmllint:/micro_ros_ws/firmware/dev_ws/install/ament_pyflakes:/micro_ros_ws/firmware/dev_ws/install/ament_pycodestyle:/micro_ros_ws/firmware/dev_ws/install/ament_pep257:/micro_ros_ws/firmware/dev_ws/install/ament_pclint:/micro_ros_ws/firmware/dev_ws/install/ament_package:/micro_ros_ws/firmware/dev_ws/install/ament_mypy:/micro_ros_ws/firmware/dev_ws/install/ament_lint_cmake:/micro_ros_ws/firmware/dev_ws/install/ament_flake8:/micro_ros_ws/firmware/dev_ws/install/ament_copyright:/micro_ros_ws/firmware/dev_ws/install/ament_lint:/micro_ros_ws/firmware/dev_ws/install/ament_index_python:/micro_ros_ws/firmware/dev_ws/install/ament_cpplint:/micro_ros_ws/firmware/dev_ws/install/ament_cppcheck:/micro_ros_ws/firmware/dev_ws/install/ament_clang_tidy:/micro_ros_ws/firmware/dev_ws/install/ament_clang_format LD_LIBRARY_PATH=/micro_ros_ws/firmware/mcu_ws/install/lib:${LD_LIBRARY_PATH} PATH=/micro_ros_ws/firmware/mcu_ws/install/bin:${PATH} PYTHONPATH=/micro_ros_ws/firmware/mcu_ws/install/lib/python3.10/site-packages:${PYTHONPATH} /usr/bin/cmake --install /micro_ros_ws/firmware/mcu_ws/build/rcl_interfaces
