[0.769s] Invoking command in '/micro_ros_ws/wall_e_ws/src/control': AMENT_PREFIX_PATH=/micro_ros_ws/wall_e_ws/install/custom_interfaces:${AMENT_PREFIX_PATH} CMAKE_PREFIX_PATH=/micro_ros_ws/wall_e_ws/install/custom_interfaces LD_LIBRARY_PATH=/micro_ros_ws/wall_e_ws/install/custom_interfaces/lib:${LD_LIBRARY_PATH} PYTHONPATH=/micro_ros_ws/wall_e_ws/build/control/prefix_override:/usr/lib/python3/dist-packages/colcon_core/task/python/colcon_distutils_commands:/micro_ros_ws/wall_e_ws/install/control/lib/python3.10/site-packages:/micro_ros_ws/wall_e_ws/install/custom_interfaces/local/lib/python3.10/dist-packages:${PYTHONPATH} /usr/bin/python3 -W ignore:setup.py install is deprecated -W ignore:easy_install command is deprecated setup.py egg_info --egg-base ../../build/control build --build-base /micro_ros_ws/wall_e_ws/build/control/build install --record /micro_ros_ws/wall_e_ws/build/control/install.log --single-version-externally-managed install_data
[1.006s] running egg_info
[1.007s] creating ../../build/control/control.egg-info
[1.007s] writing ../../build/control/control.egg-info/PKG-INFO
[1.008s] writing dependency_links to ../../build/control/control.egg-info/dependency_links.txt
[1.009s] writing entry points to ../../build/control/control.egg-info/entry_points.txt
[1.009s] writing requirements to ../../build/control/control.egg-info/requires.txt
[1.010s] writing top-level names to ../../build/control/control.egg-info/top_level.txt
[1.011s] writing manifest file '../../build/control/control.egg-info/SOURCES.txt'
[1.016s] reading manifest file '../../build/control/control.egg-info/SOURCES.txt'
[1.017s] adding license file 'LICENSE'
[1.019s] writing manifest file '../../build/control/control.egg-info/SOURCES.txt'
[1.019s] running build
[1.020s] running build_py
[1.020s] creating /micro_ros_ws/wall_e_ws/build/control/build
[1.020s] creating /micro_ros_ws/wall_e_ws/build/control/build/lib
[1.020s] creating /micro_ros_ws/wall_e_ws/build/control/build/lib/control
[1.021s] copying control/gamepad.py -> /micro_ros_ws/wall_e_ws/build/control/build/lib/control
[1.021s] copying control/robot_control.py -> /micro_ros_ws/wall_e_ws/build/control/build/lib/control
[1.022s] copying control/__init__.py -> /micro_ros_ws/wall_e_ws/build/control/build/lib/control
[1.022s] running install
[1.023s] running install_lib
[1.025s] creating /micro_ros_ws/wall_e_ws/install/control/lib/python3.10/site-packages/control
[1.025s] copying /micro_ros_ws/wall_e_ws/build/control/build/lib/control/gamepad.py -> /micro_ros_ws/wall_e_ws/install/control/lib/python3.10/site-packages/control
[1.026s] copying /micro_ros_ws/wall_e_ws/build/control/build/lib/control/robot_control.py -> /micro_ros_ws/wall_e_ws/install/control/lib/python3.10/site-packages/control
[1.028s] copying /micro_ros_ws/wall_e_ws/build/control/build/lib/control/__init__.py -> /micro_ros_ws/wall_e_ws/install/control/lib/python3.10/site-packages/control
[1.030s] byte-compiling /micro_ros_ws/wall_e_ws/install/control/lib/python3.10/site-packages/control/gamepad.py to gamepad.cpython-310.pyc
[1.033s] byte-compiling /micro_ros_ws/wall_e_ws/install/control/lib/python3.10/site-packages/control/robot_control.py to robot_control.cpython-310.pyc
[1.039s] byte-compiling /micro_ros_ws/wall_e_ws/install/control/lib/python3.10/site-packages/control/__init__.py to __init__.cpython-310.pyc
[1.040s] running install_data
[1.040s] creating /micro_ros_ws/wall_e_ws/install/control/share/ament_index
[1.041s] creating /micro_ros_ws/wall_e_ws/install/control/share/ament_index/resource_index
[1.041s] creating /micro_ros_ws/wall_e_ws/install/control/share/ament_index/resource_index/packages
[1.041s] copying resource/control -> /micro_ros_ws/wall_e_ws/install/control/share/ament_index/resource_index/packages
[1.043s] copying package.xml -> /micro_ros_ws/wall_e_ws/install/control/share/control
[1.044s] running install_egg_info
[1.048s] Copying ../../build/control/control.egg-info to /micro_ros_ws/wall_e_ws/install/control/lib/python3.10/site-packages/control-0.0.0-py3.10.egg-info
[1.058s] running install_scripts
[1.084s] Installing gamepad_node script to /micro_ros_ws/wall_e_ws/install/control/lib/control
[1.084s] Installing robot_control_node script to /micro_ros_ws/wall_e_ws/install/control/lib/control
[1.085s] writing list of installed files to '/micro_ros_ws/wall_e_ws/build/control/install.log'
[1.111s] Invoked command in '/micro_ros_ws/wall_e_ws/src/control' returned '0': AMENT_PREFIX_PATH=/micro_ros_ws/wall_e_ws/install/custom_interfaces:${AMENT_PREFIX_PATH} CMAKE_PREFIX_PATH=/micro_ros_ws/wall_e_ws/install/custom_interfaces LD_LIBRARY_PATH=/micro_ros_ws/wall_e_ws/install/custom_interfaces/lib:${LD_LIBRARY_PATH} PYTHONPATH=/micro_ros_ws/wall_e_ws/build/control/prefix_override:/usr/lib/python3/dist-packages/colcon_core/task/python/colcon_distutils_commands:/micro_ros_ws/wall_e_ws/install/control/lib/python3.10/site-packages:/micro_ros_ws/wall_e_ws/install/custom_interfaces/local/lib/python3.10/dist-packages:${PYTHONPATH} /usr/bin/python3 -W ignore:setup.py install is deprecated -W ignore:easy_install command is deprecated setup.py egg_info --egg-base ../../build/control build --build-base /micro_ros_ws/wall_e_ws/build/control/build install --record /micro_ros_ws/wall_e_ws/build/control/install.log --single-version-externally-managed install_data
