gmake[4]: Entering directory '/micro_ros_ws/firmware/mcu_ws/build/libyaml_vendor'
/usr/bin/cmake -S/micro_ros_ws/firmware/mcu_ws/ros2/libyaml_vendor -B/micro_ros_ws/firmware/mcu_ws/build/libyaml_vendor --check-build-system CMakeFiles/Makefile.cmake 0
Re-run cmake file: Makefile older than: /micro_ros_ws/firmware/freertos_apps/microros_esp32_extensions/esp32_toolchain.cmake
-- Found ament_cmake: 1.3.14 (/micro_ros_ws/firmware/dev_ws/install/ament_cmake/share/ament_cmake/cmake)
-- Configuring done
-- Generating done
-- Build files have been written to: /micro_ros_ws/firmware/mcu_ws/build/libyaml_vendor
/usr/bin/cmake -E cmake_progress_start /micro_ros_ws/firmware/mcu_ws/build/libyaml_vendor/CMakeFiles /micro_ros_ws/firmware/mcu_ws/build/libyaml_vendor//CMakeFiles/progress.marks
/usr/bin/gmake  -f CMakeFiles/Makefile2 all
gmake[5]: Entering directory '/micro_ros_ws/firmware/mcu_ws/build/libyaml_vendor'
/usr/bin/gmake  -f CMakeFiles/libyaml-0.2.5.dir/build.make CMakeFiles/libyaml-0.2.5.dir/depend
gmake[6]: Entering directory '/micro_ros_ws/firmware/mcu_ws/build/libyaml_vendor'
cd /micro_ros_ws/firmware/mcu_ws/build/libyaml_vendor && /usr/bin/cmake -E cmake_depends "Unix Makefiles" /micro_ros_ws/firmware/mcu_ws/ros2/libyaml_vendor /micro_ros_ws/firmware/mcu_ws/ros2/libyaml_vendor /micro_ros_ws/firmware/mcu_ws/build/libyaml_vendor /micro_ros_ws/firmware/mcu_ws/build/libyaml_vendor /micro_ros_ws/firmware/mcu_ws/build/libyaml_vendor/CMakeFiles/libyaml-0.2.5.dir/DependInfo.cmake --color=
gmake[6]: Leaving directory '/micro_ros_ws/firmware/mcu_ws/build/libyaml_vendor'
/usr/bin/gmake  -f CMakeFiles/libyaml-0.2.5.dir/build.make CMakeFiles/libyaml-0.2.5.dir/build
gmake[6]: Entering directory '/micro_ros_ws/firmware/mcu_ws/build/libyaml_vendor'
gmake[6]: Nothing to be done for 'CMakeFiles/libyaml-0.2.5.dir/build'.
gmake[6]: Leaving directory '/micro_ros_ws/firmware/mcu_ws/build/libyaml_vendor'
[100%] Built target libyaml-0.2.5
gmake[5]: Leaving directory '/micro_ros_ws/firmware/mcu_ws/build/libyaml_vendor'
/usr/bin/cmake -E cmake_progress_start /micro_ros_ws/firmware/mcu_ws/build/libyaml_vendor/CMakeFiles 0
gmake[4]: Leaving directory '/micro_ros_ws/firmware/mcu_ws/build/libyaml_vendor'
-- Install configuration: "Debug"
-- Up-to-date: /micro_ros_ws/firmware/mcu_ws/install
-- Up-to-date: /micro_ros_ws/firmware/mcu_ws/install/cmake
-- Up-to-date: /micro_ros_ws/firmware/mcu_ws/install/cmake/yamlConfig.cmake
-- Up-to-date: /micro_ros_ws/firmware/mcu_ws/install/cmake/yamlConfigVersion.cmake
-- Up-to-date: /micro_ros_ws/firmware/mcu_ws/install/cmake/yamlTargets-debug.cmake
-- Up-to-date: /micro_ros_ws/firmware/mcu_ws/install/cmake/yamlTargets.cmake
-- Up-to-date: /micro_ros_ws/firmware/mcu_ws/install/include
-- Up-to-date: /micro_ros_ws/firmware/mcu_ws/install/include/libyaml_vendor
-- Up-to-date: /micro_ros_ws/firmware/mcu_ws/install/include/libyaml_vendor/yaml.h
-- Up-to-date: /micro_ros_ws/firmware/mcu_ws/install/lib
-- Up-to-date: /micro_ros_ws/firmware/mcu_ws/install/lib/libyaml.a
-- Up-to-date: /micro_ros_ws/firmware/mcu_ws/install/share/libyaml_vendor/environment/library_path.sh
-- Installing: /micro_ros_ws/firmware/mcu_ws/install/share/libyaml_vendor/environment/library_path.dsv
-- Up-to-date: /micro_ros_ws/firmware/mcu_ws/install/share/ament_index/resource_index/package_run_dependencies/libyaml_vendor
-- Up-to-date: /micro_ros_ws/firmware/mcu_ws/install/share/ament_index/resource_index/parent_prefix_path/libyaml_vendor
-- Up-to-date: /micro_ros_ws/firmware/mcu_ws/install/share/libyaml_vendor/environment/ament_prefix_path.sh
-- Installing: /micro_ros_ws/firmware/mcu_ws/install/share/libyaml_vendor/environment/ament_prefix_path.dsv
-- Up-to-date: /micro_ros_ws/firmware/mcu_ws/install/share/libyaml_vendor/environment/path.sh
-- Installing: /micro_ros_ws/firmware/mcu_ws/install/share/libyaml_vendor/environment/path.dsv
-- Up-to-date: /micro_ros_ws/firmware/mcu_ws/install/share/libyaml_vendor/local_setup.bash
-- Up-to-date: /micro_ros_ws/firmware/mcu_ws/install/share/libyaml_vendor/local_setup.sh
-- Up-to-date: /micro_ros_ws/firmware/mcu_ws/install/share/libyaml_vendor/local_setup.zsh
-- Installing: /micro_ros_ws/firmware/mcu_ws/install/share/libyaml_vendor/local_setup.dsv
-- Installing: /micro_ros_ws/firmware/mcu_ws/install/share/libyaml_vendor/package.dsv
-- Up-to-date: /micro_ros_ws/firmware/mcu_ws/install/share/ament_index/resource_index/packages/libyaml_vendor
-- Up-to-date: /micro_ros_ws/firmware/mcu_ws/install/share/libyaml_vendor/cmake/libyaml_vendor-extras.cmake
-- Up-to-date: /micro_ros_ws/firmware/mcu_ws/install/share/libyaml_vendor/cmake/ament_cmake_export_libraries-extras.cmake
-- Up-to-date: /micro_ros_ws/firmware/mcu_ws/install/share/libyaml_vendor/cmake/ament_cmake_export_dependencies-extras.cmake
-- Up-to-date: /micro_ros_ws/firmware/mcu_ws/install/share/libyaml_vendor/cmake/libyaml_vendorConfig.cmake
-- Up-to-date: /micro_ros_ws/firmware/mcu_ws/install/share/libyaml_vendor/cmake/libyaml_vendorConfig-version.cmake
-- Up-to-date: /micro_ros_ws/firmware/mcu_ws/install/share/libyaml_vendor/package.xml
