running egg_info
creating ../../build/feedback/feedback.egg-info
writing ../../build/feedback/feedback.egg-info/PKG-INFO
writing dependency_links to ../../build/feedback/feedback.egg-info/dependency_links.txt
writing entry points to ../../build/feedback/feedback.egg-info/entry_points.txt
writing requirements to ../../build/feedback/feedback.egg-info/requires.txt
writing top-level names to ../../build/feedback/feedback.egg-info/top_level.txt
writing manifest file '../../build/feedback/feedback.egg-info/SOURCES.txt'
reading manifest file '../../build/feedback/feedback.egg-info/SOURCES.txt'
adding license file 'LICENSE'
writing manifest file '../../build/feedback/feedback.egg-info/SOURCES.txt'
running build
running build_py
creating /micro_ros_ws/wall_e_ws/build/feedback/build
creating /micro_ros_ws/wall_e_ws/build/feedback/build/lib
creating /micro_ros_ws/wall_e_ws/build/feedback/build/lib/feedback
copying feedback/imu_filter.py -> /micro_ros_ws/wall_e_ws/build/feedback/build/lib/feedback
copying feedback/range_filter.py -> /micro_ros_ws/wall_e_ws/build/feedback/build/lib/feedback
copying feedback/sensor_fusion.py -> /micro_ros_ws/wall_e_ws/build/feedback/build/lib/feedback
copying feedback/__init__.py -> /micro_ros_ws/wall_e_ws/build/feedback/build/lib/feedback
running install
running install_lib
creating /micro_ros_ws/wall_e_ws/install/feedback/lib/python3.10/site-packages/feedback
copying /micro_ros_ws/wall_e_ws/build/feedback/build/lib/feedback/imu_filter.py -> /micro_ros_ws/wall_e_ws/install/feedback/lib/python3.10/site-packages/feedback
copying /micro_ros_ws/wall_e_ws/build/feedback/build/lib/feedback/range_filter.py -> /micro_ros_ws/wall_e_ws/install/feedback/lib/python3.10/site-packages/feedback
copying /micro_ros_ws/wall_e_ws/build/feedback/build/lib/feedback/sensor_fusion.py -> /micro_ros_ws/wall_e_ws/install/feedback/lib/python3.10/site-packages/feedback
copying /micro_ros_ws/wall_e_ws/build/feedback/build/lib/feedback/__init__.py -> /micro_ros_ws/wall_e_ws/install/feedback/lib/python3.10/site-packages/feedback
byte-compiling /micro_ros_ws/wall_e_ws/install/feedback/lib/python3.10/site-packages/feedback/imu_filter.py to imu_filter.cpython-310.pyc
byte-compiling /micro_ros_ws/wall_e_ws/install/feedback/lib/python3.10/site-packages/feedback/range_filter.py to range_filter.cpython-310.pyc
byte-compiling /micro_ros_ws/wall_e_ws/install/feedback/lib/python3.10/site-packages/feedback/sensor_fusion.py to sensor_fusion.cpython-310.pyc
byte-compiling /micro_ros_ws/wall_e_ws/install/feedback/lib/python3.10/site-packages/feedback/__init__.py to __init__.cpython-310.pyc
running install_data
creating /micro_ros_ws/wall_e_ws/install/feedback/share/ament_index
creating /micro_ros_ws/wall_e_ws/install/feedback/share/ament_index/resource_index
creating /micro_ros_ws/wall_e_ws/install/feedback/share/ament_index/resource_index/packages
copying resource/feedback -> /micro_ros_ws/wall_e_ws/install/feedback/share/ament_index/resource_index/packages
copying package.xml -> /micro_ros_ws/wall_e_ws/install/feedback/share/feedback
running install_egg_info
Copying ../../build/feedback/feedback.egg-info to /micro_ros_ws/wall_e_ws/install/feedback/lib/python3.10/site-packages/feedback-0.0.0-py3.10.egg-info
running install_scripts
Installing imu_filter_node script to /micro_ros_ws/wall_e_ws/install/feedback/lib/feedback
Installing range_filter_node script to /micro_ros_ws/wall_e_ws/install/feedback/lib/feedback
Installing sensor_fusion_node script to /micro_ros_ws/wall_e_ws/install/feedback/lib/feedback
writing list of installed files to '/micro_ros_ws/wall_e_ws/build/feedback/install.log'
