running egg_info
writing ../../../build/rosidl_cli/rosidl_cli.egg-info/PKG-INFO
writing dependency_links to ../../../build/rosidl_cli/rosidl_cli.egg-info/dependency_links.txt
writing entry points to ../../../build/rosidl_cli/rosidl_cli.egg-info/entry_points.txt
writing requirements to ../../../build/rosidl_cli/rosidl_cli.egg-info/requires.txt
writing top-level names to ../../../build/rosidl_cli/rosidl_cli.egg-info/top_level.txt
reading manifest file '../../../build/rosidl_cli/rosidl_cli.egg-info/SOURCES.txt'
writing manifest file '../../../build/rosidl_cli/rosidl_cli.egg-info/SOURCES.txt'
running build
running build_py
copying rosidl_cli/cli.py -> /micro_ros_ws/firmware/mcu_ws/build/rosidl_cli/build/lib/rosidl_cli
copying rosidl_cli/common.py -> /micro_ros_ws/firmware/mcu_ws/build/rosidl_cli/build/lib/rosidl_cli
copying rosidl_cli/entry_points.py -> /micro_ros_ws/firmware/mcu_ws/build/rosidl_cli/build/lib/rosidl_cli
copying rosidl_cli/extensions.py -> /micro_ros_ws/firmware/mcu_ws/build/rosidl_cli/build/lib/rosidl_cli
copying rosidl_cli/__init__.py -> /micro_ros_ws/firmware/mcu_ws/build/rosidl_cli/build/lib/rosidl_cli
copying rosidl_cli/command/helpers.py -> /micro_ros_ws/firmware/mcu_ws/build/rosidl_cli/build/lib/rosidl_cli/command
copying rosidl_cli/command/__init__.py -> /micro_ros_ws/firmware/mcu_ws/build/rosidl_cli/build/lib/rosidl_cli/command
copying rosidl_cli/command/generate/api.py -> /micro_ros_ws/firmware/mcu_ws/build/rosidl_cli/build/lib/rosidl_cli/command/generate
copying rosidl_cli/command/generate/extensions.py -> /micro_ros_ws/firmware/mcu_ws/build/rosidl_cli/build/lib/rosidl_cli/command/generate
copying rosidl_cli/command/generate/__init__.py -> /micro_ros_ws/firmware/mcu_ws/build/rosidl_cli/build/lib/rosidl_cli/command/generate
copying rosidl_cli/command/translate/api.py -> /micro_ros_ws/firmware/mcu_ws/build/rosidl_cli/build/lib/rosidl_cli/command/translate
copying rosidl_cli/command/translate/extensions.py -> /micro_ros_ws/firmware/mcu_ws/build/rosidl_cli/build/lib/rosidl_cli/command/translate
copying rosidl_cli/command/translate/__init__.py -> /micro_ros_ws/firmware/mcu_ws/build/rosidl_cli/build/lib/rosidl_cli/command/translate
running install
running install_lib
running install_data
copying resource/rosidl_cli -> /micro_ros_ws/firmware/mcu_ws/install/share/ament_index/resource_index/packages
copying package.xml -> /micro_ros_ws/firmware/mcu_ws/install/share/rosidl_cli
copying completion/rosidl-argcomplete.bash -> /micro_ros_ws/firmware/mcu_ws/install/share/rosidl_cli/environment
copying completion/rosidl-argcomplete.zsh -> /micro_ros_ws/firmware/mcu_ws/install/share/rosidl_cli/environment
running install_egg_info
removing '/micro_ros_ws/firmware/mcu_ws/install/lib/python3.10/site-packages/rosidl_cli-3.1.8-py3.10.egg-info' (and everything under it)
Copying ../../../build/rosidl_cli/rosidl_cli.egg-info to /micro_ros_ws/firmware/mcu_ws/install/lib/python3.10/site-packages/rosidl_cli-3.1.8-py3.10.egg-info
running install_scripts
Installing rosidl script to /micro_ros_ws/firmware/mcu_ws/install/bin
writing list of installed files to '/micro_ros_ws/firmware/mcu_ws/build/rosidl_cli/install.log'
