[14.676s] Invoking command in '/micro_ros_ws/firmware/mcu_ws/ros2/rosidl/rosidl_cli': PYTHONPATH=/micro_ros_ws/firmware/mcu_ws/build/rosidl_cli/prefix_override:/micro_ros_ws/firmware/toolchain/espressif/python_env/idf4.1_py3.10_env/lib/python3.10/site-packages/colcon_core/task/python/colcon_distutils_commands:/micro_ros_ws/firmware/mcu_ws/install/lib/python3.10/site-packages:${PYTHONPATH} /micro_ros_ws/firmware/toolchain/espressif/python_env/idf4.1_py3.10_env/bin/python -W ignore:setup.py install is deprecated -W ignore:easy_install command is deprecated setup.py egg_info --egg-base ../../../build/rosidl_cli build --build-base /micro_ros_ws/firmware/mcu_ws/build/rosidl_cli/build install --record /micro_ros_ws/firmware/mcu_ws/build/rosidl_cli/install.log --single-version-externally-managed install_data
[16.637s] running egg_info
[16.728s] writing ../../../build/rosidl_cli/rosidl_cli.egg-info/PKG-INFO
[16.731s] writing dependency_links to ../../../build/rosidl_cli/rosidl_cli.egg-info/dependency_links.txt
[16.732s] writing entry points to ../../../build/rosidl_cli/rosidl_cli.egg-info/entry_points.txt
[16.733s] writing requirements to ../../../build/rosidl_cli/rosidl_cli.egg-info/requires.txt
[16.734s] writing top-level names to ../../../build/rosidl_cli/rosidl_cli.egg-info/top_level.txt
[16.881s] reading manifest file '../../../build/rosidl_cli/rosidl_cli.egg-info/SOURCES.txt'
[16.912s] writing manifest file '../../../build/rosidl_cli/rosidl_cli.egg-info/SOURCES.txt'
[16.914s] running build
[16.915s] running build_py
[16.917s] copying rosidl_cli/cli.py -> /micro_ros_ws/firmware/mcu_ws/build/rosidl_cli/build/lib/rosidl_cli
[16.924s] copying rosidl_cli/common.py -> /micro_ros_ws/firmware/mcu_ws/build/rosidl_cli/build/lib/rosidl_cli
[16.931s] copying rosidl_cli/entry_points.py -> /micro_ros_ws/firmware/mcu_ws/build/rosidl_cli/build/lib/rosidl_cli
[16.935s] copying rosidl_cli/extensions.py -> /micro_ros_ws/firmware/mcu_ws/build/rosidl_cli/build/lib/rosidl_cli
[16.939s] copying rosidl_cli/__init__.py -> /micro_ros_ws/firmware/mcu_ws/build/rosidl_cli/build/lib/rosidl_cli
[16.944s] copying rosidl_cli/command/helpers.py -> /micro_ros_ws/firmware/mcu_ws/build/rosidl_cli/build/lib/rosidl_cli/command
[16.949s] copying rosidl_cli/command/__init__.py -> /micro_ros_ws/firmware/mcu_ws/build/rosidl_cli/build/lib/rosidl_cli/command
[16.956s] copying rosidl_cli/command/generate/api.py -> /micro_ros_ws/firmware/mcu_ws/build/rosidl_cli/build/lib/rosidl_cli/command/generate
[16.960s] copying rosidl_cli/command/generate/extensions.py -> /micro_ros_ws/firmware/mcu_ws/build/rosidl_cli/build/lib/rosidl_cli/command/generate
[16.965s] copying rosidl_cli/command/generate/__init__.py -> /micro_ros_ws/firmware/mcu_ws/build/rosidl_cli/build/lib/rosidl_cli/command/generate
[16.971s] copying rosidl_cli/command/translate/api.py -> /micro_ros_ws/firmware/mcu_ws/build/rosidl_cli/build/lib/rosidl_cli/command/translate
[16.976s] copying rosidl_cli/command/translate/extensions.py -> /micro_ros_ws/firmware/mcu_ws/build/rosidl_cli/build/lib/rosidl_cli/command/translate
[16.981s] copying rosidl_cli/command/translate/__init__.py -> /micro_ros_ws/firmware/mcu_ws/build/rosidl_cli/build/lib/rosidl_cli/command/translate
[16.989s] running install
[16.992s] running install_lib
[17.151s] running install_data
[17.153s] copying resource/rosidl_cli -> /micro_ros_ws/firmware/mcu_ws/install/share/ament_index/resource_index/packages
[17.157s] copying package.xml -> /micro_ros_ws/firmware/mcu_ws/install/share/rosidl_cli
[17.161s] copying completion/rosidl-argcomplete.bash -> /micro_ros_ws/firmware/mcu_ws/install/share/rosidl_cli/environment
[17.164s] copying completion/rosidl-argcomplete.zsh -> /micro_ros_ws/firmware/mcu_ws/install/share/rosidl_cli/environment
[17.165s] running install_egg_info
[17.248s] removing '/micro_ros_ws/firmware/mcu_ws/install/lib/python3.10/site-packages/rosidl_cli-3.1.8-py3.10.egg-info' (and everything under it)
[17.253s] Copying ../../../build/rosidl_cli/rosidl_cli.egg-info to /micro_ros_ws/firmware/mcu_ws/install/lib/python3.10/site-packages/rosidl_cli-3.1.8-py3.10.egg-info
[17.281s] running install_scripts
[17.937s] Installing rosidl script to /micro_ros_ws/firmware/mcu_ws/install/bin
[17.940s] writing list of installed files to '/micro_ros_ws/firmware/mcu_ws/build/rosidl_cli/install.log'
[18.185s] Invoked command in '/micro_ros_ws/firmware/mcu_ws/ros2/rosidl/rosidl_cli' returned '0': PYTHONPATH=/micro_ros_ws/firmware/mcu_ws/build/rosidl_cli/prefix_override:/micro_ros_ws/firmware/toolchain/espressif/python_env/idf4.1_py3.10_env/lib/python3.10/site-packages/colcon_core/task/python/colcon_distutils_commands:/micro_ros_ws/firmware/mcu_ws/install/lib/python3.10/site-packages:${PYTHONPATH} /micro_ros_ws/firmware/toolchain/espressif/python_env/idf4.1_py3.10_env/bin/python -W ignore:setup.py install is deprecated -W ignore:easy_install command is deprecated setup.py egg_info --egg-base ../../../build/rosidl_cli build --build-base /micro_ros_ws/firmware/mcu_ws/build/rosidl_cli/build install --record /micro_ros_ws/firmware/mcu_ws/build/rosidl_cli/install.log --single-version-externally-managed install_data
