[0.000000] (-) TimerEvent: {}
[0.000402] (custom_interfaces) JobQueued: {'identifier': 'custom_interfaces', 'dependencies': OrderedDict()}
[0.000656] (feedback) JobQueued: {'identifier': 'feedback', 'dependencies': OrderedDict()}
[0.000718] (localization) JobQueued: {'identifier': 'localization', 'dependencies': OrderedDict()}
[0.000791] (wall_e_description) JobQueued: {'identifier': 'wall_e_description', 'dependencies': OrderedDict()}
[0.000863] (control) JobQueued: {'identifier': 'control', 'dependencies': OrderedDict([('custom_interfaces', '/micro_ros_ws/wall_e_ws/install/custom_interfaces')])}
[0.000908] (custom_interfaces) JobStarted: {'identifier': 'custom_interfaces'}
[0.012255] (feedback) JobStarted: {'identifier': 'feedback'}
[0.018104] (localization) JobStarted: {'identifier': 'localization'}
[0.023054] (wall_e_description) JobStarted: {'identifier': 'wall_e_description'}
[0.027500] (custom_interfaces) JobProgress: {'identifier': 'custom_interfaces', 'progress': 'cmake'}
[0.028608] (custom_interfaces) JobProgress: {'identifier': 'custom_interfaces', 'progress': 'build'}
[0.029294] (custom_interfaces) Command: {'cmd': ['/usr/bin/cmake', '--build', '/micro_ros_ws/wall_e_ws/build/custom_interfaces', '--', '-j12', '-l12'], 'cwd': '/micro_ros_ws/wall_e_ws/build/custom_interfaces', 'env': OrderedDict([('HOSTNAME', '1f39bf4e130b'), ('SHLVL', '0'), ('LD_LIBRARY_PATH', '/opt/ros/humble/lib/x86_64-linux-gnu:/opt/ros/humble/lib'), ('HOME', '/root'), ('OLDPWD', '/micro_ros_ws'), ('ROS_PYTHON_VERSION', '3'), ('ROS_DISTRO', 'humble'), ('_', '/usr/bin/colcon'), ('ROS_VERSION', '2'), ('TERM', 'xterm'), ('ROS_LOCALHOST_ONLY', '0'), ('PATH', '/opt/ros/humble/bin:/usr/local/sbin:/usr/local/bin:/usr/sbin:/usr/bin:/sbin:/bin'), ('LANG', 'C.UTF-8'), ('AMENT_PREFIX_PATH', '/opt/ros/humble'), ('PWD', '/micro_ros_ws/wall_e_ws/build/custom_interfaces'), ('LC_ALL', 'C.UTF-8'), ('PYTHONPATH', '/opt/ros/humble/lib/python3.10/site-packages:/opt/ros/humble/local/lib/python3.10/dist-packages'), ('COLCON', '1'), ('CMAKE_PREFIX_PATH', '/opt/ros/humble')]), 'shell': False}
[0.099393] (-) TimerEvent: {}
[0.199871] (-) TimerEvent: {}
[0.300305] (-) TimerEvent: {}
[0.401523] (-) TimerEvent: {}
[0.502472] (-) TimerEvent: {}
[0.603111] (-) TimerEvent: {}
[0.664935] (custom_interfaces) StdoutLine: {'line': b'\x1b[35m\x1b[1mConsolidate compiler generated dependencies of target custom_interfaces__rosidl_generator_c\x1b[0m\n'}
[0.666579] (custom_interfaces) StdoutLine: {'line': b'[  3%] Built target custom_interfaces__rs\n'}
[0.667587] (custom_interfaces) StdoutLine: {'line': b'[  6%] Built target custom_interfaces__cpp\n'}
[0.668617] (custom_interfaces) StdoutLine: {'line': b'[ 15%] Built target custom_interfaces__rosidl_generator_c\n'}
[0.669846] (custom_interfaces) StdoutLine: {'line': b'\x1b[35m\x1b[1mConsolidate compiler generated dependencies of target custom_interfaces__rosidl_typesupport_introspection_cpp\x1b[0m\n'}
[0.671018] (custom_interfaces) StdoutLine: {'line': b'\x1b[35m\x1b[1mConsolidate compiler generated dependencies of target custom_interfaces__rosidl_typesupport_cpp\x1b[0m\n'}
[0.672161] (custom_interfaces) StdoutLine: {'line': b'\x1b[35m\x1b[1mConsolidate compiler generated dependencies of target custom_interfaces__rosidl_typesupport_fastrtps_cpp\x1b[0m\n'}
[0.673311] (custom_interfaces) StdoutLine: {'line': b'\x1b[35m\x1b[1mConsolidate compiler generated dependencies of target custom_interfaces__rosidl_typesupport_introspection_c\x1b[0m\n'}
[0.674517] (custom_interfaces) StdoutLine: {'line': b'\x1b[35m\x1b[1mConsolidate compiler generated dependencies of target custom_interfaces__rosidl_typesupport_fastrtps_c\x1b[0m\n'}
[0.675563] (custom_interfaces) StdoutLine: {'line': b'\x1b[35m\x1b[1mConsolidate compiler generated dependencies of target custom_interfaces__rosidl_typesupport_c\x1b[0m\n'}
[0.676562] (custom_interfaces) StdoutLine: {'line': b'[ 15%] Built target ament_cmake_python_copy_custom_interfaces\n'}
[0.677697] (custom_interfaces) StdoutLine: {'line': b'[ 25%] Built target custom_interfaces__rosidl_typesupport_c\n'}
[0.678611] (custom_interfaces) StdoutLine: {'line': b'[ 34%] Built target custom_interfaces__rosidl_typesupport_introspection_c\n'}
[0.679745] (custom_interfaces) StdoutLine: {'line': b'[ 46%] Built target custom_interfaces__rosidl_typesupport_cpp\n'}
[0.681510] (custom_interfaces) StdoutLine: {'line': b'[ 53%] Built target custom_interfaces__rosidl_typesupport_introspection_cpp\n'}
[0.682605] (custom_interfaces) StdoutLine: {'line': b'[ 62%] Built target custom_interfaces__rosidl_typesupport_fastrtps_cpp\n'}
[0.683584] (custom_interfaces) StdoutLine: {'line': b'[ 71%] Built target custom_interfaces__rosidl_typesupport_fastrtps_c\n'}
[0.684763] (custom_interfaces) StdoutLine: {'line': b'[ 71%] Built target custom_interfaces\n'}
[0.685764] (custom_interfaces) StdoutLine: {'line': b'[ 75%] Built target custom_interfaces__py\n'}
[0.686656] (custom_interfaces) StdoutLine: {'line': b'\x1b[35m\x1b[1mConsolidate compiler generated dependencies of target custom_interfaces__rosidl_generator_py\x1b[0m\n'}
[0.689600] (custom_interfaces) StdoutLine: {'line': b'[ 81%] Built target custom_interfaces__rosidl_generator_py\n'}
[0.690539] (custom_interfaces) StdoutLine: {'line': b'\x1b[35m\x1b[1mConsolidate compiler generated dependencies of target custom_interfaces__rosidl_typesupport_introspection_c__pyext\x1b[0m\n'}
[0.691603] (custom_interfaces) StdoutLine: {'line': b'\x1b[35m\x1b[1mConsolidate compiler generated dependencies of target custom_interfaces__rosidl_typesupport_fastrtps_c__pyext\x1b[0m\n'}
[0.693133] (custom_interfaces) StdoutLine: {'line': b'\x1b[35m\x1b[1mConsolidate compiler generated dependencies of target custom_interfaces__rosidl_typesupport_c__pyext\x1b[0m\n'}
[0.694297] (custom_interfaces) StdoutLine: {'line': b'running egg_info\n'}
[0.695601] (custom_interfaces) StdoutLine: {'line': b'writing custom_interfaces.egg-info/PKG-INFO\n'}
[0.696565] (custom_interfaces) StdoutLine: {'line': b'writing dependency_links to custom_interfaces.egg-info/dependency_links.txt\n'}
[0.697613] (custom_interfaces) StdoutLine: {'line': b'writing top-level names to custom_interfaces.egg-info/top_level.txt\n'}
[0.698775] (custom_interfaces) StdoutLine: {'line': b"reading manifest file 'custom_interfaces.egg-info/SOURCES.txt'\n"}
[0.700102] (custom_interfaces) StdoutLine: {'line': b"writing manifest file 'custom_interfaces.egg-info/SOURCES.txt'\n"}
[0.701116] (custom_interfaces) StdoutLine: {'line': b'[ 81%] Built target ament_cmake_python_build_custom_interfaces_egg\n'}
[0.702499] (wall_e_description) JobProgress: {'identifier': 'wall_e_description', 'progress': 'cmake'}
[0.702715] (custom_interfaces) StdoutLine: {'line': b'[ 87%] Built target custom_interfaces__rosidl_typesupport_c__pyext\n'}
[0.703883] (-) TimerEvent: {}
[0.704310] (custom_interfaces) StdoutLine: {'line': b'[100%] Built target custom_interfaces__rosidl_typesupport_introspection_c__pyext\n'}
[0.705385] (custom_interfaces) StdoutLine: {'line': b'[100%] Built target custom_interfaces__rosidl_typesupport_fastrtps_c__pyext\n'}
[0.706379] (wall_e_description) JobProgress: {'identifier': 'wall_e_description', 'progress': 'build'}
[0.706664] (wall_e_description) Command: {'cmd': ['/usr/bin/cmake', '--build', '/micro_ros_ws/wall_e_ws/build/wall_e_description', '--', '-j12', '-l12'], 'cwd': '/micro_ros_ws/wall_e_ws/build/wall_e_description', 'env': OrderedDict([('HOSTNAME', '1f39bf4e130b'), ('SHLVL', '0'), ('LD_LIBRARY_PATH', '/opt/ros/humble/lib/x86_64-linux-gnu:/opt/ros/humble/lib'), ('HOME', '/root'), ('OLDPWD', '/micro_ros_ws'), ('ROS_PYTHON_VERSION', '3'), ('ROS_DISTRO', 'humble'), ('_', '/usr/bin/colcon'), ('ROS_VERSION', '2'), ('TERM', 'xterm'), ('ROS_LOCALHOST_ONLY', '0'), ('PATH', '/opt/ros/humble/bin:/usr/local/sbin:/usr/local/bin:/usr/sbin:/usr/bin:/sbin:/bin'), ('LANG', 'C.UTF-8'), ('AMENT_PREFIX_PATH', '/opt/ros/humble'), ('PWD', '/micro_ros_ws/wall_e_ws/build/wall_e_description'), ('LC_ALL', 'C.UTF-8'), ('PYTHONPATH', '/opt/ros/humble/lib/python3.10/site-packages:/opt/ros/humble/local/lib/python3.10/dist-packages'), ('COLCON', '1'), ('CMAKE_PREFIX_PATH', '/opt/ros/humble')]), 'shell': False}
[0.739025] (custom_interfaces) CommandEnded: {'returncode': 0}
[0.745151] (custom_interfaces) JobProgress: {'identifier': 'custom_interfaces', 'progress': 'install'}
[0.754921] (custom_interfaces) Command: {'cmd': ['/usr/bin/cmake', '--install', '/micro_ros_ws/wall_e_ws/build/custom_interfaces'], 'cwd': '/micro_ros_ws/wall_e_ws/build/custom_interfaces', 'env': OrderedDict([('HOSTNAME', '1f39bf4e130b'), ('SHLVL', '0'), ('LD_LIBRARY_PATH', '/opt/ros/humble/lib/x86_64-linux-gnu:/opt/ros/humble/lib'), ('HOME', '/root'), ('OLDPWD', '/micro_ros_ws'), ('ROS_PYTHON_VERSION', '3'), ('ROS_DISTRO', 'humble'), ('_', '/usr/bin/colcon'), ('ROS_VERSION', '2'), ('TERM', 'xterm'), ('ROS_LOCALHOST_ONLY', '0'), ('PATH', '/opt/ros/humble/bin:/usr/local/sbin:/usr/local/bin:/usr/sbin:/usr/bin:/sbin:/bin'), ('LANG', 'C.UTF-8'), ('AMENT_PREFIX_PATH', '/opt/ros/humble'), ('PWD', '/micro_ros_ws/wall_e_ws/build/custom_interfaces'), ('LC_ALL', 'C.UTF-8'), ('PYTHONPATH', '/opt/ros/humble/lib/python3.10/site-packages:/opt/ros/humble/local/lib/python3.10/dist-packages'), ('COLCON', '1'), ('CMAKE_PREFIX_PATH', '/opt/ros/humble')]), 'shell': False}
[0.757692] (wall_e_description) CommandEnded: {'returncode': 0}
[0.763735] (wall_e_description) JobProgress: {'identifier': 'wall_e_description', 'progress': 'install'}
[0.765831] (wall_e_description) Command: {'cmd': ['/usr/bin/cmake', '--install', '/micro_ros_ws/wall_e_ws/build/wall_e_description'], 'cwd': '/micro_ros_ws/wall_e_ws/build/wall_e_description', 'env': OrderedDict([('HOSTNAME', '1f39bf4e130b'), ('SHLVL', '0'), ('LD_LIBRARY_PATH', '/opt/ros/humble/lib/x86_64-linux-gnu:/opt/ros/humble/lib'), ('HOME', '/root'), ('OLDPWD', '/micro_ros_ws'), ('ROS_PYTHON_VERSION', '3'), ('ROS_DISTRO', 'humble'), ('_', '/usr/bin/colcon'), ('ROS_VERSION', '2'), ('TERM', 'xterm'), ('ROS_LOCALHOST_ONLY', '0'), ('PATH', '/opt/ros/humble/bin:/usr/local/sbin:/usr/local/bin:/usr/sbin:/usr/bin:/sbin:/bin'), ('LANG', 'C.UTF-8'), ('AMENT_PREFIX_PATH', '/opt/ros/humble'), ('PWD', '/micro_ros_ws/wall_e_ws/build/wall_e_description'), ('LC_ALL', 'C.UTF-8'), ('PYTHONPATH', '/opt/ros/humble/lib/python3.10/site-packages:/opt/ros/humble/local/lib/python3.10/dist-packages'), ('COLCON', '1'), ('CMAKE_PREFIX_PATH', '/opt/ros/humble')]), 'shell': False}
[0.767933] (custom_interfaces) StdoutLine: {'line': b'-- Install configuration: ""\n'}
[0.776069] (custom_interfaces) StdoutLine: {'line': b'-- Up-to-date: /micro_ros_ws/wall_e_ws/install/custom_interfaces/share/ament_index/resource_index/rosidl_interfaces/custom_interfaces\n'}
[0.779167] (wall_e_description) StdoutLine: {'line': b'-- Install configuration: ""\n'}
[0.781292] (custom_interfaces) StdoutLine: {'line': b'-- Up-to-date: /micro_ros_ws/wall_e_ws/install/custom_interfaces/include/custom_interfaces/custom_interfaces\n'}
[0.782755] (wall_e_description) StdoutLine: {'line': b'-- Up-to-date: /micro_ros_ws/wall_e_ws/install/wall_e_description/share/wall_e_description/launch\n'}
[0.789049] (custom_interfaces) StdoutLine: {'line': b'-- Up-to-date: /micro_ros_ws/wall_e_ws/install/custom_interfaces/include/custom_interfaces/custom_interfaces/msg\n'}
[0.790988] (wall_e_description) StdoutLine: {'line': b'-- Up-to-date: /micro_ros_ws/wall_e_ws/install/wall_e_description/share/wall_e_description/launch/wall_e.launch.py\n'}
[0.794948] (wall_e_description) StdoutLine: {'line': b'-- Up-to-date: /micro_ros_ws/wall_e_ws/install/wall_e_description/share/wall_e_description/rviz\n'}
[0.796810] (custom_interfaces) StdoutLine: {'line': b'-- Up-to-date: /micro_ros_ws/wall_e_ws/install/custom_interfaces/include/custom_interfaces/custom_interfaces/msg/detail\n'}
[0.802802] (wall_e_description) StdoutLine: {'line': b'-- Up-to-date: /micro_ros_ws/wall_e_ws/install/wall_e_description/share/wall_e_description/rviz/robot.rviz\n'}
[0.804072] (-) TimerEvent: {}
[0.807589] (wall_e_description) StdoutLine: {'line': b'-- Up-to-date: /micro_ros_ws/wall_e_ws/install/wall_e_description/share/wall_e_description/worlds\n'}
[0.809018] (custom_interfaces) StdoutLine: {'line': b'-- Up-to-date: /micro_ros_ws/wall_e_ws/install/custom_interfaces/include/custom_interfaces/custom_interfaces/msg/detail/gamepad__functions.c\n'}
[0.816883] (wall_e_description) StdoutLine: {'line': b'-- Up-to-date: /micro_ros_ws/wall_e_ws/install/wall_e_description/share/wall_e_description/worlds/indoor_room.world\n'}
[0.818402] (custom_interfaces) StdoutLine: {'line': b'-- Up-to-date: /micro_ros_ws/wall_e_ws/install/custom_interfaces/include/custom_interfaces/custom_interfaces/msg/detail/gamepad__functions.h\n'}
[0.822100] (wall_e_description) StdoutLine: {'line': b'-- Up-to-date: /micro_ros_ws/wall_e_ws/install/wall_e_description/share/wall_e_description/description\n'}
[0.827473] (custom_interfaces) StdoutLine: {'line': b'-- Up-to-date: /micro_ros_ws/wall_e_ws/install/custom_interfaces/include/custom_interfaces/custom_interfaces/msg/detail/gamepad__struct.h\n'}
[0.832883] (wall_e_description) StdoutLine: {'line': b'-- Up-to-date: /micro_ros_ws/wall_e_ws/install/wall_e_description/share/wall_e_description/description/robot.urdf.xacro\n'}
[0.837824] (custom_interfaces) StdoutLine: {'line': b'-- Up-to-date: /micro_ros_ws/wall_e_ws/install/custom_interfaces/include/custom_interfaces/custom_interfaces/msg/detail/gamepad__type_support.h\n'}
[0.843645] (wall_e_description) StdoutLine: {'line': b'-- Up-to-date: /micro_ros_ws/wall_e_ws/install/wall_e_description/share/ament_index/resource_index/package_run_dependencies/wall_e_description\n'}
[0.846027] (custom_interfaces) StdoutLine: {'line': b'-- Up-to-date: /micro_ros_ws/wall_e_ws/install/custom_interfaces/include/custom_interfaces/custom_interfaces/msg/gamepad.h\n'}
[0.853615] (custom_interfaces) StdoutLine: {'line': b'-- Up-to-date: /micro_ros_ws/wall_e_ws/install/custom_interfaces/include/custom_interfaces/custom_interfaces/msg/rosidl_generator_c__visibility_control.h\n'}
[0.854812] (wall_e_description) StdoutLine: {'line': b'-- Up-to-date: /micro_ros_ws/wall_e_ws/install/wall_e_description/share/ament_index/resource_index/parent_prefix_path/wall_e_description\n'}
[0.858514] (custom_interfaces) StdoutLine: {'line': b'-- Up-to-date: /micro_ros_ws/wall_e_ws/install/custom_interfaces/share/custom_interfaces/environment/library_path.sh\n'}
[0.859744] (wall_e_description) StdoutLine: {'line': b'-- Up-to-date: /micro_ros_ws/wall_e_ws/install/wall_e_description/share/wall_e_description/environment/ament_prefix_path.sh\n'}
[0.864788] (custom_interfaces) StdoutLine: {'line': b'-- Up-to-date: /micro_ros_ws/wall_e_ws/install/custom_interfaces/share/custom_interfaces/environment/library_path.dsv\n'}
[0.865858] (wall_e_description) StdoutLine: {'line': b'-- Up-to-date: /micro_ros_ws/wall_e_ws/install/wall_e_description/share/wall_e_description/environment/ament_prefix_path.dsv\n'}
[0.868829] (wall_e_description) StdoutLine: {'line': b'-- Up-to-date: /micro_ros_ws/wall_e_ws/install/wall_e_description/share/wall_e_description/environment/path.sh\n'}
[0.874937] (wall_e_description) StdoutLine: {'line': b'-- Up-to-date: /micro_ros_ws/wall_e_ws/install/wall_e_description/share/wall_e_description/environment/path.dsv\n'}
[0.877127] (custom_interfaces) StdoutLine: {'line': b'-- Up-to-date: /micro_ros_ws/wall_e_ws/install/custom_interfaces/lib/libcustom_interfaces__rosidl_generator_c.so\n'}
[0.878764] (wall_e_description) StdoutLine: {'line': b'-- Up-to-date: /micro_ros_ws/wall_e_ws/install/wall_e_description/share/wall_e_description/local_setup.bash\n'}
[0.882583] (wall_e_description) StdoutLine: {'line': b'-- Up-to-date: /micro_ros_ws/wall_e_ws/install/wall_e_description/share/wall_e_description/local_setup.sh\n'}
[0.885791] (custom_interfaces) StdoutLine: {'line': b'-- Up-to-date: /micro_ros_ws/wall_e_ws/install/custom_interfaces/include/custom_interfaces/custom_interfaces\n'}
[0.886641] (wall_e_description) StdoutLine: {'line': b'-- Up-to-date: /micro_ros_ws/wall_e_ws/install/wall_e_description/share/wall_e_description/local_setup.zsh\n'}
[0.890060] (custom_interfaces) StdoutLine: {'line': b'-- Up-to-date: /micro_ros_ws/wall_e_ws/install/custom_interfaces/include/custom_interfaces/custom_interfaces/msg\n'}
[0.891144] (wall_e_description) StdoutLine: {'line': b'-- Up-to-date: /micro_ros_ws/wall_e_ws/install/wall_e_description/share/wall_e_description/local_setup.dsv\n'}
[0.895364] (wall_e_description) StdoutLine: {'line': b'-- Up-to-date: /micro_ros_ws/wall_e_ws/install/wall_e_description/share/wall_e_description/package.dsv\n'}
[0.896001] (custom_interfaces) StdoutLine: {'line': b'-- Up-to-date: /micro_ros_ws/wall_e_ws/install/custom_interfaces/include/custom_interfaces/custom_interfaces/msg/detail\n'}
[0.900988] (wall_e_description) StdoutLine: {'line': b'-- Up-to-date: /micro_ros_ws/wall_e_ws/install/wall_e_description/share/ament_index/resource_index/packages/wall_e_description\n'}
[0.902112] (custom_interfaces) StdoutLine: {'line': b'-- Up-to-date: /micro_ros_ws/wall_e_ws/install/custom_interfaces/include/custom_interfaces/custom_interfaces/msg/detail/gamepad__rosidl_typesupport_fastrtps_c.h\n'}
[0.904157] (-) TimerEvent: {}
[0.904501] (wall_e_description) StdoutLine: {'line': b'-- Up-to-date: /micro_ros_ws/wall_e_ws/install/wall_e_description/share/wall_e_description/cmake/wall_e_descriptionConfig.cmake\n'}
[0.905711] (custom_interfaces) StdoutLine: {'line': b'-- Up-to-date: /micro_ros_ws/wall_e_ws/install/custom_interfaces/include/custom_interfaces/custom_interfaces/msg/rosidl_typesupport_fastrtps_c__visibility_control.h\n'}
[0.907271] (wall_e_description) StdoutLine: {'line': b'-- Up-to-date: /micro_ros_ws/wall_e_ws/install/wall_e_description/share/wall_e_description/cmake/wall_e_descriptionConfig-version.cmake\n'}
[0.909870] (wall_e_description) StdoutLine: {'line': b'-- Up-to-date: /micro_ros_ws/wall_e_ws/install/wall_e_description/share/wall_e_description/package.xml\n'}
[0.912288] (custom_interfaces) StdoutLine: {'line': b'-- Up-to-date: /micro_ros_ws/wall_e_ws/install/custom_interfaces/lib/libcustom_interfaces__rosidl_typesupport_fastrtps_c.so\n'}
[0.913339] (wall_e_description) CommandEnded: {'returncode': 0}
[0.917716] (custom_interfaces) StdoutLine: {'line': b'-- Up-to-date: /micro_ros_ws/wall_e_ws/install/custom_interfaces/include/custom_interfaces/custom_interfaces\n'}
[0.919945] (custom_interfaces) StdoutLine: {'line': b'-- Up-to-date: /micro_ros_ws/wall_e_ws/install/custom_interfaces/include/custom_interfaces/custom_interfaces/msg\n'}
[0.922775] (custom_interfaces) StdoutLine: {'line': b'-- Up-to-date: /micro_ros_ws/wall_e_ws/install/custom_interfaces/include/custom_interfaces/custom_interfaces/msg/detail\n'}
[0.926612] (custom_interfaces) StdoutLine: {'line': b'-- Up-to-date: /micro_ros_ws/wall_e_ws/install/custom_interfaces/include/custom_interfaces/custom_interfaces/msg/detail/gamepad__rosidl_typesupport_introspection_c.h\n'}
[0.930035] (custom_interfaces) StdoutLine: {'line': b'-- Up-to-date: /micro_ros_ws/wall_e_ws/install/custom_interfaces/include/custom_interfaces/custom_interfaces/msg/detail/gamepad__type_support.c\n'}
[0.932115] (custom_interfaces) StdoutLine: {'line': b'-- Up-to-date: /micro_ros_ws/wall_e_ws/install/custom_interfaces/include/custom_interfaces/custom_interfaces/msg/rosidl_typesupport_introspection_c__visibility_control.h\n'}
[0.935948] (custom_interfaces) StdoutLine: {'line': b'-- Up-to-date: /micro_ros_ws/wall_e_ws/install/custom_interfaces/lib/libcustom_interfaces__rosidl_typesupport_introspection_c.so\n'}
[0.940389] (custom_interfaces) StdoutLine: {'line': b'-- Up-to-date: /micro_ros_ws/wall_e_ws/install/custom_interfaces/lib/libcustom_interfaces__rosidl_typesupport_c.so\n'}
[0.942792] (custom_interfaces) StdoutLine: {'line': b'-- Up-to-date: /micro_ros_ws/wall_e_ws/install/custom_interfaces/include/custom_interfaces/custom_interfaces\n'}
[0.943700] (custom_interfaces) StdoutLine: {'line': b'-- Up-to-date: /micro_ros_ws/wall_e_ws/install/custom_interfaces/include/custom_interfaces/custom_interfaces/msg\n'}
[0.945220] (custom_interfaces) StdoutLine: {'line': b'-- Up-to-date: /micro_ros_ws/wall_e_ws/install/custom_interfaces/include/custom_interfaces/custom_interfaces/msg/detail\n'}
[0.946823] (custom_interfaces) StdoutLine: {'line': b'-- Up-to-date: /micro_ros_ws/wall_e_ws/install/custom_interfaces/include/custom_interfaces/custom_interfaces/msg/detail/gamepad__builder.hpp\n'}
[0.948196] (custom_interfaces) StdoutLine: {'line': b'-- Up-to-date: /micro_ros_ws/wall_e_ws/install/custom_interfaces/include/custom_interfaces/custom_interfaces/msg/detail/gamepad__struct.hpp\n'}
[0.949537] (custom_interfaces) StdoutLine: {'line': b'-- Up-to-date: /micro_ros_ws/wall_e_ws/install/custom_interfaces/include/custom_interfaces/custom_interfaces/msg/detail/gamepad__traits.hpp\n'}
[0.951503] (custom_interfaces) StdoutLine: {'line': b'-- Up-to-date: /micro_ros_ws/wall_e_ws/install/custom_interfaces/include/custom_interfaces/custom_interfaces/msg/detail/gamepad__type_support.hpp\n'}
[0.953358] (custom_interfaces) StdoutLine: {'line': b'-- Up-to-date: /micro_ros_ws/wall_e_ws/install/custom_interfaces/include/custom_interfaces/custom_interfaces/msg/gamepad.hpp\n'}
[0.954399] (custom_interfaces) StdoutLine: {'line': b'-- Up-to-date: /micro_ros_ws/wall_e_ws/install/custom_interfaces/include/custom_interfaces/custom_interfaces/msg/rosidl_generator_cpp__visibility_control.hpp\n'}
[0.955108] (custom_interfaces) StdoutLine: {'line': b'-- Up-to-date: /micro_ros_ws/wall_e_ws/install/custom_interfaces/include/custom_interfaces/custom_interfaces\n'}
[0.956195] (custom_interfaces) StdoutLine: {'line': b'-- Up-to-date: /micro_ros_ws/wall_e_ws/install/custom_interfaces/include/custom_interfaces/custom_interfaces/msg\n'}
[0.957400] (custom_interfaces) StdoutLine: {'line': b'-- Up-to-date: /micro_ros_ws/wall_e_ws/install/custom_interfaces/include/custom_interfaces/custom_interfaces/msg/detail\n'}
[0.958447] (custom_interfaces) StdoutLine: {'line': b'-- Up-to-date: /micro_ros_ws/wall_e_ws/install/custom_interfaces/include/custom_interfaces/custom_interfaces/msg/detail/dds_fastrtps\n'}
[0.959818] (custom_interfaces) StdoutLine: {'line': b'-- Up-to-date: /micro_ros_ws/wall_e_ws/install/custom_interfaces/include/custom_interfaces/custom_interfaces/msg/detail/gamepad__rosidl_typesupport_fastrtps_cpp.hpp\n'}
[0.960931] (custom_interfaces) StdoutLine: {'line': b'-- Up-to-date: /micro_ros_ws/wall_e_ws/install/custom_interfaces/include/custom_interfaces/custom_interfaces/msg/rosidl_typesupport_fastrtps_cpp__visibility_control.h\n'}
[0.964236] (custom_interfaces) StdoutLine: {'line': b'-- Up-to-date: /micro_ros_ws/wall_e_ws/install/custom_interfaces/lib/libcustom_interfaces__rosidl_typesupport_fastrtps_cpp.so\n'}
[0.966271] (custom_interfaces) StdoutLine: {'line': b'-- Up-to-date: /micro_ros_ws/wall_e_ws/install/custom_interfaces/include/custom_interfaces/custom_interfaces\n'}
[0.967395] (custom_interfaces) StdoutLine: {'line': b'-- Up-to-date: /micro_ros_ws/wall_e_ws/install/custom_interfaces/include/custom_interfaces/custom_interfaces/msg\n'}
[0.969215] (custom_interfaces) StdoutLine: {'line': b'-- Up-to-date: /micro_ros_ws/wall_e_ws/install/custom_interfaces/include/custom_interfaces/custom_interfaces/msg/detail\n'}
[0.970434] (custom_interfaces) StdoutLine: {'line': b'-- Up-to-date: /micro_ros_ws/wall_e_ws/install/custom_interfaces/include/custom_interfaces/custom_interfaces/msg/detail/gamepad__rosidl_typesupport_introspection_cpp.hpp\n'}
[0.971692] (custom_interfaces) StdoutLine: {'line': b'-- Up-to-date: /micro_ros_ws/wall_e_ws/install/custom_interfaces/include/custom_interfaces/custom_interfaces/msg/detail/gamepad__type_support.cpp\n'}
[0.973280] (custom_interfaces) StdoutLine: {'line': b'-- Up-to-date: /micro_ros_ws/wall_e_ws/install/custom_interfaces/lib/libcustom_interfaces__rosidl_typesupport_introspection_cpp.so\n'}
[0.975435] (wall_e_description) JobEnded: {'identifier': 'wall_e_description', 'rc': 0}
[0.976527] (custom_interfaces) StdoutLine: {'line': b'-- Up-to-date: /micro_ros_ws/wall_e_ws/install/custom_interfaces/lib/libcustom_interfaces__rosidl_typesupport_cpp.so\n'}
[0.978364] (custom_interfaces) StdoutLine: {'line': b'-- Up-to-date: /micro_ros_ws/wall_e_ws/install/custom_interfaces/share/custom_interfaces/environment/pythonpath.sh\n'}
[0.979218] (custom_interfaces) StdoutLine: {'line': b'-- Up-to-date: /micro_ros_ws/wall_e_ws/install/custom_interfaces/share/custom_interfaces/environment/pythonpath.dsv\n'}
[0.979975] (custom_interfaces) StdoutLine: {'line': b'-- Up-to-date: /micro_ros_ws/wall_e_ws/install/custom_interfaces/local/lib/python3.10/dist-packages/custom_interfaces-0.0.0-py3.10.egg-info\n'}
[0.981321] (custom_interfaces) StdoutLine: {'line': b'-- Installing: /micro_ros_ws/wall_e_ws/install/custom_interfaces/local/lib/python3.10/dist-packages/custom_interfaces-0.0.0-py3.10.egg-info/dependency_links.txt\n'}
[0.985056] (custom_interfaces) StdoutLine: {'line': b'-- Installing: /micro_ros_ws/wall_e_ws/install/custom_interfaces/local/lib/python3.10/dist-packages/custom_interfaces-0.0.0-py3.10.egg-info/PKG-INFO\n'}
[0.988193] (custom_interfaces) StdoutLine: {'line': b'-- Installing: /micro_ros_ws/wall_e_ws/install/custom_interfaces/local/lib/python3.10/dist-packages/custom_interfaces-0.0.0-py3.10.egg-info/SOURCES.txt\n'}
[0.991667] (custom_interfaces) StdoutLine: {'line': b'-- Installing: /micro_ros_ws/wall_e_ws/install/custom_interfaces/local/lib/python3.10/dist-packages/custom_interfaces-0.0.0-py3.10.egg-info/top_level.txt\n'}
[0.994745] (custom_interfaces) StdoutLine: {'line': b'-- Up-to-date: /micro_ros_ws/wall_e_ws/install/custom_interfaces/local/lib/python3.10/dist-packages/custom_interfaces\n'}
[0.996216] (custom_interfaces) StdoutLine: {'line': b'-- Up-to-date: /micro_ros_ws/wall_e_ws/install/custom_interfaces/local/lib/python3.10/dist-packages/custom_interfaces/custom_interfaces_s__rosidl_typesupport_c.cpython-310-x86_64-linux-gnu.so\n'}
[0.997138] (custom_interfaces) StdoutLine: {'line': b'-- Up-to-date: /micro_ros_ws/wall_e_ws/install/custom_interfaces/local/lib/python3.10/dist-packages/custom_interfaces/custom_interfaces_s__rosidl_typesupport_fastrtps_c.cpython-310-x86_64-linux-gnu.so\n'}
[0.998183] (custom_interfaces) StdoutLine: {'line': b'-- Up-to-date: /micro_ros_ws/wall_e_ws/install/custom_interfaces/local/lib/python3.10/dist-packages/custom_interfaces/custom_interfaces_s__rosidl_typesupport_introspection_c.cpython-310-x86_64-linux-gnu.so\n'}
[0.999117] (custom_interfaces) StdoutLine: {'line': b'-- Up-to-date: /micro_ros_ws/wall_e_ws/install/custom_interfaces/local/lib/python3.10/dist-packages/custom_interfaces/libcustom_interfaces__rosidl_generator_py.so\n'}
[0.999964] (custom_interfaces) StdoutLine: {'line': b'-- Up-to-date: /micro_ros_ws/wall_e_ws/install/custom_interfaces/local/lib/python3.10/dist-packages/custom_interfaces/msg\n'}
[1.001374] (custom_interfaces) StdoutLine: {'line': b'-- Up-to-date: /micro_ros_ws/wall_e_ws/install/custom_interfaces/local/lib/python3.10/dist-packages/custom_interfaces/msg/_gamepad.py\n'}
[1.002483] (custom_interfaces) StdoutLine: {'line': b'-- Up-to-date: /micro_ros_ws/wall_e_ws/install/custom_interfaces/local/lib/python3.10/dist-packages/custom_interfaces/msg/_gamepad_s.c\n'}
[1.003695] (custom_interfaces) StdoutLine: {'line': b'-- Up-to-date: /micro_ros_ws/wall_e_ws/install/custom_interfaces/local/lib/python3.10/dist-packages/custom_interfaces/msg/__init__.py\n'}
[1.004228] (-) TimerEvent: {}
[1.004813] (custom_interfaces) StdoutLine: {'line': b'-- Up-to-date: /micro_ros_ws/wall_e_ws/install/custom_interfaces/local/lib/python3.10/dist-packages/custom_interfaces/_custom_interfaces_s.ep.rosidl_typesupport_c.c\n'}
[1.005796] (custom_interfaces) StdoutLine: {'line': b'-- Up-to-date: /micro_ros_ws/wall_e_ws/install/custom_interfaces/local/lib/python3.10/dist-packages/custom_interfaces/_custom_interfaces_s.ep.rosidl_typesupport_fastrtps_c.c\n'}
[1.006720] (custom_interfaces) StdoutLine: {'line': b'-- Up-to-date: /micro_ros_ws/wall_e_ws/install/custom_interfaces/local/lib/python3.10/dist-packages/custom_interfaces/_custom_interfaces_s.ep.rosidl_typesupport_introspection_c.c\n'}
[1.007493] (custom_interfaces) StdoutLine: {'line': b'-- Up-to-date: /micro_ros_ws/wall_e_ws/install/custom_interfaces/local/lib/python3.10/dist-packages/custom_interfaces/__init__.py\n'}
[1.064351] (custom_interfaces) StdoutLine: {'line': b"Listing '/micro_ros_ws/wall_e_ws/install/custom_interfaces/local/lib/python3.10/dist-packages/custom_interfaces'...\n"}
[1.064778] (custom_interfaces) StdoutLine: {'line': b"Listing '/micro_ros_ws/wall_e_ws/install/custom_interfaces/local/lib/python3.10/dist-packages/custom_interfaces/msg'...\n"}
[1.072777] (custom_interfaces) StdoutLine: {'line': b'-- Up-to-date: /micro_ros_ws/wall_e_ws/install/custom_interfaces/local/lib/python3.10/dist-packages/custom_interfaces/custom_interfaces_s__rosidl_typesupport_fastrtps_c.cpython-310-x86_64-linux-gnu.so\n'}
[1.077380] (custom_interfaces) StdoutLine: {'line': b'-- Up-to-date: /micro_ros_ws/wall_e_ws/install/custom_interfaces/local/lib/python3.10/dist-packages/custom_interfaces/custom_interfaces_s__rosidl_typesupport_introspection_c.cpython-310-x86_64-linux-gnu.so\n'}
[1.080894] (custom_interfaces) StdoutLine: {'line': b'-- Up-to-date: /micro_ros_ws/wall_e_ws/install/custom_interfaces/local/lib/python3.10/dist-packages/custom_interfaces/custom_interfaces_s__rosidl_typesupport_c.cpython-310-x86_64-linux-gnu.so\n'}
[1.084126] (custom_interfaces) StdoutLine: {'line': b'-- Up-to-date: /micro_ros_ws/wall_e_ws/install/custom_interfaces/lib/libcustom_interfaces__rosidl_generator_py.so\n'}
[1.086494] (custom_interfaces) StdoutLine: {'line': b'-- Up-to-date: /micro_ros_ws/wall_e_ws/install/custom_interfaces/share/ament_index/resource_index/rust_packages/custom_interfaces\n'}
[1.087351] (custom_interfaces) StdoutLine: {'line': b'-- Up-to-date: /micro_ros_ws/wall_e_ws/install/custom_interfaces/share/custom_interfaces/rust\n'}
[1.100990] (custom_interfaces) StdoutLine: {'line': b'-- Up-to-date: /micro_ros_ws/wall_e_ws/install/custom_interfaces/share/custom_interfaces/rust/build.rs\n'}
[1.101768] (custom_interfaces) StdoutLine: {'line': b'-- Up-to-date: /micro_ros_ws/wall_e_ws/install/custom_interfaces/share/custom_interfaces/rust/Cargo.toml\n'}
[1.102543] (custom_interfaces) StdoutLine: {'line': b'-- Up-to-date: /micro_ros_ws/wall_e_ws/install/custom_interfaces/share/custom_interfaces/rust/src\n'}
[1.104031] (custom_interfaces) StdoutLine: {'line': b'-- Up-to-date: /micro_ros_ws/wall_e_ws/install/custom_interfaces/share/custom_interfaces/rust/src/lib.rs\n'}
[1.104321] (-) TimerEvent: {}
[1.104836] (custom_interfaces) StdoutLine: {'line': b'-- Up-to-date: /micro_ros_ws/wall_e_ws/install/custom_interfaces/share/custom_interfaces/rust/src/msg\n'}
[1.107536] (custom_interfaces) StdoutLine: {'line': b'-- Up-to-date: /micro_ros_ws/wall_e_ws/install/custom_interfaces/share/custom_interfaces/rust/src/msg/rmw.rs\n'}
[1.109644] (custom_interfaces) StdoutLine: {'line': b'-- Up-to-date: /micro_ros_ws/wall_e_ws/install/custom_interfaces/share/custom_interfaces/rust/src/msg.rs\n'}
[1.111941] (custom_interfaces) StdoutLine: {'line': b'-- Up-to-date: /micro_ros_ws/wall_e_ws/install/custom_interfaces/share/custom_interfaces/msg/Gamepad.idl\n'}
[1.113440] (custom_interfaces) StdoutLine: {'line': b'-- Up-to-date: /micro_ros_ws/wall_e_ws/install/custom_interfaces/share/custom_interfaces/msg/Gamepad.msg\n'}
[1.115049] (custom_interfaces) StdoutLine: {'line': b'-- Up-to-date: /micro_ros_ws/wall_e_ws/install/custom_interfaces/share/ament_index/resource_index/package_run_dependencies/custom_interfaces\n'}
[1.116537] (custom_interfaces) StdoutLine: {'line': b'-- Up-to-date: /micro_ros_ws/wall_e_ws/install/custom_interfaces/share/ament_index/resource_index/parent_prefix_path/custom_interfaces\n'}
[1.117565] (custom_interfaces) StdoutLine: {'line': b'-- Up-to-date: /micro_ros_ws/wall_e_ws/install/custom_interfaces/share/custom_interfaces/environment/ament_prefix_path.sh\n'}
[1.119049] (custom_interfaces) StdoutLine: {'line': b'-- Up-to-date: /micro_ros_ws/wall_e_ws/install/custom_interfaces/share/custom_interfaces/environment/ament_prefix_path.dsv\n'}
[1.120186] (custom_interfaces) StdoutLine: {'line': b'-- Up-to-date: /micro_ros_ws/wall_e_ws/install/custom_interfaces/share/custom_interfaces/environment/path.sh\n'}
[1.121952] (custom_interfaces) StdoutLine: {'line': b'-- Up-to-date: /micro_ros_ws/wall_e_ws/install/custom_interfaces/share/custom_interfaces/environment/path.dsv\n'}
[1.123498] (custom_interfaces) StdoutLine: {'line': b'-- Up-to-date: /micro_ros_ws/wall_e_ws/install/custom_interfaces/share/custom_interfaces/local_setup.bash\n'}
[1.125171] (custom_interfaces) StdoutLine: {'line': b'-- Up-to-date: /micro_ros_ws/wall_e_ws/install/custom_interfaces/share/custom_interfaces/local_setup.sh\n'}
[1.126334] (custom_interfaces) StdoutLine: {'line': b'-- Up-to-date: /micro_ros_ws/wall_e_ws/install/custom_interfaces/share/custom_interfaces/local_setup.zsh\n'}
[1.127786] (custom_interfaces) StdoutLine: {'line': b'-- Up-to-date: /micro_ros_ws/wall_e_ws/install/custom_interfaces/share/custom_interfaces/local_setup.dsv\n'}
[1.129382] (custom_interfaces) StdoutLine: {'line': b'-- Installing: /micro_ros_ws/wall_e_ws/install/custom_interfaces/share/custom_interfaces/package.dsv\n'}
[1.133682] (custom_interfaces) StdoutLine: {'line': b'-- Up-to-date: /micro_ros_ws/wall_e_ws/install/custom_interfaces/share/ament_index/resource_index/packages/custom_interfaces\n'}
[1.136318] (custom_interfaces) StdoutLine: {'line': b'-- Up-to-date: /micro_ros_ws/wall_e_ws/install/custom_interfaces/share/custom_interfaces/cmake/export_custom_interfaces__rosidl_generator_cExport.cmake\n'}
[1.138315] (custom_interfaces) StdoutLine: {'line': b'-- Up-to-date: /micro_ros_ws/wall_e_ws/install/custom_interfaces/share/custom_interfaces/cmake/export_custom_interfaces__rosidl_generator_cExport-noconfig.cmake\n'}
[1.140855] (custom_interfaces) StdoutLine: {'line': b'-- Up-to-date: /micro_ros_ws/wall_e_ws/install/custom_interfaces/share/custom_interfaces/cmake/export_custom_interfaces__rosidl_typesupport_fastrtps_cExport.cmake\n'}
[1.142573] (custom_interfaces) StdoutLine: {'line': b'-- Up-to-date: /micro_ros_ws/wall_e_ws/install/custom_interfaces/share/custom_interfaces/cmake/export_custom_interfaces__rosidl_typesupport_fastrtps_cExport-noconfig.cmake\n'}
[1.145210] (custom_interfaces) StdoutLine: {'line': b'-- Up-to-date: /micro_ros_ws/wall_e_ws/install/custom_interfaces/share/custom_interfaces/cmake/custom_interfaces__rosidl_typesupport_introspection_cExport.cmake\n'}
[1.146525] (custom_interfaces) StdoutLine: {'line': b'-- Up-to-date: /micro_ros_ws/wall_e_ws/install/custom_interfaces/share/custom_interfaces/cmake/custom_interfaces__rosidl_typesupport_introspection_cExport-noconfig.cmake\n'}
[1.148709] (custom_interfaces) StdoutLine: {'line': b'-- Up-to-date: /micro_ros_ws/wall_e_ws/install/custom_interfaces/share/custom_interfaces/cmake/custom_interfaces__rosidl_typesupport_cExport.cmake\n'}
[1.150695] (custom_interfaces) StdoutLine: {'line': b'-- Up-to-date: /micro_ros_ws/wall_e_ws/install/custom_interfaces/share/custom_interfaces/cmake/custom_interfaces__rosidl_typesupport_cExport-noconfig.cmake\n'}
[1.152792] (custom_interfaces) StdoutLine: {'line': b'-- Up-to-date: /micro_ros_ws/wall_e_ws/install/custom_interfaces/share/custom_interfaces/cmake/export_custom_interfaces__rosidl_generator_cppExport.cmake\n'}
[1.155083] (custom_interfaces) StdoutLine: {'line': b'-- Up-to-date: /micro_ros_ws/wall_e_ws/install/custom_interfaces/share/custom_interfaces/cmake/export_custom_interfaces__rosidl_typesupport_fastrtps_cppExport.cmake\n'}
[1.156885] (custom_interfaces) StdoutLine: {'line': b'-- Up-to-date: /micro_ros_ws/wall_e_ws/install/custom_interfaces/share/custom_interfaces/cmake/export_custom_interfaces__rosidl_typesupport_fastrtps_cppExport-noconfig.cmake\n'}
[1.160184] (custom_interfaces) StdoutLine: {'line': b'-- Up-to-date: /micro_ros_ws/wall_e_ws/install/custom_interfaces/share/custom_interfaces/cmake/custom_interfaces__rosidl_typesupport_introspection_cppExport.cmake\n'}
[1.162217] (custom_interfaces) StdoutLine: {'line': b'-- Up-to-date: /micro_ros_ws/wall_e_ws/install/custom_interfaces/share/custom_interfaces/cmake/custom_interfaces__rosidl_typesupport_introspection_cppExport-noconfig.cmake\n'}
[1.166929] (custom_interfaces) StdoutLine: {'line': b'-- Up-to-date: /micro_ros_ws/wall_e_ws/install/custom_interfaces/share/custom_interfaces/cmake/custom_interfaces__rosidl_typesupport_cppExport.cmake\n'}
[1.170396] (custom_interfaces) StdoutLine: {'line': b'-- Up-to-date: /micro_ros_ws/wall_e_ws/install/custom_interfaces/share/custom_interfaces/cmake/custom_interfaces__rosidl_typesupport_cppExport-noconfig.cmake\n'}
[1.174274] (custom_interfaces) StdoutLine: {'line': b'-- Up-to-date: /micro_ros_ws/wall_e_ws/install/custom_interfaces/share/custom_interfaces/cmake/export_custom_interfaces__rosidl_generator_pyExport.cmake\n'}
[1.176730] (custom_interfaces) StdoutLine: {'line': b'-- Up-to-date: /micro_ros_ws/wall_e_ws/install/custom_interfaces/share/custom_interfaces/cmake/export_custom_interfaces__rosidl_generator_pyExport-noconfig.cmake\n'}
[1.178262] (custom_interfaces) StdoutLine: {'line': b'-- Up-to-date: /micro_ros_ws/wall_e_ws/install/custom_interfaces/share/custom_interfaces/cmake/rosidl_cmake-extras.cmake\n'}
[1.179767] (custom_interfaces) StdoutLine: {'line': b'-- Up-to-date: /micro_ros_ws/wall_e_ws/install/custom_interfaces/share/custom_interfaces/cmake/ament_cmake_export_dependencies-extras.cmake\n'}
[1.181285] (custom_interfaces) StdoutLine: {'line': b'-- Up-to-date: /micro_ros_ws/wall_e_ws/install/custom_interfaces/share/custom_interfaces/cmake/ament_cmake_export_include_directories-extras.cmake\n'}
[1.182616] (custom_interfaces) StdoutLine: {'line': b'-- Up-to-date: /micro_ros_ws/wall_e_ws/install/custom_interfaces/share/custom_interfaces/cmake/ament_cmake_export_libraries-extras.cmake\n'}
[1.184010] (custom_interfaces) StdoutLine: {'line': b'-- Up-to-date: /micro_ros_ws/wall_e_ws/install/custom_interfaces/share/custom_interfaces/cmake/ament_cmake_export_targets-extras.cmake\n'}
[1.185474] (custom_interfaces) StdoutLine: {'line': b'-- Up-to-date: /micro_ros_ws/wall_e_ws/install/custom_interfaces/share/custom_interfaces/cmake/rosidl_cmake_export_typesupport_targets-extras.cmake\n'}
[1.186723] (custom_interfaces) StdoutLine: {'line': b'-- Up-to-date: /micro_ros_ws/wall_e_ws/install/custom_interfaces/share/custom_interfaces/cmake/rosidl_cmake_export_typesupport_libraries-extras.cmake\n'}
[1.188108] (custom_interfaces) StdoutLine: {'line': b'-- Up-to-date: /micro_ros_ws/wall_e_ws/install/custom_interfaces/share/custom_interfaces/cmake/custom_interfacesConfig.cmake\n'}
[1.189262] (custom_interfaces) StdoutLine: {'line': b'-- Up-to-date: /micro_ros_ws/wall_e_ws/install/custom_interfaces/share/custom_interfaces/cmake/custom_interfacesConfig-version.cmake\n'}
[1.190352] (custom_interfaces) StdoutLine: {'line': b'-- Up-to-date: /micro_ros_ws/wall_e_ws/install/custom_interfaces/share/custom_interfaces/package.xml\n'}
[1.195243] (custom_interfaces) CommandEnded: {'returncode': 0}
[1.204429] (-) TimerEvent: {}
[1.262247] (custom_interfaces) JobEnded: {'identifier': 'custom_interfaces', 'rc': 0}
[1.264177] (control) JobStarted: {'identifier': 'control'}
[1.272480] (localization) Command: {'cmd': ['/usr/bin/python3', '-W', 'ignore:setup.py install is deprecated', '-W', 'ignore:easy_install command is deprecated', 'setup.py', 'egg_info', '--egg-base', '../../build/localization', 'build', '--build-base', '/micro_ros_ws/wall_e_ws/build/localization/build', 'install', '--record', '/micro_ros_ws/wall_e_ws/build/localization/install.log', '--single-version-externally-managed', 'install_data'], 'cwd': '/micro_ros_ws/wall_e_ws/src/localization', 'env': {'HOSTNAME': '1f39bf4e130b', 'SHLVL': '0', 'LD_LIBRARY_PATH': '/opt/ros/humble/lib/x86_64-linux-gnu:/opt/ros/humble/lib', 'HOME': '/root', 'OLDPWD': '/micro_ros_ws', 'ROS_PYTHON_VERSION': '3', 'ROS_DISTRO': 'humble', '_': '/usr/bin/colcon', 'ROS_VERSION': '2', 'TERM': 'xterm', 'ROS_LOCALHOST_ONLY': '0', 'PATH': '/opt/ros/humble/bin:/usr/local/sbin:/usr/local/bin:/usr/sbin:/usr/bin:/sbin:/bin', 'LANG': 'C.UTF-8', 'AMENT_PREFIX_PATH': '/opt/ros/humble', 'PWD': '/micro_ros_ws/wall_e_ws/build/localization', 'LC_ALL': 'C.UTF-8', 'PYTHONPATH': '/micro_ros_ws/wall_e_ws/build/localization/prefix_override:/usr/lib/python3/dist-packages/colcon_core/task/python/colcon_distutils_commands:/micro_ros_ws/wall_e_ws/install/localization/lib/python3.10/site-packages:/opt/ros/humble/lib/python3.10/site-packages:/opt/ros/humble/local/lib/python3.10/dist-packages', 'COLCON': '1'}, 'shell': False}
[1.275268] (feedback) Command: {'cmd': ['/usr/bin/python3', '-W', 'ignore:setup.py install is deprecated', '-W', 'ignore:easy_install command is deprecated', 'setup.py', 'egg_info', '--egg-base', '../../build/feedback', 'build', '--build-base', '/micro_ros_ws/wall_e_ws/build/feedback/build', 'install', '--record', '/micro_ros_ws/wall_e_ws/build/feedback/install.log', '--single-version-externally-managed', 'install_data'], 'cwd': '/micro_ros_ws/wall_e_ws/src/feedback', 'env': {'HOSTNAME': '1f39bf4e130b', 'SHLVL': '0', 'LD_LIBRARY_PATH': '/opt/ros/humble/lib/x86_64-linux-gnu:/opt/ros/humble/lib', 'HOME': '/root', 'OLDPWD': '/micro_ros_ws', 'ROS_PYTHON_VERSION': '3', 'ROS_DISTRO': 'humble', '_': '/usr/bin/colcon', 'ROS_VERSION': '2', 'TERM': 'xterm', 'ROS_LOCALHOST_ONLY': '0', 'PATH': '/opt/ros/humble/bin:/usr/local/sbin:/usr/local/bin:/usr/sbin:/usr/bin:/sbin:/bin', 'LANG': 'C.UTF-8', 'AMENT_PREFIX_PATH': '/opt/ros/humble', 'PWD': '/micro_ros_ws/wall_e_ws/build/feedback', 'LC_ALL': 'C.UTF-8', 'PYTHONPATH': '/micro_ros_ws/wall_e_ws/build/feedback/prefix_override:/usr/lib/python3/dist-packages/colcon_core/task/python/colcon_distutils_commands:/micro_ros_ws/wall_e_ws/install/feedback/lib/python3.10/site-packages:/opt/ros/humble/lib/python3.10/site-packages:/opt/ros/humble/local/lib/python3.10/dist-packages', 'COLCON': '1'}, 'shell': False}
[1.304521] (-) TimerEvent: {}
[1.404866] (-) TimerEvent: {}
[1.505239] (-) TimerEvent: {}
[1.526076] (feedback) StdoutLine: {'line': b'running egg_info\n'}
[1.527267] (feedback) StdoutLine: {'line': b'writing ../../build/feedback/feedback.egg-info/PKG-INFO\n'}
[1.528160] (feedback) StdoutLine: {'line': b'writing dependency_links to ../../build/feedback/feedback.egg-info/dependency_links.txt\n'}
[1.528911] (feedback) StdoutLine: {'line': b'writing entry points to ../../build/feedback/feedback.egg-info/entry_points.txt\n'}
[1.529252] (feedback) StdoutLine: {'line': b'writing requirements to ../../build/feedback/feedback.egg-info/requires.txt\n'}
[1.529539] (feedback) StdoutLine: {'line': b'writing top-level names to ../../build/feedback/feedback.egg-info/top_level.txt\n'}
[1.534223] (feedback) StdoutLine: {'line': b"reading manifest file '../../build/feedback/feedback.egg-info/SOURCES.txt'\n"}
[1.536978] (feedback) StdoutLine: {'line': b"adding license file 'LICENSE'\n"}
[1.539014] (feedback) StdoutLine: {'line': b"writing manifest file '../../build/feedback/feedback.egg-info/SOURCES.txt'\n"}
[1.541548] (feedback) StdoutLine: {'line': b'running build\n'}
[1.542704] (feedback) StdoutLine: {'line': b'running build_py\n'}
[1.544243] (feedback) StdoutLine: {'line': b'running install\n'}
[1.545002] (feedback) StdoutLine: {'line': b'running install_lib\n'}
[1.551510] (feedback) StdoutLine: {'line': b'running install_data\n'}
[1.553115] (feedback) StdoutLine: {'line': b'running install_egg_info\n'}
[1.557502] (feedback) StdoutLine: {'line': b"removing '/micro_ros_ws/wall_e_ws/install/feedback/lib/python3.10/site-packages/feedback-0.0.0-py3.10.egg-info' (and everything under it)\n"}
[1.560679] (feedback) StdoutLine: {'line': b'Copying ../../build/feedback/feedback.egg-info to /micro_ros_ws/wall_e_ws/install/feedback/lib/python3.10/site-packages/feedback-0.0.0-py3.10.egg-info\n'}
[1.565262] (localization) StdoutLine: {'line': b'running egg_info\n'}
[1.566853] (localization) StdoutLine: {'line': b'writing ../../build/localization/localization.egg-info/PKG-INFO\n'}
[1.568144] (localization) StdoutLine: {'line': b'writing dependency_links to ../../build/localization/localization.egg-info/dependency_links.txt\n'}
[1.569012] (localization) StdoutLine: {'line': b'writing entry points to ../../build/localization/localization.egg-info/entry_points.txt\n'}
[1.569640] (localization) StdoutLine: {'line': b'writing requirements to ../../build/localization/localization.egg-info/requires.txt\n'}
[1.570041] (localization) StdoutLine: {'line': b'writing top-level names to ../../build/localization/localization.egg-info/top_level.txt\n'}
[1.574853] (feedback) StdoutLine: {'line': b'running install_scripts\n'}
[1.575367] (localization) StdoutLine: {'line': b"reading manifest file '../../build/localization/localization.egg-info/SOURCES.txt'\n"}
[1.579237] (localization) StdoutLine: {'line': b"adding license file 'LICENSE'\n"}
[1.581552] (localization) StdoutLine: {'line': b"writing manifest file '../../build/localization/localization.egg-info/SOURCES.txt'\n"}
[1.582023] (localization) StdoutLine: {'line': b'running build\n'}
[1.582315] (localization) StdoutLine: {'line': b'running build_py\n'}
[1.584512] (localization) StdoutLine: {'line': b'running install\n'}
[1.585008] (localization) StdoutLine: {'line': b'running install_lib\n'}
[1.590915] (localization) StdoutLine: {'line': b'running install_data\n'}
[1.591956] (localization) StdoutLine: {'line': b'running install_egg_info\n'}
[1.596450] (localization) StdoutLine: {'line': b"removing '/micro_ros_ws/wall_e_ws/install/localization/lib/python3.10/site-packages/localization-0.0.0-py3.10.egg-info' (and everything under it)\n"}
[1.598722] (localization) StdoutLine: {'line': b'Copying ../../build/localization/localization.egg-info to /micro_ros_ws/wall_e_ws/install/localization/lib/python3.10/site-packages/localization-0.0.0-py3.10.egg-info\n'}
[1.605340] (-) TimerEvent: {}
[1.605620] (feedback) StdoutLine: {'line': b'Installing imu_filter_node script to /micro_ros_ws/wall_e_ws/install/feedback/lib/feedback\n'}
[1.606439] (feedback) StdoutLine: {'line': b'Installing range_filter_node script to /micro_ros_ws/wall_e_ws/install/feedback/lib/feedback\n'}
[1.607513] (feedback) StdoutLine: {'line': b'Installing sensor_fusion_node script to /micro_ros_ws/wall_e_ws/install/feedback/lib/feedback\n'}
[1.609449] (feedback) StdoutLine: {'line': b"writing list of installed files to '/micro_ros_ws/wall_e_ws/build/feedback/install.log'\n"}
[1.614819] (localization) StdoutLine: {'line': b'running install_scripts\n'}
[1.648743] (localization) StdoutLine: {'line': b'Installing inverse_kinematic_node script to /micro_ros_ws/wall_e_ws/install/localization/lib/localization\n'}
[1.649820] (localization) StdoutLine: {'line': b'Installing odometry_node script to /micro_ros_ws/wall_e_ws/install/localization/lib/localization\n'}
[1.651182] (localization) StdoutLine: {'line': b"writing list of installed files to '/micro_ros_ws/wall_e_ws/build/localization/install.log'\n"}
[1.660860] (feedback) CommandEnded: {'returncode': 0}
[1.678248] (feedback) JobEnded: {'identifier': 'feedback', 'rc': 0}
[1.684128] (localization) CommandEnded: {'returncode': 0}
[1.705455] (-) TimerEvent: {}
[1.706485] (localization) JobEnded: {'identifier': 'localization', 'rc': 0}
[1.805565] (-) TimerEvent: {}
[1.905941] (-) TimerEvent: {}
[2.006374] (-) TimerEvent: {}
[2.031242] (control) Command: {'cmd': ['/usr/bin/python3', '-W', 'ignore:setup.py install is deprecated', '-W', 'ignore:easy_install command is deprecated', 'setup.py', 'egg_info', '--egg-base', '../../build/control', 'build', '--build-base', '/micro_ros_ws/wall_e_ws/build/control/build', 'install', '--record', '/micro_ros_ws/wall_e_ws/build/control/install.log', '--single-version-externally-managed', 'install_data'], 'cwd': '/micro_ros_ws/wall_e_ws/src/control', 'env': {'HOSTNAME': '1f39bf4e130b', 'SHLVL': '0', 'LD_LIBRARY_PATH': '/micro_ros_ws/wall_e_ws/install/custom_interfaces/lib:/opt/ros/humble/lib/x86_64-linux-gnu:/opt/ros/humble/lib', 'HOME': '/root', 'OLDPWD': '/micro_ros_ws', 'ROS_PYTHON_VERSION': '3', 'ROS_DISTRO': 'humble', '_': '/usr/bin/colcon', 'ROS_VERSION': '2', 'TERM': 'xterm', 'ROS_LOCALHOST_ONLY': '0', 'PATH': '/opt/ros/humble/bin:/usr/local/sbin:/usr/local/bin:/usr/sbin:/usr/bin:/sbin:/bin', 'LANG': 'C.UTF-8', 'AMENT_PREFIX_PATH': '/micro_ros_ws/wall_e_ws/install/custom_interfaces:/opt/ros/humble', 'PWD': '/micro_ros_ws/wall_e_ws/build/control', 'LC_ALL': 'C.UTF-8', 'PYTHONPATH': '/micro_ros_ws/wall_e_ws/build/control/prefix_override:/usr/lib/python3/dist-packages/colcon_core/task/python/colcon_distutils_commands:/micro_ros_ws/wall_e_ws/install/control/lib/python3.10/site-packages:/micro_ros_ws/wall_e_ws/install/custom_interfaces/local/lib/python3.10/dist-packages:/opt/ros/humble/lib/python3.10/site-packages:/opt/ros/humble/local/lib/python3.10/dist-packages', 'COLCON': '1', 'CMAKE_PREFIX_PATH': '/micro_ros_ws/wall_e_ws/install/custom_interfaces'}, 'shell': False}
[2.106469] (-) TimerEvent: {}
[2.206814] (-) TimerEvent: {}
[2.269752] (control) StdoutLine: {'line': b'running egg_info\n'}
[2.270672] (control) StdoutLine: {'line': b'creating ../../build/control/control.egg-info\n'}
[2.271268] (control) StdoutLine: {'line': b'writing ../../build/control/control.egg-info/PKG-INFO\n'}
[2.272342] (control) StdoutLine: {'line': b'writing dependency_links to ../../build/control/control.egg-info/dependency_links.txt\n'}
[2.272938] (control) StdoutLine: {'line': b'writing entry points to ../../build/control/control.egg-info/entry_points.txt\n'}
[2.273419] (control) StdoutLine: {'line': b'writing requirements to ../../build/control/control.egg-info/requires.txt\n'}
[2.273803] (control) StdoutLine: {'line': b'writing top-level names to ../../build/control/control.egg-info/top_level.txt\n'}
[2.274449] (control) StdoutLine: {'line': b"writing manifest file '../../build/control/control.egg-info/SOURCES.txt'\n"}
[2.279891] (control) StdoutLine: {'line': b"reading manifest file '../../build/control/control.egg-info/SOURCES.txt'\n"}
[2.281400] (control) StdoutLine: {'line': b"adding license file 'LICENSE'\n"}
[2.283095] (control) StdoutLine: {'line': b"writing manifest file '../../build/control/control.egg-info/SOURCES.txt'\n"}
[2.283467] (control) StdoutLine: {'line': b'running build\n'}
[2.283707] (control) StdoutLine: {'line': b'running build_py\n'}
[2.283976] (control) StdoutLine: {'line': b'creating /micro_ros_ws/wall_e_ws/build/control/build\n'}
[2.284221] (control) StdoutLine: {'line': b'creating /micro_ros_ws/wall_e_ws/build/control/build/lib\n'}
[2.284461] (control) StdoutLine: {'line': b'creating /micro_ros_ws/wall_e_ws/build/control/build/lib/control\n'}
[2.284709] (control) StdoutLine: {'line': b'copying control/gamepad.py -> /micro_ros_ws/wall_e_ws/build/control/build/lib/control\n'}
[2.285147] (control) StdoutLine: {'line': b'copying control/robot_control.py -> /micro_ros_ws/wall_e_ws/build/control/build/lib/control\n'}
[2.285959] (control) StdoutLine: {'line': b'copying control/__init__.py -> /micro_ros_ws/wall_e_ws/build/control/build/lib/control\n'}
[2.286548] (control) StdoutLine: {'line': b'running install\n'}
[2.286919] (control) StdoutLine: {'line': b'running install_lib\n'}
[2.288326] (control) StdoutLine: {'line': b'creating /micro_ros_ws/wall_e_ws/install/control/lib/python3.10/site-packages/control\n'}
[2.289039] (control) StdoutLine: {'line': b'copying /micro_ros_ws/wall_e_ws/build/control/build/lib/control/gamepad.py -> /micro_ros_ws/wall_e_ws/install/control/lib/python3.10/site-packages/control\n'}
[2.290364] (control) StdoutLine: {'line': b'copying /micro_ros_ws/wall_e_ws/build/control/build/lib/control/robot_control.py -> /micro_ros_ws/wall_e_ws/install/control/lib/python3.10/site-packages/control\n'}
[2.291657] (control) StdoutLine: {'line': b'copying /micro_ros_ws/wall_e_ws/build/control/build/lib/control/__init__.py -> /micro_ros_ws/wall_e_ws/install/control/lib/python3.10/site-packages/control\n'}
[2.293797] (control) StdoutLine: {'line': b'byte-compiling /micro_ros_ws/wall_e_ws/install/control/lib/python3.10/site-packages/control/gamepad.py to gamepad.cpython-310.pyc\n'}
[2.297305] (control) StdoutLine: {'line': b'byte-compiling /micro_ros_ws/wall_e_ws/install/control/lib/python3.10/site-packages/control/robot_control.py to robot_control.cpython-310.pyc\n'}
[2.302569] (control) StdoutLine: {'line': b'byte-compiling /micro_ros_ws/wall_e_ws/install/control/lib/python3.10/site-packages/control/__init__.py to __init__.cpython-310.pyc\n'}
[2.304031] (control) StdoutLine: {'line': b'running install_data\n'}
[2.304497] (control) StdoutLine: {'line': b'creating /micro_ros_ws/wall_e_ws/install/control/share/ament_index\n'}
[2.304747] (control) StdoutLine: {'line': b'creating /micro_ros_ws/wall_e_ws/install/control/share/ament_index/resource_index\n'}
[2.305010] (control) StdoutLine: {'line': b'creating /micro_ros_ws/wall_e_ws/install/control/share/ament_index/resource_index/packages\n'}
[2.305318] (control) StdoutLine: {'line': b'copying resource/control -> /micro_ros_ws/wall_e_ws/install/control/share/ament_index/resource_index/packages\n'}
[2.306913] (control) StdoutLine: {'line': b'copying package.xml -> /micro_ros_ws/wall_e_ws/install/control/share/control\n'}
[2.307258] (-) TimerEvent: {}
[2.307730] (control) StdoutLine: {'line': b'running install_egg_info\n'}
[2.311907] (control) StdoutLine: {'line': b'Copying ../../build/control/control.egg-info to /micro_ros_ws/wall_e_ws/install/control/lib/python3.10/site-packages/control-0.0.0-py3.10.egg-info\n'}
[2.321957] (control) StdoutLine: {'line': b'running install_scripts\n'}
[2.347760] (control) StdoutLine: {'line': b'Installing gamepad_node script to /micro_ros_ws/wall_e_ws/install/control/lib/control\n'}
[2.348401] (control) StdoutLine: {'line': b'Installing robot_control_node script to /micro_ros_ws/wall_e_ws/install/control/lib/control\n'}
[2.349282] (control) StdoutLine: {'line': b"writing list of installed files to '/micro_ros_ws/wall_e_ws/build/control/install.log'\n"}
[2.374716] (control) CommandEnded: {'returncode': 0}
[2.392806] (control) JobEnded: {'identifier': 'control', 'rc': 0}
[2.394069] (-) EventReactorShutdown: {}
