[3.909s] Invoking command in '/micro_ros_ws/firmware/mcu_ws/uros/tracetools/tracetools_launch': AMENT_PREFIX_PATH=/micro_ros_ws/firmware/mcu_ws/install:${AMENT_PREFIX_PATH} CMAKE_PREFIX_PATH=/micro_ros_ws/firmware/mcu_ws/install:${CMAKE_PREFIX_PATH} PATH=/micro_ros_ws/firmware/mcu_ws/install/bin:${PATH} PYTHONPATH=/micro_ros_ws/firmware/mcu_ws/build/tracetools_launch/prefix_override:/micro_ros_ws/firmware/toolchain/espressif/python_env/idf4.1_py3.10_env/lib/python3.10/site-packages/colcon_core/task/python/colcon_distutils_commands:/micro_ros_ws/firmware/mcu_ws/install/lib/python3.10/site-packages:/micro_ros_ws/firmware/mcu_ws/install/lib/python3.10/site-packages:${PYTHONPATH} /micro_ros_ws/firmware/toolchain/espressif/python_env/idf4.1_py3.10_env/bin/python -W ignore:setup.py install is deprecated -W ignore:easy_install command is deprecated setup.py egg_info --egg-base ../../../build/tracetools_launch build --build-base /micro_ros_ws/firmware/mcu_ws/build/tracetools_launch/build install --record /micro_ros_ws/firmware/mcu_ws/build/tracetools_launch/install.log --single-version-externally-managed install_data
[5.005s] /micro_ros_ws/firmware/toolchain/espressif/python_env/idf4.1_py3.10_env/lib/python3.10/site-packages/setuptools/_distutils/dist.py:289: UserWarning: Unknown distribution option: 'tests_require'
[5.005s]   warnings.warn(msg)
[5.637s] running egg_info
[5.726s] writing ../../../build/tracetools_launch/tracetools_launch.egg-info/PKG-INFO
[5.729s] writing dependency_links to ../../../build/tracetools_launch/tracetools_launch.egg-info/dependency_links.txt
[5.731s] writing entry points to ../../../build/tracetools_launch/tracetools_launch.egg-info/entry_points.txt
[5.732s] writing requirements to ../../../build/tracetools_launch/tracetools_launch.egg-info/requires.txt
[5.733s] writing top-level names to ../../../build/tracetools_launch/tracetools_launch.egg-info/top_level.txt
[5.972s] reading manifest file '../../../build/tracetools_launch/tracetools_launch.egg-info/SOURCES.txt'
[5.991s] writing manifest file '../../../build/tracetools_launch/tracetools_launch.egg-info/SOURCES.txt'
[5.991s] running build
[5.992s] running build_py
[5.996s] copying tracetools_launch/action.py -> /micro_ros_ws/firmware/mcu_ws/build/tracetools_launch/build/lib/tracetools_launch
[6.001s] copying tracetools_launch/__init__.py -> /micro_ros_ws/firmware/mcu_ws/build/tracetools_launch/build/lib/tracetools_launch
[6.009s] copying tracetools_launch/actions/ld_preload.py -> /micro_ros_ws/firmware/mcu_ws/build/tracetools_launch/build/lib/tracetools_launch/actions
[6.014s] copying tracetools_launch/actions/__init__.py -> /micro_ros_ws/firmware/mcu_ws/build/tracetools_launch/build/lib/tracetools_launch/actions
[6.019s] running install
[6.023s] running install_lib
[6.181s] running install_data
[6.183s] copying package.xml -> /micro_ros_ws/firmware/mcu_ws/install/share/tracetools_launch
[6.189s] copying launch/example.launch.py -> /micro_ros_ws/firmware/mcu_ws/install/share/tracetools_launch/launch
[6.194s] copying launch/example.launch.xml -> /micro_ros_ws/firmware/mcu_ws/install/share/tracetools_launch/launch
[6.200s] copying launch/example.launch.yaml -> /micro_ros_ws/firmware/mcu_ws/install/share/tracetools_launch/launch
[6.206s] copying resource/tracetools_launch -> /micro_ros_ws/firmware/mcu_ws/install/share/ament_index/resource_index/packages
[6.210s] running install_egg_info
[6.324s] removing '/micro_ros_ws/firmware/mcu_ws/install/lib/python3.10/site-packages/tracetools_launch-4.1.1-py3.10.egg-info' (and everything under it)
[6.332s] Copying ../../../build/tracetools_launch/tracetools_launch.egg-info to /micro_ros_ws/firmware/mcu_ws/install/lib/python3.10/site-packages/tracetools_launch-4.1.1-py3.10.egg-info
[6.375s] running install_scripts
[7.306s] writing list of installed files to '/micro_ros_ws/firmware/mcu_ws/build/tracetools_launch/install.log'
[7.344s] Invoked command in '/micro_ros_ws/firmware/mcu_ws/uros/tracetools/tracetools_launch' returned '0': AMENT_PREFIX_PATH=/micro_ros_ws/firmware/mcu_ws/install:${AMENT_PREFIX_PATH} CMAKE_PREFIX_PATH=/micro_ros_ws/firmware/mcu_ws/install:${CMAKE_PREFIX_PATH} PATH=/micro_ros_ws/firmware/mcu_ws/install/bin:${PATH} PYTHONPATH=/micro_ros_ws/firmware/mcu_ws/build/tracetools_launch/prefix_override:/micro_ros_ws/firmware/toolchain/espressif/python_env/idf4.1_py3.10_env/lib/python3.10/site-packages/colcon_core/task/python/colcon_distutils_commands:/micro_ros_ws/firmware/mcu_ws/install/lib/python3.10/site-packages:/micro_ros_ws/firmware/mcu_ws/install/lib/python3.10/site-packages:${PYTHONPATH} /micro_ros_ws/firmware/toolchain/espressif/python_env/idf4.1_py3.10_env/bin/python -W ignore:setup.py install is deprecated -W ignore:easy_install command is deprecated setup.py egg_info --egg-base ../../../build/tracetools_launch build --build-base /micro_ros_ws/firmware/mcu_ws/build/tracetools_launch/build install --record /micro_ros_ws/firmware/mcu_ws/build/tracetools_launch/install.log --single-version-externally-managed install_data
