[0.236s] Invoking command in '/micro_ros_ws/firmware/mcu_ws/build/rosidl_generator_c': AMENT_PREFIX_PATH=/micro_ros_ws/firmware/mcu_ws/install:${AMENT_PREFIX_PATH} CMAKE_PREFIX_PATH=/micro_ros_ws/firmware/mcu_ws/install:/micro_ros_ws/firmware/dev_ws/install/ament_lint_common:/micro_ros_ws/firmware/dev_ws/install/ament_cmake_uncrustify:/micro_ros_ws/firmware/dev_ws/install/uncrustify_vendor:/micro_ros_ws/firmware/dev_ws/install/ament_cmake_ros:/micro_ros_ws/firmware/dev_ws/install/ament_cmake_auto:/micro_ros_ws/firmware/dev_ws/install/ament_cmake_gmock:/micro_ros_ws/firmware/dev_ws/install/gmock_vendor:/micro_ros_ws/firmware/dev_ws/install/ament_cmake_gtest:/micro_ros_ws/firmware/dev_ws/install/gtest_vendor:/micro_ros_ws/firmware/dev_ws/install/ament_cmake_xmllint:/micro_ros_ws/firmware/dev_ws/install/ament_cmake_pyflakes:/micro_ros_ws/firmware/dev_ws/install/ament_cmake_pycodestyle:/micro_ros_ws/firmware/dev_ws/install/ament_cmake_pep257:/micro_ros_ws/firmware/dev_ws/install/ament_cmake_pclint:/micro_ros_ws/firmware/dev_ws/install/ament_lint_auto:/micro_ros_ws/firmware/dev_ws/install/ament_cmake:/micro_ros_ws/firmware/dev_ws/install/ament_cmake_version:/micro_ros_ws/firmware/dev_ws/install/ament_cmake_vendor_package:/micro_ros_ws/firmware/dev_ws/install/ament_cmake_pytest:/micro_ros_ws/firmware/dev_ws/install/ament_cmake_nose:/micro_ros_ws/firmware/dev_ws/install/ament_cmake_mypy:/micro_ros_ws/firmware/dev_ws/install/ament_cmake_lint_cmake:/micro_ros_ws/firmware/dev_ws/install/ament_cmake_google_benchmark:/micro_ros_ws/firmware/dev_ws/install/ament_cmake_flake8:/micro_ros_ws/firmware/dev_ws/install/ament_cmake_cpplint:/micro_ros_ws/firmware/dev_ws/install/ament_cmake_cppcheck:/micro_ros_ws/firmware/dev_ws/install/ament_cmake_copyright:/micro_ros_ws/firmware/dev_ws/install/ament_cmake_clang_tidy:/micro_ros_ws/firmware/dev_ws/install/ament_cmake_clang_format:/micro_ros_ws/firmware/dev_ws/install/ament_cmake_test:/micro_ros_ws/firmware/dev_ws/install/ament_cmake_target_dependencies:/micro_ros_ws/firmware/dev_ws/install/ament_cmake_python:/micro_ros_ws/firmware/dev_ws/install/ament_cmake_export_dependencies:/micro_ros_ws/firmware/dev_ws/install/ament_cmake_libraries:/micro_ros_ws/firmware/dev_ws/install/ament_cmake_include_directories:/micro_ros_ws/firmware/dev_ws/install/ament_cmake_gen_version_h:/micro_ros_ws/firmware/dev_ws/install/ament_cmake_export_targets:/micro_ros_ws/firmware/dev_ws/install/ament_cmake_export_link_flags:/micro_ros_ws/firmware/dev_ws/install/ament_cmake_export_interfaces:/micro_ros_ws/firmware/dev_ws/install/ament_cmake_export_libraries:/micro_ros_ws/firmware/dev_ws/install/ament_cmake_export_include_directories:/micro_ros_ws/firmware/dev_ws/install/ament_cmake_export_definitions:/micro_ros_ws/firmware/dev_ws/install/ament_cmake_core:/micro_ros_ws/firmware/dev_ws/install/ament_index_cpp:/micro_ros_ws/firmware/dev_ws/install/ament_uncrustify:/micro_ros_ws/firmware/dev_ws/install/domain_coordinator:/micro_ros_ws/firmware/dev_ws/install/ament_xmllint:/micro_ros_ws/firmware/dev_ws/install/ament_pyflakes:/micro_ros_ws/firmware/dev_ws/install/ament_pycodestyle:/micro_ros_ws/firmware/dev_ws/install/ament_pep257:/micro_ros_ws/firmware/dev_ws/install/ament_pclint:/micro_ros_ws/firmware/dev_ws/install/ament_package:/micro_ros_ws/firmware/dev_ws/install/ament_mypy:/micro_ros_ws/firmware/dev_ws/install/ament_lint_cmake:/micro_ros_ws/firmware/dev_ws/install/ament_flake8:/micro_ros_ws/firmware/dev_ws/install/ament_copyright:/micro_ros_ws/firmware/dev_ws/install/ament_lint:/micro_ros_ws/firmware/dev_ws/install/ament_index_python:/micro_ros_ws/firmware/dev_ws/install/ament_cpplint:/micro_ros_ws/firmware/dev_ws/install/ament_cppcheck:/micro_ros_ws/firmware/dev_ws/install/ament_clang_tidy:/micro_ros_ws/firmware/dev_ws/install/ament_clang_format LD_LIBRARY_PATH=/micro_ros_ws/firmware/mcu_ws/install/lib:${LD_LIBRARY_PATH} PATH=/micro_ros_ws/firmware/mcu_ws/install/bin:${PATH} PYTHONPATH=/micro_ros_ws/firmware/mcu_ws/install/lib/python3.10/site-packages:${PYTHONPATH} /usr/bin/cmake --build /micro_ros_ws/firmware/mcu_ws/build/rosidl_generator_c -- -j12 -l12
[0.286s] gmake[4]: Entering directory '/micro_ros_ws/firmware/mcu_ws/build/rosidl_generator_c'
[0.286s] /usr/bin/cmake -S/micro_ros_ws/firmware/mcu_ws/ros2/rosidl/rosidl_generator_c -B/micro_ros_ws/firmware/mcu_ws/build/rosidl_generator_c --check-build-system CMakeFiles/Makefile.cmake 0
[0.313s] Re-run cmake file: Makefile older than: /micro_ros_ws/firmware/freertos_apps/microros_esp32_extensions/esp32_toolchain.cmake
[0.320s] -- Found ament_cmake_python: 1.3.14 (/micro_ros_ws/firmware/dev_ws/install/ament_cmake_python/share/ament_cmake_python/cmake)
[0.324s] -- Found ament_cmake_ros: 0.10.0 (/micro_ros_ws/firmware/dev_ws/install/ament_cmake_ros/share/ament_cmake_ros/cmake)
[1.404s] -- Configuring done
[1.454s] -- Generating done
[1.490s] -- Build files have been written to: /micro_ros_ws/firmware/mcu_ws/build/rosidl_generator_c
[1.492s] /usr/bin/cmake -E cmake_progress_start /micro_ros_ws/firmware/mcu_ws/build/rosidl_generator_c/CMakeFiles /micro_ros_ws/firmware/mcu_ws/build/rosidl_generator_c//CMakeFiles/progress.marks
[1.536s] /usr/bin/gmake  -f CMakeFiles/Makefile2 all
[1.540s] gmake[5]: Entering directory '/micro_ros_ws/firmware/mcu_ws/build/rosidl_generator_c'
[1.540s] /usr/bin/gmake  -f CMakeFiles/ament_cmake_python_copy_rosidl_generator_c_setup.dir/build.make CMakeFiles/ament_cmake_python_copy_rosidl_generator_c_setup.dir/depend
[1.540s] /usr/bin/gmake  -f CMakeFiles/ament_cmake_python_copy_rosidl_generator_c.dir/build.make CMakeFiles/ament_cmake_python_copy_rosidl_generator_c.dir/depend
[1.544s] gmake[6]: Entering directory '/micro_ros_ws/firmware/mcu_ws/build/rosidl_generator_c'
[1.544s] cd /micro_ros_ws/firmware/mcu_ws/build/rosidl_generator_c && /usr/bin/cmake -E cmake_depends "Unix Makefiles" /micro_ros_ws/firmware/mcu_ws/ros2/rosidl/rosidl_generator_c /micro_ros_ws/firmware/mcu_ws/ros2/rosidl/rosidl_generator_c /micro_ros_ws/firmware/mcu_ws/build/rosidl_generator_c /micro_ros_ws/firmware/mcu_ws/build/rosidl_generator_c /micro_ros_ws/firmware/mcu_ws/build/rosidl_generator_c/CMakeFiles/ament_cmake_python_copy_rosidl_generator_c.dir/DependInfo.cmake --color=
[1.545s] gmake[6]: Entering directory '/micro_ros_ws/firmware/mcu_ws/build/rosidl_generator_c'
[1.546s] cd /micro_ros_ws/firmware/mcu_ws/build/rosidl_generator_c && /usr/bin/cmake -E cmake_depends "Unix Makefiles" /micro_ros_ws/firmware/mcu_ws/ros2/rosidl/rosidl_generator_c /micro_ros_ws/firmware/mcu_ws/ros2/rosidl/rosidl_generator_c /micro_ros_ws/firmware/mcu_ws/build/rosidl_generator_c /micro_ros_ws/firmware/mcu_ws/build/rosidl_generator_c /micro_ros_ws/firmware/mcu_ws/build/rosidl_generator_c/CMakeFiles/ament_cmake_python_copy_rosidl_generator_c_setup.dir/DependInfo.cmake --color=
[1.575s] gmake[6]: Leaving directory '/micro_ros_ws/firmware/mcu_ws/build/rosidl_generator_c'
[1.575s] /usr/bin/gmake  -f CMakeFiles/ament_cmake_python_copy_rosidl_generator_c.dir/build.make CMakeFiles/ament_cmake_python_copy_rosidl_generator_c.dir/build
[1.582s] gmake[6]: Leaving directory '/micro_ros_ws/firmware/mcu_ws/build/rosidl_generator_c'
[1.582s] /usr/bin/gmake  -f CMakeFiles/ament_cmake_python_copy_rosidl_generator_c_setup.dir/build.make CMakeFiles/ament_cmake_python_copy_rosidl_generator_c_setup.dir/build
[1.583s] gmake[6]: Entering directory '/micro_ros_ws/firmware/mcu_ws/build/rosidl_generator_c'
[1.584s] /usr/bin/cmake -E copy_directory /micro_ros_ws/firmware/mcu_ws/ros2/rosidl/rosidl_generator_c/rosidl_generator_c /micro_ros_ws/firmware/mcu_ws/build/rosidl_generator_c/ament_cmake_python/rosidl_generator_c/rosidl_generator_c
[1.588s] gmake[6]: Entering directory '/micro_ros_ws/firmware/mcu_ws/build/rosidl_generator_c'
[1.589s] /usr/bin/cmake -E copy /micro_ros_ws/firmware/mcu_ws/ros2/rosidl/rosidl_generator_c/setup.cfg /micro_ros_ws/firmware/mcu_ws/build/rosidl_generator_c/ament_cmake_python/rosidl_generator_c/setup.cfg
[1.605s] gmake[6]: Leaving directory '/micro_ros_ws/firmware/mcu_ws/build/rosidl_generator_c'
[1.606s] gmake[6]: Leaving directory '/micro_ros_ws/firmware/mcu_ws/build/rosidl_generator_c'
[1.621s] Built target ament_cmake_python_copy_rosidl_generator_c_setup
[1.623s] Built target ament_cmake_python_copy_rosidl_generator_c
[1.623s] /usr/bin/gmake  -f CMakeFiles/ament_cmake_python_build_rosidl_generator_c_egg.dir/build.make CMakeFiles/ament_cmake_python_build_rosidl_generator_c_egg.dir/depend
[1.626s] gmake[6]: Entering directory '/micro_ros_ws/firmware/mcu_ws/build/rosidl_generator_c'
[1.626s] cd /micro_ros_ws/firmware/mcu_ws/build/rosidl_generator_c && /usr/bin/cmake -E cmake_depends "Unix Makefiles" /micro_ros_ws/firmware/mcu_ws/ros2/rosidl/rosidl_generator_c /micro_ros_ws/firmware/mcu_ws/ros2/rosidl/rosidl_generator_c /micro_ros_ws/firmware/mcu_ws/build/rosidl_generator_c /micro_ros_ws/firmware/mcu_ws/build/rosidl_generator_c /micro_ros_ws/firmware/mcu_ws/build/rosidl_generator_c/CMakeFiles/ament_cmake_python_build_rosidl_generator_c_egg.dir/DependInfo.cmake --color=
[1.640s] gmake[6]: Leaving directory '/micro_ros_ws/firmware/mcu_ws/build/rosidl_generator_c'
[1.640s] /usr/bin/gmake  -f CMakeFiles/ament_cmake_python_build_rosidl_generator_c_egg.dir/build.make CMakeFiles/ament_cmake_python_build_rosidl_generator_c_egg.dir/build
[1.643s] gmake[6]: Entering directory '/micro_ros_ws/firmware/mcu_ws/build/rosidl_generator_c'
[1.643s] cd /micro_ros_ws/firmware/mcu_ws/build/rosidl_generator_c/ament_cmake_python/rosidl_generator_c && /micro_ros_ws/firmware/toolchain/espressif/python_env/idf4.1_py3.10_env/bin/python3 setup.py egg_info
[2.220s] running egg_info
[2.246s] writing rosidl_generator_c.egg-info/PKG-INFO
[2.247s] writing dependency_links to rosidl_generator_c.egg-info/dependency_links.txt
[2.247s] writing entry points to rosidl_generator_c.egg-info/entry_points.txt
[2.248s] writing top-level names to rosidl_generator_c.egg-info/top_level.txt
[2.350s] reading manifest file 'rosidl_generator_c.egg-info/SOURCES.txt'
[2.353s] writing manifest file 'rosidl_generator_c.egg-info/SOURCES.txt'
[2.373s] gmake[6]: Leaving directory '/micro_ros_ws/firmware/mcu_ws/build/rosidl_generator_c'
[2.399s] Built target ament_cmake_python_build_rosidl_generator_c_egg
[2.400s] gmake[5]: Leaving directory '/micro_ros_ws/firmware/mcu_ws/build/rosidl_generator_c'
[2.400s] /usr/bin/cmake -E cmake_progress_start /micro_ros_ws/firmware/mcu_ws/build/rosidl_generator_c/CMakeFiles 0
[2.419s] gmake[4]: Leaving directory '/micro_ros_ws/firmware/mcu_ws/build/rosidl_generator_c'
[2.422s] Invoked command in '/micro_ros_ws/firmware/mcu_ws/build/rosidl_generator_c' returned '0': AMENT_PREFIX_PATH=/micro_ros_ws/firmware/mcu_ws/install:${AMENT_PREFIX_PATH} CMAKE_PREFIX_PATH=/micro_ros_ws/firmware/mcu_ws/install:/micro_ros_ws/firmware/dev_ws/install/ament_lint_common:/micro_ros_ws/firmware/dev_ws/install/ament_cmake_uncrustify:/micro_ros_ws/firmware/dev_ws/install/uncrustify_vendor:/micro_ros_ws/firmware/dev_ws/install/ament_cmake_ros:/micro_ros_ws/firmware/dev_ws/install/ament_cmake_auto:/micro_ros_ws/firmware/dev_ws/install/ament_cmake_gmock:/micro_ros_ws/firmware/dev_ws/install/gmock_vendor:/micro_ros_ws/firmware/dev_ws/install/ament_cmake_gtest:/micro_ros_ws/firmware/dev_ws/install/gtest_vendor:/micro_ros_ws/firmware/dev_ws/install/ament_cmake_xmllint:/micro_ros_ws/firmware/dev_ws/install/ament_cmake_pyflakes:/micro_ros_ws/firmware/dev_ws/install/ament_cmake_pycodestyle:/micro_ros_ws/firmware/dev_ws/install/ament_cmake_pep257:/micro_ros_ws/firmware/dev_ws/install/ament_cmake_pclint:/micro_ros_ws/firmware/dev_ws/install/ament_lint_auto:/micro_ros_ws/firmware/dev_ws/install/ament_cmake:/micro_ros_ws/firmware/dev_ws/install/ament_cmake_version:/micro_ros_ws/firmware/dev_ws/install/ament_cmake_vendor_package:/micro_ros_ws/firmware/dev_ws/install/ament_cmake_pytest:/micro_ros_ws/firmware/dev_ws/install/ament_cmake_nose:/micro_ros_ws/firmware/dev_ws/install/ament_cmake_mypy:/micro_ros_ws/firmware/dev_ws/install/ament_cmake_lint_cmake:/micro_ros_ws/firmware/dev_ws/install/ament_cmake_google_benchmark:/micro_ros_ws/firmware/dev_ws/install/ament_cmake_flake8:/micro_ros_ws/firmware/dev_ws/install/ament_cmake_cpplint:/micro_ros_ws/firmware/dev_ws/install/ament_cmake_cppcheck:/micro_ros_ws/firmware/dev_ws/install/ament_cmake_copyright:/micro_ros_ws/firmware/dev_ws/install/ament_cmake_clang_tidy:/micro_ros_ws/firmware/dev_ws/install/ament_cmake_clang_format:/micro_ros_ws/firmware/dev_ws/install/ament_cmake_test:/micro_ros_ws/firmware/dev_ws/install/ament_cmake_target_dependencies:/micro_ros_ws/firmware/dev_ws/install/ament_cmake_python:/micro_ros_ws/firmware/dev_ws/install/ament_cmake_export_dependencies:/micro_ros_ws/firmware/dev_ws/install/ament_cmake_libraries:/micro_ros_ws/firmware/dev_ws/install/ament_cmake_include_directories:/micro_ros_ws/firmware/dev_ws/install/ament_cmake_gen_version_h:/micro_ros_ws/firmware/dev_ws/install/ament_cmake_export_targets:/micro_ros_ws/firmware/dev_ws/install/ament_cmake_export_link_flags:/micro_ros_ws/firmware/dev_ws/install/ament_cmake_export_interfaces:/micro_ros_ws/firmware/dev_ws/install/ament_cmake_export_libraries:/micro_ros_ws/firmware/dev_ws/install/ament_cmake_export_include_directories:/micro_ros_ws/firmware/dev_ws/install/ament_cmake_export_definitions:/micro_ros_ws/firmware/dev_ws/install/ament_cmake_core:/micro_ros_ws/firmware/dev_ws/install/ament_index_cpp:/micro_ros_ws/firmware/dev_ws/install/ament_uncrustify:/micro_ros_ws/firmware/dev_ws/install/domain_coordinator:/micro_ros_ws/firmware/dev_ws/install/ament_xmllint:/micro_ros_ws/firmware/dev_ws/install/ament_pyflakes:/micro_ros_ws/firmware/dev_ws/install/ament_pycodestyle:/micro_ros_ws/firmware/dev_ws/install/ament_pep257:/micro_ros_ws/firmware/dev_ws/install/ament_pclint:/micro_ros_ws/firmware/dev_ws/install/ament_package:/micro_ros_ws/firmware/dev_ws/install/ament_mypy:/micro_ros_ws/firmware/dev_ws/install/ament_lint_cmake:/micro_ros_ws/firmware/dev_ws/install/ament_flake8:/micro_ros_ws/firmware/dev_ws/install/ament_copyright:/micro_ros_ws/firmware/dev_ws/install/ament_lint:/micro_ros_ws/firmware/dev_ws/install/ament_index_python:/micro_ros_ws/firmware/dev_ws/install/ament_cpplint:/micro_ros_ws/firmware/dev_ws/install/ament_cppcheck:/micro_ros_ws/firmware/dev_ws/install/ament_clang_tidy:/micro_ros_ws/firmware/dev_ws/install/ament_clang_format LD_LIBRARY_PATH=/micro_ros_ws/firmware/mcu_ws/install/lib:${LD_LIBRARY_PATH} PATH=/micro_ros_ws/firmware/mcu_ws/install/bin:${PATH} PYTHONPATH=/micro_ros_ws/firmware/mcu_ws/install/lib/python3.10/site-packages:${PYTHONPATH} /usr/bin/cmake --build /micro_ros_ws/firmware/mcu_ws/build/rosidl_generator_c -- -j12 -l12
[2.424s] Invoking command in '/micro_ros_ws/firmware/mcu_ws/build/rosidl_generator_c': AMENT_PREFIX_PATH=/micro_ros_ws/firmware/mcu_ws/install:${AMENT_PREFIX_PATH} CMAKE_PREFIX_PATH=/micro_ros_ws/firmware/mcu_ws/install:/micro_ros_ws/firmware/dev_ws/install/ament_lint_common:/micro_ros_ws/firmware/dev_ws/install/ament_cmake_uncrustify:/micro_ros_ws/firmware/dev_ws/install/uncrustify_vendor:/micro_ros_ws/firmware/dev_ws/install/ament_cmake_ros:/micro_ros_ws/firmware/dev_ws/install/ament_cmake_auto:/micro_ros_ws/firmware/dev_ws/install/ament_cmake_gmock:/micro_ros_ws/firmware/dev_ws/install/gmock_vendor:/micro_ros_ws/firmware/dev_ws/install/ament_cmake_gtest:/micro_ros_ws/firmware/dev_ws/install/gtest_vendor:/micro_ros_ws/firmware/dev_ws/install/ament_cmake_xmllint:/micro_ros_ws/firmware/dev_ws/install/ament_cmake_pyflakes:/micro_ros_ws/firmware/dev_ws/install/ament_cmake_pycodestyle:/micro_ros_ws/firmware/dev_ws/install/ament_cmake_pep257:/micro_ros_ws/firmware/dev_ws/install/ament_cmake_pclint:/micro_ros_ws/firmware/dev_ws/install/ament_lint_auto:/micro_ros_ws/firmware/dev_ws/install/ament_cmake:/micro_ros_ws/firmware/dev_ws/install/ament_cmake_version:/micro_ros_ws/firmware/dev_ws/install/ament_cmake_vendor_package:/micro_ros_ws/firmware/dev_ws/install/ament_cmake_pytest:/micro_ros_ws/firmware/dev_ws/install/ament_cmake_nose:/micro_ros_ws/firmware/dev_ws/install/ament_cmake_mypy:/micro_ros_ws/firmware/dev_ws/install/ament_cmake_lint_cmake:/micro_ros_ws/firmware/dev_ws/install/ament_cmake_google_benchmark:/micro_ros_ws/firmware/dev_ws/install/ament_cmake_flake8:/micro_ros_ws/firmware/dev_ws/install/ament_cmake_cpplint:/micro_ros_ws/firmware/dev_ws/install/ament_cmake_cppcheck:/micro_ros_ws/firmware/dev_ws/install/ament_cmake_copyright:/micro_ros_ws/firmware/dev_ws/install/ament_cmake_clang_tidy:/micro_ros_ws/firmware/dev_ws/install/ament_cmake_clang_format:/micro_ros_ws/firmware/dev_ws/install/ament_cmake_test:/micro_ros_ws/firmware/dev_ws/install/ament_cmake_target_dependencies:/micro_ros_ws/firmware/dev_ws/install/ament_cmake_python:/micro_ros_ws/firmware/dev_ws/install/ament_cmake_export_dependencies:/micro_ros_ws/firmware/dev_ws/install/ament_cmake_libraries:/micro_ros_ws/firmware/dev_ws/install/ament_cmake_include_directories:/micro_ros_ws/firmware/dev_ws/install/ament_cmake_gen_version_h:/micro_ros_ws/firmware/dev_ws/install/ament_cmake_export_targets:/micro_ros_ws/firmware/dev_ws/install/ament_cmake_export_link_flags:/micro_ros_ws/firmware/dev_ws/install/ament_cmake_export_interfaces:/micro_ros_ws/firmware/dev_ws/install/ament_cmake_export_libraries:/micro_ros_ws/firmware/dev_ws/install/ament_cmake_export_include_directories:/micro_ros_ws/firmware/dev_ws/install/ament_cmake_export_definitions:/micro_ros_ws/firmware/dev_ws/install/ament_cmake_core:/micro_ros_ws/firmware/dev_ws/install/ament_index_cpp:/micro_ros_ws/firmware/dev_ws/install/ament_uncrustify:/micro_ros_ws/firmware/dev_ws/install/domain_coordinator:/micro_ros_ws/firmware/dev_ws/install/ament_xmllint:/micro_ros_ws/firmware/dev_ws/install/ament_pyflakes:/micro_ros_ws/firmware/dev_ws/install/ament_pycodestyle:/micro_ros_ws/firmware/dev_ws/install/ament_pep257:/micro_ros_ws/firmware/dev_ws/install/ament_pclint:/micro_ros_ws/firmware/dev_ws/install/ament_package:/micro_ros_ws/firmware/dev_ws/install/ament_mypy:/micro_ros_ws/firmware/dev_ws/install/ament_lint_cmake:/micro_ros_ws/firmware/dev_ws/install/ament_flake8:/micro_ros_ws/firmware/dev_ws/install/ament_copyright:/micro_ros_ws/firmware/dev_ws/install/ament_lint:/micro_ros_ws/firmware/dev_ws/install/ament_index_python:/micro_ros_ws/firmware/dev_ws/install/ament_cpplint:/micro_ros_ws/firmware/dev_ws/install/ament_cppcheck:/micro_ros_ws/firmware/dev_ws/install/ament_clang_tidy:/micro_ros_ws/firmware/dev_ws/install/ament_clang_format LD_LIBRARY_PATH=/micro_ros_ws/firmware/mcu_ws/install/lib:${LD_LIBRARY_PATH} PATH=/micro_ros_ws/firmware/mcu_ws/install/bin:${PATH} PYTHONPATH=/micro_ros_ws/firmware/mcu_ws/install/lib/python3.10/site-packages:${PYTHONPATH} /usr/bin/cmake --install /micro_ros_ws/firmware/mcu_ws/build/rosidl_generator_c
[2.442s] -- Install configuration: "Debug"
[2.443s] -- Up-to-date: /micro_ros_ws/firmware/mcu_ws/install/share/ament_index/resource_index/rosidl_generator_packages/rosidl_generator_c
[2.445s] -- Up-to-date: /micro_ros_ws/firmware/mcu_ws/install/share/rosidl_generator_c/environment/pythonpath.sh
[2.446s] -- Installing: /micro_ros_ws/firmware/mcu_ws/install/share/rosidl_generator_c/environment/pythonpath.dsv
[2.449s] -- Up-to-date: /micro_ros_ws/firmware/mcu_ws/install/lib/python3.10/site-packages/rosidl_generator_c-3.1.8-py3.10.egg-info
[2.450s] -- Installing: /micro_ros_ws/firmware/mcu_ws/install/lib/python3.10/site-packages/rosidl_generator_c-3.1.8-py3.10.egg-info/dependency_links.txt
[2.453s] -- Installing: /micro_ros_ws/firmware/mcu_ws/install/lib/python3.10/site-packages/rosidl_generator_c-3.1.8-py3.10.egg-info/entry_points.txt
[2.456s] -- Installing: /micro_ros_ws/firmware/mcu_ws/install/lib/python3.10/site-packages/rosidl_generator_c-3.1.8-py3.10.egg-info/PKG-INFO
[2.459s] -- Installing: /micro_ros_ws/firmware/mcu_ws/install/lib/python3.10/site-packages/rosidl_generator_c-3.1.8-py3.10.egg-info/SOURCES.txt
[2.461s] -- Installing: /micro_ros_ws/firmware/mcu_ws/install/lib/python3.10/site-packages/rosidl_generator_c-3.1.8-py3.10.egg-info/top_level.txt
[2.464s] -- Up-to-date: /micro_ros_ws/firmware/mcu_ws/install/lib/python3.10/site-packages/rosidl_generator_c
[2.466s] -- Up-to-date: /micro_ros_ws/firmware/mcu_ws/install/lib/python3.10/site-packages/rosidl_generator_c/cli.py
[2.473s] -- Up-to-date: /micro_ros_ws/firmware/mcu_ws/install/lib/python3.10/site-packages/rosidl_generator_c/__init__.py
[2.673s] Listing '/micro_ros_ws/firmware/mcu_ws/install/lib/python3.10/site-packages/rosidl_generator_c'...
[2.682s] -- Up-to-date: /micro_ros_ws/firmware/mcu_ws/install/share/ament_index/resource_index/package_run_dependencies/rosidl_generator_c
[2.683s] -- Up-to-date: /micro_ros_ws/firmware/mcu_ws/install/share/ament_index/resource_index/parent_prefix_path/rosidl_generator_c
[2.684s] -- Up-to-date: /micro_ros_ws/firmware/mcu_ws/install/share/rosidl_generator_c/environment/ament_prefix_path.sh
[2.685s] -- Installing: /micro_ros_ws/firmware/mcu_ws/install/share/rosidl_generator_c/environment/ament_prefix_path.dsv
[2.687s] -- Up-to-date: /micro_ros_ws/firmware/mcu_ws/install/share/rosidl_generator_c/environment/path.sh
[2.688s] -- Installing: /micro_ros_ws/firmware/mcu_ws/install/share/rosidl_generator_c/environment/path.dsv
[2.691s] -- Up-to-date: /micro_ros_ws/firmware/mcu_ws/install/share/rosidl_generator_c/local_setup.bash
[2.691s] -- Up-to-date: /micro_ros_ws/firmware/mcu_ws/install/share/rosidl_generator_c/local_setup.sh
[2.693s] -- Up-to-date: /micro_ros_ws/firmware/mcu_ws/install/share/rosidl_generator_c/local_setup.zsh
[2.693s] -- Installing: /micro_ros_ws/firmware/mcu_ws/install/share/rosidl_generator_c/local_setup.dsv
[2.694s] -- Installing: /micro_ros_ws/firmware/mcu_ws/install/share/rosidl_generator_c/package.dsv
[2.697s] -- Up-to-date: /micro_ros_ws/firmware/mcu_ws/install/share/ament_index/resource_index/packages/rosidl_generator_c
[2.697s] -- Up-to-date: /micro_ros_ws/firmware/mcu_ws/install/share/rosidl_generator_c/cmake/rosidl_generator_c-extras.cmake
[2.698s] -- Up-to-date: /micro_ros_ws/firmware/mcu_ws/install/share/rosidl_generator_c/cmake/ament_cmake_export_dependencies-extras.cmake
[2.699s] -- Up-to-date: /micro_ros_ws/firmware/mcu_ws/install/share/rosidl_generator_c/cmake/rosidl_generator_cConfig.cmake
[2.699s] -- Up-to-date: /micro_ros_ws/firmware/mcu_ws/install/share/rosidl_generator_c/cmake/rosidl_generator_cConfig-version.cmake
[2.700s] -- Up-to-date: /micro_ros_ws/firmware/mcu_ws/install/share/rosidl_generator_c/package.xml
[2.701s] -- Up-to-date: /micro_ros_ws/firmware/mcu_ws/install/lib/rosidl_generator_c/rosidl_generator_c
[2.701s] -- Up-to-date: /micro_ros_ws/firmware/mcu_ws/install/share/rosidl_generator_c/cmake
[2.702s] -- Up-to-date: /micro_ros_ws/firmware/mcu_ws/install/share/rosidl_generator_c/cmake/register_c.cmake
[2.703s] -- Up-to-date: /micro_ros_ws/firmware/mcu_ws/install/share/rosidl_generator_c/cmake/rosidl_generator_c_generate_interfaces.cmake
[2.703s] -- Up-to-date: /micro_ros_ws/firmware/mcu_ws/install/share/rosidl_generator_c/resource
[2.704s] -- Up-to-date: /micro_ros_ws/firmware/mcu_ws/install/share/rosidl_generator_c/resource/action__type_support.h.em
[2.705s] -- Up-to-date: /micro_ros_ws/firmware/mcu_ws/install/share/rosidl_generator_c/resource/idl.h.em
[2.706s] -- Up-to-date: /micro_ros_ws/firmware/mcu_ws/install/share/rosidl_generator_c/resource/idl__functions.c.em
[2.707s] -- Up-to-date: /micro_ros_ws/firmware/mcu_ws/install/share/rosidl_generator_c/resource/idl__functions.h.em
[2.707s] -- Up-to-date: /micro_ros_ws/firmware/mcu_ws/install/share/rosidl_generator_c/resource/idl__struct.h.em
[2.708s] -- Up-to-date: /micro_ros_ws/firmware/mcu_ws/install/share/rosidl_generator_c/resource/idl__type_support.h.em
[2.709s] -- Up-to-date: /micro_ros_ws/firmware/mcu_ws/install/share/rosidl_generator_c/resource/msg__functions.c.em
[2.710s] -- Up-to-date: /micro_ros_ws/firmware/mcu_ws/install/share/rosidl_generator_c/resource/msg__functions.h.em
[2.710s] -- Up-to-date: /micro_ros_ws/firmware/mcu_ws/install/share/rosidl_generator_c/resource/msg__struct.h.em
[2.711s] -- Up-to-date: /micro_ros_ws/firmware/mcu_ws/install/share/rosidl_generator_c/resource/msg__type_support.h.em
[2.712s] -- Up-to-date: /micro_ros_ws/firmware/mcu_ws/install/share/rosidl_generator_c/resource/rosidl_generator_c__visibility_control.h.in
[2.712s] -- Up-to-date: /micro_ros_ws/firmware/mcu_ws/install/share/rosidl_generator_c/resource/srv__type_support.h.em
[2.821s] Invoked command in '/micro_ros_ws/firmware/mcu_ws/build/rosidl_generator_c' returned '0': AMENT_PREFIX_PATH=/micro_ros_ws/firmware/mcu_ws/install:${AMENT_PREFIX_PATH} CMAKE_PREFIX_PATH=/micro_ros_ws/firmware/mcu_ws/install:/micro_ros_ws/firmware/dev_ws/install/ament_lint_common:/micro_ros_ws/firmware/dev_ws/install/ament_cmake_uncrustify:/micro_ros_ws/firmware/dev_ws/install/uncrustify_vendor:/micro_ros_ws/firmware/dev_ws/install/ament_cmake_ros:/micro_ros_ws/firmware/dev_ws/install/ament_cmake_auto:/micro_ros_ws/firmware/dev_ws/install/ament_cmake_gmock:/micro_ros_ws/firmware/dev_ws/install/gmock_vendor:/micro_ros_ws/firmware/dev_ws/install/ament_cmake_gtest:/micro_ros_ws/firmware/dev_ws/install/gtest_vendor:/micro_ros_ws/firmware/dev_ws/install/ament_cmake_xmllint:/micro_ros_ws/firmware/dev_ws/install/ament_cmake_pyflakes:/micro_ros_ws/firmware/dev_ws/install/ament_cmake_pycodestyle:/micro_ros_ws/firmware/dev_ws/install/ament_cmake_pep257:/micro_ros_ws/firmware/dev_ws/install/ament_cmake_pclint:/micro_ros_ws/firmware/dev_ws/install/ament_lint_auto:/micro_ros_ws/firmware/dev_ws/install/ament_cmake:/micro_ros_ws/firmware/dev_ws/install/ament_cmake_version:/micro_ros_ws/firmware/dev_ws/install/ament_cmake_vendor_package:/micro_ros_ws/firmware/dev_ws/install/ament_cmake_pytest:/micro_ros_ws/firmware/dev_ws/install/ament_cmake_nose:/micro_ros_ws/firmware/dev_ws/install/ament_cmake_mypy:/micro_ros_ws/firmware/dev_ws/install/ament_cmake_lint_cmake:/micro_ros_ws/firmware/dev_ws/install/ament_cmake_google_benchmark:/micro_ros_ws/firmware/dev_ws/install/ament_cmake_flake8:/micro_ros_ws/firmware/dev_ws/install/ament_cmake_cpplint:/micro_ros_ws/firmware/dev_ws/install/ament_cmake_cppcheck:/micro_ros_ws/firmware/dev_ws/install/ament_cmake_copyright:/micro_ros_ws/firmware/dev_ws/install/ament_cmake_clang_tidy:/micro_ros_ws/firmware/dev_ws/install/ament_cmake_clang_format:/micro_ros_ws/firmware/dev_ws/install/ament_cmake_test:/micro_ros_ws/firmware/dev_ws/install/ament_cmake_target_dependencies:/micro_ros_ws/firmware/dev_ws/install/ament_cmake_python:/micro_ros_ws/firmware/dev_ws/install/ament_cmake_export_dependencies:/micro_ros_ws/firmware/dev_ws/install/ament_cmake_libraries:/micro_ros_ws/firmware/dev_ws/install/ament_cmake_include_directories:/micro_ros_ws/firmware/dev_ws/install/ament_cmake_gen_version_h:/micro_ros_ws/firmware/dev_ws/install/ament_cmake_export_targets:/micro_ros_ws/firmware/dev_ws/install/ament_cmake_export_link_flags:/micro_ros_ws/firmware/dev_ws/install/ament_cmake_export_interfaces:/micro_ros_ws/firmware/dev_ws/install/ament_cmake_export_libraries:/micro_ros_ws/firmware/dev_ws/install/ament_cmake_export_include_directories:/micro_ros_ws/firmware/dev_ws/install/ament_cmake_export_definitions:/micro_ros_ws/firmware/dev_ws/install/ament_cmake_core:/micro_ros_ws/firmware/dev_ws/install/ament_index_cpp:/micro_ros_ws/firmware/dev_ws/install/ament_uncrustify:/micro_ros_ws/firmware/dev_ws/install/domain_coordinator:/micro_ros_ws/firmware/dev_ws/install/ament_xmllint:/micro_ros_ws/firmware/dev_ws/install/ament_pyflakes:/micro_ros_ws/firmware/dev_ws/install/ament_pycodestyle:/micro_ros_ws/firmware/dev_ws/install/ament_pep257:/micro_ros_ws/firmware/dev_ws/install/ament_pclint:/micro_ros_ws/firmware/dev_ws/install/ament_package:/micro_ros_ws/firmware/dev_ws/install/ament_mypy:/micro_ros_ws/firmware/dev_ws/install/ament_lint_cmake:/micro_ros_ws/firmware/dev_ws/install/ament_flake8:/micro_ros_ws/firmware/dev_ws/install/ament_copyright:/micro_ros_ws/firmware/dev_ws/install/ament_lint:/micro_ros_ws/firmware/dev_ws/install/ament_index_python:/micro_ros_ws/firmware/dev_ws/install/ament_cpplint:/micro_ros_ws/firmware/dev_ws/install/ament_cppcheck:/micro_ros_ws/firmware/dev_ws/install/ament_clang_tidy:/micro_ros_ws/firmware/dev_ws/install/ament_clang_format LD_LIBRARY_PATH=/micro_ros_ws/firmware/mcu_ws/install/lib:${LD_LIBRARY_PATH} PATH=/micro_ros_ws/firmware/mcu_ws/install/bin:${PATH} PYTHONPATH=/micro_ros_ws/firmware/mcu_ws/install/lib/python3.10/site-packages:${PYTHONPATH} /usr/bin/cmake --install /micro_ros_ws/firmware/mcu_ws/build/rosidl_generator_c
