[0.149s] Invoking command in '/micro_ros_ws/firmware/mcu_ws/build/rosidl_generator_c': AMENT_PREFIX_PATH=/micro_ros_ws/firmware/mcu_ws/install:${AMENT_PREFIX_PATH} CMAKE_PREFIX_PATH=/micro_ros_ws/firmware/mcu_ws/install:/micro_ros_ws/firmware/dev_ws/install/ament_lint_common:/micro_ros_ws/firmware/dev_ws/install/ament_cmake_uncrustify:/micro_ros_ws/firmware/dev_ws/install/uncrustify_vendor:/micro_ros_ws/firmware/dev_ws/install/ament_cmake_ros:/micro_ros_ws/firmware/dev_ws/install/ament_cmake_auto:/micro_ros_ws/firmware/dev_ws/install/ament_cmake_gmock:/micro_ros_ws/firmware/dev_ws/install/gmock_vendor:/micro_ros_ws/firmware/dev_ws/install/ament_cmake_gtest:/micro_ros_ws/firmware/dev_ws/install/gtest_vendor:/micro_ros_ws/firmware/dev_ws/install/ament_cmake_xmllint:/micro_ros_ws/firmware/dev_ws/install/ament_cmake_pyflakes:/micro_ros_ws/firmware/dev_ws/install/ament_cmake_pycodestyle:/micro_ros_ws/firmware/dev_ws/install/ament_cmake_pep257:/micro_ros_ws/firmware/dev_ws/install/ament_cmake_pclint:/micro_ros_ws/firmware/dev_ws/install/ament_lint_auto:/micro_ros_ws/firmware/dev_ws/install/ament_cmake:/micro_ros_ws/firmware/dev_ws/install/ament_cmake_version:/micro_ros_ws/firmware/dev_ws/install/ament_cmake_vendor_package:/micro_ros_ws/firmware/dev_ws/install/ament_cmake_pytest:/micro_ros_ws/firmware/dev_ws/install/ament_cmake_nose:/micro_ros_ws/firmware/dev_ws/install/ament_cmake_mypy:/micro_ros_ws/firmware/dev_ws/install/ament_cmake_lint_cmake:/micro_ros_ws/firmware/dev_ws/install/ament_cmake_google_benchmark:/micro_ros_ws/firmware/dev_ws/install/ament_cmake_flake8:/micro_ros_ws/firmware/dev_ws/install/ament_cmake_cpplint:/micro_ros_ws/firmware/dev_ws/install/ament_cmake_cppcheck:/micro_ros_ws/firmware/dev_ws/install/ament_cmake_copyright:/micro_ros_ws/firmware/dev_ws/install/ament_cmake_clang_tidy:/micro_ros_ws/firmware/dev_ws/install/ament_cmake_clang_format:/micro_ros_ws/firmware/dev_ws/install/ament_cmake_test:/micro_ros_ws/firmware/dev_ws/install/ament_cmake_target_dependencies:/micro_ros_ws/firmware/dev_ws/install/ament_cmake_python:/micro_ros_ws/firmware/dev_ws/install/ament_cmake_export_dependencies:/micro_ros_ws/firmware/dev_ws/install/ament_cmake_libraries:/micro_ros_ws/firmware/dev_ws/install/ament_cmake_include_directories:/micro_ros_ws/firmware/dev_ws/install/ament_cmake_gen_version_h:/micro_ros_ws/firmware/dev_ws/install/ament_cmake_export_targets:/micro_ros_ws/firmware/dev_ws/install/ament_cmake_export_link_flags:/micro_ros_ws/firmware/dev_ws/install/ament_cmake_export_interfaces:/micro_ros_ws/firmware/dev_ws/install/ament_cmake_export_libraries:/micro_ros_ws/firmware/dev_ws/install/ament_cmake_export_include_directories:/micro_ros_ws/firmware/dev_ws/install/ament_cmake_export_definitions:/micro_ros_ws/firmware/dev_ws/install/ament_cmake_core:/micro_ros_ws/firmware/dev_ws/install/ament_index_cpp:/micro_ros_ws/firmware/dev_ws/install/ament_uncrustify:/micro_ros_ws/firmware/dev_ws/install/domain_coordinator:/micro_ros_ws/firmware/dev_ws/install/ament_xmllint:/micro_ros_ws/firmware/dev_ws/install/ament_pyflakes:/micro_ros_ws/firmware/dev_ws/install/ament_pycodestyle:/micro_ros_ws/firmware/dev_ws/install/ament_pep257:/micro_ros_ws/firmware/dev_ws/install/ament_pclint:/micro_ros_ws/firmware/dev_ws/install/ament_package:/micro_ros_ws/firmware/dev_ws/install/ament_mypy:/micro_ros_ws/firmware/dev_ws/install/ament_lint_cmake:/micro_ros_ws/firmware/dev_ws/install/ament_flake8:/micro_ros_ws/firmware/dev_ws/install/ament_copyright:/micro_ros_ws/firmware/dev_ws/install/ament_lint:/micro_ros_ws/firmware/dev_ws/install/ament_index_python:/micro_ros_ws/firmware/dev_ws/install/ament_cpplint:/micro_ros_ws/firmware/dev_ws/install/ament_cppcheck:/micro_ros_ws/firmware/dev_ws/install/ament_clang_tidy:/micro_ros_ws/firmware/dev_ws/install/ament_clang_format LD_LIBRARY_PATH=/micro_ros_ws/firmware/mcu_ws/install/lib:${LD_LIBRARY_PATH} PATH=/micro_ros_ws/firmware/mcu_ws/install/bin:${PATH} PYTHONPATH=/micro_ros_ws/firmware/mcu_ws/install/lib/python3.10/site-packages:${PYTHONPATH} /usr/bin/cmake --build /micro_ros_ws/firmware/mcu_ws/build/rosidl_generator_c -- -j12 -l12
[0.180s] gmake[4]: Entering directory '/micro_ros_ws/firmware/mcu_ws/build/rosidl_generator_c'
[0.180s] /usr/bin/cmake -S/micro_ros_ws/firmware/mcu_ws/ros2/rosidl/rosidl_generator_c -B/micro_ros_ws/firmware/mcu_ws/build/rosidl_generator_c --check-build-system CMakeFiles/Makefile.cmake 0
[0.212s] Re-run cmake file: Makefile older than: /micro_ros_ws/firmware/freertos_apps/microros_esp32_extensions/esp32_toolchain.cmake
[0.218s] -- Found ament_cmake_python: 1.3.14 (/micro_ros_ws/firmware/dev_ws/install/ament_cmake_python/share/ament_cmake_python/cmake)
[0.221s] -- Found ament_cmake_ros: 0.10.0 (/micro_ros_ws/firmware/dev_ws/install/ament_cmake_ros/share/ament_cmake_ros/cmake)
[1.206s] -- Configuring done
[1.257s] -- Generating done
[1.275s] -- Build files have been written to: /micro_ros_ws/firmware/mcu_ws/build/rosidl_generator_c
[1.278s] /usr/bin/cmake -E cmake_progress_start /micro_ros_ws/firmware/mcu_ws/build/rosidl_generator_c/CMakeFiles /micro_ros_ws/firmware/mcu_ws/build/rosidl_generator_c//CMakeFiles/progress.marks
[1.310s] /usr/bin/gmake  -f CMakeFiles/Makefile2 all
[1.315s] gmake[5]: Entering directory '/micro_ros_ws/firmware/mcu_ws/build/rosidl_generator_c'
[1.315s] /usr/bin/gmake  -f CMakeFiles/ament_cmake_python_copy_rosidl_generator_c_setup.dir/build.make CMakeFiles/ament_cmake_python_copy_rosidl_generator_c_setup.dir/depend
[1.316s] /usr/bin/gmake  -f CMakeFiles/ament_cmake_python_copy_rosidl_generator_c.dir/build.make CMakeFiles/ament_cmake_python_copy_rosidl_generator_c.dir/depend
[1.322s] gmake[6]: Entering directory '/micro_ros_ws/firmware/mcu_ws/build/rosidl_generator_c'
[1.322s] cd /micro_ros_ws/firmware/mcu_ws/build/rosidl_generator_c && /usr/bin/cmake -E cmake_depends "Unix Makefiles" /micro_ros_ws/firmware/mcu_ws/ros2/rosidl/rosidl_generator_c /micro_ros_ws/firmware/mcu_ws/ros2/rosidl/rosidl_generator_c /micro_ros_ws/firmware/mcu_ws/build/rosidl_generator_c /micro_ros_ws/firmware/mcu_ws/build/rosidl_generator_c /micro_ros_ws/firmware/mcu_ws/build/rosidl_generator_c/CMakeFiles/ament_cmake_python_copy_rosidl_generator_c.dir/DependInfo.cmake --color=
[1.322s] gmake[6]: Entering directory '/micro_ros_ws/firmware/mcu_ws/build/rosidl_generator_c'
[1.323s] cd /micro_ros_ws/firmware/mcu_ws/build/rosidl_generator_c && /usr/bin/cmake -E cmake_depends "Unix Makefiles" /micro_ros_ws/firmware/mcu_ws/ros2/rosidl/rosidl_generator_c /micro_ros_ws/firmware/mcu_ws/ros2/rosidl/rosidl_generator_c /micro_ros_ws/firmware/mcu_ws/build/rosidl_generator_c /micro_ros_ws/firmware/mcu_ws/build/rosidl_generator_c /micro_ros_ws/firmware/mcu_ws/build/rosidl_generator_c/CMakeFiles/ament_cmake_python_copy_rosidl_generator_c_setup.dir/DependInfo.cmake --color=
[1.344s] gmake[6]: Leaving directory '/micro_ros_ws/firmware/mcu_ws/build/rosidl_generator_c'
[1.344s] /usr/bin/gmake  -f CMakeFiles/ament_cmake_python_copy_rosidl_generator_c.dir/build.make CMakeFiles/ament_cmake_python_copy_rosidl_generator_c.dir/build
[1.345s] gmake[6]: Leaving directory '/micro_ros_ws/firmware/mcu_ws/build/rosidl_generator_c'
[1.346s] /usr/bin/gmake  -f CMakeFiles/ament_cmake_python_copy_rosidl_generator_c_setup.dir/build.make CMakeFiles/ament_cmake_python_copy_rosidl_generator_c_setup.dir/build
[1.349s] gmake[6]: Entering directory '/micro_ros_ws/firmware/mcu_ws/build/rosidl_generator_c'
[1.349s] /usr/bin/cmake -E copy_directory /micro_ros_ws/firmware/mcu_ws/ros2/rosidl/rosidl_generator_c/rosidl_generator_c /micro_ros_ws/firmware/mcu_ws/build/rosidl_generator_c/ament_cmake_python/rosidl_generator_c/rosidl_generator_c
[1.351s] gmake[6]: Entering directory '/micro_ros_ws/firmware/mcu_ws/build/rosidl_generator_c'
[1.351s] /usr/bin/cmake -E copy /micro_ros_ws/firmware/mcu_ws/ros2/rosidl/rosidl_generator_c/setup.cfg /micro_ros_ws/firmware/mcu_ws/build/rosidl_generator_c/ament_cmake_python/rosidl_generator_c/setup.cfg
[1.371s] gmake[6]: Leaving directory '/micro_ros_ws/firmware/mcu_ws/build/rosidl_generator_c'
[1.374s] gmake[6]: Leaving directory '/micro_ros_ws/firmware/mcu_ws/build/rosidl_generator_c'
[1.403s] Built target ament_cmake_python_copy_rosidl_generator_c_setup
[1.405s] Built target ament_cmake_python_copy_rosidl_generator_c
[1.406s] /usr/bin/gmake  -f CMakeFiles/ament_cmake_python_build_rosidl_generator_c_egg.dir/build.make CMakeFiles/ament_cmake_python_build_rosidl_generator_c_egg.dir/depend
[1.410s] gmake[6]: Entering directory '/micro_ros_ws/firmware/mcu_ws/build/rosidl_generator_c'
[1.410s] cd /micro_ros_ws/firmware/mcu_ws/build/rosidl_generator_c && /usr/bin/cmake -E cmake_depends "Unix Makefiles" /micro_ros_ws/firmware/mcu_ws/ros2/rosidl/rosidl_generator_c /micro_ros_ws/firmware/mcu_ws/ros2/rosidl/rosidl_generator_c /micro_ros_ws/firmware/mcu_ws/build/rosidl_generator_c /micro_ros_ws/firmware/mcu_ws/build/rosidl_generator_c /micro_ros_ws/firmware/mcu_ws/build/rosidl_generator_c/CMakeFiles/ament_cmake_python_build_rosidl_generator_c_egg.dir/DependInfo.cmake --color=
[1.430s] gmake[6]: Leaving directory '/micro_ros_ws/firmware/mcu_ws/build/rosidl_generator_c'
[1.430s] /usr/bin/gmake  -f CMakeFiles/ament_cmake_python_build_rosidl_generator_c_egg.dir/build.make CMakeFiles/ament_cmake_python_build_rosidl_generator_c_egg.dir/build
[1.433s] gmake[6]: Entering directory '/micro_ros_ws/firmware/mcu_ws/build/rosidl_generator_c'
[1.433s] cd /micro_ros_ws/firmware/mcu_ws/build/rosidl_generator_c/ament_cmake_python/rosidl_generator_c && /micro_ros_ws/firmware/toolchain/espressif/python_env/idf4.1_py3.10_env/bin/python3 setup.py egg_info
[2.009s] running egg_info
[2.034s] writing rosidl_generator_c.egg-info/PKG-INFO
[2.036s] writing dependency_links to rosidl_generator_c.egg-info/dependency_links.txt
[2.037s] writing entry points to rosidl_generator_c.egg-info/entry_points.txt
[2.037s] writing top-level names to rosidl_generator_c.egg-info/top_level.txt
[2.129s] reading manifest file 'rosidl_generator_c.egg-info/SOURCES.txt'
[2.132s] writing manifest file 'rosidl_generator_c.egg-info/SOURCES.txt'
[2.148s] gmake[6]: Leaving directory '/micro_ros_ws/firmware/mcu_ws/build/rosidl_generator_c'
[2.160s] Built target ament_cmake_python_build_rosidl_generator_c_egg
[2.161s] gmake[5]: Leaving directory '/micro_ros_ws/firmware/mcu_ws/build/rosidl_generator_c'
[2.161s] /usr/bin/cmake -E cmake_progress_start /micro_ros_ws/firmware/mcu_ws/build/rosidl_generator_c/CMakeFiles 0
[2.172s] gmake[4]: Leaving directory '/micro_ros_ws/firmware/mcu_ws/build/rosidl_generator_c'
[2.174s] Invoked command in '/micro_ros_ws/firmware/mcu_ws/build/rosidl_generator_c' returned '0': AMENT_PREFIX_PATH=/micro_ros_ws/firmware/mcu_ws/install:${AMENT_PREFIX_PATH} CMAKE_PREFIX_PATH=/micro_ros_ws/firmware/mcu_ws/install:/micro_ros_ws/firmware/dev_ws/install/ament_lint_common:/micro_ros_ws/firmware/dev_ws/install/ament_cmake_uncrustify:/micro_ros_ws/firmware/dev_ws/install/uncrustify_vendor:/micro_ros_ws/firmware/dev_ws/install/ament_cmake_ros:/micro_ros_ws/firmware/dev_ws/install/ament_cmake_auto:/micro_ros_ws/firmware/dev_ws/install/ament_cmake_gmock:/micro_ros_ws/firmware/dev_ws/install/gmock_vendor:/micro_ros_ws/firmware/dev_ws/install/ament_cmake_gtest:/micro_ros_ws/firmware/dev_ws/install/gtest_vendor:/micro_ros_ws/firmware/dev_ws/install/ament_cmake_xmllint:/micro_ros_ws/firmware/dev_ws/install/ament_cmake_pyflakes:/micro_ros_ws/firmware/dev_ws/install/ament_cmake_pycodestyle:/micro_ros_ws/firmware/dev_ws/install/ament_cmake_pep257:/micro_ros_ws/firmware/dev_ws/install/ament_cmake_pclint:/micro_ros_ws/firmware/dev_ws/install/ament_lint_auto:/micro_ros_ws/firmware/dev_ws/install/ament_cmake:/micro_ros_ws/firmware/dev_ws/install/ament_cmake_version:/micro_ros_ws/firmware/dev_ws/install/ament_cmake_vendor_package:/micro_ros_ws/firmware/dev_ws/install/ament_cmake_pytest:/micro_ros_ws/firmware/dev_ws/install/ament_cmake_nose:/micro_ros_ws/firmware/dev_ws/install/ament_cmake_mypy:/micro_ros_ws/firmware/dev_ws/install/ament_cmake_lint_cmake:/micro_ros_ws/firmware/dev_ws/install/ament_cmake_google_benchmark:/micro_ros_ws/firmware/dev_ws/install/ament_cmake_flake8:/micro_ros_ws/firmware/dev_ws/install/ament_cmake_cpplint:/micro_ros_ws/firmware/dev_ws/install/ament_cmake_cppcheck:/micro_ros_ws/firmware/dev_ws/install/ament_cmake_copyright:/micro_ros_ws/firmware/dev_ws/install/ament_cmake_clang_tidy:/micro_ros_ws/firmware/dev_ws/install/ament_cmake_clang_format:/micro_ros_ws/firmware/dev_ws/install/ament_cmake_test:/micro_ros_ws/firmware/dev_ws/install/ament_cmake_target_dependencies:/micro_ros_ws/firmware/dev_ws/install/ament_cmake_python:/micro_ros_ws/firmware/dev_ws/install/ament_cmake_export_dependencies:/micro_ros_ws/firmware/dev_ws/install/ament_cmake_libraries:/micro_ros_ws/firmware/dev_ws/install/ament_cmake_include_directories:/micro_ros_ws/firmware/dev_ws/install/ament_cmake_gen_version_h:/micro_ros_ws/firmware/dev_ws/install/ament_cmake_export_targets:/micro_ros_ws/firmware/dev_ws/install/ament_cmake_export_link_flags:/micro_ros_ws/firmware/dev_ws/install/ament_cmake_export_interfaces:/micro_ros_ws/firmware/dev_ws/install/ament_cmake_export_libraries:/micro_ros_ws/firmware/dev_ws/install/ament_cmake_export_include_directories:/micro_ros_ws/firmware/dev_ws/install/ament_cmake_export_definitions:/micro_ros_ws/firmware/dev_ws/install/ament_cmake_core:/micro_ros_ws/firmware/dev_ws/install/ament_index_cpp:/micro_ros_ws/firmware/dev_ws/install/ament_uncrustify:/micro_ros_ws/firmware/dev_ws/install/domain_coordinator:/micro_ros_ws/firmware/dev_ws/install/ament_xmllint:/micro_ros_ws/firmware/dev_ws/install/ament_pyflakes:/micro_ros_ws/firmware/dev_ws/install/ament_pycodestyle:/micro_ros_ws/firmware/dev_ws/install/ament_pep257:/micro_ros_ws/firmware/dev_ws/install/ament_pclint:/micro_ros_ws/firmware/dev_ws/install/ament_package:/micro_ros_ws/firmware/dev_ws/install/ament_mypy:/micro_ros_ws/firmware/dev_ws/install/ament_lint_cmake:/micro_ros_ws/firmware/dev_ws/install/ament_flake8:/micro_ros_ws/firmware/dev_ws/install/ament_copyright:/micro_ros_ws/firmware/dev_ws/install/ament_lint:/micro_ros_ws/firmware/dev_ws/install/ament_index_python:/micro_ros_ws/firmware/dev_ws/install/ament_cpplint:/micro_ros_ws/firmware/dev_ws/install/ament_cppcheck:/micro_ros_ws/firmware/dev_ws/install/ament_clang_tidy:/micro_ros_ws/firmware/dev_ws/install/ament_clang_format LD_LIBRARY_PATH=/micro_ros_ws/firmware/mcu_ws/install/lib:${LD_LIBRARY_PATH} PATH=/micro_ros_ws/firmware/mcu_ws/install/bin:${PATH} PYTHONPATH=/micro_ros_ws/firmware/mcu_ws/install/lib/python3.10/site-packages:${PYTHONPATH} /usr/bin/cmake --build /micro_ros_ws/firmware/mcu_ws/build/rosidl_generator_c -- -j12 -l12
[2.176s] Invoking command in '/micro_ros_ws/firmware/mcu_ws/build/rosidl_generator_c': AMENT_PREFIX_PATH=/micro_ros_ws/firmware/mcu_ws/install:${AMENT_PREFIX_PATH} CMAKE_PREFIX_PATH=/micro_ros_ws/firmware/mcu_ws/install:/micro_ros_ws/firmware/dev_ws/install/ament_lint_common:/micro_ros_ws/firmware/dev_ws/install/ament_cmake_uncrustify:/micro_ros_ws/firmware/dev_ws/install/uncrustify_vendor:/micro_ros_ws/firmware/dev_ws/install/ament_cmake_ros:/micro_ros_ws/firmware/dev_ws/install/ament_cmake_auto:/micro_ros_ws/firmware/dev_ws/install/ament_cmake_gmock:/micro_ros_ws/firmware/dev_ws/install/gmock_vendor:/micro_ros_ws/firmware/dev_ws/install/ament_cmake_gtest:/micro_ros_ws/firmware/dev_ws/install/gtest_vendor:/micro_ros_ws/firmware/dev_ws/install/ament_cmake_xmllint:/micro_ros_ws/firmware/dev_ws/install/ament_cmake_pyflakes:/micro_ros_ws/firmware/dev_ws/install/ament_cmake_pycodestyle:/micro_ros_ws/firmware/dev_ws/install/ament_cmake_pep257:/micro_ros_ws/firmware/dev_ws/install/ament_cmake_pclint:/micro_ros_ws/firmware/dev_ws/install/ament_lint_auto:/micro_ros_ws/firmware/dev_ws/install/ament_cmake:/micro_ros_ws/firmware/dev_ws/install/ament_cmake_version:/micro_ros_ws/firmware/dev_ws/install/ament_cmake_vendor_package:/micro_ros_ws/firmware/dev_ws/install/ament_cmake_pytest:/micro_ros_ws/firmware/dev_ws/install/ament_cmake_nose:/micro_ros_ws/firmware/dev_ws/install/ament_cmake_mypy:/micro_ros_ws/firmware/dev_ws/install/ament_cmake_lint_cmake:/micro_ros_ws/firmware/dev_ws/install/ament_cmake_google_benchmark:/micro_ros_ws/firmware/dev_ws/install/ament_cmake_flake8:/micro_ros_ws/firmware/dev_ws/install/ament_cmake_cpplint:/micro_ros_ws/firmware/dev_ws/install/ament_cmake_cppcheck:/micro_ros_ws/firmware/dev_ws/install/ament_cmake_copyright:/micro_ros_ws/firmware/dev_ws/install/ament_cmake_clang_tidy:/micro_ros_ws/firmware/dev_ws/install/ament_cmake_clang_format:/micro_ros_ws/firmware/dev_ws/install/ament_cmake_test:/micro_ros_ws/firmware/dev_ws/install/ament_cmake_target_dependencies:/micro_ros_ws/firmware/dev_ws/install/ament_cmake_python:/micro_ros_ws/firmware/dev_ws/install/ament_cmake_export_dependencies:/micro_ros_ws/firmware/dev_ws/install/ament_cmake_libraries:/micro_ros_ws/firmware/dev_ws/install/ament_cmake_include_directories:/micro_ros_ws/firmware/dev_ws/install/ament_cmake_gen_version_h:/micro_ros_ws/firmware/dev_ws/install/ament_cmake_export_targets:/micro_ros_ws/firmware/dev_ws/install/ament_cmake_export_link_flags:/micro_ros_ws/firmware/dev_ws/install/ament_cmake_export_interfaces:/micro_ros_ws/firmware/dev_ws/install/ament_cmake_export_libraries:/micro_ros_ws/firmware/dev_ws/install/ament_cmake_export_include_directories:/micro_ros_ws/firmware/dev_ws/install/ament_cmake_export_definitions:/micro_ros_ws/firmware/dev_ws/install/ament_cmake_core:/micro_ros_ws/firmware/dev_ws/install/ament_index_cpp:/micro_ros_ws/firmware/dev_ws/install/ament_uncrustify:/micro_ros_ws/firmware/dev_ws/install/domain_coordinator:/micro_ros_ws/firmware/dev_ws/install/ament_xmllint:/micro_ros_ws/firmware/dev_ws/install/ament_pyflakes:/micro_ros_ws/firmware/dev_ws/install/ament_pycodestyle:/micro_ros_ws/firmware/dev_ws/install/ament_pep257:/micro_ros_ws/firmware/dev_ws/install/ament_pclint:/micro_ros_ws/firmware/dev_ws/install/ament_package:/micro_ros_ws/firmware/dev_ws/install/ament_mypy:/micro_ros_ws/firmware/dev_ws/install/ament_lint_cmake:/micro_ros_ws/firmware/dev_ws/install/ament_flake8:/micro_ros_ws/firmware/dev_ws/install/ament_copyright:/micro_ros_ws/firmware/dev_ws/install/ament_lint:/micro_ros_ws/firmware/dev_ws/install/ament_index_python:/micro_ros_ws/firmware/dev_ws/install/ament_cpplint:/micro_ros_ws/firmware/dev_ws/install/ament_cppcheck:/micro_ros_ws/firmware/dev_ws/install/ament_clang_tidy:/micro_ros_ws/firmware/dev_ws/install/ament_clang_format LD_LIBRARY_PATH=/micro_ros_ws/firmware/mcu_ws/install/lib:${LD_LIBRARY_PATH} PATH=/micro_ros_ws/firmware/mcu_ws/install/bin:${PATH} PYTHONPATH=/micro_ros_ws/firmware/mcu_ws/install/lib/python3.10/site-packages:${PYTHONPATH} /usr/bin/cmake --install /micro_ros_ws/firmware/mcu_ws/build/rosidl_generator_c
[2.200s] -- Install configuration: "Debug"
[2.201s] -- Up-to-date: /micro_ros_ws/firmware/mcu_ws/install/share/ament_index/resource_index/rosidl_generator_packages/rosidl_generator_c
[2.202s] -- Up-to-date: /micro_ros_ws/firmware/mcu_ws/install/share/rosidl_generator_c/environment/pythonpath.sh
[2.203s] -- Installing: /micro_ros_ws/firmware/mcu_ws/install/share/rosidl_generator_c/environment/pythonpath.dsv
[2.205s] -- Up-to-date: /micro_ros_ws/firmware/mcu_ws/install/lib/python3.10/site-packages/rosidl_generator_c-3.1.8-py3.10.egg-info
[2.207s] -- Installing: /micro_ros_ws/firmware/mcu_ws/install/lib/python3.10/site-packages/rosidl_generator_c-3.1.8-py3.10.egg-info/dependency_links.txt
[2.210s] -- Installing: /micro_ros_ws/firmware/mcu_ws/install/lib/python3.10/site-packages/rosidl_generator_c-3.1.8-py3.10.egg-info/entry_points.txt
[2.213s] -- Installing: /micro_ros_ws/firmware/mcu_ws/install/lib/python3.10/site-packages/rosidl_generator_c-3.1.8-py3.10.egg-info/PKG-INFO
[2.216s] -- Installing: /micro_ros_ws/firmware/mcu_ws/install/lib/python3.10/site-packages/rosidl_generator_c-3.1.8-py3.10.egg-info/SOURCES.txt
[2.219s] -- Installing: /micro_ros_ws/firmware/mcu_ws/install/lib/python3.10/site-packages/rosidl_generator_c-3.1.8-py3.10.egg-info/top_level.txt
[2.221s] -- Up-to-date: /micro_ros_ws/firmware/mcu_ws/install/lib/python3.10/site-packages/rosidl_generator_c
[2.222s] -- Up-to-date: /micro_ros_ws/firmware/mcu_ws/install/lib/python3.10/site-packages/rosidl_generator_c/cli.py
[2.222s] -- Up-to-date: /micro_ros_ws/firmware/mcu_ws/install/lib/python3.10/site-packages/rosidl_generator_c/__init__.py
[2.391s] Listing '/micro_ros_ws/firmware/mcu_ws/install/lib/python3.10/site-packages/rosidl_generator_c'...
[2.399s] -- Up-to-date: /micro_ros_ws/firmware/mcu_ws/install/share/ament_index/resource_index/package_run_dependencies/rosidl_generator_c
[2.402s] -- Up-to-date: /micro_ros_ws/firmware/mcu_ws/install/share/ament_index/resource_index/parent_prefix_path/rosidl_generator_c
[2.403s] -- Up-to-date: /micro_ros_ws/firmware/mcu_ws/install/share/rosidl_generator_c/environment/ament_prefix_path.sh
[2.407s] -- Installing: /micro_ros_ws/firmware/mcu_ws/install/share/rosidl_generator_c/environment/ament_prefix_path.dsv
[2.411s] -- Up-to-date: /micro_ros_ws/firmware/mcu_ws/install/share/rosidl_generator_c/environment/path.sh
[2.412s] -- Installing: /micro_ros_ws/firmware/mcu_ws/install/share/rosidl_generator_c/environment/path.dsv
[2.416s] -- Up-to-date: /micro_ros_ws/firmware/mcu_ws/install/share/rosidl_generator_c/local_setup.bash
[2.417s] -- Up-to-date: /micro_ros_ws/firmware/mcu_ws/install/share/rosidl_generator_c/local_setup.sh
[2.419s] -- Up-to-date: /micro_ros_ws/firmware/mcu_ws/install/share/rosidl_generator_c/local_setup.zsh
[2.420s] -- Installing: /micro_ros_ws/firmware/mcu_ws/install/share/rosidl_generator_c/local_setup.dsv
[2.423s] -- Installing: /micro_ros_ws/firmware/mcu_ws/install/share/rosidl_generator_c/package.dsv
[2.425s] -- Up-to-date: /micro_ros_ws/firmware/mcu_ws/install/share/ament_index/resource_index/packages/rosidl_generator_c
[2.426s] -- Up-to-date: /micro_ros_ws/firmware/mcu_ws/install/share/rosidl_generator_c/cmake/rosidl_generator_c-extras.cmake
[2.427s] -- Up-to-date: /micro_ros_ws/firmware/mcu_ws/install/share/rosidl_generator_c/cmake/ament_cmake_export_dependencies-extras.cmake
[2.428s] -- Up-to-date: /micro_ros_ws/firmware/mcu_ws/install/share/rosidl_generator_c/cmake/rosidl_generator_cConfig.cmake
[2.428s] -- Up-to-date: /micro_ros_ws/firmware/mcu_ws/install/share/rosidl_generator_c/cmake/rosidl_generator_cConfig-version.cmake
[2.429s] -- Up-to-date: /micro_ros_ws/firmware/mcu_ws/install/share/rosidl_generator_c/package.xml
[2.430s] -- Up-to-date: /micro_ros_ws/firmware/mcu_ws/install/lib/rosidl_generator_c/rosidl_generator_c
[2.431s] -- Up-to-date: /micro_ros_ws/firmware/mcu_ws/install/share/rosidl_generator_c/cmake
[2.432s] -- Up-to-date: /micro_ros_ws/firmware/mcu_ws/install/share/rosidl_generator_c/cmake/register_c.cmake
[2.432s] -- Up-to-date: /micro_ros_ws/firmware/mcu_ws/install/share/rosidl_generator_c/cmake/rosidl_generator_c_generate_interfaces.cmake
[2.433s] -- Up-to-date: /micro_ros_ws/firmware/mcu_ws/install/share/rosidl_generator_c/resource
[2.433s] -- Up-to-date: /micro_ros_ws/firmware/mcu_ws/install/share/rosidl_generator_c/resource/action__type_support.h.em
[2.435s] -- Up-to-date: /micro_ros_ws/firmware/mcu_ws/install/share/rosidl_generator_c/resource/idl.h.em
[2.435s] -- Up-to-date: /micro_ros_ws/firmware/mcu_ws/install/share/rosidl_generator_c/resource/idl__functions.c.em
[2.435s] -- Up-to-date: /micro_ros_ws/firmware/mcu_ws/install/share/rosidl_generator_c/resource/idl__functions.h.em
[2.435s] -- Up-to-date: /micro_ros_ws/firmware/mcu_ws/install/share/rosidl_generator_c/resource/idl__struct.h.em
[2.436s] -- Up-to-date: /micro_ros_ws/firmware/mcu_ws/install/share/rosidl_generator_c/resource/idl__type_support.h.em
[2.436s] -- Up-to-date: /micro_ros_ws/firmware/mcu_ws/install/share/rosidl_generator_c/resource/msg__functions.c.em
[2.437s] -- Up-to-date: /micro_ros_ws/firmware/mcu_ws/install/share/rosidl_generator_c/resource/msg__functions.h.em
[2.437s] -- Up-to-date: /micro_ros_ws/firmware/mcu_ws/install/share/rosidl_generator_c/resource/msg__struct.h.em
[2.438s] -- Up-to-date: /micro_ros_ws/firmware/mcu_ws/install/share/rosidl_generator_c/resource/msg__type_support.h.em
[2.438s] -- Up-to-date: /micro_ros_ws/firmware/mcu_ws/install/share/rosidl_generator_c/resource/rosidl_generator_c__visibility_control.h.in
[2.439s] -- Up-to-date: /micro_ros_ws/firmware/mcu_ws/install/share/rosidl_generator_c/resource/srv__type_support.h.em
[2.565s] Invoked command in '/micro_ros_ws/firmware/mcu_ws/build/rosidl_generator_c' returned '0': AMENT_PREFIX_PATH=/micro_ros_ws/firmware/mcu_ws/install:${AMENT_PREFIX_PATH} CMAKE_PREFIX_PATH=/micro_ros_ws/firmware/mcu_ws/install:/micro_ros_ws/firmware/dev_ws/install/ament_lint_common:/micro_ros_ws/firmware/dev_ws/install/ament_cmake_uncrustify:/micro_ros_ws/firmware/dev_ws/install/uncrustify_vendor:/micro_ros_ws/firmware/dev_ws/install/ament_cmake_ros:/micro_ros_ws/firmware/dev_ws/install/ament_cmake_auto:/micro_ros_ws/firmware/dev_ws/install/ament_cmake_gmock:/micro_ros_ws/firmware/dev_ws/install/gmock_vendor:/micro_ros_ws/firmware/dev_ws/install/ament_cmake_gtest:/micro_ros_ws/firmware/dev_ws/install/gtest_vendor:/micro_ros_ws/firmware/dev_ws/install/ament_cmake_xmllint:/micro_ros_ws/firmware/dev_ws/install/ament_cmake_pyflakes:/micro_ros_ws/firmware/dev_ws/install/ament_cmake_pycodestyle:/micro_ros_ws/firmware/dev_ws/install/ament_cmake_pep257:/micro_ros_ws/firmware/dev_ws/install/ament_cmake_pclint:/micro_ros_ws/firmware/dev_ws/install/ament_lint_auto:/micro_ros_ws/firmware/dev_ws/install/ament_cmake:/micro_ros_ws/firmware/dev_ws/install/ament_cmake_version:/micro_ros_ws/firmware/dev_ws/install/ament_cmake_vendor_package:/micro_ros_ws/firmware/dev_ws/install/ament_cmake_pytest:/micro_ros_ws/firmware/dev_ws/install/ament_cmake_nose:/micro_ros_ws/firmware/dev_ws/install/ament_cmake_mypy:/micro_ros_ws/firmware/dev_ws/install/ament_cmake_lint_cmake:/micro_ros_ws/firmware/dev_ws/install/ament_cmake_google_benchmark:/micro_ros_ws/firmware/dev_ws/install/ament_cmake_flake8:/micro_ros_ws/firmware/dev_ws/install/ament_cmake_cpplint:/micro_ros_ws/firmware/dev_ws/install/ament_cmake_cppcheck:/micro_ros_ws/firmware/dev_ws/install/ament_cmake_copyright:/micro_ros_ws/firmware/dev_ws/install/ament_cmake_clang_tidy:/micro_ros_ws/firmware/dev_ws/install/ament_cmake_clang_format:/micro_ros_ws/firmware/dev_ws/install/ament_cmake_test:/micro_ros_ws/firmware/dev_ws/install/ament_cmake_target_dependencies:/micro_ros_ws/firmware/dev_ws/install/ament_cmake_python:/micro_ros_ws/firmware/dev_ws/install/ament_cmake_export_dependencies:/micro_ros_ws/firmware/dev_ws/install/ament_cmake_libraries:/micro_ros_ws/firmware/dev_ws/install/ament_cmake_include_directories:/micro_ros_ws/firmware/dev_ws/install/ament_cmake_gen_version_h:/micro_ros_ws/firmware/dev_ws/install/ament_cmake_export_targets:/micro_ros_ws/firmware/dev_ws/install/ament_cmake_export_link_flags:/micro_ros_ws/firmware/dev_ws/install/ament_cmake_export_interfaces:/micro_ros_ws/firmware/dev_ws/install/ament_cmake_export_libraries:/micro_ros_ws/firmware/dev_ws/install/ament_cmake_export_include_directories:/micro_ros_ws/firmware/dev_ws/install/ament_cmake_export_definitions:/micro_ros_ws/firmware/dev_ws/install/ament_cmake_core:/micro_ros_ws/firmware/dev_ws/install/ament_index_cpp:/micro_ros_ws/firmware/dev_ws/install/ament_uncrustify:/micro_ros_ws/firmware/dev_ws/install/domain_coordinator:/micro_ros_ws/firmware/dev_ws/install/ament_xmllint:/micro_ros_ws/firmware/dev_ws/install/ament_pyflakes:/micro_ros_ws/firmware/dev_ws/install/ament_pycodestyle:/micro_ros_ws/firmware/dev_ws/install/ament_pep257:/micro_ros_ws/firmware/dev_ws/install/ament_pclint:/micro_ros_ws/firmware/dev_ws/install/ament_package:/micro_ros_ws/firmware/dev_ws/install/ament_mypy:/micro_ros_ws/firmware/dev_ws/install/ament_lint_cmake:/micro_ros_ws/firmware/dev_ws/install/ament_flake8:/micro_ros_ws/firmware/dev_ws/install/ament_copyright:/micro_ros_ws/firmware/dev_ws/install/ament_lint:/micro_ros_ws/firmware/dev_ws/install/ament_index_python:/micro_ros_ws/firmware/dev_ws/install/ament_cpplint:/micro_ros_ws/firmware/dev_ws/install/ament_cppcheck:/micro_ros_ws/firmware/dev_ws/install/ament_clang_tidy:/micro_ros_ws/firmware/dev_ws/install/ament_clang_format LD_LIBRARY_PATH=/micro_ros_ws/firmware/mcu_ws/install/lib:${LD_LIBRARY_PATH} PATH=/micro_ros_ws/firmware/mcu_ws/install/bin:${PATH} PYTHONPATH=/micro_ros_ws/firmware/mcu_ws/install/lib/python3.10/site-packages:${PYTHONPATH} /usr/bin/cmake --install /micro_ros_ws/firmware/mcu_ws/build/rosidl_generator_c
