[0.830s] Invoking command in '/micro_ros_ws/firmware/mcu_ws/build/nav_msgs': AMENT_PREFIX_PATH=/micro_ros_ws/firmware/mcu_ws/install:${AMENT_PREFIX_PATH} CMAKE_PREFIX_PATH=/micro_ros_ws/firmware/mcu_ws/install:/micro_ros_ws/firmware/dev_ws/install/ament_lint_common:/micro_ros_ws/firmware/dev_ws/install/ament_cmake_uncrustify:/micro_ros_ws/firmware/dev_ws/install/uncrustify_vendor:/micro_ros_ws/firmware/dev_ws/install/ament_cmake_ros:/micro_ros_ws/firmware/dev_ws/install/ament_cmake_auto:/micro_ros_ws/firmware/dev_ws/install/ament_cmake_gmock:/micro_ros_ws/firmware/dev_ws/install/gmock_vendor:/micro_ros_ws/firmware/dev_ws/install/ament_cmake_gtest:/micro_ros_ws/firmware/dev_ws/install/gtest_vendor:/micro_ros_ws/firmware/dev_ws/install/ament_cmake_xmllint:/micro_ros_ws/firmware/dev_ws/install/ament_cmake_pyflakes:/micro_ros_ws/firmware/dev_ws/install/ament_cmake_pycodestyle:/micro_ros_ws/firmware/dev_ws/install/ament_cmake_pep257:/micro_ros_ws/firmware/dev_ws/install/ament_cmake_pclint:/micro_ros_ws/firmware/dev_ws/install/ament_lint_auto:/micro_ros_ws/firmware/dev_ws/install/ament_cmake:/micro_ros_ws/firmware/dev_ws/install/ament_cmake_version:/micro_ros_ws/firmware/dev_ws/install/ament_cmake_vendor_package:/micro_ros_ws/firmware/dev_ws/install/ament_cmake_pytest:/micro_ros_ws/firmware/dev_ws/install/ament_cmake_nose:/micro_ros_ws/firmware/dev_ws/install/ament_cmake_mypy:/micro_ros_ws/firmware/dev_ws/install/ament_cmake_lint_cmake:/micro_ros_ws/firmware/dev_ws/install/ament_cmake_google_benchmark:/micro_ros_ws/firmware/dev_ws/install/ament_cmake_flake8:/micro_ros_ws/firmware/dev_ws/install/ament_cmake_cpplint:/micro_ros_ws/firmware/dev_ws/install/ament_cmake_cppcheck:/micro_ros_ws/firmware/dev_ws/install/ament_cmake_copyright:/micro_ros_ws/firmware/dev_ws/install/ament_cmake_clang_tidy:/micro_ros_ws/firmware/dev_ws/install/ament_cmake_clang_format:/micro_ros_ws/firmware/dev_ws/install/ament_cmake_test:/micro_ros_ws/firmware/dev_ws/install/ament_cmake_target_dependencies:/micro_ros_ws/firmware/dev_ws/install/ament_cmake_python:/micro_ros_ws/firmware/dev_ws/install/ament_cmake_export_dependencies:/micro_ros_ws/firmware/dev_ws/install/ament_cmake_libraries:/micro_ros_ws/firmware/dev_ws/install/ament_cmake_include_directories:/micro_ros_ws/firmware/dev_ws/install/ament_cmake_gen_version_h:/micro_ros_ws/firmware/dev_ws/install/ament_cmake_export_targets:/micro_ros_ws/firmware/dev_ws/install/ament_cmake_export_link_flags:/micro_ros_ws/firmware/dev_ws/install/ament_cmake_export_interfaces:/micro_ros_ws/firmware/dev_ws/install/ament_cmake_export_libraries:/micro_ros_ws/firmware/dev_ws/install/ament_cmake_export_include_directories:/micro_ros_ws/firmware/dev_ws/install/ament_cmake_export_definitions:/micro_ros_ws/firmware/dev_ws/install/ament_cmake_core:/micro_ros_ws/firmware/dev_ws/install/ament_index_cpp:/micro_ros_ws/firmware/dev_ws/install/ament_uncrustify:/micro_ros_ws/firmware/dev_ws/install/domain_coordinator:/micro_ros_ws/firmware/dev_ws/install/ament_xmllint:/micro_ros_ws/firmware/dev_ws/install/ament_pyflakes:/micro_ros_ws/firmware/dev_ws/install/ament_pycodestyle:/micro_ros_ws/firmware/dev_ws/install/ament_pep257:/micro_ros_ws/firmware/dev_ws/install/ament_pclint:/micro_ros_ws/firmware/dev_ws/install/ament_package:/micro_ros_ws/firmware/dev_ws/install/ament_mypy:/micro_ros_ws/firmware/dev_ws/install/ament_lint_cmake:/micro_ros_ws/firmware/dev_ws/install/ament_flake8:/micro_ros_ws/firmware/dev_ws/install/ament_copyright:/micro_ros_ws/firmware/dev_ws/install/ament_lint:/micro_ros_ws/firmware/dev_ws/install/ament_index_python:/micro_ros_ws/firmware/dev_ws/install/ament_cpplint:/micro_ros_ws/firmware/dev_ws/install/ament_cppcheck:/micro_ros_ws/firmware/dev_ws/install/ament_clang_tidy:/micro_ros_ws/firmware/dev_ws/install/ament_clang_format LD_LIBRARY_PATH=/micro_ros_ws/firmware/mcu_ws/install/lib:${LD_LIBRARY_PATH} PATH=/micro_ros_ws/firmware/mcu_ws/install/bin:${PATH} PYTHONPATH=/micro_ros_ws/firmware/mcu_ws/install/lib/python3.10/site-packages:${PYTHONPATH} /usr/bin/cmake --build /micro_ros_ws/firmware/mcu_ws/build/nav_msgs -- -j12 -l12
[0.912s] gmake[4]: Entering directory '/micro_ros_ws/firmware/mcu_ws/build/nav_msgs'
[0.913s] /usr/bin/cmake -S/micro_ros_ws/firmware/mcu_ws/ros2/common_interfaces/nav_msgs -B/micro_ros_ws/firmware/mcu_ws/build/nav_msgs --check-build-system CMakeFiles/Makefile.cmake 0
[1.020s] Re-run cmake file: Makefile older than: /micro_ros_ws/firmware/freertos_apps/microros_esp32_extensions/esp32_toolchain.cmake
[1.036s] -- Found ament_cmake: 1.3.14 (/micro_ros_ws/firmware/dev_ws/install/ament_cmake/share/ament_cmake/cmake)
[2.000s] -- Found builtin_interfaces: 1.2.2 (/micro_ros_ws/firmware/mcu_ws/install/share/builtin_interfaces/cmake)
[2.089s] -- Using all available rosidl_typesupport_c: rosidl_typesupport_introspection_c;rosidl_typesupport_microxrcedds_c
[2.103s] -- Found rosidl_adapter: 3.1.8 (/micro_ros_ws/firmware/mcu_ws/install/share/rosidl_adapter/cmake)
[2.233s] -- Found geometry_msgs: 4.9.1 (/micro_ros_ws/firmware/mcu_ws/install/share/geometry_msgs/cmake)
[2.296s] -- Found rosidl_default_generators: 1.2.1 (/micro_ros_ws/firmware/mcu_ws/install/share/rosidl_default_generators/cmake)
[6.083s] -- Found ament_cmake_ros: 0.10.0 (/micro_ros_ws/firmware/dev_ws/install/ament_cmake_ros/share/ament_cmake_ros/cmake)
[7.799s] -- Using all available rosidl_typesupport_c: rosidl_typesupport_introspection_c;rosidl_typesupport_microxrcedds_c
[7.932s] -- Configuring done
[8.410s] -- Generating done
[8.470s] -- Build files have been written to: /micro_ros_ws/firmware/mcu_ws/build/nav_msgs
[8.474s] /usr/bin/cmake -E cmake_progress_start /micro_ros_ws/firmware/mcu_ws/build/nav_msgs/CMakeFiles /micro_ros_ws/firmware/mcu_ws/build/nav_msgs//CMakeFiles/progress.marks
[8.507s] /usr/bin/gmake  -f CMakeFiles/Makefile2 all
[8.515s] gmake[5]: Entering directory '/micro_ros_ws/firmware/mcu_ws/build/nav_msgs'
[8.515s] /usr/bin/gmake  -f CMakeFiles/nav_msgs__rosidl_generator_c.dir/build.make CMakeFiles/nav_msgs__rosidl_generator_c.dir/depend
[8.555s] gmake[6]: Entering directory '/micro_ros_ws/firmware/mcu_ws/build/nav_msgs'
[8.555s] cd /micro_ros_ws/firmware/mcu_ws/build/nav_msgs && /usr/bin/cmake -E cmake_depends "Unix Makefiles" /micro_ros_ws/firmware/mcu_ws/ros2/common_interfaces/nav_msgs /micro_ros_ws/firmware/mcu_ws/ros2/common_interfaces/nav_msgs /micro_ros_ws/firmware/mcu_ws/build/nav_msgs /micro_ros_ws/firmware/mcu_ws/build/nav_msgs /micro_ros_ws/firmware/mcu_ws/build/nav_msgs/CMakeFiles/nav_msgs__rosidl_generator_c.dir/DependInfo.cmake --color=
[8.631s] Dependencies file "CMakeFiles/nav_msgs__rosidl_generator_c.dir/rosidl_generator_c/nav_msgs/msg/detail/goals__functions.c.obj.d" is newer than depends file "/micro_ros_ws/firmware/mcu_ws/build/nav_msgs/CMakeFiles/nav_msgs__rosidl_generator_c.dir/compiler_depend.internal".
[8.632s] Dependencies file "CMakeFiles/nav_msgs__rosidl_generator_c.dir/rosidl_generator_c/nav_msgs/msg/detail/grid_cells__functions.c.obj.d" is newer than depends file "/micro_ros_ws/firmware/mcu_ws/build/nav_msgs/CMakeFiles/nav_msgs__rosidl_generator_c.dir/compiler_depend.internal".
[8.633s] Dependencies file "CMakeFiles/nav_msgs__rosidl_generator_c.dir/rosidl_generator_c/nav_msgs/msg/detail/map_meta_data__functions.c.obj.d" is newer than depends file "/micro_ros_ws/firmware/mcu_ws/build/nav_msgs/CMakeFiles/nav_msgs__rosidl_generator_c.dir/compiler_depend.internal".
[8.635s] Dependencies file "CMakeFiles/nav_msgs__rosidl_generator_c.dir/rosidl_generator_c/nav_msgs/msg/detail/occupancy_grid__functions.c.obj.d" is newer than depends file "/micro_ros_ws/firmware/mcu_ws/build/nav_msgs/CMakeFiles/nav_msgs__rosidl_generator_c.dir/compiler_depend.internal".
[8.636s] Dependencies file "CMakeFiles/nav_msgs__rosidl_generator_c.dir/rosidl_generator_c/nav_msgs/msg/detail/odometry__functions.c.obj.d" is newer than depends file "/micro_ros_ws/firmware/mcu_ws/build/nav_msgs/CMakeFiles/nav_msgs__rosidl_generator_c.dir/compiler_depend.internal".
[8.637s] Dependencies file "CMakeFiles/nav_msgs__rosidl_generator_c.dir/rosidl_generator_c/nav_msgs/msg/detail/path__functions.c.obj.d" is newer than depends file "/micro_ros_ws/firmware/mcu_ws/build/nav_msgs/CMakeFiles/nav_msgs__rosidl_generator_c.dir/compiler_depend.internal".
[8.638s] Dependencies file "CMakeFiles/nav_msgs__rosidl_generator_c.dir/rosidl_generator_c/nav_msgs/srv/detail/get_map__functions.c.obj.d" is newer than depends file "/micro_ros_ws/firmware/mcu_ws/build/nav_msgs/CMakeFiles/nav_msgs__rosidl_generator_c.dir/compiler_depend.internal".
[8.639s] Dependencies file "CMakeFiles/nav_msgs__rosidl_generator_c.dir/rosidl_generator_c/nav_msgs/srv/detail/get_plan__functions.c.obj.d" is newer than depends file "/micro_ros_ws/firmware/mcu_ws/build/nav_msgs/CMakeFiles/nav_msgs__rosidl_generator_c.dir/compiler_depend.internal".
[8.640s] Dependencies file "CMakeFiles/nav_msgs__rosidl_generator_c.dir/rosidl_generator_c/nav_msgs/srv/detail/load_map__functions.c.obj.d" is newer than depends file "/micro_ros_ws/firmware/mcu_ws/build/nav_msgs/CMakeFiles/nav_msgs__rosidl_generator_c.dir/compiler_depend.internal".
[8.641s] Dependencies file "CMakeFiles/nav_msgs__rosidl_generator_c.dir/rosidl_generator_c/nav_msgs/srv/detail/set_map__functions.c.obj.d" is newer than depends file "/micro_ros_ws/firmware/mcu_ws/build/nav_msgs/CMakeFiles/nav_msgs__rosidl_generator_c.dir/compiler_depend.internal".
[8.641s] [35m[1mConsolidate compiler generated dependencies of target nav_msgs__rosidl_generator_c[0m
[8.708s] gmake[6]: Leaving directory '/micro_ros_ws/firmware/mcu_ws/build/nav_msgs'
[8.709s] /usr/bin/gmake  -f CMakeFiles/nav_msgs__rosidl_generator_c.dir/build.make CMakeFiles/nav_msgs__rosidl_generator_c.dir/build
[8.791s] gmake[6]: Entering directory '/micro_ros_ws/firmware/mcu_ws/build/nav_msgs'
[8.792s] gmake[6]: Nothing to be done for 'CMakeFiles/nav_msgs__rosidl_generator_c.dir/build'.
[8.793s] gmake[6]: Leaving directory '/micro_ros_ws/firmware/mcu_ws/build/nav_msgs'
[8.846s] [ 25%] Built target nav_msgs__rosidl_generator_c
[8.847s] /usr/bin/gmake  -f CMakeFiles/nav_msgs__rosidl_typesupport_microxrcedds_c.dir/build.make CMakeFiles/nav_msgs__rosidl_typesupport_microxrcedds_c.dir/depend
[8.847s] /usr/bin/gmake  -f CMakeFiles/nav_msgs__rosidl_typesupport_c.dir/build.make CMakeFiles/nav_msgs__rosidl_typesupport_c.dir/depend
[8.848s] /usr/bin/gmake  -f CMakeFiles/nav_msgs__rosidl_typesupport_introspection_c.dir/build.make CMakeFiles/nav_msgs__rosidl_typesupport_introspection_c.dir/depend
[8.872s] gmake[6]: Entering directory '/micro_ros_ws/firmware/mcu_ws/build/nav_msgs'
[8.874s] cd /micro_ros_ws/firmware/mcu_ws/build/nav_msgs && /usr/bin/cmake -E cmake_depends "Unix Makefiles" /micro_ros_ws/firmware/mcu_ws/ros2/common_interfaces/nav_msgs /micro_ros_ws/firmware/mcu_ws/ros2/common_interfaces/nav_msgs /micro_ros_ws/firmware/mcu_ws/build/nav_msgs /micro_ros_ws/firmware/mcu_ws/build/nav_msgs /micro_ros_ws/firmware/mcu_ws/build/nav_msgs/CMakeFiles/nav_msgs__rosidl_typesupport_microxrcedds_c.dir/DependInfo.cmake --color=
[8.894s] gmake[6]: Entering directory '/micro_ros_ws/firmware/mcu_ws/build/nav_msgs'
[8.895s] cd /micro_ros_ws/firmware/mcu_ws/build/nav_msgs && /usr/bin/cmake -E cmake_depends "Unix Makefiles" /micro_ros_ws/firmware/mcu_ws/ros2/common_interfaces/nav_msgs /micro_ros_ws/firmware/mcu_ws/ros2/common_interfaces/nav_msgs /micro_ros_ws/firmware/mcu_ws/build/nav_msgs /micro_ros_ws/firmware/mcu_ws/build/nav_msgs /micro_ros_ws/firmware/mcu_ws/build/nav_msgs/CMakeFiles/nav_msgs__rosidl_typesupport_c.dir/DependInfo.cmake --color=
[8.901s] gmake[6]: Entering directory '/micro_ros_ws/firmware/mcu_ws/build/nav_msgs'
[8.902s] cd /micro_ros_ws/firmware/mcu_ws/build/nav_msgs && /usr/bin/cmake -E cmake_depends "Unix Makefiles" /micro_ros_ws/firmware/mcu_ws/ros2/common_interfaces/nav_msgs /micro_ros_ws/firmware/mcu_ws/ros2/common_interfaces/nav_msgs /micro_ros_ws/firmware/mcu_ws/build/nav_msgs /micro_ros_ws/firmware/mcu_ws/build/nav_msgs /micro_ros_ws/firmware/mcu_ws/build/nav_msgs/CMakeFiles/nav_msgs__rosidl_typesupport_introspection_c.dir/DependInfo.cmake --color=
[8.955s] Dependencies file "CMakeFiles/nav_msgs__rosidl_typesupport_microxrcedds_c.dir/rosidl_typesupport_microxrcedds_c/nav_msgs/msg/detail/microxrcedds/goals__type_support_c.c.obj.d" is newer than depends file "/micro_ros_ws/firmware/mcu_ws/build/nav_msgs/CMakeFiles/nav_msgs__rosidl_typesupport_microxrcedds_c.dir/compiler_depend.internal".
[8.957s] Dependencies file "CMakeFiles/nav_msgs__rosidl_typesupport_microxrcedds_c.dir/rosidl_typesupport_microxrcedds_c/nav_msgs/msg/detail/microxrcedds/grid_cells__type_support_c.c.obj.d" is newer than depends file "/micro_ros_ws/firmware/mcu_ws/build/nav_msgs/CMakeFiles/nav_msgs__rosidl_typesupport_microxrcedds_c.dir/compiler_depend.internal".
[8.959s] Dependencies file "CMakeFiles/nav_msgs__rosidl_typesupport_microxrcedds_c.dir/rosidl_typesupport_microxrcedds_c/nav_msgs/msg/detail/microxrcedds/map_meta_data__type_support_c.c.obj.d" is newer than depends file "/micro_ros_ws/firmware/mcu_ws/build/nav_msgs/CMakeFiles/nav_msgs__rosidl_typesupport_microxrcedds_c.dir/compiler_depend.internal".
[8.960s] Dependencies file "CMakeFiles/nav_msgs__rosidl_typesupport_c.dir/rosidl_typesupport_c/nav_msgs/msg/goals__type_support.cpp.obj.d" is newer than depends file "/micro_ros_ws/firmware/mcu_ws/build/nav_msgs/CMakeFiles/nav_msgs__rosidl_typesupport_c.dir/compiler_depend.internal".
[8.960s] Dependencies file "CMakeFiles/nav_msgs__rosidl_typesupport_c.dir/rosidl_typesupport_c/nav_msgs/msg/grid_cells__type_support.cpp.obj.d" is newer than depends file "/micro_ros_ws/firmware/mcu_ws/build/nav_msgs/CMakeFiles/nav_msgs__rosidl_typesupport_c.dir/compiler_depend.internal".
[8.961s] Dependencies file "CMakeFiles/nav_msgs__rosidl_typesupport_microxrcedds_c.dir/rosidl_typesupport_microxrcedds_c/nav_msgs/msg/detail/microxrcedds/occupancy_grid__type_support_c.c.obj.d" is newer than depends file "/micro_ros_ws/firmware/mcu_ws/build/nav_msgs/CMakeFiles/nav_msgs__rosidl_typesupport_microxrcedds_c.dir/compiler_depend.internal".
[8.962s] Dependencies file "CMakeFiles/nav_msgs__rosidl_typesupport_c.dir/rosidl_typesupport_c/nav_msgs/msg/map_meta_data__type_support.cpp.obj.d" is newer than depends file "/micro_ros_ws/firmware/mcu_ws/build/nav_msgs/CMakeFiles/nav_msgs__rosidl_typesupport_c.dir/compiler_depend.internal".
[8.963s] Dependencies file "CMakeFiles/nav_msgs__rosidl_typesupport_microxrcedds_c.dir/rosidl_typesupport_microxrcedds_c/nav_msgs/msg/detail/microxrcedds/odometry__type_support_c.c.obj.d" is newer than depends file "/micro_ros_ws/firmware/mcu_ws/build/nav_msgs/CMakeFiles/nav_msgs__rosidl_typesupport_microxrcedds_c.dir/compiler_depend.internal".
[8.963s] Dependencies file "CMakeFiles/nav_msgs__rosidl_typesupport_c.dir/rosidl_typesupport_c/nav_msgs/msg/occupancy_grid__type_support.cpp.obj.d" is newer than depends file "/micro_ros_ws/firmware/mcu_ws/build/nav_msgs/CMakeFiles/nav_msgs__rosidl_typesupport_c.dir/compiler_depend.internal".
[8.964s] Dependencies file "CMakeFiles/nav_msgs__rosidl_typesupport_microxrcedds_c.dir/rosidl_typesupport_microxrcedds_c/nav_msgs/msg/detail/microxrcedds/path__type_support_c.c.obj.d" is newer than depends file "/micro_ros_ws/firmware/mcu_ws/build/nav_msgs/CMakeFiles/nav_msgs__rosidl_typesupport_microxrcedds_c.dir/compiler_depend.internal".
[8.965s] Dependencies file "CMakeFiles/nav_msgs__rosidl_typesupport_c.dir/rosidl_typesupport_c/nav_msgs/msg/odometry__type_support.cpp.obj.d" is newer than depends file "/micro_ros_ws/firmware/mcu_ws/build/nav_msgs/CMakeFiles/nav_msgs__rosidl_typesupport_c.dir/compiler_depend.internal".
[8.966s] Dependencies file "CMakeFiles/nav_msgs__rosidl_typesupport_microxrcedds_c.dir/rosidl_typesupport_microxrcedds_c/nav_msgs/srv/detail/microxrcedds/get_map__type_support_c.c.obj.d" is newer than depends file "/micro_ros_ws/firmware/mcu_ws/build/nav_msgs/CMakeFiles/nav_msgs__rosidl_typesupport_microxrcedds_c.dir/compiler_depend.internal".
[8.967s] Dependencies file "CMakeFiles/nav_msgs__rosidl_typesupport_c.dir/rosidl_typesupport_c/nav_msgs/msg/path__type_support.cpp.obj.d" is newer than depends file "/micro_ros_ws/firmware/mcu_ws/build/nav_msgs/CMakeFiles/nav_msgs__rosidl_typesupport_c.dir/compiler_depend.internal".
[8.967s] Dependencies file "CMakeFiles/nav_msgs__rosidl_typesupport_c.dir/rosidl_typesupport_c/nav_msgs/srv/get_map__type_support.cpp.obj.d" is newer than depends file "/micro_ros_ws/firmware/mcu_ws/build/nav_msgs/CMakeFiles/nav_msgs__rosidl_typesupport_c.dir/compiler_depend.internal".
[8.968s] Dependencies file "CMakeFiles/nav_msgs__rosidl_typesupport_microxrcedds_c.dir/rosidl_typesupport_microxrcedds_c/nav_msgs/srv/detail/microxrcedds/get_plan__type_support_c.c.obj.d" is newer than depends file "/micro_ros_ws/firmware/mcu_ws/build/nav_msgs/CMakeFiles/nav_msgs__rosidl_typesupport_microxrcedds_c.dir/compiler_depend.internal".
[8.969s] Dependencies file "CMakeFiles/nav_msgs__rosidl_typesupport_c.dir/rosidl_typesupport_c/nav_msgs/srv/get_plan__type_support.cpp.obj.d" is newer than depends file "/micro_ros_ws/firmware/mcu_ws/build/nav_msgs/CMakeFiles/nav_msgs__rosidl_typesupport_c.dir/compiler_depend.internal".
[8.971s] Dependencies file "CMakeFiles/nav_msgs__rosidl_typesupport_microxrcedds_c.dir/rosidl_typesupport_microxrcedds_c/nav_msgs/srv/detail/microxrcedds/load_map__type_support_c.c.obj.d" is newer than depends file "/micro_ros_ws/firmware/mcu_ws/build/nav_msgs/CMakeFiles/nav_msgs__rosidl_typesupport_microxrcedds_c.dir/compiler_depend.internal".
[8.973s] Dependencies file "CMakeFiles/nav_msgs__rosidl_typesupport_c.dir/rosidl_typesupport_c/nav_msgs/srv/load_map__type_support.cpp.obj.d" is newer than depends file "/micro_ros_ws/firmware/mcu_ws/build/nav_msgs/CMakeFiles/nav_msgs__rosidl_typesupport_c.dir/compiler_depend.internal".
[8.975s] Dependencies file "CMakeFiles/nav_msgs__rosidl_typesupport_microxrcedds_c.dir/rosidl_typesupport_microxrcedds_c/nav_msgs/srv/detail/microxrcedds/set_map__type_support_c.c.obj.d" is newer than depends file "/micro_ros_ws/firmware/mcu_ws/build/nav_msgs/CMakeFiles/nav_msgs__rosidl_typesupport_microxrcedds_c.dir/compiler_depend.internal".
[8.976s] Dependencies file "CMakeFiles/nav_msgs__rosidl_typesupport_c.dir/rosidl_typesupport_c/nav_msgs/srv/set_map__type_support.cpp.obj.d" is newer than depends file "/micro_ros_ws/firmware/mcu_ws/build/nav_msgs/CMakeFiles/nav_msgs__rosidl_typesupport_c.dir/compiler_depend.internal".
[8.977s] [35m[1mConsolidate compiler generated dependencies of target nav_msgs__rosidl_typesupport_microxrcedds_c[0m
[8.977s] [35m[1mConsolidate compiler generated dependencies of target nav_msgs__rosidl_typesupport_c[0m
[8.981s] Dependencies file "CMakeFiles/nav_msgs__rosidl_typesupport_introspection_c.dir/rosidl_typesupport_introspection_c/nav_msgs/msg/detail/goals__type_support.c.obj.d" is newer than depends file "/micro_ros_ws/firmware/mcu_ws/build/nav_msgs/CMakeFiles/nav_msgs__rosidl_typesupport_introspection_c.dir/compiler_depend.internal".
[8.984s] Dependencies file "CMakeFiles/nav_msgs__rosidl_typesupport_introspection_c.dir/rosidl_typesupport_introspection_c/nav_msgs/msg/detail/grid_cells__type_support.c.obj.d" is newer than depends file "/micro_ros_ws/firmware/mcu_ws/build/nav_msgs/CMakeFiles/nav_msgs__rosidl_typesupport_introspection_c.dir/compiler_depend.internal".
[8.986s] Dependencies file "CMakeFiles/nav_msgs__rosidl_typesupport_introspection_c.dir/rosidl_typesupport_introspection_c/nav_msgs/msg/detail/map_meta_data__type_support.c.obj.d" is newer than depends file "/micro_ros_ws/firmware/mcu_ws/build/nav_msgs/CMakeFiles/nav_msgs__rosidl_typesupport_introspection_c.dir/compiler_depend.internal".
[8.988s] Dependencies file "CMakeFiles/nav_msgs__rosidl_typesupport_introspection_c.dir/rosidl_typesupport_introspection_c/nav_msgs/msg/detail/occupancy_grid__type_support.c.obj.d" is newer than depends file "/micro_ros_ws/firmware/mcu_ws/build/nav_msgs/CMakeFiles/nav_msgs__rosidl_typesupport_introspection_c.dir/compiler_depend.internal".
[8.990s] Dependencies file "CMakeFiles/nav_msgs__rosidl_typesupport_introspection_c.dir/rosidl_typesupport_introspection_c/nav_msgs/msg/detail/odometry__type_support.c.obj.d" is newer than depends file "/micro_ros_ws/firmware/mcu_ws/build/nav_msgs/CMakeFiles/nav_msgs__rosidl_typesupport_introspection_c.dir/compiler_depend.internal".
[8.992s] Dependencies file "CMakeFiles/nav_msgs__rosidl_typesupport_introspection_c.dir/rosidl_typesupport_introspection_c/nav_msgs/msg/detail/path__type_support.c.obj.d" is newer than depends file "/micro_ros_ws/firmware/mcu_ws/build/nav_msgs/CMakeFiles/nav_msgs__rosidl_typesupport_introspection_c.dir/compiler_depend.internal".
[8.993s] Dependencies file "CMakeFiles/nav_msgs__rosidl_typesupport_introspection_c.dir/rosidl_typesupport_introspection_c/nav_msgs/srv/detail/get_map__type_support.c.obj.d" is newer than depends file "/micro_ros_ws/firmware/mcu_ws/build/nav_msgs/CMakeFiles/nav_msgs__rosidl_typesupport_introspection_c.dir/compiler_depend.internal".
[8.994s] Dependencies file "CMakeFiles/nav_msgs__rosidl_typesupport_introspection_c.dir/rosidl_typesupport_introspection_c/nav_msgs/srv/detail/get_plan__type_support.c.obj.d" is newer than depends file "/micro_ros_ws/firmware/mcu_ws/build/nav_msgs/CMakeFiles/nav_msgs__rosidl_typesupport_introspection_c.dir/compiler_depend.internal".
[8.996s] Dependencies file "CMakeFiles/nav_msgs__rosidl_typesupport_introspection_c.dir/rosidl_typesupport_introspection_c/nav_msgs/srv/detail/load_map__type_support.c.obj.d" is newer than depends file "/micro_ros_ws/firmware/mcu_ws/build/nav_msgs/CMakeFiles/nav_msgs__rosidl_typesupport_introspection_c.dir/compiler_depend.internal".
[8.997s] Dependencies file "CMakeFiles/nav_msgs__rosidl_typesupport_introspection_c.dir/rosidl_typesupport_introspection_c/nav_msgs/srv/detail/set_map__type_support.c.obj.d" is newer than depends file "/micro_ros_ws/firmware/mcu_ws/build/nav_msgs/CMakeFiles/nav_msgs__rosidl_typesupport_introspection_c.dir/compiler_depend.internal".
[8.998s] [35m[1mConsolidate compiler generated dependencies of target nav_msgs__rosidl_typesupport_introspection_c[0m
[9.033s] gmake[6]: Leaving directory '/micro_ros_ws/firmware/mcu_ws/build/nav_msgs'
[9.033s] /usr/bin/gmake  -f CMakeFiles/nav_msgs__rosidl_typesupport_c.dir/build.make CMakeFiles/nav_msgs__rosidl_typesupport_c.dir/build
[9.080s] gmake[6]: Leaving directory '/micro_ros_ws/firmware/mcu_ws/build/nav_msgs'
[9.080s] /usr/bin/gmake  -f CMakeFiles/nav_msgs__rosidl_typesupport_microxrcedds_c.dir/build.make CMakeFiles/nav_msgs__rosidl_typesupport_microxrcedds_c.dir/build
[9.082s] gmake[6]: Leaving directory '/micro_ros_ws/firmware/mcu_ws/build/nav_msgs'
[9.083s] /usr/bin/gmake  -f CMakeFiles/nav_msgs__rosidl_typesupport_introspection_c.dir/build.make CMakeFiles/nav_msgs__rosidl_typesupport_introspection_c.dir/build
[9.107s] gmake[6]: Entering directory '/micro_ros_ws/firmware/mcu_ws/build/nav_msgs'
[9.108s] gmake[6]: Nothing to be done for 'CMakeFiles/nav_msgs__rosidl_typesupport_c.dir/build'.
[9.108s] gmake[6]: Leaving directory '/micro_ros_ws/firmware/mcu_ws/build/nav_msgs'
[9.179s] [ 50%] Built target nav_msgs__rosidl_typesupport_c
[9.180s] gmake[6]: Entering directory '/micro_ros_ws/firmware/mcu_ws/build/nav_msgs'
[9.182s] gmake[6]: Nothing to be done for 'CMakeFiles/nav_msgs__rosidl_typesupport_microxrcedds_c.dir/build'.
[9.183s] gmake[6]: Leaving directory '/micro_ros_ws/firmware/mcu_ws/build/nav_msgs'
[9.207s] gmake[6]: Entering directory '/micro_ros_ws/firmware/mcu_ws/build/nav_msgs'
[9.207s] gmake[6]: Nothing to be done for 'CMakeFiles/nav_msgs__rosidl_typesupport_introspection_c.dir/build'.
[9.208s] gmake[6]: Leaving directory '/micro_ros_ws/firmware/mcu_ws/build/nav_msgs'
[9.237s] [ 75%] Built target nav_msgs__rosidl_typesupport_microxrcedds_c
[9.254s] [100%] Built target nav_msgs__rosidl_typesupport_introspection_c
[9.256s] /usr/bin/gmake  -f CMakeFiles/nav_msgs.dir/build.make CMakeFiles/nav_msgs.dir/depend
[9.264s] gmake[6]: Entering directory '/micro_ros_ws/firmware/mcu_ws/build/nav_msgs'
[9.265s] cd /micro_ros_ws/firmware/mcu_ws/build/nav_msgs && /usr/bin/cmake -E cmake_depends "Unix Makefiles" /micro_ros_ws/firmware/mcu_ws/ros2/common_interfaces/nav_msgs /micro_ros_ws/firmware/mcu_ws/ros2/common_interfaces/nav_msgs /micro_ros_ws/firmware/mcu_ws/build/nav_msgs /micro_ros_ws/firmware/mcu_ws/build/nav_msgs /micro_ros_ws/firmware/mcu_ws/build/nav_msgs/CMakeFiles/nav_msgs.dir/DependInfo.cmake --color=
[9.310s] gmake[6]: Leaving directory '/micro_ros_ws/firmware/mcu_ws/build/nav_msgs'
[9.310s] /usr/bin/gmake  -f CMakeFiles/nav_msgs.dir/build.make CMakeFiles/nav_msgs.dir/build
[9.332s] gmake[6]: Entering directory '/micro_ros_ws/firmware/mcu_ws/build/nav_msgs'
[9.333s] gmake[6]: Nothing to be done for 'CMakeFiles/nav_msgs.dir/build'.
[9.333s] gmake[6]: Leaving directory '/micro_ros_ws/firmware/mcu_ws/build/nav_msgs'
[9.363s] [100%] Built target nav_msgs
[9.363s] gmake[5]: Leaving directory '/micro_ros_ws/firmware/mcu_ws/build/nav_msgs'
[9.364s] /usr/bin/cmake -E cmake_progress_start /micro_ros_ws/firmware/mcu_ws/build/nav_msgs/CMakeFiles 0
[9.434s] gmake[4]: Leaving directory '/micro_ros_ws/firmware/mcu_ws/build/nav_msgs'
[9.510s] Invoked command in '/micro_ros_ws/firmware/mcu_ws/build/nav_msgs' returned '0': AMENT_PREFIX_PATH=/micro_ros_ws/firmware/mcu_ws/install:${AMENT_PREFIX_PATH} CMAKE_PREFIX_PATH=/micro_ros_ws/firmware/mcu_ws/install:/micro_ros_ws/firmware/dev_ws/install/ament_lint_common:/micro_ros_ws/firmware/dev_ws/install/ament_cmake_uncrustify:/micro_ros_ws/firmware/dev_ws/install/uncrustify_vendor:/micro_ros_ws/firmware/dev_ws/install/ament_cmake_ros:/micro_ros_ws/firmware/dev_ws/install/ament_cmake_auto:/micro_ros_ws/firmware/dev_ws/install/ament_cmake_gmock:/micro_ros_ws/firmware/dev_ws/install/gmock_vendor:/micro_ros_ws/firmware/dev_ws/install/ament_cmake_gtest:/micro_ros_ws/firmware/dev_ws/install/gtest_vendor:/micro_ros_ws/firmware/dev_ws/install/ament_cmake_xmllint:/micro_ros_ws/firmware/dev_ws/install/ament_cmake_pyflakes:/micro_ros_ws/firmware/dev_ws/install/ament_cmake_pycodestyle:/micro_ros_ws/firmware/dev_ws/install/ament_cmake_pep257:/micro_ros_ws/firmware/dev_ws/install/ament_cmake_pclint:/micro_ros_ws/firmware/dev_ws/install/ament_lint_auto:/micro_ros_ws/firmware/dev_ws/install/ament_cmake:/micro_ros_ws/firmware/dev_ws/install/ament_cmake_version:/micro_ros_ws/firmware/dev_ws/install/ament_cmake_vendor_package:/micro_ros_ws/firmware/dev_ws/install/ament_cmake_pytest:/micro_ros_ws/firmware/dev_ws/install/ament_cmake_nose:/micro_ros_ws/firmware/dev_ws/install/ament_cmake_mypy:/micro_ros_ws/firmware/dev_ws/install/ament_cmake_lint_cmake:/micro_ros_ws/firmware/dev_ws/install/ament_cmake_google_benchmark:/micro_ros_ws/firmware/dev_ws/install/ament_cmake_flake8:/micro_ros_ws/firmware/dev_ws/install/ament_cmake_cpplint:/micro_ros_ws/firmware/dev_ws/install/ament_cmake_cppcheck:/micro_ros_ws/firmware/dev_ws/install/ament_cmake_copyright:/micro_ros_ws/firmware/dev_ws/install/ament_cmake_clang_tidy:/micro_ros_ws/firmware/dev_ws/install/ament_cmake_clang_format:/micro_ros_ws/firmware/dev_ws/install/ament_cmake_test:/micro_ros_ws/firmware/dev_ws/install/ament_cmake_target_dependencies:/micro_ros_ws/firmware/dev_ws/install/ament_cmake_python:/micro_ros_ws/firmware/dev_ws/install/ament_cmake_export_dependencies:/micro_ros_ws/firmware/dev_ws/install/ament_cmake_libraries:/micro_ros_ws/firmware/dev_ws/install/ament_cmake_include_directories:/micro_ros_ws/firmware/dev_ws/install/ament_cmake_gen_version_h:/micro_ros_ws/firmware/dev_ws/install/ament_cmake_export_targets:/micro_ros_ws/firmware/dev_ws/install/ament_cmake_export_link_flags:/micro_ros_ws/firmware/dev_ws/install/ament_cmake_export_interfaces:/micro_ros_ws/firmware/dev_ws/install/ament_cmake_export_libraries:/micro_ros_ws/firmware/dev_ws/install/ament_cmake_export_include_directories:/micro_ros_ws/firmware/dev_ws/install/ament_cmake_export_definitions:/micro_ros_ws/firmware/dev_ws/install/ament_cmake_core:/micro_ros_ws/firmware/dev_ws/install/ament_index_cpp:/micro_ros_ws/firmware/dev_ws/install/ament_uncrustify:/micro_ros_ws/firmware/dev_ws/install/domain_coordinator:/micro_ros_ws/firmware/dev_ws/install/ament_xmllint:/micro_ros_ws/firmware/dev_ws/install/ament_pyflakes:/micro_ros_ws/firmware/dev_ws/install/ament_pycodestyle:/micro_ros_ws/firmware/dev_ws/install/ament_pep257:/micro_ros_ws/firmware/dev_ws/install/ament_pclint:/micro_ros_ws/firmware/dev_ws/install/ament_package:/micro_ros_ws/firmware/dev_ws/install/ament_mypy:/micro_ros_ws/firmware/dev_ws/install/ament_lint_cmake:/micro_ros_ws/firmware/dev_ws/install/ament_flake8:/micro_ros_ws/firmware/dev_ws/install/ament_copyright:/micro_ros_ws/firmware/dev_ws/install/ament_lint:/micro_ros_ws/firmware/dev_ws/install/ament_index_python:/micro_ros_ws/firmware/dev_ws/install/ament_cpplint:/micro_ros_ws/firmware/dev_ws/install/ament_cppcheck:/micro_ros_ws/firmware/dev_ws/install/ament_clang_tidy:/micro_ros_ws/firmware/dev_ws/install/ament_clang_format LD_LIBRARY_PATH=/micro_ros_ws/firmware/mcu_ws/install/lib:${LD_LIBRARY_PATH} PATH=/micro_ros_ws/firmware/mcu_ws/install/bin:${PATH} PYTHONPATH=/micro_ros_ws/firmware/mcu_ws/install/lib/python3.10/site-packages:${PYTHONPATH} /usr/bin/cmake --build /micro_ros_ws/firmware/mcu_ws/build/nav_msgs -- -j12 -l12
[9.513s] Invoking command in '/micro_ros_ws/firmware/mcu_ws/build/nav_msgs': AMENT_PREFIX_PATH=/micro_ros_ws/firmware/mcu_ws/install:${AMENT_PREFIX_PATH} CMAKE_PREFIX_PATH=/micro_ros_ws/firmware/mcu_ws/install:/micro_ros_ws/firmware/dev_ws/install/ament_lint_common:/micro_ros_ws/firmware/dev_ws/install/ament_cmake_uncrustify:/micro_ros_ws/firmware/dev_ws/install/uncrustify_vendor:/micro_ros_ws/firmware/dev_ws/install/ament_cmake_ros:/micro_ros_ws/firmware/dev_ws/install/ament_cmake_auto:/micro_ros_ws/firmware/dev_ws/install/ament_cmake_gmock:/micro_ros_ws/firmware/dev_ws/install/gmock_vendor:/micro_ros_ws/firmware/dev_ws/install/ament_cmake_gtest:/micro_ros_ws/firmware/dev_ws/install/gtest_vendor:/micro_ros_ws/firmware/dev_ws/install/ament_cmake_xmllint:/micro_ros_ws/firmware/dev_ws/install/ament_cmake_pyflakes:/micro_ros_ws/firmware/dev_ws/install/ament_cmake_pycodestyle:/micro_ros_ws/firmware/dev_ws/install/ament_cmake_pep257:/micro_ros_ws/firmware/dev_ws/install/ament_cmake_pclint:/micro_ros_ws/firmware/dev_ws/install/ament_lint_auto:/micro_ros_ws/firmware/dev_ws/install/ament_cmake:/micro_ros_ws/firmware/dev_ws/install/ament_cmake_version:/micro_ros_ws/firmware/dev_ws/install/ament_cmake_vendor_package:/micro_ros_ws/firmware/dev_ws/install/ament_cmake_pytest:/micro_ros_ws/firmware/dev_ws/install/ament_cmake_nose:/micro_ros_ws/firmware/dev_ws/install/ament_cmake_mypy:/micro_ros_ws/firmware/dev_ws/install/ament_cmake_lint_cmake:/micro_ros_ws/firmware/dev_ws/install/ament_cmake_google_benchmark:/micro_ros_ws/firmware/dev_ws/install/ament_cmake_flake8:/micro_ros_ws/firmware/dev_ws/install/ament_cmake_cpplint:/micro_ros_ws/firmware/dev_ws/install/ament_cmake_cppcheck:/micro_ros_ws/firmware/dev_ws/install/ament_cmake_copyright:/micro_ros_ws/firmware/dev_ws/install/ament_cmake_clang_tidy:/micro_ros_ws/firmware/dev_ws/install/ament_cmake_clang_format:/micro_ros_ws/firmware/dev_ws/install/ament_cmake_test:/micro_ros_ws/firmware/dev_ws/install/ament_cmake_target_dependencies:/micro_ros_ws/firmware/dev_ws/install/ament_cmake_python:/micro_ros_ws/firmware/dev_ws/install/ament_cmake_export_dependencies:/micro_ros_ws/firmware/dev_ws/install/ament_cmake_libraries:/micro_ros_ws/firmware/dev_ws/install/ament_cmake_include_directories:/micro_ros_ws/firmware/dev_ws/install/ament_cmake_gen_version_h:/micro_ros_ws/firmware/dev_ws/install/ament_cmake_export_targets:/micro_ros_ws/firmware/dev_ws/install/ament_cmake_export_link_flags:/micro_ros_ws/firmware/dev_ws/install/ament_cmake_export_interfaces:/micro_ros_ws/firmware/dev_ws/install/ament_cmake_export_libraries:/micro_ros_ws/firmware/dev_ws/install/ament_cmake_export_include_directories:/micro_ros_ws/firmware/dev_ws/install/ament_cmake_export_definitions:/micro_ros_ws/firmware/dev_ws/install/ament_cmake_core:/micro_ros_ws/firmware/dev_ws/install/ament_index_cpp:/micro_ros_ws/firmware/dev_ws/install/ament_uncrustify:/micro_ros_ws/firmware/dev_ws/install/domain_coordinator:/micro_ros_ws/firmware/dev_ws/install/ament_xmllint:/micro_ros_ws/firmware/dev_ws/install/ament_pyflakes:/micro_ros_ws/firmware/dev_ws/install/ament_pycodestyle:/micro_ros_ws/firmware/dev_ws/install/ament_pep257:/micro_ros_ws/firmware/dev_ws/install/ament_pclint:/micro_ros_ws/firmware/dev_ws/install/ament_package:/micro_ros_ws/firmware/dev_ws/install/ament_mypy:/micro_ros_ws/firmware/dev_ws/install/ament_lint_cmake:/micro_ros_ws/firmware/dev_ws/install/ament_flake8:/micro_ros_ws/firmware/dev_ws/install/ament_copyright:/micro_ros_ws/firmware/dev_ws/install/ament_lint:/micro_ros_ws/firmware/dev_ws/install/ament_index_python:/micro_ros_ws/firmware/dev_ws/install/ament_cpplint:/micro_ros_ws/firmware/dev_ws/install/ament_cppcheck:/micro_ros_ws/firmware/dev_ws/install/ament_clang_tidy:/micro_ros_ws/firmware/dev_ws/install/ament_clang_format LD_LIBRARY_PATH=/micro_ros_ws/firmware/mcu_ws/install/lib:${LD_LIBRARY_PATH} PATH=/micro_ros_ws/firmware/mcu_ws/install/bin:${PATH} PYTHONPATH=/micro_ros_ws/firmware/mcu_ws/install/lib/python3.10/site-packages:${PYTHONPATH} /usr/bin/cmake --install /micro_ros_ws/firmware/mcu_ws/build/nav_msgs
[9.553s] -- Install configuration: "Debug"
[9.557s] -- Up-to-date: /micro_ros_ws/firmware/mcu_ws/install/share/ament_index/resource_index/rosidl_interfaces/nav_msgs
[9.559s] -- Up-to-date: /micro_ros_ws/firmware/mcu_ws/install/include/nav_msgs/nav_msgs
[9.562s] -- Up-to-date: /micro_ros_ws/firmware/mcu_ws/install/include/nav_msgs/nav_msgs/msg
[9.566s] -- Up-to-date: /micro_ros_ws/firmware/mcu_ws/install/include/nav_msgs/nav_msgs/msg/detail
[9.572s] -- Up-to-date: /micro_ros_ws/firmware/mcu_ws/install/include/nav_msgs/nav_msgs/msg/detail/goals__functions.c
[9.583s] -- Up-to-date: /micro_ros_ws/firmware/mcu_ws/install/include/nav_msgs/nav_msgs/msg/detail/goals__functions.h
[9.588s] -- Up-to-date: /micro_ros_ws/firmware/mcu_ws/install/include/nav_msgs/nav_msgs/msg/detail/goals__struct.h
[9.593s] -- Up-to-date: /micro_ros_ws/firmware/mcu_ws/install/include/nav_msgs/nav_msgs/msg/detail/goals__type_support.h
[9.596s] -- Up-to-date: /micro_ros_ws/firmware/mcu_ws/install/include/nav_msgs/nav_msgs/msg/detail/grid_cells__functions.c
[9.600s] -- Up-to-date: /micro_ros_ws/firmware/mcu_ws/install/include/nav_msgs/nav_msgs/msg/detail/grid_cells__functions.h
[9.604s] -- Up-to-date: /micro_ros_ws/firmware/mcu_ws/install/include/nav_msgs/nav_msgs/msg/detail/grid_cells__struct.h
[9.607s] -- Up-to-date: /micro_ros_ws/firmware/mcu_ws/install/include/nav_msgs/nav_msgs/msg/detail/grid_cells__type_support.h
[9.609s] -- Up-to-date: /micro_ros_ws/firmware/mcu_ws/install/include/nav_msgs/nav_msgs/msg/detail/map_meta_data__functions.c
[9.611s] -- Up-to-date: /micro_ros_ws/firmware/mcu_ws/install/include/nav_msgs/nav_msgs/msg/detail/map_meta_data__functions.h
[9.614s] -- Up-to-date: /micro_ros_ws/firmware/mcu_ws/install/include/nav_msgs/nav_msgs/msg/detail/map_meta_data__struct.h
[9.618s] -- Up-to-date: /micro_ros_ws/firmware/mcu_ws/install/include/nav_msgs/nav_msgs/msg/detail/map_meta_data__type_support.h
[9.622s] -- Up-to-date: /micro_ros_ws/firmware/mcu_ws/install/include/nav_msgs/nav_msgs/msg/detail/occupancy_grid__functions.c
[9.625s] -- Up-to-date: /micro_ros_ws/firmware/mcu_ws/install/include/nav_msgs/nav_msgs/msg/detail/occupancy_grid__functions.h
[9.628s] -- Up-to-date: /micro_ros_ws/firmware/mcu_ws/install/include/nav_msgs/nav_msgs/msg/detail/occupancy_grid__struct.h
[9.631s] -- Up-to-date: /micro_ros_ws/firmware/mcu_ws/install/include/nav_msgs/nav_msgs/msg/detail/occupancy_grid__type_support.h
[9.634s] -- Up-to-date: /micro_ros_ws/firmware/mcu_ws/install/include/nav_msgs/nav_msgs/msg/detail/odometry__functions.c
[9.636s] -- Up-to-date: /micro_ros_ws/firmware/mcu_ws/install/include/nav_msgs/nav_msgs/msg/detail/odometry__functions.h
[9.639s] -- Up-to-date: /micro_ros_ws/firmware/mcu_ws/install/include/nav_msgs/nav_msgs/msg/detail/odometry__struct.h
[9.642s] -- Up-to-date: /micro_ros_ws/firmware/mcu_ws/install/include/nav_msgs/nav_msgs/msg/detail/odometry__type_support.h
[9.645s] -- Up-to-date: /micro_ros_ws/firmware/mcu_ws/install/include/nav_msgs/nav_msgs/msg/detail/path__functions.c
[9.647s] -- Up-to-date: /micro_ros_ws/firmware/mcu_ws/install/include/nav_msgs/nav_msgs/msg/detail/path__functions.h
[9.650s] -- Up-to-date: /micro_ros_ws/firmware/mcu_ws/install/include/nav_msgs/nav_msgs/msg/detail/path__struct.h
[9.654s] -- Up-to-date: /micro_ros_ws/firmware/mcu_ws/install/include/nav_msgs/nav_msgs/msg/detail/path__type_support.h
[9.657s] -- Up-to-date: /micro_ros_ws/firmware/mcu_ws/install/include/nav_msgs/nav_msgs/msg/goals.h
[9.660s] -- Up-to-date: /micro_ros_ws/firmware/mcu_ws/install/include/nav_msgs/nav_msgs/msg/grid_cells.h
[9.664s] -- Up-to-date: /micro_ros_ws/firmware/mcu_ws/install/include/nav_msgs/nav_msgs/msg/map_meta_data.h
[9.667s] -- Up-to-date: /micro_ros_ws/firmware/mcu_ws/install/include/nav_msgs/nav_msgs/msg/occupancy_grid.h
[9.669s] -- Up-to-date: /micro_ros_ws/firmware/mcu_ws/install/include/nav_msgs/nav_msgs/msg/odometry.h
[9.674s] -- Up-to-date: /micro_ros_ws/firmware/mcu_ws/install/include/nav_msgs/nav_msgs/msg/path.h
[9.681s] -- Up-to-date: /micro_ros_ws/firmware/mcu_ws/install/include/nav_msgs/nav_msgs/msg/rosidl_generator_c__visibility_control.h
[9.685s] -- Up-to-date: /micro_ros_ws/firmware/mcu_ws/install/include/nav_msgs/nav_msgs/srv
[9.690s] -- Up-to-date: /micro_ros_ws/firmware/mcu_ws/install/include/nav_msgs/nav_msgs/srv/detail
[9.697s] -- Up-to-date: /micro_ros_ws/firmware/mcu_ws/install/include/nav_msgs/nav_msgs/srv/detail/get_map__functions.c
[9.700s] -- Up-to-date: /micro_ros_ws/firmware/mcu_ws/install/include/nav_msgs/nav_msgs/srv/detail/get_map__functions.h
[9.703s] -- Up-to-date: /micro_ros_ws/firmware/mcu_ws/install/include/nav_msgs/nav_msgs/srv/detail/get_map__struct.h
[9.706s] -- Up-to-date: /micro_ros_ws/firmware/mcu_ws/install/include/nav_msgs/nav_msgs/srv/detail/get_map__type_support.h
[9.708s] -- Up-to-date: /micro_ros_ws/firmware/mcu_ws/install/include/nav_msgs/nav_msgs/srv/detail/get_plan__functions.c
[9.711s] -- Up-to-date: /micro_ros_ws/firmware/mcu_ws/install/include/nav_msgs/nav_msgs/srv/detail/get_plan__functions.h
[9.715s] -- Up-to-date: /micro_ros_ws/firmware/mcu_ws/install/include/nav_msgs/nav_msgs/srv/detail/get_plan__struct.h
[9.718s] -- Up-to-date: /micro_ros_ws/firmware/mcu_ws/install/include/nav_msgs/nav_msgs/srv/detail/get_plan__type_support.h
[9.721s] -- Up-to-date: /micro_ros_ws/firmware/mcu_ws/install/include/nav_msgs/nav_msgs/srv/detail/load_map__functions.c
[9.725s] -- Up-to-date: /micro_ros_ws/firmware/mcu_ws/install/include/nav_msgs/nav_msgs/srv/detail/load_map__functions.h
[9.728s] -- Up-to-date: /micro_ros_ws/firmware/mcu_ws/install/include/nav_msgs/nav_msgs/srv/detail/load_map__struct.h
[9.732s] -- Up-to-date: /micro_ros_ws/firmware/mcu_ws/install/include/nav_msgs/nav_msgs/srv/detail/load_map__type_support.h
[9.735s] -- Up-to-date: /micro_ros_ws/firmware/mcu_ws/install/include/nav_msgs/nav_msgs/srv/detail/set_map__functions.c
[9.738s] -- Up-to-date: /micro_ros_ws/firmware/mcu_ws/install/include/nav_msgs/nav_msgs/srv/detail/set_map__functions.h
[9.742s] -- Up-to-date: /micro_ros_ws/firmware/mcu_ws/install/include/nav_msgs/nav_msgs/srv/detail/set_map__struct.h
[9.745s] -- Up-to-date: /micro_ros_ws/firmware/mcu_ws/install/include/nav_msgs/nav_msgs/srv/detail/set_map__type_support.h
[9.747s] -- Up-to-date: /micro_ros_ws/firmware/mcu_ws/install/include/nav_msgs/nav_msgs/srv/get_map.h
[9.750s] -- Up-to-date: /micro_ros_ws/firmware/mcu_ws/install/include/nav_msgs/nav_msgs/srv/get_plan.h
[9.753s] -- Up-to-date: /micro_ros_ws/firmware/mcu_ws/install/include/nav_msgs/nav_msgs/srv/load_map.h
[9.755s] -- Up-to-date: /micro_ros_ws/firmware/mcu_ws/install/include/nav_msgs/nav_msgs/srv/set_map.h
[9.759s] -- Up-to-date: /micro_ros_ws/firmware/mcu_ws/install/share/nav_msgs/environment/library_path.sh
[9.761s] -- Installing: /micro_ros_ws/firmware/mcu_ws/install/share/nav_msgs/environment/library_path.dsv
[9.769s] -- Up-to-date: /micro_ros_ws/firmware/mcu_ws/install/lib/libnav_msgs__rosidl_generator_c.a
[9.773s] -- Up-to-date: /micro_ros_ws/firmware/mcu_ws/install/include/nav_msgs/nav_msgs
[9.776s] -- Up-to-date: /micro_ros_ws/firmware/mcu_ws/install/include/nav_msgs/nav_msgs/msg
[9.782s] -- Up-to-date: /micro_ros_ws/firmware/mcu_ws/install/include/nav_msgs/nav_msgs/msg/detail
[9.788s] -- Up-to-date: /micro_ros_ws/firmware/mcu_ws/install/include/nav_msgs/nav_msgs/msg/detail/goals__rosidl_typesupport_introspection_c.h
[9.793s] -- Up-to-date: /micro_ros_ws/firmware/mcu_ws/install/include/nav_msgs/nav_msgs/msg/detail/goals__type_support.c
[9.796s] -- Up-to-date: /micro_ros_ws/firmware/mcu_ws/install/include/nav_msgs/nav_msgs/msg/detail/grid_cells__rosidl_typesupport_introspection_c.h
[9.799s] -- Up-to-date: /micro_ros_ws/firmware/mcu_ws/install/include/nav_msgs/nav_msgs/msg/detail/grid_cells__type_support.c
[9.801s] -- Up-to-date: /micro_ros_ws/firmware/mcu_ws/install/include/nav_msgs/nav_msgs/msg/detail/map_meta_data__rosidl_typesupport_introspection_c.h
[9.804s] -- Up-to-date: /micro_ros_ws/firmware/mcu_ws/install/include/nav_msgs/nav_msgs/msg/detail/map_meta_data__type_support.c
[9.806s] -- Up-to-date: /micro_ros_ws/firmware/mcu_ws/install/include/nav_msgs/nav_msgs/msg/detail/occupancy_grid__rosidl_typesupport_introspection_c.h
[9.808s] -- Up-to-date: /micro_ros_ws/firmware/mcu_ws/install/include/nav_msgs/nav_msgs/msg/detail/occupancy_grid__type_support.c
[9.810s] -- Up-to-date: /micro_ros_ws/firmware/mcu_ws/install/include/nav_msgs/nav_msgs/msg/detail/odometry__rosidl_typesupport_introspection_c.h
[9.813s] -- Up-to-date: /micro_ros_ws/firmware/mcu_ws/install/include/nav_msgs/nav_msgs/msg/detail/odometry__type_support.c
[9.816s] -- Up-to-date: /micro_ros_ws/firmware/mcu_ws/install/include/nav_msgs/nav_msgs/msg/detail/path__rosidl_typesupport_introspection_c.h
[9.819s] -- Up-to-date: /micro_ros_ws/firmware/mcu_ws/install/include/nav_msgs/nav_msgs/msg/detail/path__type_support.c
[9.822s] -- Up-to-date: /micro_ros_ws/firmware/mcu_ws/install/include/nav_msgs/nav_msgs/msg/rosidl_typesupport_introspection_c__visibility_control.h
[9.824s] -- Up-to-date: /micro_ros_ws/firmware/mcu_ws/install/include/nav_msgs/nav_msgs/srv
[9.827s] -- Up-to-date: /micro_ros_ws/firmware/mcu_ws/install/include/nav_msgs/nav_msgs/srv/detail
[9.830s] -- Up-to-date: /micro_ros_ws/firmware/mcu_ws/install/include/nav_msgs/nav_msgs/srv/detail/get_map__rosidl_typesupport_introspection_c.h
[9.834s] -- Up-to-date: /micro_ros_ws/firmware/mcu_ws/install/include/nav_msgs/nav_msgs/srv/detail/get_map__type_support.c
[9.836s] -- Up-to-date: /micro_ros_ws/firmware/mcu_ws/install/include/nav_msgs/nav_msgs/srv/detail/get_plan__rosidl_typesupport_introspection_c.h
[9.839s] -- Up-to-date: /micro_ros_ws/firmware/mcu_ws/install/include/nav_msgs/nav_msgs/srv/detail/get_plan__type_support.c
[9.841s] -- Up-to-date: /micro_ros_ws/firmware/mcu_ws/install/include/nav_msgs/nav_msgs/srv/detail/load_map__rosidl_typesupport_introspection_c.h
[9.844s] -- Up-to-date: /micro_ros_ws/firmware/mcu_ws/install/include/nav_msgs/nav_msgs/srv/detail/load_map__type_support.c
[9.846s] -- Up-to-date: /micro_ros_ws/firmware/mcu_ws/install/include/nav_msgs/nav_msgs/srv/detail/set_map__rosidl_typesupport_introspection_c.h
[9.849s] -- Up-to-date: /micro_ros_ws/firmware/mcu_ws/install/include/nav_msgs/nav_msgs/srv/detail/set_map__type_support.c
[9.852s] -- Up-to-date: /micro_ros_ws/firmware/mcu_ws/install/lib/libnav_msgs__rosidl_typesupport_introspection_c.a
[9.853s] -- Up-to-date: /micro_ros_ws/firmware/mcu_ws/install/include/nav_msgs/nav_msgs
[9.855s] -- Up-to-date: /micro_ros_ws/firmware/mcu_ws/install/include/nav_msgs/nav_msgs/msg
[9.857s] -- Up-to-date: /micro_ros_ws/firmware/mcu_ws/install/include/nav_msgs/nav_msgs/msg/detail
[9.860s] -- Up-to-date: /micro_ros_ws/firmware/mcu_ws/install/include/nav_msgs/nav_msgs/msg/detail/goals__rosidl_typesupport_microxrcedds_c.h
[9.863s] -- Up-to-date: /micro_ros_ws/firmware/mcu_ws/install/include/nav_msgs/nav_msgs/msg/detail/grid_cells__rosidl_typesupport_microxrcedds_c.h
[9.865s] -- Up-to-date: /micro_ros_ws/firmware/mcu_ws/install/include/nav_msgs/nav_msgs/msg/detail/map_meta_data__rosidl_typesupport_microxrcedds_c.h
[9.867s] -- Up-to-date: /micro_ros_ws/firmware/mcu_ws/install/include/nav_msgs/nav_msgs/msg/detail/microxrcedds
[9.870s] -- Up-to-date: /micro_ros_ws/firmware/mcu_ws/install/include/nav_msgs/nav_msgs/msg/detail/occupancy_grid__rosidl_typesupport_microxrcedds_c.h
[9.876s] -- Up-to-date: /micro_ros_ws/firmware/mcu_ws/install/include/nav_msgs/nav_msgs/msg/detail/odometry__rosidl_typesupport_microxrcedds_c.h
[9.888s] -- Up-to-date: /micro_ros_ws/firmware/mcu_ws/install/include/nav_msgs/nav_msgs/msg/detail/path__rosidl_typesupport_microxrcedds_c.h
[9.895s] -- Up-to-date: /micro_ros_ws/firmware/mcu_ws/install/include/nav_msgs/nav_msgs/msg/rosidl_typesupport_microxrcedds_c__visibility_control.h
[9.900s] -- Up-to-date: /micro_ros_ws/firmware/mcu_ws/install/include/nav_msgs/nav_msgs/srv
[9.910s] -- Up-to-date: /micro_ros_ws/firmware/mcu_ws/install/include/nav_msgs/nav_msgs/srv/detail
[9.921s] -- Up-to-date: /micro_ros_ws/firmware/mcu_ws/install/include/nav_msgs/nav_msgs/srv/detail/get_map__rosidl_typesupport_microxrcedds_c.h
[9.928s] -- Up-to-date: /micro_ros_ws/firmware/mcu_ws/install/include/nav_msgs/nav_msgs/srv/detail/get_plan__rosidl_typesupport_microxrcedds_c.h
[9.938s] -- Up-to-date: /micro_ros_ws/firmware/mcu_ws/install/include/nav_msgs/nav_msgs/srv/detail/load_map__rosidl_typesupport_microxrcedds_c.h
[9.942s] -- Up-to-date: /micro_ros_ws/firmware/mcu_ws/install/include/nav_msgs/nav_msgs/srv/detail/microxrcedds
[9.951s] -- Up-to-date: /micro_ros_ws/firmware/mcu_ws/install/include/nav_msgs/nav_msgs/srv/detail/set_map__rosidl_typesupport_microxrcedds_c.h
[9.956s] -- Up-to-date: /micro_ros_ws/firmware/mcu_ws/install/lib/libnav_msgs__rosidl_typesupport_microxrcedds_c.a
[9.961s] -- Up-to-date: /micro_ros_ws/firmware/mcu_ws/install/lib/libnav_msgs__rosidl_typesupport_c.a
[9.968s] -- Up-to-date: /micro_ros_ws/firmware/mcu_ws/install/share/nav_msgs/msg/Goals.idl
[9.977s] -- Up-to-date: /micro_ros_ws/firmware/mcu_ws/install/share/nav_msgs/msg/GridCells.idl
[9.987s] -- Up-to-date: /micro_ros_ws/firmware/mcu_ws/install/share/nav_msgs/msg/MapMetaData.idl
[9.993s] -- Up-to-date: /micro_ros_ws/firmware/mcu_ws/install/share/nav_msgs/msg/OccupancyGrid.idl
[10.000s] -- Up-to-date: /micro_ros_ws/firmware/mcu_ws/install/share/nav_msgs/msg/Odometry.idl
[10.007s] -- Up-to-date: /micro_ros_ws/firmware/mcu_ws/install/share/nav_msgs/msg/Path.idl
[10.014s] -- Up-to-date: /micro_ros_ws/firmware/mcu_ws/install/share/nav_msgs/srv/GetMap.idl
[10.021s] -- Up-to-date: /micro_ros_ws/firmware/mcu_ws/install/share/nav_msgs/srv/GetPlan.idl
[10.028s] -- Up-to-date: /micro_ros_ws/firmware/mcu_ws/install/share/nav_msgs/srv/LoadMap.idl
[10.035s] -- Up-to-date: /micro_ros_ws/firmware/mcu_ws/install/share/nav_msgs/srv/SetMap.idl
[10.041s] -- Up-to-date: /micro_ros_ws/firmware/mcu_ws/install/share/nav_msgs/msg/Goals.msg
[10.048s] -- Up-to-date: /micro_ros_ws/firmware/mcu_ws/install/share/nav_msgs/msg/GridCells.msg
[10.054s] -- Up-to-date: /micro_ros_ws/firmware/mcu_ws/install/share/nav_msgs/msg/MapMetaData.msg
[10.060s] -- Up-to-date: /micro_ros_ws/firmware/mcu_ws/install/share/nav_msgs/msg/OccupancyGrid.msg
[10.066s] -- Up-to-date: /micro_ros_ws/firmware/mcu_ws/install/share/nav_msgs/msg/Odometry.msg
[10.075s] -- Up-to-date: /micro_ros_ws/firmware/mcu_ws/install/share/nav_msgs/msg/Path.msg
[10.085s] -- Up-to-date: /micro_ros_ws/firmware/mcu_ws/install/share/nav_msgs/srv/GetMap.srv
[10.092s] -- Up-to-date: /micro_ros_ws/firmware/mcu_ws/install/share/nav_msgs/srv/GetMap_Request.msg
[10.098s] -- Up-to-date: /micro_ros_ws/firmware/mcu_ws/install/share/nav_msgs/srv/GetMap_Response.msg
[10.103s] -- Up-to-date: /micro_ros_ws/firmware/mcu_ws/install/share/nav_msgs/srv/GetPlan.srv
[10.109s] -- Up-to-date: /micro_ros_ws/firmware/mcu_ws/install/share/nav_msgs/srv/GetPlan_Request.msg
[10.114s] -- Up-to-date: /micro_ros_ws/firmware/mcu_ws/install/share/nav_msgs/srv/GetPlan_Response.msg
[10.119s] -- Up-to-date: /micro_ros_ws/firmware/mcu_ws/install/share/nav_msgs/srv/LoadMap.srv
[10.125s] -- Up-to-date: /micro_ros_ws/firmware/mcu_ws/install/share/nav_msgs/srv/LoadMap_Request.msg
[10.130s] -- Up-to-date: /micro_ros_ws/firmware/mcu_ws/install/share/nav_msgs/srv/LoadMap_Response.msg
[10.135s] -- Up-to-date: /micro_ros_ws/firmware/mcu_ws/install/share/nav_msgs/srv/SetMap.srv
[10.141s] -- Up-to-date: /micro_ros_ws/firmware/mcu_ws/install/share/nav_msgs/srv/SetMap_Request.msg
[10.146s] -- Up-to-date: /micro_ros_ws/firmware/mcu_ws/install/share/nav_msgs/srv/SetMap_Response.msg
[10.153s] -- Up-to-date: /micro_ros_ws/firmware/mcu_ws/install/share/ament_index/resource_index/package_run_dependencies/nav_msgs
[10.165s] -- Up-to-date: /micro_ros_ws/firmware/mcu_ws/install/share/ament_index/resource_index/parent_prefix_path/nav_msgs
[10.173s] -- Up-to-date: /micro_ros_ws/firmware/mcu_ws/install/share/nav_msgs/environment/ament_prefix_path.sh
[10.182s] -- Installing: /micro_ros_ws/firmware/mcu_ws/install/share/nav_msgs/environment/ament_prefix_path.dsv
[10.201s] -- Up-to-date: /micro_ros_ws/firmware/mcu_ws/install/share/nav_msgs/environment/path.sh
[10.205s] -- Installing: /micro_ros_ws/firmware/mcu_ws/install/share/nav_msgs/environment/path.dsv
[10.216s] -- Up-to-date: /micro_ros_ws/firmware/mcu_ws/install/share/nav_msgs/local_setup.bash
[10.219s] -- Up-to-date: /micro_ros_ws/firmware/mcu_ws/install/share/nav_msgs/local_setup.sh
[10.222s] -- Up-to-date: /micro_ros_ws/firmware/mcu_ws/install/share/nav_msgs/local_setup.zsh
[10.224s] -- Installing: /micro_ros_ws/firmware/mcu_ws/install/share/nav_msgs/local_setup.dsv
[10.232s] -- Installing: /micro_ros_ws/firmware/mcu_ws/install/share/nav_msgs/package.dsv
[10.240s] -- Up-to-date: /micro_ros_ws/firmware/mcu_ws/install/share/ament_index/resource_index/packages/nav_msgs
[10.244s] -- Up-to-date: /micro_ros_ws/firmware/mcu_ws/install/share/nav_msgs/cmake/export_nav_msgs__rosidl_generator_cExport.cmake
[10.247s] -- Up-to-date: /micro_ros_ws/firmware/mcu_ws/install/share/nav_msgs/cmake/export_nav_msgs__rosidl_generator_cExport-debug.cmake
[10.251s] -- Up-to-date: /micro_ros_ws/firmware/mcu_ws/install/share/nav_msgs/cmake/nav_msgs__rosidl_typesupport_introspection_cExport.cmake
[10.253s] -- Up-to-date: /micro_ros_ws/firmware/mcu_ws/install/share/nav_msgs/cmake/nav_msgs__rosidl_typesupport_introspection_cExport-debug.cmake
[10.255s] -- Up-to-date: /micro_ros_ws/firmware/mcu_ws/install/share/nav_msgs/cmake/nav_msgs__rosidl_typesupport_cExport.cmake
[10.257s] -- Up-to-date: /micro_ros_ws/firmware/mcu_ws/install/share/nav_msgs/cmake/nav_msgs__rosidl_typesupport_cExport-debug.cmake
[10.258s] -- Up-to-date: /micro_ros_ws/firmware/mcu_ws/install/share/nav_msgs/cmake/rosidl_cmake-extras.cmake
[10.260s] -- Up-to-date: /micro_ros_ws/firmware/mcu_ws/install/share/nav_msgs/cmake/ament_cmake_export_dependencies-extras.cmake
[10.261s] -- Up-to-date: /micro_ros_ws/firmware/mcu_ws/install/share/nav_msgs/cmake/ament_cmake_export_include_directories-extras.cmake
[10.262s] -- Up-to-date: /micro_ros_ws/firmware/mcu_ws/install/share/nav_msgs/cmake/ament_cmake_export_libraries-extras.cmake
[10.263s] -- Up-to-date: /micro_ros_ws/firmware/mcu_ws/install/share/nav_msgs/cmake/ament_cmake_export_targets-extras.cmake
[10.265s] -- Up-to-date: /micro_ros_ws/firmware/mcu_ws/install/share/nav_msgs/cmake/rosidl_cmake_export_typesupport_targets-extras.cmake
[10.266s] -- Up-to-date: /micro_ros_ws/firmware/mcu_ws/install/share/nav_msgs/cmake/rosidl_cmake_export_typesupport_libraries-extras.cmake
[10.268s] -- Up-to-date: /micro_ros_ws/firmware/mcu_ws/install/share/nav_msgs/cmake/rosidl_cmake_aggregate_target-extras.cmake
[10.269s] -- Up-to-date: /micro_ros_ws/firmware/mcu_ws/install/share/nav_msgs/cmake/nav_msgsConfig.cmake
[10.271s] -- Up-to-date: /micro_ros_ws/firmware/mcu_ws/install/share/nav_msgs/cmake/nav_msgsConfig-version.cmake
[10.276s] -- Up-to-date: /micro_ros_ws/firmware/mcu_ws/install/share/nav_msgs/package.xml
[10.284s] Invoked command in '/micro_ros_ws/firmware/mcu_ws/build/nav_msgs' returned '0': AMENT_PREFIX_PATH=/micro_ros_ws/firmware/mcu_ws/install:${AMENT_PREFIX_PATH} CMAKE_PREFIX_PATH=/micro_ros_ws/firmware/mcu_ws/install:/micro_ros_ws/firmware/dev_ws/install/ament_lint_common:/micro_ros_ws/firmware/dev_ws/install/ament_cmake_uncrustify:/micro_ros_ws/firmware/dev_ws/install/uncrustify_vendor:/micro_ros_ws/firmware/dev_ws/install/ament_cmake_ros:/micro_ros_ws/firmware/dev_ws/install/ament_cmake_auto:/micro_ros_ws/firmware/dev_ws/install/ament_cmake_gmock:/micro_ros_ws/firmware/dev_ws/install/gmock_vendor:/micro_ros_ws/firmware/dev_ws/install/ament_cmake_gtest:/micro_ros_ws/firmware/dev_ws/install/gtest_vendor:/micro_ros_ws/firmware/dev_ws/install/ament_cmake_xmllint:/micro_ros_ws/firmware/dev_ws/install/ament_cmake_pyflakes:/micro_ros_ws/firmware/dev_ws/install/ament_cmake_pycodestyle:/micro_ros_ws/firmware/dev_ws/install/ament_cmake_pep257:/micro_ros_ws/firmware/dev_ws/install/ament_cmake_pclint:/micro_ros_ws/firmware/dev_ws/install/ament_lint_auto:/micro_ros_ws/firmware/dev_ws/install/ament_cmake:/micro_ros_ws/firmware/dev_ws/install/ament_cmake_version:/micro_ros_ws/firmware/dev_ws/install/ament_cmake_vendor_package:/micro_ros_ws/firmware/dev_ws/install/ament_cmake_pytest:/micro_ros_ws/firmware/dev_ws/install/ament_cmake_nose:/micro_ros_ws/firmware/dev_ws/install/ament_cmake_mypy:/micro_ros_ws/firmware/dev_ws/install/ament_cmake_lint_cmake:/micro_ros_ws/firmware/dev_ws/install/ament_cmake_google_benchmark:/micro_ros_ws/firmware/dev_ws/install/ament_cmake_flake8:/micro_ros_ws/firmware/dev_ws/install/ament_cmake_cpplint:/micro_ros_ws/firmware/dev_ws/install/ament_cmake_cppcheck:/micro_ros_ws/firmware/dev_ws/install/ament_cmake_copyright:/micro_ros_ws/firmware/dev_ws/install/ament_cmake_clang_tidy:/micro_ros_ws/firmware/dev_ws/install/ament_cmake_clang_format:/micro_ros_ws/firmware/dev_ws/install/ament_cmake_test:/micro_ros_ws/firmware/dev_ws/install/ament_cmake_target_dependencies:/micro_ros_ws/firmware/dev_ws/install/ament_cmake_python:/micro_ros_ws/firmware/dev_ws/install/ament_cmake_export_dependencies:/micro_ros_ws/firmware/dev_ws/install/ament_cmake_libraries:/micro_ros_ws/firmware/dev_ws/install/ament_cmake_include_directories:/micro_ros_ws/firmware/dev_ws/install/ament_cmake_gen_version_h:/micro_ros_ws/firmware/dev_ws/install/ament_cmake_export_targets:/micro_ros_ws/firmware/dev_ws/install/ament_cmake_export_link_flags:/micro_ros_ws/firmware/dev_ws/install/ament_cmake_export_interfaces:/micro_ros_ws/firmware/dev_ws/install/ament_cmake_export_libraries:/micro_ros_ws/firmware/dev_ws/install/ament_cmake_export_include_directories:/micro_ros_ws/firmware/dev_ws/install/ament_cmake_export_definitions:/micro_ros_ws/firmware/dev_ws/install/ament_cmake_core:/micro_ros_ws/firmware/dev_ws/install/ament_index_cpp:/micro_ros_ws/firmware/dev_ws/install/ament_uncrustify:/micro_ros_ws/firmware/dev_ws/install/domain_coordinator:/micro_ros_ws/firmware/dev_ws/install/ament_xmllint:/micro_ros_ws/firmware/dev_ws/install/ament_pyflakes:/micro_ros_ws/firmware/dev_ws/install/ament_pycodestyle:/micro_ros_ws/firmware/dev_ws/install/ament_pep257:/micro_ros_ws/firmware/dev_ws/install/ament_pclint:/micro_ros_ws/firmware/dev_ws/install/ament_package:/micro_ros_ws/firmware/dev_ws/install/ament_mypy:/micro_ros_ws/firmware/dev_ws/install/ament_lint_cmake:/micro_ros_ws/firmware/dev_ws/install/ament_flake8:/micro_ros_ws/firmware/dev_ws/install/ament_copyright:/micro_ros_ws/firmware/dev_ws/install/ament_lint:/micro_ros_ws/firmware/dev_ws/install/ament_index_python:/micro_ros_ws/firmware/dev_ws/install/ament_cpplint:/micro_ros_ws/firmware/dev_ws/install/ament_cppcheck:/micro_ros_ws/firmware/dev_ws/install/ament_clang_tidy:/micro_ros_ws/firmware/dev_ws/install/ament_clang_format LD_LIBRARY_PATH=/micro_ros_ws/firmware/mcu_ws/install/lib:${LD_LIBRARY_PATH} PATH=/micro_ros_ws/firmware/mcu_ws/install/bin:${PATH} PYTHONPATH=/micro_ros_ws/firmware/mcu_ws/install/lib/python3.10/site-packages:${PYTHONPATH} /usr/bin/cmake --install /micro_ros_ws/firmware/mcu_ws/build/nav_msgs
