[2.421s] Invoking command in '/micro_ros_ws/firmware/mcu_ws/build/libyaml_vendor': CMAKE_PREFIX_PATH=${CMAKE_PREFIX_PATH}:/micro_ros_ws/firmware/dev_ws/install/ament_uncrustify:/micro_ros_ws/firmware/dev_ws/install/domain_coordinator:/micro_ros_ws/firmware/dev_ws/install/ament_xmllint:/micro_ros_ws/firmware/dev_ws/install/ament_pyflakes:/micro_ros_ws/firmware/dev_ws/install/ament_pycodestyle:/micro_ros_ws/firmware/dev_ws/install/ament_pep257:/micro_ros_ws/firmware/dev_ws/install/ament_pclint:/micro_ros_ws/firmware/dev_ws/install/ament_package:/micro_ros_ws/firmware/dev_ws/install/ament_mypy:/micro_ros_ws/firmware/dev_ws/install/ament_lint_cmake:/micro_ros_ws/firmware/dev_ws/install/ament_flake8:/micro_ros_ws/firmware/dev_ws/install/ament_copyright:/micro_ros_ws/firmware/dev_ws/install/ament_lint:/micro_ros_ws/firmware/dev_ws/install/ament_index_python:/micro_ros_ws/firmware/dev_ws/install/ament_cpplint:/micro_ros_ws/firmware/dev_ws/install/ament_cppcheck:/micro_ros_ws/firmware/dev_ws/install/ament_clang_tidy:/micro_ros_ws/firmware/dev_ws/install/ament_clang_format /usr/bin/cmake --build /micro_ros_ws/firmware/mcu_ws/build/libyaml_vendor -- -j12 -l12
[2.476s] gmake[4]: Entering directory '/micro_ros_ws/firmware/mcu_ws/build/libyaml_vendor'
[2.477s] /usr/bin/cmake -S/micro_ros_ws/firmware/mcu_ws/ros2/libyaml_vendor -B/micro_ros_ws/firmware/mcu_ws/build/libyaml_vendor --check-build-system CMakeFiles/Makefile.cmake 0
[2.608s] Re-run cmake file: Makefile older than: /micro_ros_ws/firmware/freertos_apps/microros_esp32_extensions/esp32_toolchain.cmake
[2.643s] -- Found ament_cmake: 1.3.14 (/micro_ros_ws/firmware/dev_ws/install/ament_cmake/share/ament_cmake/cmake)
[7.373s] -- Configuring done
[7.539s] -- Generating done
[7.603s] -- Build files have been written to: /micro_ros_ws/firmware/mcu_ws/build/libyaml_vendor
[7.605s] /usr/bin/cmake -E cmake_progress_start /micro_ros_ws/firmware/mcu_ws/build/libyaml_vendor/CMakeFiles /micro_ros_ws/firmware/mcu_ws/build/libyaml_vendor//CMakeFiles/progress.marks
[7.643s] /usr/bin/gmake  -f CMakeFiles/Makefile2 all
[7.651s] gmake[5]: Entering directory '/micro_ros_ws/firmware/mcu_ws/build/libyaml_vendor'
[7.651s] /usr/bin/gmake  -f CMakeFiles/libyaml-0.2.5.dir/build.make CMakeFiles/libyaml-0.2.5.dir/depend
[7.661s] gmake[6]: Entering directory '/micro_ros_ws/firmware/mcu_ws/build/libyaml_vendor'
[7.661s] cd /micro_ros_ws/firmware/mcu_ws/build/libyaml_vendor && /usr/bin/cmake -E cmake_depends "Unix Makefiles" /micro_ros_ws/firmware/mcu_ws/ros2/libyaml_vendor /micro_ros_ws/firmware/mcu_ws/ros2/libyaml_vendor /micro_ros_ws/firmware/mcu_ws/build/libyaml_vendor /micro_ros_ws/firmware/mcu_ws/build/libyaml_vendor /micro_ros_ws/firmware/mcu_ws/build/libyaml_vendor/CMakeFiles/libyaml-0.2.5.dir/DependInfo.cmake --color=
[7.695s] gmake[6]: Leaving directory '/micro_ros_ws/firmware/mcu_ws/build/libyaml_vendor'
[7.696s] /usr/bin/gmake  -f CMakeFiles/libyaml-0.2.5.dir/build.make CMakeFiles/libyaml-0.2.5.dir/build
[7.708s] gmake[6]: Entering directory '/micro_ros_ws/firmware/mcu_ws/build/libyaml_vendor'
[7.709s] gmake[6]: Nothing to be done for 'CMakeFiles/libyaml-0.2.5.dir/build'.
[7.709s] gmake[6]: Leaving directory '/micro_ros_ws/firmware/mcu_ws/build/libyaml_vendor'
[7.767s] [100%] Built target libyaml-0.2.5
[7.768s] gmake[5]: Leaving directory '/micro_ros_ws/firmware/mcu_ws/build/libyaml_vendor'
[7.768s] /usr/bin/cmake -E cmake_progress_start /micro_ros_ws/firmware/mcu_ws/build/libyaml_vendor/CMakeFiles 0
[7.809s] gmake[4]: Leaving directory '/micro_ros_ws/firmware/mcu_ws/build/libyaml_vendor'
[7.812s] Invoked command in '/micro_ros_ws/firmware/mcu_ws/build/libyaml_vendor' returned '0': CMAKE_PREFIX_PATH=${CMAKE_PREFIX_PATH}:/micro_ros_ws/firmware/dev_ws/install/ament_uncrustify:/micro_ros_ws/firmware/dev_ws/install/domain_coordinator:/micro_ros_ws/firmware/dev_ws/install/ament_xmllint:/micro_ros_ws/firmware/dev_ws/install/ament_pyflakes:/micro_ros_ws/firmware/dev_ws/install/ament_pycodestyle:/micro_ros_ws/firmware/dev_ws/install/ament_pep257:/micro_ros_ws/firmware/dev_ws/install/ament_pclint:/micro_ros_ws/firmware/dev_ws/install/ament_package:/micro_ros_ws/firmware/dev_ws/install/ament_mypy:/micro_ros_ws/firmware/dev_ws/install/ament_lint_cmake:/micro_ros_ws/firmware/dev_ws/install/ament_flake8:/micro_ros_ws/firmware/dev_ws/install/ament_copyright:/micro_ros_ws/firmware/dev_ws/install/ament_lint:/micro_ros_ws/firmware/dev_ws/install/ament_index_python:/micro_ros_ws/firmware/dev_ws/install/ament_cpplint:/micro_ros_ws/firmware/dev_ws/install/ament_cppcheck:/micro_ros_ws/firmware/dev_ws/install/ament_clang_tidy:/micro_ros_ws/firmware/dev_ws/install/ament_clang_format /usr/bin/cmake --build /micro_ros_ws/firmware/mcu_ws/build/libyaml_vendor -- -j12 -l12
[7.822s] Invoking command in '/micro_ros_ws/firmware/mcu_ws/build/libyaml_vendor': CMAKE_PREFIX_PATH=${CMAKE_PREFIX_PATH}:/micro_ros_ws/firmware/dev_ws/install/ament_uncrustify:/micro_ros_ws/firmware/dev_ws/install/domain_coordinator:/micro_ros_ws/firmware/dev_ws/install/ament_xmllint:/micro_ros_ws/firmware/dev_ws/install/ament_pyflakes:/micro_ros_ws/firmware/dev_ws/install/ament_pycodestyle:/micro_ros_ws/firmware/dev_ws/install/ament_pep257:/micro_ros_ws/firmware/dev_ws/install/ament_pclint:/micro_ros_ws/firmware/dev_ws/install/ament_package:/micro_ros_ws/firmware/dev_ws/install/ament_mypy:/micro_ros_ws/firmware/dev_ws/install/ament_lint_cmake:/micro_ros_ws/firmware/dev_ws/install/ament_flake8:/micro_ros_ws/firmware/dev_ws/install/ament_copyright:/micro_ros_ws/firmware/dev_ws/install/ament_lint:/micro_ros_ws/firmware/dev_ws/install/ament_index_python:/micro_ros_ws/firmware/dev_ws/install/ament_cpplint:/micro_ros_ws/firmware/dev_ws/install/ament_cppcheck:/micro_ros_ws/firmware/dev_ws/install/ament_clang_tidy:/micro_ros_ws/firmware/dev_ws/install/ament_clang_format /usr/bin/cmake --install /micro_ros_ws/firmware/mcu_ws/build/libyaml_vendor
[7.860s] -- Install configuration: "Debug"
[7.861s] -- Up-to-date: /micro_ros_ws/firmware/mcu_ws/install
[7.863s] -- Up-to-date: /micro_ros_ws/firmware/mcu_ws/install/cmake
[7.868s] -- Up-to-date: /micro_ros_ws/firmware/mcu_ws/install/cmake/yamlConfig.cmake
[7.872s] -- Up-to-date: /micro_ros_ws/firmware/mcu_ws/install/cmake/yamlConfigVersion.cmake
[7.876s] -- Up-to-date: /micro_ros_ws/firmware/mcu_ws/install/cmake/yamlTargets-debug.cmake
[7.880s] -- Up-to-date: /micro_ros_ws/firmware/mcu_ws/install/cmake/yamlTargets.cmake
[7.883s] -- Up-to-date: /micro_ros_ws/firmware/mcu_ws/install/include
[7.888s] -- Up-to-date: /micro_ros_ws/firmware/mcu_ws/install/include/libyaml_vendor
[7.896s] -- Up-to-date: /micro_ros_ws/firmware/mcu_ws/install/include/libyaml_vendor/yaml.h
[7.901s] -- Up-to-date: /micro_ros_ws/firmware/mcu_ws/install/lib
[7.905s] -- Up-to-date: /micro_ros_ws/firmware/mcu_ws/install/lib/libyaml.a
[7.910s] -- Up-to-date: /micro_ros_ws/firmware/mcu_ws/install/share/libyaml_vendor/environment/library_path.sh
[7.914s] -- Installing: /micro_ros_ws/firmware/mcu_ws/install/share/libyaml_vendor/environment/library_path.dsv
[7.935s] -- Up-to-date: /micro_ros_ws/firmware/mcu_ws/install/share/ament_index/resource_index/package_run_dependencies/libyaml_vendor
[7.941s] -- Up-to-date: /micro_ros_ws/firmware/mcu_ws/install/share/ament_index/resource_index/parent_prefix_path/libyaml_vendor
[7.946s] -- Up-to-date: /micro_ros_ws/firmware/mcu_ws/install/share/libyaml_vendor/environment/ament_prefix_path.sh
[7.950s] -- Installing: /micro_ros_ws/firmware/mcu_ws/install/share/libyaml_vendor/environment/ament_prefix_path.dsv
[7.962s] -- Up-to-date: /micro_ros_ws/firmware/mcu_ws/install/share/libyaml_vendor/environment/path.sh
[7.966s] -- Installing: /micro_ros_ws/firmware/mcu_ws/install/share/libyaml_vendor/environment/path.dsv
[7.977s] -- Up-to-date: /micro_ros_ws/firmware/mcu_ws/install/share/libyaml_vendor/local_setup.bash
[7.979s] -- Up-to-date: /micro_ros_ws/firmware/mcu_ws/install/share/libyaml_vendor/local_setup.sh
[7.983s] -- Up-to-date: /micro_ros_ws/firmware/mcu_ws/install/share/libyaml_vendor/local_setup.zsh
[7.986s] -- Installing: /micro_ros_ws/firmware/mcu_ws/install/share/libyaml_vendor/local_setup.dsv
[7.997s] -- Installing: /micro_ros_ws/firmware/mcu_ws/install/share/libyaml_vendor/package.dsv
[8.009s] -- Up-to-date: /micro_ros_ws/firmware/mcu_ws/install/share/ament_index/resource_index/packages/libyaml_vendor
[8.012s] -- Up-to-date: /micro_ros_ws/firmware/mcu_ws/install/share/libyaml_vendor/cmake/libyaml_vendor-extras.cmake
[8.016s] -- Up-to-date: /micro_ros_ws/firmware/mcu_ws/install/share/libyaml_vendor/cmake/ament_cmake_export_libraries-extras.cmake
[8.021s] -- Up-to-date: /micro_ros_ws/firmware/mcu_ws/install/share/libyaml_vendor/cmake/ament_cmake_export_dependencies-extras.cmake
[8.026s] -- Up-to-date: /micro_ros_ws/firmware/mcu_ws/install/share/libyaml_vendor/cmake/libyaml_vendorConfig.cmake
[8.030s] -- Up-to-date: /micro_ros_ws/firmware/mcu_ws/install/share/libyaml_vendor/cmake/libyaml_vendorConfig-version.cmake
[8.034s] -- Up-to-date: /micro_ros_ws/firmware/mcu_ws/install/share/libyaml_vendor/package.xml
[8.038s] Invoked command in '/micro_ros_ws/firmware/mcu_ws/build/libyaml_vendor' returned '0': CMAKE_PREFIX_PATH=${CMAKE_PREFIX_PATH}:/micro_ros_ws/firmware/dev_ws/install/ament_uncrustify:/micro_ros_ws/firmware/dev_ws/install/domain_coordinator:/micro_ros_ws/firmware/dev_ws/install/ament_xmllint:/micro_ros_ws/firmware/dev_ws/install/ament_pyflakes:/micro_ros_ws/firmware/dev_ws/install/ament_pycodestyle:/micro_ros_ws/firmware/dev_ws/install/ament_pep257:/micro_ros_ws/firmware/dev_ws/install/ament_pclint:/micro_ros_ws/firmware/dev_ws/install/ament_package:/micro_ros_ws/firmware/dev_ws/install/ament_mypy:/micro_ros_ws/firmware/dev_ws/install/ament_lint_cmake:/micro_ros_ws/firmware/dev_ws/install/ament_flake8:/micro_ros_ws/firmware/dev_ws/install/ament_copyright:/micro_ros_ws/firmware/dev_ws/install/ament_lint:/micro_ros_ws/firmware/dev_ws/install/ament_index_python:/micro_ros_ws/firmware/dev_ws/install/ament_cpplint:/micro_ros_ws/firmware/dev_ws/install/ament_cppcheck:/micro_ros_ws/firmware/dev_ws/install/ament_clang_tidy:/micro_ros_ws/firmware/dev_ws/install/ament_clang_format /usr/bin/cmake --install /micro_ros_ws/firmware/mcu_ws/build/libyaml_vendor
