[0.524s] Invoking command in '/micro_ros_ws/firmware/mcu_ws/build/builtin_interfaces': AMENT_PREFIX_PATH=/micro_ros_ws/firmware/mcu_ws/install:${AMENT_PREFIX_PATH} CMAKE_PREFIX_PATH=/micro_ros_ws/firmware/mcu_ws/install:/micro_ros_ws/firmware/dev_ws/install/ament_lint_common:/micro_ros_ws/firmware/dev_ws/install/ament_cmake_uncrustify:/micro_ros_ws/firmware/dev_ws/install/uncrustify_vendor:/micro_ros_ws/firmware/dev_ws/install/ament_cmake_ros:/micro_ros_ws/firmware/dev_ws/install/ament_cmake_auto:/micro_ros_ws/firmware/dev_ws/install/ament_cmake_gmock:/micro_ros_ws/firmware/dev_ws/install/gmock_vendor:/micro_ros_ws/firmware/dev_ws/install/ament_cmake_gtest:/micro_ros_ws/firmware/dev_ws/install/gtest_vendor:/micro_ros_ws/firmware/dev_ws/install/ament_cmake_xmllint:/micro_ros_ws/firmware/dev_ws/install/ament_cmake_pyflakes:/micro_ros_ws/firmware/dev_ws/install/ament_cmake_pycodestyle:/micro_ros_ws/firmware/dev_ws/install/ament_cmake_pep257:/micro_ros_ws/firmware/dev_ws/install/ament_cmake_pclint:/micro_ros_ws/firmware/dev_ws/install/ament_lint_auto:/micro_ros_ws/firmware/dev_ws/install/ament_cmake:/micro_ros_ws/firmware/dev_ws/install/ament_cmake_version:/micro_ros_ws/firmware/dev_ws/install/ament_cmake_vendor_package:/micro_ros_ws/firmware/dev_ws/install/ament_cmake_pytest:/micro_ros_ws/firmware/dev_ws/install/ament_cmake_nose:/micro_ros_ws/firmware/dev_ws/install/ament_cmake_mypy:/micro_ros_ws/firmware/dev_ws/install/ament_cmake_lint_cmake:/micro_ros_ws/firmware/dev_ws/install/ament_cmake_google_benchmark:/micro_ros_ws/firmware/dev_ws/install/ament_cmake_flake8:/micro_ros_ws/firmware/dev_ws/install/ament_cmake_cpplint:/micro_ros_ws/firmware/dev_ws/install/ament_cmake_cppcheck:/micro_ros_ws/firmware/dev_ws/install/ament_cmake_copyright:/micro_ros_ws/firmware/dev_ws/install/ament_cmake_clang_tidy:/micro_ros_ws/firmware/dev_ws/install/ament_cmake_clang_format:/micro_ros_ws/firmware/dev_ws/install/ament_cmake_test:/micro_ros_ws/firmware/dev_ws/install/ament_cmake_target_dependencies:/micro_ros_ws/firmware/dev_ws/install/ament_cmake_python:/micro_ros_ws/firmware/dev_ws/install/ament_cmake_export_dependencies:/micro_ros_ws/firmware/dev_ws/install/ament_cmake_libraries:/micro_ros_ws/firmware/dev_ws/install/ament_cmake_include_directories:/micro_ros_ws/firmware/dev_ws/install/ament_cmake_gen_version_h:/micro_ros_ws/firmware/dev_ws/install/ament_cmake_export_targets:/micro_ros_ws/firmware/dev_ws/install/ament_cmake_export_link_flags:/micro_ros_ws/firmware/dev_ws/install/ament_cmake_export_interfaces:/micro_ros_ws/firmware/dev_ws/install/ament_cmake_export_libraries:/micro_ros_ws/firmware/dev_ws/install/ament_cmake_export_include_directories:/micro_ros_ws/firmware/dev_ws/install/ament_cmake_export_definitions:/micro_ros_ws/firmware/dev_ws/install/ament_cmake_core:/micro_ros_ws/firmware/dev_ws/install/ament_index_cpp:/micro_ros_ws/firmware/dev_ws/install/ament_uncrustify:/micro_ros_ws/firmware/dev_ws/install/domain_coordinator:/micro_ros_ws/firmware/dev_ws/install/ament_xmllint:/micro_ros_ws/firmware/dev_ws/install/ament_pyflakes:/micro_ros_ws/firmware/dev_ws/install/ament_pycodestyle:/micro_ros_ws/firmware/dev_ws/install/ament_pep257:/micro_ros_ws/firmware/dev_ws/install/ament_pclint:/micro_ros_ws/firmware/dev_ws/install/ament_package:/micro_ros_ws/firmware/dev_ws/install/ament_mypy:/micro_ros_ws/firmware/dev_ws/install/ament_lint_cmake:/micro_ros_ws/firmware/dev_ws/install/ament_flake8:/micro_ros_ws/firmware/dev_ws/install/ament_copyright:/micro_ros_ws/firmware/dev_ws/install/ament_lint:/micro_ros_ws/firmware/dev_ws/install/ament_index_python:/micro_ros_ws/firmware/dev_ws/install/ament_cpplint:/micro_ros_ws/firmware/dev_ws/install/ament_cppcheck:/micro_ros_ws/firmware/dev_ws/install/ament_clang_tidy:/micro_ros_ws/firmware/dev_ws/install/ament_clang_format LD_LIBRARY_PATH=/micro_ros_ws/firmware/mcu_ws/install/lib:${LD_LIBRARY_PATH} PATH=/micro_ros_ws/firmware/mcu_ws/install/bin:${PATH} PYTHONPATH=/micro_ros_ws/firmware/mcu_ws/install/lib/python3.10/site-packages:${PYTHONPATH} /usr/bin/cmake --build /micro_ros_ws/firmware/mcu_ws/build/builtin_interfaces -- -j12 -l12
[0.583s] gmake[4]: Entering directory '/micro_ros_ws/firmware/mcu_ws/build/builtin_interfaces'
[0.583s] /usr/bin/cmake -S/micro_ros_ws/firmware/mcu_ws/ros2/rcl_interfaces/builtin_interfaces -B/micro_ros_ws/firmware/mcu_ws/build/builtin_interfaces --check-build-system CMakeFiles/Makefile.cmake 0
[0.677s] Re-run cmake file: Makefile older than: /micro_ros_ws/firmware/freertos_apps/microros_esp32_extensions/esp32_toolchain.cmake
[0.690s] -- Found ament_cmake: 1.3.14 (/micro_ros_ws/firmware/dev_ws/install/ament_cmake/share/ament_cmake/cmake)
[1.426s] -- Found rosidl_default_generators: 1.2.1 (/micro_ros_ws/firmware/mcu_ws/install/share/rosidl_default_generators/cmake)
[1.504s] -- Using all available rosidl_typesupport_c: rosidl_typesupport_introspection_c;rosidl_typesupport_microxrcedds_c
[1.525s] -- Found rosidl_adapter: 3.1.8 (/micro_ros_ws/firmware/mcu_ws/install/share/rosidl_adapter/cmake)
[3.612s] -- Found ament_cmake_ros: 0.10.0 (/micro_ros_ws/firmware/dev_ws/install/ament_cmake_ros/share/ament_cmake_ros/cmake)
[4.429s] -- Using all available rosidl_typesupport_c: rosidl_typesupport_introspection_c;rosidl_typesupport_microxrcedds_c
[4.550s] -- Configuring done
[4.805s] -- Generating done
[4.856s] -- Build files have been written to: /micro_ros_ws/firmware/mcu_ws/build/builtin_interfaces
[4.859s] /usr/bin/cmake -E cmake_progress_start /micro_ros_ws/firmware/mcu_ws/build/builtin_interfaces/CMakeFiles /micro_ros_ws/firmware/mcu_ws/build/builtin_interfaces//CMakeFiles/progress.marks
[4.883s] /usr/bin/gmake  -f CMakeFiles/Makefile2 all
[4.891s] gmake[5]: Entering directory '/micro_ros_ws/firmware/mcu_ws/build/builtin_interfaces'
[4.891s] /usr/bin/gmake  -f CMakeFiles/builtin_interfaces__rosidl_generator_c.dir/build.make CMakeFiles/builtin_interfaces__rosidl_generator_c.dir/depend
[4.907s] gmake[6]: Entering directory '/micro_ros_ws/firmware/mcu_ws/build/builtin_interfaces'
[4.908s] cd /micro_ros_ws/firmware/mcu_ws/build/builtin_interfaces && /usr/bin/cmake -E cmake_depends "Unix Makefiles" /micro_ros_ws/firmware/mcu_ws/ros2/rcl_interfaces/builtin_interfaces /micro_ros_ws/firmware/mcu_ws/ros2/rcl_interfaces/builtin_interfaces /micro_ros_ws/firmware/mcu_ws/build/builtin_interfaces /micro_ros_ws/firmware/mcu_ws/build/builtin_interfaces /micro_ros_ws/firmware/mcu_ws/build/builtin_interfaces/CMakeFiles/builtin_interfaces__rosidl_generator_c.dir/DependInfo.cmake --color=
[4.964s] Dependencies file "CMakeFiles/builtin_interfaces__rosidl_generator_c.dir/rosidl_generator_c/builtin_interfaces/msg/detail/duration__functions.c.obj.d" is newer than depends file "/micro_ros_ws/firmware/mcu_ws/build/builtin_interfaces/CMakeFiles/builtin_interfaces__rosidl_generator_c.dir/compiler_depend.internal".
[4.965s] Dependencies file "CMakeFiles/builtin_interfaces__rosidl_generator_c.dir/rosidl_generator_c/builtin_interfaces/msg/detail/time__functions.c.obj.d" is newer than depends file "/micro_ros_ws/firmware/mcu_ws/build/builtin_interfaces/CMakeFiles/builtin_interfaces__rosidl_generator_c.dir/compiler_depend.internal".
[4.966s] [35m[1mConsolidate compiler generated dependencies of target builtin_interfaces__rosidl_generator_c[0m
[4.981s] gmake[6]: Leaving directory '/micro_ros_ws/firmware/mcu_ws/build/builtin_interfaces'
[4.982s] /usr/bin/gmake  -f CMakeFiles/builtin_interfaces__rosidl_generator_c.dir/build.make CMakeFiles/builtin_interfaces__rosidl_generator_c.dir/build
[5.006s] gmake[6]: Entering directory '/micro_ros_ws/firmware/mcu_ws/build/builtin_interfaces'
[5.006s] gmake[6]: Nothing to be done for 'CMakeFiles/builtin_interfaces__rosidl_generator_c.dir/build'.
[5.006s] gmake[6]: Leaving directory '/micro_ros_ws/firmware/mcu_ws/build/builtin_interfaces'
[5.045s] [ 25%] Built target builtin_interfaces__rosidl_generator_c
[5.046s] /usr/bin/gmake  -f CMakeFiles/builtin_interfaces__rosidl_typesupport_c.dir/build.make CMakeFiles/builtin_interfaces__rosidl_typesupport_c.dir/depend
[5.046s] /usr/bin/gmake  -f CMakeFiles/builtin_interfaces__rosidl_typesupport_introspection_c.dir/build.make CMakeFiles/builtin_interfaces__rosidl_typesupport_introspection_c.dir/depend
[5.047s] /usr/bin/gmake  -f CMakeFiles/builtin_interfaces__rosidl_typesupport_microxrcedds_c.dir/build.make CMakeFiles/builtin_interfaces__rosidl_typesupport_microxrcedds_c.dir/depend
[5.057s] gmake[6]: Entering directory '/micro_ros_ws/firmware/mcu_ws/build/builtin_interfaces'
[5.058s] cd /micro_ros_ws/firmware/mcu_ws/build/builtin_interfaces && /usr/bin/cmake -E cmake_depends "Unix Makefiles" /micro_ros_ws/firmware/mcu_ws/ros2/rcl_interfaces/builtin_interfaces /micro_ros_ws/firmware/mcu_ws/ros2/rcl_interfaces/builtin_interfaces /micro_ros_ws/firmware/mcu_ws/build/builtin_interfaces /micro_ros_ws/firmware/mcu_ws/build/builtin_interfaces /micro_ros_ws/firmware/mcu_ws/build/builtin_interfaces/CMakeFiles/builtin_interfaces__rosidl_typesupport_c.dir/DependInfo.cmake --color=
[5.058s] gmake[6]: Entering directory '/micro_ros_ws/firmware/mcu_ws/build/builtin_interfaces'
[5.059s] cd /micro_ros_ws/firmware/mcu_ws/build/builtin_interfaces && /usr/bin/cmake -E cmake_depends "Unix Makefiles" /micro_ros_ws/firmware/mcu_ws/ros2/rcl_interfaces/builtin_interfaces /micro_ros_ws/firmware/mcu_ws/ros2/rcl_interfaces/builtin_interfaces /micro_ros_ws/firmware/mcu_ws/build/builtin_interfaces /micro_ros_ws/firmware/mcu_ws/build/builtin_interfaces /micro_ros_ws/firmware/mcu_ws/build/builtin_interfaces/CMakeFiles/builtin_interfaces__rosidl_typesupport_microxrcedds_c.dir/DependInfo.cmake --color=
[5.059s] gmake[6]: Entering directory '/micro_ros_ws/firmware/mcu_ws/build/builtin_interfaces'
[5.059s] cd /micro_ros_ws/firmware/mcu_ws/build/builtin_interfaces && /usr/bin/cmake -E cmake_depends "Unix Makefiles" /micro_ros_ws/firmware/mcu_ws/ros2/rcl_interfaces/builtin_interfaces /micro_ros_ws/firmware/mcu_ws/ros2/rcl_interfaces/builtin_interfaces /micro_ros_ws/firmware/mcu_ws/build/builtin_interfaces /micro_ros_ws/firmware/mcu_ws/build/builtin_interfaces /micro_ros_ws/firmware/mcu_ws/build/builtin_interfaces/CMakeFiles/builtin_interfaces__rosidl_typesupport_introspection_c.dir/DependInfo.cmake --color=
[5.095s] Dependencies file "CMakeFiles/builtin_interfaces__rosidl_typesupport_c.dir/rosidl_typesupport_c/builtin_interfaces/msg/duration__type_support.cpp.obj.d" is newer than depends file "/micro_ros_ws/firmware/mcu_ws/build/builtin_interfaces/CMakeFiles/builtin_interfaces__rosidl_typesupport_c.dir/compiler_depend.internal".
[5.096s] Dependencies file "CMakeFiles/builtin_interfaces__rosidl_typesupport_c.dir/rosidl_typesupport_c/builtin_interfaces/msg/time__type_support.cpp.obj.d" is newer than depends file "/micro_ros_ws/firmware/mcu_ws/build/builtin_interfaces/CMakeFiles/builtin_interfaces__rosidl_typesupport_c.dir/compiler_depend.internal".
[5.097s] [35m[1mConsolidate compiler generated dependencies of target builtin_interfaces__rosidl_typesupport_c[0m
[5.099s] Dependencies file "CMakeFiles/builtin_interfaces__rosidl_typesupport_introspection_c.dir/rosidl_typesupport_introspection_c/builtin_interfaces/msg/detail/duration__type_support.c.obj.d" is newer than depends file "/micro_ros_ws/firmware/mcu_ws/build/builtin_interfaces/CMakeFiles/builtin_interfaces__rosidl_typesupport_introspection_c.dir/compiler_depend.internal".
[5.099s] Dependencies file "CMakeFiles/builtin_interfaces__rosidl_typesupport_microxrcedds_c.dir/rosidl_typesupport_microxrcedds_c/builtin_interfaces/msg/detail/microxrcedds/duration__type_support_c.c.obj.d" is newer than depends file "/micro_ros_ws/firmware/mcu_ws/build/builtin_interfaces/CMakeFiles/builtin_interfaces__rosidl_typesupport_microxrcedds_c.dir/compiler_depend.internal".
[5.100s] Dependencies file "CMakeFiles/builtin_interfaces__rosidl_typesupport_introspection_c.dir/rosidl_typesupport_introspection_c/builtin_interfaces/msg/detail/time__type_support.c.obj.d" is newer than depends file "/micro_ros_ws/firmware/mcu_ws/build/builtin_interfaces/CMakeFiles/builtin_interfaces__rosidl_typesupport_introspection_c.dir/compiler_depend.internal".
[5.100s] Dependencies file "CMakeFiles/builtin_interfaces__rosidl_typesupport_microxrcedds_c.dir/rosidl_typesupport_microxrcedds_c/builtin_interfaces/msg/detail/microxrcedds/time__type_support_c.c.obj.d" is newer than depends file "/micro_ros_ws/firmware/mcu_ws/build/builtin_interfaces/CMakeFiles/builtin_interfaces__rosidl_typesupport_microxrcedds_c.dir/compiler_depend.internal".
[5.101s] [35m[1mConsolidate compiler generated dependencies of target builtin_interfaces__rosidl_typesupport_introspection_c[0m
[5.101s] [35m[1mConsolidate compiler generated dependencies of target builtin_interfaces__rosidl_typesupport_microxrcedds_c[0m
[5.113s] gmake[6]: Leaving directory '/micro_ros_ws/firmware/mcu_ws/build/builtin_interfaces'
[5.113s] /usr/bin/gmake  -f CMakeFiles/builtin_interfaces__rosidl_typesupport_c.dir/build.make CMakeFiles/builtin_interfaces__rosidl_typesupport_c.dir/build
[5.120s] gmake[6]: Leaving directory '/micro_ros_ws/firmware/mcu_ws/build/builtin_interfaces'
[5.121s] /usr/bin/gmake  -f CMakeFiles/builtin_interfaces__rosidl_typesupport_introspection_c.dir/build.make CMakeFiles/builtin_interfaces__rosidl_typesupport_introspection_c.dir/build
[5.131s] gmake[6]: Leaving directory '/micro_ros_ws/firmware/mcu_ws/build/builtin_interfaces'
[5.136s] /usr/bin/gmake  -f CMakeFiles/builtin_interfaces__rosidl_typesupport_microxrcedds_c.dir/build.make CMakeFiles/builtin_interfaces__rosidl_typesupport_microxrcedds_c.dir/build
[5.152s] gmake[6]: Entering directory '/micro_ros_ws/firmware/mcu_ws/build/builtin_interfaces'
[5.153s] gmake[6]: Nothing to be done for 'CMakeFiles/builtin_interfaces__rosidl_typesupport_c.dir/build'.
[5.154s] gmake[6]: Leaving directory '/micro_ros_ws/firmware/mcu_ws/build/builtin_interfaces'
[5.163s] gmake[6]: Entering directory '/micro_ros_ws/firmware/mcu_ws/build/builtin_interfaces'
[5.164s] gmake[6]: Nothing to be done for 'CMakeFiles/builtin_interfaces__rosidl_typesupport_introspection_c.dir/build'.
[5.164s] gmake[6]: Leaving directory '/micro_ros_ws/firmware/mcu_ws/build/builtin_interfaces'
[5.183s] gmake[6]: Entering directory '/micro_ros_ws/firmware/mcu_ws/build/builtin_interfaces'
[5.183s] gmake[6]: Nothing to be done for 'CMakeFiles/builtin_interfaces__rosidl_typesupport_microxrcedds_c.dir/build'.
[5.184s] gmake[6]: Leaving directory '/micro_ros_ws/firmware/mcu_ws/build/builtin_interfaces'
[5.207s] [ 50%] Built target builtin_interfaces__rosidl_typesupport_c
[5.215s] [ 75%] Built target builtin_interfaces__rosidl_typesupport_introspection_c
[5.234s] [100%] Built target builtin_interfaces__rosidl_typesupport_microxrcedds_c
[5.244s] /usr/bin/gmake  -f CMakeFiles/builtin_interfaces.dir/build.make CMakeFiles/builtin_interfaces.dir/depend
[5.247s] gmake[6]: Entering directory '/micro_ros_ws/firmware/mcu_ws/build/builtin_interfaces'
[5.247s] cd /micro_ros_ws/firmware/mcu_ws/build/builtin_interfaces && /usr/bin/cmake -E cmake_depends "Unix Makefiles" /micro_ros_ws/firmware/mcu_ws/ros2/rcl_interfaces/builtin_interfaces /micro_ros_ws/firmware/mcu_ws/ros2/rcl_interfaces/builtin_interfaces /micro_ros_ws/firmware/mcu_ws/build/builtin_interfaces /micro_ros_ws/firmware/mcu_ws/build/builtin_interfaces /micro_ros_ws/firmware/mcu_ws/build/builtin_interfaces/CMakeFiles/builtin_interfaces.dir/DependInfo.cmake --color=
[5.287s] gmake[6]: Leaving directory '/micro_ros_ws/firmware/mcu_ws/build/builtin_interfaces'
[5.287s] /usr/bin/gmake  -f CMakeFiles/builtin_interfaces.dir/build.make CMakeFiles/builtin_interfaces.dir/build
[5.297s] gmake[6]: Entering directory '/micro_ros_ws/firmware/mcu_ws/build/builtin_interfaces'
[5.297s] gmake[6]: Nothing to be done for 'CMakeFiles/builtin_interfaces.dir/build'.
[5.298s] gmake[6]: Leaving directory '/micro_ros_ws/firmware/mcu_ws/build/builtin_interfaces'
[5.329s] [100%] Built target builtin_interfaces
[5.330s] gmake[5]: Leaving directory '/micro_ros_ws/firmware/mcu_ws/build/builtin_interfaces'
[5.331s] /usr/bin/cmake -E cmake_progress_start /micro_ros_ws/firmware/mcu_ws/build/builtin_interfaces/CMakeFiles 0
[5.369s] gmake[4]: Leaving directory '/micro_ros_ws/firmware/mcu_ws/build/builtin_interfaces'
[5.372s] Invoked command in '/micro_ros_ws/firmware/mcu_ws/build/builtin_interfaces' returned '0': AMENT_PREFIX_PATH=/micro_ros_ws/firmware/mcu_ws/install:${AMENT_PREFIX_PATH} CMAKE_PREFIX_PATH=/micro_ros_ws/firmware/mcu_ws/install:/micro_ros_ws/firmware/dev_ws/install/ament_lint_common:/micro_ros_ws/firmware/dev_ws/install/ament_cmake_uncrustify:/micro_ros_ws/firmware/dev_ws/install/uncrustify_vendor:/micro_ros_ws/firmware/dev_ws/install/ament_cmake_ros:/micro_ros_ws/firmware/dev_ws/install/ament_cmake_auto:/micro_ros_ws/firmware/dev_ws/install/ament_cmake_gmock:/micro_ros_ws/firmware/dev_ws/install/gmock_vendor:/micro_ros_ws/firmware/dev_ws/install/ament_cmake_gtest:/micro_ros_ws/firmware/dev_ws/install/gtest_vendor:/micro_ros_ws/firmware/dev_ws/install/ament_cmake_xmllint:/micro_ros_ws/firmware/dev_ws/install/ament_cmake_pyflakes:/micro_ros_ws/firmware/dev_ws/install/ament_cmake_pycodestyle:/micro_ros_ws/firmware/dev_ws/install/ament_cmake_pep257:/micro_ros_ws/firmware/dev_ws/install/ament_cmake_pclint:/micro_ros_ws/firmware/dev_ws/install/ament_lint_auto:/micro_ros_ws/firmware/dev_ws/install/ament_cmake:/micro_ros_ws/firmware/dev_ws/install/ament_cmake_version:/micro_ros_ws/firmware/dev_ws/install/ament_cmake_vendor_package:/micro_ros_ws/firmware/dev_ws/install/ament_cmake_pytest:/micro_ros_ws/firmware/dev_ws/install/ament_cmake_nose:/micro_ros_ws/firmware/dev_ws/install/ament_cmake_mypy:/micro_ros_ws/firmware/dev_ws/install/ament_cmake_lint_cmake:/micro_ros_ws/firmware/dev_ws/install/ament_cmake_google_benchmark:/micro_ros_ws/firmware/dev_ws/install/ament_cmake_flake8:/micro_ros_ws/firmware/dev_ws/install/ament_cmake_cpplint:/micro_ros_ws/firmware/dev_ws/install/ament_cmake_cppcheck:/micro_ros_ws/firmware/dev_ws/install/ament_cmake_copyright:/micro_ros_ws/firmware/dev_ws/install/ament_cmake_clang_tidy:/micro_ros_ws/firmware/dev_ws/install/ament_cmake_clang_format:/micro_ros_ws/firmware/dev_ws/install/ament_cmake_test:/micro_ros_ws/firmware/dev_ws/install/ament_cmake_target_dependencies:/micro_ros_ws/firmware/dev_ws/install/ament_cmake_python:/micro_ros_ws/firmware/dev_ws/install/ament_cmake_export_dependencies:/micro_ros_ws/firmware/dev_ws/install/ament_cmake_libraries:/micro_ros_ws/firmware/dev_ws/install/ament_cmake_include_directories:/micro_ros_ws/firmware/dev_ws/install/ament_cmake_gen_version_h:/micro_ros_ws/firmware/dev_ws/install/ament_cmake_export_targets:/micro_ros_ws/firmware/dev_ws/install/ament_cmake_export_link_flags:/micro_ros_ws/firmware/dev_ws/install/ament_cmake_export_interfaces:/micro_ros_ws/firmware/dev_ws/install/ament_cmake_export_libraries:/micro_ros_ws/firmware/dev_ws/install/ament_cmake_export_include_directories:/micro_ros_ws/firmware/dev_ws/install/ament_cmake_export_definitions:/micro_ros_ws/firmware/dev_ws/install/ament_cmake_core:/micro_ros_ws/firmware/dev_ws/install/ament_index_cpp:/micro_ros_ws/firmware/dev_ws/install/ament_uncrustify:/micro_ros_ws/firmware/dev_ws/install/domain_coordinator:/micro_ros_ws/firmware/dev_ws/install/ament_xmllint:/micro_ros_ws/firmware/dev_ws/install/ament_pyflakes:/micro_ros_ws/firmware/dev_ws/install/ament_pycodestyle:/micro_ros_ws/firmware/dev_ws/install/ament_pep257:/micro_ros_ws/firmware/dev_ws/install/ament_pclint:/micro_ros_ws/firmware/dev_ws/install/ament_package:/micro_ros_ws/firmware/dev_ws/install/ament_mypy:/micro_ros_ws/firmware/dev_ws/install/ament_lint_cmake:/micro_ros_ws/firmware/dev_ws/install/ament_flake8:/micro_ros_ws/firmware/dev_ws/install/ament_copyright:/micro_ros_ws/firmware/dev_ws/install/ament_lint:/micro_ros_ws/firmware/dev_ws/install/ament_index_python:/micro_ros_ws/firmware/dev_ws/install/ament_cpplint:/micro_ros_ws/firmware/dev_ws/install/ament_cppcheck:/micro_ros_ws/firmware/dev_ws/install/ament_clang_tidy:/micro_ros_ws/firmware/dev_ws/install/ament_clang_format LD_LIBRARY_PATH=/micro_ros_ws/firmware/mcu_ws/install/lib:${LD_LIBRARY_PATH} PATH=/micro_ros_ws/firmware/mcu_ws/install/bin:${PATH} PYTHONPATH=/micro_ros_ws/firmware/mcu_ws/install/lib/python3.10/site-packages:${PYTHONPATH} /usr/bin/cmake --build /micro_ros_ws/firmware/mcu_ws/build/builtin_interfaces -- -j12 -l12
[5.374s] Invoking command in '/micro_ros_ws/firmware/mcu_ws/build/builtin_interfaces': AMENT_PREFIX_PATH=/micro_ros_ws/firmware/mcu_ws/install:${AMENT_PREFIX_PATH} CMAKE_PREFIX_PATH=/micro_ros_ws/firmware/mcu_ws/install:/micro_ros_ws/firmware/dev_ws/install/ament_lint_common:/micro_ros_ws/firmware/dev_ws/install/ament_cmake_uncrustify:/micro_ros_ws/firmware/dev_ws/install/uncrustify_vendor:/micro_ros_ws/firmware/dev_ws/install/ament_cmake_ros:/micro_ros_ws/firmware/dev_ws/install/ament_cmake_auto:/micro_ros_ws/firmware/dev_ws/install/ament_cmake_gmock:/micro_ros_ws/firmware/dev_ws/install/gmock_vendor:/micro_ros_ws/firmware/dev_ws/install/ament_cmake_gtest:/micro_ros_ws/firmware/dev_ws/install/gtest_vendor:/micro_ros_ws/firmware/dev_ws/install/ament_cmake_xmllint:/micro_ros_ws/firmware/dev_ws/install/ament_cmake_pyflakes:/micro_ros_ws/firmware/dev_ws/install/ament_cmake_pycodestyle:/micro_ros_ws/firmware/dev_ws/install/ament_cmake_pep257:/micro_ros_ws/firmware/dev_ws/install/ament_cmake_pclint:/micro_ros_ws/firmware/dev_ws/install/ament_lint_auto:/micro_ros_ws/firmware/dev_ws/install/ament_cmake:/micro_ros_ws/firmware/dev_ws/install/ament_cmake_version:/micro_ros_ws/firmware/dev_ws/install/ament_cmake_vendor_package:/micro_ros_ws/firmware/dev_ws/install/ament_cmake_pytest:/micro_ros_ws/firmware/dev_ws/install/ament_cmake_nose:/micro_ros_ws/firmware/dev_ws/install/ament_cmake_mypy:/micro_ros_ws/firmware/dev_ws/install/ament_cmake_lint_cmake:/micro_ros_ws/firmware/dev_ws/install/ament_cmake_google_benchmark:/micro_ros_ws/firmware/dev_ws/install/ament_cmake_flake8:/micro_ros_ws/firmware/dev_ws/install/ament_cmake_cpplint:/micro_ros_ws/firmware/dev_ws/install/ament_cmake_cppcheck:/micro_ros_ws/firmware/dev_ws/install/ament_cmake_copyright:/micro_ros_ws/firmware/dev_ws/install/ament_cmake_clang_tidy:/micro_ros_ws/firmware/dev_ws/install/ament_cmake_clang_format:/micro_ros_ws/firmware/dev_ws/install/ament_cmake_test:/micro_ros_ws/firmware/dev_ws/install/ament_cmake_target_dependencies:/micro_ros_ws/firmware/dev_ws/install/ament_cmake_python:/micro_ros_ws/firmware/dev_ws/install/ament_cmake_export_dependencies:/micro_ros_ws/firmware/dev_ws/install/ament_cmake_libraries:/micro_ros_ws/firmware/dev_ws/install/ament_cmake_include_directories:/micro_ros_ws/firmware/dev_ws/install/ament_cmake_gen_version_h:/micro_ros_ws/firmware/dev_ws/install/ament_cmake_export_targets:/micro_ros_ws/firmware/dev_ws/install/ament_cmake_export_link_flags:/micro_ros_ws/firmware/dev_ws/install/ament_cmake_export_interfaces:/micro_ros_ws/firmware/dev_ws/install/ament_cmake_export_libraries:/micro_ros_ws/firmware/dev_ws/install/ament_cmake_export_include_directories:/micro_ros_ws/firmware/dev_ws/install/ament_cmake_export_definitions:/micro_ros_ws/firmware/dev_ws/install/ament_cmake_core:/micro_ros_ws/firmware/dev_ws/install/ament_index_cpp:/micro_ros_ws/firmware/dev_ws/install/ament_uncrustify:/micro_ros_ws/firmware/dev_ws/install/domain_coordinator:/micro_ros_ws/firmware/dev_ws/install/ament_xmllint:/micro_ros_ws/firmware/dev_ws/install/ament_pyflakes:/micro_ros_ws/firmware/dev_ws/install/ament_pycodestyle:/micro_ros_ws/firmware/dev_ws/install/ament_pep257:/micro_ros_ws/firmware/dev_ws/install/ament_pclint:/micro_ros_ws/firmware/dev_ws/install/ament_package:/micro_ros_ws/firmware/dev_ws/install/ament_mypy:/micro_ros_ws/firmware/dev_ws/install/ament_lint_cmake:/micro_ros_ws/firmware/dev_ws/install/ament_flake8:/micro_ros_ws/firmware/dev_ws/install/ament_copyright:/micro_ros_ws/firmware/dev_ws/install/ament_lint:/micro_ros_ws/firmware/dev_ws/install/ament_index_python:/micro_ros_ws/firmware/dev_ws/install/ament_cpplint:/micro_ros_ws/firmware/dev_ws/install/ament_cppcheck:/micro_ros_ws/firmware/dev_ws/install/ament_clang_tidy:/micro_ros_ws/firmware/dev_ws/install/ament_clang_format LD_LIBRARY_PATH=/micro_ros_ws/firmware/mcu_ws/install/lib:${LD_LIBRARY_PATH} PATH=/micro_ros_ws/firmware/mcu_ws/install/bin:${PATH} PYTHONPATH=/micro_ros_ws/firmware/mcu_ws/install/lib/python3.10/site-packages:${PYTHONPATH} /usr/bin/cmake --install /micro_ros_ws/firmware/mcu_ws/build/builtin_interfaces
[5.399s] -- Install configuration: "Debug"
[5.403s] -- Up-to-date: /micro_ros_ws/firmware/mcu_ws/install/share/ament_index/resource_index/rosidl_interfaces/builtin_interfaces
[5.407s] -- Up-to-date: /micro_ros_ws/firmware/mcu_ws/install/include/builtin_interfaces/builtin_interfaces
[5.411s] -- Up-to-date: /micro_ros_ws/firmware/mcu_ws/install/include/builtin_interfaces/builtin_interfaces/msg
[5.411s] -- Up-to-date: /micro_ros_ws/firmware/mcu_ws/install/include/builtin_interfaces/builtin_interfaces/msg/detail
[5.414s] -- Up-to-date: /micro_ros_ws/firmware/mcu_ws/install/include/builtin_interfaces/builtin_interfaces/msg/detail/duration__functions.c
[5.416s] -- Up-to-date: /micro_ros_ws/firmware/mcu_ws/install/include/builtin_interfaces/builtin_interfaces/msg/detail/duration__functions.h
[5.420s] -- Up-to-date: /micro_ros_ws/firmware/mcu_ws/install/include/builtin_interfaces/builtin_interfaces/msg/detail/duration__struct.h
[5.424s] -- Up-to-date: /micro_ros_ws/firmware/mcu_ws/install/include/builtin_interfaces/builtin_interfaces/msg/detail/duration__type_support.h
[5.427s] -- Up-to-date: /micro_ros_ws/firmware/mcu_ws/install/include/builtin_interfaces/builtin_interfaces/msg/detail/time__functions.c
[5.435s] -- Up-to-date: /micro_ros_ws/firmware/mcu_ws/install/include/builtin_interfaces/builtin_interfaces/msg/detail/time__functions.h
[5.439s] -- Up-to-date: /micro_ros_ws/firmware/mcu_ws/install/include/builtin_interfaces/builtin_interfaces/msg/detail/time__struct.h
[5.442s] -- Up-to-date: /micro_ros_ws/firmware/mcu_ws/install/include/builtin_interfaces/builtin_interfaces/msg/detail/time__type_support.h
[5.444s] -- Up-to-date: /micro_ros_ws/firmware/mcu_ws/install/include/builtin_interfaces/builtin_interfaces/msg/duration.h
[5.445s] -- Up-to-date: /micro_ros_ws/firmware/mcu_ws/install/include/builtin_interfaces/builtin_interfaces/msg/rosidl_generator_c__visibility_control.h
[5.447s] -- Up-to-date: /micro_ros_ws/firmware/mcu_ws/install/include/builtin_interfaces/builtin_interfaces/msg/time.h
[5.450s] -- Up-to-date: /micro_ros_ws/firmware/mcu_ws/install/share/builtin_interfaces/environment/library_path.sh
[5.452s] -- Installing: /micro_ros_ws/firmware/mcu_ws/install/share/builtin_interfaces/environment/library_path.dsv
[5.457s] -- Up-to-date: /micro_ros_ws/firmware/mcu_ws/install/lib/libbuiltin_interfaces__rosidl_generator_c.a
[5.458s] -- Up-to-date: /micro_ros_ws/firmware/mcu_ws/install/include/builtin_interfaces/builtin_interfaces
[5.459s] -- Up-to-date: /micro_ros_ws/firmware/mcu_ws/install/include/builtin_interfaces/builtin_interfaces/msg
[5.462s] -- Up-to-date: /micro_ros_ws/firmware/mcu_ws/install/include/builtin_interfaces/builtin_interfaces/msg/detail
[5.464s] -- Up-to-date: /micro_ros_ws/firmware/mcu_ws/install/include/builtin_interfaces/builtin_interfaces/msg/detail/duration__rosidl_typesupport_introspection_c.h
[5.468s] -- Up-to-date: /micro_ros_ws/firmware/mcu_ws/install/include/builtin_interfaces/builtin_interfaces/msg/detail/duration__type_support.c
[5.469s] -- Up-to-date: /micro_ros_ws/firmware/mcu_ws/install/include/builtin_interfaces/builtin_interfaces/msg/detail/time__rosidl_typesupport_introspection_c.h
[5.472s] -- Up-to-date: /micro_ros_ws/firmware/mcu_ws/install/include/builtin_interfaces/builtin_interfaces/msg/detail/time__type_support.c
[5.474s] -- Up-to-date: /micro_ros_ws/firmware/mcu_ws/install/include/builtin_interfaces/builtin_interfaces/msg/rosidl_typesupport_introspection_c__visibility_control.h
[5.476s] -- Up-to-date: /micro_ros_ws/firmware/mcu_ws/install/lib/libbuiltin_interfaces__rosidl_typesupport_introspection_c.a
[5.477s] -- Up-to-date: /micro_ros_ws/firmware/mcu_ws/install/include/builtin_interfaces/builtin_interfaces
[5.479s] -- Up-to-date: /micro_ros_ws/firmware/mcu_ws/install/include/builtin_interfaces/builtin_interfaces/msg
[5.481s] -- Up-to-date: /micro_ros_ws/firmware/mcu_ws/install/include/builtin_interfaces/builtin_interfaces/msg/detail
[5.483s] -- Up-to-date: /micro_ros_ws/firmware/mcu_ws/install/include/builtin_interfaces/builtin_interfaces/msg/detail/duration__rosidl_typesupport_microxrcedds_c.h
[5.485s] -- Up-to-date: /micro_ros_ws/firmware/mcu_ws/install/include/builtin_interfaces/builtin_interfaces/msg/detail/microxrcedds
[5.487s] -- Up-to-date: /micro_ros_ws/firmware/mcu_ws/install/include/builtin_interfaces/builtin_interfaces/msg/detail/time__rosidl_typesupport_microxrcedds_c.h
[5.489s] -- Up-to-date: /micro_ros_ws/firmware/mcu_ws/install/include/builtin_interfaces/builtin_interfaces/msg/rosidl_typesupport_microxrcedds_c__visibility_control.h
[5.490s] -- Up-to-date: /micro_ros_ws/firmware/mcu_ws/install/lib/libbuiltin_interfaces__rosidl_typesupport_microxrcedds_c.a
[5.492s] -- Up-to-date: /micro_ros_ws/firmware/mcu_ws/install/lib/libbuiltin_interfaces__rosidl_typesupport_c.a
[5.494s] -- Up-to-date: /micro_ros_ws/firmware/mcu_ws/install/share/builtin_interfaces/msg/Duration.idl
[5.497s] -- Up-to-date: /micro_ros_ws/firmware/mcu_ws/install/share/builtin_interfaces/msg/Time.idl
[5.499s] -- Up-to-date: /micro_ros_ws/firmware/mcu_ws/install/share/builtin_interfaces/msg/Duration.msg
[5.502s] -- Up-to-date: /micro_ros_ws/firmware/mcu_ws/install/share/builtin_interfaces/msg/Time.msg
[5.505s] -- Up-to-date: /micro_ros_ws/firmware/mcu_ws/install/share/ament_index/resource_index/package_run_dependencies/builtin_interfaces
[5.508s] -- Up-to-date: /micro_ros_ws/firmware/mcu_ws/install/share/ament_index/resource_index/parent_prefix_path/builtin_interfaces
[5.511s] -- Up-to-date: /micro_ros_ws/firmware/mcu_ws/install/share/builtin_interfaces/environment/ament_prefix_path.sh
[5.512s] -- Installing: /micro_ros_ws/firmware/mcu_ws/install/share/builtin_interfaces/environment/ament_prefix_path.dsv
[5.521s] -- Up-to-date: /micro_ros_ws/firmware/mcu_ws/install/share/builtin_interfaces/environment/path.sh
[5.525s] -- Installing: /micro_ros_ws/firmware/mcu_ws/install/share/builtin_interfaces/environment/path.dsv
[5.540s] -- Up-to-date: /micro_ros_ws/firmware/mcu_ws/install/share/builtin_interfaces/local_setup.bash
[5.544s] -- Up-to-date: /micro_ros_ws/firmware/mcu_ws/install/share/builtin_interfaces/local_setup.sh
[5.545s] -- Up-to-date: /micro_ros_ws/firmware/mcu_ws/install/share/builtin_interfaces/local_setup.zsh
[5.548s] -- Installing: /micro_ros_ws/firmware/mcu_ws/install/share/builtin_interfaces/local_setup.dsv
[5.558s] -- Installing: /micro_ros_ws/firmware/mcu_ws/install/share/builtin_interfaces/package.dsv
[5.572s] -- Up-to-date: /micro_ros_ws/firmware/mcu_ws/install/share/ament_index/resource_index/packages/builtin_interfaces
[5.577s] -- Up-to-date: /micro_ros_ws/firmware/mcu_ws/install/share/builtin_interfaces/cmake/export_builtin_interfaces__rosidl_generator_cExport.cmake
[5.589s] -- Up-to-date: /micro_ros_ws/firmware/mcu_ws/install/share/builtin_interfaces/cmake/export_builtin_interfaces__rosidl_generator_cExport-debug.cmake
[5.594s] -- Up-to-date: /micro_ros_ws/firmware/mcu_ws/install/share/builtin_interfaces/cmake/builtin_interfaces__rosidl_typesupport_introspection_cExport.cmake
[5.598s] -- Up-to-date: /micro_ros_ws/firmware/mcu_ws/install/share/builtin_interfaces/cmake/builtin_interfaces__rosidl_typesupport_introspection_cExport-debug.cmake
[5.609s] -- Up-to-date: /micro_ros_ws/firmware/mcu_ws/install/share/builtin_interfaces/cmake/builtin_interfaces__rosidl_typesupport_cExport.cmake
[5.613s] -- Up-to-date: /micro_ros_ws/firmware/mcu_ws/install/share/builtin_interfaces/cmake/builtin_interfaces__rosidl_typesupport_cExport-debug.cmake
[5.617s] -- Up-to-date: /micro_ros_ws/firmware/mcu_ws/install/share/builtin_interfaces/cmake/rosidl_cmake-extras.cmake
[5.620s] -- Up-to-date: /micro_ros_ws/firmware/mcu_ws/install/share/builtin_interfaces/cmake/ament_cmake_export_include_directories-extras.cmake
[5.623s] -- Up-to-date: /micro_ros_ws/firmware/mcu_ws/install/share/builtin_interfaces/cmake/ament_cmake_export_libraries-extras.cmake
[5.627s] -- Up-to-date: /micro_ros_ws/firmware/mcu_ws/install/share/builtin_interfaces/cmake/ament_cmake_export_targets-extras.cmake
[5.632s] -- Up-to-date: /micro_ros_ws/firmware/mcu_ws/install/share/builtin_interfaces/cmake/rosidl_cmake_export_typesupport_targets-extras.cmake
[5.635s] -- Up-to-date: /micro_ros_ws/firmware/mcu_ws/install/share/builtin_interfaces/cmake/ament_cmake_export_dependencies-extras.cmake
[5.638s] -- Up-to-date: /micro_ros_ws/firmware/mcu_ws/install/share/builtin_interfaces/cmake/rosidl_cmake_export_typesupport_libraries-extras.cmake
[5.641s] -- Up-to-date: /micro_ros_ws/firmware/mcu_ws/install/share/builtin_interfaces/cmake/rosidl_cmake_aggregate_target-extras.cmake
[5.645s] -- Up-to-date: /micro_ros_ws/firmware/mcu_ws/install/share/builtin_interfaces/cmake/builtin_interfacesConfig.cmake
[5.647s] -- Up-to-date: /micro_ros_ws/firmware/mcu_ws/install/share/builtin_interfaces/cmake/builtin_interfacesConfig-version.cmake
[5.650s] -- Up-to-date: /micro_ros_ws/firmware/mcu_ws/install/share/builtin_interfaces/package.xml
[5.655s] Invoked command in '/micro_ros_ws/firmware/mcu_ws/build/builtin_interfaces' returned '0': AMENT_PREFIX_PATH=/micro_ros_ws/firmware/mcu_ws/install:${AMENT_PREFIX_PATH} CMAKE_PREFIX_PATH=/micro_ros_ws/firmware/mcu_ws/install:/micro_ros_ws/firmware/dev_ws/install/ament_lint_common:/micro_ros_ws/firmware/dev_ws/install/ament_cmake_uncrustify:/micro_ros_ws/firmware/dev_ws/install/uncrustify_vendor:/micro_ros_ws/firmware/dev_ws/install/ament_cmake_ros:/micro_ros_ws/firmware/dev_ws/install/ament_cmake_auto:/micro_ros_ws/firmware/dev_ws/install/ament_cmake_gmock:/micro_ros_ws/firmware/dev_ws/install/gmock_vendor:/micro_ros_ws/firmware/dev_ws/install/ament_cmake_gtest:/micro_ros_ws/firmware/dev_ws/install/gtest_vendor:/micro_ros_ws/firmware/dev_ws/install/ament_cmake_xmllint:/micro_ros_ws/firmware/dev_ws/install/ament_cmake_pyflakes:/micro_ros_ws/firmware/dev_ws/install/ament_cmake_pycodestyle:/micro_ros_ws/firmware/dev_ws/install/ament_cmake_pep257:/micro_ros_ws/firmware/dev_ws/install/ament_cmake_pclint:/micro_ros_ws/firmware/dev_ws/install/ament_lint_auto:/micro_ros_ws/firmware/dev_ws/install/ament_cmake:/micro_ros_ws/firmware/dev_ws/install/ament_cmake_version:/micro_ros_ws/firmware/dev_ws/install/ament_cmake_vendor_package:/micro_ros_ws/firmware/dev_ws/install/ament_cmake_pytest:/micro_ros_ws/firmware/dev_ws/install/ament_cmake_nose:/micro_ros_ws/firmware/dev_ws/install/ament_cmake_mypy:/micro_ros_ws/firmware/dev_ws/install/ament_cmake_lint_cmake:/micro_ros_ws/firmware/dev_ws/install/ament_cmake_google_benchmark:/micro_ros_ws/firmware/dev_ws/install/ament_cmake_flake8:/micro_ros_ws/firmware/dev_ws/install/ament_cmake_cpplint:/micro_ros_ws/firmware/dev_ws/install/ament_cmake_cppcheck:/micro_ros_ws/firmware/dev_ws/install/ament_cmake_copyright:/micro_ros_ws/firmware/dev_ws/install/ament_cmake_clang_tidy:/micro_ros_ws/firmware/dev_ws/install/ament_cmake_clang_format:/micro_ros_ws/firmware/dev_ws/install/ament_cmake_test:/micro_ros_ws/firmware/dev_ws/install/ament_cmake_target_dependencies:/micro_ros_ws/firmware/dev_ws/install/ament_cmake_python:/micro_ros_ws/firmware/dev_ws/install/ament_cmake_export_dependencies:/micro_ros_ws/firmware/dev_ws/install/ament_cmake_libraries:/micro_ros_ws/firmware/dev_ws/install/ament_cmake_include_directories:/micro_ros_ws/firmware/dev_ws/install/ament_cmake_gen_version_h:/micro_ros_ws/firmware/dev_ws/install/ament_cmake_export_targets:/micro_ros_ws/firmware/dev_ws/install/ament_cmake_export_link_flags:/micro_ros_ws/firmware/dev_ws/install/ament_cmake_export_interfaces:/micro_ros_ws/firmware/dev_ws/install/ament_cmake_export_libraries:/micro_ros_ws/firmware/dev_ws/install/ament_cmake_export_include_directories:/micro_ros_ws/firmware/dev_ws/install/ament_cmake_export_definitions:/micro_ros_ws/firmware/dev_ws/install/ament_cmake_core:/micro_ros_ws/firmware/dev_ws/install/ament_index_cpp:/micro_ros_ws/firmware/dev_ws/install/ament_uncrustify:/micro_ros_ws/firmware/dev_ws/install/domain_coordinator:/micro_ros_ws/firmware/dev_ws/install/ament_xmllint:/micro_ros_ws/firmware/dev_ws/install/ament_pyflakes:/micro_ros_ws/firmware/dev_ws/install/ament_pycodestyle:/micro_ros_ws/firmware/dev_ws/install/ament_pep257:/micro_ros_ws/firmware/dev_ws/install/ament_pclint:/micro_ros_ws/firmware/dev_ws/install/ament_package:/micro_ros_ws/firmware/dev_ws/install/ament_mypy:/micro_ros_ws/firmware/dev_ws/install/ament_lint_cmake:/micro_ros_ws/firmware/dev_ws/install/ament_flake8:/micro_ros_ws/firmware/dev_ws/install/ament_copyright:/micro_ros_ws/firmware/dev_ws/install/ament_lint:/micro_ros_ws/firmware/dev_ws/install/ament_index_python:/micro_ros_ws/firmware/dev_ws/install/ament_cpplint:/micro_ros_ws/firmware/dev_ws/install/ament_cppcheck:/micro_ros_ws/firmware/dev_ws/install/ament_clang_tidy:/micro_ros_ws/firmware/dev_ws/install/ament_clang_format LD_LIBRARY_PATH=/micro_ros_ws/firmware/mcu_ws/install/lib:${LD_LIBRARY_PATH} PATH=/micro_ros_ws/firmware/mcu_ws/install/bin:${PATH} PYTHONPATH=/micro_ros_ws/firmware/mcu_ws/install/lib/python3.10/site-packages:${PYTHONPATH} /usr/bin/cmake --install /micro_ros_ws/firmware/mcu_ws/build/builtin_interfaces
