[1.137s] Invoking command in '/micro_ros_ws/firmware/mcu_ws/build/stereo_msgs': AMENT_PREFIX_PATH=/micro_ros_ws/firmware/mcu_ws/install:${AMENT_PREFIX_PATH} CMAKE_PREFIX_PATH=/micro_ros_ws/firmware/mcu_ws/install:/micro_ros_ws/firmware/dev_ws/install/ament_lint_common:/micro_ros_ws/firmware/dev_ws/install/ament_cmake_uncrustify:/micro_ros_ws/firmware/dev_ws/install/uncrustify_vendor:/micro_ros_ws/firmware/dev_ws/install/ament_cmake_ros:/micro_ros_ws/firmware/dev_ws/install/ament_cmake_auto:/micro_ros_ws/firmware/dev_ws/install/ament_cmake_gmock:/micro_ros_ws/firmware/dev_ws/install/gmock_vendor:/micro_ros_ws/firmware/dev_ws/install/ament_cmake_gtest:/micro_ros_ws/firmware/dev_ws/install/gtest_vendor:/micro_ros_ws/firmware/dev_ws/install/ament_cmake_xmllint:/micro_ros_ws/firmware/dev_ws/install/ament_cmake_pyflakes:/micro_ros_ws/firmware/dev_ws/install/ament_cmake_pycodestyle:/micro_ros_ws/firmware/dev_ws/install/ament_cmake_pep257:/micro_ros_ws/firmware/dev_ws/install/ament_cmake_pclint:/micro_ros_ws/firmware/dev_ws/install/ament_lint_auto:/micro_ros_ws/firmware/dev_ws/install/ament_cmake:/micro_ros_ws/firmware/dev_ws/install/ament_cmake_version:/micro_ros_ws/firmware/dev_ws/install/ament_cmake_vendor_package:/micro_ros_ws/firmware/dev_ws/install/ament_cmake_pytest:/micro_ros_ws/firmware/dev_ws/install/ament_cmake_nose:/micro_ros_ws/firmware/dev_ws/install/ament_cmake_mypy:/micro_ros_ws/firmware/dev_ws/install/ament_cmake_lint_cmake:/micro_ros_ws/firmware/dev_ws/install/ament_cmake_google_benchmark:/micro_ros_ws/firmware/dev_ws/install/ament_cmake_flake8:/micro_ros_ws/firmware/dev_ws/install/ament_cmake_cpplint:/micro_ros_ws/firmware/dev_ws/install/ament_cmake_cppcheck:/micro_ros_ws/firmware/dev_ws/install/ament_cmake_copyright:/micro_ros_ws/firmware/dev_ws/install/ament_cmake_clang_tidy:/micro_ros_ws/firmware/dev_ws/install/ament_cmake_clang_format:/micro_ros_ws/firmware/dev_ws/install/ament_cmake_test:/micro_ros_ws/firmware/dev_ws/install/ament_cmake_target_dependencies:/micro_ros_ws/firmware/dev_ws/install/ament_cmake_python:/micro_ros_ws/firmware/dev_ws/install/ament_cmake_export_dependencies:/micro_ros_ws/firmware/dev_ws/install/ament_cmake_libraries:/micro_ros_ws/firmware/dev_ws/install/ament_cmake_include_directories:/micro_ros_ws/firmware/dev_ws/install/ament_cmake_gen_version_h:/micro_ros_ws/firmware/dev_ws/install/ament_cmake_export_targets:/micro_ros_ws/firmware/dev_ws/install/ament_cmake_export_link_flags:/micro_ros_ws/firmware/dev_ws/install/ament_cmake_export_interfaces:/micro_ros_ws/firmware/dev_ws/install/ament_cmake_export_libraries:/micro_ros_ws/firmware/dev_ws/install/ament_cmake_export_include_directories:/micro_ros_ws/firmware/dev_ws/install/ament_cmake_export_definitions:/micro_ros_ws/firmware/dev_ws/install/ament_cmake_core:/micro_ros_ws/firmware/dev_ws/install/ament_index_cpp:/micro_ros_ws/firmware/dev_ws/install/ament_uncrustify:/micro_ros_ws/firmware/dev_ws/install/domain_coordinator:/micro_ros_ws/firmware/dev_ws/install/ament_xmllint:/micro_ros_ws/firmware/dev_ws/install/ament_pyflakes:/micro_ros_ws/firmware/dev_ws/install/ament_pycodestyle:/micro_ros_ws/firmware/dev_ws/install/ament_pep257:/micro_ros_ws/firmware/dev_ws/install/ament_pclint:/micro_ros_ws/firmware/dev_ws/install/ament_package:/micro_ros_ws/firmware/dev_ws/install/ament_mypy:/micro_ros_ws/firmware/dev_ws/install/ament_lint_cmake:/micro_ros_ws/firmware/dev_ws/install/ament_flake8:/micro_ros_ws/firmware/dev_ws/install/ament_copyright:/micro_ros_ws/firmware/dev_ws/install/ament_lint:/micro_ros_ws/firmware/dev_ws/install/ament_index_python:/micro_ros_ws/firmware/dev_ws/install/ament_cpplint:/micro_ros_ws/firmware/dev_ws/install/ament_cppcheck:/micro_ros_ws/firmware/dev_ws/install/ament_clang_tidy:/micro_ros_ws/firmware/dev_ws/install/ament_clang_format LD_LIBRARY_PATH=/micro_ros_ws/firmware/mcu_ws/install/lib:${LD_LIBRARY_PATH} PATH=/micro_ros_ws/firmware/mcu_ws/install/bin:${PATH} PYTHONPATH=/micro_ros_ws/firmware/mcu_ws/install/lib/python3.10/site-packages:${PYTHONPATH} /usr/bin/cmake --build /micro_ros_ws/firmware/mcu_ws/build/stereo_msgs -- -j12 -l12
[1.213s] gmake[4]: Entering directory '/micro_ros_ws/firmware/mcu_ws/build/stereo_msgs'
[1.214s] /usr/bin/cmake -S/micro_ros_ws/firmware/mcu_ws/ros2/common_interfaces/stereo_msgs -B/micro_ros_ws/firmware/mcu_ws/build/stereo_msgs --check-build-system CMakeFiles/Makefile.cmake 0
[1.374s] Re-run cmake file: Makefile older than: /micro_ros_ws/firmware/freertos_apps/microros_esp32_extensions/esp32_toolchain.cmake
[1.397s] -- Found ament_cmake: 1.3.14 (/micro_ros_ws/firmware/dev_ws/install/ament_cmake/share/ament_cmake/cmake)
[2.809s] -- Found rosidl_default_generators: 1.2.1 (/micro_ros_ws/firmware/mcu_ws/install/share/rosidl_default_generators/cmake)
[2.917s] -- Using all available rosidl_typesupport_c: rosidl_typesupport_introspection_c;rosidl_typesupport_microxrcedds_c
[2.940s] -- Found rosidl_adapter: 3.1.8 (/micro_ros_ws/firmware/mcu_ws/install/share/rosidl_adapter/cmake)
[3.446s] -- Found sensor_msgs: 4.9.1 (/micro_ros_ws/firmware/mcu_ws/install/share/sensor_msgs/cmake)
[5.572s] -- Found ament_cmake_ros: 0.10.0 (/micro_ros_ws/firmware/dev_ws/install/ament_cmake_ros/share/ament_cmake_ros/cmake)
[5.986s] -- Using all available rosidl_typesupport_c: rosidl_typesupport_introspection_c;rosidl_typesupport_microxrcedds_c
[6.035s] -- Configuring done
[6.161s] -- Generating done
[6.188s] -- Build files have been written to: /micro_ros_ws/firmware/mcu_ws/build/stereo_msgs
[6.191s] /usr/bin/cmake -E cmake_progress_start /micro_ros_ws/firmware/mcu_ws/build/stereo_msgs/CMakeFiles /micro_ros_ws/firmware/mcu_ws/build/stereo_msgs//CMakeFiles/progress.marks
[6.207s] /usr/bin/gmake  -f CMakeFiles/Makefile2 all
[6.211s] gmake[5]: Entering directory '/micro_ros_ws/firmware/mcu_ws/build/stereo_msgs'
[6.211s] /usr/bin/gmake  -f CMakeFiles/stereo_msgs__rosidl_generator_c.dir/build.make CMakeFiles/stereo_msgs__rosidl_generator_c.dir/depend
[6.225s] gmake[6]: Entering directory '/micro_ros_ws/firmware/mcu_ws/build/stereo_msgs'
[6.225s] cd /micro_ros_ws/firmware/mcu_ws/build/stereo_msgs && /usr/bin/cmake -E cmake_depends "Unix Makefiles" /micro_ros_ws/firmware/mcu_ws/ros2/common_interfaces/stereo_msgs /micro_ros_ws/firmware/mcu_ws/ros2/common_interfaces/stereo_msgs /micro_ros_ws/firmware/mcu_ws/build/stereo_msgs /micro_ros_ws/firmware/mcu_ws/build/stereo_msgs /micro_ros_ws/firmware/mcu_ws/build/stereo_msgs/CMakeFiles/stereo_msgs__rosidl_generator_c.dir/DependInfo.cmake --color=
[6.244s] Dependencies file "CMakeFiles/stereo_msgs__rosidl_generator_c.dir/rosidl_generator_c/stereo_msgs/msg/detail/disparity_image__functions.c.obj.d" is newer than depends file "/micro_ros_ws/firmware/mcu_ws/build/stereo_msgs/CMakeFiles/stereo_msgs__rosidl_generator_c.dir/compiler_depend.internal".
[6.245s] [35m[1mConsolidate compiler generated dependencies of target stereo_msgs__rosidl_generator_c[0m
[6.252s] gmake[6]: Leaving directory '/micro_ros_ws/firmware/mcu_ws/build/stereo_msgs'
[6.253s] /usr/bin/gmake  -f CMakeFiles/stereo_msgs__rosidl_generator_c.dir/build.make CMakeFiles/stereo_msgs__rosidl_generator_c.dir/build
[6.275s] gmake[6]: Entering directory '/micro_ros_ws/firmware/mcu_ws/build/stereo_msgs'
[6.294s] [  8%] [32mBuilding C object CMakeFiles/stereo_msgs__rosidl_generator_c.dir/rosidl_generator_c/stereo_msgs/msg/detail/disparity_image__functions.c.obj[0m
[6.295s] /micro_ros_ws/firmware/toolchain/espressif/tools/xtensa-esp32-elf/esp-2020r2-8.2.0/xtensa-esp32-elf/bin/xtensa-esp32-elf-gcc -DLWIP_IPV4 -DLWIP_IPV6 -DROS_PACKAGE_NAME=\"stereo_msgs\" -I/micro_ros_ws/firmware/freertos_apps/microros_esp32_extensions/build/config -I/micro_ros_ws/firmware/toolchain/esp-idf/components/newlib/platform_include -I/micro_ros_ws/firmware/toolchain/esp-idf/components/protocomm/include -I/micro_ros_ws/firmware/toolchain/esp-idf/components/esp_rom/include -I/micro_ros_ws/firmware/toolchain/esp-idf/components/driver/include -I/micro_ros_ws/firmware/toolchain/esp-idf/components/wear_levelling/include -I/micro_ros_ws/firmware/toolchain/esp-idf/components/vfs/include -I/micro_ros_ws/firmware/toolchain/esp-idf/components/log/include -I/micro_ros_ws/firmware/toolchain/esp-idf/components/freertos/include -I/micro_ros_ws/firmware/toolchain/esp-idf/components/wifi_provisioning/include -I/micro_ros_ws/firmware/toolchain/esp-idf/components/pthread/include -I/micro_ros_ws/firmware/toolchain/esp-idf/components/libsodium/libsodium/src/libsodium/include -I/micro_ros_ws/firmware/toolchain/esp-idf/components/coap/port/include -I/micro_ros_ws/firmware/toolchain/esp-idf/components/coap/libcoap/include -I/micro_ros_ws/firmware/toolchain/esp-idf/components/tcp_transport/include -I/micro_ros_ws/firmware/toolchain/esp-idf/components/unity/include -I/micro_ros_ws/firmware/toolchain/esp-idf/components/esp32/include -I/micro_ros_ws/firmware/toolchain/esp-idf/components/asio/port/include -I/micro_ros_ws/firmware/toolchain/esp-idf/components/asio/asio/asio/include -I/micro_ros_ws/firmware/toolchain/esp-idf/components/app_update/include -I/micro_ros_ws/firmware/toolchain/esp-idf/components/esp_ringbuf/include -I/micro_ros_ws/firmware/toolchain/esp-idf/components/soc/esp32/include -I/micro_ros_ws/firmware/toolchain/esp-idf/components/soc/include -I/micro_ros_ws/firmware/toolchain/esp-idf/components/efuse/test/include -I/micro_ros_ws/firmware/toolchain/esp-idf/components/efuse/esp32/include -I/micro_ros_ws/firmware/toolchain/esp-idf/components/efuse/include -I/micro_ros_ws/firmware/toolchain/esp-idf/components/mbedtls/port/include -I/micro_ros_ws/firmware/toolchain/esp-idf/components/mbedtls/mbedtls/include -I/micro_ros_ws/firmware/toolchain/esp-idf/components/xtensa/esp32/include -I/micro_ros_ws/firmware/toolchain/esp-idf/components/xtensa/include -I/micro_ros_ws/firmware/toolchain/esp-idf/components/app_trace/include -I/micro_ros_ws/firmware/toolchain/esp-idf/components/nvs_flash/include -I/micro_ros_ws/firmware/toolchain/esp-idf/components/jsmn/include -I/micro_ros_ws/firmware/toolchain/esp-idf/components/esp_eth/include -I/micro_ros_ws/firmware/toolchain/esp-idf/components/spiffs/include -I/micro_ros_ws/firmware/toolchain/esp-idf/components/ulp/include -I/micro_ros_ws/firmware/toolchain/esp-idf/components/mdns/include -I/micro_ros_ws/firmware/toolchain/esp-idf/components/freemodbus/modbus/include -I/micro_ros_ws/firmware/toolchain/esp-idf/components/freemodbus/common/include -I/micro_ros_ws/firmware/toolchain/esp-idf/components/esp_event/include -I/micro_ros_ws/firmware/toolchain/esp-idf/components/expat/port/include -I/micro_ros_ws/firmware/toolchain/esp-idf/components/bootloader_support/include -I/micro_ros_ws/firmware/toolchain/esp-idf/components/heap/include -I/micro_ros_ws/firmware/toolchain/esp-idf/components/wpa_supplicant/port/include -I/micro_ros_ws/firmware/toolchain/esp-idf/components/wpa_supplicant/include -I/micro_ros_ws/firmware/toolchain/esp-idf/components/tcpip_adapter/include -I/micro_ros_ws/firmware/toolchain/esp-idf/components/openssl/include -I/micro_ros_ws/firmware/toolchain/esp-idf/components/sdmmc/include -I/micro_ros_ws/firmware/toolchain/esp-idf/components/esp_local_ctrl/include -I/micro_ros_ws/firmware/toolchain/esp-idf/components/esp_common/include -I/micro_ros_ws/firmware/toolchain/esp-idf/components/lwip/lwip/src/include/lwip/apps -I/micro_ros_ws/firmware/toolchain/esp-idf/components/lwip/lwip/src/include/compat/posix -I/micro_ros_ws/firmware/toolchain/esp-idf/components/lwip/lwip/src/include -I/micro_ros_ws/firmware/toolchain/esp-idf/components/lwip/port/esp32/include -I/micro_ros_ws/firmware/mcu_ws/build/stereo_msgs/rosidl_generator_c -isystem /micro_ros_ws/firmware/mcu_ws/install/include/sensor_msgs -isystem /micro_ros_ws/firmware/mcu_ws/install/include/builtin_interfaces -isystem /micro_ros_ws/firmware/mcu_ws/install/include/rosidl_runtime_c -isystem /micro_ros_ws/firmware/mcu_ws/install/include/rcutils -isystem /micro_ros_ws/firmware/mcu_ws/install/include/rosidl_typesupport_interface -isystem /micro_ros_ws/firmware/mcu_ws/install/include/geometry_msgs -isystem /micro_ros_ws/firmware/mcu_ws/install/include/std_msgs -mlongcalls -Wno-frame-address -mlongcalls -Wno-frame-address -g -Wall -std=gnu11 -MD -MT CMakeFiles/stereo_msgs__rosidl_generator_c.dir/rosidl_generator_c/stereo_msgs/msg/detail/disparity_image__functions.c.obj -MF CMakeFiles/stereo_msgs__rosidl_generator_c.dir/rosidl_generator_c/stereo_msgs/msg/detail/disparity_image__functions.c.obj.d -o CMakeFiles/stereo_msgs__rosidl_generator_c.dir/rosidl_generator_c/stereo_msgs/msg/detail/disparity_image__functions.c.obj -c /micro_ros_ws/firmware/mcu_ws/build/stereo_msgs/rosidl_generator_c/stereo_msgs/msg/detail/disparity_image__functions.c
[8.204s] [ 16%] [32m[1mLinking C static library libstereo_msgs__rosidl_generator_c.a[0m
[8.205s] /usr/bin/cmake -P CMakeFiles/stereo_msgs__rosidl_generator_c.dir/cmake_clean_target.cmake
[8.265s] /usr/bin/cmake -E cmake_link_script CMakeFiles/stereo_msgs__rosidl_generator_c.dir/link.txt --verbose=1
[8.322s] /micro_ros_ws/firmware/toolchain/espressif/tools/xtensa-esp32-elf/esp-2020r2-8.2.0/xtensa-esp32-elf/bin/xtensa-esp32-elf-ar qc libstereo_msgs__rosidl_generator_c.a CMakeFiles/stereo_msgs__rosidl_generator_c.dir/rosidl_generator_c/stereo_msgs/msg/detail/disparity_image__functions.c.obj
[8.347s] /micro_ros_ws/firmware/toolchain/espressif/tools/xtensa-esp32-elf/esp-2020r2-8.2.0/xtensa-esp32-elf/bin/xtensa-esp32-elf-ranlib libstereo_msgs__rosidl_generator_c.a
[8.373s] gmake[6]: Leaving directory '/micro_ros_ws/firmware/mcu_ws/build/stereo_msgs'
[8.440s] [ 25%] Built target stereo_msgs__rosidl_generator_c
[8.441s] /usr/bin/gmake  -f CMakeFiles/stereo_msgs__rosidl_typesupport_c.dir/build.make CMakeFiles/stereo_msgs__rosidl_typesupport_c.dir/depend
[8.442s] /usr/bin/gmake  -f CMakeFiles/stereo_msgs__rosidl_typesupport_introspection_c.dir/build.make CMakeFiles/stereo_msgs__rosidl_typesupport_introspection_c.dir/depend
[8.442s] /usr/bin/gmake  -f CMakeFiles/stereo_msgs__rosidl_typesupport_microxrcedds_c.dir/build.make CMakeFiles/stereo_msgs__rosidl_typesupport_microxrcedds_c.dir/depend
[8.467s] gmake[6]: Entering directory '/micro_ros_ws/firmware/mcu_ws/build/stereo_msgs'
[8.468s] cd /micro_ros_ws/firmware/mcu_ws/build/stereo_msgs && /usr/bin/cmake -E cmake_depends "Unix Makefiles" /micro_ros_ws/firmware/mcu_ws/ros2/common_interfaces/stereo_msgs /micro_ros_ws/firmware/mcu_ws/ros2/common_interfaces/stereo_msgs /micro_ros_ws/firmware/mcu_ws/build/stereo_msgs /micro_ros_ws/firmware/mcu_ws/build/stereo_msgs /micro_ros_ws/firmware/mcu_ws/build/stereo_msgs/CMakeFiles/stereo_msgs__rosidl_typesupport_microxrcedds_c.dir/DependInfo.cmake --color=
[8.523s] gmake[6]: Entering directory '/micro_ros_ws/firmware/mcu_ws/build/stereo_msgs'
[8.524s] gmake[6]: Entering directory '/micro_ros_ws/firmware/mcu_ws/build/stereo_msgs'
[8.525s] cd /micro_ros_ws/firmware/mcu_ws/build/stereo_msgs && /usr/bin/cmake -E cmake_depends "Unix Makefiles" /micro_ros_ws/firmware/mcu_ws/ros2/common_interfaces/stereo_msgs /micro_ros_ws/firmware/mcu_ws/ros2/common_interfaces/stereo_msgs /micro_ros_ws/firmware/mcu_ws/build/stereo_msgs /micro_ros_ws/firmware/mcu_ws/build/stereo_msgs /micro_ros_ws/firmware/mcu_ws/build/stereo_msgs/CMakeFiles/stereo_msgs__rosidl_typesupport_introspection_c.dir/DependInfo.cmake --color=
[8.525s] cd /micro_ros_ws/firmware/mcu_ws/build/stereo_msgs && /usr/bin/cmake -E cmake_depends "Unix Makefiles" /micro_ros_ws/firmware/mcu_ws/ros2/common_interfaces/stereo_msgs /micro_ros_ws/firmware/mcu_ws/ros2/common_interfaces/stereo_msgs /micro_ros_ws/firmware/mcu_ws/build/stereo_msgs /micro_ros_ws/firmware/mcu_ws/build/stereo_msgs /micro_ros_ws/firmware/mcu_ws/build/stereo_msgs/CMakeFiles/stereo_msgs__rosidl_typesupport_c.dir/DependInfo.cmake --color=
[8.554s] Dependencies file "CMakeFiles/stereo_msgs__rosidl_typesupport_microxrcedds_c.dir/rosidl_typesupport_microxrcedds_c/stereo_msgs/msg/detail/microxrcedds/disparity_image__type_support_c.c.obj.d" is newer than depends file "/micro_ros_ws/firmware/mcu_ws/build/stereo_msgs/CMakeFiles/stereo_msgs__rosidl_typesupport_microxrcedds_c.dir/compiler_depend.internal".
[8.556s] [35m[1mConsolidate compiler generated dependencies of target stereo_msgs__rosidl_typesupport_microxrcedds_c[0m
[8.605s] gmake[6]: Leaving directory '/micro_ros_ws/firmware/mcu_ws/build/stereo_msgs'
[8.606s] /usr/bin/gmake  -f CMakeFiles/stereo_msgs__rosidl_typesupport_microxrcedds_c.dir/build.make CMakeFiles/stereo_msgs__rosidl_typesupport_microxrcedds_c.dir/build
[8.611s] Dependencies file "CMakeFiles/stereo_msgs__rosidl_typesupport_c.dir/rosidl_typesupport_c/stereo_msgs/msg/disparity_image__type_support.cpp.obj.d" is newer than depends file "/micro_ros_ws/firmware/mcu_ws/build/stereo_msgs/CMakeFiles/stereo_msgs__rosidl_typesupport_c.dir/compiler_depend.internal".
[8.612s] [35m[1mConsolidate compiler generated dependencies of target stereo_msgs__rosidl_typesupport_c[0m
[8.614s] Dependencies file "CMakeFiles/stereo_msgs__rosidl_typesupport_introspection_c.dir/rosidl_typesupport_introspection_c/stereo_msgs/msg/detail/disparity_image__type_support.c.obj.d" is newer than depends file "/micro_ros_ws/firmware/mcu_ws/build/stereo_msgs/CMakeFiles/stereo_msgs__rosidl_typesupport_introspection_c.dir/compiler_depend.internal".
[8.616s] [35m[1mConsolidate compiler generated dependencies of target stereo_msgs__rosidl_typesupport_introspection_c[0m
[8.642s] gmake[6]: Leaving directory '/micro_ros_ws/firmware/mcu_ws/build/stereo_msgs'
[8.642s] /usr/bin/gmake  -f CMakeFiles/stereo_msgs__rosidl_typesupport_c.dir/build.make CMakeFiles/stereo_msgs__rosidl_typesupport_c.dir/build
[8.659s] gmake[6]: Leaving directory '/micro_ros_ws/firmware/mcu_ws/build/stereo_msgs'
[8.660s] /usr/bin/gmake  -f CMakeFiles/stereo_msgs__rosidl_typesupport_introspection_c.dir/build.make CMakeFiles/stereo_msgs__rosidl_typesupport_introspection_c.dir/build
[8.699s] gmake[6]: Entering directory '/micro_ros_ws/firmware/mcu_ws/build/stereo_msgs'
[8.700s] gmake[6]: Nothing to be done for 'CMakeFiles/stereo_msgs__rosidl_typesupport_microxrcedds_c.dir/build'.
[8.701s] gmake[6]: Leaving directory '/micro_ros_ws/firmware/mcu_ws/build/stereo_msgs'
[8.759s] gmake[6]: Entering directory '/micro_ros_ws/firmware/mcu_ws/build/stereo_msgs'
[8.760s] gmake[6]: Nothing to be done for 'CMakeFiles/stereo_msgs__rosidl_typesupport_c.dir/build'.
[8.760s] gmake[6]: Leaving directory '/micro_ros_ws/firmware/mcu_ws/build/stereo_msgs'
[8.793s] [ 50%] Built target stereo_msgs__rosidl_typesupport_microxrcedds_c
[8.799s] gmake[6]: Entering directory '/micro_ros_ws/firmware/mcu_ws/build/stereo_msgs'
[8.800s] gmake[6]: Nothing to be done for 'CMakeFiles/stereo_msgs__rosidl_typesupport_introspection_c.dir/build'.
[8.800s] gmake[6]: Leaving directory '/micro_ros_ws/firmware/mcu_ws/build/stereo_msgs'
[8.848s] [ 75%] Built target stereo_msgs__rosidl_typesupport_c
[8.880s] [100%] Built target stereo_msgs__rosidl_typesupport_introspection_c
[8.881s] /usr/bin/gmake  -f CMakeFiles/stereo_msgs.dir/build.make CMakeFiles/stereo_msgs.dir/depend
[8.902s] gmake[6]: Entering directory '/micro_ros_ws/firmware/mcu_ws/build/stereo_msgs'
[8.903s] cd /micro_ros_ws/firmware/mcu_ws/build/stereo_msgs && /usr/bin/cmake -E cmake_depends "Unix Makefiles" /micro_ros_ws/firmware/mcu_ws/ros2/common_interfaces/stereo_msgs /micro_ros_ws/firmware/mcu_ws/ros2/common_interfaces/stereo_msgs /micro_ros_ws/firmware/mcu_ws/build/stereo_msgs /micro_ros_ws/firmware/mcu_ws/build/stereo_msgs /micro_ros_ws/firmware/mcu_ws/build/stereo_msgs/CMakeFiles/stereo_msgs.dir/DependInfo.cmake --color=
[8.989s] gmake[6]: Leaving directory '/micro_ros_ws/firmware/mcu_ws/build/stereo_msgs'
[8.990s] /usr/bin/gmake  -f CMakeFiles/stereo_msgs.dir/build.make CMakeFiles/stereo_msgs.dir/build
[9.041s] gmake[6]: Entering directory '/micro_ros_ws/firmware/mcu_ws/build/stereo_msgs'
[9.042s] gmake[6]: Nothing to be done for 'CMakeFiles/stereo_msgs.dir/build'.
[9.043s] gmake[6]: Leaving directory '/micro_ros_ws/firmware/mcu_ws/build/stereo_msgs'
[9.128s] [100%] Built target stereo_msgs
[9.128s] gmake[5]: Leaving directory '/micro_ros_ws/firmware/mcu_ws/build/stereo_msgs'
[9.129s] /usr/bin/cmake -E cmake_progress_start /micro_ros_ws/firmware/mcu_ws/build/stereo_msgs/CMakeFiles 0
[9.210s] gmake[4]: Leaving directory '/micro_ros_ws/firmware/mcu_ws/build/stereo_msgs'
[9.213s] Invoked command in '/micro_ros_ws/firmware/mcu_ws/build/stereo_msgs' returned '0': AMENT_PREFIX_PATH=/micro_ros_ws/firmware/mcu_ws/install:${AMENT_PREFIX_PATH} CMAKE_PREFIX_PATH=/micro_ros_ws/firmware/mcu_ws/install:/micro_ros_ws/firmware/dev_ws/install/ament_lint_common:/micro_ros_ws/firmware/dev_ws/install/ament_cmake_uncrustify:/micro_ros_ws/firmware/dev_ws/install/uncrustify_vendor:/micro_ros_ws/firmware/dev_ws/install/ament_cmake_ros:/micro_ros_ws/firmware/dev_ws/install/ament_cmake_auto:/micro_ros_ws/firmware/dev_ws/install/ament_cmake_gmock:/micro_ros_ws/firmware/dev_ws/install/gmock_vendor:/micro_ros_ws/firmware/dev_ws/install/ament_cmake_gtest:/micro_ros_ws/firmware/dev_ws/install/gtest_vendor:/micro_ros_ws/firmware/dev_ws/install/ament_cmake_xmllint:/micro_ros_ws/firmware/dev_ws/install/ament_cmake_pyflakes:/micro_ros_ws/firmware/dev_ws/install/ament_cmake_pycodestyle:/micro_ros_ws/firmware/dev_ws/install/ament_cmake_pep257:/micro_ros_ws/firmware/dev_ws/install/ament_cmake_pclint:/micro_ros_ws/firmware/dev_ws/install/ament_lint_auto:/micro_ros_ws/firmware/dev_ws/install/ament_cmake:/micro_ros_ws/firmware/dev_ws/install/ament_cmake_version:/micro_ros_ws/firmware/dev_ws/install/ament_cmake_vendor_package:/micro_ros_ws/firmware/dev_ws/install/ament_cmake_pytest:/micro_ros_ws/firmware/dev_ws/install/ament_cmake_nose:/micro_ros_ws/firmware/dev_ws/install/ament_cmake_mypy:/micro_ros_ws/firmware/dev_ws/install/ament_cmake_lint_cmake:/micro_ros_ws/firmware/dev_ws/install/ament_cmake_google_benchmark:/micro_ros_ws/firmware/dev_ws/install/ament_cmake_flake8:/micro_ros_ws/firmware/dev_ws/install/ament_cmake_cpplint:/micro_ros_ws/firmware/dev_ws/install/ament_cmake_cppcheck:/micro_ros_ws/firmware/dev_ws/install/ament_cmake_copyright:/micro_ros_ws/firmware/dev_ws/install/ament_cmake_clang_tidy:/micro_ros_ws/firmware/dev_ws/install/ament_cmake_clang_format:/micro_ros_ws/firmware/dev_ws/install/ament_cmake_test:/micro_ros_ws/firmware/dev_ws/install/ament_cmake_target_dependencies:/micro_ros_ws/firmware/dev_ws/install/ament_cmake_python:/micro_ros_ws/firmware/dev_ws/install/ament_cmake_export_dependencies:/micro_ros_ws/firmware/dev_ws/install/ament_cmake_libraries:/micro_ros_ws/firmware/dev_ws/install/ament_cmake_include_directories:/micro_ros_ws/firmware/dev_ws/install/ament_cmake_gen_version_h:/micro_ros_ws/firmware/dev_ws/install/ament_cmake_export_targets:/micro_ros_ws/firmware/dev_ws/install/ament_cmake_export_link_flags:/micro_ros_ws/firmware/dev_ws/install/ament_cmake_export_interfaces:/micro_ros_ws/firmware/dev_ws/install/ament_cmake_export_libraries:/micro_ros_ws/firmware/dev_ws/install/ament_cmake_export_include_directories:/micro_ros_ws/firmware/dev_ws/install/ament_cmake_export_definitions:/micro_ros_ws/firmware/dev_ws/install/ament_cmake_core:/micro_ros_ws/firmware/dev_ws/install/ament_index_cpp:/micro_ros_ws/firmware/dev_ws/install/ament_uncrustify:/micro_ros_ws/firmware/dev_ws/install/domain_coordinator:/micro_ros_ws/firmware/dev_ws/install/ament_xmllint:/micro_ros_ws/firmware/dev_ws/install/ament_pyflakes:/micro_ros_ws/firmware/dev_ws/install/ament_pycodestyle:/micro_ros_ws/firmware/dev_ws/install/ament_pep257:/micro_ros_ws/firmware/dev_ws/install/ament_pclint:/micro_ros_ws/firmware/dev_ws/install/ament_package:/micro_ros_ws/firmware/dev_ws/install/ament_mypy:/micro_ros_ws/firmware/dev_ws/install/ament_lint_cmake:/micro_ros_ws/firmware/dev_ws/install/ament_flake8:/micro_ros_ws/firmware/dev_ws/install/ament_copyright:/micro_ros_ws/firmware/dev_ws/install/ament_lint:/micro_ros_ws/firmware/dev_ws/install/ament_index_python:/micro_ros_ws/firmware/dev_ws/install/ament_cpplint:/micro_ros_ws/firmware/dev_ws/install/ament_cppcheck:/micro_ros_ws/firmware/dev_ws/install/ament_clang_tidy:/micro_ros_ws/firmware/dev_ws/install/ament_clang_format LD_LIBRARY_PATH=/micro_ros_ws/firmware/mcu_ws/install/lib:${LD_LIBRARY_PATH} PATH=/micro_ros_ws/firmware/mcu_ws/install/bin:${PATH} PYTHONPATH=/micro_ros_ws/firmware/mcu_ws/install/lib/python3.10/site-packages:${PYTHONPATH} /usr/bin/cmake --build /micro_ros_ws/firmware/mcu_ws/build/stereo_msgs -- -j12 -l12
[9.221s] Invoking command in '/micro_ros_ws/firmware/mcu_ws/build/stereo_msgs': AMENT_PREFIX_PATH=/micro_ros_ws/firmware/mcu_ws/install:${AMENT_PREFIX_PATH} CMAKE_PREFIX_PATH=/micro_ros_ws/firmware/mcu_ws/install:/micro_ros_ws/firmware/dev_ws/install/ament_lint_common:/micro_ros_ws/firmware/dev_ws/install/ament_cmake_uncrustify:/micro_ros_ws/firmware/dev_ws/install/uncrustify_vendor:/micro_ros_ws/firmware/dev_ws/install/ament_cmake_ros:/micro_ros_ws/firmware/dev_ws/install/ament_cmake_auto:/micro_ros_ws/firmware/dev_ws/install/ament_cmake_gmock:/micro_ros_ws/firmware/dev_ws/install/gmock_vendor:/micro_ros_ws/firmware/dev_ws/install/ament_cmake_gtest:/micro_ros_ws/firmware/dev_ws/install/gtest_vendor:/micro_ros_ws/firmware/dev_ws/install/ament_cmake_xmllint:/micro_ros_ws/firmware/dev_ws/install/ament_cmake_pyflakes:/micro_ros_ws/firmware/dev_ws/install/ament_cmake_pycodestyle:/micro_ros_ws/firmware/dev_ws/install/ament_cmake_pep257:/micro_ros_ws/firmware/dev_ws/install/ament_cmake_pclint:/micro_ros_ws/firmware/dev_ws/install/ament_lint_auto:/micro_ros_ws/firmware/dev_ws/install/ament_cmake:/micro_ros_ws/firmware/dev_ws/install/ament_cmake_version:/micro_ros_ws/firmware/dev_ws/install/ament_cmake_vendor_package:/micro_ros_ws/firmware/dev_ws/install/ament_cmake_pytest:/micro_ros_ws/firmware/dev_ws/install/ament_cmake_nose:/micro_ros_ws/firmware/dev_ws/install/ament_cmake_mypy:/micro_ros_ws/firmware/dev_ws/install/ament_cmake_lint_cmake:/micro_ros_ws/firmware/dev_ws/install/ament_cmake_google_benchmark:/micro_ros_ws/firmware/dev_ws/install/ament_cmake_flake8:/micro_ros_ws/firmware/dev_ws/install/ament_cmake_cpplint:/micro_ros_ws/firmware/dev_ws/install/ament_cmake_cppcheck:/micro_ros_ws/firmware/dev_ws/install/ament_cmake_copyright:/micro_ros_ws/firmware/dev_ws/install/ament_cmake_clang_tidy:/micro_ros_ws/firmware/dev_ws/install/ament_cmake_clang_format:/micro_ros_ws/firmware/dev_ws/install/ament_cmake_test:/micro_ros_ws/firmware/dev_ws/install/ament_cmake_target_dependencies:/micro_ros_ws/firmware/dev_ws/install/ament_cmake_python:/micro_ros_ws/firmware/dev_ws/install/ament_cmake_export_dependencies:/micro_ros_ws/firmware/dev_ws/install/ament_cmake_libraries:/micro_ros_ws/firmware/dev_ws/install/ament_cmake_include_directories:/micro_ros_ws/firmware/dev_ws/install/ament_cmake_gen_version_h:/micro_ros_ws/firmware/dev_ws/install/ament_cmake_export_targets:/micro_ros_ws/firmware/dev_ws/install/ament_cmake_export_link_flags:/micro_ros_ws/firmware/dev_ws/install/ament_cmake_export_interfaces:/micro_ros_ws/firmware/dev_ws/install/ament_cmake_export_libraries:/micro_ros_ws/firmware/dev_ws/install/ament_cmake_export_include_directories:/micro_ros_ws/firmware/dev_ws/install/ament_cmake_export_definitions:/micro_ros_ws/firmware/dev_ws/install/ament_cmake_core:/micro_ros_ws/firmware/dev_ws/install/ament_index_cpp:/micro_ros_ws/firmware/dev_ws/install/ament_uncrustify:/micro_ros_ws/firmware/dev_ws/install/domain_coordinator:/micro_ros_ws/firmware/dev_ws/install/ament_xmllint:/micro_ros_ws/firmware/dev_ws/install/ament_pyflakes:/micro_ros_ws/firmware/dev_ws/install/ament_pycodestyle:/micro_ros_ws/firmware/dev_ws/install/ament_pep257:/micro_ros_ws/firmware/dev_ws/install/ament_pclint:/micro_ros_ws/firmware/dev_ws/install/ament_package:/micro_ros_ws/firmware/dev_ws/install/ament_mypy:/micro_ros_ws/firmware/dev_ws/install/ament_lint_cmake:/micro_ros_ws/firmware/dev_ws/install/ament_flake8:/micro_ros_ws/firmware/dev_ws/install/ament_copyright:/micro_ros_ws/firmware/dev_ws/install/ament_lint:/micro_ros_ws/firmware/dev_ws/install/ament_index_python:/micro_ros_ws/firmware/dev_ws/install/ament_cpplint:/micro_ros_ws/firmware/dev_ws/install/ament_cppcheck:/micro_ros_ws/firmware/dev_ws/install/ament_clang_tidy:/micro_ros_ws/firmware/dev_ws/install/ament_clang_format LD_LIBRARY_PATH=/micro_ros_ws/firmware/mcu_ws/install/lib:${LD_LIBRARY_PATH} PATH=/micro_ros_ws/firmware/mcu_ws/install/bin:${PATH} PYTHONPATH=/micro_ros_ws/firmware/mcu_ws/install/lib/python3.10/site-packages:${PYTHONPATH} /usr/bin/cmake --install /micro_ros_ws/firmware/mcu_ws/build/stereo_msgs
[9.282s] -- Install configuration: "Debug"
[9.290s] -- Up-to-date: /micro_ros_ws/firmware/mcu_ws/install/share/ament_index/resource_index/rosidl_interfaces/stereo_msgs
[9.294s] -- Up-to-date: /micro_ros_ws/firmware/mcu_ws/install/include/stereo_msgs/stereo_msgs
[9.300s] -- Up-to-date: /micro_ros_ws/firmware/mcu_ws/install/include/stereo_msgs/stereo_msgs/msg
[9.306s] -- Up-to-date: /micro_ros_ws/firmware/mcu_ws/install/include/stereo_msgs/stereo_msgs/msg/detail
[9.315s] -- Up-to-date: /micro_ros_ws/firmware/mcu_ws/install/include/stereo_msgs/stereo_msgs/msg/detail/disparity_image__functions.c
[9.321s] -- Up-to-date: /micro_ros_ws/firmware/mcu_ws/install/include/stereo_msgs/stereo_msgs/msg/detail/disparity_image__functions.h
[9.327s] -- Up-to-date: /micro_ros_ws/firmware/mcu_ws/install/include/stereo_msgs/stereo_msgs/msg/detail/disparity_image__struct.h
[9.334s] -- Up-to-date: /micro_ros_ws/firmware/mcu_ws/install/include/stereo_msgs/stereo_msgs/msg/detail/disparity_image__type_support.h
[9.340s] -- Up-to-date: /micro_ros_ws/firmware/mcu_ws/install/include/stereo_msgs/stereo_msgs/msg/disparity_image.h
[9.346s] -- Up-to-date: /micro_ros_ws/firmware/mcu_ws/install/include/stereo_msgs/stereo_msgs/msg/rosidl_generator_c__visibility_control.h
[9.355s] -- Up-to-date: /micro_ros_ws/firmware/mcu_ws/install/share/stereo_msgs/environment/library_path.sh
[9.361s] -- Installing: /micro_ros_ws/firmware/mcu_ws/install/share/stereo_msgs/environment/library_path.dsv
[9.377s] -- Installing: /micro_ros_ws/firmware/mcu_ws/install/lib/libstereo_msgs__rosidl_generator_c.a
[9.389s] -- Up-to-date: /micro_ros_ws/firmware/mcu_ws/install/include/stereo_msgs/stereo_msgs
[9.394s] -- Up-to-date: /micro_ros_ws/firmware/mcu_ws/install/include/stereo_msgs/stereo_msgs/msg
[9.400s] -- Up-to-date: /micro_ros_ws/firmware/mcu_ws/install/include/stereo_msgs/stereo_msgs/msg/detail
[9.409s] -- Up-to-date: /micro_ros_ws/firmware/mcu_ws/install/include/stereo_msgs/stereo_msgs/msg/detail/disparity_image__rosidl_typesupport_introspection_c.h
[9.415s] -- Up-to-date: /micro_ros_ws/firmware/mcu_ws/install/include/stereo_msgs/stereo_msgs/msg/detail/disparity_image__type_support.c
[9.421s] -- Up-to-date: /micro_ros_ws/firmware/mcu_ws/install/include/stereo_msgs/stereo_msgs/msg/rosidl_typesupport_introspection_c__visibility_control.h
[9.426s] -- Up-to-date: /micro_ros_ws/firmware/mcu_ws/install/lib/libstereo_msgs__rosidl_typesupport_introspection_c.a
[9.429s] -- Up-to-date: /micro_ros_ws/firmware/mcu_ws/install/include/stereo_msgs/stereo_msgs
[9.435s] -- Up-to-date: /micro_ros_ws/firmware/mcu_ws/install/include/stereo_msgs/stereo_msgs/msg
[9.440s] -- Up-to-date: /micro_ros_ws/firmware/mcu_ws/install/include/stereo_msgs/stereo_msgs/msg/detail
[9.448s] -- Up-to-date: /micro_ros_ws/firmware/mcu_ws/install/include/stereo_msgs/stereo_msgs/msg/detail/disparity_image__rosidl_typesupport_microxrcedds_c.h
[9.453s] -- Up-to-date: /micro_ros_ws/firmware/mcu_ws/install/include/stereo_msgs/stereo_msgs/msg/detail/microxrcedds
[9.461s] -- Up-to-date: /micro_ros_ws/firmware/mcu_ws/install/include/stereo_msgs/stereo_msgs/msg/rosidl_typesupport_microxrcedds_c__visibility_control.h
[9.465s] -- Up-to-date: /micro_ros_ws/firmware/mcu_ws/install/lib/libstereo_msgs__rosidl_typesupport_microxrcedds_c.a
[9.469s] -- Up-to-date: /micro_ros_ws/firmware/mcu_ws/install/lib/libstereo_msgs__rosidl_typesupport_c.a
[9.474s] -- Up-to-date: /micro_ros_ws/firmware/mcu_ws/install/share/stereo_msgs/msg/DisparityImage.idl
[9.480s] -- Up-to-date: /micro_ros_ws/firmware/mcu_ws/install/share/stereo_msgs/msg/DisparityImage.msg
[9.487s] -- Up-to-date: /micro_ros_ws/firmware/mcu_ws/install/share/ament_index/resource_index/package_run_dependencies/stereo_msgs
[9.495s] -- Up-to-date: /micro_ros_ws/firmware/mcu_ws/install/share/ament_index/resource_index/parent_prefix_path/stereo_msgs
[9.502s] -- Up-to-date: /micro_ros_ws/firmware/mcu_ws/install/share/stereo_msgs/environment/ament_prefix_path.sh
[9.507s] -- Installing: /micro_ros_ws/firmware/mcu_ws/install/share/stereo_msgs/environment/ament_prefix_path.dsv
[9.526s] -- Up-to-date: /micro_ros_ws/firmware/mcu_ws/install/share/stereo_msgs/environment/path.sh
[9.532s] -- Installing: /micro_ros_ws/firmware/mcu_ws/install/share/stereo_msgs/environment/path.dsv
[9.548s] -- Up-to-date: /micro_ros_ws/firmware/mcu_ws/install/share/stereo_msgs/local_setup.bash
[9.553s] -- Up-to-date: /micro_ros_ws/firmware/mcu_ws/install/share/stereo_msgs/local_setup.sh
[9.558s] -- Up-to-date: /micro_ros_ws/firmware/mcu_ws/install/share/stereo_msgs/local_setup.zsh
[9.563s] -- Installing: /micro_ros_ws/firmware/mcu_ws/install/share/stereo_msgs/local_setup.dsv
[9.577s] -- Installing: /micro_ros_ws/firmware/mcu_ws/install/share/stereo_msgs/package.dsv
[9.594s] -- Up-to-date: /micro_ros_ws/firmware/mcu_ws/install/share/ament_index/resource_index/packages/stereo_msgs
[9.605s] -- Up-to-date: /micro_ros_ws/firmware/mcu_ws/install/share/stereo_msgs/cmake/export_stereo_msgs__rosidl_generator_cExport.cmake
[9.612s] -- Up-to-date: /micro_ros_ws/firmware/mcu_ws/install/share/stereo_msgs/cmake/export_stereo_msgs__rosidl_generator_cExport-debug.cmake
[9.623s] -- Up-to-date: /micro_ros_ws/firmware/mcu_ws/install/share/stereo_msgs/cmake/stereo_msgs__rosidl_typesupport_introspection_cExport.cmake
[9.629s] -- Up-to-date: /micro_ros_ws/firmware/mcu_ws/install/share/stereo_msgs/cmake/stereo_msgs__rosidl_typesupport_introspection_cExport-debug.cmake
[9.639s] -- Up-to-date: /micro_ros_ws/firmware/mcu_ws/install/share/stereo_msgs/cmake/stereo_msgs__rosidl_typesupport_cExport.cmake
[9.646s] -- Up-to-date: /micro_ros_ws/firmware/mcu_ws/install/share/stereo_msgs/cmake/stereo_msgs__rosidl_typesupport_cExport-debug.cmake
[9.651s] -- Up-to-date: /micro_ros_ws/firmware/mcu_ws/install/share/stereo_msgs/cmake/rosidl_cmake-extras.cmake
[9.656s] -- Up-to-date: /micro_ros_ws/firmware/mcu_ws/install/share/stereo_msgs/cmake/ament_cmake_export_dependencies-extras.cmake
[9.661s] -- Up-to-date: /micro_ros_ws/firmware/mcu_ws/install/share/stereo_msgs/cmake/ament_cmake_export_include_directories-extras.cmake
[9.666s] -- Up-to-date: /micro_ros_ws/firmware/mcu_ws/install/share/stereo_msgs/cmake/ament_cmake_export_libraries-extras.cmake
[9.672s] -- Up-to-date: /micro_ros_ws/firmware/mcu_ws/install/share/stereo_msgs/cmake/ament_cmake_export_targets-extras.cmake
[9.677s] -- Up-to-date: /micro_ros_ws/firmware/mcu_ws/install/share/stereo_msgs/cmake/rosidl_cmake_export_typesupport_targets-extras.cmake
[9.682s] -- Up-to-date: /micro_ros_ws/firmware/mcu_ws/install/share/stereo_msgs/cmake/rosidl_cmake_export_typesupport_libraries-extras.cmake
[9.687s] -- Up-to-date: /micro_ros_ws/firmware/mcu_ws/install/share/stereo_msgs/cmake/rosidl_cmake_aggregate_target-extras.cmake
[9.694s] -- Up-to-date: /micro_ros_ws/firmware/mcu_ws/install/share/stereo_msgs/cmake/stereo_msgsConfig.cmake
[9.698s] -- Up-to-date: /micro_ros_ws/firmware/mcu_ws/install/share/stereo_msgs/cmake/stereo_msgsConfig-version.cmake
[9.704s] -- Up-to-date: /micro_ros_ws/firmware/mcu_ws/install/share/stereo_msgs/package.xml
[9.709s] Invoked command in '/micro_ros_ws/firmware/mcu_ws/build/stereo_msgs' returned '0': AMENT_PREFIX_PATH=/micro_ros_ws/firmware/mcu_ws/install:${AMENT_PREFIX_PATH} CMAKE_PREFIX_PATH=/micro_ros_ws/firmware/mcu_ws/install:/micro_ros_ws/firmware/dev_ws/install/ament_lint_common:/micro_ros_ws/firmware/dev_ws/install/ament_cmake_uncrustify:/micro_ros_ws/firmware/dev_ws/install/uncrustify_vendor:/micro_ros_ws/firmware/dev_ws/install/ament_cmake_ros:/micro_ros_ws/firmware/dev_ws/install/ament_cmake_auto:/micro_ros_ws/firmware/dev_ws/install/ament_cmake_gmock:/micro_ros_ws/firmware/dev_ws/install/gmock_vendor:/micro_ros_ws/firmware/dev_ws/install/ament_cmake_gtest:/micro_ros_ws/firmware/dev_ws/install/gtest_vendor:/micro_ros_ws/firmware/dev_ws/install/ament_cmake_xmllint:/micro_ros_ws/firmware/dev_ws/install/ament_cmake_pyflakes:/micro_ros_ws/firmware/dev_ws/install/ament_cmake_pycodestyle:/micro_ros_ws/firmware/dev_ws/install/ament_cmake_pep257:/micro_ros_ws/firmware/dev_ws/install/ament_cmake_pclint:/micro_ros_ws/firmware/dev_ws/install/ament_lint_auto:/micro_ros_ws/firmware/dev_ws/install/ament_cmake:/micro_ros_ws/firmware/dev_ws/install/ament_cmake_version:/micro_ros_ws/firmware/dev_ws/install/ament_cmake_vendor_package:/micro_ros_ws/firmware/dev_ws/install/ament_cmake_pytest:/micro_ros_ws/firmware/dev_ws/install/ament_cmake_nose:/micro_ros_ws/firmware/dev_ws/install/ament_cmake_mypy:/micro_ros_ws/firmware/dev_ws/install/ament_cmake_lint_cmake:/micro_ros_ws/firmware/dev_ws/install/ament_cmake_google_benchmark:/micro_ros_ws/firmware/dev_ws/install/ament_cmake_flake8:/micro_ros_ws/firmware/dev_ws/install/ament_cmake_cpplint:/micro_ros_ws/firmware/dev_ws/install/ament_cmake_cppcheck:/micro_ros_ws/firmware/dev_ws/install/ament_cmake_copyright:/micro_ros_ws/firmware/dev_ws/install/ament_cmake_clang_tidy:/micro_ros_ws/firmware/dev_ws/install/ament_cmake_clang_format:/micro_ros_ws/firmware/dev_ws/install/ament_cmake_test:/micro_ros_ws/firmware/dev_ws/install/ament_cmake_target_dependencies:/micro_ros_ws/firmware/dev_ws/install/ament_cmake_python:/micro_ros_ws/firmware/dev_ws/install/ament_cmake_export_dependencies:/micro_ros_ws/firmware/dev_ws/install/ament_cmake_libraries:/micro_ros_ws/firmware/dev_ws/install/ament_cmake_include_directories:/micro_ros_ws/firmware/dev_ws/install/ament_cmake_gen_version_h:/micro_ros_ws/firmware/dev_ws/install/ament_cmake_export_targets:/micro_ros_ws/firmware/dev_ws/install/ament_cmake_export_link_flags:/micro_ros_ws/firmware/dev_ws/install/ament_cmake_export_interfaces:/micro_ros_ws/firmware/dev_ws/install/ament_cmake_export_libraries:/micro_ros_ws/firmware/dev_ws/install/ament_cmake_export_include_directories:/micro_ros_ws/firmware/dev_ws/install/ament_cmake_export_definitions:/micro_ros_ws/firmware/dev_ws/install/ament_cmake_core:/micro_ros_ws/firmware/dev_ws/install/ament_index_cpp:/micro_ros_ws/firmware/dev_ws/install/ament_uncrustify:/micro_ros_ws/firmware/dev_ws/install/domain_coordinator:/micro_ros_ws/firmware/dev_ws/install/ament_xmllint:/micro_ros_ws/firmware/dev_ws/install/ament_pyflakes:/micro_ros_ws/firmware/dev_ws/install/ament_pycodestyle:/micro_ros_ws/firmware/dev_ws/install/ament_pep257:/micro_ros_ws/firmware/dev_ws/install/ament_pclint:/micro_ros_ws/firmware/dev_ws/install/ament_package:/micro_ros_ws/firmware/dev_ws/install/ament_mypy:/micro_ros_ws/firmware/dev_ws/install/ament_lint_cmake:/micro_ros_ws/firmware/dev_ws/install/ament_flake8:/micro_ros_ws/firmware/dev_ws/install/ament_copyright:/micro_ros_ws/firmware/dev_ws/install/ament_lint:/micro_ros_ws/firmware/dev_ws/install/ament_index_python:/micro_ros_ws/firmware/dev_ws/install/ament_cpplint:/micro_ros_ws/firmware/dev_ws/install/ament_cppcheck:/micro_ros_ws/firmware/dev_ws/install/ament_clang_tidy:/micro_ros_ws/firmware/dev_ws/install/ament_clang_format LD_LIBRARY_PATH=/micro_ros_ws/firmware/mcu_ws/install/lib:${LD_LIBRARY_PATH} PATH=/micro_ros_ws/firmware/mcu_ws/install/bin:${PATH} PYTHONPATH=/micro_ros_ws/firmware/mcu_ws/install/lib/python3.10/site-packages:${PYTHONPATH} /usr/bin/cmake --install /micro_ros_ws/firmware/mcu_ws/build/stereo_msgs
