[3.780s] Invoking command in '/micro_ros_ws/firmware/mcu_ws/uros/tracetools/tracetools_launch': AMENT_PREFIX_PATH=/micro_ros_ws/firmware/mcu_ws/install:${AMENT_PREFIX_PATH} CMAKE_PREFIX_PATH=/micro_ros_ws/firmware/mcu_ws/install:${CMAKE_PREFIX_PATH} PATH=/micro_ros_ws/firmware/mcu_ws/install/bin:${PATH} PYTHONPATH=/micro_ros_ws/firmware/mcu_ws/build/tracetools_launch/prefix_override:/micro_ros_ws/firmware/toolchain/espressif/python_env/idf4.1_py3.10_env/lib/python3.10/site-packages/colcon_core/task/python/colcon_distutils_commands:/micro_ros_ws/firmware/mcu_ws/install/lib/python3.10/site-packages:/micro_ros_ws/firmware/mcu_ws/install/lib/python3.10/site-packages:${PYTHONPATH} /micro_ros_ws/firmware/toolchain/espressif/python_env/idf4.1_py3.10_env/bin/python -W ignore:setup.py install is deprecated -W ignore:easy_install command is deprecated setup.py egg_info --egg-base ../../../build/tracetools_launch build --build-base /micro_ros_ws/firmware/mcu_ws/build/tracetools_launch/build install --record /micro_ros_ws/firmware/mcu_ws/build/tracetools_launch/install.log --single-version-externally-managed install_data
[5.070s] /micro_ros_ws/firmware/toolchain/espressif/python_env/idf4.1_py3.10_env/lib/python3.10/site-packages/setuptools/_distutils/dist.py:289: UserWarning: Unknown distribution option: 'tests_require'
[5.071s]   warnings.warn(msg)
[5.730s] running egg_info
[5.831s] writing ../../../build/tracetools_launch/tracetools_launch.egg-info/PKG-INFO
[5.836s] writing dependency_links to ../../../build/tracetools_launch/tracetools_launch.egg-info/dependency_links.txt
[5.838s] writing entry points to ../../../build/tracetools_launch/tracetools_launch.egg-info/entry_points.txt
[5.840s] writing requirements to ../../../build/tracetools_launch/tracetools_launch.egg-info/requires.txt
[5.841s] writing top-level names to ../../../build/tracetools_launch/tracetools_launch.egg-info/top_level.txt
[6.074s] reading manifest file '../../../build/tracetools_launch/tracetools_launch.egg-info/SOURCES.txt'
[6.091s] writing manifest file '../../../build/tracetools_launch/tracetools_launch.egg-info/SOURCES.txt'
[6.092s] running build
[6.093s] running build_py
[6.097s] copying tracetools_launch/action.py -> /micro_ros_ws/firmware/mcu_ws/build/tracetools_launch/build/lib/tracetools_launch
[6.107s] copying tracetools_launch/__init__.py -> /micro_ros_ws/firmware/mcu_ws/build/tracetools_launch/build/lib/tracetools_launch
[6.121s] copying tracetools_launch/actions/ld_preload.py -> /micro_ros_ws/firmware/mcu_ws/build/tracetools_launch/build/lib/tracetools_launch/actions
[6.126s] copying tracetools_launch/actions/__init__.py -> /micro_ros_ws/firmware/mcu_ws/build/tracetools_launch/build/lib/tracetools_launch/actions
[6.131s] running install
[6.136s] running install_lib
[6.277s] running install_data
[6.280s] copying package.xml -> /micro_ros_ws/firmware/mcu_ws/install/share/tracetools_launch
[6.286s] copying launch/example.launch.py -> /micro_ros_ws/firmware/mcu_ws/install/share/tracetools_launch/launch
[6.291s] copying launch/example.launch.xml -> /micro_ros_ws/firmware/mcu_ws/install/share/tracetools_launch/launch
[6.296s] copying launch/example.launch.yaml -> /micro_ros_ws/firmware/mcu_ws/install/share/tracetools_launch/launch
[6.307s] copying resource/tracetools_launch -> /micro_ros_ws/firmware/mcu_ws/install/share/ament_index/resource_index/packages
[6.313s] running install_egg_info
[6.438s] removing '/micro_ros_ws/firmware/mcu_ws/install/lib/python3.10/site-packages/tracetools_launch-4.1.1-py3.10.egg-info' (and everything under it)
[6.446s] Copying ../../../build/tracetools_launch/tracetools_launch.egg-info to /micro_ros_ws/firmware/mcu_ws/install/lib/python3.10/site-packages/tracetools_launch-4.1.1-py3.10.egg-info
[6.481s] running install_scripts
[7.430s] writing list of installed files to '/micro_ros_ws/firmware/mcu_ws/build/tracetools_launch/install.log'
[7.462s] Invoked command in '/micro_ros_ws/firmware/mcu_ws/uros/tracetools/tracetools_launch' returned '0': AMENT_PREFIX_PATH=/micro_ros_ws/firmware/mcu_ws/install:${AMENT_PREFIX_PATH} CMAKE_PREFIX_PATH=/micro_ros_ws/firmware/mcu_ws/install:${CMAKE_PREFIX_PATH} PATH=/micro_ros_ws/firmware/mcu_ws/install/bin:${PATH} PYTHONPATH=/micro_ros_ws/firmware/mcu_ws/build/tracetools_launch/prefix_override:/micro_ros_ws/firmware/toolchain/espressif/python_env/idf4.1_py3.10_env/lib/python3.10/site-packages/colcon_core/task/python/colcon_distutils_commands:/micro_ros_ws/firmware/mcu_ws/install/lib/python3.10/site-packages:/micro_ros_ws/firmware/mcu_ws/install/lib/python3.10/site-packages:${PYTHONPATH} /micro_ros_ws/firmware/toolchain/espressif/python_env/idf4.1_py3.10_env/bin/python -W ignore:setup.py install is deprecated -W ignore:easy_install command is deprecated setup.py egg_info --egg-base ../../../build/tracetools_launch build --build-base /micro_ros_ws/firmware/mcu_ws/build/tracetools_launch/build install --record /micro_ros_ws/firmware/mcu_ws/build/tracetools_launch/install.log --single-version-externally-managed install_data
