[8.216s] Invoking command in '/micro_ros_ws/firmware/mcu_ws/build/libyaml_vendor': CMAKE_PREFIX_PATH=${CMAKE_PREFIX_PATH}:/micro_ros_ws/firmware/dev_ws/install/ament_uncrustify:/micro_ros_ws/firmware/dev_ws/install/domain_coordinator:/micro_ros_ws/firmware/dev_ws/install/ament_xmllint:/micro_ros_ws/firmware/dev_ws/install/ament_pyflakes:/micro_ros_ws/firmware/dev_ws/install/ament_pycodestyle:/micro_ros_ws/firmware/dev_ws/install/ament_pep257:/micro_ros_ws/firmware/dev_ws/install/ament_pclint:/micro_ros_ws/firmware/dev_ws/install/ament_package:/micro_ros_ws/firmware/dev_ws/install/ament_mypy:/micro_ros_ws/firmware/dev_ws/install/ament_lint_cmake:/micro_ros_ws/firmware/dev_ws/install/ament_flake8:/micro_ros_ws/firmware/dev_ws/install/ament_copyright:/micro_ros_ws/firmware/dev_ws/install/ament_lint:/micro_ros_ws/firmware/dev_ws/install/ament_index_python:/micro_ros_ws/firmware/dev_ws/install/ament_cpplint:/micro_ros_ws/firmware/dev_ws/install/ament_cppcheck:/micro_ros_ws/firmware/dev_ws/install/ament_clang_tidy:/micro_ros_ws/firmware/dev_ws/install/ament_clang_format /usr/bin/cmake --build /micro_ros_ws/firmware/mcu_ws/build/libyaml_vendor -- -j12 -l12
[8.308s] gmake[4]: Entering directory '/micro_ros_ws/firmware/mcu_ws/build/libyaml_vendor'
[8.309s] /usr/bin/cmake -S/micro_ros_ws/firmware/mcu_ws/ros2/libyaml_vendor -B/micro_ros_ws/firmware/mcu_ws/build/libyaml_vendor --check-build-system CMakeFiles/Makefile.cmake 0
[8.566s] Re-run cmake file: Makefile older than: /micro_ros_ws/firmware/freertos_apps/microros_esp32_extensions/esp32_toolchain.cmake
[8.612s] -- Found ament_cmake: 1.3.14 (/micro_ros_ws/firmware/dev_ws/install/ament_cmake/share/ament_cmake/cmake)
[11.976s] -- Configuring done
[12.118s] -- Generating done
[12.164s] -- Build files have been written to: /micro_ros_ws/firmware/mcu_ws/build/libyaml_vendor
[12.167s] /usr/bin/cmake -E cmake_progress_start /micro_ros_ws/firmware/mcu_ws/build/libyaml_vendor/CMakeFiles /micro_ros_ws/firmware/mcu_ws/build/libyaml_vendor//CMakeFiles/progress.marks
[12.196s] /usr/bin/gmake  -f CMakeFiles/Makefile2 all
[12.203s] gmake[5]: Entering directory '/micro_ros_ws/firmware/mcu_ws/build/libyaml_vendor'
[12.204s] /usr/bin/gmake  -f CMakeFiles/libyaml-0.2.5.dir/build.make CMakeFiles/libyaml-0.2.5.dir/depend
[12.212s] gmake[6]: Entering directory '/micro_ros_ws/firmware/mcu_ws/build/libyaml_vendor'
[12.212s] cd /micro_ros_ws/firmware/mcu_ws/build/libyaml_vendor && /usr/bin/cmake -E cmake_depends "Unix Makefiles" /micro_ros_ws/firmware/mcu_ws/ros2/libyaml_vendor /micro_ros_ws/firmware/mcu_ws/ros2/libyaml_vendor /micro_ros_ws/firmware/mcu_ws/build/libyaml_vendor /micro_ros_ws/firmware/mcu_ws/build/libyaml_vendor /micro_ros_ws/firmware/mcu_ws/build/libyaml_vendor/CMakeFiles/libyaml-0.2.5.dir/DependInfo.cmake --color=
[12.245s] gmake[6]: Leaving directory '/micro_ros_ws/firmware/mcu_ws/build/libyaml_vendor'
[12.247s] /usr/bin/gmake  -f CMakeFiles/libyaml-0.2.5.dir/build.make CMakeFiles/libyaml-0.2.5.dir/build
[12.265s] gmake[6]: Entering directory '/micro_ros_ws/firmware/mcu_ws/build/libyaml_vendor'
[12.265s] gmake[6]: Nothing to be done for 'CMakeFiles/libyaml-0.2.5.dir/build'.
[12.266s] gmake[6]: Leaving directory '/micro_ros_ws/firmware/mcu_ws/build/libyaml_vendor'
[12.300s] [100%] Built target libyaml-0.2.5
[12.301s] gmake[5]: Leaving directory '/micro_ros_ws/firmware/mcu_ws/build/libyaml_vendor'
[12.302s] /usr/bin/cmake -E cmake_progress_start /micro_ros_ws/firmware/mcu_ws/build/libyaml_vendor/CMakeFiles 0
[12.336s] gmake[4]: Leaving directory '/micro_ros_ws/firmware/mcu_ws/build/libyaml_vendor'
[12.340s] Invoked command in '/micro_ros_ws/firmware/mcu_ws/build/libyaml_vendor' returned '0': CMAKE_PREFIX_PATH=${CMAKE_PREFIX_PATH}:/micro_ros_ws/firmware/dev_ws/install/ament_uncrustify:/micro_ros_ws/firmware/dev_ws/install/domain_coordinator:/micro_ros_ws/firmware/dev_ws/install/ament_xmllint:/micro_ros_ws/firmware/dev_ws/install/ament_pyflakes:/micro_ros_ws/firmware/dev_ws/install/ament_pycodestyle:/micro_ros_ws/firmware/dev_ws/install/ament_pep257:/micro_ros_ws/firmware/dev_ws/install/ament_pclint:/micro_ros_ws/firmware/dev_ws/install/ament_package:/micro_ros_ws/firmware/dev_ws/install/ament_mypy:/micro_ros_ws/firmware/dev_ws/install/ament_lint_cmake:/micro_ros_ws/firmware/dev_ws/install/ament_flake8:/micro_ros_ws/firmware/dev_ws/install/ament_copyright:/micro_ros_ws/firmware/dev_ws/install/ament_lint:/micro_ros_ws/firmware/dev_ws/install/ament_index_python:/micro_ros_ws/firmware/dev_ws/install/ament_cpplint:/micro_ros_ws/firmware/dev_ws/install/ament_cppcheck:/micro_ros_ws/firmware/dev_ws/install/ament_clang_tidy:/micro_ros_ws/firmware/dev_ws/install/ament_clang_format /usr/bin/cmake --build /micro_ros_ws/firmware/mcu_ws/build/libyaml_vendor -- -j12 -l12
[12.344s] Invoking command in '/micro_ros_ws/firmware/mcu_ws/build/libyaml_vendor': CMAKE_PREFIX_PATH=${CMAKE_PREFIX_PATH}:/micro_ros_ws/firmware/dev_ws/install/ament_uncrustify:/micro_ros_ws/firmware/dev_ws/install/domain_coordinator:/micro_ros_ws/firmware/dev_ws/install/ament_xmllint:/micro_ros_ws/firmware/dev_ws/install/ament_pyflakes:/micro_ros_ws/firmware/dev_ws/install/ament_pycodestyle:/micro_ros_ws/firmware/dev_ws/install/ament_pep257:/micro_ros_ws/firmware/dev_ws/install/ament_pclint:/micro_ros_ws/firmware/dev_ws/install/ament_package:/micro_ros_ws/firmware/dev_ws/install/ament_mypy:/micro_ros_ws/firmware/dev_ws/install/ament_lint_cmake:/micro_ros_ws/firmware/dev_ws/install/ament_flake8:/micro_ros_ws/firmware/dev_ws/install/ament_copyright:/micro_ros_ws/firmware/dev_ws/install/ament_lint:/micro_ros_ws/firmware/dev_ws/install/ament_index_python:/micro_ros_ws/firmware/dev_ws/install/ament_cpplint:/micro_ros_ws/firmware/dev_ws/install/ament_cppcheck:/micro_ros_ws/firmware/dev_ws/install/ament_clang_tidy:/micro_ros_ws/firmware/dev_ws/install/ament_clang_format /usr/bin/cmake --install /micro_ros_ws/firmware/mcu_ws/build/libyaml_vendor
[12.376s] -- Install configuration: "Debug"
[12.378s] -- Up-to-date: /micro_ros_ws/firmware/mcu_ws/install
[12.380s] -- Up-to-date: /micro_ros_ws/firmware/mcu_ws/install/cmake
[12.385s] -- Up-to-date: /micro_ros_ws/firmware/mcu_ws/install/cmake/yamlConfig.cmake
[12.389s] -- Up-to-date: /micro_ros_ws/firmware/mcu_ws/install/cmake/yamlConfigVersion.cmake
[12.392s] -- Up-to-date: /micro_ros_ws/firmware/mcu_ws/install/cmake/yamlTargets-debug.cmake
[12.395s] -- Up-to-date: /micro_ros_ws/firmware/mcu_ws/install/cmake/yamlTargets.cmake
[12.397s] -- Up-to-date: /micro_ros_ws/firmware/mcu_ws/install/include
[12.401s] -- Up-to-date: /micro_ros_ws/firmware/mcu_ws/install/include/libyaml_vendor
[12.406s] -- Up-to-date: /micro_ros_ws/firmware/mcu_ws/install/include/libyaml_vendor/yaml.h
[12.408s] -- Up-to-date: /micro_ros_ws/firmware/mcu_ws/install/lib
[12.413s] -- Up-to-date: /micro_ros_ws/firmware/mcu_ws/install/lib/libyaml.a
[12.419s] -- Up-to-date: /micro_ros_ws/firmware/mcu_ws/install/share/libyaml_vendor/environment/library_path.sh
[12.422s] -- Installing: /micro_ros_ws/firmware/mcu_ws/install/share/libyaml_vendor/environment/library_path.dsv
[12.436s] -- Up-to-date: /micro_ros_ws/firmware/mcu_ws/install/share/ament_index/resource_index/package_run_dependencies/libyaml_vendor
[12.441s] -- Up-to-date: /micro_ros_ws/firmware/mcu_ws/install/share/ament_index/resource_index/parent_prefix_path/libyaml_vendor
[12.446s] -- Up-to-date: /micro_ros_ws/firmware/mcu_ws/install/share/libyaml_vendor/environment/ament_prefix_path.sh
[12.449s] -- Installing: /micro_ros_ws/firmware/mcu_ws/install/share/libyaml_vendor/environment/ament_prefix_path.dsv
[12.471s] -- Up-to-date: /micro_ros_ws/firmware/mcu_ws/install/share/libyaml_vendor/environment/path.sh
[12.476s] -- Installing: /micro_ros_ws/firmware/mcu_ws/install/share/libyaml_vendor/environment/path.dsv
[12.488s] -- Up-to-date: /micro_ros_ws/firmware/mcu_ws/install/share/libyaml_vendor/local_setup.bash
[12.491s] -- Up-to-date: /micro_ros_ws/firmware/mcu_ws/install/share/libyaml_vendor/local_setup.sh
[12.495s] -- Up-to-date: /micro_ros_ws/firmware/mcu_ws/install/share/libyaml_vendor/local_setup.zsh
[12.498s] -- Installing: /micro_ros_ws/firmware/mcu_ws/install/share/libyaml_vendor/local_setup.dsv
[12.510s] -- Installing: /micro_ros_ws/firmware/mcu_ws/install/share/libyaml_vendor/package.dsv
[12.522s] -- Up-to-date: /micro_ros_ws/firmware/mcu_ws/install/share/ament_index/resource_index/packages/libyaml_vendor
[12.525s] -- Up-to-date: /micro_ros_ws/firmware/mcu_ws/install/share/libyaml_vendor/cmake/libyaml_vendor-extras.cmake
[12.530s] -- Up-to-date: /micro_ros_ws/firmware/mcu_ws/install/share/libyaml_vendor/cmake/ament_cmake_export_libraries-extras.cmake
[12.533s] -- Up-to-date: /micro_ros_ws/firmware/mcu_ws/install/share/libyaml_vendor/cmake/ament_cmake_export_dependencies-extras.cmake
[12.537s] -- Up-to-date: /micro_ros_ws/firmware/mcu_ws/install/share/libyaml_vendor/cmake/libyaml_vendorConfig.cmake
[12.540s] -- Up-to-date: /micro_ros_ws/firmware/mcu_ws/install/share/libyaml_vendor/cmake/libyaml_vendorConfig-version.cmake
[12.545s] -- Up-to-date: /micro_ros_ws/firmware/mcu_ws/install/share/libyaml_vendor/package.xml
[12.553s] Invoked command in '/micro_ros_ws/firmware/mcu_ws/build/libyaml_vendor' returned '0': CMAKE_PREFIX_PATH=${CMAKE_PREFIX_PATH}:/micro_ros_ws/firmware/dev_ws/install/ament_uncrustify:/micro_ros_ws/firmware/dev_ws/install/domain_coordinator:/micro_ros_ws/firmware/dev_ws/install/ament_xmllint:/micro_ros_ws/firmware/dev_ws/install/ament_pyflakes:/micro_ros_ws/firmware/dev_ws/install/ament_pycodestyle:/micro_ros_ws/firmware/dev_ws/install/ament_pep257:/micro_ros_ws/firmware/dev_ws/install/ament_pclint:/micro_ros_ws/firmware/dev_ws/install/ament_package:/micro_ros_ws/firmware/dev_ws/install/ament_mypy:/micro_ros_ws/firmware/dev_ws/install/ament_lint_cmake:/micro_ros_ws/firmware/dev_ws/install/ament_flake8:/micro_ros_ws/firmware/dev_ws/install/ament_copyright:/micro_ros_ws/firmware/dev_ws/install/ament_lint:/micro_ros_ws/firmware/dev_ws/install/ament_index_python:/micro_ros_ws/firmware/dev_ws/install/ament_cpplint:/micro_ros_ws/firmware/dev_ws/install/ament_cppcheck:/micro_ros_ws/firmware/dev_ws/install/ament_clang_tidy:/micro_ros_ws/firmware/dev_ws/install/ament_clang_format /usr/bin/cmake --install /micro_ros_ws/firmware/mcu_ws/build/libyaml_vendor
