[8.170s] Invoking command in '/micro_ros_ws/firmware/mcu_ws/uros/tracetools/tracetools_read': PYTHONPATH=/micro_ros_ws/firmware/mcu_ws/build/tracetools_read/prefix_override:/micro_ros_ws/firmware/toolchain/espressif/python_env/idf4.1_py3.10_env/lib/python3.10/site-packages/colcon_core/task/python/colcon_distutils_commands:/micro_ros_ws/firmware/mcu_ws/install/lib/python3.10/site-packages:${PYTHONPATH} /micro_ros_ws/firmware/toolchain/espressif/python_env/idf4.1_py3.10_env/bin/python -W ignore:setup.py install is deprecated -W ignore:easy_install command is deprecated setup.py egg_info --egg-base ../../../build/tracetools_read build --build-base /micro_ros_ws/firmware/mcu_ws/build/tracetools_read/build install --record /micro_ros_ws/firmware/mcu_ws/build/tracetools_read/install.log --single-version-externally-managed install_data
[9.164s] /micro_ros_ws/firmware/toolchain/espressif/python_env/idf4.1_py3.10_env/lib/python3.10/site-packages/setuptools/_distutils/dist.py:289: UserWarning: Unknown distribution option: 'tests_require'
[9.164s]   warnings.warn(msg)
[9.705s] running egg_info
[9.787s] writing ../../../build/tracetools_read/tracetools_read.egg-info/PKG-INFO
[9.787s] writing dependency_links to ../../../build/tracetools_read/tracetools_read.egg-info/dependency_links.txt
[9.788s] writing requirements to ../../../build/tracetools_read/tracetools_read.egg-info/requires.txt
[9.788s] writing top-level names to ../../../build/tracetools_read/tracetools_read.egg-info/top_level.txt
[9.854s] reading manifest file '../../../build/tracetools_read/tracetools_read.egg-info/SOURCES.txt'
[9.866s] writing manifest file '../../../build/tracetools_read/tracetools_read.egg-info/SOURCES.txt'
[9.868s] running build
[9.869s] running build_py
[9.870s] copying tracetools_read/trace.py -> /micro_ros_ws/firmware/mcu_ws/build/tracetools_read/build/lib/tracetools_read
[9.876s] copying tracetools_read/__init__.py -> /micro_ros_ws/firmware/mcu_ws/build/tracetools_read/build/lib/tracetools_read
[9.884s] running install
[9.886s] running install_lib
[9.954s] running install_data
[9.955s] copying package.xml -> /micro_ros_ws/firmware/mcu_ws/install/share/tracetools_read
[9.959s] copying resource/tracetools_read -> /micro_ros_ws/firmware/mcu_ws/install/share/ament_index/resource_index/packages
[9.960s] running install_egg_info
[10.011s] removing '/micro_ros_ws/firmware/mcu_ws/install/lib/python3.10/site-packages/tracetools_read-4.1.1-py3.10.egg-info' (and everything under it)
[10.015s] Copying ../../../build/tracetools_read/tracetools_read.egg-info to /micro_ros_ws/firmware/mcu_ws/install/lib/python3.10/site-packages/tracetools_read-4.1.1-py3.10.egg-info
[10.032s] running install_scripts
[10.440s] writing list of installed files to '/micro_ros_ws/firmware/mcu_ws/build/tracetools_read/install.log'
[10.465s] Invoked command in '/micro_ros_ws/firmware/mcu_ws/uros/tracetools/tracetools_read' returned '0': PYTHONPATH=/micro_ros_ws/firmware/mcu_ws/build/tracetools_read/prefix_override:/micro_ros_ws/firmware/toolchain/espressif/python_env/idf4.1_py3.10_env/lib/python3.10/site-packages/colcon_core/task/python/colcon_distutils_commands:/micro_ros_ws/firmware/mcu_ws/install/lib/python3.10/site-packages:${PYTHONPATH} /micro_ros_ws/firmware/toolchain/espressif/python_env/idf4.1_py3.10_env/bin/python -W ignore:setup.py install is deprecated -W ignore:easy_install command is deprecated setup.py egg_info --egg-base ../../../build/tracetools_read build --build-base /micro_ros_ws/firmware/mcu_ws/build/tracetools_read/build install --record /micro_ros_ws/firmware/mcu_ws/build/tracetools_read/install.log --single-version-externally-managed install_data
