[0.622s] Invoking command in '/micro_ros_ws/firmware/mcu_ws/build/tracetools': CMAKE_PREFIX_PATH=${CMAKE_PREFIX_PATH}:/micro_ros_ws/firmware/dev_ws/install/ament_uncrustify:/micro_ros_ws/firmware/dev_ws/install/domain_coordinator:/micro_ros_ws/firmware/dev_ws/install/ament_xmllint:/micro_ros_ws/firmware/dev_ws/install/ament_pyflakes:/micro_ros_ws/firmware/dev_ws/install/ament_pycodestyle:/micro_ros_ws/firmware/dev_ws/install/ament_pep257:/micro_ros_ws/firmware/dev_ws/install/ament_pclint:/micro_ros_ws/firmware/dev_ws/install/ament_package:/micro_ros_ws/firmware/dev_ws/install/ament_mypy:/micro_ros_ws/firmware/dev_ws/install/ament_lint_cmake:/micro_ros_ws/firmware/dev_ws/install/ament_flake8:/micro_ros_ws/firmware/dev_ws/install/ament_copyright:/micro_ros_ws/firmware/dev_ws/install/ament_lint:/micro_ros_ws/firmware/dev_ws/install/ament_index_python:/micro_ros_ws/firmware/dev_ws/install/ament_cpplint:/micro_ros_ws/firmware/dev_ws/install/ament_cppcheck:/micro_ros_ws/firmware/dev_ws/install/ament_clang_tidy:/micro_ros_ws/firmware/dev_ws/install/ament_clang_format /usr/bin/cmake --build /micro_ros_ws/firmware/mcu_ws/build/tracetools -- -j12 -l12
[2.117s] gmake[4]: Entering directory '/micro_ros_ws/firmware/mcu_ws/build/tracetools'
[2.118s] /usr/bin/cmake -S/micro_ros_ws/firmware/mcu_ws/uros/tracetools/tracetools -B/micro_ros_ws/firmware/mcu_ws/build/tracetools --check-build-system CMakeFiles/Makefile.cmake 0
[2.119s] Re-run cmake file: Makefile older than: /micro_ros_ws/firmware/freertos_apps/microros_esp32_extensions/esp32_toolchain.cmake
[2.120s] -- Found ament_cmake_ros: 0.10.0 (/micro_ros_ws/firmware/dev_ws/install/ament_cmake_ros/share/ament_cmake_ros/cmake)
[2.121s] -- Configuring done
[2.121s] -- Generating done
[2.122s] -- Build files have been written to: /micro_ros_ws/firmware/mcu_ws/build/tracetools
[2.123s] /usr/bin/cmake -E cmake_progress_start /micro_ros_ws/firmware/mcu_ws/build/tracetools/CMakeFiles /micro_ros_ws/firmware/mcu_ws/build/tracetools//CMakeFiles/progress.marks
[2.124s] /usr/bin/gmake  -f CMakeFiles/Makefile2 all
[2.125s] gmake[5]: Entering directory '/micro_ros_ws/firmware/mcu_ws/build/tracetools'
[2.126s] gmake[5]: Nothing to be done for 'all'.
[2.127s] gmake[5]: Leaving directory '/micro_ros_ws/firmware/mcu_ws/build/tracetools'
[2.128s] /usr/bin/cmake -E cmake_progress_start /micro_ros_ws/firmware/mcu_ws/build/tracetools/CMakeFiles 0
[2.129s] gmake[4]: Leaving directory '/micro_ros_ws/firmware/mcu_ws/build/tracetools'
[2.151s] Invoked command in '/micro_ros_ws/firmware/mcu_ws/build/tracetools' returned '0': CMAKE_PREFIX_PATH=${CMAKE_PREFIX_PATH}:/micro_ros_ws/firmware/dev_ws/install/ament_uncrustify:/micro_ros_ws/firmware/dev_ws/install/domain_coordinator:/micro_ros_ws/firmware/dev_ws/install/ament_xmllint:/micro_ros_ws/firmware/dev_ws/install/ament_pyflakes:/micro_ros_ws/firmware/dev_ws/install/ament_pycodestyle:/micro_ros_ws/firmware/dev_ws/install/ament_pep257:/micro_ros_ws/firmware/dev_ws/install/ament_pclint:/micro_ros_ws/firmware/dev_ws/install/ament_package:/micro_ros_ws/firmware/dev_ws/install/ament_mypy:/micro_ros_ws/firmware/dev_ws/install/ament_lint_cmake:/micro_ros_ws/firmware/dev_ws/install/ament_flake8:/micro_ros_ws/firmware/dev_ws/install/ament_copyright:/micro_ros_ws/firmware/dev_ws/install/ament_lint:/micro_ros_ws/firmware/dev_ws/install/ament_index_python:/micro_ros_ws/firmware/dev_ws/install/ament_cpplint:/micro_ros_ws/firmware/dev_ws/install/ament_cppcheck:/micro_ros_ws/firmware/dev_ws/install/ament_clang_tidy:/micro_ros_ws/firmware/dev_ws/install/ament_clang_format /usr/bin/cmake --build /micro_ros_ws/firmware/mcu_ws/build/tracetools -- -j12 -l12
[2.156s] Invoking command in '/micro_ros_ws/firmware/mcu_ws/build/tracetools': CMAKE_PREFIX_PATH=${CMAKE_PREFIX_PATH}:/micro_ros_ws/firmware/dev_ws/install/ament_uncrustify:/micro_ros_ws/firmware/dev_ws/install/domain_coordinator:/micro_ros_ws/firmware/dev_ws/install/ament_xmllint:/micro_ros_ws/firmware/dev_ws/install/ament_pyflakes:/micro_ros_ws/firmware/dev_ws/install/ament_pycodestyle:/micro_ros_ws/firmware/dev_ws/install/ament_pep257:/micro_ros_ws/firmware/dev_ws/install/ament_pclint:/micro_ros_ws/firmware/dev_ws/install/ament_package:/micro_ros_ws/firmware/dev_ws/install/ament_mypy:/micro_ros_ws/firmware/dev_ws/install/ament_lint_cmake:/micro_ros_ws/firmware/dev_ws/install/ament_flake8:/micro_ros_ws/firmware/dev_ws/install/ament_copyright:/micro_ros_ws/firmware/dev_ws/install/ament_lint:/micro_ros_ws/firmware/dev_ws/install/ament_index_python:/micro_ros_ws/firmware/dev_ws/install/ament_cpplint:/micro_ros_ws/firmware/dev_ws/install/ament_cppcheck:/micro_ros_ws/firmware/dev_ws/install/ament_clang_tidy:/micro_ros_ws/firmware/dev_ws/install/ament_clang_format /usr/bin/cmake --install /micro_ros_ws/firmware/mcu_ws/build/tracetools
[2.186s] -- Install configuration: "Debug"
[2.187s] -- Up-to-date: /micro_ros_ws/firmware/mcu_ws/install/include/tracetools
[2.190s] -- Up-to-date: /micro_ros_ws/firmware/mcu_ws/install/include/tracetools/tracetools
[2.196s] -- Up-to-date: /micro_ros_ws/firmware/mcu_ws/install/include/tracetools/tracetools/config.h
[2.203s] -- Up-to-date: /micro_ros_ws/firmware/mcu_ws/install/include/tracetools/tracetools/tracetools.h
[2.213s] -- Up-to-date: /micro_ros_ws/firmware/mcu_ws/install/include/tracetools/tracetools/utils.hpp
[2.217s] -- Up-to-date: /micro_ros_ws/firmware/mcu_ws/install/include/tracetools/tracetools/visibility_control.hpp
[2.220s] -- Up-to-date: /micro_ros_ws/firmware/mcu_ws/install/share/ament_index/resource_index/package_run_dependencies/tracetools
[2.224s] -- Up-to-date: /micro_ros_ws/firmware/mcu_ws/install/share/ament_index/resource_index/parent_prefix_path/tracetools
[2.228s] -- Up-to-date: /micro_ros_ws/firmware/mcu_ws/install/share/tracetools/environment/ament_prefix_path.sh
[2.231s] -- Installing: /micro_ros_ws/firmware/mcu_ws/install/share/tracetools/environment/ament_prefix_path.dsv
[2.238s] -- Up-to-date: /micro_ros_ws/firmware/mcu_ws/install/share/tracetools/environment/path.sh
[2.240s] -- Installing: /micro_ros_ws/firmware/mcu_ws/install/share/tracetools/environment/path.dsv
[2.245s] -- Up-to-date: /micro_ros_ws/firmware/mcu_ws/install/share/tracetools/local_setup.bash
[2.246s] -- Up-to-date: /micro_ros_ws/firmware/mcu_ws/install/share/tracetools/local_setup.sh
[2.250s] -- Up-to-date: /micro_ros_ws/firmware/mcu_ws/install/share/tracetools/local_setup.zsh
[2.255s] -- Installing: /micro_ros_ws/firmware/mcu_ws/install/share/tracetools/local_setup.dsv
[2.271s] -- Installing: /micro_ros_ws/firmware/mcu_ws/install/share/tracetools/package.dsv
[2.292s] -- Up-to-date: /micro_ros_ws/firmware/mcu_ws/install/share/ament_index/resource_index/packages/tracetools
[2.309s] -- Up-to-date: /micro_ros_ws/firmware/mcu_ws/install/share/tracetools/cmake/tracetools_exportExport.cmake
[2.315s] -- Up-to-date: /micro_ros_ws/firmware/mcu_ws/install/share/tracetools/cmake/ament_cmake_export_targets-extras.cmake
[2.320s] -- Up-to-date: /micro_ros_ws/firmware/mcu_ws/install/share/tracetools/cmake/ament_cmake_export_include_directories-extras.cmake
[2.326s] -- Up-to-date: /micro_ros_ws/firmware/mcu_ws/install/share/tracetools/cmake/tracetoolsConfig.cmake
[2.331s] -- Up-to-date: /micro_ros_ws/firmware/mcu_ws/install/share/tracetools/cmake/tracetoolsConfig-version.cmake
[2.336s] -- Up-to-date: /micro_ros_ws/firmware/mcu_ws/install/share/tracetools/package.xml
[2.844s] Invoked command in '/micro_ros_ws/firmware/mcu_ws/build/tracetools' returned '0': CMAKE_PREFIX_PATH=${CMAKE_PREFIX_PATH}:/micro_ros_ws/firmware/dev_ws/install/ament_uncrustify:/micro_ros_ws/firmware/dev_ws/install/domain_coordinator:/micro_ros_ws/firmware/dev_ws/install/ament_xmllint:/micro_ros_ws/firmware/dev_ws/install/ament_pyflakes:/micro_ros_ws/firmware/dev_ws/install/ament_pycodestyle:/micro_ros_ws/firmware/dev_ws/install/ament_pep257:/micro_ros_ws/firmware/dev_ws/install/ament_pclint:/micro_ros_ws/firmware/dev_ws/install/ament_package:/micro_ros_ws/firmware/dev_ws/install/ament_mypy:/micro_ros_ws/firmware/dev_ws/install/ament_lint_cmake:/micro_ros_ws/firmware/dev_ws/install/ament_flake8:/micro_ros_ws/firmware/dev_ws/install/ament_copyright:/micro_ros_ws/firmware/dev_ws/install/ament_lint:/micro_ros_ws/firmware/dev_ws/install/ament_index_python:/micro_ros_ws/firmware/dev_ws/install/ament_cpplint:/micro_ros_ws/firmware/dev_ws/install/ament_cppcheck:/micro_ros_ws/firmware/dev_ws/install/ament_clang_tidy:/micro_ros_ws/firmware/dev_ws/install/ament_clang_format /usr/bin/cmake --install /micro_ros_ws/firmware/mcu_ws/build/tracetools
