[1.576s] Invoking command in '/micro_ros_ws/firmware/mcu_ws/build/microxrcedds_client': CMAKE_PREFIX_PATH=/micro_ros_ws/firmware/mcu_ws/install:${CMAKE_PREFIX_PATH} PATH=/micro_ros_ws/firmware/mcu_ws/install/bin:${PATH} PYTHONPATH=/micro_ros_ws/firmware/mcu_ws/install/lib/python3.10/site-packages:${PYTHONPATH} /usr/bin/cmake --build /micro_ros_ws/firmware/mcu_ws/build/microxrcedds_client -- -j12 -l12
[1.689s] gmake[4]: Entering directory '/micro_ros_ws/firmware/mcu_ws/build/microxrcedds_client'
[1.690s] /usr/bin/cmake -S/micro_ros_ws/firmware/mcu_ws/eProsima/Micro-XRCE-DDS-Client -B/micro_ros_ws/firmware/mcu_ws/build/microxrcedds_client --check-build-system CMakeFiles/Makefile.cmake 0
[1.750s] Re-run cmake file: Makefile older than: /micro_ros_ws/firmware/freertos_apps/microros_esp32_extensions/esp32_toolchain.cmake
[1.857s] -- Configuring done
[2.120s] -- Generating done
[2.176s] -- Build files have been written to: /micro_ros_ws/firmware/mcu_ws/build/microxrcedds_client
[2.177s] /usr/bin/cmake -E cmake_progress_start /micro_ros_ws/firmware/mcu_ws/build/microxrcedds_client/CMakeFiles /micro_ros_ws/firmware/mcu_ws/build/microxrcedds_client//CMakeFiles/progress.marks
[2.214s] /usr/bin/gmake  -f CMakeFiles/Makefile2 all
[2.223s] gmake[5]: Entering directory '/micro_ros_ws/firmware/mcu_ws/build/microxrcedds_client'
[2.224s] /usr/bin/gmake  -f CMakeFiles/microxrcedds_client.dir/build.make CMakeFiles/microxrcedds_client.dir/depend
[2.237s] gmake[6]: Entering directory '/micro_ros_ws/firmware/mcu_ws/build/microxrcedds_client'
[2.238s] cd /micro_ros_ws/firmware/mcu_ws/build/microxrcedds_client && /usr/bin/cmake -E cmake_depends "Unix Makefiles" /micro_ros_ws/firmware/mcu_ws/eProsima/Micro-XRCE-DDS-Client /micro_ros_ws/firmware/mcu_ws/eProsima/Micro-XRCE-DDS-Client /micro_ros_ws/firmware/mcu_ws/build/microxrcedds_client /micro_ros_ws/firmware/mcu_ws/build/microxrcedds_client /micro_ros_ws/firmware/mcu_ws/build/microxrcedds_client/CMakeFiles/microxrcedds_client.dir/DependInfo.cmake --color=
[2.289s] Dependencies file "CMakeFiles/microxrcedds_client.dir/src/c/core/serialization/xrce_header.c.obj.d" is newer than depends file "/micro_ros_ws/firmware/mcu_ws/build/microxrcedds_client/CMakeFiles/microxrcedds_client.dir/compiler_depend.internal".
[2.290s] Dependencies file "CMakeFiles/microxrcedds_client.dir/src/c/core/serialization/xrce_subheader.c.obj.d" is newer than depends file "/micro_ros_ws/firmware/mcu_ws/build/microxrcedds_client/CMakeFiles/microxrcedds_client.dir/compiler_depend.internal".
[2.292s] Dependencies file "CMakeFiles/microxrcedds_client.dir/src/c/core/serialization/xrce_types.c.obj.d" is newer than depends file "/micro_ros_ws/firmware/mcu_ws/build/microxrcedds_client/CMakeFiles/microxrcedds_client.dir/compiler_depend.internal".
[2.294s] Dependencies file "CMakeFiles/microxrcedds_client.dir/src/c/core/session/common_create_entities.c.obj.d" is newer than depends file "/micro_ros_ws/firmware/mcu_ws/build/microxrcedds_client/CMakeFiles/microxrcedds_client.dir/compiler_depend.internal".
[2.295s] Dependencies file "CMakeFiles/microxrcedds_client.dir/src/c/core/session/create_entities_bin.c.obj.d" is newer than depends file "/micro_ros_ws/firmware/mcu_ws/build/microxrcedds_client/CMakeFiles/microxrcedds_client.dir/compiler_depend.internal".
[2.297s] Dependencies file "CMakeFiles/microxrcedds_client.dir/src/c/core/session/create_entities_ref.c.obj.d" is newer than depends file "/micro_ros_ws/firmware/mcu_ws/build/microxrcedds_client/CMakeFiles/microxrcedds_client.dir/compiler_depend.internal".
[2.299s] Dependencies file "CMakeFiles/microxrcedds_client.dir/src/c/core/session/create_entities_xml.c.obj.d" is newer than depends file "/micro_ros_ws/firmware/mcu_ws/build/microxrcedds_client/CMakeFiles/microxrcedds_client.dir/compiler_depend.internal".
[2.300s] Dependencies file "CMakeFiles/microxrcedds_client.dir/src/c/core/session/object_id.c.obj.d" is newer than depends file "/micro_ros_ws/firmware/mcu_ws/build/microxrcedds_client/CMakeFiles/microxrcedds_client.dir/compiler_depend.internal".
[2.302s] Dependencies file "CMakeFiles/microxrcedds_client.dir/src/c/core/session/read_access.c.obj.d" is newer than depends file "/micro_ros_ws/firmware/mcu_ws/build/microxrcedds_client/CMakeFiles/microxrcedds_client.dir/compiler_depend.internal".
[2.304s] Dependencies file "CMakeFiles/microxrcedds_client.dir/src/c/core/session/session.c.obj.d" is newer than depends file "/micro_ros_ws/firmware/mcu_ws/build/microxrcedds_client/CMakeFiles/microxrcedds_client.dir/compiler_depend.internal".
[2.306s] Dependencies file "CMakeFiles/microxrcedds_client.dir/src/c/core/session/session_info.c.obj.d" is newer than depends file "/micro_ros_ws/firmware/mcu_ws/build/microxrcedds_client/CMakeFiles/microxrcedds_client.dir/compiler_depend.internal".
[2.308s] Dependencies file "CMakeFiles/microxrcedds_client.dir/src/c/core/session/stream/input_best_effort_stream.c.obj.d" is newer than depends file "/micro_ros_ws/firmware/mcu_ws/build/microxrcedds_client/CMakeFiles/microxrcedds_client.dir/compiler_depend.internal".
[2.310s] Dependencies file "CMakeFiles/microxrcedds_client.dir/src/c/core/session/stream/input_reliable_stream.c.obj.d" is newer than depends file "/micro_ros_ws/firmware/mcu_ws/build/microxrcedds_client/CMakeFiles/microxrcedds_client.dir/compiler_depend.internal".
[2.312s] Dependencies file "CMakeFiles/microxrcedds_client.dir/src/c/core/session/stream/output_best_effort_stream.c.obj.d" is newer than depends file "/micro_ros_ws/firmware/mcu_ws/build/microxrcedds_client/CMakeFiles/microxrcedds_client.dir/compiler_depend.internal".
[2.314s] Dependencies file "CMakeFiles/microxrcedds_client.dir/src/c/core/session/stream/output_reliable_stream.c.obj.d" is newer than depends file "/micro_ros_ws/firmware/mcu_ws/build/microxrcedds_client/CMakeFiles/microxrcedds_client.dir/compiler_depend.internal".
[2.316s] Dependencies file "CMakeFiles/microxrcedds_client.dir/src/c/core/session/stream/seq_num.c.obj.d" is newer than depends file "/micro_ros_ws/firmware/mcu_ws/build/microxrcedds_client/CMakeFiles/microxrcedds_client.dir/compiler_depend.internal".
[2.318s] Dependencies file "CMakeFiles/microxrcedds_client.dir/src/c/core/session/stream/stream_id.c.obj.d" is newer than depends file "/micro_ros_ws/firmware/mcu_ws/build/microxrcedds_client/CMakeFiles/microxrcedds_client.dir/compiler_depend.internal".
[2.320s] Dependencies file "CMakeFiles/microxrcedds_client.dir/src/c/core/session/stream/stream_storage.c.obj.d" is newer than depends file "/micro_ros_ws/firmware/mcu_ws/build/microxrcedds_client/CMakeFiles/microxrcedds_client.dir/compiler_depend.internal".
[2.322s] Dependencies file "CMakeFiles/microxrcedds_client.dir/src/c/core/session/submessage.c.obj.d" is newer than depends file "/micro_ros_ws/firmware/mcu_ws/build/microxrcedds_client/CMakeFiles/microxrcedds_client.dir/compiler_depend.internal".
[2.324s] Dependencies file "CMakeFiles/microxrcedds_client.dir/src/c/core/session/write_access.c.obj.d" is newer than depends file "/micro_ros_ws/firmware/mcu_ws/build/microxrcedds_client/CMakeFiles/microxrcedds_client.dir/compiler_depend.internal".
[2.326s] Dependencies file "CMakeFiles/microxrcedds_client.dir/src/c/profile/transport/custom/custom_transport.c.obj.d" is newer than depends file "/micro_ros_ws/firmware/mcu_ws/build/microxrcedds_client/CMakeFiles/microxrcedds_client.dir/compiler_depend.internal".
[2.328s] Dependencies file "CMakeFiles/microxrcedds_client.dir/src/c/profile/transport/ip/ip_posix.c.obj.d" is newer than depends file "/micro_ros_ws/firmware/mcu_ws/build/microxrcedds_client/CMakeFiles/microxrcedds_client.dir/compiler_depend.internal".
[2.331s] Dependencies file "CMakeFiles/microxrcedds_client.dir/src/c/profile/transport/ip/udp/udp_transport.c.obj.d" is newer than depends file "/micro_ros_ws/firmware/mcu_ws/build/microxrcedds_client/CMakeFiles/microxrcedds_client.dir/compiler_depend.internal".
[2.333s] Dependencies file "CMakeFiles/microxrcedds_client.dir/src/c/profile/transport/ip/udp/udp_transport_posix_nopoll.c.obj.d" is newer than depends file "/micro_ros_ws/firmware/mcu_ws/build/microxrcedds_client/CMakeFiles/microxrcedds_client.dir/compiler_depend.internal".
[2.337s] Dependencies file "CMakeFiles/microxrcedds_client.dir/src/c/profile/transport/stream_framing/stream_framing_protocol.c.obj.d" is newer than depends file "/micro_ros_ws/firmware/mcu_ws/build/microxrcedds_client/CMakeFiles/microxrcedds_client.dir/compiler_depend.internal".
[2.342s] Dependencies file "CMakeFiles/microxrcedds_client.dir/src/c/util/ping.c.obj.d" is newer than depends file "/micro_ros_ws/firmware/mcu_ws/build/microxrcedds_client/CMakeFiles/microxrcedds_client.dir/compiler_depend.internal".
[2.347s] Dependencies file "CMakeFiles/microxrcedds_client.dir/src/c/util/time.c.obj.d" is newer than depends file "/micro_ros_ws/firmware/mcu_ws/build/microxrcedds_client/CMakeFiles/microxrcedds_client.dir/compiler_depend.internal".
[2.349s] [35m[1mConsolidate compiler generated dependencies of target microxrcedds_client[0m
[2.545s] gmake[6]: Leaving directory '/micro_ros_ws/firmware/mcu_ws/build/microxrcedds_client'
[2.548s] /usr/bin/gmake  -f CMakeFiles/microxrcedds_client.dir/build.make CMakeFiles/microxrcedds_client.dir/build
[2.720s] gmake[6]: Entering directory '/micro_ros_ws/firmware/mcu_ws/build/microxrcedds_client'
[2.720s] gmake[6]: Nothing to be done for 'CMakeFiles/microxrcedds_client.dir/build'.
[2.720s] gmake[6]: Leaving directory '/micro_ros_ws/firmware/mcu_ws/build/microxrcedds_client'
[2.782s] [100%] Built target microxrcedds_client
[2.783s] gmake[5]: Leaving directory '/micro_ros_ws/firmware/mcu_ws/build/microxrcedds_client'
[2.784s] /usr/bin/cmake -E cmake_progress_start /micro_ros_ws/firmware/mcu_ws/build/microxrcedds_client/CMakeFiles 0
[2.830s] gmake[4]: Leaving directory '/micro_ros_ws/firmware/mcu_ws/build/microxrcedds_client'
[2.833s] Invoked command in '/micro_ros_ws/firmware/mcu_ws/build/microxrcedds_client' returned '0': CMAKE_PREFIX_PATH=/micro_ros_ws/firmware/mcu_ws/install:${CMAKE_PREFIX_PATH} PATH=/micro_ros_ws/firmware/mcu_ws/install/bin:${PATH} PYTHONPATH=/micro_ros_ws/firmware/mcu_ws/install/lib/python3.10/site-packages:${PYTHONPATH} /usr/bin/cmake --build /micro_ros_ws/firmware/mcu_ws/build/microxrcedds_client -- -j12 -l12
[2.845s] Invoking command in '/micro_ros_ws/firmware/mcu_ws/build/microxrcedds_client': CMAKE_PREFIX_PATH=/micro_ros_ws/firmware/mcu_ws/install:${CMAKE_PREFIX_PATH} PATH=/micro_ros_ws/firmware/mcu_ws/install/bin:${PATH} PYTHONPATH=/micro_ros_ws/firmware/mcu_ws/install/lib/python3.10/site-packages:${PYTHONPATH} /usr/bin/cmake --install /micro_ros_ws/firmware/mcu_ws/build/microxrcedds_client
[2.872s] -- Install configuration: "Debug"
[2.874s] -- Up-to-date: /micro_ros_ws/firmware/mcu_ws/install/lib/libmicroxrcedds_client.a
[2.878s] -- Up-to-date: /micro_ros_ws/firmware/mcu_ws/install/include/uxr/client
[2.883s] -- Up-to-date: /micro_ros_ws/firmware/mcu_ws/install/include/uxr/client/client.h
[2.886s] -- Up-to-date: /micro_ros_ws/firmware/mcu_ws/install/include/uxr/client/core
[2.890s] -- Up-to-date: /micro_ros_ws/firmware/mcu_ws/install/include/uxr/client/core/communication
[2.896s] -- Up-to-date: /micro_ros_ws/firmware/mcu_ws/install/include/uxr/client/core/communication/communication.h
[2.900s] -- Up-to-date: /micro_ros_ws/firmware/mcu_ws/install/include/uxr/client/core/session
[2.905s] -- Up-to-date: /micro_ros_ws/firmware/mcu_ws/install/include/uxr/client/core/session/common_create_entities.h
[2.909s] -- Up-to-date: /micro_ros_ws/firmware/mcu_ws/install/include/uxr/client/core/session/create_entities_bin.h
[2.913s] -- Up-to-date: /micro_ros_ws/firmware/mcu_ws/install/include/uxr/client/core/session/create_entities_ref.h
[2.917s] -- Up-to-date: /micro_ros_ws/firmware/mcu_ws/install/include/uxr/client/core/session/create_entities_xml.h
[2.921s] -- Up-to-date: /micro_ros_ws/firmware/mcu_ws/install/include/uxr/client/core/session/object_id.h
[2.925s] -- Up-to-date: /micro_ros_ws/firmware/mcu_ws/install/include/uxr/client/core/session/read_access.h
[2.929s] -- Up-to-date: /micro_ros_ws/firmware/mcu_ws/install/include/uxr/client/core/session/session.h
[2.934s] -- Up-to-date: /micro_ros_ws/firmware/mcu_ws/install/include/uxr/client/core/session/session_info.h
[2.941s] -- Up-to-date: /micro_ros_ws/firmware/mcu_ws/install/include/uxr/client/core/session/stream
[2.951s] -- Up-to-date: /micro_ros_ws/firmware/mcu_ws/install/include/uxr/client/core/session/stream/input_best_effort_stream.h
[2.958s] -- Up-to-date: /micro_ros_ws/firmware/mcu_ws/install/include/uxr/client/core/session/stream/input_reliable_stream.h
[2.963s] -- Up-to-date: /micro_ros_ws/firmware/mcu_ws/install/include/uxr/client/core/session/stream/output_best_effort_stream.h
[2.969s] -- Up-to-date: /micro_ros_ws/firmware/mcu_ws/install/include/uxr/client/core/session/stream/output_reliable_stream.h
[2.973s] -- Up-to-date: /micro_ros_ws/firmware/mcu_ws/install/include/uxr/client/core/session/stream/reliable_stream.h
[2.978s] -- Up-to-date: /micro_ros_ws/firmware/mcu_ws/install/include/uxr/client/core/session/stream/seq_num.h
[2.983s] -- Up-to-date: /micro_ros_ws/firmware/mcu_ws/install/include/uxr/client/core/session/stream/stream_id.h
[2.988s] -- Up-to-date: /micro_ros_ws/firmware/mcu_ws/install/include/uxr/client/core/session/stream/stream_storage.h
[2.993s] -- Up-to-date: /micro_ros_ws/firmware/mcu_ws/install/include/uxr/client/core/session/time_sync.h
[2.996s] -- Up-to-date: /micro_ros_ws/firmware/mcu_ws/install/include/uxr/client/core/session/write_access.h
[3.000s] -- Up-to-date: /micro_ros_ws/firmware/mcu_ws/install/include/uxr/client/core/type
[3.005s] -- Up-to-date: /micro_ros_ws/firmware/mcu_ws/install/include/uxr/client/core/type/xrce_types.h
[3.008s] -- Up-to-date: /micro_ros_ws/firmware/mcu_ws/install/include/uxr/client/defines.h
[3.011s] -- Up-to-date: /micro_ros_ws/firmware/mcu_ws/install/include/uxr/client/profile
[3.016s] -- Up-to-date: /micro_ros_ws/firmware/mcu_ws/install/include/uxr/client/profile/discovery
[3.022s] -- Up-to-date: /micro_ros_ws/firmware/mcu_ws/install/include/uxr/client/profile/discovery/discovery.h
[3.025s] -- Up-to-date: /micro_ros_ws/firmware/mcu_ws/install/include/uxr/client/profile/multithread
[3.030s] -- Up-to-date: /micro_ros_ws/firmware/mcu_ws/install/include/uxr/client/profile/multithread/multithread.h
[3.034s] -- Up-to-date: /micro_ros_ws/firmware/mcu_ws/install/include/uxr/client/profile/transport
[3.040s] -- Up-to-date: /micro_ros_ws/firmware/mcu_ws/install/include/uxr/client/profile/transport/can
[3.047s] -- Up-to-date: /micro_ros_ws/firmware/mcu_ws/install/include/uxr/client/profile/transport/can/can_transport.h
[3.055s] -- Up-to-date: /micro_ros_ws/firmware/mcu_ws/install/include/uxr/client/profile/transport/can/can_transport_posix.h
[3.058s] -- Up-to-date: /micro_ros_ws/firmware/mcu_ws/install/include/uxr/client/profile/transport/custom
[3.064s] -- Up-to-date: /micro_ros_ws/firmware/mcu_ws/install/include/uxr/client/profile/transport/custom/custom_transport.h
[3.067s] -- Up-to-date: /micro_ros_ws/firmware/mcu_ws/install/include/uxr/client/profile/transport/ip
[3.072s] -- Up-to-date: /micro_ros_ws/firmware/mcu_ws/install/include/uxr/client/profile/transport/ip/ip.h
[3.076s] -- Up-to-date: /micro_ros_ws/firmware/mcu_ws/install/include/uxr/client/profile/transport/ip/tcp
[3.082s] -- Up-to-date: /micro_ros_ws/firmware/mcu_ws/install/include/uxr/client/profile/transport/ip/tcp/tcp_transport.h
[3.086s] -- Up-to-date: /micro_ros_ws/firmware/mcu_ws/install/include/uxr/client/profile/transport/ip/tcp/tcp_transport_freertos_plus_tcp.h
[3.091s] -- Up-to-date: /micro_ros_ws/firmware/mcu_ws/install/include/uxr/client/profile/transport/ip/tcp/tcp_transport_posix.h
[3.095s] -- Up-to-date: /micro_ros_ws/firmware/mcu_ws/install/include/uxr/client/profile/transport/ip/tcp/tcp_transport_posix_nopoll.h
[3.099s] -- Up-to-date: /micro_ros_ws/firmware/mcu_ws/install/include/uxr/client/profile/transport/ip/tcp/tcp_transport_rtems_bsd_net.h
[3.103s] -- Up-to-date: /micro_ros_ws/firmware/mcu_ws/install/include/uxr/client/profile/transport/ip/tcp/tcp_transport_windows.h
[3.107s] -- Up-to-date: /micro_ros_ws/firmware/mcu_ws/install/include/uxr/client/profile/transport/ip/udp
[3.112s] -- Up-to-date: /micro_ros_ws/firmware/mcu_ws/install/include/uxr/client/profile/transport/ip/udp/udp_transport.h
[3.116s] -- Up-to-date: /micro_ros_ws/firmware/mcu_ws/install/include/uxr/client/profile/transport/ip/udp/udp_transport_freertos_plus_tcp.h
[3.120s] -- Up-to-date: /micro_ros_ws/firmware/mcu_ws/install/include/uxr/client/profile/transport/ip/udp/udp_transport_posix.h
[3.124s] -- Up-to-date: /micro_ros_ws/firmware/mcu_ws/install/include/uxr/client/profile/transport/ip/udp/udp_transport_posix_nopoll.h
[3.128s] -- Up-to-date: /micro_ros_ws/firmware/mcu_ws/install/include/uxr/client/profile/transport/ip/udp/udp_transport_rtems_bsd_net.h
[3.132s] -- Up-to-date: /micro_ros_ws/firmware/mcu_ws/install/include/uxr/client/profile/transport/ip/udp/udp_transport_windows.h
[3.136s] -- Up-to-date: /micro_ros_ws/firmware/mcu_ws/install/include/uxr/client/profile/transport/serial
[3.141s] -- Up-to-date: /micro_ros_ws/firmware/mcu_ws/install/include/uxr/client/profile/transport/serial/serial_transport.h
[3.148s] -- Up-to-date: /micro_ros_ws/firmware/mcu_ws/install/include/uxr/client/profile/transport/serial/serial_transport_platform.h
[3.154s] -- Up-to-date: /micro_ros_ws/firmware/mcu_ws/install/include/uxr/client/profile/transport/serial/serial_transport_posix.h
[3.161s] -- Up-to-date: /micro_ros_ws/firmware/mcu_ws/install/include/uxr/client/profile/transport/serial/serial_transport_rtems_bsd_net.h
[3.168s] -- Up-to-date: /micro_ros_ws/firmware/mcu_ws/install/include/uxr/client/profile/transport/stream_framing
[3.176s] -- Up-to-date: /micro_ros_ws/firmware/mcu_ws/install/include/uxr/client/profile/transport/stream_framing/stream_framing_protocol.h
[3.181s] -- Up-to-date: /micro_ros_ws/firmware/mcu_ws/install/include/uxr/client/transport.h
[3.184s] -- Up-to-date: /micro_ros_ws/firmware/mcu_ws/install/include/uxr/client/util
[3.190s] -- Up-to-date: /micro_ros_ws/firmware/mcu_ws/install/include/uxr/client/util/ping.h
[3.193s] -- Up-to-date: /micro_ros_ws/firmware/mcu_ws/install/include/uxr/client/util/time.h
[3.196s] -- Up-to-date: /micro_ros_ws/firmware/mcu_ws/install/include/uxr/client/visibility.h
[3.201s] -- Up-to-date: /micro_ros_ws/firmware/mcu_ws/install/include/uxr/client/config.h
[3.207s] -- Up-to-date: /micro_ros_ws/firmware/mcu_ws/install/share/microxrcedds_client/cmake/microxrcedds_clientTargets.cmake
[3.212s] -- Up-to-date: /micro_ros_ws/firmware/mcu_ws/install/share/microxrcedds_client/cmake/microxrcedds_clientTargets-debug.cmake
[3.219s] -- Up-to-date: /micro_ros_ws/firmware/mcu_ws/install/share/microxrcedds_client/cmake/microxrcedds_clientConfig.cmake
[3.220s] -- Up-to-date: /micro_ros_ws/firmware/mcu_ws/install/share/microxrcedds_client/cmake/microxrcedds_clientConfigVersion.cmake
[3.369s] Invoked command in '/micro_ros_ws/firmware/mcu_ws/build/microxrcedds_client' returned '0': CMAKE_PREFIX_PATH=/micro_ros_ws/firmware/mcu_ws/install:${CMAKE_PREFIX_PATH} PATH=/micro_ros_ws/firmware/mcu_ws/install/bin:${PATH} PYTHONPATH=/micro_ros_ws/firmware/mcu_ws/install/lib/python3.10/site-packages:${PYTHONPATH} /usr/bin/cmake --install /micro_ros_ws/firmware/mcu_ws/build/microxrcedds_client
