[1.643s] Invoking command in '/micro_ros_ws/firmware/mcu_ws/build/stereo_msgs': AMENT_PREFIX_PATH=/micro_ros_ws/firmware/mcu_ws/install:${AMENT_PREFIX_PATH} CMAKE_PREFIX_PATH=/micro_ros_ws/firmware/mcu_ws/install:/micro_ros_ws/firmware/dev_ws/install/ament_lint_common:/micro_ros_ws/firmware/dev_ws/install/ament_cmake_uncrustify:/micro_ros_ws/firmware/dev_ws/install/uncrustify_vendor:/micro_ros_ws/firmware/dev_ws/install/ament_cmake_ros:/micro_ros_ws/firmware/dev_ws/install/ament_cmake_auto:/micro_ros_ws/firmware/dev_ws/install/ament_cmake_gmock:/micro_ros_ws/firmware/dev_ws/install/gmock_vendor:/micro_ros_ws/firmware/dev_ws/install/ament_cmake_gtest:/micro_ros_ws/firmware/dev_ws/install/gtest_vendor:/micro_ros_ws/firmware/dev_ws/install/ament_cmake_xmllint:/micro_ros_ws/firmware/dev_ws/install/ament_cmake_pyflakes:/micro_ros_ws/firmware/dev_ws/install/ament_cmake_pycodestyle:/micro_ros_ws/firmware/dev_ws/install/ament_cmake_pep257:/micro_ros_ws/firmware/dev_ws/install/ament_cmake_pclint:/micro_ros_ws/firmware/dev_ws/install/ament_lint_auto:/micro_ros_ws/firmware/dev_ws/install/ament_cmake:/micro_ros_ws/firmware/dev_ws/install/ament_cmake_version:/micro_ros_ws/firmware/dev_ws/install/ament_cmake_vendor_package:/micro_ros_ws/firmware/dev_ws/install/ament_cmake_pytest:/micro_ros_ws/firmware/dev_ws/install/ament_cmake_nose:/micro_ros_ws/firmware/dev_ws/install/ament_cmake_mypy:/micro_ros_ws/firmware/dev_ws/install/ament_cmake_lint_cmake:/micro_ros_ws/firmware/dev_ws/install/ament_cmake_google_benchmark:/micro_ros_ws/firmware/dev_ws/install/ament_cmake_flake8:/micro_ros_ws/firmware/dev_ws/install/ament_cmake_cpplint:/micro_ros_ws/firmware/dev_ws/install/ament_cmake_cppcheck:/micro_ros_ws/firmware/dev_ws/install/ament_cmake_copyright:/micro_ros_ws/firmware/dev_ws/install/ament_cmake_clang_tidy:/micro_ros_ws/firmware/dev_ws/install/ament_cmake_clang_format:/micro_ros_ws/firmware/dev_ws/install/ament_cmake_test:/micro_ros_ws/firmware/dev_ws/install/ament_cmake_target_dependencies:/micro_ros_ws/firmware/dev_ws/install/ament_cmake_python:/micro_ros_ws/firmware/dev_ws/install/ament_cmake_export_dependencies:/micro_ros_ws/firmware/dev_ws/install/ament_cmake_libraries:/micro_ros_ws/firmware/dev_ws/install/ament_cmake_include_directories:/micro_ros_ws/firmware/dev_ws/install/ament_cmake_gen_version_h:/micro_ros_ws/firmware/dev_ws/install/ament_cmake_export_targets:/micro_ros_ws/firmware/dev_ws/install/ament_cmake_export_link_flags:/micro_ros_ws/firmware/dev_ws/install/ament_cmake_export_interfaces:/micro_ros_ws/firmware/dev_ws/install/ament_cmake_export_libraries:/micro_ros_ws/firmware/dev_ws/install/ament_cmake_export_include_directories:/micro_ros_ws/firmware/dev_ws/install/ament_cmake_export_definitions:/micro_ros_ws/firmware/dev_ws/install/ament_cmake_core:/micro_ros_ws/firmware/dev_ws/install/ament_index_cpp:/micro_ros_ws/firmware/dev_ws/install/ament_uncrustify:/micro_ros_ws/firmware/dev_ws/install/domain_coordinator:/micro_ros_ws/firmware/dev_ws/install/ament_xmllint:/micro_ros_ws/firmware/dev_ws/install/ament_pyflakes:/micro_ros_ws/firmware/dev_ws/install/ament_pycodestyle:/micro_ros_ws/firmware/dev_ws/install/ament_pep257:/micro_ros_ws/firmware/dev_ws/install/ament_pclint:/micro_ros_ws/firmware/dev_ws/install/ament_package:/micro_ros_ws/firmware/dev_ws/install/ament_mypy:/micro_ros_ws/firmware/dev_ws/install/ament_lint_cmake:/micro_ros_ws/firmware/dev_ws/install/ament_flake8:/micro_ros_ws/firmware/dev_ws/install/ament_copyright:/micro_ros_ws/firmware/dev_ws/install/ament_lint:/micro_ros_ws/firmware/dev_ws/install/ament_index_python:/micro_ros_ws/firmware/dev_ws/install/ament_cpplint:/micro_ros_ws/firmware/dev_ws/install/ament_cppcheck:/micro_ros_ws/firmware/dev_ws/install/ament_clang_tidy:/micro_ros_ws/firmware/dev_ws/install/ament_clang_format LD_LIBRARY_PATH=/micro_ros_ws/firmware/mcu_ws/install/lib:${LD_LIBRARY_PATH} PATH=/micro_ros_ws/firmware/mcu_ws/install/bin:${PATH} PYTHONPATH=/micro_ros_ws/firmware/mcu_ws/install/lib/python3.10/site-packages:${PYTHONPATH} /usr/bin/cmake --build /micro_ros_ws/firmware/mcu_ws/build/stereo_msgs -- -j12 -l12
[1.771s] gmake[4]: Entering directory '/micro_ros_ws/firmware/mcu_ws/build/stereo_msgs'
[1.772s] /usr/bin/cmake -S/micro_ros_ws/firmware/mcu_ws/ros2/common_interfaces/stereo_msgs -B/micro_ros_ws/firmware/mcu_ws/build/stereo_msgs --check-build-system CMakeFiles/Makefile.cmake 0
[2.052s] Re-run cmake file: Makefile older than: /micro_ros_ws/firmware/freertos_apps/microros_esp32_extensions/esp32_toolchain.cmake
[2.155s] -- Found ament_cmake: 1.3.14 (/micro_ros_ws/firmware/dev_ws/install/ament_cmake/share/ament_cmake/cmake)
[4.831s] -- Found rosidl_default_generators: 1.2.1 (/micro_ros_ws/firmware/mcu_ws/install/share/rosidl_default_generators/cmake)
[5.000s] -- Using all available rosidl_typesupport_c: rosidl_typesupport_introspection_c;rosidl_typesupport_microxrcedds_c
[5.059s] -- Found rosidl_adapter: 3.1.8 (/micro_ros_ws/firmware/mcu_ws/install/share/rosidl_adapter/cmake)
[5.822s] -- Found sensor_msgs: 4.9.1 (/micro_ros_ws/firmware/mcu_ws/install/share/sensor_msgs/cmake)
[8.257s] -- Found ament_cmake_ros: 0.10.0 (/micro_ros_ws/firmware/dev_ws/install/ament_cmake_ros/share/ament_cmake_ros/cmake)
[8.903s] -- Using all available rosidl_typesupport_c: rosidl_typesupport_introspection_c;rosidl_typesupport_microxrcedds_c
[8.967s] -- Configuring done
[9.116s] -- Generating done
[9.147s] -- Build files have been written to: /micro_ros_ws/firmware/mcu_ws/build/stereo_msgs
[9.151s] /usr/bin/cmake -E cmake_progress_start /micro_ros_ws/firmware/mcu_ws/build/stereo_msgs/CMakeFiles /micro_ros_ws/firmware/mcu_ws/build/stereo_msgs//CMakeFiles/progress.marks
[9.169s] /usr/bin/gmake  -f CMakeFiles/Makefile2 all
[9.173s] gmake[5]: Entering directory '/micro_ros_ws/firmware/mcu_ws/build/stereo_msgs'
[9.173s] /usr/bin/gmake  -f CMakeFiles/stereo_msgs__rosidl_generator_c.dir/build.make CMakeFiles/stereo_msgs__rosidl_generator_c.dir/depend
[9.191s] gmake[6]: Entering directory '/micro_ros_ws/firmware/mcu_ws/build/stereo_msgs'
[9.191s] cd /micro_ros_ws/firmware/mcu_ws/build/stereo_msgs && /usr/bin/cmake -E cmake_depends "Unix Makefiles" /micro_ros_ws/firmware/mcu_ws/ros2/common_interfaces/stereo_msgs /micro_ros_ws/firmware/mcu_ws/ros2/common_interfaces/stereo_msgs /micro_ros_ws/firmware/mcu_ws/build/stereo_msgs /micro_ros_ws/firmware/mcu_ws/build/stereo_msgs /micro_ros_ws/firmware/mcu_ws/build/stereo_msgs/CMakeFiles/stereo_msgs__rosidl_generator_c.dir/DependInfo.cmake --color=
[9.212s] Dependencies file "CMakeFiles/stereo_msgs__rosidl_generator_c.dir/rosidl_generator_c/stereo_msgs/msg/detail/disparity_image__functions.c.obj.d" is newer than depends file "/micro_ros_ws/firmware/mcu_ws/build/stereo_msgs/CMakeFiles/stereo_msgs__rosidl_generator_c.dir/compiler_depend.internal".
[9.213s] [35m[1mConsolidate compiler generated dependencies of target stereo_msgs__rosidl_generator_c[0m
[9.222s] gmake[6]: Leaving directory '/micro_ros_ws/firmware/mcu_ws/build/stereo_msgs'
[9.223s] /usr/bin/gmake  -f CMakeFiles/stereo_msgs__rosidl_generator_c.dir/build.make CMakeFiles/stereo_msgs__rosidl_generator_c.dir/build
[9.248s] gmake[6]: Entering directory '/micro_ros_ws/firmware/mcu_ws/build/stereo_msgs'
[9.268s] [  8%] [32mBuilding C object CMakeFiles/stereo_msgs__rosidl_generator_c.dir/rosidl_generator_c/stereo_msgs/msg/detail/disparity_image__functions.c.obj[0m
[9.270s] /micro_ros_ws/firmware/toolchain/espressif/tools/xtensa-esp32-elf/esp-2020r2-8.2.0/xtensa-esp32-elf/bin/xtensa-esp32-elf-gcc -DLWIP_IPV4 -DLWIP_IPV6 -DROS_PACKAGE_NAME=\"stereo_msgs\" -I/micro_ros_ws/firmware/freertos_apps/microros_esp32_extensions/build/config -I/micro_ros_ws/firmware/toolchain/esp-idf/components/newlib/platform_include -I/micro_ros_ws/firmware/toolchain/esp-idf/components/protocomm/include -I/micro_ros_ws/firmware/toolchain/esp-idf/components/esp_rom/include -I/micro_ros_ws/firmware/toolchain/esp-idf/components/driver/include -I/micro_ros_ws/firmware/toolchain/esp-idf/components/wear_levelling/include -I/micro_ros_ws/firmware/toolchain/esp-idf/components/vfs/include -I/micro_ros_ws/firmware/toolchain/esp-idf/components/log/include -I/micro_ros_ws/firmware/toolchain/esp-idf/components/freertos/include -I/micro_ros_ws/firmware/toolchain/esp-idf/components/wifi_provisioning/include -I/micro_ros_ws/firmware/toolchain/esp-idf/components/pthread/include -I/micro_ros_ws/firmware/toolchain/esp-idf/components/libsodium/libsodium/src/libsodium/include -I/micro_ros_ws/firmware/toolchain/esp-idf/components/coap/port/include -I/micro_ros_ws/firmware/toolchain/esp-idf/components/coap/libcoap/include -I/micro_ros_ws/firmware/toolchain/esp-idf/components/tcp_transport/include -I/micro_ros_ws/firmware/toolchain/esp-idf/components/unity/include -I/micro_ros_ws/firmware/toolchain/esp-idf/components/esp32/include -I/micro_ros_ws/firmware/toolchain/esp-idf/components/asio/port/include -I/micro_ros_ws/firmware/toolchain/esp-idf/components/asio/asio/asio/include -I/micro_ros_ws/firmware/toolchain/esp-idf/components/app_update/include -I/micro_ros_ws/firmware/toolchain/esp-idf/components/esp_ringbuf/include -I/micro_ros_ws/firmware/toolchain/esp-idf/components/soc/esp32/include -I/micro_ros_ws/firmware/toolchain/esp-idf/components/soc/include -I/micro_ros_ws/firmware/toolchain/esp-idf/components/efuse/test/include -I/micro_ros_ws/firmware/toolchain/esp-idf/components/efuse/esp32/include -I/micro_ros_ws/firmware/toolchain/esp-idf/components/efuse/include -I/micro_ros_ws/firmware/toolchain/esp-idf/components/mbedtls/port/include -I/micro_ros_ws/firmware/toolchain/esp-idf/components/mbedtls/mbedtls/include -I/micro_ros_ws/firmware/toolchain/esp-idf/components/xtensa/esp32/include -I/micro_ros_ws/firmware/toolchain/esp-idf/components/xtensa/include -I/micro_ros_ws/firmware/toolchain/esp-idf/components/app_trace/include -I/micro_ros_ws/firmware/toolchain/esp-idf/components/nvs_flash/include -I/micro_ros_ws/firmware/toolchain/esp-idf/components/jsmn/include -I/micro_ros_ws/firmware/toolchain/esp-idf/components/esp_eth/include -I/micro_ros_ws/firmware/toolchain/esp-idf/components/spiffs/include -I/micro_ros_ws/firmware/toolchain/esp-idf/components/ulp/include -I/micro_ros_ws/firmware/toolchain/esp-idf/components/mdns/include -I/micro_ros_ws/firmware/toolchain/esp-idf/components/freemodbus/modbus/include -I/micro_ros_ws/firmware/toolchain/esp-idf/components/freemodbus/common/include -I/micro_ros_ws/firmware/toolchain/esp-idf/components/esp_event/include -I/micro_ros_ws/firmware/toolchain/esp-idf/components/expat/port/include -I/micro_ros_ws/firmware/toolchain/esp-idf/components/bootloader_support/include -I/micro_ros_ws/firmware/toolchain/esp-idf/components/heap/include -I/micro_ros_ws/firmware/toolchain/esp-idf/components/wpa_supplicant/port/include -I/micro_ros_ws/firmware/toolchain/esp-idf/components/wpa_supplicant/include -I/micro_ros_ws/firmware/toolchain/esp-idf/components/tcpip_adapter/include -I/micro_ros_ws/firmware/toolchain/esp-idf/components/openssl/include -I/micro_ros_ws/firmware/toolchain/esp-idf/components/sdmmc/include -I/micro_ros_ws/firmware/toolchain/esp-idf/components/esp_local_ctrl/include -I/micro_ros_ws/firmware/toolchain/esp-idf/components/esp_common/include -I/micro_ros_ws/firmware/toolchain/esp-idf/components/lwip/lwip/src/include/lwip/apps -I/micro_ros_ws/firmware/toolchain/esp-idf/components/lwip/lwip/src/include/compat/posix -I/micro_ros_ws/firmware/toolchain/esp-idf/components/lwip/lwip/src/include -I/micro_ros_ws/firmware/toolchain/esp-idf/components/lwip/port/esp32/include -I/micro_ros_ws/firmware/mcu_ws/build/stereo_msgs/rosidl_generator_c -isystem /micro_ros_ws/firmware/mcu_ws/install/include/sensor_msgs -isystem /micro_ros_ws/firmware/mcu_ws/install/include/builtin_interfaces -isystem /micro_ros_ws/firmware/mcu_ws/install/include/rosidl_runtime_c -isystem /micro_ros_ws/firmware/mcu_ws/install/include/rcutils -isystem /micro_ros_ws/firmware/mcu_ws/install/include/rosidl_typesupport_interface -isystem /micro_ros_ws/firmware/mcu_ws/install/include/geometry_msgs -isystem /micro_ros_ws/firmware/mcu_ws/install/include/std_msgs -mlongcalls -Wno-frame-address -mlongcalls -Wno-frame-address -g -Wall -std=gnu11 -MD -MT CMakeFiles/stereo_msgs__rosidl_generator_c.dir/rosidl_generator_c/stereo_msgs/msg/detail/disparity_image__functions.c.obj -MF CMakeFiles/stereo_msgs__rosidl_generator_c.dir/rosidl_generator_c/stereo_msgs/msg/detail/disparity_image__functions.c.obj.d -o CMakeFiles/stereo_msgs__rosidl_generator_c.dir/rosidl_generator_c/stereo_msgs/msg/detail/disparity_image__functions.c.obj -c /micro_ros_ws/firmware/mcu_ws/build/stereo_msgs/rosidl_generator_c/stereo_msgs/msg/detail/disparity_image__functions.c
[11.437s] [ 16%] [32m[1mLinking C static library libstereo_msgs__rosidl_generator_c.a[0m
[11.438s] /usr/bin/cmake -P CMakeFiles/stereo_msgs__rosidl_generator_c.dir/cmake_clean_target.cmake
[11.511s] /usr/bin/cmake -E cmake_link_script CMakeFiles/stereo_msgs__rosidl_generator_c.dir/link.txt --verbose=1
[11.573s] /micro_ros_ws/firmware/toolchain/espressif/tools/xtensa-esp32-elf/esp-2020r2-8.2.0/xtensa-esp32-elf/bin/xtensa-esp32-elf-ar qc libstereo_msgs__rosidl_generator_c.a CMakeFiles/stereo_msgs__rosidl_generator_c.dir/rosidl_generator_c/stereo_msgs/msg/detail/disparity_image__functions.c.obj
[11.603s] /micro_ros_ws/firmware/toolchain/espressif/tools/xtensa-esp32-elf/esp-2020r2-8.2.0/xtensa-esp32-elf/bin/xtensa-esp32-elf-ranlib libstereo_msgs__rosidl_generator_c.a
[11.633s] gmake[6]: Leaving directory '/micro_ros_ws/firmware/mcu_ws/build/stereo_msgs'
[11.717s] [ 25%] Built target stereo_msgs__rosidl_generator_c
[11.718s] /usr/bin/gmake  -f CMakeFiles/stereo_msgs__rosidl_typesupport_introspection_c.dir/build.make CMakeFiles/stereo_msgs__rosidl_typesupport_introspection_c.dir/depend
[11.719s] /usr/bin/gmake  -f CMakeFiles/stereo_msgs__rosidl_typesupport_microxrcedds_c.dir/build.make CMakeFiles/stereo_msgs__rosidl_typesupport_microxrcedds_c.dir/depend
[11.720s] /usr/bin/gmake  -f CMakeFiles/stereo_msgs__rosidl_typesupport_c.dir/build.make CMakeFiles/stereo_msgs__rosidl_typesupport_c.dir/depend
[11.756s] gmake[6]: Entering directory '/micro_ros_ws/firmware/mcu_ws/build/stereo_msgs'
[11.757s] cd /micro_ros_ws/firmware/mcu_ws/build/stereo_msgs && /usr/bin/cmake -E cmake_depends "Unix Makefiles" /micro_ros_ws/firmware/mcu_ws/ros2/common_interfaces/stereo_msgs /micro_ros_ws/firmware/mcu_ws/ros2/common_interfaces/stereo_msgs /micro_ros_ws/firmware/mcu_ws/build/stereo_msgs /micro_ros_ws/firmware/mcu_ws/build/stereo_msgs /micro_ros_ws/firmware/mcu_ws/build/stereo_msgs/CMakeFiles/stereo_msgs__rosidl_typesupport_microxrcedds_c.dir/DependInfo.cmake --color=
[11.832s] gmake[6]: Entering directory '/micro_ros_ws/firmware/mcu_ws/build/stereo_msgs'
[11.833s] cd /micro_ros_ws/firmware/mcu_ws/build/stereo_msgs && /usr/bin/cmake -E cmake_depends "Unix Makefiles" /micro_ros_ws/firmware/mcu_ws/ros2/common_interfaces/stereo_msgs /micro_ros_ws/firmware/mcu_ws/ros2/common_interfaces/stereo_msgs /micro_ros_ws/firmware/mcu_ws/build/stereo_msgs /micro_ros_ws/firmware/mcu_ws/build/stereo_msgs /micro_ros_ws/firmware/mcu_ws/build/stereo_msgs/CMakeFiles/stereo_msgs__rosidl_typesupport_introspection_c.dir/DependInfo.cmake --color=
[11.834s] gmake[6]: Entering directory '/micro_ros_ws/firmware/mcu_ws/build/stereo_msgs'
[11.835s] cd /micro_ros_ws/firmware/mcu_ws/build/stereo_msgs && /usr/bin/cmake -E cmake_depends "Unix Makefiles" /micro_ros_ws/firmware/mcu_ws/ros2/common_interfaces/stereo_msgs /micro_ros_ws/firmware/mcu_ws/ros2/common_interfaces/stereo_msgs /micro_ros_ws/firmware/mcu_ws/build/stereo_msgs /micro_ros_ws/firmware/mcu_ws/build/stereo_msgs /micro_ros_ws/firmware/mcu_ws/build/stereo_msgs/CMakeFiles/stereo_msgs__rosidl_typesupport_c.dir/DependInfo.cmake --color=
[11.871s] Dependencies file "CMakeFiles/stereo_msgs__rosidl_typesupport_microxrcedds_c.dir/rosidl_typesupport_microxrcedds_c/stereo_msgs/msg/detail/microxrcedds/disparity_image__type_support_c.c.obj.d" is newer than depends file "/micro_ros_ws/firmware/mcu_ws/build/stereo_msgs/CMakeFiles/stereo_msgs__rosidl_typesupport_microxrcedds_c.dir/compiler_depend.internal".
[11.874s] [35m[1mConsolidate compiler generated dependencies of target stereo_msgs__rosidl_typesupport_microxrcedds_c[0m
[11.930s] gmake[6]: Leaving directory '/micro_ros_ws/firmware/mcu_ws/build/stereo_msgs'
[11.931s] /usr/bin/gmake  -f CMakeFiles/stereo_msgs__rosidl_typesupport_microxrcedds_c.dir/build.make CMakeFiles/stereo_msgs__rosidl_typesupport_microxrcedds_c.dir/build
[11.943s] Dependencies file "CMakeFiles/stereo_msgs__rosidl_typesupport_c.dir/rosidl_typesupport_c/stereo_msgs/msg/disparity_image__type_support.cpp.obj.d" is newer than depends file "/micro_ros_ws/firmware/mcu_ws/build/stereo_msgs/CMakeFiles/stereo_msgs__rosidl_typesupport_c.dir/compiler_depend.internal".
[11.944s] Dependencies file "CMakeFiles/stereo_msgs__rosidl_typesupport_introspection_c.dir/rosidl_typesupport_introspection_c/stereo_msgs/msg/detail/disparity_image__type_support.c.obj.d" is newer than depends file "/micro_ros_ws/firmware/mcu_ws/build/stereo_msgs/CMakeFiles/stereo_msgs__rosidl_typesupport_introspection_c.dir/compiler_depend.internal".
[11.945s] [35m[1mConsolidate compiler generated dependencies of target stereo_msgs__rosidl_typesupport_c[0m
[11.946s] [35m[1mConsolidate compiler generated dependencies of target stereo_msgs__rosidl_typesupport_introspection_c[0m
[11.989s] gmake[6]: Leaving directory '/micro_ros_ws/firmware/mcu_ws/build/stereo_msgs'
[11.991s] /usr/bin/gmake  -f CMakeFiles/stereo_msgs__rosidl_typesupport_c.dir/build.make CMakeFiles/stereo_msgs__rosidl_typesupport_c.dir/build
[12.020s] gmake[6]: Leaving directory '/micro_ros_ws/firmware/mcu_ws/build/stereo_msgs'
[12.022s] /usr/bin/gmake  -f CMakeFiles/stereo_msgs__rosidl_typesupport_introspection_c.dir/build.make CMakeFiles/stereo_msgs__rosidl_typesupport_introspection_c.dir/build
[12.067s] gmake[6]: Entering directory '/micro_ros_ws/firmware/mcu_ws/build/stereo_msgs'
[12.068s] gmake[6]: Nothing to be done for 'CMakeFiles/stereo_msgs__rosidl_typesupport_microxrcedds_c.dir/build'.
[12.069s] gmake[6]: Leaving directory '/micro_ros_ws/firmware/mcu_ws/build/stereo_msgs'
[12.139s] gmake[6]: Entering directory '/micro_ros_ws/firmware/mcu_ws/build/stereo_msgs'
[12.140s] gmake[6]: Nothing to be done for 'CMakeFiles/stereo_msgs__rosidl_typesupport_c.dir/build'.
[12.141s] gmake[6]: Leaving directory '/micro_ros_ws/firmware/mcu_ws/build/stereo_msgs'
[12.174s] [ 50%] Built target stereo_msgs__rosidl_typesupport_microxrcedds_c
[12.185s] gmake[6]: Entering directory '/micro_ros_ws/firmware/mcu_ws/build/stereo_msgs'
[12.186s] gmake[6]: Nothing to be done for 'CMakeFiles/stereo_msgs__rosidl_typesupport_introspection_c.dir/build'.
[12.187s] gmake[6]: Leaving directory '/micro_ros_ws/firmware/mcu_ws/build/stereo_msgs'
[12.241s] [ 75%] Built target stereo_msgs__rosidl_typesupport_c
[12.278s] [100%] Built target stereo_msgs__rosidl_typesupport_introspection_c
[12.279s] /usr/bin/gmake  -f CMakeFiles/stereo_msgs.dir/build.make CMakeFiles/stereo_msgs.dir/depend
[12.307s] gmake[6]: Entering directory '/micro_ros_ws/firmware/mcu_ws/build/stereo_msgs'
[12.308s] cd /micro_ros_ws/firmware/mcu_ws/build/stereo_msgs && /usr/bin/cmake -E cmake_depends "Unix Makefiles" /micro_ros_ws/firmware/mcu_ws/ros2/common_interfaces/stereo_msgs /micro_ros_ws/firmware/mcu_ws/ros2/common_interfaces/stereo_msgs /micro_ros_ws/firmware/mcu_ws/build/stereo_msgs /micro_ros_ws/firmware/mcu_ws/build/stereo_msgs /micro_ros_ws/firmware/mcu_ws/build/stereo_msgs/CMakeFiles/stereo_msgs.dir/DependInfo.cmake --color=
[12.395s] gmake[6]: Leaving directory '/micro_ros_ws/firmware/mcu_ws/build/stereo_msgs'
[12.396s] /usr/bin/gmake  -f CMakeFiles/stereo_msgs.dir/build.make CMakeFiles/stereo_msgs.dir/build
[12.454s] gmake[6]: Entering directory '/micro_ros_ws/firmware/mcu_ws/build/stereo_msgs'
[12.455s] gmake[6]: Nothing to be done for 'CMakeFiles/stereo_msgs.dir/build'.
[12.456s] gmake[6]: Leaving directory '/micro_ros_ws/firmware/mcu_ws/build/stereo_msgs'
[12.546s] [100%] Built target stereo_msgs
[12.547s] gmake[5]: Leaving directory '/micro_ros_ws/firmware/mcu_ws/build/stereo_msgs'
[12.548s] /usr/bin/cmake -E cmake_progress_start /micro_ros_ws/firmware/mcu_ws/build/stereo_msgs/CMakeFiles 0
[12.632s] gmake[4]: Leaving directory '/micro_ros_ws/firmware/mcu_ws/build/stereo_msgs'
[12.636s] Invoked command in '/micro_ros_ws/firmware/mcu_ws/build/stereo_msgs' returned '0': AMENT_PREFIX_PATH=/micro_ros_ws/firmware/mcu_ws/install:${AMENT_PREFIX_PATH} CMAKE_PREFIX_PATH=/micro_ros_ws/firmware/mcu_ws/install:/micro_ros_ws/firmware/dev_ws/install/ament_lint_common:/micro_ros_ws/firmware/dev_ws/install/ament_cmake_uncrustify:/micro_ros_ws/firmware/dev_ws/install/uncrustify_vendor:/micro_ros_ws/firmware/dev_ws/install/ament_cmake_ros:/micro_ros_ws/firmware/dev_ws/install/ament_cmake_auto:/micro_ros_ws/firmware/dev_ws/install/ament_cmake_gmock:/micro_ros_ws/firmware/dev_ws/install/gmock_vendor:/micro_ros_ws/firmware/dev_ws/install/ament_cmake_gtest:/micro_ros_ws/firmware/dev_ws/install/gtest_vendor:/micro_ros_ws/firmware/dev_ws/install/ament_cmake_xmllint:/micro_ros_ws/firmware/dev_ws/install/ament_cmake_pyflakes:/micro_ros_ws/firmware/dev_ws/install/ament_cmake_pycodestyle:/micro_ros_ws/firmware/dev_ws/install/ament_cmake_pep257:/micro_ros_ws/firmware/dev_ws/install/ament_cmake_pclint:/micro_ros_ws/firmware/dev_ws/install/ament_lint_auto:/micro_ros_ws/firmware/dev_ws/install/ament_cmake:/micro_ros_ws/firmware/dev_ws/install/ament_cmake_version:/micro_ros_ws/firmware/dev_ws/install/ament_cmake_vendor_package:/micro_ros_ws/firmware/dev_ws/install/ament_cmake_pytest:/micro_ros_ws/firmware/dev_ws/install/ament_cmake_nose:/micro_ros_ws/firmware/dev_ws/install/ament_cmake_mypy:/micro_ros_ws/firmware/dev_ws/install/ament_cmake_lint_cmake:/micro_ros_ws/firmware/dev_ws/install/ament_cmake_google_benchmark:/micro_ros_ws/firmware/dev_ws/install/ament_cmake_flake8:/micro_ros_ws/firmware/dev_ws/install/ament_cmake_cpplint:/micro_ros_ws/firmware/dev_ws/install/ament_cmake_cppcheck:/micro_ros_ws/firmware/dev_ws/install/ament_cmake_copyright:/micro_ros_ws/firmware/dev_ws/install/ament_cmake_clang_tidy:/micro_ros_ws/firmware/dev_ws/install/ament_cmake_clang_format:/micro_ros_ws/firmware/dev_ws/install/ament_cmake_test:/micro_ros_ws/firmware/dev_ws/install/ament_cmake_target_dependencies:/micro_ros_ws/firmware/dev_ws/install/ament_cmake_python:/micro_ros_ws/firmware/dev_ws/install/ament_cmake_export_dependencies:/micro_ros_ws/firmware/dev_ws/install/ament_cmake_libraries:/micro_ros_ws/firmware/dev_ws/install/ament_cmake_include_directories:/micro_ros_ws/firmware/dev_ws/install/ament_cmake_gen_version_h:/micro_ros_ws/firmware/dev_ws/install/ament_cmake_export_targets:/micro_ros_ws/firmware/dev_ws/install/ament_cmake_export_link_flags:/micro_ros_ws/firmware/dev_ws/install/ament_cmake_export_interfaces:/micro_ros_ws/firmware/dev_ws/install/ament_cmake_export_libraries:/micro_ros_ws/firmware/dev_ws/install/ament_cmake_export_include_directories:/micro_ros_ws/firmware/dev_ws/install/ament_cmake_export_definitions:/micro_ros_ws/firmware/dev_ws/install/ament_cmake_core:/micro_ros_ws/firmware/dev_ws/install/ament_index_cpp:/micro_ros_ws/firmware/dev_ws/install/ament_uncrustify:/micro_ros_ws/firmware/dev_ws/install/domain_coordinator:/micro_ros_ws/firmware/dev_ws/install/ament_xmllint:/micro_ros_ws/firmware/dev_ws/install/ament_pyflakes:/micro_ros_ws/firmware/dev_ws/install/ament_pycodestyle:/micro_ros_ws/firmware/dev_ws/install/ament_pep257:/micro_ros_ws/firmware/dev_ws/install/ament_pclint:/micro_ros_ws/firmware/dev_ws/install/ament_package:/micro_ros_ws/firmware/dev_ws/install/ament_mypy:/micro_ros_ws/firmware/dev_ws/install/ament_lint_cmake:/micro_ros_ws/firmware/dev_ws/install/ament_flake8:/micro_ros_ws/firmware/dev_ws/install/ament_copyright:/micro_ros_ws/firmware/dev_ws/install/ament_lint:/micro_ros_ws/firmware/dev_ws/install/ament_index_python:/micro_ros_ws/firmware/dev_ws/install/ament_cpplint:/micro_ros_ws/firmware/dev_ws/install/ament_cppcheck:/micro_ros_ws/firmware/dev_ws/install/ament_clang_tidy:/micro_ros_ws/firmware/dev_ws/install/ament_clang_format LD_LIBRARY_PATH=/micro_ros_ws/firmware/mcu_ws/install/lib:${LD_LIBRARY_PATH} PATH=/micro_ros_ws/firmware/mcu_ws/install/bin:${PATH} PYTHONPATH=/micro_ros_ws/firmware/mcu_ws/install/lib/python3.10/site-packages:${PYTHONPATH} /usr/bin/cmake --build /micro_ros_ws/firmware/mcu_ws/build/stereo_msgs -- -j12 -l12
[12.645s] Invoking command in '/micro_ros_ws/firmware/mcu_ws/build/stereo_msgs': AMENT_PREFIX_PATH=/micro_ros_ws/firmware/mcu_ws/install:${AMENT_PREFIX_PATH} CMAKE_PREFIX_PATH=/micro_ros_ws/firmware/mcu_ws/install:/micro_ros_ws/firmware/dev_ws/install/ament_lint_common:/micro_ros_ws/firmware/dev_ws/install/ament_cmake_uncrustify:/micro_ros_ws/firmware/dev_ws/install/uncrustify_vendor:/micro_ros_ws/firmware/dev_ws/install/ament_cmake_ros:/micro_ros_ws/firmware/dev_ws/install/ament_cmake_auto:/micro_ros_ws/firmware/dev_ws/install/ament_cmake_gmock:/micro_ros_ws/firmware/dev_ws/install/gmock_vendor:/micro_ros_ws/firmware/dev_ws/install/ament_cmake_gtest:/micro_ros_ws/firmware/dev_ws/install/gtest_vendor:/micro_ros_ws/firmware/dev_ws/install/ament_cmake_xmllint:/micro_ros_ws/firmware/dev_ws/install/ament_cmake_pyflakes:/micro_ros_ws/firmware/dev_ws/install/ament_cmake_pycodestyle:/micro_ros_ws/firmware/dev_ws/install/ament_cmake_pep257:/micro_ros_ws/firmware/dev_ws/install/ament_cmake_pclint:/micro_ros_ws/firmware/dev_ws/install/ament_lint_auto:/micro_ros_ws/firmware/dev_ws/install/ament_cmake:/micro_ros_ws/firmware/dev_ws/install/ament_cmake_version:/micro_ros_ws/firmware/dev_ws/install/ament_cmake_vendor_package:/micro_ros_ws/firmware/dev_ws/install/ament_cmake_pytest:/micro_ros_ws/firmware/dev_ws/install/ament_cmake_nose:/micro_ros_ws/firmware/dev_ws/install/ament_cmake_mypy:/micro_ros_ws/firmware/dev_ws/install/ament_cmake_lint_cmake:/micro_ros_ws/firmware/dev_ws/install/ament_cmake_google_benchmark:/micro_ros_ws/firmware/dev_ws/install/ament_cmake_flake8:/micro_ros_ws/firmware/dev_ws/install/ament_cmake_cpplint:/micro_ros_ws/firmware/dev_ws/install/ament_cmake_cppcheck:/micro_ros_ws/firmware/dev_ws/install/ament_cmake_copyright:/micro_ros_ws/firmware/dev_ws/install/ament_cmake_clang_tidy:/micro_ros_ws/firmware/dev_ws/install/ament_cmake_clang_format:/micro_ros_ws/firmware/dev_ws/install/ament_cmake_test:/micro_ros_ws/firmware/dev_ws/install/ament_cmake_target_dependencies:/micro_ros_ws/firmware/dev_ws/install/ament_cmake_python:/micro_ros_ws/firmware/dev_ws/install/ament_cmake_export_dependencies:/micro_ros_ws/firmware/dev_ws/install/ament_cmake_libraries:/micro_ros_ws/firmware/dev_ws/install/ament_cmake_include_directories:/micro_ros_ws/firmware/dev_ws/install/ament_cmake_gen_version_h:/micro_ros_ws/firmware/dev_ws/install/ament_cmake_export_targets:/micro_ros_ws/firmware/dev_ws/install/ament_cmake_export_link_flags:/micro_ros_ws/firmware/dev_ws/install/ament_cmake_export_interfaces:/micro_ros_ws/firmware/dev_ws/install/ament_cmake_export_libraries:/micro_ros_ws/firmware/dev_ws/install/ament_cmake_export_include_directories:/micro_ros_ws/firmware/dev_ws/install/ament_cmake_export_definitions:/micro_ros_ws/firmware/dev_ws/install/ament_cmake_core:/micro_ros_ws/firmware/dev_ws/install/ament_index_cpp:/micro_ros_ws/firmware/dev_ws/install/ament_uncrustify:/micro_ros_ws/firmware/dev_ws/install/domain_coordinator:/micro_ros_ws/firmware/dev_ws/install/ament_xmllint:/micro_ros_ws/firmware/dev_ws/install/ament_pyflakes:/micro_ros_ws/firmware/dev_ws/install/ament_pycodestyle:/micro_ros_ws/firmware/dev_ws/install/ament_pep257:/micro_ros_ws/firmware/dev_ws/install/ament_pclint:/micro_ros_ws/firmware/dev_ws/install/ament_package:/micro_ros_ws/firmware/dev_ws/install/ament_mypy:/micro_ros_ws/firmware/dev_ws/install/ament_lint_cmake:/micro_ros_ws/firmware/dev_ws/install/ament_flake8:/micro_ros_ws/firmware/dev_ws/install/ament_copyright:/micro_ros_ws/firmware/dev_ws/install/ament_lint:/micro_ros_ws/firmware/dev_ws/install/ament_index_python:/micro_ros_ws/firmware/dev_ws/install/ament_cpplint:/micro_ros_ws/firmware/dev_ws/install/ament_cppcheck:/micro_ros_ws/firmware/dev_ws/install/ament_clang_tidy:/micro_ros_ws/firmware/dev_ws/install/ament_clang_format LD_LIBRARY_PATH=/micro_ros_ws/firmware/mcu_ws/install/lib:${LD_LIBRARY_PATH} PATH=/micro_ros_ws/firmware/mcu_ws/install/bin:${PATH} PYTHONPATH=/micro_ros_ws/firmware/mcu_ws/install/lib/python3.10/site-packages:${PYTHONPATH} /usr/bin/cmake --install /micro_ros_ws/firmware/mcu_ws/build/stereo_msgs
[12.720s] -- Install configuration: "Debug"
[12.728s] -- Up-to-date: /micro_ros_ws/firmware/mcu_ws/install/share/ament_index/resource_index/rosidl_interfaces/stereo_msgs
[12.732s] -- Up-to-date: /micro_ros_ws/firmware/mcu_ws/install/include/stereo_msgs/stereo_msgs
[12.738s] -- Up-to-date: /micro_ros_ws/firmware/mcu_ws/install/include/stereo_msgs/stereo_msgs/msg
[12.749s] -- Up-to-date: /micro_ros_ws/firmware/mcu_ws/install/include/stereo_msgs/stereo_msgs/msg/detail
[12.773s] -- Up-to-date: /micro_ros_ws/firmware/mcu_ws/install/include/stereo_msgs/stereo_msgs/msg/detail/disparity_image__functions.c
[12.790s] -- Up-to-date: /micro_ros_ws/firmware/mcu_ws/install/include/stereo_msgs/stereo_msgs/msg/detail/disparity_image__functions.h
[12.807s] -- Up-to-date: /micro_ros_ws/firmware/mcu_ws/install/include/stereo_msgs/stereo_msgs/msg/detail/disparity_image__struct.h
[12.824s] -- Up-to-date: /micro_ros_ws/firmware/mcu_ws/install/include/stereo_msgs/stereo_msgs/msg/detail/disparity_image__type_support.h
[12.839s] -- Up-to-date: /micro_ros_ws/firmware/mcu_ws/install/include/stereo_msgs/stereo_msgs/msg/disparity_image.h
[12.853s] -- Up-to-date: /micro_ros_ws/firmware/mcu_ws/install/include/stereo_msgs/stereo_msgs/msg/rosidl_generator_c__visibility_control.h
[12.874s] -- Up-to-date: /micro_ros_ws/firmware/mcu_ws/install/share/stereo_msgs/environment/library_path.sh
[12.889s] -- Installing: /micro_ros_ws/firmware/mcu_ws/install/share/stereo_msgs/environment/library_path.dsv
[12.947s] -- Installing: /micro_ros_ws/firmware/mcu_ws/install/lib/libstereo_msgs__rosidl_generator_c.a
[12.982s] -- Up-to-date: /micro_ros_ws/firmware/mcu_ws/install/include/stereo_msgs/stereo_msgs
[13.000s] -- Up-to-date: /micro_ros_ws/firmware/mcu_ws/install/include/stereo_msgs/stereo_msgs/msg
[13.017s] -- Up-to-date: /micro_ros_ws/firmware/mcu_ws/install/include/stereo_msgs/stereo_msgs/msg/detail
[13.038s] -- Up-to-date: /micro_ros_ws/firmware/mcu_ws/install/include/stereo_msgs/stereo_msgs/msg/detail/disparity_image__rosidl_typesupport_introspection_c.h
[13.054s] -- Up-to-date: /micro_ros_ws/firmware/mcu_ws/install/include/stereo_msgs/stereo_msgs/msg/detail/disparity_image__type_support.c
[13.069s] -- Up-to-date: /micro_ros_ws/firmware/mcu_ws/install/include/stereo_msgs/stereo_msgs/msg/rosidl_typesupport_introspection_c__visibility_control.h
[13.086s] -- Up-to-date: /micro_ros_ws/firmware/mcu_ws/install/lib/libstereo_msgs__rosidl_typesupport_introspection_c.a
[13.098s] -- Up-to-date: /micro_ros_ws/firmware/mcu_ws/install/include/stereo_msgs/stereo_msgs
[13.112s] -- Up-to-date: /micro_ros_ws/firmware/mcu_ws/install/include/stereo_msgs/stereo_msgs/msg
[13.128s] -- Up-to-date: /micro_ros_ws/firmware/mcu_ws/install/include/stereo_msgs/stereo_msgs/msg/detail
[13.151s] -- Up-to-date: /micro_ros_ws/firmware/mcu_ws/install/include/stereo_msgs/stereo_msgs/msg/detail/disparity_image__rosidl_typesupport_microxrcedds_c.h
[13.163s] -- Up-to-date: /micro_ros_ws/firmware/mcu_ws/install/include/stereo_msgs/stereo_msgs/msg/detail/microxrcedds
[13.189s] -- Up-to-date: /micro_ros_ws/firmware/mcu_ws/install/include/stereo_msgs/stereo_msgs/msg/rosidl_typesupport_microxrcedds_c__visibility_control.h
[13.201s] -- Up-to-date: /micro_ros_ws/firmware/mcu_ws/install/lib/libstereo_msgs__rosidl_typesupport_microxrcedds_c.a
[13.212s] -- Up-to-date: /micro_ros_ws/firmware/mcu_ws/install/lib/libstereo_msgs__rosidl_typesupport_c.a
[13.228s] -- Up-to-date: /micro_ros_ws/firmware/mcu_ws/install/share/stereo_msgs/msg/DisparityImage.idl
[13.242s] -- Up-to-date: /micro_ros_ws/firmware/mcu_ws/install/share/stereo_msgs/msg/DisparityImage.msg
[13.262s] -- Up-to-date: /micro_ros_ws/firmware/mcu_ws/install/share/ament_index/resource_index/package_run_dependencies/stereo_msgs
[13.286s] -- Up-to-date: /micro_ros_ws/firmware/mcu_ws/install/share/ament_index/resource_index/parent_prefix_path/stereo_msgs
[13.311s] -- Up-to-date: /micro_ros_ws/firmware/mcu_ws/install/share/stereo_msgs/environment/ament_prefix_path.sh
[13.326s] -- Installing: /micro_ros_ws/firmware/mcu_ws/install/share/stereo_msgs/environment/ament_prefix_path.dsv
[13.372s] -- Up-to-date: /micro_ros_ws/firmware/mcu_ws/install/share/stereo_msgs/environment/path.sh
[13.393s] -- Installing: /micro_ros_ws/firmware/mcu_ws/install/share/stereo_msgs/environment/path.dsv
[13.434s] -- Up-to-date: /micro_ros_ws/firmware/mcu_ws/install/share/stereo_msgs/local_setup.bash
[13.446s] -- Up-to-date: /micro_ros_ws/firmware/mcu_ws/install/share/stereo_msgs/local_setup.sh
[13.459s] -- Up-to-date: /micro_ros_ws/firmware/mcu_ws/install/share/stereo_msgs/local_setup.zsh
[13.472s] -- Installing: /micro_ros_ws/firmware/mcu_ws/install/share/stereo_msgs/local_setup.dsv
[13.517s] -- Installing: /micro_ros_ws/firmware/mcu_ws/install/share/stereo_msgs/package.dsv
[13.561s] -- Up-to-date: /micro_ros_ws/firmware/mcu_ws/install/share/ament_index/resource_index/packages/stereo_msgs
[13.599s] -- Up-to-date: /micro_ros_ws/firmware/mcu_ws/install/share/stereo_msgs/cmake/export_stereo_msgs__rosidl_generator_cExport.cmake
[13.619s] -- Up-to-date: /micro_ros_ws/firmware/mcu_ws/install/share/stereo_msgs/cmake/export_stereo_msgs__rosidl_generator_cExport-debug.cmake
[13.648s] -- Up-to-date: /micro_ros_ws/firmware/mcu_ws/install/share/stereo_msgs/cmake/stereo_msgs__rosidl_typesupport_introspection_cExport.cmake
[13.668s] -- Up-to-date: /micro_ros_ws/firmware/mcu_ws/install/share/stereo_msgs/cmake/stereo_msgs__rosidl_typesupport_introspection_cExport-debug.cmake
[13.707s] -- Up-to-date: /micro_ros_ws/firmware/mcu_ws/install/share/stereo_msgs/cmake/stereo_msgs__rosidl_typesupport_cExport.cmake
[13.728s] -- Up-to-date: /micro_ros_ws/firmware/mcu_ws/install/share/stereo_msgs/cmake/stereo_msgs__rosidl_typesupport_cExport-debug.cmake
[13.743s] -- Up-to-date: /micro_ros_ws/firmware/mcu_ws/install/share/stereo_msgs/cmake/rosidl_cmake-extras.cmake
[13.758s] -- Up-to-date: /micro_ros_ws/firmware/mcu_ws/install/share/stereo_msgs/cmake/ament_cmake_export_dependencies-extras.cmake
[13.775s] -- Up-to-date: /micro_ros_ws/firmware/mcu_ws/install/share/stereo_msgs/cmake/ament_cmake_export_include_directories-extras.cmake
[13.797s] -- Up-to-date: /micro_ros_ws/firmware/mcu_ws/install/share/stereo_msgs/cmake/ament_cmake_export_libraries-extras.cmake
[13.819s] -- Up-to-date: /micro_ros_ws/firmware/mcu_ws/install/share/stereo_msgs/cmake/ament_cmake_export_targets-extras.cmake
[13.834s] -- Up-to-date: /micro_ros_ws/firmware/mcu_ws/install/share/stereo_msgs/cmake/rosidl_cmake_export_typesupport_targets-extras.cmake
[13.848s] -- Up-to-date: /micro_ros_ws/firmware/mcu_ws/install/share/stereo_msgs/cmake/rosidl_cmake_export_typesupport_libraries-extras.cmake
[13.861s] -- Up-to-date: /micro_ros_ws/firmware/mcu_ws/install/share/stereo_msgs/cmake/rosidl_cmake_aggregate_target-extras.cmake
[13.876s] -- Up-to-date: /micro_ros_ws/firmware/mcu_ws/install/share/stereo_msgs/cmake/stereo_msgsConfig.cmake
[13.895s] -- Up-to-date: /micro_ros_ws/firmware/mcu_ws/install/share/stereo_msgs/cmake/stereo_msgsConfig-version.cmake
[13.909s] -- Up-to-date: /micro_ros_ws/firmware/mcu_ws/install/share/stereo_msgs/package.xml
[13.919s] Invoked command in '/micro_ros_ws/firmware/mcu_ws/build/stereo_msgs' returned '0': AMENT_PREFIX_PATH=/micro_ros_ws/firmware/mcu_ws/install:${AMENT_PREFIX_PATH} CMAKE_PREFIX_PATH=/micro_ros_ws/firmware/mcu_ws/install:/micro_ros_ws/firmware/dev_ws/install/ament_lint_common:/micro_ros_ws/firmware/dev_ws/install/ament_cmake_uncrustify:/micro_ros_ws/firmware/dev_ws/install/uncrustify_vendor:/micro_ros_ws/firmware/dev_ws/install/ament_cmake_ros:/micro_ros_ws/firmware/dev_ws/install/ament_cmake_auto:/micro_ros_ws/firmware/dev_ws/install/ament_cmake_gmock:/micro_ros_ws/firmware/dev_ws/install/gmock_vendor:/micro_ros_ws/firmware/dev_ws/install/ament_cmake_gtest:/micro_ros_ws/firmware/dev_ws/install/gtest_vendor:/micro_ros_ws/firmware/dev_ws/install/ament_cmake_xmllint:/micro_ros_ws/firmware/dev_ws/install/ament_cmake_pyflakes:/micro_ros_ws/firmware/dev_ws/install/ament_cmake_pycodestyle:/micro_ros_ws/firmware/dev_ws/install/ament_cmake_pep257:/micro_ros_ws/firmware/dev_ws/install/ament_cmake_pclint:/micro_ros_ws/firmware/dev_ws/install/ament_lint_auto:/micro_ros_ws/firmware/dev_ws/install/ament_cmake:/micro_ros_ws/firmware/dev_ws/install/ament_cmake_version:/micro_ros_ws/firmware/dev_ws/install/ament_cmake_vendor_package:/micro_ros_ws/firmware/dev_ws/install/ament_cmake_pytest:/micro_ros_ws/firmware/dev_ws/install/ament_cmake_nose:/micro_ros_ws/firmware/dev_ws/install/ament_cmake_mypy:/micro_ros_ws/firmware/dev_ws/install/ament_cmake_lint_cmake:/micro_ros_ws/firmware/dev_ws/install/ament_cmake_google_benchmark:/micro_ros_ws/firmware/dev_ws/install/ament_cmake_flake8:/micro_ros_ws/firmware/dev_ws/install/ament_cmake_cpplint:/micro_ros_ws/firmware/dev_ws/install/ament_cmake_cppcheck:/micro_ros_ws/firmware/dev_ws/install/ament_cmake_copyright:/micro_ros_ws/firmware/dev_ws/install/ament_cmake_clang_tidy:/micro_ros_ws/firmware/dev_ws/install/ament_cmake_clang_format:/micro_ros_ws/firmware/dev_ws/install/ament_cmake_test:/micro_ros_ws/firmware/dev_ws/install/ament_cmake_target_dependencies:/micro_ros_ws/firmware/dev_ws/install/ament_cmake_python:/micro_ros_ws/firmware/dev_ws/install/ament_cmake_export_dependencies:/micro_ros_ws/firmware/dev_ws/install/ament_cmake_libraries:/micro_ros_ws/firmware/dev_ws/install/ament_cmake_include_directories:/micro_ros_ws/firmware/dev_ws/install/ament_cmake_gen_version_h:/micro_ros_ws/firmware/dev_ws/install/ament_cmake_export_targets:/micro_ros_ws/firmware/dev_ws/install/ament_cmake_export_link_flags:/micro_ros_ws/firmware/dev_ws/install/ament_cmake_export_interfaces:/micro_ros_ws/firmware/dev_ws/install/ament_cmake_export_libraries:/micro_ros_ws/firmware/dev_ws/install/ament_cmake_export_include_directories:/micro_ros_ws/firmware/dev_ws/install/ament_cmake_export_definitions:/micro_ros_ws/firmware/dev_ws/install/ament_cmake_core:/micro_ros_ws/firmware/dev_ws/install/ament_index_cpp:/micro_ros_ws/firmware/dev_ws/install/ament_uncrustify:/micro_ros_ws/firmware/dev_ws/install/domain_coordinator:/micro_ros_ws/firmware/dev_ws/install/ament_xmllint:/micro_ros_ws/firmware/dev_ws/install/ament_pyflakes:/micro_ros_ws/firmware/dev_ws/install/ament_pycodestyle:/micro_ros_ws/firmware/dev_ws/install/ament_pep257:/micro_ros_ws/firmware/dev_ws/install/ament_pclint:/micro_ros_ws/firmware/dev_ws/install/ament_package:/micro_ros_ws/firmware/dev_ws/install/ament_mypy:/micro_ros_ws/firmware/dev_ws/install/ament_lint_cmake:/micro_ros_ws/firmware/dev_ws/install/ament_flake8:/micro_ros_ws/firmware/dev_ws/install/ament_copyright:/micro_ros_ws/firmware/dev_ws/install/ament_lint:/micro_ros_ws/firmware/dev_ws/install/ament_index_python:/micro_ros_ws/firmware/dev_ws/install/ament_cpplint:/micro_ros_ws/firmware/dev_ws/install/ament_cppcheck:/micro_ros_ws/firmware/dev_ws/install/ament_clang_tidy:/micro_ros_ws/firmware/dev_ws/install/ament_clang_format LD_LIBRARY_PATH=/micro_ros_ws/firmware/mcu_ws/install/lib:${LD_LIBRARY_PATH} PATH=/micro_ros_ws/firmware/mcu_ws/install/bin:${PATH} PYTHONPATH=/micro_ros_ws/firmware/mcu_ws/install/lib/python3.10/site-packages:${PYTHONPATH} /usr/bin/cmake --install /micro_ros_ws/firmware/mcu_ws/build/stereo_msgs
