[1.938s] Invoking command in '/micro_ros_ws/wall_e_ws/src/feedback': PYTHONPATH=/micro_ros_ws/wall_e_ws/build/feedback/prefix_override:/usr/lib/python3/dist-packages/colcon_core/task/python/colcon_distutils_commands:/micro_ros_ws/wall_e_ws/install/feedback/lib/python3.10/site-packages:${PYTHONPATH} /usr/bin/python3 -W ignore:setup.py install is deprecated -W ignore:easy_install command is deprecated setup.py egg_info --egg-base ../../build/feedback build --build-base /micro_ros_ws/wall_e_ws/build/feedback/build install --record /micro_ros_ws/wall_e_ws/build/feedback/install.log --single-version-externally-managed install_data
[2.256s] running egg_info
[2.257s] writing ../../build/feedback/feedback.egg-info/PKG-INFO
[2.258s] writing dependency_links to ../../build/feedback/feedback.egg-info/dependency_links.txt
[2.259s] writing entry points to ../../build/feedback/feedback.egg-info/entry_points.txt
[2.259s] writing requirements to ../../build/feedback/feedback.egg-info/requires.txt
[2.260s] writing top-level names to ../../build/feedback/feedback.egg-info/top_level.txt
[2.267s] reading manifest file '../../build/feedback/feedback.egg-info/SOURCES.txt'
[2.270s] adding license file 'LICENSE'
[2.273s] writing manifest file '../../build/feedback/feedback.egg-info/SOURCES.txt'
[2.274s] running build
[2.274s] running build_py
[2.277s] running install
[2.278s] running install_lib
[2.289s] running install_data
[2.292s] running install_egg_info
[2.295s] removing '/micro_ros_ws/wall_e_ws/install/feedback/lib/python3.10/site-packages/feedback-0.0.0-py3.10.egg-info' (and everything under it)
[2.298s] Copying ../../build/feedback/feedback.egg-info to /micro_ros_ws/wall_e_ws/install/feedback/lib/python3.10/site-packages/feedback-0.0.0-py3.10.egg-info
[2.311s] running install_scripts
[2.340s] Installing imu_filter_node script to /micro_ros_ws/wall_e_ws/install/feedback/lib/feedback
[2.340s] Installing range_filter_node script to /micro_ros_ws/wall_e_ws/install/feedback/lib/feedback
[2.341s] Installing sensor_fusion_node script to /micro_ros_ws/wall_e_ws/install/feedback/lib/feedback
[2.342s] writing list of installed files to '/micro_ros_ws/wall_e_ws/build/feedback/install.log'
[2.373s] Invoked command in '/micro_ros_ws/wall_e_ws/src/feedback' returned '0': PYTHONPATH=/micro_ros_ws/wall_e_ws/build/feedback/prefix_override:/usr/lib/python3/dist-packages/colcon_core/task/python/colcon_distutils_commands:/micro_ros_ws/wall_e_ws/install/feedback/lib/python3.10/site-packages:${PYTHONPATH} /usr/bin/python3 -W ignore:setup.py install is deprecated -W ignore:easy_install command is deprecated setup.py egg_info --egg-base ../../build/feedback build --build-base /micro_ros_ws/wall_e_ws/build/feedback/build install --record /micro_ros_ws/wall_e_ws/build/feedback/install.log --single-version-externally-managed install_data
