[1.981s] Invoking command in '/micro_ros_ws/firmware/mcu_ws/build/libyaml_vendor': CMAKE_PREFIX_PATH=${CMAKE_PREFIX_PATH}:/micro_ros_ws/firmware/dev_ws/install/ament_uncrustify:/micro_ros_ws/firmware/dev_ws/install/domain_coordinator:/micro_ros_ws/firmware/dev_ws/install/ament_xmllint:/micro_ros_ws/firmware/dev_ws/install/ament_pyflakes:/micro_ros_ws/firmware/dev_ws/install/ament_pycodestyle:/micro_ros_ws/firmware/dev_ws/install/ament_pep257:/micro_ros_ws/firmware/dev_ws/install/ament_pclint:/micro_ros_ws/firmware/dev_ws/install/ament_package:/micro_ros_ws/firmware/dev_ws/install/ament_mypy:/micro_ros_ws/firmware/dev_ws/install/ament_lint_cmake:/micro_ros_ws/firmware/dev_ws/install/ament_flake8:/micro_ros_ws/firmware/dev_ws/install/ament_copyright:/micro_ros_ws/firmware/dev_ws/install/ament_lint:/micro_ros_ws/firmware/dev_ws/install/ament_index_python:/micro_ros_ws/firmware/dev_ws/install/ament_cpplint:/micro_ros_ws/firmware/dev_ws/install/ament_cppcheck:/micro_ros_ws/firmware/dev_ws/install/ament_clang_tidy:/micro_ros_ws/firmware/dev_ws/install/ament_clang_format /usr/bin/cmake --build /micro_ros_ws/firmware/mcu_ws/build/libyaml_vendor -- -j12 -l12
[2.055s] gmake[4]: Entering directory '/micro_ros_ws/firmware/mcu_ws/build/libyaml_vendor'
[2.056s] /usr/bin/cmake -S/micro_ros_ws/firmware/mcu_ws/ros2/libyaml_vendor -B/micro_ros_ws/firmware/mcu_ws/build/libyaml_vendor --check-build-system CMakeFiles/Makefile.cmake 0
[2.179s] Re-run cmake file: Makefile older than: /micro_ros_ws/firmware/freertos_apps/microros_esp32_extensions/esp32_toolchain.cmake
[2.214s] -- Found ament_cmake: 1.3.14 (/micro_ros_ws/firmware/dev_ws/install/ament_cmake/share/ament_cmake/cmake)
[4.986s] -- Configuring done
[5.115s] -- Generating done
[5.159s] -- Build files have been written to: /micro_ros_ws/firmware/mcu_ws/build/libyaml_vendor
[5.161s] /usr/bin/cmake -E cmake_progress_start /micro_ros_ws/firmware/mcu_ws/build/libyaml_vendor/CMakeFiles /micro_ros_ws/firmware/mcu_ws/build/libyaml_vendor//CMakeFiles/progress.marks
[5.188s] /usr/bin/gmake  -f CMakeFiles/Makefile2 all
[5.194s] gmake[5]: Entering directory '/micro_ros_ws/firmware/mcu_ws/build/libyaml_vendor'
[5.194s] /usr/bin/gmake  -f CMakeFiles/libyaml-0.2.5.dir/build.make CMakeFiles/libyaml-0.2.5.dir/depend
[5.201s] gmake[6]: Entering directory '/micro_ros_ws/firmware/mcu_ws/build/libyaml_vendor'
[5.201s] cd /micro_ros_ws/firmware/mcu_ws/build/libyaml_vendor && /usr/bin/cmake -E cmake_depends "Unix Makefiles" /micro_ros_ws/firmware/mcu_ws/ros2/libyaml_vendor /micro_ros_ws/firmware/mcu_ws/ros2/libyaml_vendor /micro_ros_ws/firmware/mcu_ws/build/libyaml_vendor /micro_ros_ws/firmware/mcu_ws/build/libyaml_vendor /micro_ros_ws/firmware/mcu_ws/build/libyaml_vendor/CMakeFiles/libyaml-0.2.5.dir/DependInfo.cmake --color=
[5.232s] gmake[6]: Leaving directory '/micro_ros_ws/firmware/mcu_ws/build/libyaml_vendor'
[5.233s] /usr/bin/gmake  -f CMakeFiles/libyaml-0.2.5.dir/build.make CMakeFiles/libyaml-0.2.5.dir/build
[5.247s] gmake[6]: Entering directory '/micro_ros_ws/firmware/mcu_ws/build/libyaml_vendor'
[5.247s] gmake[6]: Nothing to be done for 'CMakeFiles/libyaml-0.2.5.dir/build'.
[5.248s] gmake[6]: Leaving directory '/micro_ros_ws/firmware/mcu_ws/build/libyaml_vendor'
[5.278s] [100%] Built target libyaml-0.2.5
[5.279s] gmake[5]: Leaving directory '/micro_ros_ws/firmware/mcu_ws/build/libyaml_vendor'
[5.279s] /usr/bin/cmake -E cmake_progress_start /micro_ros_ws/firmware/mcu_ws/build/libyaml_vendor/CMakeFiles 0
[5.308s] gmake[4]: Leaving directory '/micro_ros_ws/firmware/mcu_ws/build/libyaml_vendor'
[5.310s] Invoked command in '/micro_ros_ws/firmware/mcu_ws/build/libyaml_vendor' returned '0': CMAKE_PREFIX_PATH=${CMAKE_PREFIX_PATH}:/micro_ros_ws/firmware/dev_ws/install/ament_uncrustify:/micro_ros_ws/firmware/dev_ws/install/domain_coordinator:/micro_ros_ws/firmware/dev_ws/install/ament_xmllint:/micro_ros_ws/firmware/dev_ws/install/ament_pyflakes:/micro_ros_ws/firmware/dev_ws/install/ament_pycodestyle:/micro_ros_ws/firmware/dev_ws/install/ament_pep257:/micro_ros_ws/firmware/dev_ws/install/ament_pclint:/micro_ros_ws/firmware/dev_ws/install/ament_package:/micro_ros_ws/firmware/dev_ws/install/ament_mypy:/micro_ros_ws/firmware/dev_ws/install/ament_lint_cmake:/micro_ros_ws/firmware/dev_ws/install/ament_flake8:/micro_ros_ws/firmware/dev_ws/install/ament_copyright:/micro_ros_ws/firmware/dev_ws/install/ament_lint:/micro_ros_ws/firmware/dev_ws/install/ament_index_python:/micro_ros_ws/firmware/dev_ws/install/ament_cpplint:/micro_ros_ws/firmware/dev_ws/install/ament_cppcheck:/micro_ros_ws/firmware/dev_ws/install/ament_clang_tidy:/micro_ros_ws/firmware/dev_ws/install/ament_clang_format /usr/bin/cmake --build /micro_ros_ws/firmware/mcu_ws/build/libyaml_vendor -- -j12 -l12
[5.314s] Invoking command in '/micro_ros_ws/firmware/mcu_ws/build/libyaml_vendor': CMAKE_PREFIX_PATH=${CMAKE_PREFIX_PATH}:/micro_ros_ws/firmware/dev_ws/install/ament_uncrustify:/micro_ros_ws/firmware/dev_ws/install/domain_coordinator:/micro_ros_ws/firmware/dev_ws/install/ament_xmllint:/micro_ros_ws/firmware/dev_ws/install/ament_pyflakes:/micro_ros_ws/firmware/dev_ws/install/ament_pycodestyle:/micro_ros_ws/firmware/dev_ws/install/ament_pep257:/micro_ros_ws/firmware/dev_ws/install/ament_pclint:/micro_ros_ws/firmware/dev_ws/install/ament_package:/micro_ros_ws/firmware/dev_ws/install/ament_mypy:/micro_ros_ws/firmware/dev_ws/install/ament_lint_cmake:/micro_ros_ws/firmware/dev_ws/install/ament_flake8:/micro_ros_ws/firmware/dev_ws/install/ament_copyright:/micro_ros_ws/firmware/dev_ws/install/ament_lint:/micro_ros_ws/firmware/dev_ws/install/ament_index_python:/micro_ros_ws/firmware/dev_ws/install/ament_cpplint:/micro_ros_ws/firmware/dev_ws/install/ament_cppcheck:/micro_ros_ws/firmware/dev_ws/install/ament_clang_tidy:/micro_ros_ws/firmware/dev_ws/install/ament_clang_format /usr/bin/cmake --install /micro_ros_ws/firmware/mcu_ws/build/libyaml_vendor
[5.342s] -- Install configuration: "Debug"
[5.344s] -- Up-to-date: /micro_ros_ws/firmware/mcu_ws/install
[5.348s] -- Up-to-date: /micro_ros_ws/firmware/mcu_ws/install/cmake
[5.354s] -- Up-to-date: /micro_ros_ws/firmware/mcu_ws/install/cmake/yamlConfig.cmake
[5.358s] -- Up-to-date: /micro_ros_ws/firmware/mcu_ws/install/cmake/yamlConfigVersion.cmake
[5.361s] -- Up-to-date: /micro_ros_ws/firmware/mcu_ws/install/cmake/yamlTargets-debug.cmake
[5.364s] -- Up-to-date: /micro_ros_ws/firmware/mcu_ws/install/cmake/yamlTargets.cmake
[5.366s] -- Up-to-date: /micro_ros_ws/firmware/mcu_ws/install/include
[5.369s] -- Up-to-date: /micro_ros_ws/firmware/mcu_ws/install/include/libyaml_vendor
[5.373s] -- Up-to-date: /micro_ros_ws/firmware/mcu_ws/install/include/libyaml_vendor/yaml.h
[5.375s] -- Up-to-date: /micro_ros_ws/firmware/mcu_ws/install/lib
[5.380s] -- Up-to-date: /micro_ros_ws/firmware/mcu_ws/install/lib/libyaml.a
[5.385s] -- Up-to-date: /micro_ros_ws/firmware/mcu_ws/install/share/libyaml_vendor/environment/library_path.sh
[5.388s] -- Installing: /micro_ros_ws/firmware/mcu_ws/install/share/libyaml_vendor/environment/library_path.dsv
[5.398s] -- Up-to-date: /micro_ros_ws/firmware/mcu_ws/install/share/ament_index/resource_index/package_run_dependencies/libyaml_vendor
[5.402s] -- Up-to-date: /micro_ros_ws/firmware/mcu_ws/install/share/ament_index/resource_index/parent_prefix_path/libyaml_vendor
[5.406s] -- Up-to-date: /micro_ros_ws/firmware/mcu_ws/install/share/libyaml_vendor/environment/ament_prefix_path.sh
[5.408s] -- Installing: /micro_ros_ws/firmware/mcu_ws/install/share/libyaml_vendor/environment/ament_prefix_path.dsv
[5.418s] -- Up-to-date: /micro_ros_ws/firmware/mcu_ws/install/share/libyaml_vendor/environment/path.sh
[5.421s] -- Installing: /micro_ros_ws/firmware/mcu_ws/install/share/libyaml_vendor/environment/path.dsv
[5.433s] -- Up-to-date: /micro_ros_ws/firmware/mcu_ws/install/share/libyaml_vendor/local_setup.bash
[5.440s] -- Up-to-date: /micro_ros_ws/firmware/mcu_ws/install/share/libyaml_vendor/local_setup.sh
[5.441s] -- Up-to-date: /micro_ros_ws/firmware/mcu_ws/install/share/libyaml_vendor/local_setup.zsh
[5.443s] -- Installing: /micro_ros_ws/firmware/mcu_ws/install/share/libyaml_vendor/local_setup.dsv
[5.451s] -- Installing: /micro_ros_ws/firmware/mcu_ws/install/share/libyaml_vendor/package.dsv
[5.461s] -- Up-to-date: /micro_ros_ws/firmware/mcu_ws/install/share/ament_index/resource_index/packages/libyaml_vendor
[5.463s] -- Up-to-date: /micro_ros_ws/firmware/mcu_ws/install/share/libyaml_vendor/cmake/libyaml_vendor-extras.cmake
[5.466s] -- Up-to-date: /micro_ros_ws/firmware/mcu_ws/install/share/libyaml_vendor/cmake/ament_cmake_export_libraries-extras.cmake
[5.470s] -- Up-to-date: /micro_ros_ws/firmware/mcu_ws/install/share/libyaml_vendor/cmake/ament_cmake_export_dependencies-extras.cmake
[5.473s] -- Up-to-date: /micro_ros_ws/firmware/mcu_ws/install/share/libyaml_vendor/cmake/libyaml_vendorConfig.cmake
[5.477s] -- Up-to-date: /micro_ros_ws/firmware/mcu_ws/install/share/libyaml_vendor/cmake/libyaml_vendorConfig-version.cmake
[5.479s] -- Up-to-date: /micro_ros_ws/firmware/mcu_ws/install/share/libyaml_vendor/package.xml
[5.482s] Invoked command in '/micro_ros_ws/firmware/mcu_ws/build/libyaml_vendor' returned '0': CMAKE_PREFIX_PATH=${CMAKE_PREFIX_PATH}:/micro_ros_ws/firmware/dev_ws/install/ament_uncrustify:/micro_ros_ws/firmware/dev_ws/install/domain_coordinator:/micro_ros_ws/firmware/dev_ws/install/ament_xmllint:/micro_ros_ws/firmware/dev_ws/install/ament_pyflakes:/micro_ros_ws/firmware/dev_ws/install/ament_pycodestyle:/micro_ros_ws/firmware/dev_ws/install/ament_pep257:/micro_ros_ws/firmware/dev_ws/install/ament_pclint:/micro_ros_ws/firmware/dev_ws/install/ament_package:/micro_ros_ws/firmware/dev_ws/install/ament_mypy:/micro_ros_ws/firmware/dev_ws/install/ament_lint_cmake:/micro_ros_ws/firmware/dev_ws/install/ament_flake8:/micro_ros_ws/firmware/dev_ws/install/ament_copyright:/micro_ros_ws/firmware/dev_ws/install/ament_lint:/micro_ros_ws/firmware/dev_ws/install/ament_index_python:/micro_ros_ws/firmware/dev_ws/install/ament_cpplint:/micro_ros_ws/firmware/dev_ws/install/ament_cppcheck:/micro_ros_ws/firmware/dev_ws/install/ament_clang_tidy:/micro_ros_ws/firmware/dev_ws/install/ament_clang_format /usr/bin/cmake --install /micro_ros_ws/firmware/mcu_ws/build/libyaml_vendor
