[0.668s] Invoking command in '/micro_ros_ws/wall_e_ws/src/localization': PYTHONPATH=/micro_ros_ws/wall_e_ws/build/localization/prefix_override:/usr/lib/python3/dist-packages/colcon_core/task/python/colcon_distutils_commands:/micro_ros_ws/wall_e_ws/install/localization/lib/python3.10/site-packages: /usr/bin/python3 -W ignore:setup.py install is deprecated -W ignore:easy_install command is deprecated setup.py egg_info --egg-base ../../build/localization build --build-base /micro_ros_ws/wall_e_ws/build/localization/build install --record /micro_ros_ws/wall_e_ws/build/localization/install.log --single-version-externally-managed install_data
[0.812s] running egg_info
[0.813s] writing ../../build/localization/localization.egg-info/PKG-INFO
[0.813s] writing dependency_links to ../../build/localization/localization.egg-info/dependency_links.txt
[0.814s] writing entry points to ../../build/localization/localization.egg-info/entry_points.txt
[0.814s] writing requirements to ../../build/localization/localization.egg-info/requires.txt
[0.815s] writing top-level names to ../../build/localization/localization.egg-info/top_level.txt
[0.819s] reading manifest file '../../build/localization/localization.egg-info/SOURCES.txt'
[0.821s] adding license file 'LICENSE'
[0.823s] writing manifest file '../../build/localization/localization.egg-info/SOURCES.txt'
[0.823s] running build
[0.823s] running build_py
[0.825s] running install
[0.825s] running install_lib
[0.830s] running install_data
[0.830s] running install_egg_info
[0.833s] removing '/micro_ros_ws/wall_e_ws/install/localization/lib/python3.10/site-packages/localization-0.0.0-py3.10.egg-info' (and everything under it)
[0.835s] Copying ../../build/localization/localization.egg-info to /micro_ros_ws/wall_e_ws/install/localization/lib/python3.10/site-packages/localization-0.0.0-py3.10.egg-info
[0.841s] running install_scripts
[0.872s] Installing inverse_kinematic_node script to /micro_ros_ws/wall_e_ws/install/localization/lib/localization
[0.872s] Installing odometry_node script to /micro_ros_ws/wall_e_ws/install/localization/lib/localization
[0.873s] writing list of installed files to '/micro_ros_ws/wall_e_ws/build/localization/install.log'
[0.900s] Invoked command in '/micro_ros_ws/wall_e_ws/src/localization' returned '0': PYTHONPATH=/micro_ros_ws/wall_e_ws/build/localization/prefix_override:/usr/lib/python3/dist-packages/colcon_core/task/python/colcon_distutils_commands:/micro_ros_ws/wall_e_ws/install/localization/lib/python3.10/site-packages: /usr/bin/python3 -W ignore:setup.py install is deprecated -W ignore:easy_install command is deprecated setup.py egg_info --egg-base ../../build/localization build --build-base /micro_ros_ws/wall_e_ws/build/localization/build install --record /micro_ros_ws/wall_e_ws/build/localization/install.log --single-version-externally-managed install_data
