[0.094s] DEBUG:colcon:Command line arguments: ['/usr/bin/colcon', 'build']
[0.094s] DEBUG:colcon:Parsed command line arguments: Namespace(log_base=None, log_level=None, verb_name='build', build_base='build', install_base='install', merge_install=False, symlink_install=False, test_result_base=None, continue_on_error=False, executor='parallel', parallel_workers=12, event_handlers=None, ignore_user_meta=False, metas=['./colcon.meta'], base_paths=['.'], packages_ignore=None, packages_ignore_regex=None, paths=None, packages_up_to=None, packages_up_to_regex=None, packages_above=None, packages_above_and_dependencies=None, packages_above_depth=None, packages_select_by_dep=None, packages_skip_by_dep=None, packages_skip_up_to=None, packages_select_build_failed=False, packages_skip_build_finished=False, packages_select_test_failures=False, packages_skip_test_passed=False, packages_select=None, packages_skip=None, packages_select_regex=None, packages_skip_regex=None, packages_start=None, packages_end=None, cmake_args=None, cmake_target=None, cmake_target_skip_unavailable=False, cmake_clean_cache=False, cmake_clean_first=False, cmake_force_configure=False, ament_cmake_args=None, catkin_cmake_args=None, catkin_skip_building_tests=False, mixin_files=None, mixin=None, verb_parser=<colcon_mixin.mixin.mixin_argument.MixinArgumentDecorator object at 0x779591f8cb50>, verb_extension=<colcon_core.verb.build.BuildVerb object at 0x779591f8c5e0>, main=<bound method BuildVerb.main of <colcon_core.verb.build.BuildVerb object at 0x779591f8c5e0>>, mixin_verb=('build',))
[0.186s] Level 1:colcon.colcon_core.package_discovery:discover_packages(colcon_meta) check parameters
[0.186s] INFO:colcon.colcon_metadata.package_discovery.colcon_meta:Using configuration from '/root/.colcon/metadata/default/Gazebo.meta'
[0.187s] INFO:colcon.colcon_metadata.package_discovery.colcon_meta:Using configuration from '/root/.colcon/metadata/default/fastdds.meta'
[0.187s] INFO:colcon.colcon_metadata.package_discovery.colcon_meta:Using configuration from '/root/.colcon/metadata/default/fastrtps.meta'
[0.187s] Level 1:colcon.colcon_core.package_discovery:discover_packages(recursive) check parameters
[0.187s] Level 1:colcon.colcon_core.package_discovery:discover_packages(ignore) check parameters
[0.187s] Level 1:colcon.colcon_core.package_discovery:discover_packages(path) check parameters
[0.187s] Level 1:colcon.colcon_core.package_discovery:discover_packages(colcon_meta) discover
[0.188s] Level 1:colcon.colcon_core.package_discovery:discover_packages(recursive) discover
[0.188s] INFO:colcon.colcon_core.package_discovery:Crawling recursively for packages in '/micro_ros_ws/wall_e_ws'
[0.188s] Level 1:colcon.colcon_core.package_identification:_identify(.) by extensions ['ignore', 'ignore_ament_install']
[0.188s] Level 1:colcon.colcon_core.package_identification:_identify(.) by extension 'ignore'
[0.188s] Level 1:colcon.colcon_core.package_identification:_identify(.) by extension 'ignore_ament_install'
[0.188s] Level 1:colcon.colcon_core.package_identification:_identify(.) by extensions ['colcon_pkg']
[0.188s] Level 1:colcon.colcon_core.package_identification:_identify(.) by extension 'colcon_pkg'
[0.188s] Level 1:colcon.colcon_core.package_identification:_identify(.) by extensions ['colcon_meta']
[0.188s] Level 1:colcon.colcon_core.package_identification:_identify(.) by extension 'colcon_meta'
[0.188s] Level 1:colcon.colcon_core.package_identification:_identify(.) by extensions ['ros']
[0.188s] Level 1:colcon.colcon_core.package_identification:_identify(.) by extension 'ros'
[0.197s] Level 1:colcon.colcon_core.package_identification:_identify(.) by extensions ['cmake', 'python']
[0.197s] Level 1:colcon.colcon_core.package_identification:_identify(.) by extension 'cmake'
[0.197s] Level 1:colcon.colcon_core.package_identification:_identify(.) by extension 'python'
[0.197s] Level 1:colcon.colcon_core.package_identification:_identify(.) by extensions ['python_setup_py']
[0.197s] Level 1:colcon.colcon_core.package_identification:_identify(.) by extension 'python_setup_py'
[0.198s] Level 1:colcon.colcon_core.package_identification:_identify(build) by extensions ['ignore', 'ignore_ament_install']
[0.198s] Level 1:colcon.colcon_core.package_identification:_identify(build) by extension 'ignore'
[0.198s] Level 1:colcon.colcon_core.package_identification:_identify(build) ignored
[0.198s] Level 1:colcon.colcon_core.package_identification:_identify(install) by extensions ['ignore', 'ignore_ament_install']
[0.198s] Level 1:colcon.colcon_core.package_identification:_identify(install) by extension 'ignore'
[0.198s] Level 1:colcon.colcon_core.package_identification:_identify(install) ignored
[0.198s] Level 1:colcon.colcon_core.package_identification:_identify(log) by extensions ['ignore', 'ignore_ament_install']
[0.198s] Level 1:colcon.colcon_core.package_identification:_identify(log) by extension 'ignore'
[0.198s] Level 1:colcon.colcon_core.package_identification:_identify(log) ignored
[0.199s] Level 1:colcon.colcon_core.package_identification:_identify(src) by extensions ['ignore', 'ignore_ament_install']
[0.199s] Level 1:colcon.colcon_core.package_identification:_identify(src) by extension 'ignore'
[0.199s] Level 1:colcon.colcon_core.package_identification:_identify(src) by extension 'ignore_ament_install'
[0.199s] Level 1:colcon.colcon_core.package_identification:_identify(src) by extensions ['colcon_pkg']
[0.199s] Level 1:colcon.colcon_core.package_identification:_identify(src) by extension 'colcon_pkg'
[0.199s] Level 1:colcon.colcon_core.package_identification:_identify(src) by extensions ['colcon_meta']
[0.199s] Level 1:colcon.colcon_core.package_identification:_identify(src) by extension 'colcon_meta'
[0.199s] Level 1:colcon.colcon_core.package_identification:_identify(src) by extensions ['ros']
[0.199s] Level 1:colcon.colcon_core.package_identification:_identify(src) by extension 'ros'
[0.199s] Level 1:colcon.colcon_core.package_identification:_identify(src) by extensions ['cmake', 'python']
[0.199s] Level 1:colcon.colcon_core.package_identification:_identify(src) by extension 'cmake'
[0.199s] Level 1:colcon.colcon_core.package_identification:_identify(src) by extension 'python'
[0.199s] Level 1:colcon.colcon_core.package_identification:_identify(src) by extensions ['python_setup_py']
[0.199s] Level 1:colcon.colcon_core.package_identification:_identify(src) by extension 'python_setup_py'
[0.200s] Level 1:colcon.colcon_core.package_identification:_identify(src/control) by extensions ['ignore', 'ignore_ament_install']
[0.200s] Level 1:colcon.colcon_core.package_identification:_identify(src/control) by extension 'ignore'
[0.200s] Level 1:colcon.colcon_core.package_identification:_identify(src/control) by extension 'ignore_ament_install'
[0.200s] Level 1:colcon.colcon_core.package_identification:_identify(src/control) by extensions ['colcon_pkg']
[0.200s] Level 1:colcon.colcon_core.package_identification:_identify(src/control) by extension 'colcon_pkg'
[0.200s] Level 1:colcon.colcon_core.package_identification:_identify(src/control) by extensions ['colcon_meta']
[0.200s] Level 1:colcon.colcon_core.package_identification:_identify(src/control) by extension 'colcon_meta'
[0.200s] Level 1:colcon.colcon_core.package_identification:_identify(src/control) by extensions ['ros']
[0.200s] Level 1:colcon.colcon_core.package_identification:_identify(src/control) by extension 'ros'
[0.203s] DEBUG:colcon.colcon_core.package_identification:Package 'src/control' with type 'ros.ament_python' and name 'control'
[0.203s] Level 1:colcon.colcon_core.package_identification:_identify(src/custom_interfaces) by extensions ['ignore', 'ignore_ament_install']
[0.203s] Level 1:colcon.colcon_core.package_identification:_identify(src/custom_interfaces) by extension 'ignore'
[0.203s] Level 1:colcon.colcon_core.package_identification:_identify(src/custom_interfaces) by extension 'ignore_ament_install'
[0.203s] Level 1:colcon.colcon_core.package_identification:_identify(src/custom_interfaces) by extensions ['colcon_pkg']
[0.203s] Level 1:colcon.colcon_core.package_identification:_identify(src/custom_interfaces) by extension 'colcon_pkg'
[0.203s] Level 1:colcon.colcon_core.package_identification:_identify(src/custom_interfaces) by extensions ['colcon_meta']
[0.203s] Level 1:colcon.colcon_core.package_identification:_identify(src/custom_interfaces) by extension 'colcon_meta'
[0.203s] Level 1:colcon.colcon_core.package_identification:_identify(src/custom_interfaces) by extensions ['ros']
[0.203s] Level 1:colcon.colcon_core.package_identification:_identify(src/custom_interfaces) by extension 'ros'
[0.204s] DEBUG:colcon.colcon_core.package_identification:Package 'src/custom_interfaces' with type 'ros.ament_cmake' and name 'custom_interfaces'
[0.204s] Level 1:colcon.colcon_core.package_identification:_identify(src/feedback) by extensions ['ignore', 'ignore_ament_install']
[0.205s] Level 1:colcon.colcon_core.package_identification:_identify(src/feedback) by extension 'ignore'
[0.205s] Level 1:colcon.colcon_core.package_identification:_identify(src/feedback) by extension 'ignore_ament_install'
[0.205s] Level 1:colcon.colcon_core.package_identification:_identify(src/feedback) by extensions ['colcon_pkg']
[0.205s] Level 1:colcon.colcon_core.package_identification:_identify(src/feedback) by extension 'colcon_pkg'
[0.205s] Level 1:colcon.colcon_core.package_identification:_identify(src/feedback) by extensions ['colcon_meta']
[0.205s] Level 1:colcon.colcon_core.package_identification:_identify(src/feedback) by extension 'colcon_meta'
[0.205s] Level 1:colcon.colcon_core.package_identification:_identify(src/feedback) by extensions ['ros']
[0.205s] Level 1:colcon.colcon_core.package_identification:_identify(src/feedback) by extension 'ros'
[0.206s] DEBUG:colcon.colcon_core.package_identification:Package 'src/feedback' with type 'ros.ament_python' and name 'feedback'
[0.206s] Level 1:colcon.colcon_core.package_identification:_identify(src/localization) by extensions ['ignore', 'ignore_ament_install']
[0.206s] Level 1:colcon.colcon_core.package_identification:_identify(src/localization) by extension 'ignore'
[0.206s] Level 1:colcon.colcon_core.package_identification:_identify(src/localization) by extension 'ignore_ament_install'
[0.206s] Level 1:colcon.colcon_core.package_identification:_identify(src/localization) by extensions ['colcon_pkg']
[0.207s] Level 1:colcon.colcon_core.package_identification:_identify(src/localization) by extension 'colcon_pkg'
[0.207s] Level 1:colcon.colcon_core.package_identification:_identify(src/localization) by extensions ['colcon_meta']
[0.207s] Level 1:colcon.colcon_core.package_identification:_identify(src/localization) by extension 'colcon_meta'
[0.207s] Level 1:colcon.colcon_core.package_identification:_identify(src/localization) by extensions ['ros']
[0.207s] Level 1:colcon.colcon_core.package_identification:_identify(src/localization) by extension 'ros'
[0.208s] DEBUG:colcon.colcon_core.package_identification:Package 'src/localization' with type 'ros.ament_python' and name 'localization'
[0.208s] Level 1:colcon.colcon_core.package_identification:_identify(src/wall_e_description) by extensions ['ignore', 'ignore_ament_install']
[0.208s] Level 1:colcon.colcon_core.package_identification:_identify(src/wall_e_description) by extension 'ignore'
[0.208s] Level 1:colcon.colcon_core.package_identification:_identify(src/wall_e_description) by extension 'ignore_ament_install'
[0.208s] Level 1:colcon.colcon_core.package_identification:_identify(src/wall_e_description) by extensions ['colcon_pkg']
[0.208s] Level 1:colcon.colcon_core.package_identification:_identify(src/wall_e_description) by extension 'colcon_pkg'
[0.208s] Level 1:colcon.colcon_core.package_identification:_identify(src/wall_e_description) by extensions ['colcon_meta']
[0.208s] Level 1:colcon.colcon_core.package_identification:_identify(src/wall_e_description) by extension 'colcon_meta'
[0.209s] Level 1:colcon.colcon_core.package_identification:_identify(src/wall_e_description) by extensions ['ros']
[0.209s] Level 1:colcon.colcon_core.package_identification:_identify(src/wall_e_description) by extension 'ros'
[0.209s] DEBUG:colcon.colcon_core.package_identification:Package 'src/wall_e_description' with type 'ros.ament_cmake' and name 'wall_e_description'
[0.210s] Level 1:colcon.colcon_core.package_discovery:discover_packages(recursive) using defaults
[0.210s] Level 1:colcon.colcon_core.package_discovery:discover_packages(ignore) discover
[0.210s] Level 1:colcon.colcon_core.package_discovery:discover_packages(ignore) using defaults
[0.210s] Level 1:colcon.colcon_core.package_discovery:discover_packages(path) discover
[0.210s] Level 1:colcon.colcon_core.package_discovery:discover_packages(path) using defaults
[0.229s] Level 5:colcon.colcon_core.verb:set package 'custom_interfaces' build argument 'cmake_args' from command line to 'None'
[0.229s] Level 5:colcon.colcon_core.verb:set package 'custom_interfaces' build argument 'cmake_target' from command line to 'None'
[0.229s] Level 5:colcon.colcon_core.verb:set package 'custom_interfaces' build argument 'cmake_target_skip_unavailable' from command line to 'False'
[0.229s] Level 5:colcon.colcon_core.verb:set package 'custom_interfaces' build argument 'cmake_clean_cache' from command line to 'False'
[0.229s] Level 5:colcon.colcon_core.verb:set package 'custom_interfaces' build argument 'cmake_clean_first' from command line to 'False'
[0.229s] Level 5:colcon.colcon_core.verb:set package 'custom_interfaces' build argument 'cmake_force_configure' from command line to 'False'
[0.229s] Level 5:colcon.colcon_core.verb:set package 'custom_interfaces' build argument 'ament_cmake_args' from command line to 'None'
[0.229s] Level 5:colcon.colcon_core.verb:set package 'custom_interfaces' build argument 'catkin_cmake_args' from command line to 'None'
[0.229s] Level 5:colcon.colcon_core.verb:set package 'custom_interfaces' build argument 'catkin_skip_building_tests' from command line to 'False'
[0.229s] DEBUG:colcon.colcon_core.verb:Building package 'custom_interfaces' with the following arguments: {'ament_cmake_args': None, 'build_base': '/micro_ros_ws/wall_e_ws/build/custom_interfaces', 'catkin_cmake_args': None, 'catkin_skip_building_tests': False, 'cmake_args': None, 'cmake_clean_cache': False, 'cmake_clean_first': False, 'cmake_force_configure': False, 'cmake_target': None, 'cmake_target_skip_unavailable': False, 'install_base': '/micro_ros_ws/wall_e_ws/install/custom_interfaces', 'merge_install': False, 'path': '/micro_ros_ws/wall_e_ws/src/custom_interfaces', 'symlink_install': False, 'test_result_base': None}
[0.230s] Level 5:colcon.colcon_core.verb:set package 'feedback' build argument 'cmake_args' from command line to 'None'
[0.230s] Level 5:colcon.colcon_core.verb:set package 'feedback' build argument 'cmake_target' from command line to 'None'
[0.230s] Level 5:colcon.colcon_core.verb:set package 'feedback' build argument 'cmake_target_skip_unavailable' from command line to 'False'
[0.230s] Level 5:colcon.colcon_core.verb:set package 'feedback' build argument 'cmake_clean_cache' from command line to 'False'
[0.230s] Level 5:colcon.colcon_core.verb:set package 'feedback' build argument 'cmake_clean_first' from command line to 'False'
[0.230s] Level 5:colcon.colcon_core.verb:set package 'feedback' build argument 'cmake_force_configure' from command line to 'False'
[0.230s] Level 5:colcon.colcon_core.verb:set package 'feedback' build argument 'ament_cmake_args' from command line to 'None'
[0.230s] Level 5:colcon.colcon_core.verb:set package 'feedback' build argument 'catkin_cmake_args' from command line to 'None'
[0.230s] Level 5:colcon.colcon_core.verb:set package 'feedback' build argument 'catkin_skip_building_tests' from command line to 'False'
[0.230s] DEBUG:colcon.colcon_core.verb:Building package 'feedback' with the following arguments: {'ament_cmake_args': None, 'build_base': '/micro_ros_ws/wall_e_ws/build/feedback', 'catkin_cmake_args': None, 'catkin_skip_building_tests': False, 'cmake_args': None, 'cmake_clean_cache': False, 'cmake_clean_first': False, 'cmake_force_configure': False, 'cmake_target': None, 'cmake_target_skip_unavailable': False, 'install_base': '/micro_ros_ws/wall_e_ws/install/feedback', 'merge_install': False, 'path': '/micro_ros_ws/wall_e_ws/src/feedback', 'symlink_install': False, 'test_result_base': None}
[0.230s] Level 5:colcon.colcon_core.verb:set package 'localization' build argument 'cmake_args' from command line to 'None'
[0.230s] Level 5:colcon.colcon_core.verb:set package 'localization' build argument 'cmake_target' from command line to 'None'
[0.230s] Level 5:colcon.colcon_core.verb:set package 'localization' build argument 'cmake_target_skip_unavailable' from command line to 'False'
[0.230s] Level 5:colcon.colcon_core.verb:set package 'localization' build argument 'cmake_clean_cache' from command line to 'False'
[0.230s] Level 5:colcon.colcon_core.verb:set package 'localization' build argument 'cmake_clean_first' from command line to 'False'
[0.230s] Level 5:colcon.colcon_core.verb:set package 'localization' build argument 'cmake_force_configure' from command line to 'False'
[0.230s] Level 5:colcon.colcon_core.verb:set package 'localization' build argument 'ament_cmake_args' from command line to 'None'
[0.230s] Level 5:colcon.colcon_core.verb:set package 'localization' build argument 'catkin_cmake_args' from command line to 'None'
[0.230s] Level 5:colcon.colcon_core.verb:set package 'localization' build argument 'catkin_skip_building_tests' from command line to 'False'
[0.230s] DEBUG:colcon.colcon_core.verb:Building package 'localization' with the following arguments: {'ament_cmake_args': None, 'build_base': '/micro_ros_ws/wall_e_ws/build/localization', 'catkin_cmake_args': None, 'catkin_skip_building_tests': False, 'cmake_args': None, 'cmake_clean_cache': False, 'cmake_clean_first': False, 'cmake_force_configure': False, 'cmake_target': None, 'cmake_target_skip_unavailable': False, 'install_base': '/micro_ros_ws/wall_e_ws/install/localization', 'merge_install': False, 'path': '/micro_ros_ws/wall_e_ws/src/localization', 'symlink_install': False, 'test_result_base': None}
[0.230s] Level 5:colcon.colcon_core.verb:set package 'wall_e_description' build argument 'cmake_args' from command line to 'None'
[0.230s] Level 5:colcon.colcon_core.verb:set package 'wall_e_description' build argument 'cmake_target' from command line to 'None'
[0.231s] Level 5:colcon.colcon_core.verb:set package 'wall_e_description' build argument 'cmake_target_skip_unavailable' from command line to 'False'
[0.231s] Level 5:colcon.colcon_core.verb:set package 'wall_e_description' build argument 'cmake_clean_cache' from command line to 'False'
[0.231s] Level 5:colcon.colcon_core.verb:set package 'wall_e_description' build argument 'cmake_clean_first' from command line to 'False'
[0.231s] Level 5:colcon.colcon_core.verb:set package 'wall_e_description' build argument 'cmake_force_configure' from command line to 'False'
[0.231s] Level 5:colcon.colcon_core.verb:set package 'wall_e_description' build argument 'ament_cmake_args' from command line to 'None'
[0.231s] Level 5:colcon.colcon_core.verb:set package 'wall_e_description' build argument 'catkin_cmake_args' from command line to 'None'
[0.231s] Level 5:colcon.colcon_core.verb:set package 'wall_e_description' build argument 'catkin_skip_building_tests' from command line to 'False'
[0.231s] DEBUG:colcon.colcon_core.verb:Building package 'wall_e_description' with the following arguments: {'ament_cmake_args': None, 'build_base': '/micro_ros_ws/wall_e_ws/build/wall_e_description', 'catkin_cmake_args': None, 'catkin_skip_building_tests': False, 'cmake_args': None, 'cmake_clean_cache': False, 'cmake_clean_first': False, 'cmake_force_configure': False, 'cmake_target': None, 'cmake_target_skip_unavailable': False, 'install_base': '/micro_ros_ws/wall_e_ws/install/wall_e_description', 'merge_install': False, 'path': '/micro_ros_ws/wall_e_ws/src/wall_e_description', 'symlink_install': False, 'test_result_base': None}
[0.231s] Level 5:colcon.colcon_core.verb:set package 'control' build argument 'cmake_args' from command line to 'None'
[0.231s] Level 5:colcon.colcon_core.verb:set package 'control' build argument 'cmake_target' from command line to 'None'
[0.231s] Level 5:colcon.colcon_core.verb:set package 'control' build argument 'cmake_target_skip_unavailable' from command line to 'False'
[0.231s] Level 5:colcon.colcon_core.verb:set package 'control' build argument 'cmake_clean_cache' from command line to 'False'
[0.231s] Level 5:colcon.colcon_core.verb:set package 'control' build argument 'cmake_clean_first' from command line to 'False'
[0.231s] Level 5:colcon.colcon_core.verb:set package 'control' build argument 'cmake_force_configure' from command line to 'False'
[0.231s] Level 5:colcon.colcon_core.verb:set package 'control' build argument 'ament_cmake_args' from command line to 'None'
[0.231s] Level 5:colcon.colcon_core.verb:set package 'control' build argument 'catkin_cmake_args' from command line to 'None'
[0.231s] Level 5:colcon.colcon_core.verb:set package 'control' build argument 'catkin_skip_building_tests' from command line to 'False'
[0.231s] DEBUG:colcon.colcon_core.verb:Building package 'control' with the following arguments: {'ament_cmake_args': None, 'build_base': '/micro_ros_ws/wall_e_ws/build/control', 'catkin_cmake_args': None, 'catkin_skip_building_tests': False, 'cmake_args': None, 'cmake_clean_cache': False, 'cmake_clean_first': False, 'cmake_force_configure': False, 'cmake_target': None, 'cmake_target_skip_unavailable': False, 'install_base': '/micro_ros_ws/wall_e_ws/install/control', 'merge_install': False, 'path': '/micro_ros_ws/wall_e_ws/src/control', 'symlink_install': False, 'test_result_base': None}
[0.231s] INFO:colcon.colcon_core.executor:Executing jobs using 'parallel' executor
[0.232s] DEBUG:colcon.colcon_parallel_executor.executor.parallel:run_until_complete
[0.232s] INFO:colcon.colcon_ros.task.ament_cmake.build:Building ROS package in '/micro_ros_ws/wall_e_ws/src/custom_interfaces' with build type 'ament_cmake'
[0.232s] INFO:colcon.colcon_cmake.task.cmake.build:Building CMake package in '/micro_ros_ws/wall_e_ws/src/custom_interfaces'
[0.235s] INFO:colcon.colcon_core.plugin_system:Skipping extension 'colcon_core.shell.bat': Not used on non-Windows systems
[0.235s] INFO:colcon.colcon_core.shell:Skip shell extension 'powershell' for command environment: Not usable outside of PowerShell
[0.235s] DEBUG:colcon.colcon_core.shell:Skip shell extension 'dsv' for command environment
[0.240s] INFO:colcon.colcon_ros.task.ament_python.build:Building ROS package in '/micro_ros_ws/wall_e_ws/src/feedback' with build type 'ament_python'
[0.240s] Level 1:colcon.colcon_core.shell:create_environment_hook('feedback', 'ament_prefix_path')
[0.240s] INFO:colcon.colcon_core.shell:Creating environment hook '/micro_ros_ws/wall_e_ws/install/feedback/share/feedback/hook/ament_prefix_path.ps1'
[0.241s] INFO:colcon.colcon_core.shell:Creating environment descriptor '/micro_ros_ws/wall_e_ws/install/feedback/share/feedback/hook/ament_prefix_path.dsv'
[0.242s] INFO:colcon.colcon_core.shell:Creating environment hook '/micro_ros_ws/wall_e_ws/install/feedback/share/feedback/hook/ament_prefix_path.sh'
[0.243s] INFO:colcon.colcon_core.shell:Skip shell extension 'powershell' for command environment: Not usable outside of PowerShell
[0.243s] DEBUG:colcon.colcon_core.shell:Skip shell extension 'dsv' for command environment
[0.247s] INFO:colcon.colcon_ros.task.ament_python.build:Building ROS package in '/micro_ros_ws/wall_e_ws/src/localization' with build type 'ament_python'
[0.247s] Level 1:colcon.colcon_core.shell:create_environment_hook('localization', 'ament_prefix_path')
[0.247s] INFO:colcon.colcon_core.shell:Creating environment hook '/micro_ros_ws/wall_e_ws/install/localization/share/localization/hook/ament_prefix_path.ps1'
[0.248s] INFO:colcon.colcon_core.shell:Creating environment descriptor '/micro_ros_ws/wall_e_ws/install/localization/share/localization/hook/ament_prefix_path.dsv'
[0.249s] INFO:colcon.colcon_core.shell:Creating environment hook '/micro_ros_ws/wall_e_ws/install/localization/share/localization/hook/ament_prefix_path.sh'
[0.250s] INFO:colcon.colcon_core.shell:Skip shell extension 'powershell' for command environment: Not usable outside of PowerShell
[0.251s] DEBUG:colcon.colcon_core.shell:Skip shell extension 'dsv' for command environment
[0.255s] INFO:colcon.colcon_ros.task.ament_cmake.build:Building ROS package in '/micro_ros_ws/wall_e_ws/src/wall_e_description' with build type 'ament_cmake'
[0.255s] INFO:colcon.colcon_cmake.task.cmake.build:Building CMake package in '/micro_ros_ws/wall_e_ws/src/wall_e_description'
[0.255s] INFO:colcon.colcon_core.shell:Skip shell extension 'powershell' for command environment: Not usable outside of PowerShell
[0.255s] DEBUG:colcon.colcon_core.shell:Skip shell extension 'dsv' for command environment
[0.265s] DEBUG:colcon.colcon_core.event_handler.log_command:Invoking command in '/micro_ros_ws/wall_e_ws/build/custom_interfaces': CMAKE_PREFIX_PATH=${CMAKE_PREFIX_PATH}:/micro_ros_ws/wall_e_ws/install/localization:/micro_ros_ws/wall_e_ws/install/feedback:/micro_ros_ws/wall_e_ws/install/control:/opt/ros/humble /usr/bin/cmake --build /micro_ros_ws/wall_e_ws/build/custom_interfaces -- -j12 -l12
[0.572s] INFO:colcon.colcon_core.task.python.build:Building Python package in '/micro_ros_ws/wall_e_ws/src/feedback'
[0.572s] INFO:colcon.colcon_core.shell:Skip shell extension 'powershell' for command environment: Not usable outside of PowerShell
[0.572s] DEBUG:colcon.colcon_core.shell:Skip shell extension 'dsv' for command environment
[0.810s] INFO:colcon.colcon_core.task.python.build:Building Python package in '/micro_ros_ws/wall_e_ws/src/localization'
[0.811s] INFO:colcon.colcon_core.shell:Skip shell extension 'powershell' for command environment: Not usable outside of PowerShell
[0.811s] DEBUG:colcon.colcon_core.shell:Skip shell extension 'dsv' for command environment
[0.829s] DEBUG:colcon.colcon_core.event_handler.log_command:Invoked command in '/micro_ros_ws/wall_e_ws/build/custom_interfaces' returned '0': CMAKE_PREFIX_PATH=${CMAKE_PREFIX_PATH}:/micro_ros_ws/wall_e_ws/install/localization:/micro_ros_ws/wall_e_ws/install/feedback:/micro_ros_ws/wall_e_ws/install/control:/opt/ros/humble /usr/bin/cmake --build /micro_ros_ws/wall_e_ws/build/custom_interfaces -- -j12 -l12
[0.839s] DEBUG:colcon.colcon_core.event_handler.log_command:Invoking command in '/micro_ros_ws/wall_e_ws/build/custom_interfaces': CMAKE_PREFIX_PATH=${CMAKE_PREFIX_PATH}:/micro_ros_ws/wall_e_ws/install/localization:/micro_ros_ws/wall_e_ws/install/feedback:/micro_ros_ws/wall_e_ws/install/control:/opt/ros/humble /usr/bin/cmake --install /micro_ros_ws/wall_e_ws/build/custom_interfaces
[0.846s] DEBUG:colcon.colcon_core.event_handler.log_command:Invoking command in '/micro_ros_ws/wall_e_ws/build/wall_e_description': CMAKE_PREFIX_PATH=${CMAKE_PREFIX_PATH}:/micro_ros_ws/wall_e_ws/install/localization:/micro_ros_ws/wall_e_ws/install/feedback:/micro_ros_ws/wall_e_ws/install/control:/opt/ros/humble /usr/bin/cmake --build /micro_ros_ws/wall_e_ws/build/wall_e_description -- -j12 -l12
[0.921s] DEBUG:colcon.colcon_core.event_handler.log_command:Invoked command in '/micro_ros_ws/wall_e_ws/build/wall_e_description' returned '0': CMAKE_PREFIX_PATH=${CMAKE_PREFIX_PATH}:/micro_ros_ws/wall_e_ws/install/localization:/micro_ros_ws/wall_e_ws/install/feedback:/micro_ros_ws/wall_e_ws/install/control:/opt/ros/humble /usr/bin/cmake --build /micro_ros_ws/wall_e_ws/build/wall_e_description -- -j12 -l12
[0.924s] DEBUG:colcon.colcon_core.event_handler.log_command:Invoking command in '/micro_ros_ws/wall_e_ws/build/wall_e_description': CMAKE_PREFIX_PATH=${CMAKE_PREFIX_PATH}:/micro_ros_ws/wall_e_ws/install/localization:/micro_ros_ws/wall_e_ws/install/feedback:/micro_ros_ws/wall_e_ws/install/control:/opt/ros/humble /usr/bin/cmake --install /micro_ros_ws/wall_e_ws/build/wall_e_description
[0.964s] Level 1:colcon.colcon_core.environment:create_environment_scripts_only(wall_e_description)
[0.965s] DEBUG:colcon.colcon_core.event_handler.log_command:Invoked command in '/micro_ros_ws/wall_e_ws/build/wall_e_description' returned '0': CMAKE_PREFIX_PATH=${CMAKE_PREFIX_PATH}:/micro_ros_ws/wall_e_ws/install/localization:/micro_ros_ws/wall_e_ws/install/feedback:/micro_ros_ws/wall_e_ws/install/control:/opt/ros/humble /usr/bin/cmake --install /micro_ros_ws/wall_e_ws/build/wall_e_description
[0.969s] Level 1:colcon.colcon_core.environment:checking '/micro_ros_ws/wall_e_ws/install/wall_e_description' for CMake module files
[0.973s] Level 1:colcon.colcon_core.environment:checking '/micro_ros_ws/wall_e_ws/install/wall_e_description' for CMake config files
[0.975s] Level 1:colcon.colcon_core.shell:create_environment_hook('wall_e_description', 'cmake_prefix_path')
[0.976s] INFO:colcon.colcon_core.shell:Creating environment hook '/micro_ros_ws/wall_e_ws/install/wall_e_description/share/wall_e_description/hook/cmake_prefix_path.ps1'
[0.977s] INFO:colcon.colcon_core.shell:Creating environment descriptor '/micro_ros_ws/wall_e_ws/install/wall_e_description/share/wall_e_description/hook/cmake_prefix_path.dsv'
[0.978s] INFO:colcon.colcon_core.shell:Creating environment hook '/micro_ros_ws/wall_e_ws/install/wall_e_description/share/wall_e_description/hook/cmake_prefix_path.sh'
[0.980s] Level 1:colcon.colcon_core.environment:checking '/micro_ros_ws/wall_e_ws/install/wall_e_description/bin'
[0.980s] Level 1:colcon.colcon_core.environment:checking '/micro_ros_ws/wall_e_ws/install/wall_e_description/lib/pkgconfig/wall_e_description.pc'
[0.981s] Level 1:colcon.colcon_core.environment:checking '/micro_ros_ws/wall_e_ws/install/wall_e_description/lib/python3.10/site-packages'
[0.981s] Level 1:colcon.colcon_core.environment:checking '/micro_ros_ws/wall_e_ws/install/wall_e_description/bin'
[0.982s] INFO:colcon.colcon_core.shell:Creating package script '/micro_ros_ws/wall_e_ws/install/wall_e_description/share/wall_e_description/package.ps1'
[0.985s] INFO:colcon.colcon_core.shell:Creating package descriptor '/micro_ros_ws/wall_e_ws/install/wall_e_description/share/wall_e_description/package.dsv'
[0.986s] INFO:colcon.colcon_core.shell:Creating package script '/micro_ros_ws/wall_e_ws/install/wall_e_description/share/wall_e_description/package.sh'
[0.988s] INFO:colcon.colcon_core.shell:Creating package script '/micro_ros_ws/wall_e_ws/install/wall_e_description/share/wall_e_description/package.bash'
[0.990s] INFO:colcon.colcon_core.shell:Creating package script '/micro_ros_ws/wall_e_ws/install/wall_e_description/share/wall_e_description/package.zsh'
[0.992s] Level 1:colcon.colcon_core.environment:create_file_with_runtime_dependencies(/micro_ros_ws/wall_e_ws/install/wall_e_description/share/colcon-core/packages/wall_e_description)
[0.994s] Level 1:colcon.colcon_core.environment:create_environment_scripts_only(wall_e_description)
[0.994s] Level 1:colcon.colcon_core.environment:checking '/micro_ros_ws/wall_e_ws/install/wall_e_description' for CMake module files
[0.997s] Level 1:colcon.colcon_core.environment:checking '/micro_ros_ws/wall_e_ws/install/wall_e_description' for CMake config files
[1.000s] Level 1:colcon.colcon_core.shell:create_environment_hook('wall_e_description', 'cmake_prefix_path')
[1.000s] INFO:colcon.colcon_core.shell:Creating environment hook '/micro_ros_ws/wall_e_ws/install/wall_e_description/share/wall_e_description/hook/cmake_prefix_path.ps1'
[1.002s] INFO:colcon.colcon_core.shell:Creating environment descriptor '/micro_ros_ws/wall_e_ws/install/wall_e_description/share/wall_e_description/hook/cmake_prefix_path.dsv'
[1.003s] INFO:colcon.colcon_core.shell:Creating environment hook '/micro_ros_ws/wall_e_ws/install/wall_e_description/share/wall_e_description/hook/cmake_prefix_path.sh'
[1.004s] Level 1:colcon.colcon_core.environment:checking '/micro_ros_ws/wall_e_ws/install/wall_e_description/bin'
[1.004s] Level 1:colcon.colcon_core.environment:checking '/micro_ros_ws/wall_e_ws/install/wall_e_description/lib/pkgconfig/wall_e_description.pc'
[1.005s] Level 1:colcon.colcon_core.environment:checking '/micro_ros_ws/wall_e_ws/install/wall_e_description/lib/python3.10/site-packages'
[1.005s] Level 1:colcon.colcon_core.environment:checking '/micro_ros_ws/wall_e_ws/install/wall_e_description/bin'
[1.006s] INFO:colcon.colcon_core.shell:Creating package script '/micro_ros_ws/wall_e_ws/install/wall_e_description/share/wall_e_description/package.ps1'
[1.007s] INFO:colcon.colcon_core.shell:Creating package descriptor '/micro_ros_ws/wall_e_ws/install/wall_e_description/share/wall_e_description/package.dsv'
[1.008s] INFO:colcon.colcon_core.shell:Creating package script '/micro_ros_ws/wall_e_ws/install/wall_e_description/share/wall_e_description/package.sh'
[1.008s] INFO:colcon.colcon_core.shell:Creating package script '/micro_ros_ws/wall_e_ws/install/wall_e_description/share/wall_e_description/package.bash'
[1.009s] INFO:colcon.colcon_core.shell:Creating package script '/micro_ros_ws/wall_e_ws/install/wall_e_description/share/wall_e_description/package.zsh'
[1.010s] Level 1:colcon.colcon_core.environment:create_file_with_runtime_dependencies(/micro_ros_ws/wall_e_ws/install/wall_e_description/share/colcon-core/packages/wall_e_description)
[1.082s] Level 1:colcon.colcon_core.environment:create_environment_scripts_only(custom_interfaces)
[1.082s] Level 1:colcon.colcon_core.environment:checking '/micro_ros_ws/wall_e_ws/install/custom_interfaces' for CMake module files
[1.083s] DEBUG:colcon.colcon_core.event_handler.log_command:Invoked command in '/micro_ros_ws/wall_e_ws/build/custom_interfaces' returned '0': CMAKE_PREFIX_PATH=${CMAKE_PREFIX_PATH}:/micro_ros_ws/wall_e_ws/install/localization:/micro_ros_ws/wall_e_ws/install/feedback:/micro_ros_ws/wall_e_ws/install/control:/opt/ros/humble /usr/bin/cmake --install /micro_ros_ws/wall_e_ws/build/custom_interfaces
[1.086s] Level 1:colcon.colcon_core.environment:checking '/micro_ros_ws/wall_e_ws/install/custom_interfaces' for CMake config files
[1.090s] Level 1:colcon.colcon_core.shell:create_environment_hook('custom_interfaces', 'cmake_prefix_path')
[1.091s] INFO:colcon.colcon_core.shell:Creating environment hook '/micro_ros_ws/wall_e_ws/install/custom_interfaces/share/custom_interfaces/hook/cmake_prefix_path.ps1'
[1.091s] INFO:colcon.colcon_core.shell:Creating environment descriptor '/micro_ros_ws/wall_e_ws/install/custom_interfaces/share/custom_interfaces/hook/cmake_prefix_path.dsv'
[1.092s] INFO:colcon.colcon_core.shell:Creating environment hook '/micro_ros_ws/wall_e_ws/install/custom_interfaces/share/custom_interfaces/hook/cmake_prefix_path.sh'
[1.093s] Level 1:colcon.colcon_core.environment:checking '/micro_ros_ws/wall_e_ws/install/custom_interfaces/lib'
[1.093s] Level 1:colcon.colcon_core.shell:create_environment_hook('custom_interfaces', 'ld_library_path_lib')
[1.094s] INFO:colcon.colcon_core.shell:Creating environment hook '/micro_ros_ws/wall_e_ws/install/custom_interfaces/share/custom_interfaces/hook/ld_library_path_lib.ps1'
[1.094s] INFO:colcon.colcon_core.shell:Creating environment descriptor '/micro_ros_ws/wall_e_ws/install/custom_interfaces/share/custom_interfaces/hook/ld_library_path_lib.dsv'
[1.095s] INFO:colcon.colcon_core.shell:Creating environment hook '/micro_ros_ws/wall_e_ws/install/custom_interfaces/share/custom_interfaces/hook/ld_library_path_lib.sh'
[1.095s] Level 1:colcon.colcon_core.environment:checking '/micro_ros_ws/wall_e_ws/install/custom_interfaces/bin'
[1.096s] Level 1:colcon.colcon_core.environment:checking '/micro_ros_ws/wall_e_ws/install/custom_interfaces/lib/pkgconfig/custom_interfaces.pc'
[1.096s] Level 1:colcon.colcon_core.environment:checking '/micro_ros_ws/wall_e_ws/install/custom_interfaces/lib/python3.10/site-packages'
[1.097s] Level 1:colcon.colcon_core.environment:checking '/micro_ros_ws/wall_e_ws/install/custom_interfaces/bin'
[1.097s] INFO:colcon.colcon_core.shell:Creating package script '/micro_ros_ws/wall_e_ws/install/custom_interfaces/share/custom_interfaces/package.ps1'
[1.098s] INFO:colcon.colcon_core.shell:Creating package descriptor '/micro_ros_ws/wall_e_ws/install/custom_interfaces/share/custom_interfaces/package.dsv'
[1.099s] INFO:colcon.colcon_core.shell:Creating package script '/micro_ros_ws/wall_e_ws/install/custom_interfaces/share/custom_interfaces/package.sh'
[1.100s] INFO:colcon.colcon_core.shell:Creating package script '/micro_ros_ws/wall_e_ws/install/custom_interfaces/share/custom_interfaces/package.bash'
[1.100s] INFO:colcon.colcon_core.shell:Creating package script '/micro_ros_ws/wall_e_ws/install/custom_interfaces/share/custom_interfaces/package.zsh'
[1.101s] Level 1:colcon.colcon_core.environment:create_file_with_runtime_dependencies(/micro_ros_ws/wall_e_ws/install/custom_interfaces/share/colcon-core/packages/custom_interfaces)
[1.102s] Level 1:colcon.colcon_core.environment:create_environment_scripts_only(custom_interfaces)
[1.102s] Level 1:colcon.colcon_core.environment:checking '/micro_ros_ws/wall_e_ws/install/custom_interfaces' for CMake module files
[1.106s] Level 1:colcon.colcon_core.environment:checking '/micro_ros_ws/wall_e_ws/install/custom_interfaces' for CMake config files
[1.110s] Level 1:colcon.colcon_core.shell:create_environment_hook('custom_interfaces', 'cmake_prefix_path')
[1.110s] INFO:colcon.colcon_core.shell:Creating environment hook '/micro_ros_ws/wall_e_ws/install/custom_interfaces/share/custom_interfaces/hook/cmake_prefix_path.ps1'
[1.111s] INFO:colcon.colcon_core.shell:Creating environment descriptor '/micro_ros_ws/wall_e_ws/install/custom_interfaces/share/custom_interfaces/hook/cmake_prefix_path.dsv'
[1.111s] INFO:colcon.colcon_core.shell:Creating environment hook '/micro_ros_ws/wall_e_ws/install/custom_interfaces/share/custom_interfaces/hook/cmake_prefix_path.sh'
[1.112s] Level 1:colcon.colcon_core.environment:checking '/micro_ros_ws/wall_e_ws/install/custom_interfaces/lib'
[1.113s] Level 1:colcon.colcon_core.shell:create_environment_hook('custom_interfaces', 'ld_library_path_lib')
[1.113s] INFO:colcon.colcon_core.shell:Creating environment hook '/micro_ros_ws/wall_e_ws/install/custom_interfaces/share/custom_interfaces/hook/ld_library_path_lib.ps1'
[1.114s] INFO:colcon.colcon_core.shell:Creating environment descriptor '/micro_ros_ws/wall_e_ws/install/custom_interfaces/share/custom_interfaces/hook/ld_library_path_lib.dsv'
[1.114s] INFO:colcon.colcon_core.shell:Creating environment hook '/micro_ros_ws/wall_e_ws/install/custom_interfaces/share/custom_interfaces/hook/ld_library_path_lib.sh'
[1.115s] Level 1:colcon.colcon_core.environment:checking '/micro_ros_ws/wall_e_ws/install/custom_interfaces/bin'
[1.115s] Level 1:colcon.colcon_core.environment:checking '/micro_ros_ws/wall_e_ws/install/custom_interfaces/lib/pkgconfig/custom_interfaces.pc'
[1.115s] Level 1:colcon.colcon_core.environment:checking '/micro_ros_ws/wall_e_ws/install/custom_interfaces/lib/python3.10/site-packages'
[1.116s] Level 1:colcon.colcon_core.environment:checking '/micro_ros_ws/wall_e_ws/install/custom_interfaces/bin'
[1.116s] INFO:colcon.colcon_core.shell:Creating package script '/micro_ros_ws/wall_e_ws/install/custom_interfaces/share/custom_interfaces/package.ps1'
[1.117s] INFO:colcon.colcon_core.shell:Creating package descriptor '/micro_ros_ws/wall_e_ws/install/custom_interfaces/share/custom_interfaces/package.dsv'
[1.118s] INFO:colcon.colcon_core.shell:Creating package script '/micro_ros_ws/wall_e_ws/install/custom_interfaces/share/custom_interfaces/package.sh'
[1.119s] INFO:colcon.colcon_core.shell:Creating package script '/micro_ros_ws/wall_e_ws/install/custom_interfaces/share/custom_interfaces/package.bash'
[1.120s] INFO:colcon.colcon_core.shell:Creating package script '/micro_ros_ws/wall_e_ws/install/custom_interfaces/share/custom_interfaces/package.zsh'
[1.120s] Level 1:colcon.colcon_core.environment:create_file_with_runtime_dependencies(/micro_ros_ws/wall_e_ws/install/custom_interfaces/share/colcon-core/packages/custom_interfaces)
[1.121s] INFO:colcon.colcon_ros.task.ament_python.build:Building ROS package in '/micro_ros_ws/wall_e_ws/src/control' with build type 'ament_python'
[1.121s] Level 1:colcon.colcon_core.shell:create_environment_hook('control', 'ament_prefix_path')
[1.121s] INFO:colcon.colcon_core.shell:Creating environment hook '/micro_ros_ws/wall_e_ws/install/control/share/control/hook/ament_prefix_path.ps1'
[1.123s] INFO:colcon.colcon_core.shell:Creating environment descriptor '/micro_ros_ws/wall_e_ws/install/control/share/control/hook/ament_prefix_path.dsv'
[1.124s] INFO:colcon.colcon_core.shell:Creating environment hook '/micro_ros_ws/wall_e_ws/install/control/share/control/hook/ament_prefix_path.sh'
[1.125s] INFO:colcon.colcon_core.shell:Skip shell extension 'powershell' for command environment: Not usable outside of PowerShell
[1.125s] DEBUG:colcon.colcon_core.shell:Skip shell extension 'dsv' for command environment
[1.378s] INFO:colcon.colcon_core.task.python.build:Building Python package in '/micro_ros_ws/wall_e_ws/src/control'
[1.378s] INFO:colcon.colcon_core.shell:Skip shell extension 'powershell' for command environment: Not usable outside of PowerShell
[1.378s] DEBUG:colcon.colcon_core.shell:Skip shell extension 'dsv' for command environment
[1.387s] DEBUG:colcon.colcon_core.event_handler.log_command:Invoking command in '/micro_ros_ws/wall_e_ws/src/localization': PYTHONPATH=/micro_ros_ws/wall_e_ws/build/localization/prefix_override:/usr/lib/python3/dist-packages/colcon_core/task/python/colcon_distutils_commands:/micro_ros_ws/wall_e_ws/install/localization/lib/python3.10/site-packages:${PYTHONPATH} /usr/bin/python3 -W ignore:setup.py install is deprecated -W ignore:easy_install command is deprecated setup.py egg_info --egg-base ../../build/localization build --build-base /micro_ros_ws/wall_e_ws/build/localization/build install --record /micro_ros_ws/wall_e_ws/build/localization/install.log --single-version-externally-managed install_data
[1.390s] DEBUG:colcon.colcon_core.event_handler.log_command:Invoking command in '/micro_ros_ws/wall_e_ws/src/feedback': PYTHONPATH=/micro_ros_ws/wall_e_ws/build/feedback/prefix_override:/usr/lib/python3/dist-packages/colcon_core/task/python/colcon_distutils_commands:/micro_ros_ws/wall_e_ws/install/feedback/lib/python3.10/site-packages:${PYTHONPATH} /usr/bin/python3 -W ignore:setup.py install is deprecated -W ignore:easy_install command is deprecated setup.py egg_info --egg-base ../../build/feedback build --build-base /micro_ros_ws/wall_e_ws/build/feedback/build install --record /micro_ros_ws/wall_e_ws/build/feedback/install.log --single-version-externally-managed install_data
[1.715s] Level 1:colcon.colcon_core.environment:checking '/micro_ros_ws/wall_e_ws/install/localization' for CMake module files
[1.715s] DEBUG:colcon.colcon_core.event_handler.log_command:Invoked command in '/micro_ros_ws/wall_e_ws/src/localization' returned '0': PYTHONPATH=/micro_ros_ws/wall_e_ws/build/localization/prefix_override:/usr/lib/python3/dist-packages/colcon_core/task/python/colcon_distutils_commands:/micro_ros_ws/wall_e_ws/install/localization/lib/python3.10/site-packages:${PYTHONPATH} /usr/bin/python3 -W ignore:setup.py install is deprecated -W ignore:easy_install command is deprecated setup.py egg_info --egg-base ../../build/localization build --build-base /micro_ros_ws/wall_e_ws/build/localization/build install --record /micro_ros_ws/wall_e_ws/build/localization/install.log --single-version-externally-managed install_data
[1.717s] Level 1:colcon.colcon_core.environment:checking '/micro_ros_ws/wall_e_ws/install/localization' for CMake config files
[1.719s] Level 1:colcon.colcon_core.environment:checking '/micro_ros_ws/wall_e_ws/install/localization/lib'
[1.720s] Level 1:colcon.colcon_core.environment:checking '/micro_ros_ws/wall_e_ws/install/localization/bin'
[1.720s] Level 1:colcon.colcon_core.environment:checking '/micro_ros_ws/wall_e_ws/install/localization/lib/pkgconfig/localization.pc'
[1.720s] Level 1:colcon.colcon_core.environment:checking '/micro_ros_ws/wall_e_ws/install/localization/lib/python3.10/site-packages'
[1.720s] Level 1:colcon.colcon_core.shell:create_environment_hook('localization', 'pythonpath')
[1.721s] INFO:colcon.colcon_core.shell:Creating environment hook '/micro_ros_ws/wall_e_ws/install/localization/share/localization/hook/pythonpath.ps1'
[1.721s] INFO:colcon.colcon_core.shell:Creating environment descriptor '/micro_ros_ws/wall_e_ws/install/localization/share/localization/hook/pythonpath.dsv'
[1.722s] INFO:colcon.colcon_core.shell:Creating environment hook '/micro_ros_ws/wall_e_ws/install/localization/share/localization/hook/pythonpath.sh'
[1.723s] Level 1:colcon.colcon_core.environment:checking '/micro_ros_ws/wall_e_ws/install/localization/bin'
[1.723s] Level 1:colcon.colcon_core.environment:create_environment_scripts_only(localization)
[1.724s] INFO:colcon.colcon_core.shell:Creating package script '/micro_ros_ws/wall_e_ws/install/localization/share/localization/package.ps1'
[1.724s] INFO:colcon.colcon_core.shell:Creating package descriptor '/micro_ros_ws/wall_e_ws/install/localization/share/localization/package.dsv'
[1.725s] INFO:colcon.colcon_core.shell:Creating package script '/micro_ros_ws/wall_e_ws/install/localization/share/localization/package.sh'
[1.726s] INFO:colcon.colcon_core.shell:Creating package script '/micro_ros_ws/wall_e_ws/install/localization/share/localization/package.bash'
[1.726s] INFO:colcon.colcon_core.shell:Creating package script '/micro_ros_ws/wall_e_ws/install/localization/share/localization/package.zsh'
[1.727s] Level 1:colcon.colcon_core.environment:create_file_with_runtime_dependencies(/micro_ros_ws/wall_e_ws/install/localization/share/colcon-core/packages/localization)
[1.729s] Level 1:colcon.colcon_core.environment:checking '/micro_ros_ws/wall_e_ws/install/feedback' for CMake module files
[1.730s] DEBUG:colcon.colcon_core.event_handler.log_command:Invoked command in '/micro_ros_ws/wall_e_ws/src/feedback' returned '0': PYTHONPATH=/micro_ros_ws/wall_e_ws/build/feedback/prefix_override:/usr/lib/python3/dist-packages/colcon_core/task/python/colcon_distutils_commands:/micro_ros_ws/wall_e_ws/install/feedback/lib/python3.10/site-packages:${PYTHONPATH} /usr/bin/python3 -W ignore:setup.py install is deprecated -W ignore:easy_install command is deprecated setup.py egg_info --egg-base ../../build/feedback build --build-base /micro_ros_ws/wall_e_ws/build/feedback/build install --record /micro_ros_ws/wall_e_ws/build/feedback/install.log --single-version-externally-managed install_data
[1.731s] Level 1:colcon.colcon_core.environment:checking '/micro_ros_ws/wall_e_ws/install/feedback' for CMake config files
[1.734s] Level 1:colcon.colcon_core.environment:checking '/micro_ros_ws/wall_e_ws/install/feedback/lib'
[1.734s] Level 1:colcon.colcon_core.environment:checking '/micro_ros_ws/wall_e_ws/install/feedback/bin'
[1.734s] Level 1:colcon.colcon_core.environment:checking '/micro_ros_ws/wall_e_ws/install/feedback/lib/pkgconfig/feedback.pc'
[1.735s] Level 1:colcon.colcon_core.environment:checking '/micro_ros_ws/wall_e_ws/install/feedback/lib/python3.10/site-packages'
[1.735s] Level 1:colcon.colcon_core.shell:create_environment_hook('feedback', 'pythonpath')
[1.735s] INFO:colcon.colcon_core.shell:Creating environment hook '/micro_ros_ws/wall_e_ws/install/feedback/share/feedback/hook/pythonpath.ps1'
[1.737s] INFO:colcon.colcon_core.shell:Creating environment descriptor '/micro_ros_ws/wall_e_ws/install/feedback/share/feedback/hook/pythonpath.dsv'
[1.738s] INFO:colcon.colcon_core.shell:Creating environment hook '/micro_ros_ws/wall_e_ws/install/feedback/share/feedback/hook/pythonpath.sh'
[1.739s] Level 1:colcon.colcon_core.environment:checking '/micro_ros_ws/wall_e_ws/install/feedback/bin'
[1.739s] Level 1:colcon.colcon_core.environment:create_environment_scripts_only(feedback)
[1.740s] INFO:colcon.colcon_core.shell:Creating package script '/micro_ros_ws/wall_e_ws/install/feedback/share/feedback/package.ps1'
[1.741s] INFO:colcon.colcon_core.shell:Creating package descriptor '/micro_ros_ws/wall_e_ws/install/feedback/share/feedback/package.dsv'
[1.742s] INFO:colcon.colcon_core.shell:Creating package script '/micro_ros_ws/wall_e_ws/install/feedback/share/feedback/package.sh'
[1.744s] INFO:colcon.colcon_core.shell:Creating package script '/micro_ros_ws/wall_e_ws/install/feedback/share/feedback/package.bash'
[1.745s] INFO:colcon.colcon_core.shell:Creating package script '/micro_ros_ws/wall_e_ws/install/feedback/share/feedback/package.zsh'
[1.746s] Level 1:colcon.colcon_core.environment:create_file_with_runtime_dependencies(/micro_ros_ws/wall_e_ws/install/feedback/share/colcon-core/packages/feedback)
[1.763s] DEBUG:colcon.colcon_core.event_handler.log_command:Invoking command in '/micro_ros_ws/wall_e_ws/src/control': CMAKE_PREFIX_PATH=/micro_ros_ws/wall_e_ws/install/custom_interfaces:/micro_ros_ws/wall_e_ws/install/wall_e_description PYTHONPATH=/micro_ros_ws/wall_e_ws/build/control/prefix_override:/usr/lib/python3/dist-packages/colcon_core/task/python/colcon_distutils_commands:/micro_ros_ws/wall_e_ws/install/control/lib/python3.10/site-packages:${PYTHONPATH} /usr/bin/python3 -W ignore:setup.py install is deprecated -W ignore:easy_install command is deprecated setup.py egg_info --egg-base ../../build/control build --build-base /micro_ros_ws/wall_e_ws/build/control/build install --record /micro_ros_ws/wall_e_ws/build/control/install.log --single-version-externally-managed install_data
[2.015s] Level 1:colcon.colcon_core.environment:checking '/micro_ros_ws/wall_e_ws/install/control' for CMake module files
[2.016s] DEBUG:colcon.colcon_core.event_handler.log_command:Invoked command in '/micro_ros_ws/wall_e_ws/src/control' returned '0': CMAKE_PREFIX_PATH=/micro_ros_ws/wall_e_ws/install/custom_interfaces:/micro_ros_ws/wall_e_ws/install/wall_e_description PYTHONPATH=/micro_ros_ws/wall_e_ws/build/control/prefix_override:/usr/lib/python3/dist-packages/colcon_core/task/python/colcon_distutils_commands:/micro_ros_ws/wall_e_ws/install/control/lib/python3.10/site-packages:${PYTHONPATH} /usr/bin/python3 -W ignore:setup.py install is deprecated -W ignore:easy_install command is deprecated setup.py egg_info --egg-base ../../build/control build --build-base /micro_ros_ws/wall_e_ws/build/control/build install --record /micro_ros_ws/wall_e_ws/build/control/install.log --single-version-externally-managed install_data
[2.017s] Level 1:colcon.colcon_core.environment:checking '/micro_ros_ws/wall_e_ws/install/control' for CMake config files
[2.020s] Level 1:colcon.colcon_core.environment:checking '/micro_ros_ws/wall_e_ws/install/control/lib'
[2.020s] Level 1:colcon.colcon_core.environment:checking '/micro_ros_ws/wall_e_ws/install/control/bin'
[2.020s] Level 1:colcon.colcon_core.environment:checking '/micro_ros_ws/wall_e_ws/install/control/lib/pkgconfig/control.pc'
[2.021s] Level 1:colcon.colcon_core.environment:checking '/micro_ros_ws/wall_e_ws/install/control/lib/python3.10/site-packages'
[2.021s] Level 1:colcon.colcon_core.shell:create_environment_hook('control', 'pythonpath')
[2.021s] INFO:colcon.colcon_core.shell:Creating environment hook '/micro_ros_ws/wall_e_ws/install/control/share/control/hook/pythonpath.ps1'
[2.022s] INFO:colcon.colcon_core.shell:Creating environment descriptor '/micro_ros_ws/wall_e_ws/install/control/share/control/hook/pythonpath.dsv'
[2.023s] INFO:colcon.colcon_core.shell:Creating environment hook '/micro_ros_ws/wall_e_ws/install/control/share/control/hook/pythonpath.sh'
[2.024s] Level 1:colcon.colcon_core.environment:checking '/micro_ros_ws/wall_e_ws/install/control/bin'
[2.024s] Level 1:colcon.colcon_core.environment:create_environment_scripts_only(control)
[2.025s] INFO:colcon.colcon_core.shell:Creating package script '/micro_ros_ws/wall_e_ws/install/control/share/control/package.ps1'
[2.026s] INFO:colcon.colcon_core.shell:Creating package descriptor '/micro_ros_ws/wall_e_ws/install/control/share/control/package.dsv'
[2.027s] INFO:colcon.colcon_core.shell:Creating package script '/micro_ros_ws/wall_e_ws/install/control/share/control/package.sh'
[2.028s] INFO:colcon.colcon_core.shell:Creating package script '/micro_ros_ws/wall_e_ws/install/control/share/control/package.bash'
[2.029s] INFO:colcon.colcon_core.shell:Creating package script '/micro_ros_ws/wall_e_ws/install/control/share/control/package.zsh'
[2.029s] Level 1:colcon.colcon_core.environment:create_file_with_runtime_dependencies(/micro_ros_ws/wall_e_ws/install/control/share/colcon-core/packages/control)
[2.029s] DEBUG:colcon.colcon_parallel_executor.executor.parallel:closing loop
[2.030s] DEBUG:colcon.colcon_parallel_executor.executor.parallel:loop closed
[2.030s] DEBUG:colcon.colcon_parallel_executor.executor.parallel:run_until_complete finished with '0'
[2.030s] DEBUG:colcon.colcon_core.event_reactor:joining thread
[2.036s] INFO:colcon.colcon_core.plugin_system:Skipping extension 'colcon_notification.desktop_notification.notify_send': Could not find 'notify-send'
[2.036s] INFO:colcon.colcon_core.plugin_system:Skipping extension 'colcon_notification.desktop_notification.terminal_notifier': Not used on non-Darwin systems
[2.037s] INFO:colcon.colcon_core.plugin_system:Skipping extension 'colcon_notification.desktop_notification.win32': Not used on non-Windows systems
[2.037s] INFO:colcon.colcon_notification.desktop_notification:Sending desktop notification using 'notify2'
[2.037s] DEBUG:colcon.colcon_notification.desktop_notification.notify2:Failed to initialize notify2: org.freedesktop.DBus.Error.NotSupported: Unable to autolaunch a dbus-daemon without a $DISPLAY for X11
[2.037s] DEBUG:colcon.colcon_core.event_reactor:joined thread
[2.037s] INFO:colcon.colcon_core.shell:Creating prefix script '/micro_ros_ws/wall_e_ws/install/local_setup.ps1'
[2.039s] INFO:colcon.colcon_core.shell:Creating prefix util module '/micro_ros_ws/wall_e_ws/install/_local_setup_util_ps1.py'
[2.040s] INFO:colcon.colcon_core.shell:Creating prefix chain script '/micro_ros_ws/wall_e_ws/install/setup.ps1'
[2.053s] INFO:colcon.colcon_core.shell:Creating prefix script '/micro_ros_ws/wall_e_ws/install/local_setup.sh'
[2.053s] INFO:colcon.colcon_core.shell:Creating prefix util module '/micro_ros_ws/wall_e_ws/install/_local_setup_util_sh.py'
[2.054s] INFO:colcon.colcon_core.shell:Creating prefix chain script '/micro_ros_ws/wall_e_ws/install/setup.sh'
[2.056s] INFO:colcon.colcon_core.shell:Creating prefix script '/micro_ros_ws/wall_e_ws/install/local_setup.bash'
[2.056s] INFO:colcon.colcon_core.shell:Creating prefix chain script '/micro_ros_ws/wall_e_ws/install/setup.bash'
[2.058s] INFO:colcon.colcon_core.shell:Creating prefix script '/micro_ros_ws/wall_e_ws/install/local_setup.zsh'
[2.059s] INFO:colcon.colcon_core.shell:Creating prefix chain script '/micro_ros_ws/wall_e_ws/install/setup.zsh'
