[0.338s] Invoking command in '/micro_ros_ws/wall_e_ws/build/wall_e_description': /usr/bin/cmake --build /micro_ros_ws/wall_e_ws/build/wall_e_description -- -j12 -l12
[0.374s] Invoked command in '/micro_ros_ws/wall_e_ws/build/wall_e_description' returned '0': /usr/bin/cmake --build /micro_ros_ws/wall_e_ws/build/wall_e_description -- -j12 -l12
[0.377s] Invoking command in '/micro_ros_ws/wall_e_ws/build/wall_e_description': /usr/bin/cmake --install /micro_ros_ws/wall_e_ws/build/wall_e_description
[0.385s] -- Install configuration: ""
[0.386s] -- Up-to-date: /micro_ros_ws/wall_e_ws/install/wall_e_description/share/wall_e_description/launch
[0.387s] -- Up-to-date: /micro_ros_ws/wall_e_ws/install/wall_e_description/share/wall_e_description/launch/wall_e.launch.py
[0.388s] -- Up-to-date: /micro_ros_ws/wall_e_ws/install/wall_e_description/share/wall_e_description/rviz
[0.389s] -- Up-to-date: /micro_ros_ws/wall_e_ws/install/wall_e_description/share/wall_e_description/rviz/robot.rviz
[0.389s] -- Up-to-date: /micro_ros_ws/wall_e_ws/install/wall_e_description/share/wall_e_description/worlds
[0.391s] -- Up-to-date: /micro_ros_ws/wall_e_ws/install/wall_e_description/share/wall_e_description/worlds/indoor_room.world
[0.391s] -- Up-to-date: /micro_ros_ws/wall_e_ws/install/wall_e_description/share/wall_e_description/description
[0.393s] -- Installing: /micro_ros_ws/wall_e_ws/install/wall_e_description/share/wall_e_description/description/robot.urdf.xacro
[0.397s] -- Up-to-date: /micro_ros_ws/wall_e_ws/install/wall_e_description/share/ament_index/resource_index/package_run_dependencies/wall_e_description
[0.398s] -- Up-to-date: /micro_ros_ws/wall_e_ws/install/wall_e_description/share/ament_index/resource_index/parent_prefix_path/wall_e_description
[0.399s] -- Up-to-date: /micro_ros_ws/wall_e_ws/install/wall_e_description/share/wall_e_description/environment/ament_prefix_path.sh
[0.400s] -- Up-to-date: /micro_ros_ws/wall_e_ws/install/wall_e_description/share/wall_e_description/environment/ament_prefix_path.dsv
[0.401s] -- Up-to-date: /micro_ros_ws/wall_e_ws/install/wall_e_description/share/wall_e_description/environment/path.sh
[0.402s] -- Up-to-date: /micro_ros_ws/wall_e_ws/install/wall_e_description/share/wall_e_description/environment/path.dsv
[0.402s] -- Up-to-date: /micro_ros_ws/wall_e_ws/install/wall_e_description/share/wall_e_description/local_setup.bash
[0.403s] -- Up-to-date: /micro_ros_ws/wall_e_ws/install/wall_e_description/share/wall_e_description/local_setup.sh
[0.404s] -- Up-to-date: /micro_ros_ws/wall_e_ws/install/wall_e_description/share/wall_e_description/local_setup.zsh
[0.404s] -- Up-to-date: /micro_ros_ws/wall_e_ws/install/wall_e_description/share/wall_e_description/local_setup.dsv
[0.405s] -- Installing: /micro_ros_ws/wall_e_ws/install/wall_e_description/share/wall_e_description/package.dsv
[0.408s] -- Up-to-date: /micro_ros_ws/wall_e_ws/install/wall_e_description/share/ament_index/resource_index/packages/wall_e_description
[0.409s] -- Up-to-date: /micro_ros_ws/wall_e_ws/install/wall_e_description/share/wall_e_description/cmake/wall_e_descriptionConfig.cmake
[0.410s] -- Up-to-date: /micro_ros_ws/wall_e_ws/install/wall_e_description/share/wall_e_description/cmake/wall_e_descriptionConfig-version.cmake
[0.411s] -- Up-to-date: /micro_ros_ws/wall_e_ws/install/wall_e_description/share/wall_e_description/package.xml
[0.414s] Invoked command in '/micro_ros_ws/wall_e_ws/build/wall_e_description' returned '0': /usr/bin/cmake --install /micro_ros_ws/wall_e_ws/build/wall_e_description
