[0.273s] Invoking command in '/micro_ros_ws/firmware/mcu_ws/build/rmw': AMENT_PREFIX_PATH=/micro_ros_ws/firmware/mcu_ws/install:${AMENT_PREFIX_PATH} CMAKE_PREFIX_PATH=/micro_ros_ws/firmware/mcu_ws/install:/micro_ros_ws/firmware/dev_ws/install/ament_lint_common:/micro_ros_ws/firmware/dev_ws/install/ament_cmake_uncrustify:/micro_ros_ws/firmware/dev_ws/install/uncrustify_vendor:/micro_ros_ws/firmware/dev_ws/install/ament_cmake_ros:/micro_ros_ws/firmware/dev_ws/install/ament_cmake_auto:/micro_ros_ws/firmware/dev_ws/install/ament_cmake_gmock:/micro_ros_ws/firmware/dev_ws/install/gmock_vendor:/micro_ros_ws/firmware/dev_ws/install/ament_cmake_gtest:/micro_ros_ws/firmware/dev_ws/install/gtest_vendor:/micro_ros_ws/firmware/dev_ws/install/ament_cmake_xmllint:/micro_ros_ws/firmware/dev_ws/install/ament_cmake_pyflakes:/micro_ros_ws/firmware/dev_ws/install/ament_cmake_pycodestyle:/micro_ros_ws/firmware/dev_ws/install/ament_cmake_pep257:/micro_ros_ws/firmware/dev_ws/install/ament_cmake_pclint:/micro_ros_ws/firmware/dev_ws/install/ament_lint_auto:/micro_ros_ws/firmware/dev_ws/install/ament_cmake:/micro_ros_ws/firmware/dev_ws/install/ament_cmake_version:/micro_ros_ws/firmware/dev_ws/install/ament_cmake_vendor_package:/micro_ros_ws/firmware/dev_ws/install/ament_cmake_pytest:/micro_ros_ws/firmware/dev_ws/install/ament_cmake_nose:/micro_ros_ws/firmware/dev_ws/install/ament_cmake_mypy:/micro_ros_ws/firmware/dev_ws/install/ament_cmake_lint_cmake:/micro_ros_ws/firmware/dev_ws/install/ament_cmake_google_benchmark:/micro_ros_ws/firmware/dev_ws/install/ament_cmake_flake8:/micro_ros_ws/firmware/dev_ws/install/ament_cmake_cpplint:/micro_ros_ws/firmware/dev_ws/install/ament_cmake_cppcheck:/micro_ros_ws/firmware/dev_ws/install/ament_cmake_copyright:/micro_ros_ws/firmware/dev_ws/install/ament_cmake_clang_tidy:/micro_ros_ws/firmware/dev_ws/install/ament_cmake_clang_format:/micro_ros_ws/firmware/dev_ws/install/ament_cmake_test:/micro_ros_ws/firmware/dev_ws/install/ament_cmake_target_dependencies:/micro_ros_ws/firmware/dev_ws/install/ament_cmake_python:/micro_ros_ws/firmware/dev_ws/install/ament_cmake_export_dependencies:/micro_ros_ws/firmware/dev_ws/install/ament_cmake_libraries:/micro_ros_ws/firmware/dev_ws/install/ament_cmake_include_directories:/micro_ros_ws/firmware/dev_ws/install/ament_cmake_gen_version_h:/micro_ros_ws/firmware/dev_ws/install/ament_cmake_export_targets:/micro_ros_ws/firmware/dev_ws/install/ament_cmake_export_link_flags:/micro_ros_ws/firmware/dev_ws/install/ament_cmake_export_interfaces:/micro_ros_ws/firmware/dev_ws/install/ament_cmake_export_libraries:/micro_ros_ws/firmware/dev_ws/install/ament_cmake_export_include_directories:/micro_ros_ws/firmware/dev_ws/install/ament_cmake_export_definitions:/micro_ros_ws/firmware/dev_ws/install/ament_cmake_core:/micro_ros_ws/firmware/dev_ws/install/ament_index_cpp:/micro_ros_ws/firmware/dev_ws/install/ament_uncrustify:/micro_ros_ws/firmware/dev_ws/install/domain_coordinator:/micro_ros_ws/firmware/dev_ws/install/ament_xmllint:/micro_ros_ws/firmware/dev_ws/install/ament_pyflakes:/micro_ros_ws/firmware/dev_ws/install/ament_pycodestyle:/micro_ros_ws/firmware/dev_ws/install/ament_pep257:/micro_ros_ws/firmware/dev_ws/install/ament_pclint:/micro_ros_ws/firmware/dev_ws/install/ament_package:/micro_ros_ws/firmware/dev_ws/install/ament_mypy:/micro_ros_ws/firmware/dev_ws/install/ament_lint_cmake:/micro_ros_ws/firmware/dev_ws/install/ament_flake8:/micro_ros_ws/firmware/dev_ws/install/ament_copyright:/micro_ros_ws/firmware/dev_ws/install/ament_lint:/micro_ros_ws/firmware/dev_ws/install/ament_index_python:/micro_ros_ws/firmware/dev_ws/install/ament_cpplint:/micro_ros_ws/firmware/dev_ws/install/ament_cppcheck:/micro_ros_ws/firmware/dev_ws/install/ament_clang_tidy:/micro_ros_ws/firmware/dev_ws/install/ament_clang_format LD_LIBRARY_PATH=/micro_ros_ws/firmware/mcu_ws/install/lib:${LD_LIBRARY_PATH} PATH=/micro_ros_ws/firmware/mcu_ws/install/bin:${PATH} PYTHONPATH=/micro_ros_ws/firmware/mcu_ws/install/lib/python3.10/site-packages:${PYTHONPATH} /usr/bin/cmake --build /micro_ros_ws/firmware/mcu_ws/build/rmw -- -j12 -l12
[0.347s] gmake[4]: Entering directory '/micro_ros_ws/firmware/mcu_ws/build/rmw'
[0.348s] /usr/bin/cmake -S/micro_ros_ws/firmware/mcu_ws/ros2/rmw/rmw -B/micro_ros_ws/firmware/mcu_ws/build/rmw --check-build-system CMakeFiles/Makefile.cmake 0
[0.429s] Re-run cmake file: Makefile older than: /micro_ros_ws/firmware/freertos_apps/microros_esp32_extensions/esp32_toolchain.cmake
[0.455s] -- Found ament_cmake_ros: 0.10.0 (/micro_ros_ws/firmware/dev_ws/install/ament_cmake_ros/share/ament_cmake_ros/cmake)
[1.577s] -- Found rcutils: 5.1.7 (/micro_ros_ws/firmware/mcu_ws/install/share/rcutils/cmake)
[1.594s] -- Found rosidl_runtime_c: 3.1.8 (/micro_ros_ws/firmware/mcu_ws/install/share/rosidl_runtime_c/cmake)
[2.475s] -- Configuring done
[3.068s] -- Generating done
[3.172s] -- Build files have been written to: /micro_ros_ws/firmware/mcu_ws/build/rmw
[3.175s] /usr/bin/cmake -E cmake_progress_start /micro_ros_ws/firmware/mcu_ws/build/rmw/CMakeFiles /micro_ros_ws/firmware/mcu_ws/build/rmw//CMakeFiles/progress.marks
[3.265s] /usr/bin/gmake  -f CMakeFiles/Makefile2 all
[3.289s] gmake[5]: Entering directory '/micro_ros_ws/firmware/mcu_ws/build/rmw'
[3.290s] /usr/bin/gmake  -f CMakeFiles/rmw.dir/build.make CMakeFiles/rmw.dir/depend
[3.314s] gmake[6]: Entering directory '/micro_ros_ws/firmware/mcu_ws/build/rmw'
[3.315s] cd /micro_ros_ws/firmware/mcu_ws/build/rmw && /usr/bin/cmake -E cmake_depends "Unix Makefiles" /micro_ros_ws/firmware/mcu_ws/ros2/rmw/rmw /micro_ros_ws/firmware/mcu_ws/ros2/rmw/rmw /micro_ros_ws/firmware/mcu_ws/build/rmw /micro_ros_ws/firmware/mcu_ws/build/rmw /micro_ros_ws/firmware/mcu_ws/build/rmw/CMakeFiles/rmw.dir/DependInfo.cmake --color=
[3.413s] Dependencies file "CMakeFiles/rmw.dir/src/allocators.c.obj.d" is newer than depends file "/micro_ros_ws/firmware/mcu_ws/build/rmw/CMakeFiles/rmw.dir/compiler_depend.internal".
[3.416s] Dependencies file "CMakeFiles/rmw.dir/src/convert_rcutils_ret_to_rmw_ret.c.obj.d" is newer than depends file "/micro_ros_ws/firmware/mcu_ws/build/rmw/CMakeFiles/rmw.dir/compiler_depend.internal".
[3.418s] Dependencies file "CMakeFiles/rmw.dir/src/event.c.obj.d" is newer than depends file "/micro_ros_ws/firmware/mcu_ws/build/rmw/CMakeFiles/rmw.dir/compiler_depend.internal".
[3.420s] Dependencies file "CMakeFiles/rmw.dir/src/init.c.obj.d" is newer than depends file "/micro_ros_ws/firmware/mcu_ws/build/rmw/CMakeFiles/rmw.dir/compiler_depend.internal".
[3.423s] Dependencies file "CMakeFiles/rmw.dir/src/init_options.c.obj.d" is newer than depends file "/micro_ros_ws/firmware/mcu_ws/build/rmw/CMakeFiles/rmw.dir/compiler_depend.internal".
[3.425s] Dependencies file "CMakeFiles/rmw.dir/src/message_sequence.c.obj.d" is newer than depends file "/micro_ros_ws/firmware/mcu_ws/build/rmw/CMakeFiles/rmw.dir/compiler_depend.internal".
[3.428s] Dependencies file "CMakeFiles/rmw.dir/src/names_and_types.c.obj.d" is newer than depends file "/micro_ros_ws/firmware/mcu_ws/build/rmw/CMakeFiles/rmw.dir/compiler_depend.internal".
[3.434s] Dependencies file "CMakeFiles/rmw.dir/src/network_flow_endpoint.c.obj.d" is newer than depends file "/micro_ros_ws/firmware/mcu_ws/build/rmw/CMakeFiles/rmw.dir/compiler_depend.internal".
[3.438s] Dependencies file "CMakeFiles/rmw.dir/src/network_flow_endpoint_array.c.obj.d" is newer than depends file "/micro_ros_ws/firmware/mcu_ws/build/rmw/CMakeFiles/rmw.dir/compiler_depend.internal".
[3.440s] Dependencies file "CMakeFiles/rmw.dir/src/publisher_options.c.obj.d" is newer than depends file "/micro_ros_ws/firmware/mcu_ws/build/rmw/CMakeFiles/rmw.dir/compiler_depend.internal".
[3.442s] Dependencies file "CMakeFiles/rmw.dir/src/qos_string_conversions.c.obj.d" is newer than depends file "/micro_ros_ws/firmware/mcu_ws/build/rmw/CMakeFiles/rmw.dir/compiler_depend.internal".
[3.444s] Dependencies file "CMakeFiles/rmw.dir/src/sanity_checks.c.obj.d" is newer than depends file "/micro_ros_ws/firmware/mcu_ws/build/rmw/CMakeFiles/rmw.dir/compiler_depend.internal".
[3.447s] Dependencies file "CMakeFiles/rmw.dir/src/security_options.c.obj.d" is newer than depends file "/micro_ros_ws/firmware/mcu_ws/build/rmw/CMakeFiles/rmw.dir/compiler_depend.internal".
[3.449s] Dependencies file "CMakeFiles/rmw.dir/src/subscription_content_filter_options.c.obj.d" is newer than depends file "/micro_ros_ws/firmware/mcu_ws/build/rmw/CMakeFiles/rmw.dir/compiler_depend.internal".
[3.451s] Dependencies file "CMakeFiles/rmw.dir/src/subscription_options.c.obj.d" is newer than depends file "/micro_ros_ws/firmware/mcu_ws/build/rmw/CMakeFiles/rmw.dir/compiler_depend.internal".
[3.453s] Dependencies file "CMakeFiles/rmw.dir/src/time.c.obj.d" is newer than depends file "/micro_ros_ws/firmware/mcu_ws/build/rmw/CMakeFiles/rmw.dir/compiler_depend.internal".
[3.456s] Dependencies file "CMakeFiles/rmw.dir/src/topic_endpoint_info.c.obj.d" is newer than depends file "/micro_ros_ws/firmware/mcu_ws/build/rmw/CMakeFiles/rmw.dir/compiler_depend.internal".
[3.458s] Dependencies file "CMakeFiles/rmw.dir/src/topic_endpoint_info_array.c.obj.d" is newer than depends file "/micro_ros_ws/firmware/mcu_ws/build/rmw/CMakeFiles/rmw.dir/compiler_depend.internal".
[3.460s] Dependencies file "CMakeFiles/rmw.dir/src/types.c.obj.d" is newer than depends file "/micro_ros_ws/firmware/mcu_ws/build/rmw/CMakeFiles/rmw.dir/compiler_depend.internal".
[3.463s] Dependencies file "CMakeFiles/rmw.dir/src/validate_full_topic_name.c.obj.d" is newer than depends file "/micro_ros_ws/firmware/mcu_ws/build/rmw/CMakeFiles/rmw.dir/compiler_depend.internal".
[3.465s] Dependencies file "CMakeFiles/rmw.dir/src/validate_namespace.c.obj.d" is newer than depends file "/micro_ros_ws/firmware/mcu_ws/build/rmw/CMakeFiles/rmw.dir/compiler_depend.internal".
[3.467s] Dependencies file "CMakeFiles/rmw.dir/src/validate_node_name.c.obj.d" is newer than depends file "/micro_ros_ws/firmware/mcu_ws/build/rmw/CMakeFiles/rmw.dir/compiler_depend.internal".
[3.469s] [35m[1mConsolidate compiler generated dependencies of target rmw[0m
[4.020s] gmake[6]: Leaving directory '/micro_ros_ws/firmware/mcu_ws/build/rmw'
[4.022s] /usr/bin/gmake  -f CMakeFiles/rmw.dir/build.make CMakeFiles/rmw.dir/build
[4.209s] gmake[6]: Entering directory '/micro_ros_ws/firmware/mcu_ws/build/rmw'
[4.210s] gmake[6]: Nothing to be done for 'CMakeFiles/rmw.dir/build'.
[4.211s] gmake[6]: Leaving directory '/micro_ros_ws/firmware/mcu_ws/build/rmw'
[4.352s] [100%] Built target rmw
[4.353s] gmake[5]: Leaving directory '/micro_ros_ws/firmware/mcu_ws/build/rmw'
[4.354s] /usr/bin/cmake -E cmake_progress_start /micro_ros_ws/firmware/mcu_ws/build/rmw/CMakeFiles 0
[4.479s] gmake[4]: Leaving directory '/micro_ros_ws/firmware/mcu_ws/build/rmw'
[7.336s] Invoked command in '/micro_ros_ws/firmware/mcu_ws/build/rmw' returned '0': AMENT_PREFIX_PATH=/micro_ros_ws/firmware/mcu_ws/install:${AMENT_PREFIX_PATH} CMAKE_PREFIX_PATH=/micro_ros_ws/firmware/mcu_ws/install:/micro_ros_ws/firmware/dev_ws/install/ament_lint_common:/micro_ros_ws/firmware/dev_ws/install/ament_cmake_uncrustify:/micro_ros_ws/firmware/dev_ws/install/uncrustify_vendor:/micro_ros_ws/firmware/dev_ws/install/ament_cmake_ros:/micro_ros_ws/firmware/dev_ws/install/ament_cmake_auto:/micro_ros_ws/firmware/dev_ws/install/ament_cmake_gmock:/micro_ros_ws/firmware/dev_ws/install/gmock_vendor:/micro_ros_ws/firmware/dev_ws/install/ament_cmake_gtest:/micro_ros_ws/firmware/dev_ws/install/gtest_vendor:/micro_ros_ws/firmware/dev_ws/install/ament_cmake_xmllint:/micro_ros_ws/firmware/dev_ws/install/ament_cmake_pyflakes:/micro_ros_ws/firmware/dev_ws/install/ament_cmake_pycodestyle:/micro_ros_ws/firmware/dev_ws/install/ament_cmake_pep257:/micro_ros_ws/firmware/dev_ws/install/ament_cmake_pclint:/micro_ros_ws/firmware/dev_ws/install/ament_lint_auto:/micro_ros_ws/firmware/dev_ws/install/ament_cmake:/micro_ros_ws/firmware/dev_ws/install/ament_cmake_version:/micro_ros_ws/firmware/dev_ws/install/ament_cmake_vendor_package:/micro_ros_ws/firmware/dev_ws/install/ament_cmake_pytest:/micro_ros_ws/firmware/dev_ws/install/ament_cmake_nose:/micro_ros_ws/firmware/dev_ws/install/ament_cmake_mypy:/micro_ros_ws/firmware/dev_ws/install/ament_cmake_lint_cmake:/micro_ros_ws/firmware/dev_ws/install/ament_cmake_google_benchmark:/micro_ros_ws/firmware/dev_ws/install/ament_cmake_flake8:/micro_ros_ws/firmware/dev_ws/install/ament_cmake_cpplint:/micro_ros_ws/firmware/dev_ws/install/ament_cmake_cppcheck:/micro_ros_ws/firmware/dev_ws/install/ament_cmake_copyright:/micro_ros_ws/firmware/dev_ws/install/ament_cmake_clang_tidy:/micro_ros_ws/firmware/dev_ws/install/ament_cmake_clang_format:/micro_ros_ws/firmware/dev_ws/install/ament_cmake_test:/micro_ros_ws/firmware/dev_ws/install/ament_cmake_target_dependencies:/micro_ros_ws/firmware/dev_ws/install/ament_cmake_python:/micro_ros_ws/firmware/dev_ws/install/ament_cmake_export_dependencies:/micro_ros_ws/firmware/dev_ws/install/ament_cmake_libraries:/micro_ros_ws/firmware/dev_ws/install/ament_cmake_include_directories:/micro_ros_ws/firmware/dev_ws/install/ament_cmake_gen_version_h:/micro_ros_ws/firmware/dev_ws/install/ament_cmake_export_targets:/micro_ros_ws/firmware/dev_ws/install/ament_cmake_export_link_flags:/micro_ros_ws/firmware/dev_ws/install/ament_cmake_export_interfaces:/micro_ros_ws/firmware/dev_ws/install/ament_cmake_export_libraries:/micro_ros_ws/firmware/dev_ws/install/ament_cmake_export_include_directories:/micro_ros_ws/firmware/dev_ws/install/ament_cmake_export_definitions:/micro_ros_ws/firmware/dev_ws/install/ament_cmake_core:/micro_ros_ws/firmware/dev_ws/install/ament_index_cpp:/micro_ros_ws/firmware/dev_ws/install/ament_uncrustify:/micro_ros_ws/firmware/dev_ws/install/domain_coordinator:/micro_ros_ws/firmware/dev_ws/install/ament_xmllint:/micro_ros_ws/firmware/dev_ws/install/ament_pyflakes:/micro_ros_ws/firmware/dev_ws/install/ament_pycodestyle:/micro_ros_ws/firmware/dev_ws/install/ament_pep257:/micro_ros_ws/firmware/dev_ws/install/ament_pclint:/micro_ros_ws/firmware/dev_ws/install/ament_package:/micro_ros_ws/firmware/dev_ws/install/ament_mypy:/micro_ros_ws/firmware/dev_ws/install/ament_lint_cmake:/micro_ros_ws/firmware/dev_ws/install/ament_flake8:/micro_ros_ws/firmware/dev_ws/install/ament_copyright:/micro_ros_ws/firmware/dev_ws/install/ament_lint:/micro_ros_ws/firmware/dev_ws/install/ament_index_python:/micro_ros_ws/firmware/dev_ws/install/ament_cpplint:/micro_ros_ws/firmware/dev_ws/install/ament_cppcheck:/micro_ros_ws/firmware/dev_ws/install/ament_clang_tidy:/micro_ros_ws/firmware/dev_ws/install/ament_clang_format LD_LIBRARY_PATH=/micro_ros_ws/firmware/mcu_ws/install/lib:${LD_LIBRARY_PATH} PATH=/micro_ros_ws/firmware/mcu_ws/install/bin:${PATH} PYTHONPATH=/micro_ros_ws/firmware/mcu_ws/install/lib/python3.10/site-packages:${PYTHONPATH} /usr/bin/cmake --build /micro_ros_ws/firmware/mcu_ws/build/rmw -- -j12 -l12
[7.338s] Invoking command in '/micro_ros_ws/firmware/mcu_ws/build/rmw': AMENT_PREFIX_PATH=/micro_ros_ws/firmware/mcu_ws/install:${AMENT_PREFIX_PATH} CMAKE_PREFIX_PATH=/micro_ros_ws/firmware/mcu_ws/install:/micro_ros_ws/firmware/dev_ws/install/ament_lint_common:/micro_ros_ws/firmware/dev_ws/install/ament_cmake_uncrustify:/micro_ros_ws/firmware/dev_ws/install/uncrustify_vendor:/micro_ros_ws/firmware/dev_ws/install/ament_cmake_ros:/micro_ros_ws/firmware/dev_ws/install/ament_cmake_auto:/micro_ros_ws/firmware/dev_ws/install/ament_cmake_gmock:/micro_ros_ws/firmware/dev_ws/install/gmock_vendor:/micro_ros_ws/firmware/dev_ws/install/ament_cmake_gtest:/micro_ros_ws/firmware/dev_ws/install/gtest_vendor:/micro_ros_ws/firmware/dev_ws/install/ament_cmake_xmllint:/micro_ros_ws/firmware/dev_ws/install/ament_cmake_pyflakes:/micro_ros_ws/firmware/dev_ws/install/ament_cmake_pycodestyle:/micro_ros_ws/firmware/dev_ws/install/ament_cmake_pep257:/micro_ros_ws/firmware/dev_ws/install/ament_cmake_pclint:/micro_ros_ws/firmware/dev_ws/install/ament_lint_auto:/micro_ros_ws/firmware/dev_ws/install/ament_cmake:/micro_ros_ws/firmware/dev_ws/install/ament_cmake_version:/micro_ros_ws/firmware/dev_ws/install/ament_cmake_vendor_package:/micro_ros_ws/firmware/dev_ws/install/ament_cmake_pytest:/micro_ros_ws/firmware/dev_ws/install/ament_cmake_nose:/micro_ros_ws/firmware/dev_ws/install/ament_cmake_mypy:/micro_ros_ws/firmware/dev_ws/install/ament_cmake_lint_cmake:/micro_ros_ws/firmware/dev_ws/install/ament_cmake_google_benchmark:/micro_ros_ws/firmware/dev_ws/install/ament_cmake_flake8:/micro_ros_ws/firmware/dev_ws/install/ament_cmake_cpplint:/micro_ros_ws/firmware/dev_ws/install/ament_cmake_cppcheck:/micro_ros_ws/firmware/dev_ws/install/ament_cmake_copyright:/micro_ros_ws/firmware/dev_ws/install/ament_cmake_clang_tidy:/micro_ros_ws/firmware/dev_ws/install/ament_cmake_clang_format:/micro_ros_ws/firmware/dev_ws/install/ament_cmake_test:/micro_ros_ws/firmware/dev_ws/install/ament_cmake_target_dependencies:/micro_ros_ws/firmware/dev_ws/install/ament_cmake_python:/micro_ros_ws/firmware/dev_ws/install/ament_cmake_export_dependencies:/micro_ros_ws/firmware/dev_ws/install/ament_cmake_libraries:/micro_ros_ws/firmware/dev_ws/install/ament_cmake_include_directories:/micro_ros_ws/firmware/dev_ws/install/ament_cmake_gen_version_h:/micro_ros_ws/firmware/dev_ws/install/ament_cmake_export_targets:/micro_ros_ws/firmware/dev_ws/install/ament_cmake_export_link_flags:/micro_ros_ws/firmware/dev_ws/install/ament_cmake_export_interfaces:/micro_ros_ws/firmware/dev_ws/install/ament_cmake_export_libraries:/micro_ros_ws/firmware/dev_ws/install/ament_cmake_export_include_directories:/micro_ros_ws/firmware/dev_ws/install/ament_cmake_export_definitions:/micro_ros_ws/firmware/dev_ws/install/ament_cmake_core:/micro_ros_ws/firmware/dev_ws/install/ament_index_cpp:/micro_ros_ws/firmware/dev_ws/install/ament_uncrustify:/micro_ros_ws/firmware/dev_ws/install/domain_coordinator:/micro_ros_ws/firmware/dev_ws/install/ament_xmllint:/micro_ros_ws/firmware/dev_ws/install/ament_pyflakes:/micro_ros_ws/firmware/dev_ws/install/ament_pycodestyle:/micro_ros_ws/firmware/dev_ws/install/ament_pep257:/micro_ros_ws/firmware/dev_ws/install/ament_pclint:/micro_ros_ws/firmware/dev_ws/install/ament_package:/micro_ros_ws/firmware/dev_ws/install/ament_mypy:/micro_ros_ws/firmware/dev_ws/install/ament_lint_cmake:/micro_ros_ws/firmware/dev_ws/install/ament_flake8:/micro_ros_ws/firmware/dev_ws/install/ament_copyright:/micro_ros_ws/firmware/dev_ws/install/ament_lint:/micro_ros_ws/firmware/dev_ws/install/ament_index_python:/micro_ros_ws/firmware/dev_ws/install/ament_cpplint:/micro_ros_ws/firmware/dev_ws/install/ament_cppcheck:/micro_ros_ws/firmware/dev_ws/install/ament_clang_tidy:/micro_ros_ws/firmware/dev_ws/install/ament_clang_format LD_LIBRARY_PATH=/micro_ros_ws/firmware/mcu_ws/install/lib:${LD_LIBRARY_PATH} PATH=/micro_ros_ws/firmware/mcu_ws/install/bin:${PATH} PYTHONPATH=/micro_ros_ws/firmware/mcu_ws/install/lib/python3.10/site-packages:${PYTHONPATH} /usr/bin/cmake --install /micro_ros_ws/firmware/mcu_ws/build/rmw
[7.409s] -- Install configuration: "Debug"
[7.415s] -- Up-to-date: /micro_ros_ws/firmware/mcu_ws/install/share/rmw/environment/library_path.sh
[7.420s] -- Installing: /micro_ros_ws/firmware/mcu_ws/install/share/rmw/environment/library_path.dsv
[7.436s] -- Up-to-date: /micro_ros_ws/firmware/mcu_ws/install/share/ament_index/resource_index/package_run_dependencies/rmw
[7.442s] -- Up-to-date: /micro_ros_ws/firmware/mcu_ws/install/share/ament_index/resource_index/parent_prefix_path/rmw
[7.448s] -- Up-to-date: /micro_ros_ws/firmware/mcu_ws/install/share/rmw/environment/ament_prefix_path.sh
[7.453s] -- Installing: /micro_ros_ws/firmware/mcu_ws/install/share/rmw/environment/ament_prefix_path.dsv
[7.482s] -- Up-to-date: /micro_ros_ws/firmware/mcu_ws/install/share/rmw/environment/path.sh
[7.487s] -- Installing: /micro_ros_ws/firmware/mcu_ws/install/share/rmw/environment/path.dsv
[7.503s] -- Up-to-date: /micro_ros_ws/firmware/mcu_ws/install/share/rmw/local_setup.bash
[7.508s] -- Up-to-date: /micro_ros_ws/firmware/mcu_ws/install/share/rmw/local_setup.sh
[7.513s] -- Up-to-date: /micro_ros_ws/firmware/mcu_ws/install/share/rmw/local_setup.zsh
[7.518s] -- Installing: /micro_ros_ws/firmware/mcu_ws/install/share/rmw/local_setup.dsv
[7.531s] -- Installing: /micro_ros_ws/firmware/mcu_ws/install/share/rmw/package.dsv
[7.547s] -- Up-to-date: /micro_ros_ws/firmware/mcu_ws/install/share/ament_index/resource_index/packages/rmw
[7.567s] -- Up-to-date: /micro_ros_ws/firmware/mcu_ws/install/share/rmw/cmake/rmwExport.cmake
[7.578s] -- Up-to-date: /micro_ros_ws/firmware/mcu_ws/install/share/rmw/cmake/rmwExport-debug.cmake
[7.585s] -- Up-to-date: /micro_ros_ws/firmware/mcu_ws/install/share/rmw/cmake/rmw-extras.cmake
[7.590s] -- Up-to-date: /micro_ros_ws/firmware/mcu_ws/install/share/rmw/cmake/ament_cmake_export_dependencies-extras.cmake
[7.596s] -- Up-to-date: /micro_ros_ws/firmware/mcu_ws/install/share/rmw/cmake/ament_cmake_export_include_directories-extras.cmake
[7.602s] -- Up-to-date: /micro_ros_ws/firmware/mcu_ws/install/share/rmw/cmake/ament_cmake_export_libraries-extras.cmake
[7.607s] -- Up-to-date: /micro_ros_ws/firmware/mcu_ws/install/share/rmw/cmake/ament_cmake_export_targets-extras.cmake
[7.613s] -- Up-to-date: /micro_ros_ws/firmware/mcu_ws/install/share/rmw/cmake/rmwConfig.cmake
[7.617s] -- Up-to-date: /micro_ros_ws/firmware/mcu_ws/install/share/rmw/cmake/rmwConfig-version.cmake
[7.623s] -- Up-to-date: /micro_ros_ws/firmware/mcu_ws/install/share/rmw/package.xml
[7.626s] -- Up-to-date: /micro_ros_ws/firmware/mcu_ws/install/share/rmw/cmake
[7.638s] -- Up-to-date: /micro_ros_ws/firmware/mcu_ws/install/share/rmw/cmake/configure_rmw_library.cmake
[7.648s] -- Up-to-date: /micro_ros_ws/firmware/mcu_ws/install/share/rmw/cmake/get_rmw_typesupport.cmake
[7.657s] -- Up-to-date: /micro_ros_ws/firmware/mcu_ws/install/share/rmw/cmake/register_rmw_implementation.cmake
[7.663s] -- Up-to-date: /micro_ros_ws/firmware/mcu_ws/install/include/rmw
[7.671s] -- Up-to-date: /micro_ros_ws/firmware/mcu_ws/install/include/rmw/rmw
[7.683s] -- Up-to-date: /micro_ros_ws/firmware/mcu_ws/install/include/rmw/rmw/init_options.h
[7.689s] -- Up-to-date: /micro_ros_ws/firmware/mcu_ws/install/include/rmw/rmw/allocators.h
[7.695s] -- Up-to-date: /micro_ros_ws/firmware/mcu_ws/install/include/rmw/rmw/convert_rcutils_ret_to_rmw_ret.h
[7.700s] -- Up-to-date: /micro_ros_ws/firmware/mcu_ws/install/include/rmw/rmw/domain_id.h
[7.706s] -- Up-to-date: /micro_ros_ws/firmware/mcu_ws/install/include/rmw/rmw/error_handling.h
[7.711s] -- Up-to-date: /micro_ros_ws/firmware/mcu_ws/install/include/rmw/rmw/event.h
[7.715s] -- Up-to-date: /micro_ros_ws/firmware/mcu_ws/install/include/rmw/rmw/events_statuses
[7.723s] -- Up-to-date: /micro_ros_ws/firmware/mcu_ws/install/include/rmw/rmw/events_statuses/events_statuses.h
[7.728s] -- Up-to-date: /micro_ros_ws/firmware/mcu_ws/install/include/rmw/rmw/events_statuses/incompatible_qos.h
[7.734s] -- Up-to-date: /micro_ros_ws/firmware/mcu_ws/install/include/rmw/rmw/events_statuses/liveliness_changed.h
[7.740s] -- Up-to-date: /micro_ros_ws/firmware/mcu_ws/install/include/rmw/rmw/events_statuses/liveliness_lost.h
[7.746s] -- Up-to-date: /micro_ros_ws/firmware/mcu_ws/install/include/rmw/rmw/events_statuses/message_lost.h
[7.752s] -- Up-to-date: /micro_ros_ws/firmware/mcu_ws/install/include/rmw/rmw/events_statuses/offered_deadline_missed.h
[7.761s] -- Up-to-date: /micro_ros_ws/firmware/mcu_ws/install/include/rmw/rmw/events_statuses/requested_deadline_missed.h
[7.770s] -- Up-to-date: /micro_ros_ws/firmware/mcu_ws/install/include/rmw/rmw/event_callback_type.h
[7.776s] -- Up-to-date: /micro_ros_ws/firmware/mcu_ws/install/include/rmw/rmw/features.h
[7.781s] -- Up-to-date: /micro_ros_ws/firmware/mcu_ws/install/include/rmw/rmw/get_network_flow_endpoints.h
[7.787s] -- Up-to-date: /micro_ros_ws/firmware/mcu_ws/install/include/rmw/rmw/get_node_info_and_types.h
[7.792s] -- Up-to-date: /micro_ros_ws/firmware/mcu_ws/install/include/rmw/rmw/get_service_names_and_types.h
[7.797s] -- Up-to-date: /micro_ros_ws/firmware/mcu_ws/install/include/rmw/rmw/get_topic_endpoint_info.h
[7.802s] -- Up-to-date: /micro_ros_ws/firmware/mcu_ws/install/include/rmw/rmw/get_topic_names_and_types.h
[7.807s] -- Up-to-date: /micro_ros_ws/firmware/mcu_ws/install/include/rmw/rmw/impl
[7.815s] -- Up-to-date: /micro_ros_ws/firmware/mcu_ws/install/include/rmw/rmw/impl/config.h
[7.820s] -- Up-to-date: /micro_ros_ws/firmware/mcu_ws/install/include/rmw/rmw/impl/cpp
[7.829s] -- Up-to-date: /micro_ros_ws/firmware/mcu_ws/install/include/rmw/rmw/impl/cpp/demangle.hpp
[7.836s] -- Up-to-date: /micro_ros_ws/firmware/mcu_ws/install/include/rmw/rmw/impl/cpp/key_value.hpp
[7.842s] -- Up-to-date: /micro_ros_ws/firmware/mcu_ws/install/include/rmw/rmw/impl/cpp/macros.hpp
[7.848s] -- Up-to-date: /micro_ros_ws/firmware/mcu_ws/install/include/rmw/rmw/incompatible_qos_events_statuses.h
[7.855s] -- Up-to-date: /micro_ros_ws/firmware/mcu_ws/install/include/rmw/rmw/init.h
[7.863s] -- Up-to-date: /micro_ros_ws/firmware/mcu_ws/install/include/rmw/rmw/localhost.h
[7.869s] -- Up-to-date: /micro_ros_ws/firmware/mcu_ws/install/include/rmw/rmw/macros.h
[7.875s] -- Up-to-date: /micro_ros_ws/firmware/mcu_ws/install/include/rmw/rmw/message_sequence.h
[7.880s] -- Up-to-date: /micro_ros_ws/firmware/mcu_ws/install/include/rmw/rmw/names_and_types.h
[7.884s] -- Up-to-date: /micro_ros_ws/firmware/mcu_ws/install/include/rmw/rmw/network_flow_endpoint.h
[7.889s] -- Up-to-date: /micro_ros_ws/firmware/mcu_ws/install/include/rmw/rmw/network_flow_endpoint_array.h
[7.894s] -- Up-to-date: /micro_ros_ws/firmware/mcu_ws/install/include/rmw/rmw/publisher_options.h
[7.901s] -- Up-to-date: /micro_ros_ws/firmware/mcu_ws/install/include/rmw/rmw/qos_policy_kind.h
[7.906s] -- Up-to-date: /micro_ros_ws/firmware/mcu_ws/install/include/rmw/rmw/qos_profiles.h
[7.910s] -- Up-to-date: /micro_ros_ws/firmware/mcu_ws/install/include/rmw/rmw/qos_string_conversions.h
[7.915s] -- Up-to-date: /micro_ros_ws/firmware/mcu_ws/install/include/rmw/rmw/ret_types.h
[7.920s] -- Up-to-date: /micro_ros_ws/firmware/mcu_ws/install/include/rmw/rmw/rmw.h
[7.925s] -- Up-to-date: /micro_ros_ws/firmware/mcu_ws/install/include/rmw/rmw/sanity_checks.h
[7.931s] -- Up-to-date: /micro_ros_ws/firmware/mcu_ws/install/include/rmw/rmw/security_options.h
[7.935s] -- Up-to-date: /micro_ros_ws/firmware/mcu_ws/install/include/rmw/rmw/serialized_message.h
[7.941s] -- Up-to-date: /micro_ros_ws/firmware/mcu_ws/install/include/rmw/rmw/subscription_content_filter_options.h
[7.946s] -- Up-to-date: /micro_ros_ws/firmware/mcu_ws/install/include/rmw/rmw/subscription_options.h
[7.951s] -- Up-to-date: /micro_ros_ws/firmware/mcu_ws/install/include/rmw/rmw/time.h
[7.962s] -- Up-to-date: /micro_ros_ws/firmware/mcu_ws/install/include/rmw/rmw/topic_endpoint_info.h
[7.968s] -- Up-to-date: /micro_ros_ws/firmware/mcu_ws/install/include/rmw/rmw/topic_endpoint_info_array.h
[7.974s] -- Up-to-date: /micro_ros_ws/firmware/mcu_ws/install/include/rmw/rmw/types.h
[7.979s] -- Up-to-date: /micro_ros_ws/firmware/mcu_ws/install/include/rmw/rmw/validate_full_topic_name.h
[7.984s] -- Up-to-date: /micro_ros_ws/firmware/mcu_ws/install/include/rmw/rmw/validate_namespace.h
[7.988s] -- Up-to-date: /micro_ros_ws/firmware/mcu_ws/install/include/rmw/rmw/validate_node_name.h
[7.993s] -- Up-to-date: /micro_ros_ws/firmware/mcu_ws/install/include/rmw/rmw/visibility_control.h
[7.998s] -- Up-to-date: /micro_ros_ws/firmware/mcu_ws/install/lib/librmw.a
[8.002s] Invoked command in '/micro_ros_ws/firmware/mcu_ws/build/rmw' returned '0': AMENT_PREFIX_PATH=/micro_ros_ws/firmware/mcu_ws/install:${AMENT_PREFIX_PATH} CMAKE_PREFIX_PATH=/micro_ros_ws/firmware/mcu_ws/install:/micro_ros_ws/firmware/dev_ws/install/ament_lint_common:/micro_ros_ws/firmware/dev_ws/install/ament_cmake_uncrustify:/micro_ros_ws/firmware/dev_ws/install/uncrustify_vendor:/micro_ros_ws/firmware/dev_ws/install/ament_cmake_ros:/micro_ros_ws/firmware/dev_ws/install/ament_cmake_auto:/micro_ros_ws/firmware/dev_ws/install/ament_cmake_gmock:/micro_ros_ws/firmware/dev_ws/install/gmock_vendor:/micro_ros_ws/firmware/dev_ws/install/ament_cmake_gtest:/micro_ros_ws/firmware/dev_ws/install/gtest_vendor:/micro_ros_ws/firmware/dev_ws/install/ament_cmake_xmllint:/micro_ros_ws/firmware/dev_ws/install/ament_cmake_pyflakes:/micro_ros_ws/firmware/dev_ws/install/ament_cmake_pycodestyle:/micro_ros_ws/firmware/dev_ws/install/ament_cmake_pep257:/micro_ros_ws/firmware/dev_ws/install/ament_cmake_pclint:/micro_ros_ws/firmware/dev_ws/install/ament_lint_auto:/micro_ros_ws/firmware/dev_ws/install/ament_cmake:/micro_ros_ws/firmware/dev_ws/install/ament_cmake_version:/micro_ros_ws/firmware/dev_ws/install/ament_cmake_vendor_package:/micro_ros_ws/firmware/dev_ws/install/ament_cmake_pytest:/micro_ros_ws/firmware/dev_ws/install/ament_cmake_nose:/micro_ros_ws/firmware/dev_ws/install/ament_cmake_mypy:/micro_ros_ws/firmware/dev_ws/install/ament_cmake_lint_cmake:/micro_ros_ws/firmware/dev_ws/install/ament_cmake_google_benchmark:/micro_ros_ws/firmware/dev_ws/install/ament_cmake_flake8:/micro_ros_ws/firmware/dev_ws/install/ament_cmake_cpplint:/micro_ros_ws/firmware/dev_ws/install/ament_cmake_cppcheck:/micro_ros_ws/firmware/dev_ws/install/ament_cmake_copyright:/micro_ros_ws/firmware/dev_ws/install/ament_cmake_clang_tidy:/micro_ros_ws/firmware/dev_ws/install/ament_cmake_clang_format:/micro_ros_ws/firmware/dev_ws/install/ament_cmake_test:/micro_ros_ws/firmware/dev_ws/install/ament_cmake_target_dependencies:/micro_ros_ws/firmware/dev_ws/install/ament_cmake_python:/micro_ros_ws/firmware/dev_ws/install/ament_cmake_export_dependencies:/micro_ros_ws/firmware/dev_ws/install/ament_cmake_libraries:/micro_ros_ws/firmware/dev_ws/install/ament_cmake_include_directories:/micro_ros_ws/firmware/dev_ws/install/ament_cmake_gen_version_h:/micro_ros_ws/firmware/dev_ws/install/ament_cmake_export_targets:/micro_ros_ws/firmware/dev_ws/install/ament_cmake_export_link_flags:/micro_ros_ws/firmware/dev_ws/install/ament_cmake_export_interfaces:/micro_ros_ws/firmware/dev_ws/install/ament_cmake_export_libraries:/micro_ros_ws/firmware/dev_ws/install/ament_cmake_export_include_directories:/micro_ros_ws/firmware/dev_ws/install/ament_cmake_export_definitions:/micro_ros_ws/firmware/dev_ws/install/ament_cmake_core:/micro_ros_ws/firmware/dev_ws/install/ament_index_cpp:/micro_ros_ws/firmware/dev_ws/install/ament_uncrustify:/micro_ros_ws/firmware/dev_ws/install/domain_coordinator:/micro_ros_ws/firmware/dev_ws/install/ament_xmllint:/micro_ros_ws/firmware/dev_ws/install/ament_pyflakes:/micro_ros_ws/firmware/dev_ws/install/ament_pycodestyle:/micro_ros_ws/firmware/dev_ws/install/ament_pep257:/micro_ros_ws/firmware/dev_ws/install/ament_pclint:/micro_ros_ws/firmware/dev_ws/install/ament_package:/micro_ros_ws/firmware/dev_ws/install/ament_mypy:/micro_ros_ws/firmware/dev_ws/install/ament_lint_cmake:/micro_ros_ws/firmware/dev_ws/install/ament_flake8:/micro_ros_ws/firmware/dev_ws/install/ament_copyright:/micro_ros_ws/firmware/dev_ws/install/ament_lint:/micro_ros_ws/firmware/dev_ws/install/ament_index_python:/micro_ros_ws/firmware/dev_ws/install/ament_cpplint:/micro_ros_ws/firmware/dev_ws/install/ament_cppcheck:/micro_ros_ws/firmware/dev_ws/install/ament_clang_tidy:/micro_ros_ws/firmware/dev_ws/install/ament_clang_format LD_LIBRARY_PATH=/micro_ros_ws/firmware/mcu_ws/install/lib:${LD_LIBRARY_PATH} PATH=/micro_ros_ws/firmware/mcu_ws/install/bin:${PATH} PYTHONPATH=/micro_ros_ws/firmware/mcu_ws/install/lib/python3.10/site-packages:${PYTHONPATH} /usr/bin/cmake --install /micro_ros_ws/firmware/mcu_ws/build/rmw
