[0.639s] Invoking command in '/micro_ros_ws/firmware/mcu_ws/build/rosidl_typesupport_interface': CMAKE_PREFIX_PATH=${CMAKE_PREFIX_PATH}:/micro_ros_ws/firmware/dev_ws/install/ament_uncrustify:/micro_ros_ws/firmware/dev_ws/install/domain_coordinator:/micro_ros_ws/firmware/dev_ws/install/ament_xmllint:/micro_ros_ws/firmware/dev_ws/install/ament_pyflakes:/micro_ros_ws/firmware/dev_ws/install/ament_pycodestyle:/micro_ros_ws/firmware/dev_ws/install/ament_pep257:/micro_ros_ws/firmware/dev_ws/install/ament_pclint:/micro_ros_ws/firmware/dev_ws/install/ament_package:/micro_ros_ws/firmware/dev_ws/install/ament_mypy:/micro_ros_ws/firmware/dev_ws/install/ament_lint_cmake:/micro_ros_ws/firmware/dev_ws/install/ament_flake8:/micro_ros_ws/firmware/dev_ws/install/ament_copyright:/micro_ros_ws/firmware/dev_ws/install/ament_lint:/micro_ros_ws/firmware/dev_ws/install/ament_index_python:/micro_ros_ws/firmware/dev_ws/install/ament_cpplint:/micro_ros_ws/firmware/dev_ws/install/ament_cppcheck:/micro_ros_ws/firmware/dev_ws/install/ament_clang_tidy:/micro_ros_ws/firmware/dev_ws/install/ament_clang_format /usr/bin/cmake --build /micro_ros_ws/firmware/mcu_ws/build/rosidl_typesupport_interface -- -j12 -l12
[2.165s] gmake[4]: Entering directory '/micro_ros_ws/firmware/mcu_ws/build/rosidl_typesupport_interface'
[2.165s] /usr/bin/cmake -S/micro_ros_ws/firmware/mcu_ws/ros2/rosidl/rosidl_typesupport_interface -B/micro_ros_ws/firmware/mcu_ws/build/rosidl_typesupport_interface --check-build-system CMakeFiles/Makefile.cmake 0
[2.166s] Re-run cmake file: Makefile older than: /micro_ros_ws/firmware/freertos_apps/microros_esp32_extensions/esp32_toolchain.cmake
[2.166s] -- Found ament_cmake: 1.3.14 (/micro_ros_ws/firmware/dev_ws/install/ament_cmake/share/ament_cmake/cmake)
[2.167s] -- Configuring done
[2.167s] -- Generating done
[2.168s] -- Build files have been written to: /micro_ros_ws/firmware/mcu_ws/build/rosidl_typesupport_interface
[2.168s] /usr/bin/cmake -E cmake_progress_start /micro_ros_ws/firmware/mcu_ws/build/rosidl_typesupport_interface/CMakeFiles /micro_ros_ws/firmware/mcu_ws/build/rosidl_typesupport_interface//CMakeFiles/progress.marks
[2.169s] /usr/bin/gmake  -f CMakeFiles/Makefile2 all
[2.169s] gmake[5]: Entering directory '/micro_ros_ws/firmware/mcu_ws/build/rosidl_typesupport_interface'
[2.170s] gmake[5]: Nothing to be done for 'all'.
[2.170s] gmake[5]: Leaving directory '/micro_ros_ws/firmware/mcu_ws/build/rosidl_typesupport_interface'
[2.171s] /usr/bin/cmake -E cmake_progress_start /micro_ros_ws/firmware/mcu_ws/build/rosidl_typesupport_interface/CMakeFiles 0
[2.171s] gmake[4]: Leaving directory '/micro_ros_ws/firmware/mcu_ws/build/rosidl_typesupport_interface'
[2.262s] Invoked command in '/micro_ros_ws/firmware/mcu_ws/build/rosidl_typesupport_interface' returned '0': CMAKE_PREFIX_PATH=${CMAKE_PREFIX_PATH}:/micro_ros_ws/firmware/dev_ws/install/ament_uncrustify:/micro_ros_ws/firmware/dev_ws/install/domain_coordinator:/micro_ros_ws/firmware/dev_ws/install/ament_xmllint:/micro_ros_ws/firmware/dev_ws/install/ament_pyflakes:/micro_ros_ws/firmware/dev_ws/install/ament_pycodestyle:/micro_ros_ws/firmware/dev_ws/install/ament_pep257:/micro_ros_ws/firmware/dev_ws/install/ament_pclint:/micro_ros_ws/firmware/dev_ws/install/ament_package:/micro_ros_ws/firmware/dev_ws/install/ament_mypy:/micro_ros_ws/firmware/dev_ws/install/ament_lint_cmake:/micro_ros_ws/firmware/dev_ws/install/ament_flake8:/micro_ros_ws/firmware/dev_ws/install/ament_copyright:/micro_ros_ws/firmware/dev_ws/install/ament_lint:/micro_ros_ws/firmware/dev_ws/install/ament_index_python:/micro_ros_ws/firmware/dev_ws/install/ament_cpplint:/micro_ros_ws/firmware/dev_ws/install/ament_cppcheck:/micro_ros_ws/firmware/dev_ws/install/ament_clang_tidy:/micro_ros_ws/firmware/dev_ws/install/ament_clang_format /usr/bin/cmake --build /micro_ros_ws/firmware/mcu_ws/build/rosidl_typesupport_interface -- -j12 -l12
[2.264s] Invoking command in '/micro_ros_ws/firmware/mcu_ws/build/rosidl_typesupport_interface': CMAKE_PREFIX_PATH=${CMAKE_PREFIX_PATH}:/micro_ros_ws/firmware/dev_ws/install/ament_uncrustify:/micro_ros_ws/firmware/dev_ws/install/domain_coordinator:/micro_ros_ws/firmware/dev_ws/install/ament_xmllint:/micro_ros_ws/firmware/dev_ws/install/ament_pyflakes:/micro_ros_ws/firmware/dev_ws/install/ament_pycodestyle:/micro_ros_ws/firmware/dev_ws/install/ament_pep257:/micro_ros_ws/firmware/dev_ws/install/ament_pclint:/micro_ros_ws/firmware/dev_ws/install/ament_package:/micro_ros_ws/firmware/dev_ws/install/ament_mypy:/micro_ros_ws/firmware/dev_ws/install/ament_lint_cmake:/micro_ros_ws/firmware/dev_ws/install/ament_flake8:/micro_ros_ws/firmware/dev_ws/install/ament_copyright:/micro_ros_ws/firmware/dev_ws/install/ament_lint:/micro_ros_ws/firmware/dev_ws/install/ament_index_python:/micro_ros_ws/firmware/dev_ws/install/ament_cpplint:/micro_ros_ws/firmware/dev_ws/install/ament_cppcheck:/micro_ros_ws/firmware/dev_ws/install/ament_clang_tidy:/micro_ros_ws/firmware/dev_ws/install/ament_clang_format /usr/bin/cmake --install /micro_ros_ws/firmware/mcu_ws/build/rosidl_typesupport_interface
[2.291s] -- Install configuration: "Debug"
[2.292s] -- Up-to-date: /micro_ros_ws/firmware/mcu_ws/install/share/ament_index/resource_index/package_run_dependencies/rosidl_typesupport_interface
[2.296s] -- Up-to-date: /micro_ros_ws/firmware/mcu_ws/install/share/ament_index/resource_index/parent_prefix_path/rosidl_typesupport_interface
[2.300s] -- Up-to-date: /micro_ros_ws/firmware/mcu_ws/install/share/rosidl_typesupport_interface/environment/ament_prefix_path.sh
[2.303s] -- Installing: /micro_ros_ws/firmware/mcu_ws/install/share/rosidl_typesupport_interface/environment/ament_prefix_path.dsv
[2.314s] -- Up-to-date: /micro_ros_ws/firmware/mcu_ws/install/share/rosidl_typesupport_interface/environment/path.sh
[2.315s] -- Installing: /micro_ros_ws/firmware/mcu_ws/install/share/rosidl_typesupport_interface/environment/path.dsv
[2.324s] -- Up-to-date: /micro_ros_ws/firmware/mcu_ws/install/share/rosidl_typesupport_interface/local_setup.bash
[2.325s] -- Up-to-date: /micro_ros_ws/firmware/mcu_ws/install/share/rosidl_typesupport_interface/local_setup.sh
[2.327s] -- Up-to-date: /micro_ros_ws/firmware/mcu_ws/install/share/rosidl_typesupport_interface/local_setup.zsh
[2.329s] -- Installing: /micro_ros_ws/firmware/mcu_ws/install/share/rosidl_typesupport_interface/local_setup.dsv
[2.336s] -- Installing: /micro_ros_ws/firmware/mcu_ws/install/share/rosidl_typesupport_interface/package.dsv
[2.340s] -- Up-to-date: /micro_ros_ws/firmware/mcu_ws/install/share/ament_index/resource_index/packages/rosidl_typesupport_interface
[2.347s] -- Up-to-date: /micro_ros_ws/firmware/mcu_ws/install/share/rosidl_typesupport_interface/cmake/rosidl_typesupport_interfaceExport.cmake
[2.356s] -- Up-to-date: /micro_ros_ws/firmware/mcu_ws/install/share/rosidl_typesupport_interface/cmake/ament_cmake_export_include_directories-extras.cmake
[2.364s] -- Up-to-date: /micro_ros_ws/firmware/mcu_ws/install/share/rosidl_typesupport_interface/cmake/ament_cmake_export_targets-extras.cmake
[2.370s] -- Up-to-date: /micro_ros_ws/firmware/mcu_ws/install/share/rosidl_typesupport_interface/cmake/rosidl_typesupport_interfaceConfig.cmake
[2.375s] -- Up-to-date: /micro_ros_ws/firmware/mcu_ws/install/share/rosidl_typesupport_interface/cmake/rosidl_typesupport_interfaceConfig-version.cmake
[2.381s] -- Up-to-date: /micro_ros_ws/firmware/mcu_ws/install/share/rosidl_typesupport_interface/package.xml
[2.384s] -- Up-to-date: /micro_ros_ws/firmware/mcu_ws/install/include/rosidl_typesupport_interface
[2.390s] -- Up-to-date: /micro_ros_ws/firmware/mcu_ws/install/include/rosidl_typesupport_interface/rosidl_typesupport_interface
[2.397s] -- Up-to-date: /micro_ros_ws/firmware/mcu_ws/install/include/rosidl_typesupport_interface/rosidl_typesupport_interface/macros.h
[2.704s] Invoked command in '/micro_ros_ws/firmware/mcu_ws/build/rosidl_typesupport_interface' returned '0': CMAKE_PREFIX_PATH=${CMAKE_PREFIX_PATH}:/micro_ros_ws/firmware/dev_ws/install/ament_uncrustify:/micro_ros_ws/firmware/dev_ws/install/domain_coordinator:/micro_ros_ws/firmware/dev_ws/install/ament_xmllint:/micro_ros_ws/firmware/dev_ws/install/ament_pyflakes:/micro_ros_ws/firmware/dev_ws/install/ament_pycodestyle:/micro_ros_ws/firmware/dev_ws/install/ament_pep257:/micro_ros_ws/firmware/dev_ws/install/ament_pclint:/micro_ros_ws/firmware/dev_ws/install/ament_package:/micro_ros_ws/firmware/dev_ws/install/ament_mypy:/micro_ros_ws/firmware/dev_ws/install/ament_lint_cmake:/micro_ros_ws/firmware/dev_ws/install/ament_flake8:/micro_ros_ws/firmware/dev_ws/install/ament_copyright:/micro_ros_ws/firmware/dev_ws/install/ament_lint:/micro_ros_ws/firmware/dev_ws/install/ament_index_python:/micro_ros_ws/firmware/dev_ws/install/ament_cpplint:/micro_ros_ws/firmware/dev_ws/install/ament_cppcheck:/micro_ros_ws/firmware/dev_ws/install/ament_clang_tidy:/micro_ros_ws/firmware/dev_ws/install/ament_clang_format /usr/bin/cmake --install /micro_ros_ws/firmware/mcu_ws/build/rosidl_typesupport_interface
