[1.879s] Invoking command in '/micro_ros_ws/firmware/mcu_ws/build/rosgraph_msgs': AMENT_PREFIX_PATH=/micro_ros_ws/firmware/mcu_ws/install:${AMENT_PREFIX_PATH} CMAKE_PREFIX_PATH=/micro_ros_ws/firmware/mcu_ws/install:/micro_ros_ws/firmware/dev_ws/install/ament_lint_common:/micro_ros_ws/firmware/dev_ws/install/ament_cmake_uncrustify:/micro_ros_ws/firmware/dev_ws/install/uncrustify_vendor:/micro_ros_ws/firmware/dev_ws/install/ament_cmake_ros:/micro_ros_ws/firmware/dev_ws/install/ament_cmake_auto:/micro_ros_ws/firmware/dev_ws/install/ament_cmake_gmock:/micro_ros_ws/firmware/dev_ws/install/gmock_vendor:/micro_ros_ws/firmware/dev_ws/install/ament_cmake_gtest:/micro_ros_ws/firmware/dev_ws/install/gtest_vendor:/micro_ros_ws/firmware/dev_ws/install/ament_cmake_xmllint:/micro_ros_ws/firmware/dev_ws/install/ament_cmake_pyflakes:/micro_ros_ws/firmware/dev_ws/install/ament_cmake_pycodestyle:/micro_ros_ws/firmware/dev_ws/install/ament_cmake_pep257:/micro_ros_ws/firmware/dev_ws/install/ament_cmake_pclint:/micro_ros_ws/firmware/dev_ws/install/ament_lint_auto:/micro_ros_ws/firmware/dev_ws/install/ament_cmake:/micro_ros_ws/firmware/dev_ws/install/ament_cmake_version:/micro_ros_ws/firmware/dev_ws/install/ament_cmake_vendor_package:/micro_ros_ws/firmware/dev_ws/install/ament_cmake_pytest:/micro_ros_ws/firmware/dev_ws/install/ament_cmake_nose:/micro_ros_ws/firmware/dev_ws/install/ament_cmake_mypy:/micro_ros_ws/firmware/dev_ws/install/ament_cmake_lint_cmake:/micro_ros_ws/firmware/dev_ws/install/ament_cmake_google_benchmark:/micro_ros_ws/firmware/dev_ws/install/ament_cmake_flake8:/micro_ros_ws/firmware/dev_ws/install/ament_cmake_cpplint:/micro_ros_ws/firmware/dev_ws/install/ament_cmake_cppcheck:/micro_ros_ws/firmware/dev_ws/install/ament_cmake_copyright:/micro_ros_ws/firmware/dev_ws/install/ament_cmake_clang_tidy:/micro_ros_ws/firmware/dev_ws/install/ament_cmake_clang_format:/micro_ros_ws/firmware/dev_ws/install/ament_cmake_test:/micro_ros_ws/firmware/dev_ws/install/ament_cmake_target_dependencies:/micro_ros_ws/firmware/dev_ws/install/ament_cmake_python:/micro_ros_ws/firmware/dev_ws/install/ament_cmake_export_dependencies:/micro_ros_ws/firmware/dev_ws/install/ament_cmake_libraries:/micro_ros_ws/firmware/dev_ws/install/ament_cmake_include_directories:/micro_ros_ws/firmware/dev_ws/install/ament_cmake_gen_version_h:/micro_ros_ws/firmware/dev_ws/install/ament_cmake_export_targets:/micro_ros_ws/firmware/dev_ws/install/ament_cmake_export_link_flags:/micro_ros_ws/firmware/dev_ws/install/ament_cmake_export_interfaces:/micro_ros_ws/firmware/dev_ws/install/ament_cmake_export_libraries:/micro_ros_ws/firmware/dev_ws/install/ament_cmake_export_include_directories:/micro_ros_ws/firmware/dev_ws/install/ament_cmake_export_definitions:/micro_ros_ws/firmware/dev_ws/install/ament_cmake_core:/micro_ros_ws/firmware/dev_ws/install/ament_index_cpp:/micro_ros_ws/firmware/dev_ws/install/ament_uncrustify:/micro_ros_ws/firmware/dev_ws/install/domain_coordinator:/micro_ros_ws/firmware/dev_ws/install/ament_xmllint:/micro_ros_ws/firmware/dev_ws/install/ament_pyflakes:/micro_ros_ws/firmware/dev_ws/install/ament_pycodestyle:/micro_ros_ws/firmware/dev_ws/install/ament_pep257:/micro_ros_ws/firmware/dev_ws/install/ament_pclint:/micro_ros_ws/firmware/dev_ws/install/ament_package:/micro_ros_ws/firmware/dev_ws/install/ament_mypy:/micro_ros_ws/firmware/dev_ws/install/ament_lint_cmake:/micro_ros_ws/firmware/dev_ws/install/ament_flake8:/micro_ros_ws/firmware/dev_ws/install/ament_copyright:/micro_ros_ws/firmware/dev_ws/install/ament_lint:/micro_ros_ws/firmware/dev_ws/install/ament_index_python:/micro_ros_ws/firmware/dev_ws/install/ament_cpplint:/micro_ros_ws/firmware/dev_ws/install/ament_cppcheck:/micro_ros_ws/firmware/dev_ws/install/ament_clang_tidy:/micro_ros_ws/firmware/dev_ws/install/ament_clang_format LD_LIBRARY_PATH=/micro_ros_ws/firmware/mcu_ws/install/lib:${LD_LIBRARY_PATH} PATH=/micro_ros_ws/firmware/mcu_ws/install/bin:${PATH} PYTHONPATH=/micro_ros_ws/firmware/mcu_ws/install/lib/python3.10/site-packages:${PYTHONPATH} /usr/bin/cmake --build /micro_ros_ws/firmware/mcu_ws/build/rosgraph_msgs -- -j12 -l12
[1.947s] gmake[4]: Entering directory '/micro_ros_ws/firmware/mcu_ws/build/rosgraph_msgs'
[1.948s] /usr/bin/cmake -S/micro_ros_ws/firmware/mcu_ws/ros2/rcl_interfaces/rosgraph_msgs -B/micro_ros_ws/firmware/mcu_ws/build/rosgraph_msgs --check-build-system CMakeFiles/Makefile.cmake 0
[2.106s] Re-run cmake file: Makefile older than: /micro_ros_ws/firmware/freertos_apps/microros_esp32_extensions/esp32_toolchain.cmake
[2.140s] -- Found ament_cmake: 1.3.14 (/micro_ros_ws/firmware/dev_ws/install/ament_cmake/share/ament_cmake/cmake)
[3.440s] -- Found builtin_interfaces: 1.2.2 (/micro_ros_ws/firmware/mcu_ws/install/share/builtin_interfaces/cmake)
[3.739s] -- Using all available rosidl_typesupport_c: rosidl_typesupport_introspection_c;rosidl_typesupport_microxrcedds_c
[3.766s] -- Found rosidl_adapter: 3.1.8 (/micro_ros_ws/firmware/mcu_ws/install/share/rosidl_adapter/cmake)
[3.961s] -- Found rosidl_default_generators: 1.2.1 (/micro_ros_ws/firmware/mcu_ws/install/share/rosidl_default_generators/cmake)
[7.550s] -- Found ament_cmake_ros: 0.10.0 (/micro_ros_ws/firmware/dev_ws/install/ament_cmake_ros/share/ament_cmake_ros/cmake)
[9.497s] -- Using all available rosidl_typesupport_c: rosidl_typesupport_introspection_c;rosidl_typesupport_microxrcedds_c
[9.799s] -- Configuring done
[10.581s] -- Generating done
[10.734s] -- Build files have been written to: /micro_ros_ws/firmware/mcu_ws/build/rosgraph_msgs
[10.739s] /usr/bin/cmake -E cmake_progress_start /micro_ros_ws/firmware/mcu_ws/build/rosgraph_msgs/CMakeFiles /micro_ros_ws/firmware/mcu_ws/build/rosgraph_msgs//CMakeFiles/progress.marks
[10.819s] /usr/bin/gmake  -f CMakeFiles/Makefile2 all
[10.840s] gmake[5]: Entering directory '/micro_ros_ws/firmware/mcu_ws/build/rosgraph_msgs'
[10.841s] /usr/bin/gmake  -f CMakeFiles/rosgraph_msgs__rosidl_generator_c.dir/build.make CMakeFiles/rosgraph_msgs__rosidl_generator_c.dir/depend
[10.878s] gmake[6]: Entering directory '/micro_ros_ws/firmware/mcu_ws/build/rosgraph_msgs'
[10.879s] cd /micro_ros_ws/firmware/mcu_ws/build/rosgraph_msgs && /usr/bin/cmake -E cmake_depends "Unix Makefiles" /micro_ros_ws/firmware/mcu_ws/ros2/rcl_interfaces/rosgraph_msgs /micro_ros_ws/firmware/mcu_ws/ros2/rcl_interfaces/rosgraph_msgs /micro_ros_ws/firmware/mcu_ws/build/rosgraph_msgs /micro_ros_ws/firmware/mcu_ws/build/rosgraph_msgs /micro_ros_ws/firmware/mcu_ws/build/rosgraph_msgs/CMakeFiles/rosgraph_msgs__rosidl_generator_c.dir/DependInfo.cmake --color=
[10.980s] Dependencies file "CMakeFiles/rosgraph_msgs__rosidl_generator_c.dir/rosidl_generator_c/rosgraph_msgs/msg/detail/clock__functions.c.obj.d" is newer than depends file "/micro_ros_ws/firmware/mcu_ws/build/rosgraph_msgs/CMakeFiles/rosgraph_msgs__rosidl_generator_c.dir/compiler_depend.internal".
[10.982s] [35m[1mConsolidate compiler generated dependencies of target rosgraph_msgs__rosidl_generator_c[0m
[11.022s] gmake[6]: Leaving directory '/micro_ros_ws/firmware/mcu_ws/build/rosgraph_msgs'
[11.023s] /usr/bin/gmake  -f CMakeFiles/rosgraph_msgs__rosidl_generator_c.dir/build.make CMakeFiles/rosgraph_msgs__rosidl_generator_c.dir/build
[11.103s] gmake[6]: Entering directory '/micro_ros_ws/firmware/mcu_ws/build/rosgraph_msgs'
[11.187s] [  8%] [32mBuilding C object CMakeFiles/rosgraph_msgs__rosidl_generator_c.dir/rosidl_generator_c/rosgraph_msgs/msg/detail/clock__functions.c.obj[0m
[11.191s] /micro_ros_ws/firmware/toolchain/espressif/tools/xtensa-esp32-elf/esp-2020r2-8.2.0/xtensa-esp32-elf/bin/xtensa-esp32-elf-gcc -DLWIP_IPV4 -DLWIP_IPV6 -DROS_PACKAGE_NAME=\"rosgraph_msgs\" -I/micro_ros_ws/firmware/freertos_apps/microros_esp32_extensions/build/config -I/micro_ros_ws/firmware/toolchain/esp-idf/components/newlib/platform_include -I/micro_ros_ws/firmware/toolchain/esp-idf/components/protocomm/include -I/micro_ros_ws/firmware/toolchain/esp-idf/components/esp_rom/include -I/micro_ros_ws/firmware/toolchain/esp-idf/components/driver/include -I/micro_ros_ws/firmware/toolchain/esp-idf/components/wear_levelling/include -I/micro_ros_ws/firmware/toolchain/esp-idf/components/vfs/include -I/micro_ros_ws/firmware/toolchain/esp-idf/components/log/include -I/micro_ros_ws/firmware/toolchain/esp-idf/components/freertos/include -I/micro_ros_ws/firmware/toolchain/esp-idf/components/wifi_provisioning/include -I/micro_ros_ws/firmware/toolchain/esp-idf/components/pthread/include -I/micro_ros_ws/firmware/toolchain/esp-idf/components/libsodium/libsodium/src/libsodium/include -I/micro_ros_ws/firmware/toolchain/esp-idf/components/coap/port/include -I/micro_ros_ws/firmware/toolchain/esp-idf/components/coap/libcoap/include -I/micro_ros_ws/firmware/toolchain/esp-idf/components/tcp_transport/include -I/micro_ros_ws/firmware/toolchain/esp-idf/components/unity/include -I/micro_ros_ws/firmware/toolchain/esp-idf/components/esp32/include -I/micro_ros_ws/firmware/toolchain/esp-idf/components/asio/port/include -I/micro_ros_ws/firmware/toolchain/esp-idf/components/asio/asio/asio/include -I/micro_ros_ws/firmware/toolchain/esp-idf/components/app_update/include -I/micro_ros_ws/firmware/toolchain/esp-idf/components/esp_ringbuf/include -I/micro_ros_ws/firmware/toolchain/esp-idf/components/soc/esp32/include -I/micro_ros_ws/firmware/toolchain/esp-idf/components/soc/include -I/micro_ros_ws/firmware/toolchain/esp-idf/components/efuse/test/include -I/micro_ros_ws/firmware/toolchain/esp-idf/components/efuse/esp32/include -I/micro_ros_ws/firmware/toolchain/esp-idf/components/efuse/include -I/micro_ros_ws/firmware/toolchain/esp-idf/components/mbedtls/port/include -I/micro_ros_ws/firmware/toolchain/esp-idf/components/mbedtls/mbedtls/include -I/micro_ros_ws/firmware/toolchain/esp-idf/components/xtensa/esp32/include -I/micro_ros_ws/firmware/toolchain/esp-idf/components/xtensa/include -I/micro_ros_ws/firmware/toolchain/esp-idf/components/app_trace/include -I/micro_ros_ws/firmware/toolchain/esp-idf/components/nvs_flash/include -I/micro_ros_ws/firmware/toolchain/esp-idf/components/jsmn/include -I/micro_ros_ws/firmware/toolchain/esp-idf/components/esp_eth/include -I/micro_ros_ws/firmware/toolchain/esp-idf/components/spiffs/include -I/micro_ros_ws/firmware/toolchain/esp-idf/components/ulp/include -I/micro_ros_ws/firmware/toolchain/esp-idf/components/mdns/include -I/micro_ros_ws/firmware/toolchain/esp-idf/components/freemodbus/modbus/include -I/micro_ros_ws/firmware/toolchain/esp-idf/components/freemodbus/common/include -I/micro_ros_ws/firmware/toolchain/esp-idf/components/esp_event/include -I/micro_ros_ws/firmware/toolchain/esp-idf/components/expat/port/include -I/micro_ros_ws/firmware/toolchain/esp-idf/components/bootloader_support/include -I/micro_ros_ws/firmware/toolchain/esp-idf/components/heap/include -I/micro_ros_ws/firmware/toolchain/esp-idf/components/wpa_supplicant/port/include -I/micro_ros_ws/firmware/toolchain/esp-idf/components/wpa_supplicant/include -I/micro_ros_ws/firmware/toolchain/esp-idf/components/tcpip_adapter/include -I/micro_ros_ws/firmware/toolchain/esp-idf/components/openssl/include -I/micro_ros_ws/firmware/toolchain/esp-idf/components/sdmmc/include -I/micro_ros_ws/firmware/toolchain/esp-idf/components/esp_local_ctrl/include -I/micro_ros_ws/firmware/toolchain/esp-idf/components/esp_common/include -I/micro_ros_ws/firmware/toolchain/esp-idf/components/lwip/lwip/src/include/lwip/apps -I/micro_ros_ws/firmware/toolchain/esp-idf/components/lwip/lwip/src/include/compat/posix -I/micro_ros_ws/firmware/toolchain/esp-idf/components/lwip/lwip/src/include -I/micro_ros_ws/firmware/toolchain/esp-idf/components/lwip/port/esp32/include -I/micro_ros_ws/firmware/mcu_ws/build/rosgraph_msgs/rosidl_generator_c -isystem /micro_ros_ws/firmware/mcu_ws/install/include/builtin_interfaces -isystem /micro_ros_ws/firmware/mcu_ws/install/include/rosidl_runtime_c -isystem /micro_ros_ws/firmware/mcu_ws/install/include/rcutils -isystem /micro_ros_ws/firmware/mcu_ws/install/include/rosidl_typesupport_interface -mlongcalls -Wno-frame-address -mlongcalls -Wno-frame-address -g -Wall -std=gnu11 -MD -MT CMakeFiles/rosgraph_msgs__rosidl_generator_c.dir/rosidl_generator_c/rosgraph_msgs/msg/detail/clock__functions.c.obj -MF CMakeFiles/rosgraph_msgs__rosidl_generator_c.dir/rosidl_generator_c/rosgraph_msgs/msg/detail/clock__functions.c.obj.d -o CMakeFiles/rosgraph_msgs__rosidl_generator_c.dir/rosidl_generator_c/rosgraph_msgs/msg/detail/clock__functions.c.obj -c /micro_ros_ws/firmware/mcu_ws/build/rosgraph_msgs/rosidl_generator_c/rosgraph_msgs/msg/detail/clock__functions.c
[15.031s] [ 16%] [32m[1mLinking C static library librosgraph_msgs__rosidl_generator_c.a[0m
[15.032s] /usr/bin/cmake -P CMakeFiles/rosgraph_msgs__rosidl_generator_c.dir/cmake_clean_target.cmake
[15.145s] /usr/bin/cmake -E cmake_link_script CMakeFiles/rosgraph_msgs__rosidl_generator_c.dir/link.txt --verbose=1
[15.249s] /micro_ros_ws/firmware/toolchain/espressif/tools/xtensa-esp32-elf/esp-2020r2-8.2.0/xtensa-esp32-elf/bin/xtensa-esp32-elf-ar qc librosgraph_msgs__rosidl_generator_c.a CMakeFiles/rosgraph_msgs__rosidl_generator_c.dir/rosidl_generator_c/rosgraph_msgs/msg/detail/clock__functions.c.obj
[15.303s] /micro_ros_ws/firmware/toolchain/espressif/tools/xtensa-esp32-elf/esp-2020r2-8.2.0/xtensa-esp32-elf/bin/xtensa-esp32-elf-ranlib librosgraph_msgs__rosidl_generator_c.a
[15.355s] gmake[6]: Leaving directory '/micro_ros_ws/firmware/mcu_ws/build/rosgraph_msgs'
[15.494s] [ 25%] Built target rosgraph_msgs__rosidl_generator_c
[15.495s] /usr/bin/gmake  -f CMakeFiles/rosgraph_msgs__rosidl_typesupport_microxrcedds_c.dir/build.make CMakeFiles/rosgraph_msgs__rosidl_typesupport_microxrcedds_c.dir/depend
[15.497s] /usr/bin/gmake  -f CMakeFiles/rosgraph_msgs__rosidl_typesupport_introspection_c.dir/build.make CMakeFiles/rosgraph_msgs__rosidl_typesupport_introspection_c.dir/depend
[15.498s] /usr/bin/gmake  -f CMakeFiles/rosgraph_msgs__rosidl_typesupport_c.dir/build.make CMakeFiles/rosgraph_msgs__rosidl_typesupport_c.dir/depend
[15.557s] gmake[6]: Entering directory '/micro_ros_ws/firmware/mcu_ws/build/rosgraph_msgs'
[15.559s] cd /micro_ros_ws/firmware/mcu_ws/build/rosgraph_msgs && /usr/bin/cmake -E cmake_depends "Unix Makefiles" /micro_ros_ws/firmware/mcu_ws/ros2/rcl_interfaces/rosgraph_msgs /micro_ros_ws/firmware/mcu_ws/ros2/rcl_interfaces/rosgraph_msgs /micro_ros_ws/firmware/mcu_ws/build/rosgraph_msgs /micro_ros_ws/firmware/mcu_ws/build/rosgraph_msgs /micro_ros_ws/firmware/mcu_ws/build/rosgraph_msgs/CMakeFiles/rosgraph_msgs__rosidl_typesupport_c.dir/DependInfo.cmake --color=
[15.560s] gmake[6]: Entering directory '/micro_ros_ws/firmware/mcu_ws/build/rosgraph_msgs'
[15.561s] cd /micro_ros_ws/firmware/mcu_ws/build/rosgraph_msgs && /usr/bin/cmake -E cmake_depends "Unix Makefiles" /micro_ros_ws/firmware/mcu_ws/ros2/rcl_interfaces/rosgraph_msgs /micro_ros_ws/firmware/mcu_ws/ros2/rcl_interfaces/rosgraph_msgs /micro_ros_ws/firmware/mcu_ws/build/rosgraph_msgs /micro_ros_ws/firmware/mcu_ws/build/rosgraph_msgs /micro_ros_ws/firmware/mcu_ws/build/rosgraph_msgs/CMakeFiles/rosgraph_msgs__rosidl_typesupport_microxrcedds_c.dir/DependInfo.cmake --color=
[15.563s] gmake[6]: Entering directory '/micro_ros_ws/firmware/mcu_ws/build/rosgraph_msgs'
[15.564s] cd /micro_ros_ws/firmware/mcu_ws/build/rosgraph_msgs && /usr/bin/cmake -E cmake_depends "Unix Makefiles" /micro_ros_ws/firmware/mcu_ws/ros2/rcl_interfaces/rosgraph_msgs /micro_ros_ws/firmware/mcu_ws/ros2/rcl_interfaces/rosgraph_msgs /micro_ros_ws/firmware/mcu_ws/build/rosgraph_msgs /micro_ros_ws/firmware/mcu_ws/build/rosgraph_msgs /micro_ros_ws/firmware/mcu_ws/build/rosgraph_msgs/CMakeFiles/rosgraph_msgs__rosidl_typesupport_introspection_c.dir/DependInfo.cmake --color=
[15.729s] Dependencies file "CMakeFiles/rosgraph_msgs__rosidl_typesupport_c.dir/rosidl_typesupport_c/rosgraph_msgs/msg/clock__type_support.cpp.obj.d" is newer than depends file "/micro_ros_ws/firmware/mcu_ws/build/rosgraph_msgs/CMakeFiles/rosgraph_msgs__rosidl_typesupport_c.dir/compiler_depend.internal".
[15.731s] [35m[1mConsolidate compiler generated dependencies of target rosgraph_msgs__rosidl_typesupport_c[0m
[15.733s] Dependencies file "CMakeFiles/rosgraph_msgs__rosidl_typesupport_introspection_c.dir/rosidl_typesupport_introspection_c/rosgraph_msgs/msg/detail/clock__type_support.c.obj.d" is newer than depends file "/micro_ros_ws/firmware/mcu_ws/build/rosgraph_msgs/CMakeFiles/rosgraph_msgs__rosidl_typesupport_introspection_c.dir/compiler_depend.internal".
[15.735s] Dependencies file "CMakeFiles/rosgraph_msgs__rosidl_typesupport_microxrcedds_c.dir/rosidl_typesupport_microxrcedds_c/rosgraph_msgs/msg/detail/microxrcedds/clock__type_support_c.c.obj.d" is newer than depends file "/micro_ros_ws/firmware/mcu_ws/build/rosgraph_msgs/CMakeFiles/rosgraph_msgs__rosidl_typesupport_microxrcedds_c.dir/compiler_depend.internal".
[15.737s] [35m[1mConsolidate compiler generated dependencies of target rosgraph_msgs__rosidl_typesupport_introspection_c[0m
[15.738s] [35m[1mConsolidate compiler generated dependencies of target rosgraph_msgs__rosidl_typesupport_microxrcedds_c[0m
[15.779s] gmake[6]: Leaving directory '/micro_ros_ws/firmware/mcu_ws/build/rosgraph_msgs'
[15.780s] /usr/bin/gmake  -f CMakeFiles/rosgraph_msgs__rosidl_typesupport_c.dir/build.make CMakeFiles/rosgraph_msgs__rosidl_typesupport_c.dir/build
[15.803s] gmake[6]: Leaving directory '/micro_ros_ws/firmware/mcu_ws/build/rosgraph_msgs'
[15.804s] /usr/bin/gmake  -f CMakeFiles/rosgraph_msgs__rosidl_typesupport_introspection_c.dir/build.make CMakeFiles/rosgraph_msgs__rosidl_typesupport_introspection_c.dir/build
[15.820s] gmake[6]: Leaving directory '/micro_ros_ws/firmware/mcu_ws/build/rosgraph_msgs'
[15.821s] /usr/bin/gmake  -f CMakeFiles/rosgraph_msgs__rosidl_typesupport_microxrcedds_c.dir/build.make CMakeFiles/rosgraph_msgs__rosidl_typesupport_microxrcedds_c.dir/build
[15.885s] gmake[6]: Entering directory '/micro_ros_ws/firmware/mcu_ws/build/rosgraph_msgs'
[15.886s] gmake[6]: Nothing to be done for 'CMakeFiles/rosgraph_msgs__rosidl_typesupport_c.dir/build'.
[15.888s] gmake[6]: Leaving directory '/micro_ros_ws/firmware/mcu_ws/build/rosgraph_msgs'
[15.929s] gmake[6]: Entering directory '/micro_ros_ws/firmware/mcu_ws/build/rosgraph_msgs'
[15.931s] gmake[6]: Nothing to be done for 'CMakeFiles/rosgraph_msgs__rosidl_typesupport_introspection_c.dir/build'.
[15.932s] gmake[6]: Leaving directory '/micro_ros_ws/firmware/mcu_ws/build/rosgraph_msgs'
[15.970s] gmake[6]: Entering directory '/micro_ros_ws/firmware/mcu_ws/build/rosgraph_msgs'
[15.972s] gmake[6]: Nothing to be done for 'CMakeFiles/rosgraph_msgs__rosidl_typesupport_microxrcedds_c.dir/build'.
[15.973s] gmake[6]: Leaving directory '/micro_ros_ws/firmware/mcu_ws/build/rosgraph_msgs'
[16.042s] [ 50%] Built target rosgraph_msgs__rosidl_typesupport_c
[16.084s] [ 75%] Built target rosgraph_msgs__rosidl_typesupport_introspection_c
[16.122s] [100%] Built target rosgraph_msgs__rosidl_typesupport_microxrcedds_c
[16.124s] /usr/bin/gmake  -f CMakeFiles/rosgraph_msgs.dir/build.make CMakeFiles/rosgraph_msgs.dir/depend
[16.167s] gmake[6]: Entering directory '/micro_ros_ws/firmware/mcu_ws/build/rosgraph_msgs'
[16.169s] cd /micro_ros_ws/firmware/mcu_ws/build/rosgraph_msgs && /usr/bin/cmake -E cmake_depends "Unix Makefiles" /micro_ros_ws/firmware/mcu_ws/ros2/rcl_interfaces/rosgraph_msgs /micro_ros_ws/firmware/mcu_ws/ros2/rcl_interfaces/rosgraph_msgs /micro_ros_ws/firmware/mcu_ws/build/rosgraph_msgs /micro_ros_ws/firmware/mcu_ws/build/rosgraph_msgs /micro_ros_ws/firmware/mcu_ws/build/rosgraph_msgs/CMakeFiles/rosgraph_msgs.dir/DependInfo.cmake --color=
[16.322s] gmake[6]: Leaving directory '/micro_ros_ws/firmware/mcu_ws/build/rosgraph_msgs'
[16.324s] /usr/bin/gmake  -f CMakeFiles/rosgraph_msgs.dir/build.make CMakeFiles/rosgraph_msgs.dir/build
[16.370s] gmake[6]: Entering directory '/micro_ros_ws/firmware/mcu_ws/build/rosgraph_msgs'
[16.371s] gmake[6]: Nothing to be done for 'CMakeFiles/rosgraph_msgs.dir/build'.
[16.373s] gmake[6]: Leaving directory '/micro_ros_ws/firmware/mcu_ws/build/rosgraph_msgs'
[16.527s] [100%] Built target rosgraph_msgs
[16.529s] gmake[5]: Leaving directory '/micro_ros_ws/firmware/mcu_ws/build/rosgraph_msgs'
[16.530s] /usr/bin/cmake -E cmake_progress_start /micro_ros_ws/firmware/mcu_ws/build/rosgraph_msgs/CMakeFiles 0
[16.678s] gmake[4]: Leaving directory '/micro_ros_ws/firmware/mcu_ws/build/rosgraph_msgs'
[16.681s] Invoked command in '/micro_ros_ws/firmware/mcu_ws/build/rosgraph_msgs' returned '0': AMENT_PREFIX_PATH=/micro_ros_ws/firmware/mcu_ws/install:${AMENT_PREFIX_PATH} CMAKE_PREFIX_PATH=/micro_ros_ws/firmware/mcu_ws/install:/micro_ros_ws/firmware/dev_ws/install/ament_lint_common:/micro_ros_ws/firmware/dev_ws/install/ament_cmake_uncrustify:/micro_ros_ws/firmware/dev_ws/install/uncrustify_vendor:/micro_ros_ws/firmware/dev_ws/install/ament_cmake_ros:/micro_ros_ws/firmware/dev_ws/install/ament_cmake_auto:/micro_ros_ws/firmware/dev_ws/install/ament_cmake_gmock:/micro_ros_ws/firmware/dev_ws/install/gmock_vendor:/micro_ros_ws/firmware/dev_ws/install/ament_cmake_gtest:/micro_ros_ws/firmware/dev_ws/install/gtest_vendor:/micro_ros_ws/firmware/dev_ws/install/ament_cmake_xmllint:/micro_ros_ws/firmware/dev_ws/install/ament_cmake_pyflakes:/micro_ros_ws/firmware/dev_ws/install/ament_cmake_pycodestyle:/micro_ros_ws/firmware/dev_ws/install/ament_cmake_pep257:/micro_ros_ws/firmware/dev_ws/install/ament_cmake_pclint:/micro_ros_ws/firmware/dev_ws/install/ament_lint_auto:/micro_ros_ws/firmware/dev_ws/install/ament_cmake:/micro_ros_ws/firmware/dev_ws/install/ament_cmake_version:/micro_ros_ws/firmware/dev_ws/install/ament_cmake_vendor_package:/micro_ros_ws/firmware/dev_ws/install/ament_cmake_pytest:/micro_ros_ws/firmware/dev_ws/install/ament_cmake_nose:/micro_ros_ws/firmware/dev_ws/install/ament_cmake_mypy:/micro_ros_ws/firmware/dev_ws/install/ament_cmake_lint_cmake:/micro_ros_ws/firmware/dev_ws/install/ament_cmake_google_benchmark:/micro_ros_ws/firmware/dev_ws/install/ament_cmake_flake8:/micro_ros_ws/firmware/dev_ws/install/ament_cmake_cpplint:/micro_ros_ws/firmware/dev_ws/install/ament_cmake_cppcheck:/micro_ros_ws/firmware/dev_ws/install/ament_cmake_copyright:/micro_ros_ws/firmware/dev_ws/install/ament_cmake_clang_tidy:/micro_ros_ws/firmware/dev_ws/install/ament_cmake_clang_format:/micro_ros_ws/firmware/dev_ws/install/ament_cmake_test:/micro_ros_ws/firmware/dev_ws/install/ament_cmake_target_dependencies:/micro_ros_ws/firmware/dev_ws/install/ament_cmake_python:/micro_ros_ws/firmware/dev_ws/install/ament_cmake_export_dependencies:/micro_ros_ws/firmware/dev_ws/install/ament_cmake_libraries:/micro_ros_ws/firmware/dev_ws/install/ament_cmake_include_directories:/micro_ros_ws/firmware/dev_ws/install/ament_cmake_gen_version_h:/micro_ros_ws/firmware/dev_ws/install/ament_cmake_export_targets:/micro_ros_ws/firmware/dev_ws/install/ament_cmake_export_link_flags:/micro_ros_ws/firmware/dev_ws/install/ament_cmake_export_interfaces:/micro_ros_ws/firmware/dev_ws/install/ament_cmake_export_libraries:/micro_ros_ws/firmware/dev_ws/install/ament_cmake_export_include_directories:/micro_ros_ws/firmware/dev_ws/install/ament_cmake_export_definitions:/micro_ros_ws/firmware/dev_ws/install/ament_cmake_core:/micro_ros_ws/firmware/dev_ws/install/ament_index_cpp:/micro_ros_ws/firmware/dev_ws/install/ament_uncrustify:/micro_ros_ws/firmware/dev_ws/install/domain_coordinator:/micro_ros_ws/firmware/dev_ws/install/ament_xmllint:/micro_ros_ws/firmware/dev_ws/install/ament_pyflakes:/micro_ros_ws/firmware/dev_ws/install/ament_pycodestyle:/micro_ros_ws/firmware/dev_ws/install/ament_pep257:/micro_ros_ws/firmware/dev_ws/install/ament_pclint:/micro_ros_ws/firmware/dev_ws/install/ament_package:/micro_ros_ws/firmware/dev_ws/install/ament_mypy:/micro_ros_ws/firmware/dev_ws/install/ament_lint_cmake:/micro_ros_ws/firmware/dev_ws/install/ament_flake8:/micro_ros_ws/firmware/dev_ws/install/ament_copyright:/micro_ros_ws/firmware/dev_ws/install/ament_lint:/micro_ros_ws/firmware/dev_ws/install/ament_index_python:/micro_ros_ws/firmware/dev_ws/install/ament_cpplint:/micro_ros_ws/firmware/dev_ws/install/ament_cppcheck:/micro_ros_ws/firmware/dev_ws/install/ament_clang_tidy:/micro_ros_ws/firmware/dev_ws/install/ament_clang_format LD_LIBRARY_PATH=/micro_ros_ws/firmware/mcu_ws/install/lib:${LD_LIBRARY_PATH} PATH=/micro_ros_ws/firmware/mcu_ws/install/bin:${PATH} PYTHONPATH=/micro_ros_ws/firmware/mcu_ws/install/lib/python3.10/site-packages:${PYTHONPATH} /usr/bin/cmake --build /micro_ros_ws/firmware/mcu_ws/build/rosgraph_msgs -- -j12 -l12
[16.698s] Invoking command in '/micro_ros_ws/firmware/mcu_ws/build/rosgraph_msgs': AMENT_PREFIX_PATH=/micro_ros_ws/firmware/mcu_ws/install:${AMENT_PREFIX_PATH} CMAKE_PREFIX_PATH=/micro_ros_ws/firmware/mcu_ws/install:/micro_ros_ws/firmware/dev_ws/install/ament_lint_common:/micro_ros_ws/firmware/dev_ws/install/ament_cmake_uncrustify:/micro_ros_ws/firmware/dev_ws/install/uncrustify_vendor:/micro_ros_ws/firmware/dev_ws/install/ament_cmake_ros:/micro_ros_ws/firmware/dev_ws/install/ament_cmake_auto:/micro_ros_ws/firmware/dev_ws/install/ament_cmake_gmock:/micro_ros_ws/firmware/dev_ws/install/gmock_vendor:/micro_ros_ws/firmware/dev_ws/install/ament_cmake_gtest:/micro_ros_ws/firmware/dev_ws/install/gtest_vendor:/micro_ros_ws/firmware/dev_ws/install/ament_cmake_xmllint:/micro_ros_ws/firmware/dev_ws/install/ament_cmake_pyflakes:/micro_ros_ws/firmware/dev_ws/install/ament_cmake_pycodestyle:/micro_ros_ws/firmware/dev_ws/install/ament_cmake_pep257:/micro_ros_ws/firmware/dev_ws/install/ament_cmake_pclint:/micro_ros_ws/firmware/dev_ws/install/ament_lint_auto:/micro_ros_ws/firmware/dev_ws/install/ament_cmake:/micro_ros_ws/firmware/dev_ws/install/ament_cmake_version:/micro_ros_ws/firmware/dev_ws/install/ament_cmake_vendor_package:/micro_ros_ws/firmware/dev_ws/install/ament_cmake_pytest:/micro_ros_ws/firmware/dev_ws/install/ament_cmake_nose:/micro_ros_ws/firmware/dev_ws/install/ament_cmake_mypy:/micro_ros_ws/firmware/dev_ws/install/ament_cmake_lint_cmake:/micro_ros_ws/firmware/dev_ws/install/ament_cmake_google_benchmark:/micro_ros_ws/firmware/dev_ws/install/ament_cmake_flake8:/micro_ros_ws/firmware/dev_ws/install/ament_cmake_cpplint:/micro_ros_ws/firmware/dev_ws/install/ament_cmake_cppcheck:/micro_ros_ws/firmware/dev_ws/install/ament_cmake_copyright:/micro_ros_ws/firmware/dev_ws/install/ament_cmake_clang_tidy:/micro_ros_ws/firmware/dev_ws/install/ament_cmake_clang_format:/micro_ros_ws/firmware/dev_ws/install/ament_cmake_test:/micro_ros_ws/firmware/dev_ws/install/ament_cmake_target_dependencies:/micro_ros_ws/firmware/dev_ws/install/ament_cmake_python:/micro_ros_ws/firmware/dev_ws/install/ament_cmake_export_dependencies:/micro_ros_ws/firmware/dev_ws/install/ament_cmake_libraries:/micro_ros_ws/firmware/dev_ws/install/ament_cmake_include_directories:/micro_ros_ws/firmware/dev_ws/install/ament_cmake_gen_version_h:/micro_ros_ws/firmware/dev_ws/install/ament_cmake_export_targets:/micro_ros_ws/firmware/dev_ws/install/ament_cmake_export_link_flags:/micro_ros_ws/firmware/dev_ws/install/ament_cmake_export_interfaces:/micro_ros_ws/firmware/dev_ws/install/ament_cmake_export_libraries:/micro_ros_ws/firmware/dev_ws/install/ament_cmake_export_include_directories:/micro_ros_ws/firmware/dev_ws/install/ament_cmake_export_definitions:/micro_ros_ws/firmware/dev_ws/install/ament_cmake_core:/micro_ros_ws/firmware/dev_ws/install/ament_index_cpp:/micro_ros_ws/firmware/dev_ws/install/ament_uncrustify:/micro_ros_ws/firmware/dev_ws/install/domain_coordinator:/micro_ros_ws/firmware/dev_ws/install/ament_xmllint:/micro_ros_ws/firmware/dev_ws/install/ament_pyflakes:/micro_ros_ws/firmware/dev_ws/install/ament_pycodestyle:/micro_ros_ws/firmware/dev_ws/install/ament_pep257:/micro_ros_ws/firmware/dev_ws/install/ament_pclint:/micro_ros_ws/firmware/dev_ws/install/ament_package:/micro_ros_ws/firmware/dev_ws/install/ament_mypy:/micro_ros_ws/firmware/dev_ws/install/ament_lint_cmake:/micro_ros_ws/firmware/dev_ws/install/ament_flake8:/micro_ros_ws/firmware/dev_ws/install/ament_copyright:/micro_ros_ws/firmware/dev_ws/install/ament_lint:/micro_ros_ws/firmware/dev_ws/install/ament_index_python:/micro_ros_ws/firmware/dev_ws/install/ament_cpplint:/micro_ros_ws/firmware/dev_ws/install/ament_cppcheck:/micro_ros_ws/firmware/dev_ws/install/ament_clang_tidy:/micro_ros_ws/firmware/dev_ws/install/ament_clang_format LD_LIBRARY_PATH=/micro_ros_ws/firmware/mcu_ws/install/lib:${LD_LIBRARY_PATH} PATH=/micro_ros_ws/firmware/mcu_ws/install/bin:${PATH} PYTHONPATH=/micro_ros_ws/firmware/mcu_ws/install/lib/python3.10/site-packages:${PYTHONPATH} /usr/bin/cmake --install /micro_ros_ws/firmware/mcu_ws/build/rosgraph_msgs
[16.818s] -- Install configuration: "Debug"
[16.832s] -- Up-to-date: /micro_ros_ws/firmware/mcu_ws/install/share/ament_index/resource_index/rosidl_interfaces/rosgraph_msgs
[16.839s] -- Up-to-date: /micro_ros_ws/firmware/mcu_ws/install/include/rosgraph_msgs/rosgraph_msgs
[16.851s] -- Up-to-date: /micro_ros_ws/firmware/mcu_ws/install/include/rosgraph_msgs/rosgraph_msgs/msg
[16.868s] -- Up-to-date: /micro_ros_ws/firmware/mcu_ws/install/include/rosgraph_msgs/rosgraph_msgs/msg/clock.h
[16.876s] -- Up-to-date: /micro_ros_ws/firmware/mcu_ws/install/include/rosgraph_msgs/rosgraph_msgs/msg/detail
[16.893s] -- Up-to-date: /micro_ros_ws/firmware/mcu_ws/install/include/rosgraph_msgs/rosgraph_msgs/msg/detail/clock__functions.c
[16.906s] -- Up-to-date: /micro_ros_ws/firmware/mcu_ws/install/include/rosgraph_msgs/rosgraph_msgs/msg/detail/clock__functions.h
[16.918s] -- Up-to-date: /micro_ros_ws/firmware/mcu_ws/install/include/rosgraph_msgs/rosgraph_msgs/msg/detail/clock__struct.h
[16.931s] -- Up-to-date: /micro_ros_ws/firmware/mcu_ws/install/include/rosgraph_msgs/rosgraph_msgs/msg/detail/clock__type_support.h
[16.942s] -- Up-to-date: /micro_ros_ws/firmware/mcu_ws/install/include/rosgraph_msgs/rosgraph_msgs/msg/rosidl_generator_c__visibility_control.h
[16.959s] -- Up-to-date: /micro_ros_ws/firmware/mcu_ws/install/share/rosgraph_msgs/environment/library_path.sh
[16.971s] -- Installing: /micro_ros_ws/firmware/mcu_ws/install/share/rosgraph_msgs/environment/library_path.dsv
[17.002s] -- Installing: /micro_ros_ws/firmware/mcu_ws/install/lib/librosgraph_msgs__rosidl_generator_c.a
[17.028s] -- Up-to-date: /micro_ros_ws/firmware/mcu_ws/install/include/rosgraph_msgs/rosgraph_msgs
[17.039s] -- Up-to-date: /micro_ros_ws/firmware/mcu_ws/install/include/rosgraph_msgs/rosgraph_msgs/msg
[17.053s] -- Up-to-date: /micro_ros_ws/firmware/mcu_ws/install/include/rosgraph_msgs/rosgraph_msgs/msg/detail
[17.071s] -- Up-to-date: /micro_ros_ws/firmware/mcu_ws/install/include/rosgraph_msgs/rosgraph_msgs/msg/detail/clock__rosidl_typesupport_introspection_c.h
[17.084s] -- Up-to-date: /micro_ros_ws/firmware/mcu_ws/install/include/rosgraph_msgs/rosgraph_msgs/msg/detail/clock__type_support.c
[17.096s] -- Up-to-date: /micro_ros_ws/firmware/mcu_ws/install/include/rosgraph_msgs/rosgraph_msgs/msg/rosidl_typesupport_introspection_c__visibility_control.h
[17.106s] -- Up-to-date: /micro_ros_ws/firmware/mcu_ws/install/lib/librosgraph_msgs__rosidl_typesupport_introspection_c.a
[17.112s] -- Up-to-date: /micro_ros_ws/firmware/mcu_ws/install/include/rosgraph_msgs/rosgraph_msgs
[17.123s] -- Up-to-date: /micro_ros_ws/firmware/mcu_ws/install/include/rosgraph_msgs/rosgraph_msgs/msg
[17.135s] -- Up-to-date: /micro_ros_ws/firmware/mcu_ws/install/include/rosgraph_msgs/rosgraph_msgs/msg/detail
[17.152s] -- Up-to-date: /micro_ros_ws/firmware/mcu_ws/install/include/rosgraph_msgs/rosgraph_msgs/msg/detail/clock__rosidl_typesupport_microxrcedds_c.h
[17.161s] -- Up-to-date: /micro_ros_ws/firmware/mcu_ws/install/include/rosgraph_msgs/rosgraph_msgs/msg/detail/microxrcedds
[17.177s] -- Up-to-date: /micro_ros_ws/firmware/mcu_ws/install/include/rosgraph_msgs/rosgraph_msgs/msg/rosidl_typesupport_microxrcedds_c__visibility_control.h
[17.187s] -- Up-to-date: /micro_ros_ws/firmware/mcu_ws/install/lib/librosgraph_msgs__rosidl_typesupport_microxrcedds_c.a
[17.195s] -- Up-to-date: /micro_ros_ws/firmware/mcu_ws/install/lib/librosgraph_msgs__rosidl_typesupport_c.a
[17.208s] -- Up-to-date: /micro_ros_ws/firmware/mcu_ws/install/share/rosgraph_msgs/msg/Clock.idl
[17.220s] -- Up-to-date: /micro_ros_ws/firmware/mcu_ws/install/share/rosgraph_msgs/msg/Clock.msg
[17.235s] -- Up-to-date: /micro_ros_ws/firmware/mcu_ws/install/share/ament_index/resource_index/package_run_dependencies/rosgraph_msgs
[17.252s] -- Up-to-date: /micro_ros_ws/firmware/mcu_ws/install/share/ament_index/resource_index/parent_prefix_path/rosgraph_msgs
[17.269s] -- Up-to-date: /micro_ros_ws/firmware/mcu_ws/install/share/rosgraph_msgs/environment/ament_prefix_path.sh
[17.281s] -- Installing: /micro_ros_ws/firmware/mcu_ws/install/share/rosgraph_msgs/environment/ament_prefix_path.dsv
[17.318s] -- Up-to-date: /micro_ros_ws/firmware/mcu_ws/install/share/rosgraph_msgs/environment/path.sh
[17.329s] -- Installing: /micro_ros_ws/firmware/mcu_ws/install/share/rosgraph_msgs/environment/path.dsv
[17.369s] -- Up-to-date: /micro_ros_ws/firmware/mcu_ws/install/share/rosgraph_msgs/local_setup.bash
[17.381s] -- Up-to-date: /micro_ros_ws/firmware/mcu_ws/install/share/rosgraph_msgs/local_setup.sh
[17.391s] -- Up-to-date: /micro_ros_ws/firmware/mcu_ws/install/share/rosgraph_msgs/local_setup.zsh
[17.402s] -- Installing: /micro_ros_ws/firmware/mcu_ws/install/share/rosgraph_msgs/local_setup.dsv
[17.432s] -- Installing: /micro_ros_ws/firmware/mcu_ws/install/share/rosgraph_msgs/package.dsv
[17.468s] -- Up-to-date: /micro_ros_ws/firmware/mcu_ws/install/share/ament_index/resource_index/packages/rosgraph_msgs
[17.492s] -- Up-to-date: /micro_ros_ws/firmware/mcu_ws/install/share/rosgraph_msgs/cmake/export_rosgraph_msgs__rosidl_generator_cExport.cmake
[17.508s] -- Up-to-date: /micro_ros_ws/firmware/mcu_ws/install/share/rosgraph_msgs/cmake/export_rosgraph_msgs__rosidl_generator_cExport-debug.cmake
[17.531s] -- Up-to-date: /micro_ros_ws/firmware/mcu_ws/install/share/rosgraph_msgs/cmake/rosgraph_msgs__rosidl_typesupport_introspection_cExport.cmake
[17.548s] -- Up-to-date: /micro_ros_ws/firmware/mcu_ws/install/share/rosgraph_msgs/cmake/rosgraph_msgs__rosidl_typesupport_introspection_cExport-debug.cmake
[17.569s] -- Up-to-date: /micro_ros_ws/firmware/mcu_ws/install/share/rosgraph_msgs/cmake/rosgraph_msgs__rosidl_typesupport_cExport.cmake
[17.586s] -- Up-to-date: /micro_ros_ws/firmware/mcu_ws/install/share/rosgraph_msgs/cmake/rosgraph_msgs__rosidl_typesupport_cExport-debug.cmake
[17.600s] -- Up-to-date: /micro_ros_ws/firmware/mcu_ws/install/share/rosgraph_msgs/cmake/rosidl_cmake-extras.cmake
[17.614s] -- Up-to-date: /micro_ros_ws/firmware/mcu_ws/install/share/rosgraph_msgs/cmake/ament_cmake_export_dependencies-extras.cmake
[17.623s] -- Up-to-date: /micro_ros_ws/firmware/mcu_ws/install/share/rosgraph_msgs/cmake/ament_cmake_export_include_directories-extras.cmake
[17.635s] -- Up-to-date: /micro_ros_ws/firmware/mcu_ws/install/share/rosgraph_msgs/cmake/ament_cmake_export_libraries-extras.cmake
[17.648s] -- Up-to-date: /micro_ros_ws/firmware/mcu_ws/install/share/rosgraph_msgs/cmake/ament_cmake_export_targets-extras.cmake
[17.662s] -- Up-to-date: /micro_ros_ws/firmware/mcu_ws/install/share/rosgraph_msgs/cmake/rosidl_cmake_export_typesupport_targets-extras.cmake
[17.677s] -- Up-to-date: /micro_ros_ws/firmware/mcu_ws/install/share/rosgraph_msgs/cmake/rosidl_cmake_export_typesupport_libraries-extras.cmake
[17.688s] -- Up-to-date: /micro_ros_ws/firmware/mcu_ws/install/share/rosgraph_msgs/cmake/rosidl_cmake_aggregate_target-extras.cmake
[17.700s] -- Up-to-date: /micro_ros_ws/firmware/mcu_ws/install/share/rosgraph_msgs/cmake/rosgraph_msgsConfig.cmake
[17.709s] -- Up-to-date: /micro_ros_ws/firmware/mcu_ws/install/share/rosgraph_msgs/cmake/rosgraph_msgsConfig-version.cmake
[17.720s] -- Up-to-date: /micro_ros_ws/firmware/mcu_ws/install/share/rosgraph_msgs/package.xml
[17.728s] Invoked command in '/micro_ros_ws/firmware/mcu_ws/build/rosgraph_msgs' returned '0': AMENT_PREFIX_PATH=/micro_ros_ws/firmware/mcu_ws/install:${AMENT_PREFIX_PATH} CMAKE_PREFIX_PATH=/micro_ros_ws/firmware/mcu_ws/install:/micro_ros_ws/firmware/dev_ws/install/ament_lint_common:/micro_ros_ws/firmware/dev_ws/install/ament_cmake_uncrustify:/micro_ros_ws/firmware/dev_ws/install/uncrustify_vendor:/micro_ros_ws/firmware/dev_ws/install/ament_cmake_ros:/micro_ros_ws/firmware/dev_ws/install/ament_cmake_auto:/micro_ros_ws/firmware/dev_ws/install/ament_cmake_gmock:/micro_ros_ws/firmware/dev_ws/install/gmock_vendor:/micro_ros_ws/firmware/dev_ws/install/ament_cmake_gtest:/micro_ros_ws/firmware/dev_ws/install/gtest_vendor:/micro_ros_ws/firmware/dev_ws/install/ament_cmake_xmllint:/micro_ros_ws/firmware/dev_ws/install/ament_cmake_pyflakes:/micro_ros_ws/firmware/dev_ws/install/ament_cmake_pycodestyle:/micro_ros_ws/firmware/dev_ws/install/ament_cmake_pep257:/micro_ros_ws/firmware/dev_ws/install/ament_cmake_pclint:/micro_ros_ws/firmware/dev_ws/install/ament_lint_auto:/micro_ros_ws/firmware/dev_ws/install/ament_cmake:/micro_ros_ws/firmware/dev_ws/install/ament_cmake_version:/micro_ros_ws/firmware/dev_ws/install/ament_cmake_vendor_package:/micro_ros_ws/firmware/dev_ws/install/ament_cmake_pytest:/micro_ros_ws/firmware/dev_ws/install/ament_cmake_nose:/micro_ros_ws/firmware/dev_ws/install/ament_cmake_mypy:/micro_ros_ws/firmware/dev_ws/install/ament_cmake_lint_cmake:/micro_ros_ws/firmware/dev_ws/install/ament_cmake_google_benchmark:/micro_ros_ws/firmware/dev_ws/install/ament_cmake_flake8:/micro_ros_ws/firmware/dev_ws/install/ament_cmake_cpplint:/micro_ros_ws/firmware/dev_ws/install/ament_cmake_cppcheck:/micro_ros_ws/firmware/dev_ws/install/ament_cmake_copyright:/micro_ros_ws/firmware/dev_ws/install/ament_cmake_clang_tidy:/micro_ros_ws/firmware/dev_ws/install/ament_cmake_clang_format:/micro_ros_ws/firmware/dev_ws/install/ament_cmake_test:/micro_ros_ws/firmware/dev_ws/install/ament_cmake_target_dependencies:/micro_ros_ws/firmware/dev_ws/install/ament_cmake_python:/micro_ros_ws/firmware/dev_ws/install/ament_cmake_export_dependencies:/micro_ros_ws/firmware/dev_ws/install/ament_cmake_libraries:/micro_ros_ws/firmware/dev_ws/install/ament_cmake_include_directories:/micro_ros_ws/firmware/dev_ws/install/ament_cmake_gen_version_h:/micro_ros_ws/firmware/dev_ws/install/ament_cmake_export_targets:/micro_ros_ws/firmware/dev_ws/install/ament_cmake_export_link_flags:/micro_ros_ws/firmware/dev_ws/install/ament_cmake_export_interfaces:/micro_ros_ws/firmware/dev_ws/install/ament_cmake_export_libraries:/micro_ros_ws/firmware/dev_ws/install/ament_cmake_export_include_directories:/micro_ros_ws/firmware/dev_ws/install/ament_cmake_export_definitions:/micro_ros_ws/firmware/dev_ws/install/ament_cmake_core:/micro_ros_ws/firmware/dev_ws/install/ament_index_cpp:/micro_ros_ws/firmware/dev_ws/install/ament_uncrustify:/micro_ros_ws/firmware/dev_ws/install/domain_coordinator:/micro_ros_ws/firmware/dev_ws/install/ament_xmllint:/micro_ros_ws/firmware/dev_ws/install/ament_pyflakes:/micro_ros_ws/firmware/dev_ws/install/ament_pycodestyle:/micro_ros_ws/firmware/dev_ws/install/ament_pep257:/micro_ros_ws/firmware/dev_ws/install/ament_pclint:/micro_ros_ws/firmware/dev_ws/install/ament_package:/micro_ros_ws/firmware/dev_ws/install/ament_mypy:/micro_ros_ws/firmware/dev_ws/install/ament_lint_cmake:/micro_ros_ws/firmware/dev_ws/install/ament_flake8:/micro_ros_ws/firmware/dev_ws/install/ament_copyright:/micro_ros_ws/firmware/dev_ws/install/ament_lint:/micro_ros_ws/firmware/dev_ws/install/ament_index_python:/micro_ros_ws/firmware/dev_ws/install/ament_cpplint:/micro_ros_ws/firmware/dev_ws/install/ament_cppcheck:/micro_ros_ws/firmware/dev_ws/install/ament_clang_tidy:/micro_ros_ws/firmware/dev_ws/install/ament_clang_format LD_LIBRARY_PATH=/micro_ros_ws/firmware/mcu_ws/install/lib:${LD_LIBRARY_PATH} PATH=/micro_ros_ws/firmware/mcu_ws/install/bin:${PATH} PYTHONPATH=/micro_ros_ws/firmware/mcu_ws/install/lib/python3.10/site-packages:${PYTHONPATH} /usr/bin/cmake --install /micro_ros_ws/firmware/mcu_ws/build/rosgraph_msgs
